[0.218s] Invoking command in '/cc_ws/tros_ws/build/face_landmarks_detection': AMENT_PREFIX_PATH=/cc_ws/tros_ws/install:${AMENT_PREFIX_PATH} CMAKE_PREFIX_PATH=/cc_ws/tros_ws/install:/opt/ros/humble LD_LIBRARY_PATH=/cc_ws/tros_ws/install/lib:/opt/ros/humble/opt/rviz_ogre_vendor/lib:/opt/ros/humble/lib/aarch64-linux-gnu:/opt/ros/humble/lib:/cc_ws/userdata/hobot/opt/hobot/deps PYTHONPATH=/cc_ws/tros_ws/install/lib/python3.10/site-packages:/cc_ws/tros_ws/install/local/lib/python3.10/dist-packages:${PYTHONPATH} /usr/bin/cmake /cc_ws/tros_ws/src/box/hobot_perception/face_landmarks_detection -DCMAKE_EXPORT_COMPILE_COMMANDS=ON --no-warn-unused-cli -DCMAKE_TOOLCHAIN_FILE=/cc_ws/tros_ws/robot_dev_config/aarch64_toolchainfile.cmake -DPLATFORM_X5=ON -DTHIRDPARTY=ON -DBUILD_TESTING=OFF -DCMAKE_BUILD_RPATH=/cc_ws/tros_ws/build/poco_vendor/poco_external_project_install/lib/;/cc_ws/tros_ws/build/libyaml_vendor/libyaml_install/lib/ -DCMAKE_INSTALL_PREFIX=/cc_ws/tros_ws/install
[0.285s] Not searching for unused variables given on the command line.
[0.286s] -- Found ament_cmake: 1.3.8 (/opt/ros/humble/share/ament_cmake/cmake)
[0.286s] [0m=> build for platform X5[0m
[0.287s] [0m=> SYS_ROOT is /cc_ws/tros_ws/robot_dev_config/../../sysroot_docker[0m
[0.413s] [33mCMake Warning (dev) at /opt/ros/humble/share/ament_cmake_test/cmake/ament_cmake_test-extras.cmake:19 (option):
[0.414s]   Policy CMP0077 is not set: option() honors normal variables.  Run "cmake
[0.414s]   --help-policy CMP0077" for policy details.  Use the cmake_policy command to
[0.414s]   set the policy and suppress this warning.
[0.414s] 
[0.414s]   For compatibility with older versions of CMake, option is clearing the
[0.414s]   normal variable 'BUILD_TESTING'.
[0.414s] Call Stack (most recent call first):
[0.414s]   /opt/ros/humble/share/ament_cmake_test/cmake/ament_cmake_testConfig.cmake:41 (include)
[0.414s]   /opt/ros/humble/share/ament_cmake/cmake/ament_cmake_export_dependencies-extras.cmake:21 (find_package)
[0.415s]   /opt/ros/humble/share/ament_cmake/cmake/ament_cmakeConfig.cmake:41 (include)
[0.415s]   CMakeLists.txt:48 (find_package)
[0.415s] This warning is for project developers.  Use -Wno-dev to suppress it.
[0.415s] [0m
[0.432s] -- Found rclcpp: 16.0.8 (/opt/ros/humble/share/rclcpp/cmake)
[0.492s] -- Found rosidl_generator_c: 3.1.5 (/opt/ros/humble/share/rosidl_generator_c/cmake)
[0.497s] -- Found rosidl_adapter: 3.1.5 (/opt/ros/humble/share/rosidl_adapter/cmake)
[0.510s] -- Found rosidl_generator_cpp: 3.1.5 (/opt/ros/humble/share/rosidl_generator_cpp/cmake)
[0.533s] -- Using all available rosidl_typesupport_c: rosidl_typesupport_fastrtps_c;rosidl_typesupport_introspection_c
[0.568s] -- Using all available rosidl_typesupport_cpp: rosidl_typesupport_fastrtps_cpp;rosidl_typesupport_introspection_cpp
[0.707s] -- Found rmw_implementation_cmake: 6.1.1 (/opt/ros/humble/share/rmw_implementation_cmake/cmake)
[0.710s] -- Found rmw_fastrtps_cpp: 6.2.6 (/opt/ros/humble/share/rmw_fastrtps_cpp/cmake)
[0.956s] -- Using RMW implementation 'rmw_fastrtps_cpp' as default
[1.373s] -- Found sensor_msgs: 4.2.3 (/opt/ros/humble/share/sensor_msgs/cmake)
[1.816s] -- Found dnn_node: 2.5.4 (/cc_ws/tros_ws/robot_dev_config/../install/share/dnn_node/cmake)
[1.820s] -- Found ai_msgs: 2.0.1 (/cc_ws/tros_ws/robot_dev_config/../install/share/ai_msgs/cmake)
[2.031s] -- Found hbm_img_msgs: 2.0.0 (/cc_ws/tros_ws/robot_dev_config/../install/share/hbm_img_msgs/cmake)
[2.300s] -- Configuring done
[2.319s] -- Generating done
[2.322s] -- Build files have been written to: /cc_ws/tros_ws/build/face_landmarks_detection
[2.358s] Invoked command in '/cc_ws/tros_ws/build/face_landmarks_detection' returned '0': AMENT_PREFIX_PATH=/cc_ws/tros_ws/install:${AMENT_PREFIX_PATH} CMAKE_PREFIX_PATH=/cc_ws/tros_ws/install:/opt/ros/humble LD_LIBRARY_PATH=/cc_ws/tros_ws/install/lib:/opt/ros/humble/opt/rviz_ogre_vendor/lib:/opt/ros/humble/lib/aarch64-linux-gnu:/opt/ros/humble/lib:/cc_ws/userdata/hobot/opt/hobot/deps PYTHONPATH=/cc_ws/tros_ws/install/lib/python3.10/site-packages:/cc_ws/tros_ws/install/local/lib/python3.10/dist-packages:${PYTHONPATH} /usr/bin/cmake /cc_ws/tros_ws/src/box/hobot_perception/face_landmarks_detection -DCMAKE_EXPORT_COMPILE_COMMANDS=ON --no-warn-unused-cli -DCMAKE_TOOLCHAIN_FILE=/cc_ws/tros_ws/robot_dev_config/aarch64_toolchainfile.cmake -DPLATFORM_X5=ON -DTHIRDPARTY=ON -DBUILD_TESTING=OFF -DCMAKE_BUILD_RPATH=/cc_ws/tros_ws/build/poco_vendor/poco_external_project_install/lib/;/cc_ws/tros_ws/build/libyaml_vendor/libyaml_install/lib/ -DCMAKE_INSTALL_PREFIX=/cc_ws/tros_ws/install
[2.359s] Invoking command in '/cc_ws/tros_ws/build/face_landmarks_detection': AMENT_PREFIX_PATH=/cc_ws/tros_ws/install:${AMENT_PREFIX_PATH} CMAKE_PREFIX_PATH=/cc_ws/tros_ws/install:/opt/ros/humble LD_LIBRARY_PATH=/cc_ws/tros_ws/install/lib:/opt/ros/humble/opt/rviz_ogre_vendor/lib:/opt/ros/humble/lib/aarch64-linux-gnu:/opt/ros/humble/lib:/cc_ws/userdata/hobot/opt/hobot/deps PYTHONPATH=/cc_ws/tros_ws/install/lib/python3.10/site-packages:/cc_ws/tros_ws/install/local/lib/python3.10/dist-packages:${PYTHONPATH} /usr/bin/cmake --build /cc_ws/tros_ws/build/face_landmarks_detection -- -j12 -l12
[2.603s] [35m[1mConsolidate compiler generated dependencies of target face_landmarks_detection[0m
[2.662s] [100%] Built target face_landmarks_detection
[2.743s] Invoked command in '/cc_ws/tros_ws/build/face_landmarks_detection' returned '0': AMENT_PREFIX_PATH=/cc_ws/tros_ws/install:${AMENT_PREFIX_PATH} CMAKE_PREFIX_PATH=/cc_ws/tros_ws/install:/opt/ros/humble LD_LIBRARY_PATH=/cc_ws/tros_ws/install/lib:/opt/ros/humble/opt/rviz_ogre_vendor/lib:/opt/ros/humble/lib/aarch64-linux-gnu:/opt/ros/humble/lib:/cc_ws/userdata/hobot/opt/hobot/deps PYTHONPATH=/cc_ws/tros_ws/install/lib/python3.10/site-packages:/cc_ws/tros_ws/install/local/lib/python3.10/dist-packages:${PYTHONPATH} /usr/bin/cmake --build /cc_ws/tros_ws/build/face_landmarks_detection -- -j12 -l12
[3.219s] Invoking command in '/cc_ws/tros_ws/build/face_landmarks_detection': AMENT_PREFIX_PATH=/cc_ws/tros_ws/install:${AMENT_PREFIX_PATH} CMAKE_PREFIX_PATH=/cc_ws/tros_ws/install:/opt/ros/humble LD_LIBRARY_PATH=/cc_ws/tros_ws/install/lib:/opt/ros/humble/opt/rviz_ogre_vendor/lib:/opt/ros/humble/lib/aarch64-linux-gnu:/opt/ros/humble/lib:/cc_ws/userdata/hobot/opt/hobot/deps PYTHONPATH=/cc_ws/tros_ws/install/lib/python3.10/site-packages:/cc_ws/tros_ws/install/local/lib/python3.10/dist-packages:${PYTHONPATH} /usr/bin/cmake --install /cc_ws/tros_ws/build/face_landmarks_detection
[3.263s] -- Install configuration: ""
[3.270s] -- Up-to-date: /cc_ws/tros_ws/install/lib/face_landmarks_detection/face_landmarks_detection
[3.270s] -- Up-to-date: /cc_ws/tros_ws/install/share/face_landmarks_detection/launch
[3.270s] -- Up-to-date: /cc_ws/tros_ws/install/share/face_landmarks_detection/launch/body_det_face_landmarks_det_fb.launch.py
[3.270s] -- Up-to-date: /cc_ws/tros_ws/install/share/face_landmarks_detection/launch/body_det_face_landmarks_det.launch.py
[3.271s] -- Up-to-date: /cc_ws/tros_ws/install/share/face_landmarks_detection/launch/face_landmarks_det_node.launch.py
[3.271s] -- Up-to-date: /cc_ws/tros_ws/install/share/face_landmarks_detection/config/
[3.271s] -- Up-to-date: /cc_ws/tros_ws/install/share/face_landmarks_detection/config//faceLandmark106pts.hbm
[3.271s] -- Up-to-date: /cc_ws/tros_ws/install/share/face_landmarks_detection/config/image.png
[3.271s] -- Up-to-date: /cc_ws/tros_ws/install/share/ament_index/resource_index/package_run_dependencies/face_landmarks_detection
[3.271s] -- Up-to-date: /cc_ws/tros_ws/install/share/ament_index/resource_index/parent_prefix_path/face_landmarks_detection
[3.271s] -- Up-to-date: /cc_ws/tros_ws/install/share/face_landmarks_detection/environment/ament_prefix_path.sh
[3.272s] -- Installing: /cc_ws/tros_ws/install/share/face_landmarks_detection/environment/ament_prefix_path.dsv
[3.272s] -- Up-to-date: /cc_ws/tros_ws/install/share/face_landmarks_detection/environment/path.sh
[3.272s] -- Installing: /cc_ws/tros_ws/install/share/face_landmarks_detection/environment/path.dsv
[3.272s] -- Up-to-date: /cc_ws/tros_ws/install/share/face_landmarks_detection/local_setup.bash
[3.272s] -- Up-to-date: /cc_ws/tros_ws/install/share/face_landmarks_detection/local_setup.sh
[3.272s] -- Up-to-date: /cc_ws/tros_ws/install/share/face_landmarks_detection/local_setup.zsh
[3.272s] -- Installing: /cc_ws/tros_ws/install/share/face_landmarks_detection/local_setup.dsv
[3.272s] -- Installing: /cc_ws/tros_ws/install/share/face_landmarks_detection/package.dsv
[3.272s] -- Up-to-date: /cc_ws/tros_ws/install/share/ament_index/resource_index/packages/face_landmarks_detection
[3.272s] -- Up-to-date: /cc_ws/tros_ws/install/share/face_landmarks_detection/cmake/face_landmarks_detectionConfig.cmake
[3.273s] -- Up-to-date: /cc_ws/tros_ws/install/share/face_landmarks_detection/cmake/face_landmarks_detectionConfig-version.cmake
[3.273s] -- Up-to-date: /cc_ws/tros_ws/install/share/face_landmarks_detection/package.xml
[3.307s] Invoked command in '/cc_ws/tros_ws/build/face_landmarks_detection' returned '0': AMENT_PREFIX_PATH=/cc_ws/tros_ws/install:${AMENT_PREFIX_PATH} CMAKE_PREFIX_PATH=/cc_ws/tros_ws/install:/opt/ros/humble LD_LIBRARY_PATH=/cc_ws/tros_ws/install/lib:/opt/ros/humble/opt/rviz_ogre_vendor/lib:/opt/ros/humble/lib/aarch64-linux-gnu:/opt/ros/humble/lib:/cc_ws/userdata/hobot/opt/hobot/deps PYTHONPATH=/cc_ws/tros_ws/install/lib/python3.10/site-packages:/cc_ws/tros_ws/install/local/lib/python3.10/dist-packages:${PYTHONPATH} /usr/bin/cmake --install /cc_ws/tros_ws/build/face_landmarks_detection
