[0.142s] Invoking command in '/cc_ws/tros_ws/build/hand_lmk_detection': AMENT_PREFIX_PATH=/cc_ws/tros_ws/install:${AMENT_PREFIX_PATH} CMAKE_PREFIX_PATH=/cc_ws/tros_ws/install:/opt/ros/humble LD_LIBRARY_PATH=/cc_ws/tros_ws/install/lib:/opt/ros/humble/opt/rviz_ogre_vendor/lib:/opt/ros/humble/lib/aarch64-linux-gnu:/opt/ros/humble/lib:/cc_ws/userdata/hobot/opt/hobot/deps PYTHONPATH=/cc_ws/tros_ws/install/lib/python3.10/site-packages:/cc_ws/tros_ws/install/local/lib/python3.10/dist-packages:${PYTHONPATH} /usr/bin/cmake /cc_ws/tros_ws/src/box/hobot_perception/hand_lmk_detection -DCMAKE_EXPORT_COMPILE_COMMANDS=ON --no-warn-unused-cli -DCMAKE_TOOLCHAIN_FILE=/cc_ws/tros_ws/robot_dev_config/aarch64_toolchainfile.cmake -DPLATFORM_X5=ON -DTHIRDPARTY=ON -DBUILD_TESTING=OFF -DCMAKE_BUILD_RPATH=/cc_ws/tros_ws/build/poco_vendor/poco_external_project_install/lib/;/cc_ws/tros_ws/build/libyaml_vendor/libyaml_install/lib/ -DCMAKE_INSTALL_PREFIX=/cc_ws/tros_ws/install
[0.346s] Not searching for unused variables given on the command line.
[0.347s] -- Found ament_cmake: 1.3.8 (/opt/ros/humble/share/ament_cmake/cmake)
[0.704s] [33mCMake Warning (dev) at /opt/ros/humble/share/ament_cmake_test/cmake/ament_cmake_test-extras.cmake:19 (option):
[0.705s]   Policy CMP0077 is not set: option() honors normal variables.  Run "cmake
[0.705s]   --help-policy CMP0077" for policy details.  Use the cmake_policy command to
[0.705s]   set the policy and suppress this warning.
[0.705s] 
[0.706s]   For compatibility with older versions of CMake, option is clearing the
[0.706s]   normal variable 'BUILD_TESTING'.
[0.706s] Call Stack (most recent call first):
[0.707s]   /opt/ros/humble/share/ament_cmake_test/cmake/ament_cmake_testConfig.cmake:41 (include)
[0.708s]   /opt/ros/humble/share/ament_cmake/cmake/ament_cmake_export_dependencies-extras.cmake:21 (find_package)
[0.708s]   /opt/ros/humble/share/ament_cmake/cmake/ament_cmakeConfig.cmake:41 (include)
[0.710s]   CMakeLists.txt:33 (find_package)
[0.710s] This warning is for project developers.  Use -Wno-dev to suppress it.
[0.711s] [0m
[0.711s] -- Found rclcpp: 16.0.8 (/opt/ros/humble/share/rclcpp/cmake)
[0.800s] -- Found rosidl_generator_c: 3.1.5 (/opt/ros/humble/share/rosidl_generator_c/cmake)
[0.811s] -- Found rosidl_adapter: 3.1.5 (/opt/ros/humble/share/rosidl_adapter/cmake)
[0.836s] -- Found rosidl_generator_cpp: 3.1.5 (/opt/ros/humble/share/rosidl_generator_cpp/cmake)
[0.891s] -- Using all available rosidl_typesupport_c: rosidl_typesupport_fastrtps_c;rosidl_typesupport_introspection_c
[0.939s] -- Using all available rosidl_typesupport_cpp: rosidl_typesupport_fastrtps_cpp;rosidl_typesupport_introspection_cpp
[1.230s] -- Found rmw_implementation_cmake: 6.1.1 (/opt/ros/humble/share/rmw_implementation_cmake/cmake)
[1.240s] -- Found rmw_fastrtps_cpp: 6.2.6 (/opt/ros/humble/share/rmw_fastrtps_cpp/cmake)
[1.687s] -- Using RMW implementation 'rmw_fastrtps_cpp' as default
[2.480s] -- Found sensor_msgs: 4.2.3 (/opt/ros/humble/share/sensor_msgs/cmake)
[2.876s] -- Found ai_msgs: 2.0.1 (/cc_ws/tros_ws/robot_dev_config/../install/share/ai_msgs/cmake)
[3.231s] -- Found dnn_node: 2.5.4 (/cc_ws/tros_ws/robot_dev_config/../install/share/dnn_node/cmake)
[3.261s] -- Found hbm_img_msgs: 2.0.0 (/cc_ws/tros_ws/robot_dev_config/../install/share/hbm_img_msgs/cmake)
[3.409s] [0mbuild platform X5[0m
[3.409s] [0mCMAKE_SYSROOT is /cc_ws/tros_ws/robot_dev_config/../../sysroot_docker[0m
[3.713s] -- Configuring done
[3.774s] -- Generating done
[3.779s] -- Build files have been written to: /cc_ws/tros_ws/build/hand_lmk_detection
[3.803s] Invoked command in '/cc_ws/tros_ws/build/hand_lmk_detection' returned '0': AMENT_PREFIX_PATH=/cc_ws/tros_ws/install:${AMENT_PREFIX_PATH} CMAKE_PREFIX_PATH=/cc_ws/tros_ws/install:/opt/ros/humble LD_LIBRARY_PATH=/cc_ws/tros_ws/install/lib:/opt/ros/humble/opt/rviz_ogre_vendor/lib:/opt/ros/humble/lib/aarch64-linux-gnu:/opt/ros/humble/lib:/cc_ws/userdata/hobot/opt/hobot/deps PYTHONPATH=/cc_ws/tros_ws/install/lib/python3.10/site-packages:/cc_ws/tros_ws/install/local/lib/python3.10/dist-packages:${PYTHONPATH} /usr/bin/cmake /cc_ws/tros_ws/src/box/hobot_perception/hand_lmk_detection -DCMAKE_EXPORT_COMPILE_COMMANDS=ON --no-warn-unused-cli -DCMAKE_TOOLCHAIN_FILE=/cc_ws/tros_ws/robot_dev_config/aarch64_toolchainfile.cmake -DPLATFORM_X5=ON -DTHIRDPARTY=ON -DBUILD_TESTING=OFF -DCMAKE_BUILD_RPATH=/cc_ws/tros_ws/build/poco_vendor/poco_external_project_install/lib/;/cc_ws/tros_ws/build/libyaml_vendor/libyaml_install/lib/ -DCMAKE_INSTALL_PREFIX=/cc_ws/tros_ws/install
[3.810s] Invoking command in '/cc_ws/tros_ws/build/hand_lmk_detection': AMENT_PREFIX_PATH=/cc_ws/tros_ws/install:${AMENT_PREFIX_PATH} CMAKE_PREFIX_PATH=/cc_ws/tros_ws/install:/opt/ros/humble LD_LIBRARY_PATH=/cc_ws/tros_ws/install/lib:/opt/ros/humble/opt/rviz_ogre_vendor/lib:/opt/ros/humble/lib/aarch64-linux-gnu:/opt/ros/humble/lib:/cc_ws/userdata/hobot/opt/hobot/deps PYTHONPATH=/cc_ws/tros_ws/install/lib/python3.10/site-packages:/cc_ws/tros_ws/install/local/lib/python3.10/dist-packages:${PYTHONPATH} /usr/bin/cmake --build /cc_ws/tros_ws/build/hand_lmk_detection -- -j12 -l12
[3.921s] [35m[1mConsolidate compiler generated dependencies of target hand_lmk_detection[0m
[3.981s] [ 20%] [32m[1mLinking CXX executable hand_lmk_detection[0m
[7.152s] [100%] Built target hand_lmk_detection
[7.172s] Invoked command in '/cc_ws/tros_ws/build/hand_lmk_detection' returned '0': AMENT_PREFIX_PATH=/cc_ws/tros_ws/install:${AMENT_PREFIX_PATH} CMAKE_PREFIX_PATH=/cc_ws/tros_ws/install:/opt/ros/humble LD_LIBRARY_PATH=/cc_ws/tros_ws/install/lib:/opt/ros/humble/opt/rviz_ogre_vendor/lib:/opt/ros/humble/lib/aarch64-linux-gnu:/opt/ros/humble/lib:/cc_ws/userdata/hobot/opt/hobot/deps PYTHONPATH=/cc_ws/tros_ws/install/lib/python3.10/site-packages:/cc_ws/tros_ws/install/local/lib/python3.10/dist-packages:${PYTHONPATH} /usr/bin/cmake --build /cc_ws/tros_ws/build/hand_lmk_detection -- -j12 -l12
[7.223s] Invoking command in '/cc_ws/tros_ws/build/hand_lmk_detection': AMENT_PREFIX_PATH=/cc_ws/tros_ws/install:${AMENT_PREFIX_PATH} CMAKE_PREFIX_PATH=/cc_ws/tros_ws/install:/opt/ros/humble LD_LIBRARY_PATH=/cc_ws/tros_ws/install/lib:/opt/ros/humble/opt/rviz_ogre_vendor/lib:/opt/ros/humble/lib/aarch64-linux-gnu:/opt/ros/humble/lib:/cc_ws/userdata/hobot/opt/hobot/deps PYTHONPATH=/cc_ws/tros_ws/install/lib/python3.10/site-packages:/cc_ws/tros_ws/install/local/lib/python3.10/dist-packages:${PYTHONPATH} /usr/bin/cmake --install /cc_ws/tros_ws/build/hand_lmk_detection
[7.236s] -- Install configuration: ""
[7.237s] -- Installing: /cc_ws/tros_ws/install/lib/hand_lmk_detection/hand_lmk_detection
[7.251s] -- Set runtime path of "/cc_ws/tros_ws/install/lib/hand_lmk_detection/hand_lmk_detection" to ""
[7.251s] -- Up-to-date: /cc_ws/tros_ws/install/lib/hand_lmk_detection/config/
[7.251s] -- Up-to-date: /cc_ws/tros_ws/install/lib/hand_lmk_detection/config//handLMKs.hbm
[7.252s] -- Up-to-date: /cc_ws/tros_ws/install/lib/hand_lmk_detection/config/960x544.nv12
[7.252s] -- Up-to-date: /cc_ws/tros_ws/install/share/hand_lmk_detection/launch
[7.252s] -- Up-to-date: /cc_ws/tros_ws/install/share/hand_lmk_detection/launch/hand_lmk_detection.launch.py
[7.252s] -- Up-to-date: /cc_ws/tros_ws/install/share/ament_index/resource_index/package_run_dependencies/hand_lmk_detection
[7.253s] -- Up-to-date: /cc_ws/tros_ws/install/share/ament_index/resource_index/parent_prefix_path/hand_lmk_detection
[7.253s] -- Up-to-date: /cc_ws/tros_ws/install/share/hand_lmk_detection/environment/ament_prefix_path.sh
[7.253s] -- Installing: /cc_ws/tros_ws/install/share/hand_lmk_detection/environment/ament_prefix_path.dsv
[7.253s] -- Up-to-date: /cc_ws/tros_ws/install/share/hand_lmk_detection/environment/path.sh
[7.253s] -- Installing: /cc_ws/tros_ws/install/share/hand_lmk_detection/environment/path.dsv
[7.254s] -- Up-to-date: /cc_ws/tros_ws/install/share/hand_lmk_detection/local_setup.bash
[7.254s] -- Up-to-date: /cc_ws/tros_ws/install/share/hand_lmk_detection/local_setup.sh
[7.254s] -- Up-to-date: /cc_ws/tros_ws/install/share/hand_lmk_detection/local_setup.zsh
[7.254s] -- Installing: /cc_ws/tros_ws/install/share/hand_lmk_detection/local_setup.dsv
[7.254s] -- Installing: /cc_ws/tros_ws/install/share/hand_lmk_detection/package.dsv
[7.255s] -- Up-to-date: /cc_ws/tros_ws/install/share/ament_index/resource_index/packages/hand_lmk_detection
[7.256s] -- Up-to-date: /cc_ws/tros_ws/install/share/hand_lmk_detection/cmake/hand_lmk_detectionConfig.cmake
[7.256s] -- Up-to-date: /cc_ws/tros_ws/install/share/hand_lmk_detection/cmake/hand_lmk_detectionConfig-version.cmake
[7.256s] -- Up-to-date: /cc_ws/tros_ws/install/share/hand_lmk_detection/package.xml
[7.261s] Invoked command in '/cc_ws/tros_ws/build/hand_lmk_detection' returned '0': AMENT_PREFIX_PATH=/cc_ws/tros_ws/install:${AMENT_PREFIX_PATH} CMAKE_PREFIX_PATH=/cc_ws/tros_ws/install:/opt/ros/humble LD_LIBRARY_PATH=/cc_ws/tros_ws/install/lib:/opt/ros/humble/opt/rviz_ogre_vendor/lib:/opt/ros/humble/lib/aarch64-linux-gnu:/opt/ros/humble/lib:/cc_ws/userdata/hobot/opt/hobot/deps PYTHONPATH=/cc_ws/tros_ws/install/lib/python3.10/site-packages:/cc_ws/tros_ws/install/local/lib/python3.10/dist-packages:${PYTHONPATH} /usr/bin/cmake --install /cc_ws/tros_ws/build/hand_lmk_detection
