[0.075s] Invoking command in '/cc_ws/tros_ws/build/orb_slam3': AMENT_PREFIX_PATH=/cc_ws/tros_ws/install:${AMENT_PREFIX_PATH} CMAKE_PREFIX_PATH=/cc_ws/tros_ws/install:/opt/ros/humble LD_LIBRARY_PATH=/cc_ws/tros_ws/install/lib:/opt/ros/humble/opt/rviz_ogre_vendor/lib:/opt/ros/humble/lib/aarch64-linux-gnu:/opt/ros/humble/lib:/cc_ws/userdata/hobot/opt/hobot/deps PYTHONPATH=/cc_ws/tros_ws/install/lib/python3.10/site-packages:${PYTHONPATH} /usr/bin/cmake /cc_ws/tros_ws/src/box/orb_slam3/ORB_SLAM3 -DCMAKE_EXPORT_COMPILE_COMMANDS=ON --no-warn-unused-cli -DCMAKE_TOOLCHAIN_FILE=/cc_ws/tros_ws/robot_dev_config/aarch64_toolchainfile.cmake -DPLATFORM_X5=ON -DTHIRDPARTY=ON -DBUILD_TESTING=OFF -DCMAKE_BUILD_RPATH=/cc_ws/tros_ws/build/poco_vendor/poco_external_project_install/lib/;/cc_ws/tros_ws/build/libyaml_vendor/libyaml_install/lib/ -DCMAKE_INSTALL_PREFIX=/cc_ws/tros_ws/install
[0.109s] Not searching for unused variables given on the command line.
[0.109s] -- Found ament_cmake: 1.3.8 (/opt/ros/humble/share/ament_cmake/cmake)
[0.110s] [0mBuild type: Release[0m
[0.110s] [0mENABLE_VIEWER: OFF[0m
[0.330s] -- Found rclcpp: 16.0.8 (/opt/ros/humble/share/rclcpp/cmake)
[0.330s] [33mCMake Warning (dev) at /opt/ros/humble/share/ament_cmake_test/cmake/ament_cmake_test-extras.cmake:19 (option):
[0.330s]   Policy CMP0077 is not set: option() honors normal variables.  Run "cmake
[0.331s]   --help-policy CMP0077" for policy details.  Use the cmake_policy command to
[0.331s]   set the policy and suppress this warning.
[0.331s] 
[0.331s]   For compatibility with older versions of CMake, option is clearing the
[0.331s]   normal variable 'BUILD_TESTING'.
[0.331s] Call Stack (most recent call first):
[0.331s]   /opt/ros/humble/share/ament_cmake_test/cmake/ament_cmake_testConfig.cmake:41 (include)
[0.331s]   /opt/ros/humble/share/ament_cmake/cmake/ament_cmake_export_dependencies-extras.cmake:21 (find_package)
[0.332s]   /opt/ros/humble/share/ament_cmake/cmake/ament_cmakeConfig.cmake:41 (include)
[0.332s]   CMakeLists.txt:29 (find_package)
[0.332s] This warning is for project developers.  Use -Wno-dev to suppress it.
[0.332s] [0m
[0.387s] -- Found rosidl_generator_c: 3.1.5 (/opt/ros/humble/share/rosidl_generator_c/cmake)
[0.393s] -- Found rosidl_adapter: 3.1.5 (/opt/ros/humble/share/rosidl_adapter/cmake)
[0.405s] -- Found rosidl_generator_cpp: 3.1.5 (/opt/ros/humble/share/rosidl_generator_cpp/cmake)
[0.432s] -- Using all available rosidl_typesupport_c: rosidl_typesupport_fastrtps_c;rosidl_typesupport_introspection_c
[0.456s] -- Using all available rosidl_typesupport_cpp: rosidl_typesupport_fastrtps_cpp;rosidl_typesupport_introspection_cpp
[0.591s] -- Found rmw_implementation_cmake: 6.1.1 (/opt/ros/humble/share/rmw_implementation_cmake/cmake)
[0.594s] -- Found rmw_fastrtps_cpp: 6.2.6 (/opt/ros/humble/share/rmw_fastrtps_cpp/cmake)
[0.806s] -- Using RMW implementation 'rmw_fastrtps_cpp' as default
[1.124s] -- Found dnn_node: 2.5.4 (/cc_ws/tros_ws/robot_dev_config/../install/share/dnn_node/cmake)
[1.127s] -- Found sensor_msgs: 4.2.3 (/opt/ros/humble/share/sensor_msgs/cmake)
[1.380s] -- Found nav_msgs: 4.2.3 (/opt/ros/humble/share/nav_msgs/cmake)
[1.545s] -- Found rclcpp_components: 16.0.8 (/opt/ros/humble/share/rclcpp_components/cmake)
[1.655s] -- Found cv_bridge: 3.2.1 (/opt/ros/humble/share/cv_bridge/cmake)
[1.685s] -- Found tf2: 0.25.6 (/opt/ros/humble/share/tf2/cmake)
[1.695s] -- Found tf2_ros: 0.25.6 (/opt/ros/humble/share/tf2_ros/cmake)
[2.201s] -- Found tf2_geometry_msgs: 0.25.6 (/opt/ros/humble/share/tf2_geometry_msgs/cmake)
[2.209s] -- Found eigen3_cmake_module: 0.1.1 (/opt/ros/humble/share/eigen3_cmake_module/cmake)
[2.212s] -- Found Eigen3: TRUE (found version "3.4.0") 
[2.212s] -- Ensuring Eigen3 include directory is part of orocos-kdl CMake target
[2.229s] [0mdnn_node_includes: [0m
[2.230s] [0mdnn_node_includes: /cc_ws/tros_ws/install/include[0m
[2.231s] -- Using flag -std=c++17.
[2.240s] [0mOPENCV VERSION:[0m
[2.240s] [0m4.5.4[0m
[2.259s] [33mCMake Warning at CMakeLists.txt:95 (find_package):
[2.259s]   By not providing "Findrealsense2.cmake" in CMAKE_MODULE_PATH this project
[2.259s]   has asked CMake to find a package configuration file provided by
[2.260s]   "realsense2", but CMake did not find one.
[2.260s] 
[2.260s]   Could not find a package configuration file provided by "realsense2" with
[2.260s]   any of the following names:
[2.260s] 
[2.260s]     realsense2Config.cmake
[2.260s]     realsense2-config.cmake
[2.260s] 
[2.260s]   Add the installation prefix of "realsense2" to CMAKE_PREFIX_PATH or set
[2.261s]   "realsense2_DIR" to a directory containing one of the above files.  If
[2.261s]   "realsense2" provides a separate development package or SDK, be sure it has
[2.261s]   been installed.
[2.261s] 
[2.261s] [0m
[2.261s] -- BUILD TYPE:Release
[2.261s] -- Compiling on Unix
[2.261s] [0mCMake Deprecation Warning at Thirdparty/g2o/CMakeLists.txt:1 (CMAKE_MINIMUM_REQUIRED):
[2.261s]   Compatibility with CMake < 2.8.12 will be removed from a future version of
[2.262s]   CMake.
[2.262s] 
[2.262s]   Update the VERSION argument <min> value or use a ...<max> suffix to tell
[2.262s]   CMake that the project does not need compatibility with older versions.
[2.262s] 
[2.262s] [0m
[2.266s] -- Found Eigen3: TRUE (found suitable version "3.4.0", minimum required is "3.1.0") 
[2.269s] [0mCMake Deprecation Warning at Thirdparty/DBoW2/CMakeLists.txt:1 (cmake_minimum_required):
[2.269s]   Compatibility with CMake < 2.8.12 will be removed from a future version of
[2.269s]   CMake.
[2.269s] 
[2.269s]   Update the VERSION argument <min> value or use a ...<max> suffix to tell
[2.269s]   CMake that the project does not need compatibility with older versions.
[2.269s] 
[2.269s] [0m
[2.281s] [0mOpenCV_LIBS: opencv_calib3d;opencv_core;opencv_dnn;opencv_features2d;opencv_flann;opencv_highgui;opencv_imgcodecs;opencv_imgproc;opencv_ml;opencv_objdetect;opencv_photo;opencv_stitching;opencv_video;opencv_videoio;opencv_alphamat;opencv_aruco;opencv_barcode;opencv_bgsegm;opencv_bioinspired;opencv_ccalib;opencv_datasets;opencv_dnn_objdetect;opencv_dnn_superres;opencv_dpm;opencv_face;opencv_freetype;opencv_fuzzy;opencv_hdf;opencv_hfs;opencv_img_hash;opencv_intensity_transform;opencv_line_descriptor;opencv_mcc;opencv_optflow;opencv_phase_unwrapping;opencv_plot;opencv_quality;opencv_rapid;opencv_reg;opencv_rgbd;opencv_saliency;opencv_shape;opencv_stereo;opencv_structured_light;opencv_superres;opencv_surface_matching;opencv_text;opencv_tracking;opencv_videostab;opencv_viz;opencv_wechat_qrcode;opencv_ximgproc;opencv_xobjdetect;opencv_xphoto;opencv_calib3d;opencv_core;opencv_dnn;opencv_features2d;opencv_flann;opencv_highgui;opencv_imgcodecs;opencv_imgproc;opencv_ml;opencv_objdetect;opencv_photo;opencv_stitching;opencv_video;opencv_videoio;opencv_alphamat;opencv_aruco;opencv_barcode;opencv_bgsegm;opencv_bioinspired;opencv_ccalib;opencv_datasets;opencv_dnn_objdetect;opencv_dnn_superres;opencv_dpm;opencv_face;opencv_freetype;opencv_fuzzy;opencv_hdf;opencv_hfs;opencv_img_hash;opencv_intensity_transform;opencv_line_descriptor;opencv_mcc;opencv_optflow;opencv_phase_unwrapping;opencv_plot;opencv_quality;opencv_rapid;opencv_reg;opencv_rgbd;opencv_saliency;opencv_shape;opencv_stereo;opencv_structured_light;opencv_superres;opencv_surface_matching;opencv_text;opencv_tracking;opencv_videostab;opencv_viz;opencv_wechat_qrcode;opencv_ximgproc;opencv_xobjdetect;opencv_xphoto[0m
[2.281s] [0mPangolin_LIBRARIES: [0m
[2.282s] [0mTORCH_LIBRARIES: [0m
[2.456s] -- Configuring done
[2.964s] -- Generating done
[2.969s] -- Build files have been written to: /cc_ws/tros_ws/build/orb_slam3
[3.001s] Invoked command in '/cc_ws/tros_ws/build/orb_slam3' returned '0': AMENT_PREFIX_PATH=/cc_ws/tros_ws/install:${AMENT_PREFIX_PATH} CMAKE_PREFIX_PATH=/cc_ws/tros_ws/install:/opt/ros/humble LD_LIBRARY_PATH=/cc_ws/tros_ws/install/lib:/opt/ros/humble/opt/rviz_ogre_vendor/lib:/opt/ros/humble/lib/aarch64-linux-gnu:/opt/ros/humble/lib:/cc_ws/userdata/hobot/opt/hobot/deps PYTHONPATH=/cc_ws/tros_ws/install/lib/python3.10/site-packages:${PYTHONPATH} /usr/bin/cmake /cc_ws/tros_ws/src/box/orb_slam3/ORB_SLAM3 -DCMAKE_EXPORT_COMPILE_COMMANDS=ON --no-warn-unused-cli -DCMAKE_TOOLCHAIN_FILE=/cc_ws/tros_ws/robot_dev_config/aarch64_toolchainfile.cmake -DPLATFORM_X5=ON -DTHIRDPARTY=ON -DBUILD_TESTING=OFF -DCMAKE_BUILD_RPATH=/cc_ws/tros_ws/build/poco_vendor/poco_external_project_install/lib/;/cc_ws/tros_ws/build/libyaml_vendor/libyaml_install/lib/ -DCMAKE_INSTALL_PREFIX=/cc_ws/tros_ws/install
[3.001s] Invoking command in '/cc_ws/tros_ws/build/orb_slam3': AMENT_PREFIX_PATH=/cc_ws/tros_ws/install:${AMENT_PREFIX_PATH} CMAKE_PREFIX_PATH=/cc_ws/tros_ws/install:/opt/ros/humble LD_LIBRARY_PATH=/cc_ws/tros_ws/install/lib:/opt/ros/humble/opt/rviz_ogre_vendor/lib:/opt/ros/humble/lib/aarch64-linux-gnu:/opt/ros/humble/lib:/cc_ws/userdata/hobot/opt/hobot/deps PYTHONPATH=/cc_ws/tros_ws/install/lib/python3.10/site-packages:${PYTHONPATH} /usr/bin/cmake --build /cc_ws/tros_ws/build/orb_slam3 -- -j12 -l12
[3.579s] [35m[1mConsolidate compiler generated dependencies of target DBoW2[0m
[3.579s] [35m[1mConsolidate compiler generated dependencies of target g2o[0m
[3.579s] [  6%] Built target DBoW2
[3.579s] [ 36%] Built target g2o
[3.579s] [35m[1mConsolidate compiler generated dependencies of target orb_slam3[0m
[3.682s] [ 65%] Built target orb_slam3
[3.736s] [35m[1mConsolidate compiler generated dependencies of target rgbd_tum[0m
[3.761s] [35m[1mConsolidate compiler generated dependencies of target stereo_euroc[0m
[3.764s] [35m[1mConsolidate compiler generated dependencies of target stereo_kitti[0m
[3.782s] [35m[1mConsolidate compiler generated dependencies of target stereo_tum_vi[0m
[3.788s] [35m[1mConsolidate compiler generated dependencies of target mono_tum[0m
[3.796s] [35m[1mConsolidate compiler generated dependencies of target stereo_realsense_D435i_image[0m
[3.823s] [35m[1mConsolidate compiler generated dependencies of target mono_euroc[0m
[3.846s] [35m[1mConsolidate compiler generated dependencies of target mono_kitti[0m
[3.894s] [ 67%] Built target rgbd_tum
[3.910s] [ 69%] Built target stereo_kitti
[3.911s] [35m[1mConsolidate compiler generated dependencies of target mono_tum_vi[0m
[3.913s] [ 71%] Built target stereo_euroc
[3.920s] [ 73%] Built target stereo_tum_vi
[3.927s] [ 75%] Built target stereo_realsense_D435i_image
[3.944s] [ 77%] Built target mono_tum
[3.951s] [ 79%] Built target mono_euroc
[3.962s] [35m[1mConsolidate compiler generated dependencies of target mono_realsense_D435i_image[0m
[3.983s] [ 81%] Built target mono_kitti
[4.002s] [35m[1mConsolidate compiler generated dependencies of target mono_inertial_euroc[0m
[4.006s] [35m[1mConsolidate compiler generated dependencies of target mono_inertial_realsense_D435i_image[0m
[4.030s] [35m[1mConsolidate compiler generated dependencies of target mono_inertial_tum_vi[0m
[4.036s] [35m[1mConsolidate compiler generated dependencies of target stereo_inertial_euroc[0m
[4.056s] [ 83%] Built target mono_tum_vi
[4.092s] [35m[1mConsolidate compiler generated dependencies of target stereo_inertial_tum_vi[0m
[4.103s] [35m[1mConsolidate compiler generated dependencies of target stereo_inertial_realsense_D435i_image[0m
[4.139s] [ 85%] Built target mono_realsense_D435i_image
[4.162s] [ 87%] Built target mono_inertial_euroc
[4.183s] [ 89%] Built target mono_inertial_realsense_D435i_image
[4.190s] [ 91%] Built target stereo_inertial_tum_vi
[4.203s] [ 93%] Built target mono_inertial_tum_vi
[4.215s] [ 95%] Built target stereo_inertial_euroc
[4.236s] [35m[1mConsolidate compiler generated dependencies of target create_vocabulary[0m
[4.236s] [35m[1mConsolidate compiler generated dependencies of target mono_euroc_old[0m
[4.251s] [ 97%] Built target stereo_inertial_realsense_D435i_image
[4.364s] [ 99%] Built target create_vocabulary
[4.389s] [100%] Built target mono_euroc_old
[4.445s] Invoked command in '/cc_ws/tros_ws/build/orb_slam3' returned '0': AMENT_PREFIX_PATH=/cc_ws/tros_ws/install:${AMENT_PREFIX_PATH} CMAKE_PREFIX_PATH=/cc_ws/tros_ws/install:/opt/ros/humble LD_LIBRARY_PATH=/cc_ws/tros_ws/install/lib:/opt/ros/humble/opt/rviz_ogre_vendor/lib:/opt/ros/humble/lib/aarch64-linux-gnu:/opt/ros/humble/lib:/cc_ws/userdata/hobot/opt/hobot/deps PYTHONPATH=/cc_ws/tros_ws/install/lib/python3.10/site-packages:${PYTHONPATH} /usr/bin/cmake --build /cc_ws/tros_ws/build/orb_slam3 -- -j12 -l12
[4.854s] Invoking command in '/cc_ws/tros_ws/build/orb_slam3': AMENT_PREFIX_PATH=/cc_ws/tros_ws/install:${AMENT_PREFIX_PATH} CMAKE_PREFIX_PATH=/cc_ws/tros_ws/install:/opt/ros/humble LD_LIBRARY_PATH=/cc_ws/tros_ws/install/lib:/opt/ros/humble/opt/rviz_ogre_vendor/lib:/opt/ros/humble/lib/aarch64-linux-gnu:/opt/ros/humble/lib:/cc_ws/userdata/hobot/opt/hobot/deps PYTHONPATH=/cc_ws/tros_ws/install/lib/python3.10/site-packages:${PYTHONPATH} /usr/bin/cmake --install /cc_ws/tros_ws/build/orb_slam3
[4.870s] -- Install configuration: "Release"
[4.870s] -- Up-to-date: /cc_ws/tros_ws/install/include/orb_slam3/
[4.870s] -- Up-to-date: /cc_ws/tros_ws/install/include/orb_slam3//LocalMapping.h
[4.870s] -- Up-to-date: /cc_ws/tros_ws/install/include/orb_slam3//Frame.h
[4.870s] -- Up-to-date: /cc_ws/tros_ws/install/include/orb_slam3//System.h
[4.870s] -- Up-to-date: /cc_ws/tros_ws/install/include/orb_slam3//FrameDrawer.h
[4.870s] -- Up-to-date: /cc_ws/tros_ws/install/include/orb_slam3//Map.h
[4.871s] -- Up-to-date: /cc_ws/tros_ws/install/include/orb_slam3//ImuTypes.h
[4.871s] -- Up-to-date: /cc_ws/tros_ws/install/include/orb_slam3//Atlas.h
[4.871s] -- Up-to-date: /cc_ws/tros_ws/install/include/orb_slam3//ORBextractor.h
[4.871s] -- Up-to-date: /cc_ws/tros_ws/install/include/orb_slam3//TwoViewReconstruction.h
[4.871s] -- Up-to-date: /cc_ws/tros_ws/install/include/orb_slam3//MLPnPsolver.h
[4.871s] -- Up-to-date: /cc_ws/tros_ws/install/include/orb_slam3//Config.h
[4.871s] -- Up-to-date: /cc_ws/tros_ws/install/include/orb_slam3//ORBVocabulary.h
[4.871s] -- Up-to-date: /cc_ws/tros_ws/install/include/orb_slam3//Optimizer.h
[4.871s] -- Up-to-date: /cc_ws/tros_ws/install/include/orb_slam3//KeyFrameDatabase.h
[4.871s] -- Up-to-date: /cc_ws/tros_ws/install/include/orb_slam3//MapPoint.h
[4.872s] -- Up-to-date: /cc_ws/tros_ws/install/include/orb_slam3//Viewer.h
[4.872s] -- Up-to-date: /cc_ws/tros_ws/install/include/orb_slam3//SerializationUtils.h
[4.872s] -- Up-to-date: /cc_ws/tros_ws/install/include/orb_slam3//ORBmatcher.h
[4.872s] -- Up-to-date: /cc_ws/tros_ws/install/include/orb_slam3//CameraModels
[4.872s] -- Up-to-date: /cc_ws/tros_ws/install/include/orb_slam3//CameraModels/KannalaBrandt8.h
[4.872s] -- Up-to-date: /cc_ws/tros_ws/install/include/orb_slam3//CameraModels/Pinhole.h
[4.872s] -- Up-to-date: /cc_ws/tros_ws/install/include/orb_slam3//CameraModels/GeometricCamera.h
[4.872s] -- Up-to-date: /cc_ws/tros_ws/install/include/orb_slam3//Sim3Solver.h
[4.872s] -- Up-to-date: /cc_ws/tros_ws/install/include/orb_slam3//G2oTypes.h
[4.872s] -- Up-to-date: /cc_ws/tros_ws/install/include/orb_slam3//GeometricTools.h
[4.873s] -- Up-to-date: /cc_ws/tros_ws/install/include/orb_slam3//Settings.h
[4.873s] -- Up-to-date: /cc_ws/tros_ws/install/include/orb_slam3//MapDrawer.h
[4.873s] -- Up-to-date: /cc_ws/tros_ws/install/include/orb_slam3//KeyFrame.h
[4.873s] -- Up-to-date: /cc_ws/tros_ws/install/include/orb_slam3//Tracking.h
[4.874s] -- Up-to-date: /cc_ws/tros_ws/install/include/orb_slam3//SuperPointExtractor.h
[4.874s] -- Up-to-date: /cc_ws/tros_ws/install/include/orb_slam3//OptimizableTypes.h
[4.874s] -- Up-to-date: /cc_ws/tros_ws/install/include/orb_slam3//threadpool.h
[4.874s] -- Up-to-date: /cc_ws/tros_ws/install/include/orb_slam3//LoopClosing.h
[4.874s] -- Up-to-date: /cc_ws/tros_ws/install/include/orb_slam3//Converter.h
[4.874s] -- Up-to-date: /cc_ws/tros_ws/install/include/orb_slam3/Thirdparty/
[4.874s] -- Up-to-date: /cc_ws/tros_ws/install/include/orb_slam3/Thirdparty//Sophus
[4.874s] -- Up-to-date: /cc_ws/tros_ws/install/include/orb_slam3/Thirdparty//Sophus/.gitignore
[4.898s] -- Up-to-date: /cc_ws/tros_ws/install/include/orb_slam3/Thirdparty//Sophus/doxyrest-config.lua
[4.898s] -- Up-to-date: /cc_ws/tros_ws/install/include/orb_slam3/Thirdparty//Sophus/examples
[4.905s] -- Up-to-date: /cc_ws/tros_ws/install/include/orb_slam3/Thirdparty//Sophus/examples/CMakeLists.txt
[4.906s] -- Up-to-date: /cc_ws/tros_ws/install/include/orb_slam3/Thirdparty//Sophus/examples/HelloSO3.cpp
[4.906s] -- Up-to-date: /cc_ws/tros_ws/install/include/orb_slam3/Thirdparty//Sophus/test
[4.906s] -- Up-to-date: /cc_ws/tros_ws/install/include/orb_slam3/Thirdparty//Sophus/test/CMakeLists.txt
[4.906s] -- Up-to-date: /cc_ws/tros_ws/install/include/orb_slam3/Thirdparty//Sophus/test/core
[4.906s] -- Up-to-date: /cc_ws/tros_ws/install/include/orb_slam3/Thirdparty//Sophus/test/core/test_sim2.cpp
[4.906s] -- Up-to-date: /cc_ws/tros_ws/install/include/orb_slam3/Thirdparty//Sophus/test/core/test_so3.cpp
[4.906s] -- Up-to-date: /cc_ws/tros_ws/install/include/orb_slam3/Thirdparty//Sophus/test/core/test_common.cpp
[4.906s] -- Up-to-date: /cc_ws/tros_ws/install/include/orb_slam3/Thirdparty//Sophus/test/core/test_se2.cpp
[4.906s] -- Up-to-date: /cc_ws/tros_ws/install/include/orb_slam3/Thirdparty//Sophus/test/core/test_se3.cpp
[4.906s] -- Up-to-date: /cc_ws/tros_ws/install/include/orb_slam3/Thirdparty//Sophus/test/core/test_velocities.cpp
[4.907s] -- Up-to-date: /cc_ws/tros_ws/install/include/orb_slam3/Thirdparty//Sophus/test/core/CMakeLists.txt
[4.907s] -- Up-to-date: /cc_ws/tros_ws/install/include/orb_slam3/Thirdparty//Sophus/test/core/test_rxso2.cpp
[4.907s] -- Up-to-date: /cc_ws/tros_ws/install/include/orb_slam3/Thirdparty//Sophus/test/core/test_sim3.cpp
[4.907s] -- Up-to-date: /cc_ws/tros_ws/install/include/orb_slam3/Thirdparty//Sophus/test/core/test_rxso3.cpp
[4.907s] -- Up-to-date: /cc_ws/tros_ws/install/include/orb_slam3/Thirdparty//Sophus/test/core/test_geometry.cpp
[4.907s] -- Up-to-date: /cc_ws/tros_ws/install/include/orb_slam3/Thirdparty//Sophus/test/core/test_so2.cpp
[4.907s] -- Up-to-date: /cc_ws/tros_ws/install/include/orb_slam3/Thirdparty//Sophus/test/core/tests.hpp
[4.907s] -- Up-to-date: /cc_ws/tros_ws/install/include/orb_slam3/Thirdparty//Sophus/test/ceres
[4.907s] -- Up-to-date: /cc_ws/tros_ws/install/include/orb_slam3/Thirdparty//Sophus/test/ceres/CMakeLists.txt
[4.907s] -- Up-to-date: /cc_ws/tros_ws/install/include/orb_slam3/Thirdparty//Sophus/test/ceres/local_parameterization_se3.hpp
[4.908s] -- Up-to-date: /cc_ws/tros_ws/install/include/orb_slam3/Thirdparty//Sophus/test/ceres/test_ceres_se3.cpp
[4.908s] -- Up-to-date: /cc_ws/tros_ws/install/include/orb_slam3/Thirdparty//Sophus/.clang-format
[4.908s] -- Up-to-date: /cc_ws/tros_ws/install/include/orb_slam3/Thirdparty//Sophus/py
[4.908s] -- Up-to-date: /cc_ws/tros_ws/install/include/orb_slam3/Thirdparty//Sophus/py/run_tests.sh
[4.908s] -- Up-to-date: /cc_ws/tros_ws/install/include/orb_slam3/Thirdparty//Sophus/py/sophus
[4.908s] -- Up-to-date: /cc_ws/tros_ws/install/include/orb_slam3/Thirdparty//Sophus/py/sophus/dual_quaternion.py
[4.908s] -- Up-to-date: /cc_ws/tros_ws/install/include/orb_slam3/Thirdparty//Sophus/py/sophus/so3_codegen.py
[4.908s] -- Up-to-date: /cc_ws/tros_ws/install/include/orb_slam3/Thirdparty//Sophus/py/sophus/so2.py
[4.908s] -- Up-to-date: /cc_ws/tros_ws/install/include/orb_slam3/Thirdparty//Sophus/py/sophus/matrix.py
[4.908s] -- Up-to-date: /cc_ws/tros_ws/install/include/orb_slam3/Thirdparty//Sophus/py/sophus/__init__.py
[4.908s] -- Up-to-date: /cc_ws/tros_ws/install/include/orb_slam3/Thirdparty//Sophus/py/sophus/quaternion.py
[4.909s] -- Up-to-date: /cc_ws/tros_ws/install/include/orb_slam3/Thirdparty//Sophus/py/sophus/so3.py
[4.909s] -- Up-to-date: /cc_ws/tros_ws/install/include/orb_slam3/Thirdparty//Sophus/py/sophus/se3.py
[4.909s] -- Up-to-date: /cc_ws/tros_ws/install/include/orb_slam3/Thirdparty//Sophus/py/sophus/cse_codegen.py
[4.909s] -- Up-to-date: /cc_ws/tros_ws/install/include/orb_slam3/Thirdparty//Sophus/py/sophus/complex.py
[4.909s] -- Up-to-date: /cc_ws/tros_ws/install/include/orb_slam3/Thirdparty//Sophus/py/sophus/se2.py
[4.909s] -- Up-to-date: /cc_ws/tros_ws/install/include/orb_slam3/Thirdparty//Sophus/py/cpp_gencode
[4.909s] -- Up-to-date: /cc_ws/tros_ws/install/include/orb_slam3/Thirdparty//Sophus/py/cpp_gencode/Se3_Dx_exp_x.cpp
[4.909s] -- Up-to-date: /cc_ws/tros_ws/install/include/orb_slam3/Thirdparty//Sophus/py/cpp_gencode/So2_Dx_exp_x.cpp
[4.909s] -- Up-to-date: /cc_ws/tros_ws/install/include/orb_slam3/Thirdparty//Sophus/py/cpp_gencode/Se2_Dx_exp_x.cpp
[4.909s] -- Up-to-date: /cc_ws/tros_ws/install/include/orb_slam3/Thirdparty//Sophus/py/cpp_gencode/Se2_Dx_this_mul_exp_x_at_0.cpp
[4.910s] -- Up-to-date: /cc_ws/tros_ws/install/include/orb_slam3/Thirdparty//Sophus/py/cpp_gencode/So2_Dx_this_mul_exp_x_at_0.cpp
[4.910s] -- Up-to-date: /cc_ws/tros_ws/install/include/orb_slam3/Thirdparty//Sophus/py/cpp_gencode/So3_Dx_this_mul_exp_x_at_0.cpp
[4.910s] -- Up-to-date: /cc_ws/tros_ws/install/include/orb_slam3/Thirdparty//Sophus/py/cpp_gencode/So3_Dx_exp_x.cpp
[4.910s] -- Up-to-date: /cc_ws/tros_ws/install/include/orb_slam3/Thirdparty//Sophus/py/cpp_gencode/Se3_Dx_this_mul_exp_x_at_0.cpp
[4.910s] -- Up-to-date: /cc_ws/tros_ws/install/include/orb_slam3/Thirdparty//Sophus/CMakeLists.txt
[4.910s] -- Up-to-date: /cc_ws/tros_ws/install/include/orb_slam3/Thirdparty//Sophus/run_format.sh
[4.910s] -- Up-to-date: /cc_ws/tros_ws/install/include/orb_slam3/Thirdparty//Sophus/README.rst
[4.910s] -- Up-to-date: /cc_ws/tros_ws/install/include/orb_slam3/Thirdparty//Sophus/package.xml
[4.911s] -- Up-to-date: /cc_ws/tros_ws/install/include/orb_slam3/Thirdparty//Sophus/scripts
[4.911s] -- Up-to-date: /cc_ws/tros_ws/install/include/orb_slam3/Thirdparty//Sophus/scripts/install_linux_deps.sh
[4.911s] -- Up-to-date: /cc_ws/tros_ws/install/include/orb_slam3/Thirdparty//Sophus/scripts/run_cpp_tests.sh
[4.911s] -- Up-to-date: /cc_ws/tros_ws/install/include/orb_slam3/Thirdparty//Sophus/scripts/install_docs_deps.sh
[4.911s] -- Up-to-date: /cc_ws/tros_ws/install/include/orb_slam3/Thirdparty//Sophus/scripts/install_osx_deps.sh
[4.911s] -- Up-to-date: /cc_ws/tros_ws/install/include/orb_slam3/Thirdparty//Sophus/rst-dir
[4.911s] -- Up-to-date: /cc_ws/tros_ws/install/include/orb_slam3/Thirdparty//Sophus/rst-dir/pysophus.rst
[4.911s] -- Up-to-date: /cc_ws/tros_ws/install/include/orb_slam3/Thirdparty//Sophus/rst-dir/page_index.rst
[4.911s] -- Up-to-date: /cc_ws/tros_ws/install/include/orb_slam3/Thirdparty//Sophus/rst-dir/conf.py
[4.911s] -- Up-to-date: /cc_ws/tros_ws/install/include/orb_slam3/Thirdparty//Sophus/appveyor.yml
[4.912s] -- Up-to-date: /cc_ws/tros_ws/install/include/orb_slam3/Thirdparty//Sophus/SophusConfig.cmake.in
[4.912s] -- Up-to-date: /cc_ws/tros_ws/install/include/orb_slam3/Thirdparty//Sophus/make_docs.sh
[4.912s] -- Up-to-date: /cc_ws/tros_ws/install/include/orb_slam3/Thirdparty//Sophus/LICENSE.txt
[4.912s] -- Up-to-date: /cc_ws/tros_ws/install/include/orb_slam3/Thirdparty//Sophus/sophus
[4.912s] -- Up-to-date: /cc_ws/tros_ws/install/include/orb_slam3/Thirdparty//Sophus/sophus/so3.hpp
[4.912s] -- Up-to-date: /cc_ws/tros_ws/install/include/orb_slam3/Thirdparty//Sophus/sophus/types.hpp
[4.912s] -- Up-to-date: /cc_ws/tros_ws/install/include/orb_slam3/Thirdparty//Sophus/sophus/example_ensure_handler.cpp
[4.912s] -- Up-to-date: /cc_ws/tros_ws/install/include/orb_slam3/Thirdparty//Sophus/sophus/rotation_matrix.hpp
[4.912s] -- Up-to-date: /cc_ws/tros_ws/install/include/orb_slam3/Thirdparty//Sophus/sophus/so2.hpp
[4.913s] -- Up-to-date: /cc_ws/tros_ws/install/include/orb_slam3/Thirdparty//Sophus/sophus/common.hpp
[4.913s] -- Up-to-date: /cc_ws/tros_ws/install/include/orb_slam3/Thirdparty//Sophus/sophus/se2.hpp
[4.913s] -- Up-to-date: /cc_ws/tros_ws/install/include/orb_slam3/Thirdparty//Sophus/sophus/test_macros.hpp
[4.913s] -- Up-to-date: /cc_ws/tros_ws/install/include/orb_slam3/Thirdparty//Sophus/sophus/num_diff.hpp
[4.913s] -- Up-to-date: /cc_ws/tros_ws/install/include/orb_slam3/Thirdparty//Sophus/sophus/sim_details.hpp
[4.913s] -- Up-to-date: /cc_ws/tros_ws/install/include/orb_slam3/Thirdparty//Sophus/sophus/se3.hpp
[4.913s] -- Up-to-date: /cc_ws/tros_ws/install/include/orb_slam3/Thirdparty//Sophus/sophus/rxso2.hpp
[4.913s] -- Up-to-date: /cc_ws/tros_ws/install/include/orb_slam3/Thirdparty//Sophus/sophus/sim3.hpp
[4.913s] -- Up-to-date: /cc_ws/tros_ws/install/include/orb_slam3/Thirdparty//Sophus/sophus/rxso3.hpp
[4.913s] -- Up-to-date: /cc_ws/tros_ws/install/include/orb_slam3/Thirdparty//Sophus/sophus/sim2.hpp
[4.917s] -- Up-to-date: /cc_ws/tros_ws/install/include/orb_slam3/Thirdparty//Sophus/sophus/interpolate.hpp
[4.918s] -- Up-to-date: /cc_ws/tros_ws/install/include/orb_slam3/Thirdparty//Sophus/sophus/interpolate_details.hpp
[4.918s] -- Up-to-date: /cc_ws/tros_ws/install/include/orb_slam3/Thirdparty//Sophus/sophus/average.hpp
[4.918s] -- Up-to-date: /cc_ws/tros_ws/install/include/orb_slam3/Thirdparty//Sophus/sophus/formatstring.hpp
[4.918s] -- Up-to-date: /cc_ws/tros_ws/install/include/orb_slam3/Thirdparty//Sophus/sophus/geometry.hpp
[4.918s] -- Up-to-date: /cc_ws/tros_ws/install/include/orb_slam3/Thirdparty//Sophus/sophus/velocities.hpp
[4.918s] -- Up-to-date: /cc_ws/tros_ws/install/include/orb_slam3/Thirdparty//Sophus/.travis.yml
[4.918s] -- Up-to-date: /cc_ws/tros_ws/install/include/orb_slam3/Thirdparty//g2o
[4.918s] -- Up-to-date: /cc_ws/tros_ws/install/include/orb_slam3/Thirdparty//g2o/config.h
[4.918s] -- Up-to-date: /cc_ws/tros_ws/install/include/orb_slam3/Thirdparty//g2o/CMakeLists.txt
[4.918s] -- Up-to-date: /cc_ws/tros_ws/install/include/orb_slam3/Thirdparty//g2o/license-bsd.txt
[4.919s] -- Up-to-date: /cc_ws/tros_ws/install/include/orb_slam3/Thirdparty//g2o/README.txt
[4.919s] -- Up-to-date: /cc_ws/tros_ws/install/include/orb_slam3/Thirdparty//g2o/lib
[4.919s] -- Up-to-date: /cc_ws/tros_ws/install/include/orb_slam3/Thirdparty//g2o/lib/libg2o.so
[4.922s] -- Up-to-date: /cc_ws/tros_ws/install/include/orb_slam3/Thirdparty//g2o/g2o
[4.928s] -- Up-to-date: /cc_ws/tros_ws/install/include/orb_slam3/Thirdparty//g2o/g2o/solvers
[4.928s] -- Up-to-date: /cc_ws/tros_ws/install/include/orb_slam3/Thirdparty//g2o/g2o/solvers/linear_solver_dense.h
[4.928s] -- Up-to-date: /cc_ws/tros_ws/install/include/orb_slam3/Thirdparty//g2o/g2o/solvers/linear_solver_eigen.h
[4.928s] -- Up-to-date: /cc_ws/tros_ws/install/include/orb_slam3/Thirdparty//g2o/g2o/types
[4.928s] -- Up-to-date: /cc_ws/tros_ws/install/include/orb_slam3/Thirdparty//g2o/g2o/types/sim3.h
[4.928s] -- Up-to-date: /cc_ws/tros_ws/install/include/orb_slam3/Thirdparty//g2o/g2o/types/types_six_dof_expmap.cpp
[4.928s] -- Up-to-date: /cc_ws/tros_ws/install/include/orb_slam3/Thirdparty//g2o/g2o/types/se3mat.h
[4.928s] -- Up-to-date: /cc_ws/tros_ws/install/include/orb_slam3/Thirdparty//g2o/g2o/types/se3_ops.hpp
[4.928s] -- Up-to-date: /cc_ws/tros_ws/install/include/orb_slam3/Thirdparty//g2o/g2o/types/types_seven_dof_expmap.cpp
[4.928s] -- Up-to-date: /cc_ws/tros_ws/install/include/orb_slam3/Thirdparty//g2o/g2o/types/types_six_dof_expmap.h
[4.929s] -- Up-to-date: /cc_ws/tros_ws/install/include/orb_slam3/Thirdparty//g2o/g2o/types/se3_ops.h
[4.929s] -- Up-to-date: /cc_ws/tros_ws/install/include/orb_slam3/Thirdparty//g2o/g2o/types/se3mat.cpp
[4.929s] -- Up-to-date: /cc_ws/tros_ws/install/include/orb_slam3/Thirdparty//g2o/g2o/types/types_seven_dof_expmap.h
[4.929s] -- Up-to-date: /cc_ws/tros_ws/install/include/orb_slam3/Thirdparty//g2o/g2o/types/types_sba.cpp
[4.929s] -- Up-to-date: /cc_ws/tros_ws/install/include/orb_slam3/Thirdparty//g2o/g2o/types/se3quat.h
[4.929s] -- Up-to-date: /cc_ws/tros_ws/install/include/orb_slam3/Thirdparty//g2o/g2o/types/types_sba.h
[4.929s] -- Up-to-date: /cc_ws/tros_ws/install/include/orb_slam3/Thirdparty//g2o/g2o/stuff
[4.929s] -- Up-to-date: /cc_ws/tros_ws/install/include/orb_slam3/Thirdparty//g2o/g2o/stuff/color_macros.h
[4.929s] -- Up-to-date: /cc_ws/tros_ws/install/include/orb_slam3/Thirdparty//g2o/g2o/stuff/string_tools.cpp
[4.930s] -- Up-to-date: /cc_ws/tros_ws/install/include/orb_slam3/Thirdparty//g2o/g2o/stuff/misc.h
[4.932s] -- Up-to-date: /cc_ws/tros_ws/install/include/orb_slam3/Thirdparty//g2o/g2o/stuff/macros.h
[4.932s] -- Up-to-date: /cc_ws/tros_ws/install/include/orb_slam3/Thirdparty//g2o/g2o/stuff/os_specific.c
[4.932s] -- Up-to-date: /cc_ws/tros_ws/install/include/orb_slam3/Thirdparty//g2o/g2o/stuff/os_specific.h
[4.933s] -- Up-to-date: /cc_ws/tros_ws/install/include/orb_slam3/Thirdparty//g2o/g2o/stuff/timeutil.h
[4.933s] -- Up-to-date: /cc_ws/tros_ws/install/include/orb_slam3/Thirdparty//g2o/g2o/stuff/string_tools.h
[4.933s] -- Up-to-date: /cc_ws/tros_ws/install/include/orb_slam3/Thirdparty//g2o/g2o/stuff/property.h
[4.933s] -- Up-to-date: /cc_ws/tros_ws/install/include/orb_slam3/Thirdparty//g2o/g2o/stuff/property.cpp
[4.934s] -- Up-to-date: /cc_ws/tros_ws/install/include/orb_slam3/Thirdparty//g2o/g2o/stuff/timeutil.cpp
[4.934s] -- Up-to-date: /cc_ws/tros_ws/install/include/orb_slam3/Thirdparty//g2o/g2o/core
[4.934s] -- Up-to-date: /cc_ws/tros_ws/install/include/orb_slam3/Thirdparty//g2o/g2o/core/sparse_optimizer.h
[4.934s] -- Up-to-date: /cc_ws/tros_ws/install/include/orb_slam3/Thirdparty//g2o/g2o/core/parameter.cpp
[4.934s] -- Up-to-date: /cc_ws/tros_ws/install/include/orb_slam3/Thirdparty//g2o/g2o/core/robust_kernel.cpp
[4.937s] -- Up-to-date: /cc_ws/tros_ws/install/include/orb_slam3/Thirdparty//g2o/g2o/core/sparse_optimizer.cpp
[4.937s] -- Up-to-date: /cc_ws/tros_ws/install/include/orb_slam3/Thirdparty//g2o/g2o/core/robust_kernel.h
[4.938s] -- Up-to-date: /cc_ws/tros_ws/install/include/orb_slam3/Thirdparty//g2o/g2o/core/optimization_algorithm_gauss_newton.cpp
[4.938s] -- Up-to-date: /cc_ws/tros_ws/install/include/orb_slam3/Thirdparty//g2o/g2o/core/optimization_algorithm_factory.cpp
[4.938s] -- Up-to-date: /cc_ws/tros_ws/install/include/orb_slam3/Thirdparty//g2o/g2o/core/base_binary_edge.h
[4.939s] -- Up-to-date: /cc_ws/tros_ws/install/include/orb_slam3/Thirdparty//g2o/g2o/core/optimization_algorithm_property.h
[4.939s] -- Up-to-date: /cc_ws/tros_ws/install/include/orb_slam3/Thirdparty//g2o/g2o/core/factory.cpp
[4.939s] -- Up-to-date: /cc_ws/tros_ws/install/include/orb_slam3/Thirdparty//g2o/g2o/core/optimization_algorithm_with_hessian.h
[4.939s] -- Up-to-date: /cc_ws/tros_ws/install/include/orb_slam3/Thirdparty//g2o/g2o/core/hyper_graph_action.h
[4.940s] -- Up-to-date: /cc_ws/tros_ws/install/include/orb_slam3/Thirdparty//g2o/g2o/core/sparse_block_matrix.hpp
[4.940s] -- Up-to-date: /cc_ws/tros_ws/install/include/orb_slam3/Thirdparty//g2o/g2o/core/base_binary_edge.hpp
[4.940s] -- Up-to-date: /cc_ws/tros_ws/install/include/orb_slam3/Thirdparty//g2o/g2o/core/optimization_algorithm.h
[4.941s] -- Up-to-date: /cc_ws/tros_ws/install/include/orb_slam3/Thirdparty//g2o/g2o/core/base_unary_edge.h
[4.944s] -- Up-to-date: /cc_ws/tros_ws/install/include/orb_slam3/Thirdparty//g2o/g2o/core/sparse_block_matrix_ccs.h
[4.944s] -- Up-to-date: /cc_ws/tros_ws/install/include/orb_slam3/Thirdparty//g2o/g2o/core/block_solver.h
[4.947s] -- Up-to-date: /cc_ws/tros_ws/install/include/orb_slam3/Thirdparty//g2o/g2o/core/sparse_block_matrix.h
[4.947s] -- Up-to-date: /cc_ws/tros_ws/install/include/orb_slam3/Thirdparty//g2o/g2o/core/parameter_container.cpp
[4.947s] -- Up-to-date: /cc_ws/tros_ws/install/include/orb_slam3/Thirdparty//g2o/g2o/core/robust_kernel_impl.cpp
[4.947s] -- Up-to-date: /cc_ws/tros_ws/install/include/orb_slam3/Thirdparty//g2o/g2o/core/optimization_algorithm_dogleg.h
[4.947s] -- Up-to-date: /cc_ws/tros_ws/install/include/orb_slam3/Thirdparty//g2o/g2o/core/base_vertex.h
[4.961s] -- Up-to-date: /cc_ws/tros_ws/install/include/orb_slam3/Thirdparty//g2o/g2o/core/optimizable_graph.h
[4.962s] -- Up-to-date: /cc_ws/tros_ws/install/include/orb_slam3/Thirdparty//g2o/g2o/core/matrix_structure.cpp
[4.962s] -- Up-to-date: /cc_ws/tros_ws/install/include/orb_slam3/Thirdparty//g2o/g2o/core/optimization_algorithm_with_hessian.cpp
[4.962s] -- Up-to-date: /cc_ws/tros_ws/install/include/orb_slam3/Thirdparty//g2o/g2o/core/marginal_covariance_cholesky.h
[4.962s] -- Up-to-date: /cc_ws/tros_ws/install/include/orb_slam3/Thirdparty//g2o/g2o/core/eigen_types.h
[4.962s] -- Up-to-date: /cc_ws/tros_ws/install/include/orb_slam3/Thirdparty//g2o/g2o/core/optimization_algorithm_levenberg.h
[4.962s] -- Up-to-date: /cc_ws/tros_ws/install/include/orb_slam3/Thirdparty//g2o/g2o/core/matrix_structure.h
[4.962s] -- Up-to-date: /cc_ws/tros_ws/install/include/orb_slam3/Thirdparty//g2o/g2o/core/sparse_block_matrix_test.cpp
[4.962s] -- Up-to-date: /cc_ws/tros_ws/install/include/orb_slam3/Thirdparty//g2o/g2o/core/optimization_algorithm_factory.h
[4.962s] -- Up-to-date: /cc_ws/tros_ws/install/include/orb_slam3/Thirdparty//g2o/g2o/core/jacobian_workspace.h
[4.963s] -- Up-to-date: /cc_ws/tros_ws/install/include/orb_slam3/Thirdparty//g2o/g2o/core/robust_kernel_factory.cpp
[4.963s] -- Up-to-date: /cc_ws/tros_ws/install/include/orb_slam3/Thirdparty//g2o/g2o/core/estimate_propagator.h
[4.963s] -- Up-to-date: /cc_ws/tros_ws/install/include/orb_slam3/Thirdparty//g2o/g2o/core/hyper_graph.cpp
[4.963s] -- Up-to-date: /cc_ws/tros_ws/install/include/orb_slam3/Thirdparty//g2o/g2o/core/sparse_block_matrix_diagonal.h
[4.963s] -- Up-to-date: /cc_ws/tros_ws/install/include/orb_slam3/Thirdparty//g2o/g2o/core/solver.cpp
[4.963s] -- Up-to-date: /cc_ws/tros_ws/install/include/orb_slam3/Thirdparty//g2o/g2o/core/hyper_graph_action.cpp
[4.963s] -- Up-to-date: /cc_ws/tros_ws/install/include/orb_slam3/Thirdparty//g2o/g2o/core/estimate_propagator.cpp
[4.963s] -- Up-to-date: /cc_ws/tros_ws/install/include/orb_slam3/Thirdparty//g2o/g2o/core/jacobian_workspace.cpp
[4.964s] -- Up-to-date: /cc_ws/tros_ws/install/include/orb_slam3/Thirdparty//g2o/g2o/core/batch_stats.cpp
[4.964s] -- Up-to-date: /cc_ws/tros_ws/install/include/orb_slam3/Thirdparty//g2o/g2o/core/optimization_algorithm.cpp
[4.964s] -- Up-to-date: /cc_ws/tros_ws/install/include/orb_slam3/Thirdparty//g2o/g2o/core/cache.cpp
[4.964s] -- Up-to-date: /cc_ws/tros_ws/install/include/orb_slam3/Thirdparty//g2o/g2o/core/robust_kernel_factory.h
[4.964s] -- Up-to-date: /cc_ws/tros_ws/install/include/orb_slam3/Thirdparty//g2o/g2o/core/optimization_algorithm_dogleg.cpp
[4.964s] -- Up-to-date: /cc_ws/tros_ws/install/include/orb_slam3/Thirdparty//g2o/g2o/core/matrix_operations.h
[4.964s] -- Up-to-date: /cc_ws/tros_ws/install/include/orb_slam3/Thirdparty//g2o/g2o/core/robust_kernel_impl.h
[4.964s] -- Up-to-date: /cc_ws/tros_ws/install/include/orb_slam3/Thirdparty//g2o/g2o/core/solver.h
[4.964s] -- Up-to-date: /cc_ws/tros_ws/install/include/orb_slam3/Thirdparty//g2o/g2o/core/marginal_covariance_cholesky.cpp
[4.965s] -- Up-to-date: /cc_ws/tros_ws/install/include/orb_slam3/Thirdparty//g2o/g2o/core/parameter_container.h
[4.965s] -- Up-to-date: /cc_ws/tros_ws/install/include/orb_slam3/Thirdparty//g2o/g2o/core/linear_solver.h
[4.965s] -- Up-to-date: /cc_ws/tros_ws/install/include/orb_slam3/Thirdparty//g2o/g2o/core/batch_stats.h
[4.965s] -- Up-to-date: /cc_ws/tros_ws/install/include/orb_slam3/Thirdparty//g2o/g2o/core/factory.h
[4.965s] -- Up-to-date: /cc_ws/tros_ws/install/include/orb_slam3/Thirdparty//g2o/g2o/core/optimizable_graph.cpp
[4.965s] -- Up-to-date: /cc_ws/tros_ws/install/include/orb_slam3/Thirdparty//g2o/g2o/core/openmp_mutex.h
[4.965s] -- Up-to-date: /cc_ws/tros_ws/install/include/orb_slam3/Thirdparty//g2o/g2o/core/base_unary_edge.hpp
[4.965s] -- Up-to-date: /cc_ws/tros_ws/install/include/orb_slam3/Thirdparty//g2o/g2o/core/base_vertex.hpp
[4.965s] -- Up-to-date: /cc_ws/tros_ws/install/include/orb_slam3/Thirdparty//g2o/g2o/core/creators.h
[4.965s] -- Up-to-date: /cc_ws/tros_ws/install/include/orb_slam3/Thirdparty//g2o/g2o/core/base_multi_edge.h
[4.966s] -- Up-to-date: /cc_ws/tros_ws/install/include/orb_slam3/Thirdparty//g2o/g2o/core/parameter.h
[4.966s] -- Up-to-date: /cc_ws/tros_ws/install/include/orb_slam3/Thirdparty//g2o/g2o/core/optimization_algorithm_levenberg.cpp
[4.966s] -- Up-to-date: /cc_ws/tros_ws/install/include/orb_slam3/Thirdparty//g2o/g2o/core/hyper_graph.h
[4.966s] -- Up-to-date: /cc_ws/tros_ws/install/include/orb_slam3/Thirdparty//g2o/g2o/core/block_solver.hpp
[4.966s] -- Up-to-date: /cc_ws/tros_ws/install/include/orb_slam3/Thirdparty//g2o/g2o/core/hyper_dijkstra.cpp
[4.966s] -- Up-to-date: /cc_ws/tros_ws/install/include/orb_slam3/Thirdparty//g2o/g2o/core/optimization_algorithm_gauss_newton.h
[4.966s] -- Up-to-date: /cc_ws/tros_ws/install/include/orb_slam3/Thirdparty//g2o/g2o/core/hyper_dijkstra.h
[4.966s] -- Up-to-date: /cc_ws/tros_ws/install/include/orb_slam3/Thirdparty//g2o/g2o/core/base_multi_edge.hpp
[4.967s] -- Up-to-date: /cc_ws/tros_ws/install/include/orb_slam3/Thirdparty//g2o/g2o/core/cache.h
[4.967s] -- Up-to-date: /cc_ws/tros_ws/install/include/orb_slam3/Thirdparty//g2o/g2o/core/base_edge.h
[4.967s] -- Up-to-date: /cc_ws/tros_ws/install/include/orb_slam3/Thirdparty//g2o/config.h.in
[4.967s] -- Up-to-date: /cc_ws/tros_ws/install/include/orb_slam3/Thirdparty//DBoW2
[4.967s] -- Up-to-date: /cc_ws/tros_ws/install/include/orb_slam3/Thirdparty//DBoW2/CMakeLists.txt
[4.967s] -- Up-to-date: /cc_ws/tros_ws/install/include/orb_slam3/Thirdparty//DBoW2/README.txt
[4.967s] -- Up-to-date: /cc_ws/tros_ws/install/include/orb_slam3/Thirdparty//DBoW2/DUtils
[4.967s] -- Up-to-date: /cc_ws/tros_ws/install/include/orb_slam3/Thirdparty//DBoW2/DUtils/Timestamp.cpp
[4.967s] -- Up-to-date: /cc_ws/tros_ws/install/include/orb_slam3/Thirdparty//DBoW2/DUtils/Random.cpp
[4.968s] -- Up-to-date: /cc_ws/tros_ws/install/include/orb_slam3/Thirdparty//DBoW2/DUtils/Timestamp.h
[4.968s] -- Up-to-date: /cc_ws/tros_ws/install/include/orb_slam3/Thirdparty//DBoW2/DUtils/Random.h
[4.968s] -- Up-to-date: /cc_ws/tros_ws/install/include/orb_slam3/Thirdparty//DBoW2/DBoW2
[4.968s] -- Up-to-date: /cc_ws/tros_ws/install/include/orb_slam3/Thirdparty//DBoW2/DBoW2/FORB.h
[4.968s] -- Up-to-date: /cc_ws/tros_ws/install/include/orb_slam3/Thirdparty//DBoW2/DBoW2/FeatureVector.cpp
[4.969s] -- Up-to-date: /cc_ws/tros_ws/install/include/orb_slam3/Thirdparty//DBoW2/DBoW2/TemplatedVocabulary.h
[4.969s] -- Up-to-date: /cc_ws/tros_ws/install/include/orb_slam3/Thirdparty//DBoW2/DBoW2/BowVector.h
[4.969s] -- Up-to-date: /cc_ws/tros_ws/install/include/orb_slam3/Thirdparty//DBoW2/DBoW2/ScoringObject.cpp
[4.969s] -- Up-to-date: /cc_ws/tros_ws/install/include/orb_slam3/Thirdparty//DBoW2/DBoW2/BowVector.cpp
[4.969s] -- Up-to-date: /cc_ws/tros_ws/install/include/orb_slam3/Thirdparty//DBoW2/DBoW2/FORB.cpp
[4.969s] -- Up-to-date: /cc_ws/tros_ws/install/include/orb_slam3/Thirdparty//DBoW2/DBoW2/ScoringObject.h
[4.970s] -- Up-to-date: /cc_ws/tros_ws/install/include/orb_slam3/Thirdparty//DBoW2/DBoW2/FeatureVector.h
[4.970s] -- Up-to-date: /cc_ws/tros_ws/install/include/orb_slam3/Thirdparty//DBoW2/DBoW2/FClass.h
[4.970s] -- Up-to-date: /cc_ws/tros_ws/install/lib/liborb_slam3.so
[4.970s] -- Up-to-date: /cc_ws/tros_ws/install/lib/libDBoW2.so
[4.970s] -- Up-to-date: /cc_ws/tros_ws/install/lib/libg2o.so
[4.971s] -- Up-to-date: /cc_ws/tros_ws/install/share/orb_slam3/Examples
[4.971s] -- Up-to-date: /cc_ws/tros_ws/install/share/orb_slam3/Examples/RGB-D-Inertial
[4.971s] -- Up-to-date: /cc_ws/tros_ws/install/share/orb_slam3/Examples/RGB-D-Inertial/RealSense_D435i.yaml
[4.971s] -- Up-to-date: /cc_ws/tros_ws/install/share/orb_slam3/Examples/RGB-D-Inertial/rgbd_inertial_realsense_D435i.cc
[4.971s] -- Up-to-date: /cc_ws/tros_ws/install/share/orb_slam3/Examples/Monocular-Inertial
[4.971s] -- Up-to-date: /cc_ws/tros_ws/install/share/orb_slam3/Examples/Monocular-Inertial/EuRoC_TimeStamps
[4.971s] -- Up-to-date: /cc_ws/tros_ws/install/share/orb_slam3/Examples/Monocular-Inertial/EuRoC_TimeStamps/V202.txt
[4.972s] -- Up-to-date: /cc_ws/tros_ws/install/share/orb_slam3/Examples/Monocular-Inertial/EuRoC_TimeStamps/MH03.txt
[4.972s] -- Up-to-date: /cc_ws/tros_ws/install/share/orb_slam3/Examples/Monocular-Inertial/EuRoC_TimeStamps/V101.txt
[4.972s] -- Up-to-date: /cc_ws/tros_ws/install/share/orb_slam3/Examples/Monocular-Inertial/EuRoC_TimeStamps/MH05.txt
[4.972s] -- Up-to-date: /cc_ws/tros_ws/install/share/orb_slam3/Examples/Monocular-Inertial/EuRoC_TimeStamps/V201.txt
[4.972s] -- Up-to-date: /cc_ws/tros_ws/install/share/orb_slam3/Examples/Monocular-Inertial/EuRoC_TimeStamps/MH01.txt
[4.972s] -- Up-to-date: /cc_ws/tros_ws/install/share/orb_slam3/Examples/Monocular-Inertial/EuRoC_TimeStamps/V102.txt
[4.972s] -- Up-to-date: /cc_ws/tros_ws/install/share/orb_slam3/Examples/Monocular-Inertial/EuRoC_TimeStamps/MH04.txt
[4.972s] -- Up-to-date: /cc_ws/tros_ws/install/share/orb_slam3/Examples/Monocular-Inertial/EuRoC_TimeStamps/V103.txt
[4.972s] -- Up-to-date: /cc_ws/tros_ws/install/share/orb_slam3/Examples/Monocular-Inertial/EuRoC_TimeStamps/MH02.txt
[4.972s] -- Up-to-date: /cc_ws/tros_ws/install/share/orb_slam3/Examples/Monocular-Inertial/EuRoC_TimeStamps/V203.txt
[4.973s] -- Up-to-date: /cc_ws/tros_ws/install/share/orb_slam3/Examples/Monocular-Inertial/TUM_TimeStamps
[4.973s] -- Up-to-date: /cc_ws/tros_ws/install/share/orb_slam3/Examples/Monocular-Inertial/TUM_TimeStamps/dataset-outdoors4_512.txt
[4.973s] -- Up-to-date: /cc_ws/tros_ws/install/share/orb_slam3/Examples/Monocular-Inertial/TUM_TimeStamps/dataset-magistrale2_512.txt
[4.973s] -- Up-to-date: /cc_ws/tros_ws/install/share/orb_slam3/Examples/Monocular-Inertial/TUM_TimeStamps/dataset-corridor1_512.txt
[4.973s] -- Up-to-date: /cc_ws/tros_ws/install/share/orb_slam3/Examples/Monocular-Inertial/TUM_TimeStamps/dataset-room1_512.txt
[4.973s] -- Up-to-date: /cc_ws/tros_ws/install/share/orb_slam3/Examples/Monocular-Inertial/TUM_TimeStamps/dataset-corridor2_1024.txt
[4.973s] -- Up-to-date: /cc_ws/tros_ws/install/share/orb_slam3/Examples/Monocular-Inertial/TUM_TimeStamps/dataset-magistrale4_512.txt
[4.973s] -- Up-to-date: /cc_ws/tros_ws/install/share/orb_slam3/Examples/Monocular-Inertial/TUM_TimeStamps/dataset-corridor2_512.txt
[4.973s] -- Up-to-date: /cc_ws/tros_ws/install/share/orb_slam3/Examples/Monocular-Inertial/TUM_TimeStamps/dataset-slides3_512.txt
[4.973s] -- Up-to-date: /cc_ws/tros_ws/install/share/orb_slam3/Examples/Monocular-Inertial/TUM_TimeStamps/dataset-magistrale3_512.txt
[4.974s] -- Up-to-date: /cc_ws/tros_ws/install/share/orb_slam3/Examples/Monocular-Inertial/TUM_TimeStamps/dataset-slides2_512.txt
[4.974s] -- Up-to-date: /cc_ws/tros_ws/install/share/orb_slam3/Examples/Monocular-Inertial/TUM_TimeStamps/dataset-corridor3_512.txt
[4.974s] -- Up-to-date: /cc_ws/tros_ws/install/share/orb_slam3/Examples/Monocular-Inertial/TUM_TimeStamps/dataset-outdoors3_512.txt
[4.974s] -- Up-to-date: /cc_ws/tros_ws/install/share/orb_slam3/Examples/Monocular-Inertial/TUM_TimeStamps/dataset-slides1_512.txt
[4.974s] -- Up-to-date: /cc_ws/tros_ws/install/share/orb_slam3/Examples/Monocular-Inertial/TUM_TimeStamps/dataset-corridor5_512.txt
[4.974s] -- Up-to-date: /cc_ws/tros_ws/install/share/orb_slam3/Examples/Monocular-Inertial/TUM_TimeStamps/dataset-magistrale1_512.txt
[4.975s] -- Up-to-date: /cc_ws/tros_ws/install/share/orb_slam3/Examples/Monocular-Inertial/TUM_TimeStamps/dataset-magistrale6_512.txt
[4.975s] -- Up-to-date: /cc_ws/tros_ws/install/share/orb_slam3/Examples/Monocular-Inertial/TUM_TimeStamps/dataset-outdoors7_512.txt
[4.976s] -- Up-to-date: /cc_ws/tros_ws/install/share/orb_slam3/Examples/Monocular-Inertial/TUM_TimeStamps/dataset-outdoors1_512.txt
[4.976s] -- Up-to-date: /cc_ws/tros_ws/install/share/orb_slam3/Examples/Monocular-Inertial/TUM_TimeStamps/dataset-corridor4_512.txt
[4.976s] -- Up-to-date: /cc_ws/tros_ws/install/share/orb_slam3/Examples/Monocular-Inertial/TUM_TimeStamps/dataset-outdoors2_512.txt
[4.976s] -- Up-to-date: /cc_ws/tros_ws/install/share/orb_slam3/Examples/Monocular-Inertial/TUM_TimeStamps/dataset-outdoors8_512.txt
[4.976s] -- Up-to-date: /cc_ws/tros_ws/install/share/orb_slam3/Examples/Monocular-Inertial/TUM_TimeStamps/dataset-room6_512.txt
[4.976s] -- Up-to-date: /cc_ws/tros_ws/install/share/orb_slam3/Examples/Monocular-Inertial/TUM_TimeStamps/dataset-room5_512.txt
[4.976s] -- Up-to-date: /cc_ws/tros_ws/install/share/orb_slam3/Examples/Monocular-Inertial/TUM_TimeStamps/dataset-outdoors5_512.txt
[4.977s] -- Up-to-date: /cc_ws/tros_ws/install/share/orb_slam3/Examples/Monocular-Inertial/TUM_TimeStamps/dataset-magistrale5_512.txt
[4.977s] -- Up-to-date: /cc_ws/tros_ws/install/share/orb_slam3/Examples/Monocular-Inertial/TUM_TimeStamps/dataset-room4_512.txt
[4.977s] -- Up-to-date: /cc_ws/tros_ws/install/share/orb_slam3/Examples/Monocular-Inertial/TUM_TimeStamps/dataset-room3_512.txt
[4.977s] -- Up-to-date: /cc_ws/tros_ws/install/share/orb_slam3/Examples/Monocular-Inertial/TUM_TimeStamps/dataset-room2_512.txt
[4.977s] -- Up-to-date: /cc_ws/tros_ws/install/share/orb_slam3/Examples/Monocular-Inertial/TUM_TimeStamps/dataset-outdoors6_512.txt
[4.977s] -- Up-to-date: /cc_ws/tros_ws/install/share/orb_slam3/Examples/Monocular-Inertial/TUM-VI_far.yaml
[4.977s] -- Up-to-date: /cc_ws/tros_ws/install/share/orb_slam3/Examples/Monocular-Inertial/RealSense_D435i.yaml
[4.978s] -- Up-to-date: /cc_ws/tros_ws/install/share/orb_slam3/Examples/Monocular-Inertial/mono_inertial_tum_vi
[4.979s] -- Up-to-date: /cc_ws/tros_ws/install/share/orb_slam3/Examples/Monocular-Inertial/mono_inertial_tum_vi.cc
[4.979s] -- Up-to-date: /cc_ws/tros_ws/install/share/orb_slam3/Examples/Monocular-Inertial/TUM-VI.yaml
[4.979s] -- Up-to-date: /cc_ws/tros_ws/install/share/orb_slam3/Examples/Monocular-Inertial/mono_inertial_realsense_D435i_image.cc
[4.979s] -- Up-to-date: /cc_ws/tros_ws/install/share/orb_slam3/Examples/Monocular-Inertial/TUM_IMU
[4.980s] -- Up-to-date: /cc_ws/tros_ws/install/share/orb_slam3/Examples/Monocular-Inertial/TUM_IMU/dataset-outdoors4_512.txt
[4.980s] -- Up-to-date: /cc_ws/tros_ws/install/share/orb_slam3/Examples/Monocular-Inertial/TUM_IMU/dataset-magistrale2_512.txt
[4.980s] -- Up-to-date: /cc_ws/tros_ws/install/share/orb_slam3/Examples/Monocular-Inertial/TUM_IMU/dataset-corridor1_512.txt
[4.980s] -- Up-to-date: /cc_ws/tros_ws/install/share/orb_slam3/Examples/Monocular-Inertial/TUM_IMU/dataset-room1_512.txt
[4.981s] -- Up-to-date: /cc_ws/tros_ws/install/share/orb_slam3/Examples/Monocular-Inertial/TUM_IMU/dataset-corridor2_1024.txt
[4.981s] -- Up-to-date: /cc_ws/tros_ws/install/share/orb_slam3/Examples/Monocular-Inertial/TUM_IMU/dataset-magistrale4_512.txt
[4.981s] -- Up-to-date: /cc_ws/tros_ws/install/share/orb_slam3/Examples/Monocular-Inertial/TUM_IMU/dataset-corridor2_512.txt
[4.981s] -- Up-to-date: /cc_ws/tros_ws/install/share/orb_slam3/Examples/Monocular-Inertial/TUM_IMU/dataset-slides3_512.txt
[4.981s] -- Up-to-date: /cc_ws/tros_ws/install/share/orb_slam3/Examples/Monocular-Inertial/TUM_IMU/dataset-magistrale3_512.txt
[4.981s] -- Up-to-date: /cc_ws/tros_ws/install/share/orb_slam3/Examples/Monocular-Inertial/TUM_IMU/dataset-slides2_512.txt
[4.981s] -- Up-to-date: /cc_ws/tros_ws/install/share/orb_slam3/Examples/Monocular-Inertial/TUM_IMU/dataset-corridor3_512.txt
[4.982s] -- Up-to-date: /cc_ws/tros_ws/install/share/orb_slam3/Examples/Monocular-Inertial/TUM_IMU/dataset-outdoors3_512.txt
[4.982s] -- Up-to-date: /cc_ws/tros_ws/install/share/orb_slam3/Examples/Monocular-Inertial/TUM_IMU/dataset-slides1_512.txt
[4.982s] -- Up-to-date: /cc_ws/tros_ws/install/share/orb_slam3/Examples/Monocular-Inertial/TUM_IMU/dataset-corridor5_512.txt
[4.982s] -- Up-to-date: /cc_ws/tros_ws/install/share/orb_slam3/Examples/Monocular-Inertial/TUM_IMU/dataset-magistrale1_512.txt
[4.982s] -- Up-to-date: /cc_ws/tros_ws/install/share/orb_slam3/Examples/Monocular-Inertial/TUM_IMU/dataset-magistrale6_512.txt
[4.982s] -- Up-to-date: /cc_ws/tros_ws/install/share/orb_slam3/Examples/Monocular-Inertial/TUM_IMU/dataset-outdoors7_512.txt
[4.983s] -- Up-to-date: /cc_ws/tros_ws/install/share/orb_slam3/Examples/Monocular-Inertial/TUM_IMU/dataset-outdoors1_512.txt
[4.983s] -- Up-to-date: /cc_ws/tros_ws/install/share/orb_slam3/Examples/Monocular-Inertial/TUM_IMU/dataset-corridor4_512.txt
[4.983s] -- Up-to-date: /cc_ws/tros_ws/install/share/orb_slam3/Examples/Monocular-Inertial/TUM_IMU/dataset-outdoors2_512.txt
[4.983s] -- Up-to-date: /cc_ws/tros_ws/install/share/orb_slam3/Examples/Monocular-Inertial/TUM_IMU/dataset-outdoors8_512.txt
[4.983s] -- Up-to-date: /cc_ws/tros_ws/install/share/orb_slam3/Examples/Monocular-Inertial/TUM_IMU/dataset-room6_512.txt
[4.983s] -- Up-to-date: /cc_ws/tros_ws/install/share/orb_slam3/Examples/Monocular-Inertial/TUM_IMU/dataset-room5_512.txt
[4.984s] -- Up-to-date: /cc_ws/tros_ws/install/share/orb_slam3/Examples/Monocular-Inertial/TUM_IMU/dataset-outdoors5_512.txt
[4.984s] -- Up-to-date: /cc_ws/tros_ws/install/share/orb_slam3/Examples/Monocular-Inertial/TUM_IMU/dataset-magistrale5_512.txt
[4.984s] -- Up-to-date: /cc_ws/tros_ws/install/share/orb_slam3/Examples/Monocular-Inertial/TUM_IMU/dataset-room4_512.txt
[4.984s] -- Up-to-date: /cc_ws/tros_ws/install/share/orb_slam3/Examples/Monocular-Inertial/TUM_IMU/dataset-room3_512.txt
[4.984s] -- Up-to-date: /cc_ws/tros_ws/install/share/orb_slam3/Examples/Monocular-Inertial/TUM_IMU/dataset-room2_512.txt
[4.984s] -- Up-to-date: /cc_ws/tros_ws/install/share/orb_slam3/Examples/Monocular-Inertial/TUM_IMU/dataset-outdoors6_512.txt
[4.984s] -- Up-to-date: /cc_ws/tros_ws/install/share/orb_slam3/Examples/Monocular-Inertial/mono_inertial_euroc
[4.984s] -- Up-to-date: /cc_ws/tros_ws/install/share/orb_slam3/Examples/Monocular-Inertial/EuRoC_IMU
[4.985s] -- Up-to-date: /cc_ws/tros_ws/install/share/orb_slam3/Examples/Monocular-Inertial/EuRoC_IMU/V202.txt
[4.985s] -- Up-to-date: /cc_ws/tros_ws/install/share/orb_slam3/Examples/Monocular-Inertial/EuRoC_IMU/MH03.txt
[4.985s] -- Up-to-date: /cc_ws/tros_ws/install/share/orb_slam3/Examples/Monocular-Inertial/EuRoC_IMU/V101.txt
[4.985s] -- Up-to-date: /cc_ws/tros_ws/install/share/orb_slam3/Examples/Monocular-Inertial/EuRoC_IMU/MH05.txt
[4.985s] -- Up-to-date: /cc_ws/tros_ws/install/share/orb_slam3/Examples/Monocular-Inertial/EuRoC_IMU/V201.txt
[4.986s] -- Up-to-date: /cc_ws/tros_ws/install/share/orb_slam3/Examples/Monocular-Inertial/EuRoC_IMU/MH01.txt
[4.986s] -- Up-to-date: /cc_ws/tros_ws/install/share/orb_slam3/Examples/Monocular-Inertial/EuRoC_IMU/V102.txt
[4.986s] -- Up-to-date: /cc_ws/tros_ws/install/share/orb_slam3/Examples/Monocular-Inertial/EuRoC_IMU/MH04.txt
[4.986s] -- Up-to-date: /cc_ws/tros_ws/install/share/orb_slam3/Examples/Monocular-Inertial/EuRoC_IMU/V103.txt
[4.988s] -- Up-to-date: /cc_ws/tros_ws/install/share/orb_slam3/Examples/Monocular-Inertial/EuRoC_IMU/MH02.txt
[4.988s] -- Up-to-date: /cc_ws/tros_ws/install/share/orb_slam3/Examples/Monocular-Inertial/EuRoC_IMU/V203.txt
[4.988s] -- Up-to-date: /cc_ws/tros_ws/install/share/orb_slam3/Examples/Monocular-Inertial/mono_inertial_realsense_D435i.cc
[4.988s] -- Up-to-date: /cc_ws/tros_ws/install/share/orb_slam3/Examples/Monocular-Inertial/mono_inertial_realsense_D435i_image
[4.988s] -- Up-to-date: /cc_ws/tros_ws/install/share/orb_slam3/Examples/Monocular-Inertial/mono_inertial_realsense_t265.cc
[4.988s] -- Up-to-date: /cc_ws/tros_ws/install/share/orb_slam3/Examples/Monocular-Inertial/RealSense_T265.yaml
[4.988s] -- Up-to-date: /cc_ws/tros_ws/install/share/orb_slam3/Examples/Monocular-Inertial/EuRoC.yaml
[4.988s] -- Up-to-date: /cc_ws/tros_ws/install/share/orb_slam3/Examples/Monocular-Inertial/mono_inertial_euroc.cc
[4.989s] -- Up-to-date: /cc_ws/tros_ws/install/share/orb_slam3/Examples/REAMDME.md
[4.989s] -- Up-to-date: /cc_ws/tros_ws/install/share/orb_slam3/Examples/Monocular
[4.990s] -- Up-to-date: /cc_ws/tros_ws/install/share/orb_slam3/Examples/Monocular/mono_euroc
[4.991s] -- Up-to-date: /cc_ws/tros_ws/install/share/orb_slam3/Examples/Monocular/KITTI04-12.yaml
[4.991s] -- Up-to-date: /cc_ws/tros_ws/install/share/orb_slam3/Examples/Monocular/mono_realsense_D435i_image
[4.991s] -- Up-to-date: /cc_ws/tros_ws/install/share/orb_slam3/Examples/Monocular/EuRoC_TimeStamps
[4.991s] -- Up-to-date: /cc_ws/tros_ws/install/share/orb_slam3/Examples/Monocular/EuRoC_TimeStamps/V202.txt
[4.991s] -- Up-to-date: /cc_ws/tros_ws/install/share/orb_slam3/Examples/Monocular/EuRoC_TimeStamps/MH03.txt
[4.996s] -- Up-to-date: /cc_ws/tros_ws/install/share/orb_slam3/Examples/Monocular/EuRoC_TimeStamps/V101.txt
[4.996s] -- Up-to-date: /cc_ws/tros_ws/install/share/orb_slam3/Examples/Monocular/EuRoC_TimeStamps/MH05.txt
[4.996s] -- Up-to-date: /cc_ws/tros_ws/install/share/orb_slam3/Examples/Monocular/EuRoC_TimeStamps/V201.txt
[4.998s] -- Up-to-date: /cc_ws/tros_ws/install/share/orb_slam3/Examples/Monocular/EuRoC_TimeStamps/MH01.txt
[4.999s] -- Up-to-date: /cc_ws/tros_ws/install/share/orb_slam3/Examples/Monocular/EuRoC_TimeStamps/V102.txt
[5.000s] -- Up-to-date: /cc_ws/tros_ws/install/share/orb_slam3/Examples/Monocular/EuRoC_TimeStamps/MH04.txt
[5.000s] -- Up-to-date: /cc_ws/tros_ws/install/share/orb_slam3/Examples/Monocular/EuRoC_TimeStamps/V103.txt
[5.001s] -- Up-to-date: /cc_ws/tros_ws/install/share/orb_slam3/Examples/Monocular/EuRoC_TimeStamps/MH02.txt
[5.001s] -- Up-to-date: /cc_ws/tros_ws/install/share/orb_slam3/Examples/Monocular/EuRoC_TimeStamps/V203.txt
[5.002s] -- Up-to-date: /cc_ws/tros_ws/install/share/orb_slam3/Examples/Monocular/TUM3.yaml
[5.002s] -- Up-to-date: /cc_ws/tros_ws/install/share/orb_slam3/Examples/Monocular/TUM_TimeStamps
[5.002s] -- Up-to-date: /cc_ws/tros_ws/install/share/orb_slam3/Examples/Monocular/TUM_TimeStamps/dataset-outdoors4_512.txt
[5.002s] -- Up-to-date: /cc_ws/tros_ws/install/share/orb_slam3/Examples/Monocular/TUM_TimeStamps/dataset-magistrale2_512.txt
[5.002s] -- Up-to-date: /cc_ws/tros_ws/install/share/orb_slam3/Examples/Monocular/TUM_TimeStamps/dataset-corridor1_512.txt
[5.002s] -- Up-to-date: /cc_ws/tros_ws/install/share/orb_slam3/Examples/Monocular/TUM_TimeStamps/dataset-room1_512.txt
[5.003s] -- Up-to-date: /cc_ws/tros_ws/install/share/orb_slam3/Examples/Monocular/TUM_TimeStamps/dataset-corridor2_1024.txt
[5.003s] -- Up-to-date: /cc_ws/tros_ws/install/share/orb_slam3/Examples/Monocular/TUM_TimeStamps/dataset-magistrale4_512.txt
[5.003s] -- Up-to-date: /cc_ws/tros_ws/install/share/orb_slam3/Examples/Monocular/TUM_TimeStamps/dataset-corridor2_512.txt
[5.003s] -- Up-to-date: /cc_ws/tros_ws/install/share/orb_slam3/Examples/Monocular/TUM_TimeStamps/dataset-slides3_512.txt
[5.003s] -- Up-to-date: /cc_ws/tros_ws/install/share/orb_slam3/Examples/Monocular/TUM_TimeStamps/dataset-magistrale3_512.txt
[5.003s] -- Up-to-date: /cc_ws/tros_ws/install/share/orb_slam3/Examples/Monocular/TUM_TimeStamps/dataset-slides2_512.txt
[5.003s] -- Up-to-date: /cc_ws/tros_ws/install/share/orb_slam3/Examples/Monocular/TUM_TimeStamps/dataset-corridor3_512.txt
[5.003s] -- Up-to-date: /cc_ws/tros_ws/install/share/orb_slam3/Examples/Monocular/TUM_TimeStamps/dataset-outdoors3_512.txt
[5.004s] -- Up-to-date: /cc_ws/tros_ws/install/share/orb_slam3/Examples/Monocular/TUM_TimeStamps/dataset-slides1_512.txt
[5.004s] -- Up-to-date: /cc_ws/tros_ws/install/share/orb_slam3/Examples/Monocular/TUM_TimeStamps/dataset-corridor5_512.txt
[5.004s] -- Up-to-date: /cc_ws/tros_ws/install/share/orb_slam3/Examples/Monocular/TUM_TimeStamps/dataset-magistrale1_512.txt
[5.004s] -- Up-to-date: /cc_ws/tros_ws/install/share/orb_slam3/Examples/Monocular/TUM_TimeStamps/dataset-magistrale6_512.txt
[5.004s] -- Up-to-date: /cc_ws/tros_ws/install/share/orb_slam3/Examples/Monocular/TUM_TimeStamps/dataset-outdoors7_512.txt
[5.004s] -- Up-to-date: /cc_ws/tros_ws/install/share/orb_slam3/Examples/Monocular/TUM_TimeStamps/dataset-outdoors1_512.txt
[5.004s] -- Up-to-date: /cc_ws/tros_ws/install/share/orb_slam3/Examples/Monocular/TUM_TimeStamps/dataset-corridor4_512.txt
[5.004s] -- Up-to-date: /cc_ws/tros_ws/install/share/orb_slam3/Examples/Monocular/TUM_TimeStamps/dataset-outdoors2_512.txt
[5.004s] -- Up-to-date: /cc_ws/tros_ws/install/share/orb_slam3/Examples/Monocular/TUM_TimeStamps/dataset-outdoors8_512.txt
[5.005s] -- Up-to-date: /cc_ws/tros_ws/install/share/orb_slam3/Examples/Monocular/TUM_TimeStamps/dataset-room6_512.txt
[5.005s] -- Up-to-date: /cc_ws/tros_ws/install/share/orb_slam3/Examples/Monocular/TUM_TimeStamps/dataset-room5_512.txt
[5.005s] -- Up-to-date: /cc_ws/tros_ws/install/share/orb_slam3/Examples/Monocular/TUM_TimeStamps/dataset-outdoors5_512.txt
[5.005s] -- Up-to-date: /cc_ws/tros_ws/install/share/orb_slam3/Examples/Monocular/TUM_TimeStamps/dataset-magistrale5_512.txt
[5.005s] -- Up-to-date: /cc_ws/tros_ws/install/share/orb_slam3/Examples/Monocular/TUM_TimeStamps/dataset-room4_512.txt
[5.005s] -- Up-to-date: /cc_ws/tros_ws/install/share/orb_slam3/Examples/Monocular/TUM_TimeStamps/dataset-room3_512.txt
[5.005s] -- Up-to-date: /cc_ws/tros_ws/install/share/orb_slam3/Examples/Monocular/TUM_TimeStamps/dataset-room2_512.txt
[5.005s] -- Up-to-date: /cc_ws/tros_ws/install/share/orb_slam3/Examples/Monocular/TUM_TimeStamps/dataset-outdoors6_512.txt
[5.005s] -- Up-to-date: /cc_ws/tros_ws/install/share/orb_slam3/Examples/Monocular/mono_tum_vi
[5.006s] -- Up-to-date: /cc_ws/tros_ws/install/share/orb_slam3/Examples/Monocular/mono_realsense_D435i.cc
[5.006s] -- Up-to-date: /cc_ws/tros_ws/install/share/orb_slam3/Examples/Monocular/RealSense_D435i.yaml
[5.006s] -- Up-to-date: /cc_ws/tros_ws/install/share/orb_slam3/Examples/Monocular/mono_realsense_D435i_image.cc
[5.006s] -- Up-to-date: /cc_ws/tros_ws/install/share/orb_slam3/Examples/Monocular/TUM-VI.yaml
[5.006s] -- Up-to-date: /cc_ws/tros_ws/install/share/orb_slam3/Examples/Monocular/mono_euroc.cc
[5.006s] -- Up-to-date: /cc_ws/tros_ws/install/share/orb_slam3/Examples/Monocular/mono_kitti.cc
[5.006s] -- Up-to-date: /cc_ws/tros_ws/install/share/orb_slam3/Examples/Monocular/mono_tum.cc
[5.006s] -- Up-to-date: /cc_ws/tros_ws/install/share/orb_slam3/Examples/Monocular/mono_kitti
[5.007s] -- Up-to-date: /cc_ws/tros_ws/install/share/orb_slam3/Examples/Monocular/mono_tum
[5.007s] -- Up-to-date: /cc_ws/tros_ws/install/share/orb_slam3/Examples/Monocular/KITTI03.yaml
[5.007s] -- Up-to-date: /cc_ws/tros_ws/install/share/orb_slam3/Examples/Monocular/RealSense_T265.yaml
[5.008s] -- Up-to-date: /cc_ws/tros_ws/install/share/orb_slam3/Examples/Monocular/KITTI00-02.yaml
[5.009s] -- Up-to-date: /cc_ws/tros_ws/install/share/orb_slam3/Examples/Monocular/EuRoC.yaml
[5.009s] -- Up-to-date: /cc_ws/tros_ws/install/share/orb_slam3/Examples/Monocular/mono_tum_vi.cc
[5.009s] -- Up-to-date: /cc_ws/tros_ws/install/share/orb_slam3/Examples/Monocular/mono_realsense_t265.cc
[5.009s] -- Up-to-date: /cc_ws/tros_ws/install/share/orb_slam3/Examples/Monocular/TUM1.yaml
[5.009s] -- Up-to-date: /cc_ws/tros_ws/install/share/orb_slam3/Examples/Monocular/TUM2.yaml
[5.009s] -- Up-to-date: /cc_ws/tros_ws/install/share/orb_slam3/Examples/Calibration
[5.010s] -- Up-to-date: /cc_ws/tros_ws/install/share/orb_slam3/Examples/Calibration/recorder_realsense_D435i.cc
[5.010s] -- Up-to-date: /cc_ws/tros_ws/install/share/orb_slam3/Examples/Calibration/python_scripts
[5.010s] -- Up-to-date: /cc_ws/tros_ws/install/share/orb_slam3/Examples/Calibration/python_scripts/process_imu.py
[5.010s] -- Up-to-date: /cc_ws/tros_ws/install/share/orb_slam3/Examples/Calibration/create_vocabulary.cc
[5.010s] -- Up-to-date: /cc_ws/tros_ws/install/share/orb_slam3/Examples/Calibration/recorder_realsense_T265.cc
[5.010s] -- Up-to-date: /cc_ws/tros_ws/install/share/orb_slam3/Examples/Calibration/create_vocabulary
[5.010s] -- Up-to-date: /cc_ws/tros_ws/install/share/orb_slam3/Examples/Calibration/recorder_empty
[5.010s] -- Up-to-date: /cc_ws/tros_ws/install/share/orb_slam3/Examples/Calibration/recorder_empty/april_6x6_80x80cm_larues.yaml
[5.010s] -- Up-to-date: /cc_ws/tros_ws/install/share/orb_slam3/Examples/Stereo-Inertial
[5.011s] -- Up-to-date: /cc_ws/tros_ws/install/share/orb_slam3/Examples/Stereo-Inertial/stereo_inertial_euroc
[5.011s] -- Up-to-date: /cc_ws/tros_ws/install/share/orb_slam3/Examples/Stereo-Inertial/EuRoC_TimeStamps
[5.011s] -- Up-to-date: /cc_ws/tros_ws/install/share/orb_slam3/Examples/Stereo-Inertial/EuRoC_TimeStamps/V202.txt
[5.011s] -- Up-to-date: /cc_ws/tros_ws/install/share/orb_slam3/Examples/Stereo-Inertial/EuRoC_TimeStamps/MH03.txt
[5.011s] -- Up-to-date: /cc_ws/tros_ws/install/share/orb_slam3/Examples/Stereo-Inertial/EuRoC_TimeStamps/V101.txt
[5.011s] -- Up-to-date: /cc_ws/tros_ws/install/share/orb_slam3/Examples/Stereo-Inertial/EuRoC_TimeStamps/MH05.txt
[5.011s] -- Up-to-date: /cc_ws/tros_ws/install/share/orb_slam3/Examples/Stereo-Inertial/EuRoC_TimeStamps/V201.txt
[5.011s] -- Up-to-date: /cc_ws/tros_ws/install/share/orb_slam3/Examples/Stereo-Inertial/EuRoC_TimeStamps/MH01.txt
[5.012s] -- Up-to-date: /cc_ws/tros_ws/install/share/orb_slam3/Examples/Stereo-Inertial/EuRoC_TimeStamps/V102.txt
[5.012s] -- Up-to-date: /cc_ws/tros_ws/install/share/orb_slam3/Examples/Stereo-Inertial/EuRoC_TimeStamps/MH04.txt
[5.012s] -- Up-to-date: /cc_ws/tros_ws/install/share/orb_slam3/Examples/Stereo-Inertial/EuRoC_TimeStamps/V203_2.txt
[5.012s] -- Up-to-date: /cc_ws/tros_ws/install/share/orb_slam3/Examples/Stereo-Inertial/EuRoC_TimeStamps/V103.txt
[5.012s] -- Up-to-date: /cc_ws/tros_ws/install/share/orb_slam3/Examples/Stereo-Inertial/EuRoC_TimeStamps/MH02.txt
[5.012s] -- Up-to-date: /cc_ws/tros_ws/install/share/orb_slam3/Examples/Stereo-Inertial/EuRoC_TimeStamps/V203.txt
[5.012s] -- Up-to-date: /cc_ws/tros_ws/install/share/orb_slam3/Examples/Stereo-Inertial/TUM_TimeStamps
[5.012s] -- Up-to-date: /cc_ws/tros_ws/install/share/orb_slam3/Examples/Stereo-Inertial/TUM_TimeStamps/dataset-outdoors4_512.txt
[5.012s] -- Up-to-date: /cc_ws/tros_ws/install/share/orb_slam3/Examples/Stereo-Inertial/TUM_TimeStamps/dataset-magistrale2_512.txt
[5.013s] -- Up-to-date: /cc_ws/tros_ws/install/share/orb_slam3/Examples/Stereo-Inertial/TUM_TimeStamps/dataset-corridor1_512.txt
[5.013s] -- Up-to-date: /cc_ws/tros_ws/install/share/orb_slam3/Examples/Stereo-Inertial/TUM_TimeStamps/dataset-room1_512.txt
[5.013s] -- Up-to-date: /cc_ws/tros_ws/install/share/orb_slam3/Examples/Stereo-Inertial/TUM_TimeStamps/dataset-corridor2_1024.txt
[5.013s] -- Up-to-date: /cc_ws/tros_ws/install/share/orb_slam3/Examples/Stereo-Inertial/TUM_TimeStamps/dataset-magistrale4_512.txt
[5.013s] -- Up-to-date: /cc_ws/tros_ws/install/share/orb_slam3/Examples/Stereo-Inertial/TUM_TimeStamps/dataset-corridor2_512.txt
[5.013s] -- Up-to-date: /cc_ws/tros_ws/install/share/orb_slam3/Examples/Stereo-Inertial/TUM_TimeStamps/dataset-slides3_512.txt
[5.013s] -- Up-to-date: /cc_ws/tros_ws/install/share/orb_slam3/Examples/Stereo-Inertial/TUM_TimeStamps/dataset-magistrale3_512.txt
[5.013s] -- Up-to-date: /cc_ws/tros_ws/install/share/orb_slam3/Examples/Stereo-Inertial/TUM_TimeStamps/dataset-slides2_512.txt
[5.013s] -- Up-to-date: /cc_ws/tros_ws/install/share/orb_slam3/Examples/Stereo-Inertial/TUM_TimeStamps/dataset-corridor3_512.txt
[5.014s] -- Up-to-date: /cc_ws/tros_ws/install/share/orb_slam3/Examples/Stereo-Inertial/TUM_TimeStamps/dataset-outdoors3_512.txt
[5.014s] -- Up-to-date: /cc_ws/tros_ws/install/share/orb_slam3/Examples/Stereo-Inertial/TUM_TimeStamps/dataset-slides1_512.txt
[5.014s] -- Up-to-date: /cc_ws/tros_ws/install/share/orb_slam3/Examples/Stereo-Inertial/TUM_TimeStamps/dataset-corridor5_512.txt
[5.014s] -- Up-to-date: /cc_ws/tros_ws/install/share/orb_slam3/Examples/Stereo-Inertial/TUM_TimeStamps/dataset-magistrale1_512.txt
[5.014s] -- Up-to-date: /cc_ws/tros_ws/install/share/orb_slam3/Examples/Stereo-Inertial/TUM_TimeStamps/dataset-magistrale6_512.txt
[5.014s] -- Up-to-date: /cc_ws/tros_ws/install/share/orb_slam3/Examples/Stereo-Inertial/TUM_TimeStamps/dataset-outdoors7_512.txt
[5.014s] -- Up-to-date: /cc_ws/tros_ws/install/share/orb_slam3/Examples/Stereo-Inertial/TUM_TimeStamps/dataset-outdoors1_512.txt
[5.014s] -- Up-to-date: /cc_ws/tros_ws/install/share/orb_slam3/Examples/Stereo-Inertial/TUM_TimeStamps/dataset-corridor4_512.txt
[5.014s] -- Up-to-date: /cc_ws/tros_ws/install/share/orb_slam3/Examples/Stereo-Inertial/TUM_TimeStamps/dataset-outdoors2_512.txt
[5.015s] -- Up-to-date: /cc_ws/tros_ws/install/share/orb_slam3/Examples/Stereo-Inertial/TUM_TimeStamps/dataset-outdoors8_512.txt
[5.015s] -- Up-to-date: /cc_ws/tros_ws/install/share/orb_slam3/Examples/Stereo-Inertial/TUM_TimeStamps/dataset-room6_512.txt
[5.015s] -- Up-to-date: /cc_ws/tros_ws/install/share/orb_slam3/Examples/Stereo-Inertial/TUM_TimeStamps/dataset-room5_512.txt
[5.015s] -- Up-to-date: /cc_ws/tros_ws/install/share/orb_slam3/Examples/Stereo-Inertial/TUM_TimeStamps/dataset-outdoors5_512.txt
[5.015s] -- Up-to-date: /cc_ws/tros_ws/install/share/orb_slam3/Examples/Stereo-Inertial/TUM_TimeStamps/dataset-magistrale5_512.txt
[5.015s] -- Up-to-date: /cc_ws/tros_ws/install/share/orb_slam3/Examples/Stereo-Inertial/TUM_TimeStamps/dataset-room4_512.txt
[5.015s] -- Up-to-date: /cc_ws/tros_ws/install/share/orb_slam3/Examples/Stereo-Inertial/TUM_TimeStamps/dataset-room3_512.txt
[5.016s] -- Up-to-date: /cc_ws/tros_ws/install/share/orb_slam3/Examples/Stereo-Inertial/TUM_TimeStamps/dataset-room2_512.txt
[5.016s] -- Up-to-date: /cc_ws/tros_ws/install/share/orb_slam3/Examples/Stereo-Inertial/TUM_TimeStamps/dataset-outdoors6_512.txt
[5.016s] -- Up-to-date: /cc_ws/tros_ws/install/share/orb_slam3/Examples/Stereo-Inertial/stereo_inertial_realsense_D435i_image
[5.017s] -- Up-to-date: /cc_ws/tros_ws/install/share/orb_slam3/Examples/Stereo-Inertial/TUM-VI_far.yaml
[5.017s] -- Up-to-date: /cc_ws/tros_ws/install/share/orb_slam3/Examples/Stereo-Inertial/stereo_inertial_euroc.cc
[5.018s] -- Up-to-date: /cc_ws/tros_ws/install/share/orb_slam3/Examples/Stereo-Inertial/RealSense_D435i.yaml
[5.019s] -- Up-to-date: /cc_ws/tros_ws/install/share/orb_slam3/Examples/Stereo-Inertial/stereo_inertial_realsense_D435i_image.cc
[5.019s] -- Up-to-date: /cc_ws/tros_ws/install/share/orb_slam3/Examples/Stereo-Inertial/TUM-VI.yaml
[5.019s] -- Up-to-date: /cc_ws/tros_ws/install/share/orb_slam3/Examples/Stereo-Inertial/TUM_IMU
[5.019s] -- Up-to-date: /cc_ws/tros_ws/install/share/orb_slam3/Examples/Stereo-Inertial/TUM_IMU/dataset-outdoors4_512.txt
[5.019s] -- Up-to-date: /cc_ws/tros_ws/install/share/orb_slam3/Examples/Stereo-Inertial/TUM_IMU/dataset-magistrale2_512.txt
[5.019s] -- Up-to-date: /cc_ws/tros_ws/install/share/orb_slam3/Examples/Stereo-Inertial/TUM_IMU/dataset-corridor1_512.txt
[5.019s] -- Up-to-date: /cc_ws/tros_ws/install/share/orb_slam3/Examples/Stereo-Inertial/TUM_IMU/dataset-room1_512.txt
[5.020s] -- Up-to-date: /cc_ws/tros_ws/install/share/orb_slam3/Examples/Stereo-Inertial/TUM_IMU/dataset-corridor2_1024.txt
[5.020s] -- Up-to-date: /cc_ws/tros_ws/install/share/orb_slam3/Examples/Stereo-Inertial/TUM_IMU/dataset-magistrale4_512.txt
[5.020s] -- Up-to-date: /cc_ws/tros_ws/install/share/orb_slam3/Examples/Stereo-Inertial/TUM_IMU/dataset-corridor2_512.txt
[5.020s] -- Up-to-date: /cc_ws/tros_ws/install/share/orb_slam3/Examples/Stereo-Inertial/TUM_IMU/dataset-slides3_512.txt
[5.020s] -- Up-to-date: /cc_ws/tros_ws/install/share/orb_slam3/Examples/Stereo-Inertial/TUM_IMU/dataset-magistrale3_512.txt
[5.020s] -- Up-to-date: /cc_ws/tros_ws/install/share/orb_slam3/Examples/Stereo-Inertial/TUM_IMU/dataset-slides2_512.txt
[5.020s] -- Up-to-date: /cc_ws/tros_ws/install/share/orb_slam3/Examples/Stereo-Inertial/TUM_IMU/dataset-corridor3_512.txt
[5.020s] -- Up-to-date: /cc_ws/tros_ws/install/share/orb_slam3/Examples/Stereo-Inertial/TUM_IMU/dataset-outdoors3_512.txt
[5.020s] -- Up-to-date: /cc_ws/tros_ws/install/share/orb_slam3/Examples/Stereo-Inertial/TUM_IMU/dataset-slides1_512.txt
[5.021s] -- Up-to-date: /cc_ws/tros_ws/install/share/orb_slam3/Examples/Stereo-Inertial/TUM_IMU/dataset-corridor5_512.txt
[5.021s] -- Up-to-date: /cc_ws/tros_ws/install/share/orb_slam3/Examples/Stereo-Inertial/TUM_IMU/dataset-magistrale1_512.txt
[5.021s] -- Up-to-date: /cc_ws/tros_ws/install/share/orb_slam3/Examples/Stereo-Inertial/TUM_IMU/dataset-magistrale6_512.txt
[5.021s] -- Up-to-date: /cc_ws/tros_ws/install/share/orb_slam3/Examples/Stereo-Inertial/TUM_IMU/dataset-outdoors7_512.txt
[5.021s] -- Up-to-date: /cc_ws/tros_ws/install/share/orb_slam3/Examples/Stereo-Inertial/TUM_IMU/dataset-outdoors1_512.txt
[5.021s] -- Up-to-date: /cc_ws/tros_ws/install/share/orb_slam3/Examples/Stereo-Inertial/TUM_IMU/dataset-corridor4_512.txt
[5.021s] -- Up-to-date: /cc_ws/tros_ws/install/share/orb_slam3/Examples/Stereo-Inertial/TUM_IMU/dataset-outdoors2_512.txt
[5.021s] -- Up-to-date: /cc_ws/tros_ws/install/share/orb_slam3/Examples/Stereo-Inertial/TUM_IMU/dataset-outdoors8_512.txt
[5.021s] -- Up-to-date: /cc_ws/tros_ws/install/share/orb_slam3/Examples/Stereo-Inertial/TUM_IMU/dataset-room6_512.txt
[5.021s] -- Up-to-date: /cc_ws/tros_ws/install/share/orb_slam3/Examples/Stereo-Inertial/TUM_IMU/dataset-room5_512.txt
[5.022s] -- Up-to-date: /cc_ws/tros_ws/install/share/orb_slam3/Examples/Stereo-Inertial/TUM_IMU/dataset-outdoors5_512.txt
[5.022s] -- Up-to-date: /cc_ws/tros_ws/install/share/orb_slam3/Examples/Stereo-Inertial/TUM_IMU/dataset-magistrale5_512.txt
[5.022s] -- Up-to-date: /cc_ws/tros_ws/install/share/orb_slam3/Examples/Stereo-Inertial/TUM_IMU/dataset-room4_512.txt
[5.022s] -- Up-to-date: /cc_ws/tros_ws/install/share/orb_slam3/Examples/Stereo-Inertial/TUM_IMU/dataset-room3_512.txt
[5.022s] -- Up-to-date: /cc_ws/tros_ws/install/share/orb_slam3/Examples/Stereo-Inertial/TUM_IMU/dataset-room2_512.txt
[5.022s] -- Up-to-date: /cc_ws/tros_ws/install/share/orb_slam3/Examples/Stereo-Inertial/TUM_IMU/dataset-outdoors6_512.txt
[5.022s] -- Up-to-date: /cc_ws/tros_ws/install/share/orb_slam3/Examples/Stereo-Inertial/stereo_inertial_tum_vi.cc
[5.023s] -- Up-to-date: /cc_ws/tros_ws/install/share/orb_slam3/Examples/Stereo-Inertial/stereo_inertial_realsense_t265.cc
[5.023s] -- Up-to-date: /cc_ws/tros_ws/install/share/orb_slam3/Examples/Stereo-Inertial/stereo_inertial_tum_vi
[5.023s] -- Up-to-date: /cc_ws/tros_ws/install/share/orb_slam3/Examples/Stereo-Inertial/stereo_inertial_realsense_D435i.cc
[5.023s] -- Up-to-date: /cc_ws/tros_ws/install/share/orb_slam3/Examples/Stereo-Inertial/EuRoC_IMU
[5.023s] -- Up-to-date: /cc_ws/tros_ws/install/share/orb_slam3/Examples/Stereo-Inertial/EuRoC_IMU/V202.txt
[5.023s] -- Up-to-date: /cc_ws/tros_ws/install/share/orb_slam3/Examples/Stereo-Inertial/EuRoC_IMU/MH03.txt
[5.024s] -- Up-to-date: /cc_ws/tros_ws/install/share/orb_slam3/Examples/Stereo-Inertial/EuRoC_IMU/V101.txt
[5.024s] -- Up-to-date: /cc_ws/tros_ws/install/share/orb_slam3/Examples/Stereo-Inertial/EuRoC_IMU/MH05.txt
[5.024s] -- Up-to-date: /cc_ws/tros_ws/install/share/orb_slam3/Examples/Stereo-Inertial/EuRoC_IMU/V201.txt
[5.024s] -- Up-to-date: /cc_ws/tros_ws/install/share/orb_slam3/Examples/Stereo-Inertial/EuRoC_IMU/MH01.txt
[5.024s] -- Up-to-date: /cc_ws/tros_ws/install/share/orb_slam3/Examples/Stereo-Inertial/EuRoC_IMU/V102.txt
[5.024s] -- Up-to-date: /cc_ws/tros_ws/install/share/orb_slam3/Examples/Stereo-Inertial/EuRoC_IMU/MH04.txt
[5.031s] -- Up-to-date: /cc_ws/tros_ws/install/share/orb_slam3/Examples/Stereo-Inertial/EuRoC_IMU/V103.txt
[5.031s] -- Up-to-date: /cc_ws/tros_ws/install/share/orb_slam3/Examples/Stereo-Inertial/EuRoC_IMU/MH02.txt
[5.031s] -- Up-to-date: /cc_ws/tros_ws/install/share/orb_slam3/Examples/Stereo-Inertial/EuRoC_IMU/V203.txt
[5.031s] -- Up-to-date: /cc_ws/tros_ws/install/share/orb_slam3/Examples/Stereo-Inertial/RealSense_T265.yaml
[5.031s] -- Up-to-date: /cc_ws/tros_ws/install/share/orb_slam3/Examples/Stereo-Inertial/EuRoC.yaml
[5.031s] -- Up-to-date: /cc_ws/tros_ws/install/share/orb_slam3/Examples/RGB-D
[5.031s] -- Up-to-date: /cc_ws/tros_ws/install/share/orb_slam3/Examples/RGB-D/rgbd_tum
[5.031s] -- Up-to-date: /cc_ws/tros_ws/install/share/orb_slam3/Examples/RGB-D/TUM3.yaml
[5.031s] -- Up-to-date: /cc_ws/tros_ws/install/share/orb_slam3/Examples/RGB-D/rgbd_realsense_D435i.cc
[5.032s] -- Up-to-date: /cc_ws/tros_ws/install/share/orb_slam3/Examples/RGB-D/RealSense_D435i.yaml
[5.032s] -- Up-to-date: /cc_ws/tros_ws/install/share/orb_slam3/Examples/RGB-D/associations
[5.032s] -- Up-to-date: /cc_ws/tros_ws/install/share/orb_slam3/Examples/RGB-D/associations/fr2_desk.txt
[5.032s] -- Up-to-date: /cc_ws/tros_ws/install/share/orb_slam3/Examples/RGB-D/associations/fr3_nstr_tex_near.txt
[5.032s] -- Up-to-date: /cc_ws/tros_ws/install/share/orb_slam3/Examples/RGB-D/associations/fr1_desk.txt
[5.032s] -- Up-to-date: /cc_ws/tros_ws/install/share/orb_slam3/Examples/RGB-D/associations/fr1_desk2.txt
[5.032s] -- Up-to-date: /cc_ws/tros_ws/install/share/orb_slam3/Examples/RGB-D/associations/fr3_str_tex_near.txt
[5.032s] -- Up-to-date: /cc_ws/tros_ws/install/share/orb_slam3/Examples/RGB-D/associations/fr3_office.txt
[5.032s] -- Up-to-date: /cc_ws/tros_ws/install/share/orb_slam3/Examples/RGB-D/associations/fr3_office_val.txt
[5.033s] -- Up-to-date: /cc_ws/tros_ws/install/share/orb_slam3/Examples/RGB-D/associations/fr1_room.txt
[5.033s] -- Up-to-date: /cc_ws/tros_ws/install/share/orb_slam3/Examples/RGB-D/associations/fr2_xyz.txt
[5.033s] -- Up-to-date: /cc_ws/tros_ws/install/share/orb_slam3/Examples/RGB-D/associations/fr3_str_tex_far.txt
[5.033s] -- Up-to-date: /cc_ws/tros_ws/install/share/orb_slam3/Examples/RGB-D/associations/fr1_xyz.txt
[5.033s] -- Up-to-date: /cc_ws/tros_ws/install/share/orb_slam3/Examples/RGB-D/rgbd_tum.cc
[5.033s] -- Up-to-date: /cc_ws/tros_ws/install/share/orb_slam3/Examples/RGB-D/TUM1.yaml
[5.033s] -- Up-to-date: /cc_ws/tros_ws/install/share/orb_slam3/Examples/RGB-D/TUM2.yaml
[5.033s] -- Up-to-date: /cc_ws/tros_ws/install/share/orb_slam3/Examples/Stereo
[5.033s] -- Up-to-date: /cc_ws/tros_ws/install/share/orb_slam3/Examples/Stereo/KITTI04-12.yaml
[5.034s] -- Up-to-date: /cc_ws/tros_ws/install/share/orb_slam3/Examples/Stereo/EuRoC_TimeStamps
[5.034s] -- Up-to-date: /cc_ws/tros_ws/install/share/orb_slam3/Examples/Stereo/EuRoC_TimeStamps/V202.txt
[5.034s] -- Up-to-date: /cc_ws/tros_ws/install/share/orb_slam3/Examples/Stereo/EuRoC_TimeStamps/MH03.txt
[5.034s] -- Up-to-date: /cc_ws/tros_ws/install/share/orb_slam3/Examples/Stereo/EuRoC_TimeStamps/V101.txt
[5.034s] -- Up-to-date: /cc_ws/tros_ws/install/share/orb_slam3/Examples/Stereo/EuRoC_TimeStamps/MH05.txt
[5.034s] -- Up-to-date: /cc_ws/tros_ws/install/share/orb_slam3/Examples/Stereo/EuRoC_TimeStamps/V201.txt
[5.034s] -- Up-to-date: /cc_ws/tros_ws/install/share/orb_slam3/Examples/Stereo/EuRoC_TimeStamps/MH01.txt
[5.034s] -- Up-to-date: /cc_ws/tros_ws/install/share/orb_slam3/Examples/Stereo/EuRoC_TimeStamps/V102.txt
[5.034s] -- Up-to-date: /cc_ws/tros_ws/install/share/orb_slam3/Examples/Stereo/EuRoC_TimeStamps/MH04.txt
[5.035s] -- Up-to-date: /cc_ws/tros_ws/install/share/orb_slam3/Examples/Stereo/EuRoC_TimeStamps/V103.txt
[5.035s] -- Up-to-date: /cc_ws/tros_ws/install/share/orb_slam3/Examples/Stereo/EuRoC_TimeStamps/MH02.txt
[5.035s] -- Up-to-date: /cc_ws/tros_ws/install/share/orb_slam3/Examples/Stereo/EuRoC_TimeStamps/V203.txt
[5.035s] -- Up-to-date: /cc_ws/tros_ws/install/share/orb_slam3/Examples/Stereo/stereo_kitti.cc
[5.035s] -- Up-to-date: /cc_ws/tros_ws/install/share/orb_slam3/Examples/Stereo/TUM_TimeStamps
[5.035s] -- Up-to-date: /cc_ws/tros_ws/install/share/orb_slam3/Examples/Stereo/TUM_TimeStamps/dataset-outdoors4_512.txt
[5.035s] -- Up-to-date: /cc_ws/tros_ws/install/share/orb_slam3/Examples/Stereo/TUM_TimeStamps/dataset-magistrale2_512.txt
[5.035s] -- Up-to-date: /cc_ws/tros_ws/install/share/orb_slam3/Examples/Stereo/TUM_TimeStamps/dataset-corridor1_512.txt
[5.035s] -- Up-to-date: /cc_ws/tros_ws/install/share/orb_slam3/Examples/Stereo/TUM_TimeStamps/dataset-room1_512.txt
[5.036s] -- Up-to-date: /cc_ws/tros_ws/install/share/orb_slam3/Examples/Stereo/TUM_TimeStamps/dataset-corridor2_1024.txt
[5.036s] -- Up-to-date: /cc_ws/tros_ws/install/share/orb_slam3/Examples/Stereo/TUM_TimeStamps/dataset-magistrale4_512.txt
[5.036s] -- Up-to-date: /cc_ws/tros_ws/install/share/orb_slam3/Examples/Stereo/TUM_TimeStamps/dataset-corridor2_512.txt
[5.036s] -- Up-to-date: /cc_ws/tros_ws/install/share/orb_slam3/Examples/Stereo/TUM_TimeStamps/dataset-slides3_512.txt
[5.036s] -- Up-to-date: /cc_ws/tros_ws/install/share/orb_slam3/Examples/Stereo/TUM_TimeStamps/dataset-magistrale3_512.txt
[5.036s] -- Up-to-date: /cc_ws/tros_ws/install/share/orb_slam3/Examples/Stereo/TUM_TimeStamps/dataset-slides2_512.txt
[5.036s] -- Up-to-date: /cc_ws/tros_ws/install/share/orb_slam3/Examples/Stereo/TUM_TimeStamps/dataset-corridor3_512.txt
[5.036s] -- Up-to-date: /cc_ws/tros_ws/install/share/orb_slam3/Examples/Stereo/TUM_TimeStamps/dataset-outdoors3_512.txt
[5.036s] -- Up-to-date: /cc_ws/tros_ws/install/share/orb_slam3/Examples/Stereo/TUM_TimeStamps/dataset-slides1_512.txt
[5.037s] -- Up-to-date: /cc_ws/tros_ws/install/share/orb_slam3/Examples/Stereo/TUM_TimeStamps/dataset-corridor5_512.txt
[5.037s] -- Up-to-date: /cc_ws/tros_ws/install/share/orb_slam3/Examples/Stereo/TUM_TimeStamps/dataset-magistrale1_512.txt
[5.037s] -- Up-to-date: /cc_ws/tros_ws/install/share/orb_slam3/Examples/Stereo/TUM_TimeStamps/dataset-magistrale6_512.txt
[5.037s] -- Up-to-date: /cc_ws/tros_ws/install/share/orb_slam3/Examples/Stereo/TUM_TimeStamps/dataset-outdoors7_512.txt
[5.037s] -- Up-to-date: /cc_ws/tros_ws/install/share/orb_slam3/Examples/Stereo/TUM_TimeStamps/dataset-outdoors1_512.txt
[5.037s] -- Up-to-date: /cc_ws/tros_ws/install/share/orb_slam3/Examples/Stereo/TUM_TimeStamps/dataset-corridor4_512.txt
[5.037s] -- Up-to-date: /cc_ws/tros_ws/install/share/orb_slam3/Examples/Stereo/TUM_TimeStamps/dataset-outdoors2_512.txt
[5.037s] -- Up-to-date: /cc_ws/tros_ws/install/share/orb_slam3/Examples/Stereo/TUM_TimeStamps/dataset-outdoors8_512.txt
[5.038s] -- Up-to-date: /cc_ws/tros_ws/install/share/orb_slam3/Examples/Stereo/TUM_TimeStamps/dataset-room6_512.txt
[5.038s] -- Up-to-date: /cc_ws/tros_ws/install/share/orb_slam3/Examples/Stereo/TUM_TimeStamps/dataset-room5_512.txt
[5.038s] -- Up-to-date: /cc_ws/tros_ws/install/share/orb_slam3/Examples/Stereo/TUM_TimeStamps/dataset-outdoors5_512.txt
[5.038s] -- Up-to-date: /cc_ws/tros_ws/install/share/orb_slam3/Examples/Stereo/TUM_TimeStamps/dataset-magistrale5_512.txt
[5.038s] -- Up-to-date: /cc_ws/tros_ws/install/share/orb_slam3/Examples/Stereo/TUM_TimeStamps/dataset-room4_512.txt
[5.038s] -- Up-to-date: /cc_ws/tros_ws/install/share/orb_slam3/Examples/Stereo/TUM_TimeStamps/dataset-room3_512.txt
[5.038s] -- Up-to-date: /cc_ws/tros_ws/install/share/orb_slam3/Examples/Stereo/TUM_TimeStamps/dataset-room2_512.txt
[5.038s] -- Up-to-date: /cc_ws/tros_ws/install/share/orb_slam3/Examples/Stereo/TUM_TimeStamps/dataset-outdoors6_512.txt
[5.038s] -- Up-to-date: /cc_ws/tros_ws/install/share/orb_slam3/Examples/Stereo/stereo_tum_vi.cc
[5.039s] -- Up-to-date: /cc_ws/tros_ws/install/share/orb_slam3/Examples/Stereo/stereo_tum_vi
[5.039s] -- Up-to-date: /cc_ws/tros_ws/install/share/orb_slam3/Examples/Stereo/RealSense_D435i.yaml
[5.039s] -- Up-to-date: /cc_ws/tros_ws/install/share/orb_slam3/Examples/Stereo/stereo_euroc.cc
[5.039s] -- Up-to-date: /cc_ws/tros_ws/install/share/orb_slam3/Examples/Stereo/stereo_realsense_t265.cc
[5.039s] -- Installing: /cc_ws/tros_ws/install/share/orb_slam3/Examples/Stereo/mipi.yaml
[5.039s] -- Up-to-date: /cc_ws/tros_ws/install/share/orb_slam3/Examples/Stereo/stereo_realsense_D435i.cc
[5.040s] -- Up-to-date: /cc_ws/tros_ws/install/share/orb_slam3/Examples/Stereo/TUM-VI.yaml
[5.040s] -- Up-to-date: /cc_ws/tros_ws/install/share/orb_slam3/Examples/Stereo/stereo_kitti
[5.040s] -- Up-to-date: /cc_ws/tros_ws/install/share/orb_slam3/Examples/Stereo/KITTI03.yaml
[5.040s] -- Up-to-date: /cc_ws/tros_ws/install/share/orb_slam3/Examples/Stereo/RealSense_T265.yaml
[5.040s] -- Up-to-date: /cc_ws/tros_ws/install/share/orb_slam3/Examples/Stereo/KITTI00-02.yaml
[5.040s] -- Up-to-date: /cc_ws/tros_ws/install/share/orb_slam3/Examples/Stereo/stereo_realsense_D435i_image
[5.040s] -- Up-to-date: /cc_ws/tros_ws/install/share/orb_slam3/Examples/Stereo/EuRoC.yaml
[5.041s] -- Up-to-date: /cc_ws/tros_ws/install/share/orb_slam3/Examples/Stereo/stereo_realsense_D435i_image.cc
[5.041s] -- Up-to-date: /cc_ws/tros_ws/install/share/orb_slam3/Examples/Stereo/stereo_euroc
[5.041s] -- Up-to-date: /cc_ws/tros_ws/install/share/orb_slam3/config
[5.041s] -- Up-to-date: /cc_ws/tros_ws/install/share/orb_slam3/config/Stub
[5.041s] -- Up-to-date: /cc_ws/tros_ws/install/share/orb_slam3/Vocabulary
[5.041s] -- Up-to-date: /cc_ws/tros_ws/install/share/orb_slam3/Vocabulary/ORBvoc.txt.tar.gz
[5.041s] -- Up-to-date: /cc_ws/tros_ws/install/share/orb_slam3/environment/library_path.sh
[5.041s] -- Installing: /cc_ws/tros_ws/install/share/orb_slam3/environment/library_path.dsv
[5.041s] -- Up-to-date: /cc_ws/tros_ws/install/share/ament_index/resource_index/package_run_dependencies/orb_slam3
[5.041s] -- Up-to-date: /cc_ws/tros_ws/install/share/ament_index/resource_index/parent_prefix_path/orb_slam3
[5.042s] -- Up-to-date: /cc_ws/tros_ws/install/share/orb_slam3/environment/ament_prefix_path.sh
[5.042s] -- Installing: /cc_ws/tros_ws/install/share/orb_slam3/environment/ament_prefix_path.dsv
[5.051s] -- Up-to-date: /cc_ws/tros_ws/install/share/orb_slam3/environment/path.sh
[5.051s] -- Installing: /cc_ws/tros_ws/install/share/orb_slam3/environment/path.dsv
[5.051s] -- Up-to-date: /cc_ws/tros_ws/install/share/orb_slam3/local_setup.bash
[5.051s] -- Up-to-date: /cc_ws/tros_ws/install/share/orb_slam3/local_setup.sh
[5.051s] -- Up-to-date: /cc_ws/tros_ws/install/share/orb_slam3/local_setup.zsh
[5.052s] -- Installing: /cc_ws/tros_ws/install/share/orb_slam3/local_setup.dsv
[5.052s] -- Installing: /cc_ws/tros_ws/install/share/orb_slam3/package.dsv
[5.052s] -- Up-to-date: /cc_ws/tros_ws/install/share/ament_index/resource_index/packages/orb_slam3
[5.052s] -- Up-to-date: /cc_ws/tros_ws/install/share/orb_slam3/cmake/ament_cmake_export_libraries-extras.cmake
[5.053s] -- Up-to-date: /cc_ws/tros_ws/install/share/orb_slam3/cmake/ament_cmake_export_dependencies-extras.cmake
[5.053s] -- Up-to-date: /cc_ws/tros_ws/install/share/orb_slam3/cmake/orb_slam3Config.cmake
[5.053s] -- Up-to-date: /cc_ws/tros_ws/install/share/orb_slam3/cmake/orb_slam3Config-version.cmake
[5.053s] -- Up-to-date: /cc_ws/tros_ws/install/share/orb_slam3/package.xml
[5.119s] Invoked command in '/cc_ws/tros_ws/build/orb_slam3' returned '0': AMENT_PREFIX_PATH=/cc_ws/tros_ws/install:${AMENT_PREFIX_PATH} CMAKE_PREFIX_PATH=/cc_ws/tros_ws/install:/opt/ros/humble LD_LIBRARY_PATH=/cc_ws/tros_ws/install/lib:/opt/ros/humble/opt/rviz_ogre_vendor/lib:/opt/ros/humble/lib/aarch64-linux-gnu:/opt/ros/humble/lib:/cc_ws/userdata/hobot/opt/hobot/deps PYTHONPATH=/cc_ws/tros_ws/install/lib/python3.10/site-packages:${PYTHONPATH} /usr/bin/cmake --install /cc_ws/tros_ws/build/orb_slam3
