[0.142s] Invoking command in '/cc_ws/tros_ws/build/face_landmarks_detection': AMENT_PREFIX_PATH=/cc_ws/tros_ws/install:${AMENT_PREFIX_PATH} CMAKE_PREFIX_PATH=/cc_ws/tros_ws/install:/opt/ros/humble LD_LIBRARY_PATH=/cc_ws/tros_ws/install/lib:/opt/ros/humble/opt/rviz_ogre_vendor/lib:/opt/ros/humble/lib/aarch64-linux-gnu:/opt/ros/humble/lib:/cc_ws/userdata/hobot/opt/hobot/deps PYTHONPATH=/cc_ws/tros_ws/install/lib/python3.10/site-packages:/cc_ws/tros_ws/install/local/lib/python3.10/dist-packages:${PYTHONPATH} /usr/bin/cmake /cc_ws/tros_ws/src/box/hobot_perception/face_landmarks_detection -DCMAKE_EXPORT_COMPILE_COMMANDS=ON --no-warn-unused-cli -DCMAKE_TOOLCHAIN_FILE=/cc_ws/tros_ws/robot_dev_config/aarch64_toolchainfile.cmake -DPLATFORM_X5=ON -DTHIRDPARTY=ON -DBUILD_TESTING=OFF -DCMAKE_BUILD_RPATH=/cc_ws/tros_ws/build/poco_vendor/poco_external_project_install/lib/;/cc_ws/tros_ws/build/libyaml_vendor/libyaml_install/lib/ -DCMAKE_INSTALL_PREFIX=/cc_ws/tros_ws/install
[0.719s] Not searching for unused variables given on the command line.
[0.719s] -- Found ament_cmake: 1.3.8 (/opt/ros/humble/share/ament_cmake/cmake)
[0.719s] -- Found rclcpp: 16.0.8 (/opt/ros/humble/share/rclcpp/cmake)
[0.720s] -- Found rosidl_generator_c: 3.1.5 (/opt/ros/humble/share/rosidl_generator_c/cmake)
[0.720s] -- Found rosidl_adapter: 3.1.5 (/opt/ros/humble/share/rosidl_adapter/cmake)
[0.720s] -- Found rosidl_generator_cpp: 3.1.5 (/opt/ros/humble/share/rosidl_generator_cpp/cmake)
[0.720s] -- Using all available rosidl_typesupport_c: rosidl_typesupport_fastrtps_c;rosidl_typesupport_introspection_c
[0.720s] -- Using all available rosidl_typesupport_cpp: rosidl_typesupport_fastrtps_cpp;rosidl_typesupport_introspection_cpp
[0.720s] [0m=> build for platform X5[0m
[0.721s] [0m=> SYS_ROOT is /cc_ws/tros_ws/robot_dev_config/../../sysroot_docker[0m
[0.721s] [33mCMake Warning (dev) at /opt/ros/humble/share/ament_cmake_test/cmake/ament_cmake_test-extras.cmake:19 (option):
[0.721s]   Policy CMP0077 is not set: option() honors normal variables.  Run "cmake
[0.721s]   --help-policy CMP0077" for policy details.  Use the cmake_policy command to
[0.721s]   set the policy and suppress this warning.
[0.721s] 
[0.721s]   For compatibility with older versions of CMake, option is clearing the
[0.721s]   normal variable 'BUILD_TESTING'.
[0.721s] Call Stack (most recent call first):
[0.722s]   /opt/ros/humble/share/ament_cmake_test/cmake/ament_cmake_testConfig.cmake:41 (include)
[0.722s]   /opt/ros/humble/share/ament_cmake/cmake/ament_cmake_export_dependencies-extras.cmake:21 (find_package)
[0.722s]   /opt/ros/humble/share/ament_cmake/cmake/ament_cmakeConfig.cmake:41 (include)
[0.722s]   CMakeLists.txt:48 (find_package)
[0.722s] This warning is for project developers.  Use -Wno-dev to suppress it.
[0.722s] [0m
[0.722s] -- Found rmw_implementation_cmake: 6.1.1 (/opt/ros/humble/share/rmw_implementation_cmake/cmake)
[0.741s] -- Found rmw_fastrtps_cpp: 6.2.6 (/opt/ros/humble/share/rmw_fastrtps_cpp/cmake)
[0.951s] -- Using RMW implementation 'rmw_fastrtps_cpp' as default
[1.296s] -- Found sensor_msgs: 4.2.3 (/opt/ros/humble/share/sensor_msgs/cmake)
[1.844s] -- Found dnn_node: 2.5.4 (/cc_ws/tros_ws/robot_dev_config/../install/share/dnn_node/cmake)
[1.844s] -- Found ai_msgs: 2.0.1 (/cc_ws/tros_ws/robot_dev_config/../install/share/ai_msgs/cmake)
[2.039s] -- Found hbm_img_msgs: 2.0.0 (/cc_ws/tros_ws/robot_dev_config/../install/share/hbm_img_msgs/cmake)
[2.446s] -- Configuring done
[2.551s] -- Generating done
[2.557s] -- Build files have been written to: /cc_ws/tros_ws/build/face_landmarks_detection
[2.659s] Invoked command in '/cc_ws/tros_ws/build/face_landmarks_detection' returned '0': AMENT_PREFIX_PATH=/cc_ws/tros_ws/install:${AMENT_PREFIX_PATH} CMAKE_PREFIX_PATH=/cc_ws/tros_ws/install:/opt/ros/humble LD_LIBRARY_PATH=/cc_ws/tros_ws/install/lib:/opt/ros/humble/opt/rviz_ogre_vendor/lib:/opt/ros/humble/lib/aarch64-linux-gnu:/opt/ros/humble/lib:/cc_ws/userdata/hobot/opt/hobot/deps PYTHONPATH=/cc_ws/tros_ws/install/lib/python3.10/site-packages:/cc_ws/tros_ws/install/local/lib/python3.10/dist-packages:${PYTHONPATH} /usr/bin/cmake /cc_ws/tros_ws/src/box/hobot_perception/face_landmarks_detection -DCMAKE_EXPORT_COMPILE_COMMANDS=ON --no-warn-unused-cli -DCMAKE_TOOLCHAIN_FILE=/cc_ws/tros_ws/robot_dev_config/aarch64_toolchainfile.cmake -DPLATFORM_X5=ON -DTHIRDPARTY=ON -DBUILD_TESTING=OFF -DCMAKE_BUILD_RPATH=/cc_ws/tros_ws/build/poco_vendor/poco_external_project_install/lib/;/cc_ws/tros_ws/build/libyaml_vendor/libyaml_install/lib/ -DCMAKE_INSTALL_PREFIX=/cc_ws/tros_ws/install
[2.660s] Invoking command in '/cc_ws/tros_ws/build/face_landmarks_detection': AMENT_PREFIX_PATH=/cc_ws/tros_ws/install:${AMENT_PREFIX_PATH} CMAKE_PREFIX_PATH=/cc_ws/tros_ws/install:/opt/ros/humble LD_LIBRARY_PATH=/cc_ws/tros_ws/install/lib:/opt/ros/humble/opt/rviz_ogre_vendor/lib:/opt/ros/humble/lib/aarch64-linux-gnu:/opt/ros/humble/lib:/cc_ws/userdata/hobot/opt/hobot/deps PYTHONPATH=/cc_ws/tros_ws/install/lib/python3.10/site-packages:/cc_ws/tros_ws/install/local/lib/python3.10/dist-packages:${PYTHONPATH} /usr/bin/cmake --build /cc_ws/tros_ws/build/face_landmarks_detection -- -j12 -l12
[2.856s] [35m[1mConsolidate compiler generated dependencies of target face_landmarks_detection[0m
[2.970s] [100%] Built target face_landmarks_detection
[3.024s] Invoked command in '/cc_ws/tros_ws/build/face_landmarks_detection' returned '0': AMENT_PREFIX_PATH=/cc_ws/tros_ws/install:${AMENT_PREFIX_PATH} CMAKE_PREFIX_PATH=/cc_ws/tros_ws/install:/opt/ros/humble LD_LIBRARY_PATH=/cc_ws/tros_ws/install/lib:/opt/ros/humble/opt/rviz_ogre_vendor/lib:/opt/ros/humble/lib/aarch64-linux-gnu:/opt/ros/humble/lib:/cc_ws/userdata/hobot/opt/hobot/deps PYTHONPATH=/cc_ws/tros_ws/install/lib/python3.10/site-packages:/cc_ws/tros_ws/install/local/lib/python3.10/dist-packages:${PYTHONPATH} /usr/bin/cmake --build /cc_ws/tros_ws/build/face_landmarks_detection -- -j12 -l12
[3.577s] Invoking command in '/cc_ws/tros_ws/build/face_landmarks_detection': AMENT_PREFIX_PATH=/cc_ws/tros_ws/install:${AMENT_PREFIX_PATH} CMAKE_PREFIX_PATH=/cc_ws/tros_ws/install:/opt/ros/humble LD_LIBRARY_PATH=/cc_ws/tros_ws/install/lib:/opt/ros/humble/opt/rviz_ogre_vendor/lib:/opt/ros/humble/lib/aarch64-linux-gnu:/opt/ros/humble/lib:/cc_ws/userdata/hobot/opt/hobot/deps PYTHONPATH=/cc_ws/tros_ws/install/lib/python3.10/site-packages:/cc_ws/tros_ws/install/local/lib/python3.10/dist-packages:${PYTHONPATH} /usr/bin/cmake --install /cc_ws/tros_ws/build/face_landmarks_detection
[6.179s] -- Install configuration: ""
[6.179s] -- Up-to-date: /cc_ws/tros_ws/install/lib/face_landmarks_detection/face_landmarks_detection
[6.179s] -- Up-to-date: /cc_ws/tros_ws/install/share/face_landmarks_detection/launch
[6.179s] -- Up-to-date: /cc_ws/tros_ws/install/share/face_landmarks_detection/launch/body_det_face_landmarks_det_fb.launch.py
[6.179s] -- Up-to-date: /cc_ws/tros_ws/install/share/face_landmarks_detection/launch/body_det_face_landmarks_det.launch.py
[6.180s] -- Up-to-date: /cc_ws/tros_ws/install/share/face_landmarks_detection/launch/face_landmarks_det_node.launch.py
[6.180s] -- Up-to-date: /cc_ws/tros_ws/install/share/face_landmarks_detection/config/
[6.180s] -- Up-to-date: /cc_ws/tros_ws/install/share/face_landmarks_detection/config//faceLandmark106pts.hbm
[6.180s] -- Up-to-date: /cc_ws/tros_ws/install/share/face_landmarks_detection/config/image.png
[6.180s] -- Up-to-date: /cc_ws/tros_ws/install/share/ament_index/resource_index/package_run_dependencies/face_landmarks_detection
[6.180s] -- Up-to-date: /cc_ws/tros_ws/install/share/ament_index/resource_index/parent_prefix_path/face_landmarks_detection
[6.180s] -- Up-to-date: /cc_ws/tros_ws/install/share/face_landmarks_detection/environment/ament_prefix_path.sh
[6.180s] -- Installing: /cc_ws/tros_ws/install/share/face_landmarks_detection/environment/ament_prefix_path.dsv
[6.180s] -- Up-to-date: /cc_ws/tros_ws/install/share/face_landmarks_detection/environment/path.sh
[6.181s] -- Installing: /cc_ws/tros_ws/install/share/face_landmarks_detection/environment/path.dsv
[6.181s] -- Up-to-date: /cc_ws/tros_ws/install/share/face_landmarks_detection/local_setup.bash
[6.181s] -- Up-to-date: /cc_ws/tros_ws/install/share/face_landmarks_detection/local_setup.sh
[6.181s] -- Up-to-date: /cc_ws/tros_ws/install/share/face_landmarks_detection/local_setup.zsh
[6.181s] -- Installing: /cc_ws/tros_ws/install/share/face_landmarks_detection/local_setup.dsv
[6.181s] -- Installing: /cc_ws/tros_ws/install/share/face_landmarks_detection/package.dsv
[6.181s] -- Up-to-date: /cc_ws/tros_ws/install/share/ament_index/resource_index/packages/face_landmarks_detection
[6.181s] -- Up-to-date: /cc_ws/tros_ws/install/share/face_landmarks_detection/cmake/face_landmarks_detectionConfig.cmake
[6.181s] -- Up-to-date: /cc_ws/tros_ws/install/share/face_landmarks_detection/cmake/face_landmarks_detectionConfig-version.cmake
[6.182s] -- Up-to-date: /cc_ws/tros_ws/install/share/face_landmarks_detection/package.xml
[6.233s] Invoked command in '/cc_ws/tros_ws/build/face_landmarks_detection' returned '0': AMENT_PREFIX_PATH=/cc_ws/tros_ws/install:${AMENT_PREFIX_PATH} CMAKE_PREFIX_PATH=/cc_ws/tros_ws/install:/opt/ros/humble LD_LIBRARY_PATH=/cc_ws/tros_ws/install/lib:/opt/ros/humble/opt/rviz_ogre_vendor/lib:/opt/ros/humble/lib/aarch64-linux-gnu:/opt/ros/humble/lib:/cc_ws/userdata/hobot/opt/hobot/deps PYTHONPATH=/cc_ws/tros_ws/install/lib/python3.10/site-packages:/cc_ws/tros_ws/install/local/lib/python3.10/dist-packages:${PYTHONPATH} /usr/bin/cmake --install /cc_ws/tros_ws/build/face_landmarks_detection
