[33mCMake Warning (dev) at /opt/ros/humble/share/ament_cmake_test/cmake/ament_cmake_test-extras.cmake:19 (option):
  Policy CMP0077 is not set: option() honors normal variables.  Run "cmake
  --help-policy CMP0077" for policy details.  Use the cmake_policy command to
  set the policy and suppress this warning.

  For compatibility with older versions of CMake, option is clearing the
  normal variable 'BUILD_TESTING'.
Call Stack (most recent call first):
  /opt/ros/humble/share/ament_cmake_test/cmake/ament_cmake_testConfig.cmake:41 (include)
  /opt/ros/humble/share/ament_cmake/cmake/ament_cmake_export_dependencies-extras.cmake:21 (find_package)
  /opt/ros/humble/share/ament_cmake/cmake/ament_cmakeConfig.cmake:41 (include)
  CMakeLists.txt:19 (find_package)
This warning is for project developers.  Use -Wno-dev to suppress it.
[0m
[0minvalid platform, build platform X3 default[0m
[0mPREFIX_PATH is x3[0m
[0mSYS_ROOT is /cc_ws/tros_ws/robot_dev_config/../../sysroot_docker[0m
[01m[K/cc_ws/tros_ws/src/box/hobot_trigger/trigger_node_example/src/trigger_example_node.cpp:[m[K In member function ‘[01m[Kvirtual int TriggerExampleNode::IsStart()[m[K’:
[01m[K/cc_ws/tros_ws/src/box/hobot_trigger/trigger_node_example/src/trigger_example_node.cpp:27:29:[m[K [01;35m[Kwarning: [m[Kignoring return value of ‘[01m[Kbool std::operator==(const std::shared_ptr<_Tp>&, std::nullptr_t) [with _Tp = rclcpp::Subscription<ai_msgs::msg::PerceptionTargets_<std::allocator<void> > >; std::nullptr_t = std::nullptr_t][m[K’, declared with attribute ‘[01m[Knodiscard[m[K’ [[01;35m[K-Wunused-result[m[K]
   27 |     [01;35m[Kevent_msg_subscription_ == nullptr[m[K;
      |     [01;35m[K~~~~~~~~~~~~~~~~~~~~~~~~^~~~~~~~~~[m[K
In file included from [01m[K/usr/aarch64-linux-gnu/include/c++/11/memory:77[m[K,
                 from [01m[K/cc_ws/tros_ws/install/include/ai_msgs/ai_msgs/msg/detail/perception_targets__struct.hpp:10[m[K,
                 from [01m[K/cc_ws/tros_ws/install/include/ai_msgs/ai_msgs/msg/perception_targets.hpp:7[m[K,
                 from [01m[K/cc_ws/tros_ws/src/box/hobot_trigger/trigger_node_example/include/trigger_example_node.h:21[m[K,
                 from [01m[K/cc_ws/tros_ws/src/box/hobot_trigger/trigger_node_example/src/trigger_example_node.cpp:15[m[K:
[01m[K/usr/aarch64-linux-gnu/include/c++/11/bits/shared_ptr.h:443:5:[m[K [01;36m[Knote: [m[Kdeclared here
  443 |     [01;36m[Koperator[m[K==(const shared_ptr<_Tp>& __a, nullptr_t) noexcept
      |     [01;36m[K^~~~~~~~[m[K
