Not searching for unused variables given on the command line.
-- The C compiler identification is GNU 11.4.0
-- The CXX compiler identification is GNU 11.4.0
-- Detecting C compiler ABI info
-- Detecting C compiler ABI info - done
-- Check for working C compiler: /usr/bin/aarch64-linux-gnu-gcc - skipped
-- Detecting C compile features
-- Detecting C compile features - done
-- Detecting CXX compiler ABI info
-- Detecting CXX compiler ABI info - done
-- Check for working CXX compiler: /usr/bin/aarch64-linux-gnu-g++ - skipped
-- Detecting CXX compile features
-- Detecting CXX compile features - done
-- Found ament_cmake: 1.3.8 (/opt/ros/humble/share/ament_cmake/cmake)
-- Found Python3: /usr/bin/python3 (found version "3.10.12") found components: Interpreter 
-- Found ai_msgs: 2.0.1 (/cc_ws/tros_ws/robot_dev_config/../install/share/ai_msgs/cmake)
-- Found rosidl_generator_c: 3.1.5 (/opt/ros/humble/share/rosidl_generator_c/cmake)
-- Found rosidl_adapter: 3.1.5 (/opt/ros/humble/share/rosidl_adapter/cmake)
-- Found rosidl_generator_cpp: 3.1.5 (/opt/ros/humble/share/rosidl_generator_cpp/cmake)
-- Using all available rosidl_typesupport_c: rosidl_typesupport_fastrtps_c;rosidl_typesupport_introspection_c
-- Using all available rosidl_typesupport_cpp: rosidl_typesupport_fastrtps_cpp;rosidl_typesupport_introspection_cpp
-- Found rclcpp: 16.0.8 (/opt/ros/humble/share/rclcpp/cmake)
-- Found rmw_implementation_cmake: 6.1.1 (/opt/ros/humble/share/rmw_implementation_cmake/cmake)
-- Found rmw_fastrtps_cpp: 6.2.6 (/opt/ros/humble/share/rmw_fastrtps_cpp/cmake)
-- Found OpenSSL: /cc_ws/tros_ws/robot_dev_config/../../sysroot_docker/usr/lib/aarch64-linux-gnu/libcrypto.so (found version "3.0.2")  
-- Found FastRTPS: /opt/ros/humble/include  
-- Using RMW implementation 'rmw_fastrtps_cpp' as default
-- Looking for pthread.h
-- Looking for pthread.h - found
-- Performing Test CMAKE_HAVE_LIBC_PTHREAD
-- Performing Test CMAKE_HAVE_LIBC_PTHREAD - Success
-- Found Threads: TRUE  
-- Found rosbag2_cpp: 0.15.9 (/opt/ros/humble/share/rosbag2_cpp/cmake)
-- Found trigger_node: 2.1.0 (/cc_ws/tros_ws/robot_dev_config/../install/share/trigger_node/cmake)
-- Configuring done
-- Generating done
-- Build files have been written to: /cc_ws/tros_ws/build/trigger_node_example
[ 33%] [32mBuilding CXX object CMakeFiles/trigger_node_example.dir/src/main.cpp.o[0m
[ 66%] [32mBuilding CXX object CMakeFiles/trigger_node_example.dir/src/trigger_example_node.cpp.o[0m
[100%] [32m[1mLinking CXX executable trigger_node_example[0m
[100%] Built target trigger_node_example
-- Install configuration: ""
-- Installing: /cc_ws/tros_ws/install/lib/trigger_node_example/trigger_node_example
-- Set runtime path of "/cc_ws/tros_ws/install/lib/trigger_node_example/trigger_node_example" to ""
-- Installing: /cc_ws/tros_ws/install/lib/trigger_node_example/config/
-- Installing: /cc_ws/tros_ws/install/lib/trigger_node_example/config//trigger_config.json
-- Installing: /cc_ws/tros_ws/install/share/trigger_node_example/launch
-- Installing: /cc_ws/tros_ws/install/share/trigger_node_example/launch/hobot_trigger_example.launch.py
-- Installing: /cc_ws/tros_ws/install/share/ament_index/resource_index/package_run_dependencies/trigger_node_example
-- Installing: /cc_ws/tros_ws/install/share/ament_index/resource_index/parent_prefix_path/trigger_node_example
-- Installing: /cc_ws/tros_ws/install/share/trigger_node_example/environment/ament_prefix_path.sh
-- Installing: /cc_ws/tros_ws/install/share/trigger_node_example/environment/ament_prefix_path.dsv
-- Installing: /cc_ws/tros_ws/install/share/trigger_node_example/environment/path.sh
-- Installing: /cc_ws/tros_ws/install/share/trigger_node_example/environment/path.dsv
-- Installing: /cc_ws/tros_ws/install/share/trigger_node_example/local_setup.bash
-- Installing: /cc_ws/tros_ws/install/share/trigger_node_example/local_setup.sh
-- Installing: /cc_ws/tros_ws/install/share/trigger_node_example/local_setup.zsh
-- Installing: /cc_ws/tros_ws/install/share/trigger_node_example/local_setup.dsv
-- Installing: /cc_ws/tros_ws/install/share/trigger_node_example/package.dsv
-- Installing: /cc_ws/tros_ws/install/share/ament_index/resource_index/packages/trigger_node_example
-- Installing: /cc_ws/tros_ws/install/share/trigger_node_example/cmake/trigger_node_exampleConfig.cmake
-- Installing: /cc_ws/tros_ws/install/share/trigger_node_example/cmake/trigger_node_exampleConfig-version.cmake
-- Installing: /cc_ws/tros_ws/install/share/trigger_node_example/package.xml
