[0.088s] Invoking command in '/cc_ws/tros_ws/build/tros': AMENT_PREFIX_PATH=/cc_ws/tros_ws/install:${AMENT_PREFIX_PATH} CMAKE_PREFIX_PATH=/cc_ws/tros_ws/install:/opt/ros/humble LD_LIBRARY_PATH=/cc_ws/tros_ws/install/lib:/opt/ros/humble/opt/rviz_ogre_vendor/lib:/opt/ros/humble/lib/aarch64-linux-gnu:/opt/ros/humble/lib:/cc_ws/userdata/hobot/opt/hobot/deps PYTHONPATH=/cc_ws/tros_ws/install/lib/python3.10/site-packages:${PYTHONPATH} /usr/bin/cmake /cc_ws/tros_ws/tros_arm_build/packages/tros -DCMAKE_EXPORT_COMPILE_COMMANDS=ON --no-warn-unused-cli -DCMAKE_TOOLCHAIN_FILE=/cc_ws/tros_ws/robot_dev_config/aarch64_toolchainfile.cmake -DPLATFORM_X5=ON -DTHIRDPARTY=ON -DBUILD_TESTING=OFF -DCMAKE_BUILD_RPATH=/cc_ws/tros_ws/build/poco_vendor/poco_external_project_install/lib/;/cc_ws/tros_ws/build/libyaml_vendor/libyaml_install/lib/ -DCMAKE_INSTALL_PREFIX=/cc_ws/tros_ws/install
[0.122s] Not searching for unused variables given on the command line.
[0.164s] -- Found ament_cmake: 1.3.8 (/opt/ros/humble/share/ament_cmake/cmake)
[0.515s] [33mCMake Warning (dev) at /opt/ros/humble/share/ament_cmake_test/cmake/ament_cmake_test-extras.cmake:19 (option):
[0.515s]   Policy CMP0077 is not set: option() honors normal variables.  Run "cmake
[0.515s]   --help-policy CMP0077" for policy details.  Use the cmake_policy command to
[0.515s]   set the policy and suppress this warning.
[0.515s] 
[0.515s]   For compatibility with older versions of CMake, option is clearing the
[0.515s]   normal variable 'BUILD_TESTING'.
[0.515s] Call Stack (most recent call first):
[0.516s]   /opt/ros/humble/share/ament_cmake_test/cmake/ament_cmake_testConfig.cmake:41 (include)
[0.516s]   /opt/ros/humble/share/ament_cmake/cmake/ament_cmake_export_dependencies-extras.cmake:21 (find_package)
[0.516s]   /opt/ros/humble/share/ament_cmake/cmake/ament_cmakeConfig.cmake:41 (include)
[0.516s]   CMakeLists.txt:4 (find_package)
[0.516s] This warning is for project developers.  Use -Wno-dev to suppress it.
[0.516s] [0m
[1.141s] -- Configuring done
[1.146s] -- Generating done
[1.147s] -- Build files have been written to: /cc_ws/tros_ws/build/tros
[1.173s] Invoked command in '/cc_ws/tros_ws/build/tros' returned '0': AMENT_PREFIX_PATH=/cc_ws/tros_ws/install:${AMENT_PREFIX_PATH} CMAKE_PREFIX_PATH=/cc_ws/tros_ws/install:/opt/ros/humble LD_LIBRARY_PATH=/cc_ws/tros_ws/install/lib:/opt/ros/humble/opt/rviz_ogre_vendor/lib:/opt/ros/humble/lib/aarch64-linux-gnu:/opt/ros/humble/lib:/cc_ws/userdata/hobot/opt/hobot/deps PYTHONPATH=/cc_ws/tros_ws/install/lib/python3.10/site-packages:${PYTHONPATH} /usr/bin/cmake /cc_ws/tros_ws/tros_arm_build/packages/tros -DCMAKE_EXPORT_COMPILE_COMMANDS=ON --no-warn-unused-cli -DCMAKE_TOOLCHAIN_FILE=/cc_ws/tros_ws/robot_dev_config/aarch64_toolchainfile.cmake -DPLATFORM_X5=ON -DTHIRDPARTY=ON -DBUILD_TESTING=OFF -DCMAKE_BUILD_RPATH=/cc_ws/tros_ws/build/poco_vendor/poco_external_project_install/lib/;/cc_ws/tros_ws/build/libyaml_vendor/libyaml_install/lib/ -DCMAKE_INSTALL_PREFIX=/cc_ws/tros_ws/install
[1.177s] Invoking command in '/cc_ws/tros_ws/build/tros': AMENT_PREFIX_PATH=/cc_ws/tros_ws/install:${AMENT_PREFIX_PATH} CMAKE_PREFIX_PATH=/cc_ws/tros_ws/install:/opt/ros/humble LD_LIBRARY_PATH=/cc_ws/tros_ws/install/lib:/opt/ros/humble/opt/rviz_ogre_vendor/lib:/opt/ros/humble/lib/aarch64-linux-gnu:/opt/ros/humble/lib:/cc_ws/userdata/hobot/opt/hobot/deps PYTHONPATH=/cc_ws/tros_ws/install/lib/python3.10/site-packages:${PYTHONPATH} /usr/bin/cmake --build /cc_ws/tros_ws/build/tros -- -j12 -l12
[1.533s] Invoked command in '/cc_ws/tros_ws/build/tros' returned '0': AMENT_PREFIX_PATH=/cc_ws/tros_ws/install:${AMENT_PREFIX_PATH} CMAKE_PREFIX_PATH=/cc_ws/tros_ws/install:/opt/ros/humble LD_LIBRARY_PATH=/cc_ws/tros_ws/install/lib:/opt/ros/humble/opt/rviz_ogre_vendor/lib:/opt/ros/humble/lib/aarch64-linux-gnu:/opt/ros/humble/lib:/cc_ws/userdata/hobot/opt/hobot/deps PYTHONPATH=/cc_ws/tros_ws/install/lib/python3.10/site-packages:${PYTHONPATH} /usr/bin/cmake --build /cc_ws/tros_ws/build/tros -- -j12 -l12
[1.744s] Invoking command in '/cc_ws/tros_ws/build/tros': AMENT_PREFIX_PATH=/cc_ws/tros_ws/install:${AMENT_PREFIX_PATH} CMAKE_PREFIX_PATH=/cc_ws/tros_ws/install:/opt/ros/humble LD_LIBRARY_PATH=/cc_ws/tros_ws/install/lib:/opt/ros/humble/opt/rviz_ogre_vendor/lib:/opt/ros/humble/lib/aarch64-linux-gnu:/opt/ros/humble/lib:/cc_ws/userdata/hobot/opt/hobot/deps PYTHONPATH=/cc_ws/tros_ws/install/lib/python3.10/site-packages:${PYTHONPATH} /usr/bin/cmake --install /cc_ws/tros_ws/build/tros
[1.925s] -- Install configuration: ""
[1.925s] -- Up-to-date: /cc_ws/tros_ws/install/share/ament_index/resource_index/package_run_dependencies/tros
[1.925s] -- Up-to-date: /cc_ws/tros_ws/install/share/ament_index/resource_index/parent_prefix_path/tros
[1.925s] -- Up-to-date: /cc_ws/tros_ws/install/share/tros/environment/ament_prefix_path.sh
[1.926s] -- Installing: /cc_ws/tros_ws/install/share/tros/environment/ament_prefix_path.dsv
[1.926s] -- Up-to-date: /cc_ws/tros_ws/install/share/tros/environment/path.sh
[1.926s] -- Installing: /cc_ws/tros_ws/install/share/tros/environment/path.dsv
[1.926s] -- Up-to-date: /cc_ws/tros_ws/install/share/tros/local_setup.bash
[1.926s] -- Up-to-date: /cc_ws/tros_ws/install/share/tros/local_setup.sh
[1.926s] -- Up-to-date: /cc_ws/tros_ws/install/share/tros/local_setup.zsh
[1.926s] -- Installing: /cc_ws/tros_ws/install/share/tros/local_setup.dsv
[1.926s] -- Installing: /cc_ws/tros_ws/install/share/tros/package.dsv
[1.926s] -- Up-to-date: /cc_ws/tros_ws/install/share/ament_index/resource_index/packages/tros
[1.926s] -- Up-to-date: /cc_ws/tros_ws/install/share/tros/cmake/trosConfig.cmake
[1.927s] -- Up-to-date: /cc_ws/tros_ws/install/share/tros/cmake/trosConfig-version.cmake
[1.927s] -- Up-to-date: /cc_ws/tros_ws/install/share/tros/package.xml
[1.945s] Invoked command in '/cc_ws/tros_ws/build/tros' returned '0': AMENT_PREFIX_PATH=/cc_ws/tros_ws/install:${AMENT_PREFIX_PATH} CMAKE_PREFIX_PATH=/cc_ws/tros_ws/install:/opt/ros/humble LD_LIBRARY_PATH=/cc_ws/tros_ws/install/lib:/opt/ros/humble/opt/rviz_ogre_vendor/lib:/opt/ros/humble/lib/aarch64-linux-gnu:/opt/ros/humble/lib:/cc_ws/userdata/hobot/opt/hobot/deps PYTHONPATH=/cc_ws/tros_ws/install/lib/python3.10/site-packages:${PYTHONPATH} /usr/bin/cmake --install /cc_ws/tros_ws/build/tros
