[0.160s] Invoking command in '/cc_ws/tros_ws/build/hobot_codec': AMENT_PREFIX_PATH=/cc_ws/tros_ws/install:${AMENT_PREFIX_PATH} CMAKE_PREFIX_PATH=/cc_ws/tros_ws/install:/opt/ros/humble LD_LIBRARY_PATH=/cc_ws/tros_ws/install/lib:/opt/ros/humble/opt/rviz_ogre_vendor/lib:/opt/ros/humble/lib/aarch64-linux-gnu:/opt/ros/humble/lib:/cc_ws/userdata/hobot/opt/hobot/deps PYTHONPATH=/cc_ws/tros_ws/install/lib/python3.10/site-packages:/cc_ws/tros_ws/install/local/lib/python3.10/dist-packages:${PYTHONPATH} /usr/bin/cmake /cc_ws/tros_ws/src/box/hobot_codec -DCMAKE_EXPORT_COMPILE_COMMANDS=ON --no-warn-unused-cli -DCMAKE_TOOLCHAIN_FILE=/cc_ws/tros_ws/robot_dev_config/aarch64_toolchainfile.cmake -DPLATFORM_X5=ON -DTHIRDPARTY=ON -DBUILD_TESTING=OFF -DCMAKE_BUILD_RPATH=/cc_ws/tros_ws/build/poco_vendor/poco_external_project_install/lib/;/cc_ws/tros_ws/build/libyaml_vendor/libyaml_install/lib/ -DCMAKE_INSTALL_PREFIX=/cc_ws/tros_ws/install
[0.841s] Not searching for unused variables given on the command line.
[0.841s] -- Found hbm_img_msgs: 2.0.0 (/cc_ws/tros_ws/robot_dev_config/../install/share/hbm_img_msgs/cmake)
[0.841s] [33mCMake Warning (dev) at /opt/ros/humble/share/ament_cmake_test/cmake/ament_cmake_test-extras.cmake:19 (option):
[0.841s]   Policy CMP0077 is not set: option() honors normal variables.  Run "cmake
[0.842s]   --help-policy CMP0077" for policy details.  Use the cmake_policy command to
[0.842s]   set the policy and suppress this warning.
[0.842s] 
[0.842s]   For compatibility with older versions of CMake, option is clearing the
[0.842s]   normal variable 'BUILD_TESTING'.
[0.843s] Call Stack (most recent call first):
[0.843s]   /opt/ros/humble/share/ament_cmake_test/cmake/ament_cmake_testConfig.cmake:41 (include)
[0.843s]   /opt/ros/humble/share/ament_cmake/cmake/ament_cmake_export_dependencies-extras.cmake:21 (find_package)
[0.843s]   /opt/ros/humble/share/ament_cmake/cmake/ament_cmakeConfig.cmake:41 (include)
[0.844s]   /opt/ros/humble/share/rcutils/cmake/ament_cmake_export_dependencies-extras.cmake:21 (find_package)
[0.844s]   /opt/ros/humble/share/rcutils/cmake/rcutilsConfig.cmake:41 (include)
[0.844s]   /opt/ros/humble/share/rosidl_runtime_c/cmake/ament_cmake_export_dependencies-extras.cmake:21 (find_package)
[0.844s]   /opt/ros/humble/share/rosidl_runtime_c/cmake/rosidl_runtime_cConfig.cmake:41 (include)
[0.845s]   /opt/ros/humble/share/builtin_interfaces/cmake/ament_cmake_export_dependencies-extras.cmake:21 (find_package)
[0.845s]   /opt/ros/humble/share/builtin_interfaces/cmake/builtin_interfacesConfig.cmake:41 (include)
[0.845s]   /cc_ws/tros_ws/install/share/hbm_img_msgs/cmake/ament_cmake_export_dependencies-extras.cmake:21 (find_package)
[0.846s]   /cc_ws/tros_ws/install/share/hbm_img_msgs/cmake/hbm_img_msgsConfig.cmake:41 (include)
[0.846s]   CMakeLists.txt:34 (find_package)
[0.846s] This warning is for project developers.  Use -Wno-dev to suppress it.
[0.846s] [0m
[0.848s] -- Found rosidl_generator_c: 3.1.5 (/opt/ros/humble/share/rosidl_generator_c/cmake)
[0.865s] -- Found rosidl_adapter: 3.1.5 (/opt/ros/humble/share/rosidl_adapter/cmake)
[0.916s] -- Found rosidl_generator_cpp: 3.1.5 (/opt/ros/humble/share/rosidl_generator_cpp/cmake)
[0.989s] -- Using all available rosidl_typesupport_c: rosidl_typesupport_fastrtps_c;rosidl_typesupport_introspection_c
[1.086s] -- Using all available rosidl_typesupport_cpp: rosidl_typesupport_fastrtps_cpp;rosidl_typesupport_introspection_cpp
[1.322s] -- Found rclcpp: 16.0.8 (/opt/ros/humble/share/rclcpp/cmake)
[1.553s] -- Found rmw_implementation_cmake: 6.1.1 (/opt/ros/humble/share/rmw_implementation_cmake/cmake)
[1.558s] -- Found rmw_fastrtps_cpp: 6.2.6 (/opt/ros/humble/share/rmw_fastrtps_cpp/cmake)
[1.938s] -- Using RMW implementation 'rmw_fastrtps_cpp' as default
[2.561s] -- Found sensor_msgs: 4.2.3 (/opt/ros/humble/share/sensor_msgs/cmake)
[3.050s] -- Found img_msgs: 2.0.0 (/cc_ws/tros_ws/robot_dev_config/../install/share/img_msgs/cmake)
[3.176s] -- Found rclcpp_components: 16.0.8 (/opt/ros/humble/share/rclcpp_components/cmake)
[3.434s] [0mbuild platform X5[0m
[3.434s] [0mPREFIX_PATH: x5[0m
[3.725s] -- Configuring done
[3.788s] -- Generating done
[3.803s] -- Build files have been written to: /cc_ws/tros_ws/build/hobot_codec
[3.959s] Invoked command in '/cc_ws/tros_ws/build/hobot_codec' returned '0': AMENT_PREFIX_PATH=/cc_ws/tros_ws/install:${AMENT_PREFIX_PATH} CMAKE_PREFIX_PATH=/cc_ws/tros_ws/install:/opt/ros/humble LD_LIBRARY_PATH=/cc_ws/tros_ws/install/lib:/opt/ros/humble/opt/rviz_ogre_vendor/lib:/opt/ros/humble/lib/aarch64-linux-gnu:/opt/ros/humble/lib:/cc_ws/userdata/hobot/opt/hobot/deps PYTHONPATH=/cc_ws/tros_ws/install/lib/python3.10/site-packages:/cc_ws/tros_ws/install/local/lib/python3.10/dist-packages:${PYTHONPATH} /usr/bin/cmake /cc_ws/tros_ws/src/box/hobot_codec -DCMAKE_EXPORT_COMPILE_COMMANDS=ON --no-warn-unused-cli -DCMAKE_TOOLCHAIN_FILE=/cc_ws/tros_ws/robot_dev_config/aarch64_toolchainfile.cmake -DPLATFORM_X5=ON -DTHIRDPARTY=ON -DBUILD_TESTING=OFF -DCMAKE_BUILD_RPATH=/cc_ws/tros_ws/build/poco_vendor/poco_external_project_install/lib/;/cc_ws/tros_ws/build/libyaml_vendor/libyaml_install/lib/ -DCMAKE_INSTALL_PREFIX=/cc_ws/tros_ws/install
[3.977s] Invoking command in '/cc_ws/tros_ws/build/hobot_codec': AMENT_PREFIX_PATH=/cc_ws/tros_ws/install:${AMENT_PREFIX_PATH} CMAKE_PREFIX_PATH=/cc_ws/tros_ws/install:/opt/ros/humble LD_LIBRARY_PATH=/cc_ws/tros_ws/install/lib:/opt/ros/humble/opt/rviz_ogre_vendor/lib:/opt/ros/humble/lib/aarch64-linux-gnu:/opt/ros/humble/lib:/cc_ws/userdata/hobot/opt/hobot/deps PYTHONPATH=/cc_ws/tros_ws/install/lib/python3.10/site-packages:/cc_ws/tros_ws/install/local/lib/python3.10/dist-packages:${PYTHONPATH} /usr/bin/cmake --build /cc_ws/tros_ws/build/hobot_codec -- -j12 -l12
[4.122s] [35m[1mConsolidate compiler generated dependencies of target hobot_codec_component[0m
[4.139s] [35m[1mConsolidate compiler generated dependencies of target hobot_codec_republish[0m
[4.228s] [ 75%] Built target hobot_codec_component
[4.270s] [100%] Built target hobot_codec_republish
[4.307s] Invoked command in '/cc_ws/tros_ws/build/hobot_codec' returned '0': AMENT_PREFIX_PATH=/cc_ws/tros_ws/install:${AMENT_PREFIX_PATH} CMAKE_PREFIX_PATH=/cc_ws/tros_ws/install:/opt/ros/humble LD_LIBRARY_PATH=/cc_ws/tros_ws/install/lib:/opt/ros/humble/opt/rviz_ogre_vendor/lib:/opt/ros/humble/lib/aarch64-linux-gnu:/opt/ros/humble/lib:/cc_ws/userdata/hobot/opt/hobot/deps PYTHONPATH=/cc_ws/tros_ws/install/lib/python3.10/site-packages:/cc_ws/tros_ws/install/local/lib/python3.10/dist-packages:${PYTHONPATH} /usr/bin/cmake --build /cc_ws/tros_ws/build/hobot_codec -- -j12 -l12
[4.452s] Invoking command in '/cc_ws/tros_ws/build/hobot_codec': AMENT_PREFIX_PATH=/cc_ws/tros_ws/install:${AMENT_PREFIX_PATH} CMAKE_PREFIX_PATH=/cc_ws/tros_ws/install:/opt/ros/humble LD_LIBRARY_PATH=/cc_ws/tros_ws/install/lib:/opt/ros/humble/opt/rviz_ogre_vendor/lib:/opt/ros/humble/lib/aarch64-linux-gnu:/opt/ros/humble/lib:/cc_ws/userdata/hobot/opt/hobot/deps PYTHONPATH=/cc_ws/tros_ws/install/lib/python3.10/site-packages:/cc_ws/tros_ws/install/local/lib/python3.10/dist-packages:${PYTHONPATH} /usr/bin/cmake --install /cc_ws/tros_ws/build/hobot_codec
[4.641s] -- Install configuration: "RelWithDebInfo"
[4.642s] -- Up-to-date: /cc_ws/tros_ws/install/lib/hobot_codec/hobot_codec_republish
[4.642s] -- Up-to-date: /cc_ws/tros_ws/install/lib/hobot_codec/hobot_codec_republish
[4.642s] -- Up-to-date: /cc_ws/tros_ws/install/lib/libhobot_codec_component.so
[4.642s] -- Up-to-date: /cc_ws/tros_ws/install/lib/hobot_codec
[4.643s] -- Up-to-date: /cc_ws/tros_ws/install/share/hobot_codec/launch
[4.648s] -- Up-to-date: /cc_ws/tros_ws/install/share/hobot_codec/launch/hobot_codec.launch.py
[4.648s] -- Up-to-date: /cc_ws/tros_ws/install/share/hobot_codec/launch/hobot_codec_encode.launch.py
[4.648s] -- Up-to-date: /cc_ws/tros_ws/install/share/hobot_codec/launch/hobot_codec_decode.launch.py
[4.649s] -- Up-to-date: /cc_ws/tros_ws/install/share/hobot_codec/launch/hobot_codec_benchmark.launch.py
[4.649s] -- Up-to-date: /cc_ws/tros_ws/install/lib/hobot_codec/config/
[4.649s] -- Up-to-date: /cc_ws/tros_ws/install/lib/hobot_codec/config//1920x1080.nv12
[4.649s] -- Up-to-date: /cc_ws/tros_ws/install/lib/hobot_codec/config//1920x1080.h265
[4.650s] -- Up-to-date: /cc_ws/tros_ws/install/lib/hobot_codec/config//1920x1080.jpeg
[4.650s] -- Up-to-date: /cc_ws/tros_ws/install/lib/hobot_codec/config//1920x1080.h264
[4.650s] -- Up-to-date: /cc_ws/tros_ws/install/share/ament_index/resource_index/package_run_dependencies/hobot_codec
[4.650s] -- Up-to-date: /cc_ws/tros_ws/install/share/ament_index/resource_index/parent_prefix_path/hobot_codec
[4.651s] -- Up-to-date: /cc_ws/tros_ws/install/share/hobot_codec/environment/ament_prefix_path.sh
[4.651s] -- Installing: /cc_ws/tros_ws/install/share/hobot_codec/environment/ament_prefix_path.dsv
[4.651s] -- Up-to-date: /cc_ws/tros_ws/install/share/hobot_codec/environment/path.sh
[4.651s] -- Installing: /cc_ws/tros_ws/install/share/hobot_codec/environment/path.dsv
[4.651s] -- Up-to-date: /cc_ws/tros_ws/install/share/hobot_codec/local_setup.bash
[4.652s] -- Up-to-date: /cc_ws/tros_ws/install/share/hobot_codec/local_setup.sh
[4.652s] -- Up-to-date: /cc_ws/tros_ws/install/share/hobot_codec/local_setup.zsh
[4.652s] -- Installing: /cc_ws/tros_ws/install/share/hobot_codec/local_setup.dsv
[4.652s] -- Installing: /cc_ws/tros_ws/install/share/hobot_codec/package.dsv
[4.654s] -- Up-to-date: /cc_ws/tros_ws/install/share/ament_index/resource_index/packages/hobot_codec
[4.655s] -- Up-to-date: /cc_ws/tros_ws/install/share/ament_index/resource_index/rclcpp_components/hobot_codec
[4.655s] -- Up-to-date: /cc_ws/tros_ws/install/share/hobot_codec/cmake/hobot_codecConfig.cmake
[4.655s] -- Up-to-date: /cc_ws/tros_ws/install/share/hobot_codec/cmake/hobot_codecConfig-version.cmake
[4.656s] -- Up-to-date: /cc_ws/tros_ws/install/share/hobot_codec/package.xml
[4.692s] Invoked command in '/cc_ws/tros_ws/build/hobot_codec' returned '0': AMENT_PREFIX_PATH=/cc_ws/tros_ws/install:${AMENT_PREFIX_PATH} CMAKE_PREFIX_PATH=/cc_ws/tros_ws/install:/opt/ros/humble LD_LIBRARY_PATH=/cc_ws/tros_ws/install/lib:/opt/ros/humble/opt/rviz_ogre_vendor/lib:/opt/ros/humble/lib/aarch64-linux-gnu:/opt/ros/humble/lib:/cc_ws/userdata/hobot/opt/hobot/deps PYTHONPATH=/cc_ws/tros_ws/install/lib/python3.10/site-packages:/cc_ws/tros_ws/install/local/lib/python3.10/dist-packages:${PYTHONPATH} /usr/bin/cmake --install /cc_ws/tros_ws/build/hobot_codec
