Not searching for unused variables given on the command line.
-- Found ament_cmake: 1.3.8 (/opt/ros/humble/share/ament_cmake/cmake)
-- Found std_msgs: 4.2.3 (/opt/ros/humble/share/std_msgs/cmake)
-- Found rosidl_generator_c: 3.1.5 (/opt/ros/humble/share/rosidl_generator_c/cmake)
-- Found rosidl_adapter: 3.1.5 (/opt/ros/humble/share/rosidl_adapter/cmake)
-- Found rosidl_generator_cpp: 3.1.5 (/opt/ros/humble/share/rosidl_generator_cpp/cmake)
-- Using all available rosidl_typesupport_c: rosidl_typesupport_fastrtps_c;rosidl_typesupport_introspection_c
-- Using all available rosidl_typesupport_cpp: rosidl_typesupport_fastrtps_cpp;rosidl_typesupport_introspection_cpp
-- Found geometry_msgs: 4.2.3 (/opt/ros/humble/share/geometry_msgs/cmake)
-- Found sensor_msgs: 4.2.3 (/opt/ros/humble/share/sensor_msgs/cmake)
-- Found rosidl_default_generators: 1.2.0 (/opt/ros/humble/share/rosidl_default_generators/cmake)
-- Found ament_cmake_ros: 0.10.0 (/opt/ros/humble/share/ament_cmake_ros/cmake)
-- Using all available rosidl_typesupport_c: rosidl_typesupport_fastrtps_c;rosidl_typesupport_introspection_c
-- Using all available rosidl_typesupport_cpp: rosidl_typesupport_fastrtps_cpp;rosidl_typesupport_introspection_cpp
-- Found python_cmake_module: 0.10.0 (/opt/ros/humble/share/python_cmake_module/cmake)
-- Using PYTHON_EXECUTABLE: /usr/bin/python3
-- Using PYTHON_INCLUDE_DIRS: /cc_ws/tros_ws/robot_dev_config/../../sysroot_docker/usr/include/python3.10
-- Using PYTHON_LIBRARIES: /cc_ws/tros_ws/robot_dev_config/../../sysroot_docker/usr/lib/aarch64-linux-gnu/libpython3.10.so
-- Using numpy include directory: /usr/local/lib/python3.10/dist-packages/numpy/core/include
-- Configuring done
-- Generating done
-- Build files have been written to: /cc_ws/tros_ws/build/ai_msgs
[35m[1mConsolidate compiler generated dependencies of target ai_msgs__rosidl_generator_c[0m
[  0%] Built target ai_msgs__cpp
[35m[1mConsolidate compiler generated dependencies of target ai_msgs__rosidl_typesupport_cpp[0m
[35m[1mConsolidate compiler generated dependencies of target ai_msgs__rosidl_typesupport_fastrtps_cpp[0m
[35m[1mConsolidate compiler generated dependencies of target ai_msgs__rosidl_typesupport_introspection_cpp[0m
[ 12%] Built target ai_msgs__rosidl_generator_c
[ 12%] Built target ament_cmake_python_copy_ai_msgs
[ 24%] Built target ai_msgs__rosidl_typesupport_cpp
[35m[1mConsolidate compiler generated dependencies of target ai_msgs__rosidl_typesupport_introspection_c[0m
[ 35%] Built target ai_msgs__rosidl_typesupport_fastrtps_cpp
[35m[1mConsolidate compiler generated dependencies of target ai_msgs__rosidl_typesupport_fastrtps_c[0m
[ 47%] Built target ai_msgs__rosidl_typesupport_introspection_cpp
[35m[1mConsolidate compiler generated dependencies of target ai_msgs__rosidl_typesupport_c[0m
[ 59%] Built target ai_msgs__rosidl_typesupport_introspection_c
[ 71%] Built target ai_msgs__rosidl_typesupport_fastrtps_c
[ 82%] Built target ai_msgs__rosidl_typesupport_c
[ 82%] Built target ai_msgs
[ 83%] Built target ai_msgs__py
[35m[1mConsolidate compiler generated dependencies of target ai_msgs__rosidl_generator_py[0m
[ 94%] Built target ai_msgs__rosidl_generator_py
[35m[1mConsolidate compiler generated dependencies of target ai_msgs__rosidl_typesupport_fastrtps_c__pyext[0m
[35m[1mConsolidate compiler generated dependencies of target ai_msgs__rosidl_typesupport_introspection_c__pyext[0m
[35m[1mConsolidate compiler generated dependencies of target ai_msgs__rosidl_typesupport_c__pyext[0m
[ 96%] Built target ai_msgs__rosidl_typesupport_fastrtps_c__pyext
[ 98%] Built target ai_msgs__rosidl_typesupport_introspection_c__pyext
[100%] Built target ai_msgs__rosidl_typesupport_c__pyext
running egg_info
writing ai_msgs.egg-info/PKG-INFO
writing dependency_links to ai_msgs.egg-info/dependency_links.txt
writing top-level names to ai_msgs.egg-info/top_level.txt
reading manifest file 'ai_msgs.egg-info/SOURCES.txt'
writing manifest file 'ai_msgs.egg-info/SOURCES.txt'
[100%] Built target ament_cmake_python_build_ai_msgs_egg
-- Install configuration: ""
-- Up-to-date: /cc_ws/tros_ws/install/share/ament_index/resource_index/rosidl_interfaces/ai_msgs
-- Up-to-date: /cc_ws/tros_ws/install/include/ai_msgs/ai_msgs
-- Up-to-date: /cc_ws/tros_ws/install/include/ai_msgs/ai_msgs/msg
-- Up-to-date: /cc_ws/tros_ws/install/include/ai_msgs/ai_msgs/msg/capture.h
-- Up-to-date: /cc_ws/tros_ws/install/include/ai_msgs/ai_msgs/msg/rosidl_generator_c__visibility_control.h
-- Up-to-date: /cc_ws/tros_ws/install/include/ai_msgs/ai_msgs/msg/point.h
-- Up-to-date: /cc_ws/tros_ws/install/include/ai_msgs/ai_msgs/msg/target.h
-- Up-to-date: /cc_ws/tros_ws/install/include/ai_msgs/ai_msgs/msg/db_result.h
-- Up-to-date: /cc_ws/tros_ws/install/include/ai_msgs/ai_msgs/msg/roi.h
-- Up-to-date: /cc_ws/tros_ws/install/include/ai_msgs/ai_msgs/msg/perception_targets.h
-- Up-to-date: /cc_ws/tros_ws/install/include/ai_msgs/ai_msgs/msg/attribute.h
-- Up-to-date: /cc_ws/tros_ws/install/include/ai_msgs/ai_msgs/msg/perf.h
-- Up-to-date: /cc_ws/tros_ws/install/include/ai_msgs/ai_msgs/msg/detail
-- Up-to-date: /cc_ws/tros_ws/install/include/ai_msgs/ai_msgs/msg/detail/attribute__type_support.h
-- Up-to-date: /cc_ws/tros_ws/install/include/ai_msgs/ai_msgs/msg/detail/perception_info__type_support.h
-- Up-to-date: /cc_ws/tros_ws/install/include/ai_msgs/ai_msgs/msg/detail/target__functions.h
-- Up-to-date: /cc_ws/tros_ws/install/include/ai_msgs/ai_msgs/msg/detail/target__functions.c
-- Up-to-date: /cc_ws/tros_ws/install/include/ai_msgs/ai_msgs/msg/detail/capture_targets__functions.c
-- Up-to-date: /cc_ws/tros_ws/install/include/ai_msgs/ai_msgs/msg/detail/perception_targets__functions.c
-- Up-to-date: /cc_ws/tros_ws/install/include/ai_msgs/ai_msgs/msg/detail/capture__type_support.h
-- Up-to-date: /cc_ws/tros_ws/install/include/ai_msgs/ai_msgs/msg/detail/db_result__functions.h
-- Up-to-date: /cc_ws/tros_ws/install/include/ai_msgs/ai_msgs/msg/detail/roi__functions.h
-- Up-to-date: /cc_ws/tros_ws/install/include/ai_msgs/ai_msgs/msg/detail/db_result__struct.h
-- Up-to-date: /cc_ws/tros_ws/install/include/ai_msgs/ai_msgs/msg/detail/capture_targets__functions.h
-- Up-to-date: /cc_ws/tros_ws/install/include/ai_msgs/ai_msgs/msg/detail/db_result__type_support.h
-- Up-to-date: /cc_ws/tros_ws/install/include/ai_msgs/ai_msgs/msg/detail/point__functions.c
-- Up-to-date: /cc_ws/tros_ws/install/include/ai_msgs/ai_msgs/msg/detail/capture_targets__type_support.h
-- Up-to-date: /cc_ws/tros_ws/install/include/ai_msgs/ai_msgs/msg/detail/attribute__functions.c
-- Up-to-date: /cc_ws/tros_ws/install/include/ai_msgs/ai_msgs/msg/detail/perf__functions.h
-- Up-to-date: /cc_ws/tros_ws/install/include/ai_msgs/ai_msgs/msg/detail/roi__functions.c
-- Up-to-date: /cc_ws/tros_ws/install/include/ai_msgs/ai_msgs/msg/detail/perf__type_support.h
-- Up-to-date: /cc_ws/tros_ws/install/include/ai_msgs/ai_msgs/msg/detail/db_result__functions.c
-- Up-to-date: /cc_ws/tros_ws/install/include/ai_msgs/ai_msgs/msg/detail/perception_targets__functions.h
-- Up-to-date: /cc_ws/tros_ws/install/include/ai_msgs/ai_msgs/msg/detail/perception_info__functions.h
-- Up-to-date: /cc_ws/tros_ws/install/include/ai_msgs/ai_msgs/msg/detail/point__functions.h
-- Up-to-date: /cc_ws/tros_ws/install/include/ai_msgs/ai_msgs/msg/detail/capture__functions.h
-- Up-to-date: /cc_ws/tros_ws/install/include/ai_msgs/ai_msgs/msg/detail/capture_targets__struct.h
-- Up-to-date: /cc_ws/tros_ws/install/include/ai_msgs/ai_msgs/msg/detail/capture__struct.h
-- Up-to-date: /cc_ws/tros_ws/install/include/ai_msgs/ai_msgs/msg/detail/perception_targets__struct.h
-- Up-to-date: /cc_ws/tros_ws/install/include/ai_msgs/ai_msgs/msg/detail/perf__struct.h
-- Up-to-date: /cc_ws/tros_ws/install/include/ai_msgs/ai_msgs/msg/detail/roi__struct.h
-- Up-to-date: /cc_ws/tros_ws/install/include/ai_msgs/ai_msgs/msg/detail/attribute__struct.h
-- Up-to-date: /cc_ws/tros_ws/install/include/ai_msgs/ai_msgs/msg/detail/target__type_support.h
-- Up-to-date: /cc_ws/tros_ws/install/include/ai_msgs/ai_msgs/msg/detail/capture__functions.c
-- Up-to-date: /cc_ws/tros_ws/install/include/ai_msgs/ai_msgs/msg/detail/perception_info__functions.c
-- Up-to-date: /cc_ws/tros_ws/install/include/ai_msgs/ai_msgs/msg/detail/target__struct.h
-- Up-to-date: /cc_ws/tros_ws/install/include/ai_msgs/ai_msgs/msg/detail/perception_targets__type_support.h
-- Up-to-date: /cc_ws/tros_ws/install/include/ai_msgs/ai_msgs/msg/detail/attribute__functions.h
-- Up-to-date: /cc_ws/tros_ws/install/include/ai_msgs/ai_msgs/msg/detail/perception_info__struct.h
-- Up-to-date: /cc_ws/tros_ws/install/include/ai_msgs/ai_msgs/msg/detail/roi__type_support.h
-- Up-to-date: /cc_ws/tros_ws/install/include/ai_msgs/ai_msgs/msg/detail/perf__functions.c
-- Up-to-date: /cc_ws/tros_ws/install/include/ai_msgs/ai_msgs/msg/detail/point__type_support.h
-- Up-to-date: /cc_ws/tros_ws/install/include/ai_msgs/ai_msgs/msg/detail/point__struct.h
-- Up-to-date: /cc_ws/tros_ws/install/include/ai_msgs/ai_msgs/msg/capture_targets.h
-- Up-to-date: /cc_ws/tros_ws/install/include/ai_msgs/ai_msgs/msg/perception_info.h
-- Up-to-date: /cc_ws/tros_ws/install/share/ai_msgs/environment/library_path.sh
-- Installing: /cc_ws/tros_ws/install/share/ai_msgs/environment/library_path.dsv
-- Up-to-date: /cc_ws/tros_ws/install/lib/libai_msgs__rosidl_generator_c.so
-- Up-to-date: /cc_ws/tros_ws/install/include/ai_msgs/ai_msgs
-- Up-to-date: /cc_ws/tros_ws/install/include/ai_msgs/ai_msgs/msg
-- Up-to-date: /cc_ws/tros_ws/install/include/ai_msgs/ai_msgs/msg/rosidl_typesupport_fastrtps_c__visibility_control.h
-- Up-to-date: /cc_ws/tros_ws/install/include/ai_msgs/ai_msgs/msg/detail
-- Up-to-date: /cc_ws/tros_ws/install/include/ai_msgs/ai_msgs/msg/detail/perception_targets__rosidl_typesupport_fastrtps_c.h
-- Up-to-date: /cc_ws/tros_ws/install/include/ai_msgs/ai_msgs/msg/detail/capture_targets__rosidl_typesupport_fastrtps_c.h
-- Up-to-date: /cc_ws/tros_ws/install/include/ai_msgs/ai_msgs/msg/detail/perception_info__rosidl_typesupport_fastrtps_c.h
-- Up-to-date: /cc_ws/tros_ws/install/include/ai_msgs/ai_msgs/msg/detail/target__rosidl_typesupport_fastrtps_c.h
-- Up-to-date: /cc_ws/tros_ws/install/include/ai_msgs/ai_msgs/msg/detail/roi__rosidl_typesupport_fastrtps_c.h
-- Up-to-date: /cc_ws/tros_ws/install/include/ai_msgs/ai_msgs/msg/detail/perf__rosidl_typesupport_fastrtps_c.h
-- Up-to-date: /cc_ws/tros_ws/install/include/ai_msgs/ai_msgs/msg/detail/point__rosidl_typesupport_fastrtps_c.h
-- Up-to-date: /cc_ws/tros_ws/install/include/ai_msgs/ai_msgs/msg/detail/attribute__rosidl_typesupport_fastrtps_c.h
-- Up-to-date: /cc_ws/tros_ws/install/include/ai_msgs/ai_msgs/msg/detail/db_result__rosidl_typesupport_fastrtps_c.h
-- Up-to-date: /cc_ws/tros_ws/install/include/ai_msgs/ai_msgs/msg/detail/capture__rosidl_typesupport_fastrtps_c.h
-- Up-to-date: /cc_ws/tros_ws/install/lib/libai_msgs__rosidl_typesupport_fastrtps_c.so
-- Up-to-date: /cc_ws/tros_ws/install/include/ai_msgs/ai_msgs
-- Up-to-date: /cc_ws/tros_ws/install/include/ai_msgs/ai_msgs/msg
-- Up-to-date: /cc_ws/tros_ws/install/include/ai_msgs/ai_msgs/msg/attribute.hpp
-- Up-to-date: /cc_ws/tros_ws/install/include/ai_msgs/ai_msgs/msg/point.hpp
-- Up-to-date: /cc_ws/tros_ws/install/include/ai_msgs/ai_msgs/msg/perf.hpp
-- Up-to-date: /cc_ws/tros_ws/install/include/ai_msgs/ai_msgs/msg/perception_targets.hpp
-- Up-to-date: /cc_ws/tros_ws/install/include/ai_msgs/ai_msgs/msg/db_result.hpp
-- Up-to-date: /cc_ws/tros_ws/install/include/ai_msgs/ai_msgs/msg/capture.hpp
-- Up-to-date: /cc_ws/tros_ws/install/include/ai_msgs/ai_msgs/msg/detail
-- Up-to-date: /cc_ws/tros_ws/install/include/ai_msgs/ai_msgs/msg/detail/roi__builder.hpp
-- Up-to-date: /cc_ws/tros_ws/install/include/ai_msgs/ai_msgs/msg/detail/roi__traits.hpp
-- Up-to-date: /cc_ws/tros_ws/install/include/ai_msgs/ai_msgs/msg/detail/db_result__struct.hpp
-- Up-to-date: /cc_ws/tros_ws/install/include/ai_msgs/ai_msgs/msg/detail/capture__traits.hpp
-- Up-to-date: /cc_ws/tros_ws/install/include/ai_msgs/ai_msgs/msg/detail/capture_targets__traits.hpp
-- Up-to-date: /cc_ws/tros_ws/install/include/ai_msgs/ai_msgs/msg/detail/perception_info__builder.hpp
-- Up-to-date: /cc_ws/tros_ws/install/include/ai_msgs/ai_msgs/msg/detail/point__traits.hpp
-- Up-to-date: /cc_ws/tros_ws/install/include/ai_msgs/ai_msgs/msg/detail/attribute__builder.hpp
-- Up-to-date: /cc_ws/tros_ws/install/include/ai_msgs/ai_msgs/msg/detail/db_result__builder.hpp
-- Up-to-date: /cc_ws/tros_ws/install/include/ai_msgs/ai_msgs/msg/detail/point__struct.hpp
-- Up-to-date: /cc_ws/tros_ws/install/include/ai_msgs/ai_msgs/msg/detail/target__traits.hpp
-- Up-to-date: /cc_ws/tros_ws/install/include/ai_msgs/ai_msgs/msg/detail/perception_info__struct.hpp
-- Up-to-date: /cc_ws/tros_ws/install/include/ai_msgs/ai_msgs/msg/detail/roi__struct.hpp
-- Up-to-date: /cc_ws/tros_ws/install/include/ai_msgs/ai_msgs/msg/detail/capture__builder.hpp
-- Up-to-date: /cc_ws/tros_ws/install/include/ai_msgs/ai_msgs/msg/detail/point__builder.hpp
-- Up-to-date: /cc_ws/tros_ws/install/include/ai_msgs/ai_msgs/msg/detail/target__builder.hpp
-- Up-to-date: /cc_ws/tros_ws/install/include/ai_msgs/ai_msgs/msg/detail/capture_targets__struct.hpp
-- Up-to-date: /cc_ws/tros_ws/install/include/ai_msgs/ai_msgs/msg/detail/db_result__traits.hpp
-- Up-to-date: /cc_ws/tros_ws/install/include/ai_msgs/ai_msgs/msg/detail/perception_targets__traits.hpp
-- Up-to-date: /cc_ws/tros_ws/install/include/ai_msgs/ai_msgs/msg/detail/attribute__traits.hpp
-- Up-to-date: /cc_ws/tros_ws/install/include/ai_msgs/ai_msgs/msg/detail/perf__struct.hpp
-- Up-to-date: /cc_ws/tros_ws/install/include/ai_msgs/ai_msgs/msg/detail/target__struct.hpp
-- Up-to-date: /cc_ws/tros_ws/install/include/ai_msgs/ai_msgs/msg/detail/attribute__struct.hpp
-- Up-to-date: /cc_ws/tros_ws/install/include/ai_msgs/ai_msgs/msg/detail/perf__traits.hpp
-- Up-to-date: /cc_ws/tros_ws/install/include/ai_msgs/ai_msgs/msg/detail/perf__builder.hpp
-- Up-to-date: /cc_ws/tros_ws/install/include/ai_msgs/ai_msgs/msg/detail/capture_targets__builder.hpp
-- Up-to-date: /cc_ws/tros_ws/install/include/ai_msgs/ai_msgs/msg/detail/perception_targets__builder.hpp
-- Up-to-date: /cc_ws/tros_ws/install/include/ai_msgs/ai_msgs/msg/detail/capture__struct.hpp
-- Up-to-date: /cc_ws/tros_ws/install/include/ai_msgs/ai_msgs/msg/detail/perception_targets__struct.hpp
-- Up-to-date: /cc_ws/tros_ws/install/include/ai_msgs/ai_msgs/msg/detail/perception_info__traits.hpp
-- Up-to-date: /cc_ws/tros_ws/install/include/ai_msgs/ai_msgs/msg/target.hpp
-- Up-to-date: /cc_ws/tros_ws/install/include/ai_msgs/ai_msgs/msg/perception_info.hpp
-- Up-to-date: /cc_ws/tros_ws/install/include/ai_msgs/ai_msgs/msg/capture_targets.hpp
-- Up-to-date: /cc_ws/tros_ws/install/include/ai_msgs/ai_msgs/msg/roi.hpp
-- Up-to-date: /cc_ws/tros_ws/install/include/ai_msgs/ai_msgs
-- Up-to-date: /cc_ws/tros_ws/install/include/ai_msgs/ai_msgs/msg
-- Up-to-date: /cc_ws/tros_ws/install/include/ai_msgs/ai_msgs/msg/detail
-- Up-to-date: /cc_ws/tros_ws/install/include/ai_msgs/ai_msgs/msg/detail/attribute__rosidl_typesupport_fastrtps_cpp.hpp
-- Up-to-date: /cc_ws/tros_ws/install/include/ai_msgs/ai_msgs/msg/detail/point__rosidl_typesupport_fastrtps_cpp.hpp
-- Up-to-date: /cc_ws/tros_ws/install/include/ai_msgs/ai_msgs/msg/detail/capture__rosidl_typesupport_fastrtps_cpp.hpp
-- Up-to-date: /cc_ws/tros_ws/install/include/ai_msgs/ai_msgs/msg/detail/roi__rosidl_typesupport_fastrtps_cpp.hpp
-- Up-to-date: /cc_ws/tros_ws/install/include/ai_msgs/ai_msgs/msg/detail/perception_info__rosidl_typesupport_fastrtps_cpp.hpp
-- Up-to-date: /cc_ws/tros_ws/install/include/ai_msgs/ai_msgs/msg/detail/db_result__rosidl_typesupport_fastrtps_cpp.hpp
-- Up-to-date: /cc_ws/tros_ws/install/include/ai_msgs/ai_msgs/msg/detail/perf__rosidl_typesupport_fastrtps_cpp.hpp
-- Up-to-date: /cc_ws/tros_ws/install/include/ai_msgs/ai_msgs/msg/detail/capture_targets__rosidl_typesupport_fastrtps_cpp.hpp
-- Up-to-date: /cc_ws/tros_ws/install/include/ai_msgs/ai_msgs/msg/detail/target__rosidl_typesupport_fastrtps_cpp.hpp
-- Up-to-date: /cc_ws/tros_ws/install/include/ai_msgs/ai_msgs/msg/detail/perception_targets__rosidl_typesupport_fastrtps_cpp.hpp
-- Up-to-date: /cc_ws/tros_ws/install/include/ai_msgs/ai_msgs/msg/detail/dds_fastrtps
-- Up-to-date: /cc_ws/tros_ws/install/include/ai_msgs/ai_msgs/msg/rosidl_typesupport_fastrtps_cpp__visibility_control.h
-- Up-to-date: /cc_ws/tros_ws/install/lib/libai_msgs__rosidl_typesupport_fastrtps_cpp.so
-- Up-to-date: /cc_ws/tros_ws/install/include/ai_msgs/ai_msgs
-- Up-to-date: /cc_ws/tros_ws/install/include/ai_msgs/ai_msgs/msg
-- Up-to-date: /cc_ws/tros_ws/install/include/ai_msgs/ai_msgs/msg/rosidl_typesupport_introspection_c__visibility_control.h
-- Up-to-date: /cc_ws/tros_ws/install/include/ai_msgs/ai_msgs/msg/detail
-- Up-to-date: /cc_ws/tros_ws/install/include/ai_msgs/ai_msgs/msg/detail/capture__type_support.c
-- Up-to-date: /cc_ws/tros_ws/install/include/ai_msgs/ai_msgs/msg/detail/perf__rosidl_typesupport_introspection_c.h
-- Up-to-date: /cc_ws/tros_ws/install/include/ai_msgs/ai_msgs/msg/detail/capture__rosidl_typesupport_introspection_c.h
-- Up-to-date: /cc_ws/tros_ws/install/include/ai_msgs/ai_msgs/msg/detail/capture_targets__rosidl_typesupport_introspection_c.h
-- Up-to-date: /cc_ws/tros_ws/install/include/ai_msgs/ai_msgs/msg/detail/perf__type_support.c
-- Up-to-date: /cc_ws/tros_ws/install/include/ai_msgs/ai_msgs/msg/detail/target__rosidl_typesupport_introspection_c.h
-- Up-to-date: /cc_ws/tros_ws/install/include/ai_msgs/ai_msgs/msg/detail/point__rosidl_typesupport_introspection_c.h
-- Up-to-date: /cc_ws/tros_ws/install/include/ai_msgs/ai_msgs/msg/detail/db_result__type_support.c
-- Up-to-date: /cc_ws/tros_ws/install/include/ai_msgs/ai_msgs/msg/detail/perception_targets__type_support.c
-- Up-to-date: /cc_ws/tros_ws/install/include/ai_msgs/ai_msgs/msg/detail/target__type_support.c
-- Up-to-date: /cc_ws/tros_ws/install/include/ai_msgs/ai_msgs/msg/detail/perception_info__rosidl_typesupport_introspection_c.h
-- Up-to-date: /cc_ws/tros_ws/install/include/ai_msgs/ai_msgs/msg/detail/roi__rosidl_typesupport_introspection_c.h
-- Up-to-date: /cc_ws/tros_ws/install/include/ai_msgs/ai_msgs/msg/detail/perception_targets__rosidl_typesupport_introspection_c.h
-- Up-to-date: /cc_ws/tros_ws/install/include/ai_msgs/ai_msgs/msg/detail/point__type_support.c
-- Up-to-date: /cc_ws/tros_ws/install/include/ai_msgs/ai_msgs/msg/detail/perception_info__type_support.c
-- Up-to-date: /cc_ws/tros_ws/install/include/ai_msgs/ai_msgs/msg/detail/attribute__type_support.c
-- Up-to-date: /cc_ws/tros_ws/install/include/ai_msgs/ai_msgs/msg/detail/roi__type_support.c
-- Up-to-date: /cc_ws/tros_ws/install/include/ai_msgs/ai_msgs/msg/detail/db_result__rosidl_typesupport_introspection_c.h
-- Up-to-date: /cc_ws/tros_ws/install/include/ai_msgs/ai_msgs/msg/detail/capture_targets__type_support.c
-- Up-to-date: /cc_ws/tros_ws/install/include/ai_msgs/ai_msgs/msg/detail/attribute__rosidl_typesupport_introspection_c.h
-- Up-to-date: /cc_ws/tros_ws/install/lib/libai_msgs__rosidl_typesupport_introspection_c.so
-- Up-to-date: /cc_ws/tros_ws/install/lib/libai_msgs__rosidl_typesupport_c.so
-- Up-to-date: /cc_ws/tros_ws/install/include/ai_msgs/ai_msgs
-- Up-to-date: /cc_ws/tros_ws/install/include/ai_msgs/ai_msgs/msg
-- Up-to-date: /cc_ws/tros_ws/install/include/ai_msgs/ai_msgs/msg/detail
-- Up-to-date: /cc_ws/tros_ws/install/include/ai_msgs/ai_msgs/msg/detail/db_result__rosidl_typesupport_introspection_cpp.hpp
-- Up-to-date: /cc_ws/tros_ws/install/include/ai_msgs/ai_msgs/msg/detail/roi__type_support.cpp
-- Up-to-date: /cc_ws/tros_ws/install/include/ai_msgs/ai_msgs/msg/detail/perception_targets__type_support.cpp
-- Up-to-date: /cc_ws/tros_ws/install/include/ai_msgs/ai_msgs/msg/detail/db_result__type_support.cpp
-- Up-to-date: /cc_ws/tros_ws/install/include/ai_msgs/ai_msgs/msg/detail/attribute__type_support.cpp
-- Up-to-date: /cc_ws/tros_ws/install/include/ai_msgs/ai_msgs/msg/detail/capture_targets__type_support.cpp
-- Up-to-date: /cc_ws/tros_ws/install/include/ai_msgs/ai_msgs/msg/detail/capture__type_support.cpp
-- Up-to-date: /cc_ws/tros_ws/install/include/ai_msgs/ai_msgs/msg/detail/point__rosidl_typesupport_introspection_cpp.hpp
-- Up-to-date: /cc_ws/tros_ws/install/include/ai_msgs/ai_msgs/msg/detail/point__type_support.cpp
-- Up-to-date: /cc_ws/tros_ws/install/include/ai_msgs/ai_msgs/msg/detail/perception_info__type_support.cpp
-- Up-to-date: /cc_ws/tros_ws/install/include/ai_msgs/ai_msgs/msg/detail/target__rosidl_typesupport_introspection_cpp.hpp
-- Up-to-date: /cc_ws/tros_ws/install/include/ai_msgs/ai_msgs/msg/detail/roi__rosidl_typesupport_introspection_cpp.hpp
-- Up-to-date: /cc_ws/tros_ws/install/include/ai_msgs/ai_msgs/msg/detail/perception_info__rosidl_typesupport_introspection_cpp.hpp
-- Up-to-date: /cc_ws/tros_ws/install/include/ai_msgs/ai_msgs/msg/detail/perf__type_support.cpp
-- Up-to-date: /cc_ws/tros_ws/install/include/ai_msgs/ai_msgs/msg/detail/capture_targets__rosidl_typesupport_introspection_cpp.hpp
-- Up-to-date: /cc_ws/tros_ws/install/include/ai_msgs/ai_msgs/msg/detail/perception_targets__rosidl_typesupport_introspection_cpp.hpp
-- Up-to-date: /cc_ws/tros_ws/install/include/ai_msgs/ai_msgs/msg/detail/capture__rosidl_typesupport_introspection_cpp.hpp
-- Up-to-date: /cc_ws/tros_ws/install/include/ai_msgs/ai_msgs/msg/detail/attribute__rosidl_typesupport_introspection_cpp.hpp
-- Up-to-date: /cc_ws/tros_ws/install/include/ai_msgs/ai_msgs/msg/detail/perf__rosidl_typesupport_introspection_cpp.hpp
-- Up-to-date: /cc_ws/tros_ws/install/include/ai_msgs/ai_msgs/msg/detail/target__type_support.cpp
-- Up-to-date: /cc_ws/tros_ws/install/lib/libai_msgs__rosidl_typesupport_introspection_cpp.so
-- Up-to-date: /cc_ws/tros_ws/install/lib/libai_msgs__rosidl_typesupport_cpp.so
-- Up-to-date: /cc_ws/tros_ws/install/share/ai_msgs/environment/pythonpath.sh
-- Installing: /cc_ws/tros_ws/install/share/ai_msgs/environment/pythonpath.dsv
-- Up-to-date: /cc_ws/tros_ws/install/local/lib/python3.10/dist-packages/ai_msgs-2.0.1-py3.10.egg-info
-- Installing: /cc_ws/tros_ws/install/local/lib/python3.10/dist-packages/ai_msgs-2.0.1-py3.10.egg-info/SOURCES.txt
-- Installing: /cc_ws/tros_ws/install/local/lib/python3.10/dist-packages/ai_msgs-2.0.1-py3.10.egg-info/PKG-INFO
-- Installing: /cc_ws/tros_ws/install/local/lib/python3.10/dist-packages/ai_msgs-2.0.1-py3.10.egg-info/dependency_links.txt
-- Installing: /cc_ws/tros_ws/install/local/lib/python3.10/dist-packages/ai_msgs-2.0.1-py3.10.egg-info/top_level.txt
-- Up-to-date: /cc_ws/tros_ws/install/local/lib/python3.10/dist-packages/ai_msgs
-- Up-to-date: /cc_ws/tros_ws/install/local/lib/python3.10/dist-packages/ai_msgs/_ai_msgs_s.ep.rosidl_typesupport_fastrtps_c.c
-- Up-to-date: /cc_ws/tros_ws/install/local/lib/python3.10/dist-packages/ai_msgs/_ai_msgs_s.ep.rosidl_typesupport_c.c
-- Up-to-date: /cc_ws/tros_ws/install/local/lib/python3.10/dist-packages/ai_msgs/msg
-- Up-to-date: /cc_ws/tros_ws/install/local/lib/python3.10/dist-packages/ai_msgs/msg/_perception_info.py
-- Up-to-date: /cc_ws/tros_ws/install/local/lib/python3.10/dist-packages/ai_msgs/msg/_perception_targets_s.c
-- Up-to-date: /cc_ws/tros_ws/install/local/lib/python3.10/dist-packages/ai_msgs/msg/_target.py
-- Up-to-date: /cc_ws/tros_ws/install/local/lib/python3.10/dist-packages/ai_msgs/msg/_perf.py
-- Up-to-date: /cc_ws/tros_ws/install/local/lib/python3.10/dist-packages/ai_msgs/msg/_db_result_s.c
-- Up-to-date: /cc_ws/tros_ws/install/local/lib/python3.10/dist-packages/ai_msgs/msg/_capture_s.c
-- Up-to-date: /cc_ws/tros_ws/install/local/lib/python3.10/dist-packages/ai_msgs/msg/_capture_targets.py
-- Up-to-date: /cc_ws/tros_ws/install/local/lib/python3.10/dist-packages/ai_msgs/msg/_perception_info_s.c
-- Up-to-date: /cc_ws/tros_ws/install/local/lib/python3.10/dist-packages/ai_msgs/msg/_point.py
-- Up-to-date: /cc_ws/tros_ws/install/local/lib/python3.10/dist-packages/ai_msgs/msg/_attribute_s.c
-- Up-to-date: /cc_ws/tros_ws/install/local/lib/python3.10/dist-packages/ai_msgs/msg/_db_result.py
-- Up-to-date: /cc_ws/tros_ws/install/local/lib/python3.10/dist-packages/ai_msgs/msg/__init__.py
-- Up-to-date: /cc_ws/tros_ws/install/local/lib/python3.10/dist-packages/ai_msgs/msg/_point_s.c
-- Up-to-date: /cc_ws/tros_ws/install/local/lib/python3.10/dist-packages/ai_msgs/msg/_perception_targets.py
-- Up-to-date: /cc_ws/tros_ws/install/local/lib/python3.10/dist-packages/ai_msgs/msg/_roi_s.c
-- Up-to-date: /cc_ws/tros_ws/install/local/lib/python3.10/dist-packages/ai_msgs/msg/_capture_targets_s.c
-- Up-to-date: /cc_ws/tros_ws/install/local/lib/python3.10/dist-packages/ai_msgs/msg/_capture.py
-- Up-to-date: /cc_ws/tros_ws/install/local/lib/python3.10/dist-packages/ai_msgs/msg/_attribute.py
-- Up-to-date: /cc_ws/tros_ws/install/local/lib/python3.10/dist-packages/ai_msgs/msg/_target_s.c
-- Up-to-date: /cc_ws/tros_ws/install/local/lib/python3.10/dist-packages/ai_msgs/msg/_roi.py
-- Up-to-date: /cc_ws/tros_ws/install/local/lib/python3.10/dist-packages/ai_msgs/msg/_perf_s.c
-- Up-to-date: /cc_ws/tros_ws/install/local/lib/python3.10/dist-packages/ai_msgs/_ai_msgs_s.ep.rosidl_typesupport_introspection_c.c
-- Up-to-date: /cc_ws/tros_ws/install/local/lib/python3.10/dist-packages/ai_msgs/ai_msgs_s__rosidl_typesupport_c.cpython-310-aarch64-linux-gnu.so
-- Installing: /cc_ws/tros_ws/install/local/lib/python3.10/dist-packages/ai_msgs/__init__.py
-- Up-to-date: /cc_ws/tros_ws/install/local/lib/python3.10/dist-packages/ai_msgs/ai_msgs_s__rosidl_typesupport_fastrtps_c.cpython-310-aarch64-linux-gnu.so
-- Up-to-date: /cc_ws/tros_ws/install/local/lib/python3.10/dist-packages/ai_msgs/libai_msgs__rosidl_generator_py.so
-- Up-to-date: /cc_ws/tros_ws/install/local/lib/python3.10/dist-packages/ai_msgs/ai_msgs_s__rosidl_typesupport_introspection_c.cpython-310-aarch64-linux-gnu.so
Listing '/cc_ws/tros_ws/install/local/lib/python3.10/dist-packages/ai_msgs'...
Compiling '/cc_ws/tros_ws/install/local/lib/python3.10/dist-packages/ai_msgs/__init__.py'...
Listing '/cc_ws/tros_ws/install/local/lib/python3.10/dist-packages/ai_msgs/msg'...
-- Up-to-date: /cc_ws/tros_ws/install/local/lib/python3.10/dist-packages/ai_msgs/ai_msgs_s__rosidl_typesupport_fastrtps_c.cpython-310-aarch64-linux-gnu.so
-- Up-to-date: /cc_ws/tros_ws/install/local/lib/python3.10/dist-packages/ai_msgs/ai_msgs_s__rosidl_typesupport_introspection_c.cpython-310-aarch64-linux-gnu.so
-- Up-to-date: /cc_ws/tros_ws/install/local/lib/python3.10/dist-packages/ai_msgs/ai_msgs_s__rosidl_typesupport_c.cpython-310-aarch64-linux-gnu.so
-- Up-to-date: /cc_ws/tros_ws/install/lib/libai_msgs__rosidl_generator_py.so
-- Up-to-date: /cc_ws/tros_ws/install/share/ai_msgs/msg/Attribute.idl
-- Up-to-date: /cc_ws/tros_ws/install/share/ai_msgs/msg/DBResult.idl
-- Up-to-date: /cc_ws/tros_ws/install/share/ai_msgs/msg/Capture.idl
-- Up-to-date: /cc_ws/tros_ws/install/share/ai_msgs/msg/Point.idl
-- Up-to-date: /cc_ws/tros_ws/install/share/ai_msgs/msg/Roi.idl
-- Up-to-date: /cc_ws/tros_ws/install/share/ai_msgs/msg/Target.idl
-- Up-to-date: /cc_ws/tros_ws/install/share/ai_msgs/msg/Perf.idl
-- Up-to-date: /cc_ws/tros_ws/install/share/ai_msgs/msg/CaptureTargets.idl
-- Up-to-date: /cc_ws/tros_ws/install/share/ai_msgs/msg/PerceptionTargets.idl
-- Up-to-date: /cc_ws/tros_ws/install/share/ai_msgs/msg/PerceptionInfo.idl
-- Up-to-date: /cc_ws/tros_ws/install/share/ai_msgs/msg/Attribute.msg
-- Up-to-date: /cc_ws/tros_ws/install/share/ai_msgs/msg/DBResult.msg
-- Up-to-date: /cc_ws/tros_ws/install/share/ai_msgs/msg/Capture.msg
-- Up-to-date: /cc_ws/tros_ws/install/share/ai_msgs/msg/Point.msg
-- Up-to-date: /cc_ws/tros_ws/install/share/ai_msgs/msg/Roi.msg
-- Up-to-date: /cc_ws/tros_ws/install/share/ai_msgs/msg/Target.msg
-- Up-to-date: /cc_ws/tros_ws/install/share/ai_msgs/msg/Perf.msg
-- Up-to-date: /cc_ws/tros_ws/install/share/ai_msgs/msg/CaptureTargets.msg
-- Up-to-date: /cc_ws/tros_ws/install/share/ai_msgs/msg/PerceptionTargets.msg
-- Up-to-date: /cc_ws/tros_ws/install/share/ai_msgs/msg/PerceptionInfo.msg
-- Up-to-date: /cc_ws/tros_ws/install/share/ament_index/resource_index/package_run_dependencies/ai_msgs
-- Up-to-date: /cc_ws/tros_ws/install/share/ament_index/resource_index/parent_prefix_path/ai_msgs
-- Up-to-date: /cc_ws/tros_ws/install/share/ai_msgs/environment/ament_prefix_path.sh
-- Installing: /cc_ws/tros_ws/install/share/ai_msgs/environment/ament_prefix_path.dsv
-- Up-to-date: /cc_ws/tros_ws/install/share/ai_msgs/environment/path.sh
-- Installing: /cc_ws/tros_ws/install/share/ai_msgs/environment/path.dsv
-- Up-to-date: /cc_ws/tros_ws/install/share/ai_msgs/local_setup.bash
-- Up-to-date: /cc_ws/tros_ws/install/share/ai_msgs/local_setup.sh
-- Up-to-date: /cc_ws/tros_ws/install/share/ai_msgs/local_setup.zsh
-- Installing: /cc_ws/tros_ws/install/share/ai_msgs/local_setup.dsv
-- Installing: /cc_ws/tros_ws/install/share/ai_msgs/package.dsv
-- Up-to-date: /cc_ws/tros_ws/install/share/ament_index/resource_index/packages/ai_msgs
-- Up-to-date: /cc_ws/tros_ws/install/share/ai_msgs/cmake/export_ai_msgs__rosidl_generator_cExport.cmake
-- Up-to-date: /cc_ws/tros_ws/install/share/ai_msgs/cmake/export_ai_msgs__rosidl_generator_cExport-noconfig.cmake
-- Up-to-date: /cc_ws/tros_ws/install/share/ai_msgs/cmake/export_ai_msgs__rosidl_typesupport_fastrtps_cExport.cmake
-- Up-to-date: /cc_ws/tros_ws/install/share/ai_msgs/cmake/export_ai_msgs__rosidl_typesupport_fastrtps_cExport-noconfig.cmake
-- Up-to-date: /cc_ws/tros_ws/install/share/ai_msgs/cmake/export_ai_msgs__rosidl_generator_cppExport.cmake
-- Up-to-date: /cc_ws/tros_ws/install/share/ai_msgs/cmake/export_ai_msgs__rosidl_typesupport_fastrtps_cppExport.cmake
-- Up-to-date: /cc_ws/tros_ws/install/share/ai_msgs/cmake/export_ai_msgs__rosidl_typesupport_fastrtps_cppExport-noconfig.cmake
-- Up-to-date: /cc_ws/tros_ws/install/share/ai_msgs/cmake/ai_msgs__rosidl_typesupport_introspection_cExport.cmake
-- Up-to-date: /cc_ws/tros_ws/install/share/ai_msgs/cmake/ai_msgs__rosidl_typesupport_introspection_cExport-noconfig.cmake
-- Up-to-date: /cc_ws/tros_ws/install/share/ai_msgs/cmake/ai_msgs__rosidl_typesupport_cExport.cmake
-- Up-to-date: /cc_ws/tros_ws/install/share/ai_msgs/cmake/ai_msgs__rosidl_typesupport_cExport-noconfig.cmake
-- Up-to-date: /cc_ws/tros_ws/install/share/ai_msgs/cmake/ai_msgs__rosidl_typesupport_introspection_cppExport.cmake
-- Up-to-date: /cc_ws/tros_ws/install/share/ai_msgs/cmake/ai_msgs__rosidl_typesupport_introspection_cppExport-noconfig.cmake
-- Up-to-date: /cc_ws/tros_ws/install/share/ai_msgs/cmake/ai_msgs__rosidl_typesupport_cppExport.cmake
-- Up-to-date: /cc_ws/tros_ws/install/share/ai_msgs/cmake/ai_msgs__rosidl_typesupport_cppExport-noconfig.cmake
-- Up-to-date: /cc_ws/tros_ws/install/share/ai_msgs/cmake/export_ai_msgs__rosidl_generator_pyExport.cmake
-- Up-to-date: /cc_ws/tros_ws/install/share/ai_msgs/cmake/export_ai_msgs__rosidl_generator_pyExport-noconfig.cmake
-- Up-to-date: /cc_ws/tros_ws/install/share/ai_msgs/cmake/rosidl_cmake-extras.cmake
-- Up-to-date: /cc_ws/tros_ws/install/share/ai_msgs/cmake/ament_cmake_export_dependencies-extras.cmake
-- Up-to-date: /cc_ws/tros_ws/install/share/ai_msgs/cmake/ament_cmake_export_include_directories-extras.cmake
-- Up-to-date: /cc_ws/tros_ws/install/share/ai_msgs/cmake/ament_cmake_export_libraries-extras.cmake
-- Up-to-date: /cc_ws/tros_ws/install/share/ai_msgs/cmake/ament_cmake_export_targets-extras.cmake
-- Up-to-date: /cc_ws/tros_ws/install/share/ai_msgs/cmake/rosidl_cmake_export_typesupport_targets-extras.cmake
-- Up-to-date: /cc_ws/tros_ws/install/share/ai_msgs/cmake/rosidl_cmake_export_typesupport_libraries-extras.cmake
-- Up-to-date: /cc_ws/tros_ws/install/share/ai_msgs/cmake/ai_msgsConfig.cmake
-- Up-to-date: /cc_ws/tros_ws/install/share/ai_msgs/cmake/ai_msgsConfig-version.cmake
-- Up-to-date: /cc_ws/tros_ws/install/share/ai_msgs/package.xml
