Not searching for unused variables given on the command line.
-- Found ament_cmake_auto: 1.3.8 (/opt/ros/humble/share/ament_cmake_auto/cmake)
-- Found rosidl_generator_c: 3.1.5 (/opt/ros/humble/share/rosidl_generator_c/cmake)
-- Found rosidl_adapter: 3.1.5 (/opt/ros/humble/share/rosidl_adapter/cmake)
-- Found rosidl_generator_cpp: 3.1.5 (/opt/ros/humble/share/rosidl_generator_cpp/cmake)
-- Using all available rosidl_typesupport_c: rosidl_typesupport_fastrtps_c;rosidl_typesupport_introspection_c
-- Using all available rosidl_typesupport_cpp: rosidl_typesupport_fastrtps_cpp;rosidl_typesupport_introspection_cpp
-- Found rmw_implementation_cmake: 6.1.1 (/opt/ros/humble/share/rmw_implementation_cmake/cmake)
-- Found rmw_fastrtps_cpp: 6.2.6 (/opt/ros/humble/share/rmw_fastrtps_cpp/cmake)
-- Using RMW implementation 'rmw_fastrtps_cpp' as default
-- Configuring done
-- Generating done
-- Build files have been written to: /cc_ws/tros_ws/build/imu_sensor
[35m[1mConsolidate compiler generated dependencies of target bmi088[0m
[35m[1mConsolidate compiler generated dependencies of target imu_sensor[0m
[ 40%] Built target bmi088
[ 60%] [32m[1mLinking CXX executable imu_sensor[0m
[100%] Built target imu_sensor
-- Install configuration: ""
-- Installing: /cc_ws/tros_ws/install/lib/imu_sensor/imu_sensor
-- Set runtime path of "/cc_ws/tros_ws/install/lib/imu_sensor/imu_sensor" to ""
-- Up-to-date: /cc_ws/tros_ws/install/lib/imu_sensor/libbmi088.so
-- Up-to-date: /cc_ws/tros_ws/install/lib/imu_sensor/config/
-- Up-to-date: /cc_ws/tros_ws/install/lib/imu_sensor/config//bmi088.yaml
-- Up-to-date: /cc_ws/tros_ws/install/share/imu_sensor//launch
-- Up-to-date: /cc_ws/tros_ws/install/share/imu_sensor//launch/imu_sensor.launch.py
-- Up-to-date: /cc_ws/tros_ws/install/share/ament_index/resource_index/package_run_dependencies/imu_sensor
-- Up-to-date: /cc_ws/tros_ws/install/share/ament_index/resource_index/parent_prefix_path/imu_sensor
-- Up-to-date: /cc_ws/tros_ws/install/share/imu_sensor/environment/ament_prefix_path.sh
-- Installing: /cc_ws/tros_ws/install/share/imu_sensor/environment/ament_prefix_path.dsv
-- Up-to-date: /cc_ws/tros_ws/install/share/imu_sensor/environment/path.sh
-- Installing: /cc_ws/tros_ws/install/share/imu_sensor/environment/path.dsv
-- Up-to-date: /cc_ws/tros_ws/install/share/imu_sensor/local_setup.bash
-- Up-to-date: /cc_ws/tros_ws/install/share/imu_sensor/local_setup.sh
-- Up-to-date: /cc_ws/tros_ws/install/share/imu_sensor/local_setup.zsh
-- Installing: /cc_ws/tros_ws/install/share/imu_sensor/local_setup.dsv
-- Installing: /cc_ws/tros_ws/install/share/imu_sensor/package.dsv
-- Up-to-date: /cc_ws/tros_ws/install/share/ament_index/resource_index/packages/imu_sensor
-- Up-to-date: /cc_ws/tros_ws/install/share/imu_sensor/cmake/imu_sensorConfig.cmake
-- Up-to-date: /cc_ws/tros_ws/install/share/imu_sensor/cmake/imu_sensorConfig-version.cmake
-- Up-to-date: /cc_ws/tros_ws/install/share/imu_sensor/package.xml
