Not searching for unused variables given on the command line.
-- Found rclcpp: 16.0.8 (/opt/ros/humble/share/rclcpp/cmake)
[33mCMake Warning (dev) at /opt/ros/humble/share/ament_cmake_test/cmake/ament_cmake_test-extras.cmake:19 (option):
  Policy CMP0077 is not set: option() honors normal variables.  Run "cmake
  --help-policy CMP0077" for policy details.  Use the cmake_policy command to
  set the policy and suppress this warning.

  For compatibility with older versions of CMake, option is clearing the
  normal variable 'BUILD_TESTING'.
Call Stack (most recent call first):
  /opt/ros/humble/share/ament_cmake_test/cmake/ament_cmake_testConfig.cmake:41 (include)
  /opt/ros/humble/share/ament_cmake/cmake/ament_cmake_export_dependencies-extras.cmake:21 (find_package)
  /opt/ros/humble/share/ament_cmake/cmake/ament_cmakeConfig.cmake:41 (include)
  /opt/ros/humble/share/rcutils/cmake/ament_cmake_export_dependencies-extras.cmake:21 (find_package)
  /opt/ros/humble/share/rcutils/cmake/rcutilsConfig.cmake:41 (include)
  /opt/ros/humble/share/rosidl_runtime_c/cmake/ament_cmake_export_dependencies-extras.cmake:21 (find_package)
  /opt/ros/humble/share/rosidl_runtime_c/cmake/rosidl_runtime_cConfig.cmake:41 (include)
  /opt/ros/humble/share/builtin_interfaces/cmake/ament_cmake_export_dependencies-extras.cmake:21 (find_package)
  /opt/ros/humble/share/builtin_interfaces/cmake/builtin_interfacesConfig.cmake:41 (include)
  /opt/ros/humble/share/libstatistics_collector/cmake/ament_cmake_export_dependencies-extras.cmake:21 (find_package)
  /opt/ros/humble/share/libstatistics_collector/cmake/libstatistics_collectorConfig.cmake:41 (include)
  /opt/ros/humble/share/rclcpp/cmake/ament_cmake_export_dependencies-extras.cmake:21 (find_package)
  /opt/ros/humble/share/rclcpp/cmake/rclcppConfig.cmake:41 (include)
  CMakeLists.txt:16 (find_package)
This warning is for project developers.  Use -Wno-dev to suppress it.
[0m
-- Found rosidl_generator_c: 3.1.5 (/opt/ros/humble/share/rosidl_generator_c/cmake)
-- Found rosidl_adapter: 3.1.5 (/opt/ros/humble/share/rosidl_adapter/cmake)
-- Found rosidl_generator_cpp: 3.1.5 (/opt/ros/humble/share/rosidl_generator_cpp/cmake)
-- Using all available rosidl_typesupport_c: rosidl_typesupport_fastrtps_c;rosidl_typesupport_introspection_c
-- Using all available rosidl_typesupport_cpp: rosidl_typesupport_fastrtps_cpp;rosidl_typesupport_introspection_cpp
-- Found rmw_implementation_cmake: 6.1.1 (/opt/ros/humble/share/rmw_implementation_cmake/cmake)
-- Found rmw_fastrtps_cpp: 6.2.6 (/opt/ros/humble/share/rmw_fastrtps_cpp/cmake)
-- Using RMW implementation 'rmw_fastrtps_cpp' as default
-- Found rclcpp_components: 16.0.8 (/opt/ros/humble/share/rclcpp_components/cmake)
-- Found sensor_msgs: 4.2.3 (/opt/ros/humble/share/sensor_msgs/cmake)
-- Found cv_bridge: 3.2.1 (/opt/ros/humble/share/cv_bridge/cmake)
-- Found message_filters: 4.3.3 (/opt/ros/humble/share/message_filters/cmake)
-- Found tf2_ros: 0.25.6 (/opt/ros/humble/share/tf2_ros/cmake)
[0mPREFIX_PATH is [0m
[0mSYS_ROOT is /cc_ws/tros_ws/robot_dev_config/../../sysroot_docker[0m
-- Preferred ROS distribution: humble
[0mhobot_stereonet build platform X5[0m
-- Configuring done
-- Generating done
-- Build files have been written to: /cc_ws/tros_ws/build/hobot_stereonet
[35m[1mConsolidate compiler generated dependencies of target stereonet_model_intra_sub_node[0m
[35m[1mConsolidate compiler generated dependencies of target stereonet_model_component_node[0m
[35m[1mConsolidate compiler generated dependencies of target stereonet_model_intra_sub[0m
[35m[1mConsolidate compiler generated dependencies of target stereonet_model_sub_node[0m
[35m[1mConsolidate compiler generated dependencies of target data_collection[0m
[35m[1mConsolidate compiler generated dependencies of target stereonet_model[0m
[35m[1mConsolidate compiler generated dependencies of target stereonet_model_node[0m
[  5%] [32mBuilding CXX object CMakeFiles/stereonet_model_intra_sub_node.dir/rclcpp_components/node_main_stereonet_model_intra_sub_node.cpp.o[0m
[ 10%] [32mBuilding CXX object CMakeFiles/stereonet_model_component_node.dir/rclcpp_components/node_main_stereonet_model_component_node.cpp.o[0m
[ 15%] [32mBuilding CXX object CMakeFiles/stereonet_model_sub_node.dir/src/stereonet_intra_sub.cpp.o[0m
[ 20%] [32mBuilding CXX object CMakeFiles/stereonet_model_intra_sub.dir/src/stereonet_intra_sub.cpp.o[0m
[ 25%] [32mBuilding CXX object CMakeFiles/stereonet_model_sub_node.dir/src/stereonet_sub_node.cpp.o[0m
[ 30%] [32mBuilding CXX object CMakeFiles/data_collection.dir/src/data_collection.cpp.o[0m
[ 35%] [32mBuilding CXX object CMakeFiles/stereonet_model_node.dir/src/stereonet_process.cpp.o[0m
[ 40%] [32mBuilding CXX object CMakeFiles/stereonet_model.dir/src/stereonet_component.cpp.o[0m
[ 45%] [32mBuilding CXX object CMakeFiles/stereonet_model_node.dir/src/stereonet_component.cpp.o[0m
[ 50%] [32mBuilding CXX object CMakeFiles/stereonet_model.dir/src/stereonet_process.cpp.o[0m
[ 55%] [32mBuilding CXX object CMakeFiles/stereonet_model.dir/src/image_conversion.cpp.o[0m
[ 60%] [32mBuilding CXX object CMakeFiles/stereonet_model_node.dir/src/image_conversion.cpp.o[0m
[ 65%] [32mBuilding CXX object CMakeFiles/stereonet_model_node.dir/src/node.cpp.o[0m
[ 70%] [32m[1mLinking CXX executable stereonet_model_component_node[0m
[ 70%] Built target stereonet_model_component_node
[ 75%] [32m[1mLinking CXX executable stereonet_model_intra_sub_node[0m
[ 75%] Built target stereonet_model_intra_sub_node
In file included from [01m[K/opt/ros/humble/include/rclcpp/rclcpp/qos_event.hpp:29[m[K,
                 from [01m[K/opt/ros/humble/include/rclcpp/rclcpp/publisher_options.hpp:29[m[K,
                 from [01m[K/opt/ros/humble/include/rclcpp/rclcpp/node_options.hpp:26[m[K,
                 from [01m[K/opt/ros/humble/include/rclcpp_components/rclcpp_components/node_factory.hpp:18[m[K,
                 from [01m[K/opt/ros/humble/include/rclcpp_components/rclcpp_components/node_factory_template.hpp:21[m[K,
                 from [01m[K/opt/ros/humble/include/rclcpp_components/rclcpp_components/register_node_macro.hpp:19[m[K,
                 from [01m[K/cc_ws/tros_ws/src/box/hobot_perception/hobot_stereonet/src/stereonet_component.cpp:16[m[K:
[01m[K/cc_ws/tros_ws/src/box/hobot_perception/hobot_stereonet/include/pcl_filter.h:[m[K In static member function ‘[01m[Kstatic void pcl_filter::applyfilter(sensor_msgs::msg::PointCloud2&, float, int, float)[m[K’:
[01m[K/cc_ws/tros_ws/src/box/hobot_perception/hobot_stereonet/include/pcl_filter.h:37:42:[m[K [01;35m[Kwarning: [m[Kformat ‘[01m[K%d[m[K’ expects argument of type ‘[01m[Kint[m[K’, but argument 5 has type ‘[01m[Kstd::size_t[m[K’ {aka ‘[01m[Klong unsigned int[m[K’} [[01;35m[K-Wformat=[m[K]
   37 |     RCLCPP_DEBUG(rclcpp::get_logger(""), [01;35m[K"origin pcd size: %d"[m[K, [32m[Kcloud->size()[m[K);
      |                                          [01;35m[K^~~~~~~~~~~~~~~~~~~~~[m[K  [32m[K~~~~~~~~~~~~~[m[K
      |                                                                            [32m[K|[m[K
      |                                                                            [32m[Kstd::size_t {aka long unsigned int}[m[K
In file included from [01m[K/cc_ws/tros_ws/src/box/hobot_perception/hobot_stereonet/src/stereonet_component.cpp:18[m[K:
[01m[K/cc_ws/tros_ws/src/box/hobot_perception/hobot_stereonet/include/pcl_filter.h:37:61:[m[K [01;36m[Knote: [m[Kformat string is defined here
   37 |     RCLCPP_DEBUG(rclcpp::get_logger(""), "origin pcd size: [01;36m[K%d[m[K", cloud->size());
      |                                                            [01;36m[K~^[m[K
      |                                                             [01;36m[K|[m[K
      |                                                             [01;36m[Kint[m[K
      |                                                            [32m[K%ld[m[K
In file included from [01m[K/opt/ros/humble/include/rclcpp/rclcpp/qos_event.hpp:29[m[K,
                 from [01m[K/opt/ros/humble/include/rclcpp/rclcpp/publisher_options.hpp:29[m[K,
                 from [01m[K/opt/ros/humble/include/rclcpp/rclcpp/node_options.hpp:26[m[K,
                 from [01m[K/opt/ros/humble/include/rclcpp_components/rclcpp_components/node_factory.hpp:18[m[K,
                 from [01m[K/opt/ros/humble/include/rclcpp_components/rclcpp_components/node_factory_template.hpp:21[m[K,
                 from [01m[K/opt/ros/humble/include/rclcpp_components/rclcpp_components/register_node_macro.hpp:19[m[K,
                 from [01m[K/cc_ws/tros_ws/src/box/hobot_perception/hobot_stereonet/src/stereonet_component.cpp:16[m[K:
[01m[K/cc_ws/tros_ws/src/box/hobot_perception/hobot_stereonet/include/pcl_filter.h:43:42:[m[K [01;35m[Kwarning: [m[Kformat ‘[01m[K%d[m[K’ expects argument of type ‘[01m[Kint[m[K’, but argument 5 has type ‘[01m[Kstd::size_t[m[K’ {aka ‘[01m[Klong unsigned int[m[K’} [[01;35m[K-Wformat=[m[K]
   43 |     RCLCPP_DEBUG(rclcpp::get_logger(""), [01;35m[K"after voxel, pcd size: %d"[m[K, [32m[Kcloud_filtered->size()[m[K);
      |                                          [01;35m[K^~~~~~~~~~~~~~~~~~~~~~~~~~~[m[K  [32m[K~~~~~~~~~~~~~~~~~~~~~~[m[K
      |                                                                                           [32m[K|[m[K
      |                                                                                           [32m[Kstd::size_t {aka long unsigned int}[m[K
In file included from [01m[K/cc_ws/tros_ws/src/box/hobot_perception/hobot_stereonet/src/stereonet_component.cpp:18[m[K:
[01m[K/cc_ws/tros_ws/src/box/hobot_perception/hobot_stereonet/include/pcl_filter.h:43:67:[m[K [01;36m[Knote: [m[Kformat string is defined here
   43 |     RCLCPP_DEBUG(rclcpp::get_logger(""), "after voxel, pcd size: [01;36m[K%d[m[K", cloud_filtered->size());
      |                                                                  [01;36m[K~^[m[K
      |                                                                   [01;36m[K|[m[K
      |                                                                   [01;36m[Kint[m[K
      |                                                                  [32m[K%ld[m[K
In file included from [01m[K/opt/ros/humble/include/rclcpp/rclcpp/qos_event.hpp:29[m[K,
                 from [01m[K/opt/ros/humble/include/rclcpp/rclcpp/publisher_options.hpp:29[m[K,
                 from [01m[K/opt/ros/humble/include/rclcpp/rclcpp/node_options.hpp:26[m[K,
                 from [01m[K/opt/ros/humble/include/rclcpp_components/rclcpp_components/node_factory.hpp:18[m[K,
                 from [01m[K/opt/ros/humble/include/rclcpp_components/rclcpp_components/node_factory_template.hpp:21[m[K,
                 from [01m[K/opt/ros/humble/include/rclcpp_components/rclcpp_components/register_node_macro.hpp:19[m[K,
                 from [01m[K/cc_ws/tros_ws/src/box/hobot_perception/hobot_stereonet/src/stereonet_component.cpp:16[m[K:
[01m[K/cc_ws/tros_ws/src/box/hobot_perception/hobot_stereonet/include/pcl_filter.h:50:42:[m[K [01;35m[Kwarning: [m[Kformat ‘[01m[K%d[m[K’ expects argument of type ‘[01m[Kint[m[K’, but argument 5 has type ‘[01m[Kstd::size_t[m[K’ {aka ‘[01m[Klong unsigned int[m[K’} [[01;35m[K-Wformat=[m[K]
   50 |     RCLCPP_DEBUG(rclcpp::get_logger(""), [01;35m[K"after StatisticalOutlierRemoval, pcd size: %d"[m[K, [32m[Kcloud_filtered->size()[m[K);
      |                                          [01;35m[K^~~~~~~~~~~~~~~~~~~~~~~~~~~~~~~~~~~~~~~~~~~~~~~[m[K  [32m[K~~~~~~~~~~~~~~~~~~~~~~[m[K
      |                                                                                                               [32m[K|[m[K
      |                                                                                                               [32m[Kstd::size_t {aka long unsigned int}[m[K
In file included from [01m[K/cc_ws/tros_ws/src/box/hobot_perception/hobot_stereonet/src/stereonet_component.cpp:18[m[K:
[01m[K/cc_ws/tros_ws/src/box/hobot_perception/hobot_stereonet/include/pcl_filter.h:50:87:[m[K [01;36m[Knote: [m[Kformat string is defined here
   50 |     RCLCPP_DEBUG(rclcpp::get_logger(""), "after StatisticalOutlierRemoval, pcd size: [01;36m[K%d[m[K", cloud_filtered->size());
      |                                                                                      [01;36m[K~^[m[K
      |                                                                                       [01;36m[K|[m[K
      |                                                                                       [01;36m[Kint[m[K
      |                                                                                      [32m[K%ld[m[K
In file included from [01m[K/opt/ros/humble/include/rclcpp/rclcpp/qos_event.hpp:29[m[K,
                 from [01m[K/opt/ros/humble/include/rclcpp/rclcpp/publisher_options.hpp:29[m[K,
                 from [01m[K/opt/ros/humble/include/rclcpp/rclcpp/node_options.hpp:26[m[K,
                 from [01m[K/opt/ros/humble/include/rclcpp_components/rclcpp_components/node_factory.hpp:18[m[K,
                 from [01m[K/opt/ros/humble/include/rclcpp_components/rclcpp_components/node_factory_template.hpp:21[m[K,
                 from [01m[K/opt/ros/humble/include/rclcpp_components/rclcpp_components/register_node_macro.hpp:19[m[K,
                 from [01m[K/cc_ws/tros_ws/src/box/hobot_perception/hobot_stereonet/src/stereonet_component.cpp:16[m[K:
[01m[K/cc_ws/tros_ws/src/box/hobot_perception/hobot_stereonet/include/pcl_filter.h:82:18:[m[K [01;35m[Kwarning: [m[Kformat ‘[01m[K%d[m[K’ expects argument of type ‘[01m[Kint[m[K’, but argument 5 has type ‘[01m[Klong int[m[K’ [[01;35m[K-Wformat=[m[K]
   82 |                  [01;35m[K"ROS to PCL: %dms, "[m[K
      |                  [01;35m[K^~~~~~~~~~~~~~~~~~~~[m[K
   83 | [01;35m[K                 "PCL filter: %dms,, "[m[K
      |                  [01;35m[K~~~~~~~~~~~~~~~~~~~~~[m[K
   84 | [01;35m[K                 "PCL to ROS: %dms"[m[K, [32m[Kd1[m[K, d2, d3);
      |                  [01;35m[K~~~~~~~~~~~~~~~~~~[m[K  [32m[K~~[m[K
      |                                      [32m[K|[m[K
      |                                      [32m[Klong int[m[K
In file included from [01m[K/cc_ws/tros_ws/src/box/hobot_perception/hobot_stereonet/src/stereonet_component.cpp:18[m[K:
[01m[K/cc_ws/tros_ws/src/box/hobot_perception/hobot_stereonet/include/pcl_filter.h:82:32:[m[K [01;36m[Knote: [m[Kformat string is defined here
   82 |                  "ROS to PCL: [01;36m[K%d[m[Kms, "
      |                               [01;36m[K~^[m[K
      |                                [01;36m[K|[m[K
      |                                [01;36m[Kint[m[K
      |                               [32m[K%ld[m[K
In file included from [01m[K/opt/ros/humble/include/rclcpp/rclcpp/qos_event.hpp:29[m[K,
                 from [01m[K/opt/ros/humble/include/rclcpp/rclcpp/publisher_options.hpp:29[m[K,
                 from [01m[K/opt/ros/humble/include/rclcpp/rclcpp/node_options.hpp:26[m[K,
                 from [01m[K/opt/ros/humble/include/rclcpp_components/rclcpp_components/node_factory.hpp:18[m[K,
                 from [01m[K/opt/ros/humble/include/rclcpp_components/rclcpp_components/node_factory_template.hpp:21[m[K,
                 from [01m[K/opt/ros/humble/include/rclcpp_components/rclcpp_components/register_node_macro.hpp:19[m[K,
                 from [01m[K/cc_ws/tros_ws/src/box/hobot_perception/hobot_stereonet/src/stereonet_component.cpp:16[m[K:
[01m[K/cc_ws/tros_ws/src/box/hobot_perception/hobot_stereonet/include/pcl_filter.h:82:18:[m[K [01;35m[Kwarning: [m[Kformat ‘[01m[K%d[m[K’ expects argument of type ‘[01m[Kint[m[K’, but argument 6 has type ‘[01m[Klong int[m[K’ [[01;35m[K-Wformat=[m[K]
   82 |                  [01;35m[K"ROS to PCL: %dms, "[m[K
      |                  [01;35m[K^~~~~~~~~~~~~~~~~~~~[m[K
   83 | [01;35m[K                 "PCL filter: %dms,, "[m[K
      |                  [01;35m[K~~~~~~~~~~~~~~~~~~~~~[m[K
   84 | [01;35m[K                 "PCL to ROS: %dms"[m[K, d1, [32m[Kd2[m[K, d3);
      |                  [01;35m[K~~~~~~~~~~~~~~~~~~[m[K      [32m[K~~[m[K
      |                                          [32m[K|[m[K
      |                                          [32m[Klong int[m[K
In file included from [01m[K/cc_ws/tros_ws/src/box/hobot_perception/hobot_stereonet/src/stereonet_component.cpp:18[m[K:
[01m[K/cc_ws/tros_ws/src/box/hobot_perception/hobot_stereonet/include/pcl_filter.h:83:32:[m[K [01;36m[Knote: [m[Kformat string is defined here
   83 |                  "PCL filter: [01;36m[K%d[m[Kms,, "
      |                               [01;36m[K~^[m[K
      |                                [01;36m[K|[m[K
      |                                [01;36m[Kint[m[K
      |                               [32m[K%ld[m[K
In file included from [01m[K/opt/ros/humble/include/rclcpp/rclcpp/qos_event.hpp:29[m[K,
                 from [01m[K/opt/ros/humble/include/rclcpp/rclcpp/publisher_options.hpp:29[m[K,
                 from [01m[K/opt/ros/humble/include/rclcpp/rclcpp/node_options.hpp:26[m[K,
                 from [01m[K/opt/ros/humble/include/rclcpp_components/rclcpp_components/node_factory.hpp:18[m[K,
                 from [01m[K/opt/ros/humble/include/rclcpp_components/rclcpp_components/node_factory_template.hpp:21[m[K,
                 from [01m[K/opt/ros/humble/include/rclcpp_components/rclcpp_components/register_node_macro.hpp:19[m[K,
                 from [01m[K/cc_ws/tros_ws/src/box/hobot_perception/hobot_stereonet/src/stereonet_component.cpp:16[m[K:
[01m[K/cc_ws/tros_ws/src/box/hobot_perception/hobot_stereonet/include/pcl_filter.h:82:18:[m[K [01;35m[Kwarning: [m[Kformat ‘[01m[K%d[m[K’ expects argument of type ‘[01m[Kint[m[K’, but argument 7 has type ‘[01m[Klong int[m[K’ [[01;35m[K-Wformat=[m[K]
   82 |                  [01;35m[K"ROS to PCL: %dms, "[m[K
      |                  [01;35m[K^~~~~~~~~~~~~~~~~~~~[m[K
   83 | [01;35m[K                 "PCL filter: %dms,, "[m[K
      |                  [01;35m[K~~~~~~~~~~~~~~~~~~~~~[m[K
   84 | [01;35m[K                 "PCL to ROS: %dms"[m[K, d1, d2, [32m[Kd3[m[K);
      |                  [01;35m[K~~~~~~~~~~~~~~~~~~[m[K          [32m[K~~[m[K
      |                                              [32m[K|[m[K
      |                                              [32m[Klong int[m[K
In file included from [01m[K/cc_ws/tros_ws/src/box/hobot_perception/hobot_stereonet/src/stereonet_component.cpp:18[m[K:
[01m[K/cc_ws/tros_ws/src/box/hobot_perception/hobot_stereonet/include/pcl_filter.h:84:32:[m[K [01;36m[Knote: [m[Kformat string is defined here
   84 |                  "PCL to ROS: [01;36m[K%d[m[Kms", d1, d2, d3);
      |                               [01;36m[K~^[m[K
      |                                [01;36m[K|[m[K
      |                                [01;36m[Kint[m[K
      |                               [32m[K%ld[m[K
In file included from [01m[K/opt/ros/humble/include/rclcpp/rclcpp/qos_event.hpp:29[m[K,
                 from [01m[K/opt/ros/humble/include/rclcpp/rclcpp/publisher_options.hpp:29[m[K,
                 from [01m[K/opt/ros/humble/include/rclcpp/rclcpp/node_options.hpp:26[m[K,
                 from [01m[K/opt/ros/humble/include/rclcpp_components/rclcpp_components/node_factory.hpp:18[m[K,
                 from [01m[K/opt/ros/humble/include/rclcpp_components/rclcpp_components/node_factory_template.hpp:21[m[K,
                 from [01m[K/opt/ros/humble/include/rclcpp_components/rclcpp_components/register_node_macro.hpp:19[m[K,
                 from [01m[K/cc_ws/tros_ws/src/box/hobot_perception/hobot_stereonet/src/stereonet_component.cpp:16[m[K:
[01m[K/cc_ws/tros_ws/src/box/hobot_perception/hobot_stereonet/src/stereonet_component.cpp:[m[K In member function ‘[01m[Kvoid stereonet::StereoNetNode::pub_func(stereonet::StereoNetNode::pub_data_t&)[m[K’:
[01m[K/cc_ws/tros_ws/src/box/hobot_perception/hobot_stereonet/src/stereonet_component.cpp:1130:9:[m[K [01;35m[Kwarning: [m[Kunknown conversion type character ‘[01m[K,[m[K’ in format [[01;35m[K-Wformat=[m[K]
 1130 |         [01;35m[K"fps: %d, latency: %dms, cpu_usage: %d%, bpu_usage: %d%"[m[K,
      |         [01;35m[K^~~~~~~~~~~~~~~~~~~~~~~~~~~~~~~~~~~~~~~~~~~~~~~~~~~~~~~~[m[K
[01m[K/cc_ws/tros_ws/src/box/hobot_perception/hobot_stereonet/src/stereonet_component.cpp:1130:48:[m[K [01;36m[Knote: [m[Kformat string is defined here
 1130 |         "fps: %d, latency: %dms, cpu_usage: %d%[01;36m[K,[m[K bpu_usage: %d%",
      |                                                [01;36m[K^[m[K
In file included from [01m[K/opt/ros/humble/include/rclcpp/rclcpp/qos_event.hpp:29[m[K,
                 from [01m[K/opt/ros/humble/include/rclcpp/rclcpp/publisher_options.hpp:29[m[K,
                 from [01m[K/opt/ros/humble/include/rclcpp/rclcpp/node_options.hpp:26[m[K,
                 from [01m[K/opt/ros/humble/include/rclcpp_components/rclcpp_components/node_factory.hpp:18[m[K,
                 from [01m[K/opt/ros/humble/include/rclcpp_components/rclcpp_components/node_factory_template.hpp:21[m[K,
                 from [01m[K/opt/ros/humble/include/rclcpp_components/rclcpp_components/register_node_macro.hpp:19[m[K,
                 from [01m[K/cc_ws/tros_ws/src/box/hobot_perception/hobot_stereonet/src/stereonet_component.cpp:16[m[K:
[01m[K/cc_ws/tros_ws/src/box/hobot_perception/hobot_stereonet/src/stereonet_component.cpp:1130:9:[m[K [01;35m[Kwarning: [m[Kspurious trailing ‘[01m[K%[m[K’ in format [[01;35m[K-Wformat=[m[K]
 1130 |         [01;35m[K"fps: %d, latency: %dms, cpu_usage: %d%, bpu_usage: %d%"[m[K,
      |         [01;35m[K^~~~~~~~~~~~~~~~~~~~~~~~~~~~~~~~~~~~~~~~~~~~~~~~~~~~~~~~[m[K
[01m[K/cc_ws/tros_ws/src/box/hobot_perception/hobot_stereonet/src/stereonet_component.cpp:1130:63:[m[K [01;36m[Knote: [m[Kformat string is defined here
 1130 |         "fps: %d, latency: %dms, cpu_usage: %d%, bpu_usage: %d[01;36m[K%[m[K",
      |                                                               [01;36m[K^[m[K
[01m[K/cc_ws/tros_ws/src/box/hobot_perception/hobot_stereonet/src/data_collection.cpp:[m[K In constructor ‘[01m[KRos2SubNode::Ros2SubNode()[m[K’:
[01m[K/cc_ws/tros_ws/src/box/hobot_perception/hobot_stereonet/src/data_collection.cpp:47:11:[m[K [01;35m[Kwarning: [m[Kignoring return value of ‘[01m[Kint system(const char*)[m[K’ declared with attribute ‘[01m[Kwarn_unused_result[m[K’ [[01;35m[K-Wunused-result[m[K]
   47 |     [01;35m[Ksystem("mkdir -p storage/cam0/data/")[m[K;
      |     [01;35m[K~~~~~~^~~~~~~~~~~~~~~~~~~~~~~~~~~~~~~[m[K
[01m[K/cc_ws/tros_ws/src/box/hobot_perception/hobot_stereonet/src/data_collection.cpp:48:11:[m[K [01;35m[Kwarning: [m[Kignoring return value of ‘[01m[Kint system(const char*)[m[K’ declared with attribute ‘[01m[Kwarn_unused_result[m[K’ [[01;35m[K-Wunused-result[m[K]
   48 |     [01;35m[Ksystem("mkdir -p storage/cam1/data/")[m[K;
      |     [01;35m[K~~~~~~^~~~~~~~~~~~~~~~~~~~~~~~~~~~~~~[m[K
[01m[K/cc_ws/tros_ws/src/box/hobot_perception/hobot_stereonet/src/data_collection.cpp:49:11:[m[K [01;35m[Kwarning: [m[Kignoring return value of ‘[01m[Kint system(const char*)[m[K’ declared with attribute ‘[01m[Kwarn_unused_result[m[K’ [[01;35m[K-Wunused-result[m[K]
   49 |     [01;35m[Ksystem("mkdir -p storage/imu0/")[m[K;
      |     [01;35m[K~~~~~~^~~~~~~~~~~~~~~~~~~~~~~~~~[m[K
In file included from [01m[K/opt/ros/humble/include/rclcpp/rclcpp/qos_event.hpp:29[m[K,
                 from [01m[K/opt/ros/humble/include/rclcpp/rclcpp/publisher_options.hpp:29[m[K,
                 from [01m[K/opt/ros/humble/include/rclcpp/rclcpp/node_options.hpp:26[m[K,
                 from [01m[K/opt/ros/humble/include/rclcpp_components/rclcpp_components/node_factory.hpp:18[m[K,
                 from [01m[K/opt/ros/humble/include/rclcpp_components/rclcpp_components/node_factory_template.hpp:21[m[K,
                 from [01m[K/opt/ros/humble/include/rclcpp_components/rclcpp_components/register_node_macro.hpp:19[m[K,
                 from [01m[K/cc_ws/tros_ws/src/box/hobot_perception/hobot_stereonet/src/stereonet_component.cpp:16[m[K:
[01m[K/cc_ws/tros_ws/src/box/hobot_perception/hobot_stereonet/include/pcl_filter.h:[m[K In static member function ‘[01m[Kstatic void pcl_filter::applyfilter(sensor_msgs::msg::PointCloud2&, float, int, float)[m[K’:
[01m[K/cc_ws/tros_ws/src/box/hobot_perception/hobot_stereonet/include/pcl_filter.h:37:42:[m[K [01;35m[Kwarning: [m[Kformat ‘[01m[K%d[m[K’ expects argument of type ‘[01m[Kint[m[K’, but argument 5 has type ‘[01m[Kstd::size_t[m[K’ {aka ‘[01m[Klong unsigned int[m[K’} [[01;35m[K-Wformat=[m[K]
   37 |     RCLCPP_DEBUG(rclcpp::get_logger(""), [01;35m[K"origin pcd size: %d"[m[K, [32m[Kcloud->size()[m[K);
      |                                          [01;35m[K^~~~~~~~~~~~~~~~~~~~~[m[K  [32m[K~~~~~~~~~~~~~[m[K
      |                                                                            [32m[K|[m[K
      |                                                                            [32m[Kstd::size_t {aka long unsigned int}[m[K
In file included from [01m[K/cc_ws/tros_ws/src/box/hobot_perception/hobot_stereonet/src/stereonet_component.cpp:18[m[K:
[01m[K/cc_ws/tros_ws/src/box/hobot_perception/hobot_stereonet/include/pcl_filter.h:37:61:[m[K [01;36m[Knote: [m[Kformat string is defined here
   37 |     RCLCPP_DEBUG(rclcpp::get_logger(""), "origin pcd size: [01;36m[K%d[m[K", cloud->size());
      |                                                            [01;36m[K~^[m[K
      |                                                             [01;36m[K|[m[K
      |                                                             [01;36m[Kint[m[K
      |                                                            [32m[K%ld[m[K
In file included from [01m[K/opt/ros/humble/include/rclcpp/rclcpp/qos_event.hpp:29[m[K,
                 from [01m[K/opt/ros/humble/include/rclcpp/rclcpp/publisher_options.hpp:29[m[K,
                 from [01m[K/opt/ros/humble/include/rclcpp/rclcpp/node_options.hpp:26[m[K,
                 from [01m[K/opt/ros/humble/include/rclcpp_components/rclcpp_components/node_factory.hpp:18[m[K,
                 from [01m[K/opt/ros/humble/include/rclcpp_components/rclcpp_components/node_factory_template.hpp:21[m[K,
                 from [01m[K/opt/ros/humble/include/rclcpp_components/rclcpp_components/register_node_macro.hpp:19[m[K,
                 from [01m[K/cc_ws/tros_ws/src/box/hobot_perception/hobot_stereonet/src/stereonet_component.cpp:16[m[K:
[01m[K/cc_ws/tros_ws/src/box/hobot_perception/hobot_stereonet/include/pcl_filter.h:43:42:[m[K [01;35m[Kwarning: [m[Kformat ‘[01m[K%d[m[K’ expects argument of type ‘[01m[Kint[m[K’, but argument 5 has type ‘[01m[Kstd::size_t[m[K’ {aka ‘[01m[Klong unsigned int[m[K’} [[01;35m[K-Wformat=[m[K]
   43 |     RCLCPP_DEBUG(rclcpp::get_logger(""), [01;35m[K"after voxel, pcd size: %d"[m[K, [32m[Kcloud_filtered->size()[m[K);
      |                                          [01;35m[K^~~~~~~~~~~~~~~~~~~~~~~~~~~[m[K  [32m[K~~~~~~~~~~~~~~~~~~~~~~[m[K
      |                                                                                           [32m[K|[m[K
      |                                                                                           [32m[Kstd::size_t {aka long unsigned int}[m[K
In file included from [01m[K/cc_ws/tros_ws/src/box/hobot_perception/hobot_stereonet/src/stereonet_component.cpp:18[m[K:
[01m[K/cc_ws/tros_ws/src/box/hobot_perception/hobot_stereonet/include/pcl_filter.h:43:67:[m[K [01;36m[Knote: [m[Kformat string is defined here
   43 |     RCLCPP_DEBUG(rclcpp::get_logger(""), "after voxel, pcd size: [01;36m[K%d[m[K", cloud_filtered->size());
      |                                                                  [01;36m[K~^[m[K
      |                                                                   [01;36m[K|[m[K
      |                                                                   [01;36m[Kint[m[K
      |                                                                  [32m[K%ld[m[K
In file included from [01m[K/opt/ros/humble/include/rclcpp/rclcpp/qos_event.hpp:29[m[K,
                 from [01m[K/opt/ros/humble/include/rclcpp/rclcpp/publisher_options.hpp:29[m[K,
                 from [01m[K/opt/ros/humble/include/rclcpp/rclcpp/node_options.hpp:26[m[K,
                 from [01m[K/opt/ros/humble/include/rclcpp_components/rclcpp_components/node_factory.hpp:18[m[K,
                 from [01m[K/opt/ros/humble/include/rclcpp_components/rclcpp_components/node_factory_template.hpp:21[m[K,
                 from [01m[K/opt/ros/humble/include/rclcpp_components/rclcpp_components/register_node_macro.hpp:19[m[K,
                 from [01m[K/cc_ws/tros_ws/src/box/hobot_perception/hobot_stereonet/src/stereonet_component.cpp:16[m[K:
[01m[K/cc_ws/tros_ws/src/box/hobot_perception/hobot_stereonet/include/pcl_filter.h:50:42:[m[K [01;35m[Kwarning: [m[Kformat ‘[01m[K%d[m[K’ expects argument of type ‘[01m[Kint[m[K’, but argument 5 has type ‘[01m[Kstd::size_t[m[K’ {aka ‘[01m[Klong unsigned int[m[K’} [[01;35m[K-Wformat=[m[K]
   50 |     RCLCPP_DEBUG(rclcpp::get_logger(""), [01;35m[K"after StatisticalOutlierRemoval, pcd size: %d"[m[K, [32m[Kcloud_filtered->size()[m[K);
      |                                          [01;35m[K^~~~~~~~~~~~~~~~~~~~~~~~~~~~~~~~~~~~~~~~~~~~~~~[m[K  [32m[K~~~~~~~~~~~~~~~~~~~~~~[m[K
      |                                                                                                               [32m[K|[m[K
      |                                                                                                               [32m[Kstd::size_t {aka long unsigned int}[m[K
In file included from [01m[K/cc_ws/tros_ws/src/box/hobot_perception/hobot_stereonet/src/stereonet_component.cpp:18[m[K:
[01m[K/cc_ws/tros_ws/src/box/hobot_perception/hobot_stereonet/include/pcl_filter.h:50:87:[m[K [01;36m[Knote: [m[Kformat string is defined here
   50 |     RCLCPP_DEBUG(rclcpp::get_logger(""), "after StatisticalOutlierRemoval, pcd size: [01;36m[K%d[m[K", cloud_filtered->size());
      |                                                                                      [01;36m[K~^[m[K
      |                                                                                       [01;36m[K|[m[K
      |                                                                                       [01;36m[Kint[m[K
      |                                                                                      [32m[K%ld[m[K
In file included from [01m[K/opt/ros/humble/include/rclcpp/rclcpp/qos_event.hpp:29[m[K,
                 from [01m[K/opt/ros/humble/include/rclcpp/rclcpp/publisher_options.hpp:29[m[K,
                 from [01m[K/opt/ros/humble/include/rclcpp/rclcpp/node_options.hpp:26[m[K,
                 from [01m[K/opt/ros/humble/include/rclcpp_components/rclcpp_components/node_factory.hpp:18[m[K,
                 from [01m[K/opt/ros/humble/include/rclcpp_components/rclcpp_components/node_factory_template.hpp:21[m[K,
                 from [01m[K/opt/ros/humble/include/rclcpp_components/rclcpp_components/register_node_macro.hpp:19[m[K,
                 from [01m[K/cc_ws/tros_ws/src/box/hobot_perception/hobot_stereonet/src/stereonet_component.cpp:16[m[K:
[01m[K/cc_ws/tros_ws/src/box/hobot_perception/hobot_stereonet/include/pcl_filter.h:82:18:[m[K [01;35m[Kwarning: [m[Kformat ‘[01m[K%d[m[K’ expects argument of type ‘[01m[Kint[m[K’, but argument 5 has type ‘[01m[Klong int[m[K’ [[01;35m[K-Wformat=[m[K]
   82 |                  [01;35m[K"ROS to PCL: %dms, "[m[K
      |                  [01;35m[K^~~~~~~~~~~~~~~~~~~~[m[K
   83 | [01;35m[K                 "PCL filter: %dms,, "[m[K
      |                  [01;35m[K~~~~~~~~~~~~~~~~~~~~~[m[K
   84 | [01;35m[K                 "PCL to ROS: %dms"[m[K, [32m[Kd1[m[K, d2, d3);
      |                  [01;35m[K~~~~~~~~~~~~~~~~~~[m[K  [32m[K~~[m[K
      |                                      [32m[K|[m[K
      |                                      [32m[Klong int[m[K
In file included from [01m[K/cc_ws/tros_ws/src/box/hobot_perception/hobot_stereonet/src/stereonet_component.cpp:18[m[K:
[01m[K/cc_ws/tros_ws/src/box/hobot_perception/hobot_stereonet/include/pcl_filter.h:82:32:[m[K [01;36m[Knote: [m[Kformat string is defined here
   82 |                  "ROS to PCL: [01;36m[K%d[m[Kms, "
      |                               [01;36m[K~^[m[K
      |                                [01;36m[K|[m[K
      |                                [01;36m[Kint[m[K
      |                               [32m[K%ld[m[K
In file included from [01m[K/opt/ros/humble/include/rclcpp/rclcpp/qos_event.hpp:29[m[K,
                 from [01m[K/opt/ros/humble/include/rclcpp/rclcpp/publisher_options.hpp:29[m[K,
                 from [01m[K/opt/ros/humble/include/rclcpp/rclcpp/node_options.hpp:26[m[K,
                 from [01m[K/opt/ros/humble/include/rclcpp_components/rclcpp_components/node_factory.hpp:18[m[K,
                 from [01m[K/opt/ros/humble/include/rclcpp_components/rclcpp_components/node_factory_template.hpp:21[m[K,
                 from [01m[K/opt/ros/humble/include/rclcpp_components/rclcpp_components/register_node_macro.hpp:19[m[K,
                 from [01m[K/cc_ws/tros_ws/src/box/hobot_perception/hobot_stereonet/src/stereonet_component.cpp:16[m[K:
[01m[K/cc_ws/tros_ws/src/box/hobot_perception/hobot_stereonet/include/pcl_filter.h:82:18:[m[K [01;35m[Kwarning: [m[Kformat ‘[01m[K%d[m[K’ expects argument of type ‘[01m[Kint[m[K’, but argument 6 has type ‘[01m[Klong int[m[K’ [[01;35m[K-Wformat=[m[K]
   82 |                  [01;35m[K"ROS to PCL: %dms, "[m[K
      |                  [01;35m[K^~~~~~~~~~~~~~~~~~~~[m[K
   83 | [01;35m[K                 "PCL filter: %dms,, "[m[K
      |                  [01;35m[K~~~~~~~~~~~~~~~~~~~~~[m[K
   84 | [01;35m[K                 "PCL to ROS: %dms"[m[K, d1, [32m[Kd2[m[K, d3);
      |                  [01;35m[K~~~~~~~~~~~~~~~~~~[m[K      [32m[K~~[m[K
      |                                          [32m[K|[m[K
      |                                          [32m[Klong int[m[K
In file included from [01m[K/cc_ws/tros_ws/src/box/hobot_perception/hobot_stereonet/src/stereonet_component.cpp:18[m[K:
[01m[K/cc_ws/tros_ws/src/box/hobot_perception/hobot_stereonet/include/pcl_filter.h:83:32:[m[K [01;36m[Knote: [m[Kformat string is defined here
   83 |                  "PCL filter: [01;36m[K%d[m[Kms,, "
      |                               [01;36m[K~^[m[K
      |                                [01;36m[K|[m[K
      |                                [01;36m[Kint[m[K
      |                               [32m[K%ld[m[K
In file included from [01m[K/opt/ros/humble/include/rclcpp/rclcpp/qos_event.hpp:29[m[K,
                 from [01m[K/opt/ros/humble/include/rclcpp/rclcpp/publisher_options.hpp:29[m[K,
                 from [01m[K/opt/ros/humble/include/rclcpp/rclcpp/node_options.hpp:26[m[K,
                 from [01m[K/opt/ros/humble/include/rclcpp_components/rclcpp_components/node_factory.hpp:18[m[K,
                 from [01m[K/opt/ros/humble/include/rclcpp_components/rclcpp_components/node_factory_template.hpp:21[m[K,
                 from [01m[K/opt/ros/humble/include/rclcpp_components/rclcpp_components/register_node_macro.hpp:19[m[K,
                 from [01m[K/cc_ws/tros_ws/src/box/hobot_perception/hobot_stereonet/src/stereonet_component.cpp:16[m[K:
[01m[K/cc_ws/tros_ws/src/box/hobot_perception/hobot_stereonet/include/pcl_filter.h:82:18:[m[K [01;35m[Kwarning: [m[Kformat ‘[01m[K%d[m[K’ expects argument of type ‘[01m[Kint[m[K’, but argument 7 has type ‘[01m[Klong int[m[K’ [[01;35m[K-Wformat=[m[K]
   82 |                  [01;35m[K"ROS to PCL: %dms, "[m[K
      |                  [01;35m[K^~~~~~~~~~~~~~~~~~~~[m[K
   83 | [01;35m[K                 "PCL filter: %dms,, "[m[K
      |                  [01;35m[K~~~~~~~~~~~~~~~~~~~~~[m[K
   84 | [01;35m[K                 "PCL to ROS: %dms"[m[K, d1, d2, [32m[Kd3[m[K);
      |                  [01;35m[K~~~~~~~~~~~~~~~~~~[m[K          [32m[K~~[m[K
      |                                              [32m[K|[m[K
      |                                              [32m[Klong int[m[K
In file included from [01m[K/cc_ws/tros_ws/src/box/hobot_perception/hobot_stereonet/src/stereonet_component.cpp:18[m[K:
[01m[K/cc_ws/tros_ws/src/box/hobot_perception/hobot_stereonet/include/pcl_filter.h:84:32:[m[K [01;36m[Knote: [m[Kformat string is defined here
   84 |                  "PCL to ROS: [01;36m[K%d[m[Kms", d1, d2, d3);
      |                               [01;36m[K~^[m[K
      |                                [01;36m[K|[m[K
      |                                [01;36m[Kint[m[K
      |                               [32m[K%ld[m[K
In file included from [01m[K/opt/ros/humble/include/rclcpp/rclcpp/qos_event.hpp:29[m[K,
                 from [01m[K/opt/ros/humble/include/rclcpp/rclcpp/publisher_options.hpp:29[m[K,
                 from [01m[K/opt/ros/humble/include/rclcpp/rclcpp/node_options.hpp:26[m[K,
                 from [01m[K/opt/ros/humble/include/rclcpp_components/rclcpp_components/node_factory.hpp:18[m[K,
                 from [01m[K/opt/ros/humble/include/rclcpp_components/rclcpp_components/node_factory_template.hpp:21[m[K,
                 from [01m[K/opt/ros/humble/include/rclcpp_components/rclcpp_components/register_node_macro.hpp:19[m[K,
                 from [01m[K/cc_ws/tros_ws/src/box/hobot_perception/hobot_stereonet/src/stereonet_component.cpp:16[m[K:
[01m[K/cc_ws/tros_ws/src/box/hobot_perception/hobot_stereonet/src/stereonet_component.cpp:[m[K In member function ‘[01m[Kvoid stereonet::StereoNetNode::pub_func(stereonet::StereoNetNode::pub_data_t&)[m[K’:
[01m[K/cc_ws/tros_ws/src/box/hobot_perception/hobot_stereonet/src/stereonet_component.cpp:1130:9:[m[K [01;35m[Kwarning: [m[Kunknown conversion type character ‘[01m[K,[m[K’ in format [[01;35m[K-Wformat=[m[K]
 1130 |         [01;35m[K"fps: %d, latency: %dms, cpu_usage: %d%, bpu_usage: %d%"[m[K,
      |         [01;35m[K^~~~~~~~~~~~~~~~~~~~~~~~~~~~~~~~~~~~~~~~~~~~~~~~~~~~~~~~[m[K
[01m[K/cc_ws/tros_ws/src/box/hobot_perception/hobot_stereonet/src/stereonet_component.cpp:1130:48:[m[K [01;36m[Knote: [m[Kformat string is defined here
 1130 |         "fps: %d, latency: %dms, cpu_usage: %d%[01;36m[K,[m[K bpu_usage: %d%",
      |                                                [01;36m[K^[m[K
In file included from [01m[K/opt/ros/humble/include/rclcpp/rclcpp/qos_event.hpp:29[m[K,
                 from [01m[K/opt/ros/humble/include/rclcpp/rclcpp/publisher_options.hpp:29[m[K,
                 from [01m[K/opt/ros/humble/include/rclcpp/rclcpp/node_options.hpp:26[m[K,
                 from [01m[K/opt/ros/humble/include/rclcpp_components/rclcpp_components/node_factory.hpp:18[m[K,
                 from [01m[K/opt/ros/humble/include/rclcpp_components/rclcpp_components/node_factory_template.hpp:21[m[K,
                 from [01m[K/opt/ros/humble/include/rclcpp_components/rclcpp_components/register_node_macro.hpp:19[m[K,
                 from [01m[K/cc_ws/tros_ws/src/box/hobot_perception/hobot_stereonet/src/stereonet_component.cpp:16[m[K:
[01m[K/cc_ws/tros_ws/src/box/hobot_perception/hobot_stereonet/src/stereonet_component.cpp:1130:9:[m[K [01;35m[Kwarning: [m[Kspurious trailing ‘[01m[K%[m[K’ in format [[01;35m[K-Wformat=[m[K]
 1130 |         [01;35m[K"fps: %d, latency: %dms, cpu_usage: %d%, bpu_usage: %d%"[m[K,
      |         [01;35m[K^~~~~~~~~~~~~~~~~~~~~~~~~~~~~~~~~~~~~~~~~~~~~~~~~~~~~~~~[m[K
[01m[K/cc_ws/tros_ws/src/box/hobot_perception/hobot_stereonet/src/stereonet_component.cpp:1130:63:[m[K [01;36m[Knote: [m[Kformat string is defined here
 1130 |         "fps: %d, latency: %dms, cpu_usage: %d%, bpu_usage: %d[01;36m[K%[m[K",
      |                                                               [01;36m[K^[m[K
[ 80%] [32m[1mLinking CXX shared library libstereonet_model_intra_sub.so[0m
[ 85%] [32m[1mLinking CXX executable stereonet_model_sub_node[0m
[ 85%] Built target stereonet_model_intra_sub
[ 85%] Built target stereonet_model_sub_node
[01m[K/cc_ws/tros_ws/src/box/hobot_perception/hobot_stereonet/src/stereonet_component.cpp:[m[K In function ‘[01m[Kvoid stereonet::save_images(cv::Mat&, cv::Mat&, uint64_t, const string&)[m[K’:
[01m[K/cc_ws/tros_ws/src/box/hobot_perception/hobot_stereonet/src/stereonet_component.cpp:836:11:[m[K [01;35m[Kwarning: [m[Kignoring return value of ‘[01m[Kint system(const char*)[m[K’ declared with attribute ‘[01m[Kwarn_unused_result[m[K’ [[01;35m[K-Wunused-result[m[K]
  836 |     [01;35m[Ksystem("mkdir -p"[m[K
      |     [01;35m[K~~~~~~^~~~~~~~~~~[m[K
  837 | [01;35m[K           " ./images/cam0/data/"[m[K
      |            [01;35m[K~~~~~~~~~~~~~~~~~~~~~~[m[K
  838 | [01;35m[K           " ./images/cam1/data/"[m[K
      |            [01;35m[K~~~~~~~~~~~~~~~~~~~~~~[m[K
  839 | [01;35m[K           " ./images/cam_combine/data/")[m[K;
      |            [01;35m[K~~~~~~~~~~~~~~~~~~~~~~~~~~~~~~[m[K
[01m[K/cc_ws/tros_ws/src/box/hobot_perception/hobot_stereonet/src/stereonet_component.cpp:[m[K In function ‘[01m[Kvoid stereonet::save_images(cv::Mat&, cv::Mat&, uint64_t, const string&)[m[K’:
[01m[K/cc_ws/tros_ws/src/box/hobot_perception/hobot_stereonet/src/stereonet_component.cpp:836:11:[m[K [01;35m[Kwarning: [m[Kignoring return value of ‘[01m[Kint system(const char*)[m[K’ declared with attribute ‘[01m[Kwarn_unused_result[m[K’ [[01;35m[K-Wunused-result[m[K]
  836 |     [01;35m[Ksystem("mkdir -p"[m[K
      |     [01;35m[K~~~~~~^~~~~~~~~~~[m[K
  837 | [01;35m[K           " ./images/cam0/data/"[m[K
      |            [01;35m[K~~~~~~~~~~~~~~~~~~~~~~[m[K
  838 | [01;35m[K           " ./images/cam1/data/"[m[K
      |            [01;35m[K~~~~~~~~~~~~~~~~~~~~~~[m[K
  839 | [01;35m[K           " ./images/cam_combine/data/")[m[K;
      |            [01;35m[K~~~~~~~~~~~~~~~~~~~~~~~~~~~~~~[m[K
[ 90%] [32m[1mLinking CXX executable data_collection[0m
[ 90%] Built target data_collection
[ 95%] [32m[1mLinking CXX executable stereonet_model_node[0m
[100%] [32m[1mLinking CXX shared library libstereonet_model.so[0m
[100%] Built target stereonet_model_node
[100%] Built target stereonet_model
-- Install configuration: "Release"
-- Installing: /cc_ws/tros_ws/install/lib/hobot_stereonet/stereonet_model_component_node
-- Set runtime path of "/cc_ws/tros_ws/install/lib/hobot_stereonet/stereonet_model_component_node" to ""
-- Installing: /cc_ws/tros_ws/install/lib/hobot_stereonet/stereonet_model_intra_sub_node
-- Set runtime path of "/cc_ws/tros_ws/install/lib/hobot_stereonet/stereonet_model_intra_sub_node" to ""
-- Installing: /cc_ws/tros_ws/install/lib/hobot_stereonet/stereonet_model_node
-- Set runtime path of "/cc_ws/tros_ws/install/lib/hobot_stereonet/stereonet_model_node" to ""
-- Up-to-date: /cc_ws/tros_ws/install/lib/hobot_stereonet/stereonet_model_intra_sub_node
-- Installing: /cc_ws/tros_ws/install/lib/hobot_stereonet/data_collection
-- Set runtime path of "/cc_ws/tros_ws/install/lib/hobot_stereonet/data_collection" to ""
-- Installing: /cc_ws/tros_ws/install/lib/libstereonet_model.so
-- Set runtime path of "/cc_ws/tros_ws/install/lib/libstereonet_model.so" to ""
-- Installing: /cc_ws/tros_ws/install/lib/libstereonet_model_intra_sub.so
-- Set runtime path of "/cc_ws/tros_ws/install/lib/libstereonet_model_intra_sub.so" to ""
-- Up-to-date: /cc_ws/tros_ws/install/share/hobot_stereonet/config
-- Installing: /cc_ws/tros_ws/install/share/hobot_stereonet/config/stereo.yaml
-- Installing: /cc_ws/tros_ws/install/share/hobot_stereonet/config/DStereoV2.3.bin
-- Installing: /cc_ws/tros_ws/install/share/hobot_stereonet/config/DStereoV2.4_int16.bin
-- Installing: /cc_ws/tros_ws/install/share/hobot_stereonet/config/dstereo_s100_320_640_352_v2.4.hbm
-- Installing: /cc_ws/tros_ws/install/share/hobot_stereonet/config/stereo_2.yaml
-- Installing: /cc_ws/tros_ws/install/share/hobot_stereonet/config/stereo_cv.yaml
-- Installing: /cc_ws/tros_ws/install/share/hobot_stereonet/config/stereo_26.yaml
-- Installing: /cc_ws/tros_ws/install/share/hobot_stereonet/config/dstereo_s100_320_640_352_v2.1.hbm
-- Installing: /cc_ws/tros_ws/install/share/hobot_stereonet/config/DStereoV2.3.1.bin
-- Installing: /cc_ws/tros_ws/install/share/hobot_stereonet/config/DStereoV2.4_int8.bin
-- Installing: /cc_ws/tros_ws/install/share/hobot_stereonet/config/DStereoV2.2.bin
-- Installing: /cc_ws/tros_ws/install/share/hobot_stereonet/config/stereo_15.yaml
-- Installing: /cc_ws/tros_ws/install/share/hobot_stereonet/config/DStereoV2.1.bin
-- Installing: /cc_ws/tros_ws/install/share/hobot_stereonet/config/DStereoV2.0.bin
-- Installing: /cc_ws/tros_ws/install/share/hobot_stereonet/config/DStereoV2.4_int16_320_256.bin
-- Installing: /cc_ws/tros_ws/install/share/hobot_stereonet/launch/stereonet_model.launch.py
-- Installing: /cc_ws/tros_ws/install/share/hobot_stereonet/launch/stereonet_model_component.launch.py
-- Installing: /cc_ws/tros_ws/install/share/hobot_stereonet/launch/stereonet_model_web_visual.launch.py
-- Installing: /cc_ws/tros_ws/install/share/hobot_stereonet/launch/stereonet_model_web_visual_component.launch.py
-- Installing: /cc_ws/tros_ws/install/share/hobot_stereonet/launch/stereonet_offline_infer.launch.py
-- Installing: /cc_ws/tros_ws/install/share/hobot_stereonet/launch/stereonet_model_web_visual_cmp_rs_230ai.launch.py
-- Installing: /cc_ws/tros_ws/install/share/hobot_stereonet/launch/stereonet_model_web_visual_cmp_rs_2i.launch.py
-- Installing: /cc_ws/tros_ws/install/share/hobot_stereonet/launch/stereonet_model_web_visual_cmp_rs_mini.launch.py
-- Installing: /cc_ws/tros_ws/install/share/hobot_stereonet/launch/stereonet_model_web_visual_cmp_rs_mini_v2.launch.py
-- Installing: /cc_ws/tros_ws/install/share/hobot_stereonet/launch/stereonet_model_web_visual_component_v2.0.launch.py
-- Installing: /cc_ws/tros_ws/install/share/hobot_stereonet/launch/stereonet_model_web_visual_component_v2.1.launch.py
-- Installing: /cc_ws/tros_ws/install/share/hobot_stereonet/launch/stereonet_model_web_visual_component_v2.2.launch.py
-- Installing: /cc_ws/tros_ws/install/share/hobot_stereonet/launch/stereonet_model_web_visual_component_v2.3.launch.py
-- Installing: /cc_ws/tros_ws/install/share/hobot_stereonet/launch/stereonet_model_web_visual_v2.0.launch.py
-- Installing: /cc_ws/tros_ws/install/share/hobot_stereonet/launch/stereonet_model_web_visual_v2.1.launch.py
-- Installing: /cc_ws/tros_ws/install/share/hobot_stereonet/launch/stereonet_model_web_visual_v2.2.launch.py
-- Installing: /cc_ws/tros_ws/install/share/hobot_stereonet/launch/stereonet_model_web_visual_v2.3.launch.py
-- Installing: /cc_ws/tros_ws/install/share/hobot_stereonet/launch/stereonet_model_web_visual_v2.4_int16.launch.py
-- Installing: /cc_ws/tros_ws/install/share/hobot_stereonet/launch/stereonet_model_web_visual_v2.4_int16_320_256.launch.py
-- Installing: /cc_ws/tros_ws/install/share/hobot_stereonet/launch/stereonet_model_web_visual_v2.4_int8.launch.py
-- Installing: /cc_ws/tros_ws/install/share/hobot_stereonet/launch/stereonet_model_web_visual_zed_v2.0.launch.py
-- Installing: /cc_ws/tros_ws/install/share/hobot_stereonet/launch/stereonet_model_web_visual_zed_v2.2.launch.py
-- Up-to-date: /cc_ws/tros_ws/install/share/hobot_stereonet/config
-- Up-to-date: /cc_ws/tros_ws/install/share/hobot_stereonet/config/stereo.yaml
-- Up-to-date: /cc_ws/tros_ws/install/share/hobot_stereonet/config/DStereoV2.3.bin
-- Up-to-date: /cc_ws/tros_ws/install/share/hobot_stereonet/config/DStereoV2.4_int16.bin
-- Up-to-date: /cc_ws/tros_ws/install/share/hobot_stereonet/config/dstereo_s100_320_640_352_v2.4.hbm
-- Up-to-date: /cc_ws/tros_ws/install/share/hobot_stereonet/config/stereo_2.yaml
-- Up-to-date: /cc_ws/tros_ws/install/share/hobot_stereonet/config/stereo_cv.yaml
-- Up-to-date: /cc_ws/tros_ws/install/share/hobot_stereonet/config/stereo_26.yaml
-- Up-to-date: /cc_ws/tros_ws/install/share/hobot_stereonet/config/dstereo_s100_320_640_352_v2.1.hbm
-- Up-to-date: /cc_ws/tros_ws/install/share/hobot_stereonet/config/DStereoV2.3.1.bin
-- Up-to-date: /cc_ws/tros_ws/install/share/hobot_stereonet/config/DStereoV2.4_int8.bin
-- Up-to-date: /cc_ws/tros_ws/install/share/hobot_stereonet/config/DStereoV2.2.bin
-- Up-to-date: /cc_ws/tros_ws/install/share/hobot_stereonet/config/stereo_15.yaml
-- Up-to-date: /cc_ws/tros_ws/install/share/hobot_stereonet/config/DStereoV2.1.bin
-- Up-to-date: /cc_ws/tros_ws/install/share/hobot_stereonet/config/DStereoV2.0.bin
-- Up-to-date: /cc_ws/tros_ws/install/share/hobot_stereonet/config/DStereoV2.4_int16_320_256.bin
-- Up-to-date: /cc_ws/tros_ws/install/share/hobot_stereonet/data
-- Installing: /cc_ws/tros_ws/install/share/hobot_stereonet/data/left000002.png
-- Installing: /cc_ws/tros_ws/install/share/hobot_stereonet/data/right000000.png
-- Installing: /cc_ws/tros_ws/install/share/hobot_stereonet/data/right000004.png
-- Installing: /cc_ws/tros_ws/install/share/hobot_stereonet/data/right000001.png
-- Installing: /cc_ws/tros_ws/install/share/hobot_stereonet/data/right000002.png
-- Installing: /cc_ws/tros_ws/install/share/hobot_stereonet/data/left000000.png
-- Installing: /cc_ws/tros_ws/install/share/hobot_stereonet/data/left000004.png
-- Installing: /cc_ws/tros_ws/install/share/hobot_stereonet/data/left000003.png
-- Installing: /cc_ws/tros_ws/install/share/hobot_stereonet/data/right000003.png
-- Installing: /cc_ws/tros_ws/install/share/hobot_stereonet/data/left000001.png
-- Up-to-date: /cc_ws/tros_ws/install/share/ament_index/resource_index/package_run_dependencies/hobot_stereonet
-- Up-to-date: /cc_ws/tros_ws/install/share/ament_index/resource_index/parent_prefix_path/hobot_stereonet
-- Up-to-date: /cc_ws/tros_ws/install/share/hobot_stereonet/environment/ament_prefix_path.sh
-- Installing: /cc_ws/tros_ws/install/share/hobot_stereonet/environment/ament_prefix_path.dsv
-- Up-to-date: /cc_ws/tros_ws/install/share/hobot_stereonet/environment/path.sh
-- Installing: /cc_ws/tros_ws/install/share/hobot_stereonet/environment/path.dsv
-- Up-to-date: /cc_ws/tros_ws/install/share/hobot_stereonet/local_setup.bash
-- Up-to-date: /cc_ws/tros_ws/install/share/hobot_stereonet/local_setup.sh
-- Up-to-date: /cc_ws/tros_ws/install/share/hobot_stereonet/local_setup.zsh
-- Installing: /cc_ws/tros_ws/install/share/hobot_stereonet/local_setup.dsv
-- Installing: /cc_ws/tros_ws/install/share/hobot_stereonet/package.dsv
-- Up-to-date: /cc_ws/tros_ws/install/share/ament_index/resource_index/packages/hobot_stereonet
-- Up-to-date: /cc_ws/tros_ws/install/share/ament_index/resource_index/rclcpp_components/hobot_stereonet
-- Installing: /cc_ws/tros_ws/install/share/hobot_stereonet/cmake/hobot_stereonetConfig.cmake
-- Installing: /cc_ws/tros_ws/install/share/hobot_stereonet/cmake/hobot_stereonetConfig-version.cmake
-- Installing: /cc_ws/tros_ws/install/share/hobot_stereonet/package.xml
