[0.015s] Invoking command in '/cc_ws/tros_ws/build/hobot_stereonet': CMAKE_PREFIX_PATH=/opt/ros/humble HISTTIMEFORMAT=%F %T /usr/bin/cmake /cc_ws/tros_ws/src/box/hobot_perception/hobot_stereonet -DCMAKE_EXPORT_COMPILE_COMMANDS=ON --no-warn-unused-cli -DCMAKE_TOOLCHAIN_FILE=/cc_ws/tros_ws/robot_dev_config/aarch64_toolchainfile.cmake -DPLATFORM_X5=ON -DTHIRDPARTY=ON -DBUILD_TESTING=OFF -DCMAKE_BUILD_RPATH=/cc_ws/tros_ws/build/poco_vendor/poco_external_project_install/lib/;/cc_ws/tros_ws/build/libyaml_vendor/libyaml_install/lib/ -DCMAKE_INSTALL_PREFIX=/cc_ws/tros_ws/install
[0.038s] Not searching for unused variables given on the command line.
[0.070s] -- Found rclcpp: 16.0.8 (/opt/ros/humble/share/rclcpp/cmake)
[0.259s] [33mCMake Warning (dev) at /opt/ros/humble/share/ament_cmake_test/cmake/ament_cmake_test-extras.cmake:19 (option):
[0.259s]   Policy CMP0077 is not set: option() honors normal variables.  Run "cmake
[0.259s]   --help-policy CMP0077" for policy details.  Use the cmake_policy command to
[0.259s]   set the policy and suppress this warning.
[0.259s] 
[0.259s]   For compatibility with older versions of CMake, option is clearing the
[0.259s]   normal variable 'BUILD_TESTING'.
[0.259s] Call Stack (most recent call first):
[0.260s]   /opt/ros/humble/share/ament_cmake_test/cmake/ament_cmake_testConfig.cmake:41 (include)
[0.260s]   /opt/ros/humble/share/ament_cmake/cmake/ament_cmake_export_dependencies-extras.cmake:21 (find_package)
[0.260s]   /opt/ros/humble/share/ament_cmake/cmake/ament_cmakeConfig.cmake:41 (include)
[0.260s]   /opt/ros/humble/share/rcutils/cmake/ament_cmake_export_dependencies-extras.cmake:21 (find_package)
[0.260s]   /opt/ros/humble/share/rcutils/cmake/rcutilsConfig.cmake:41 (include)
[0.260s]   /opt/ros/humble/share/rosidl_runtime_c/cmake/ament_cmake_export_dependencies-extras.cmake:21 (find_package)
[0.260s]   /opt/ros/humble/share/rosidl_runtime_c/cmake/rosidl_runtime_cConfig.cmake:41 (include)
[0.260s]   /opt/ros/humble/share/builtin_interfaces/cmake/ament_cmake_export_dependencies-extras.cmake:21 (find_package)
[0.260s]   /opt/ros/humble/share/builtin_interfaces/cmake/builtin_interfacesConfig.cmake:41 (include)
[0.260s]   /opt/ros/humble/share/libstatistics_collector/cmake/ament_cmake_export_dependencies-extras.cmake:21 (find_package)
[0.260s]   /opt/ros/humble/share/libstatistics_collector/cmake/libstatistics_collectorConfig.cmake:41 (include)
[0.260s]   /opt/ros/humble/share/rclcpp/cmake/ament_cmake_export_dependencies-extras.cmake:21 (find_package)
[0.260s]   /opt/ros/humble/share/rclcpp/cmake/rclcppConfig.cmake:41 (include)
[0.261s]   CMakeLists.txt:16 (find_package)
[0.261s] This warning is for project developers.  Use -Wno-dev to suppress it.
[0.261s] [0m
[0.277s] -- Found rosidl_generator_c: 3.1.5 (/opt/ros/humble/share/rosidl_generator_c/cmake)
[0.281s] -- Found rosidl_adapter: 3.1.5 (/opt/ros/humble/share/rosidl_adapter/cmake)
[0.291s] -- Found rosidl_generator_cpp: 3.1.5 (/opt/ros/humble/share/rosidl_generator_cpp/cmake)
[0.310s] -- Using all available rosidl_typesupport_c: rosidl_typesupport_fastrtps_c;rosidl_typesupport_introspection_c
[0.336s] -- Using all available rosidl_typesupport_cpp: rosidl_typesupport_fastrtps_cpp;rosidl_typesupport_introspection_cpp
[0.432s] -- Found rmw_implementation_cmake: 6.1.1 (/opt/ros/humble/share/rmw_implementation_cmake/cmake)
[0.434s] -- Found rmw_fastrtps_cpp: 6.2.6 (/opt/ros/humble/share/rmw_fastrtps_cpp/cmake)
[0.572s] -- Using RMW implementation 'rmw_fastrtps_cpp' as default
[0.801s] -- Found rclcpp_components: 16.0.8 (/opt/ros/humble/share/rclcpp_components/cmake)
[0.878s] -- Found sensor_msgs: 4.2.3 (/opt/ros/humble/share/sensor_msgs/cmake)
[1.039s] -- Found cv_bridge: 3.2.1 (/opt/ros/humble/share/cv_bridge/cmake)
[1.049s] -- Found message_filters: 4.3.3 (/opt/ros/humble/share/message_filters/cmake)
[1.056s] -- Found tf2_ros: 0.25.6 (/opt/ros/humble/share/tf2_ros/cmake)
[1.410s] [0mPREFIX_PATH is [0m
[1.410s] [0mSYS_ROOT is /cc_ws/tros_ws/robot_dev_config/../../sysroot_docker[0m
[1.410s] -- Preferred ROS distribution: humble
[1.411s] [0mhobot_stereonet build platform X5[0m
[1.622s] -- Configuring done
[2.245s] -- Generating done
[2.249s] -- Build files have been written to: /cc_ws/tros_ws/build/hobot_stereonet
[2.263s] Invoked command in '/cc_ws/tros_ws/build/hobot_stereonet' returned '0': CMAKE_PREFIX_PATH=/opt/ros/humble HISTTIMEFORMAT=%F %T /usr/bin/cmake /cc_ws/tros_ws/src/box/hobot_perception/hobot_stereonet -DCMAKE_EXPORT_COMPILE_COMMANDS=ON --no-warn-unused-cli -DCMAKE_TOOLCHAIN_FILE=/cc_ws/tros_ws/robot_dev_config/aarch64_toolchainfile.cmake -DPLATFORM_X5=ON -DTHIRDPARTY=ON -DBUILD_TESTING=OFF -DCMAKE_BUILD_RPATH=/cc_ws/tros_ws/build/poco_vendor/poco_external_project_install/lib/;/cc_ws/tros_ws/build/libyaml_vendor/libyaml_install/lib/ -DCMAKE_INSTALL_PREFIX=/cc_ws/tros_ws/install
[2.265s] Invoking command in '/cc_ws/tros_ws/build/hobot_stereonet': CMAKE_PREFIX_PATH=/opt/ros/humble HISTTIMEFORMAT=%F %T /usr/bin/cmake --build /cc_ws/tros_ws/build/hobot_stereonet -- -j12 -l12
[2.307s] [35m[1mConsolidate compiler generated dependencies of target stereonet_model_intra_sub_node[0m
[2.308s] [35m[1mConsolidate compiler generated dependencies of target stereonet_model_component_node[0m
[2.312s] [35m[1mConsolidate compiler generated dependencies of target stereonet_model_intra_sub[0m
[2.314s] [35m[1mConsolidate compiler generated dependencies of target stereonet_model_sub_node[0m
[2.315s] [35m[1mConsolidate compiler generated dependencies of target data_collection[0m
[2.315s] [35m[1mConsolidate compiler generated dependencies of target stereonet_model[0m
[2.320s] [35m[1mConsolidate compiler generated dependencies of target stereonet_model_node[0m
[2.345s] [  5%] [32mBuilding CXX object CMakeFiles/stereonet_model_intra_sub_node.dir/rclcpp_components/node_main_stereonet_model_intra_sub_node.cpp.o[0m
[2.346s] [ 10%] [32mBuilding CXX object CMakeFiles/stereonet_model_component_node.dir/rclcpp_components/node_main_stereonet_model_component_node.cpp.o[0m
[2.346s] [ 15%] [32mBuilding CXX object CMakeFiles/stereonet_model_sub_node.dir/src/stereonet_intra_sub.cpp.o[0m
[2.347s] [ 20%] [32mBuilding CXX object CMakeFiles/stereonet_model_intra_sub.dir/src/stereonet_intra_sub.cpp.o[0m
[2.349s] [ 25%] [32mBuilding CXX object CMakeFiles/stereonet_model_sub_node.dir/src/stereonet_sub_node.cpp.o[0m
[2.349s] [ 30%] [32mBuilding CXX object CMakeFiles/data_collection.dir/src/data_collection.cpp.o[0m
[2.373s] [ 35%] [32mBuilding CXX object CMakeFiles/stereonet_model_node.dir/src/stereonet_process.cpp.o[0m
[2.374s] [ 40%] [32mBuilding CXX object CMakeFiles/stereonet_model.dir/src/stereonet_component.cpp.o[0m
[2.374s] [ 45%] [32mBuilding CXX object CMakeFiles/stereonet_model_node.dir/src/stereonet_component.cpp.o[0m
[2.375s] [ 50%] [32mBuilding CXX object CMakeFiles/stereonet_model.dir/src/stereonet_process.cpp.o[0m
[2.375s] [ 55%] [32mBuilding CXX object CMakeFiles/stereonet_model.dir/src/image_conversion.cpp.o[0m
[2.376s] [ 60%] [32mBuilding CXX object CMakeFiles/stereonet_model_node.dir/src/image_conversion.cpp.o[0m
[8.560s] [ 65%] [32mBuilding CXX object CMakeFiles/stereonet_model_node.dir/src/node.cpp.o[0m
[11.117s] [ 70%] [32m[1mLinking CXX executable stereonet_model_component_node[0m
[11.343s] [ 70%] Built target stereonet_model_component_node
[11.747s] [ 75%] [32m[1mLinking CXX executable stereonet_model_intra_sub_node[0m
[11.872s] [ 75%] Built target stereonet_model_intra_sub_node
[18.840s] In file included from [01m[K/opt/ros/humble/include/rclcpp/rclcpp/qos_event.hpp:29[m[K,
[18.840s]                  from [01m[K/opt/ros/humble/include/rclcpp/rclcpp/publisher_options.hpp:29[m[K,
[18.840s]                  from [01m[K/opt/ros/humble/include/rclcpp/rclcpp/node_options.hpp:26[m[K,
[18.841s]                  from [01m[K/opt/ros/humble/include/rclcpp_components/rclcpp_components/node_factory.hpp:18[m[K,
[18.841s]                  from [01m[K/opt/ros/humble/include/rclcpp_components/rclcpp_components/node_factory_template.hpp:21[m[K,
[18.841s]                  from [01m[K/opt/ros/humble/include/rclcpp_components/rclcpp_components/register_node_macro.hpp:19[m[K,
[18.841s]                  from [01m[K/cc_ws/tros_ws/src/box/hobot_perception/hobot_stereonet/src/stereonet_component.cpp:16[m[K:
[18.841s] [01m[K/cc_ws/tros_ws/src/box/hobot_perception/hobot_stereonet/include/pcl_filter.h:[m[K In static member function ‘[01m[Kstatic void pcl_filter::applyfilter(sensor_msgs::msg::PointCloud2&, float, int, float)[m[K’:
[18.841s] [01m[K/cc_ws/tros_ws/src/box/hobot_perception/hobot_stereonet/include/pcl_filter.h:37:42:[m[K [01;35m[Kwarning: [m[Kformat ‘[01m[K%d[m[K’ expects argument of type ‘[01m[Kint[m[K’, but argument 5 has type ‘[01m[Kstd::size_t[m[K’ {aka ‘[01m[Klong unsigned int[m[K’} [[01;35m[K-Wformat=[m[K]
[18.841s]    37 |     RCLCPP_DEBUG(rclcpp::get_logger(""), [01;35m[K"origin pcd size: %d"[m[K, [32m[Kcloud->size()[m[K);
[18.841s]       |                                          [01;35m[K^~~~~~~~~~~~~~~~~~~~~[m[K  [32m[K~~~~~~~~~~~~~[m[K
[18.841s]       |                                                                            [32m[K|[m[K
[18.842s]       |                                                                            [32m[Kstd::size_t {aka long unsigned int}[m[K
[18.842s] In file included from [01m[K/cc_ws/tros_ws/src/box/hobot_perception/hobot_stereonet/src/stereonet_component.cpp:18[m[K:
[18.842s] [01m[K/cc_ws/tros_ws/src/box/hobot_perception/hobot_stereonet/include/pcl_filter.h:37:61:[m[K [01;36m[Knote: [m[Kformat string is defined here
[18.842s]    37 |     RCLCPP_DEBUG(rclcpp::get_logger(""), "origin pcd size: [01;36m[K%d[m[K", cloud->size());
[18.842s]       |                                                            [01;36m[K~^[m[K
[18.842s]       |                                                             [01;36m[K|[m[K
[18.842s]       |                                                             [01;36m[Kint[m[K
[18.842s]       |                                                            [32m[K%ld[m[K
[18.848s] In file included from [01m[K/opt/ros/humble/include/rclcpp/rclcpp/qos_event.hpp:29[m[K,
[18.848s]                  from [01m[K/opt/ros/humble/include/rclcpp/rclcpp/publisher_options.hpp:29[m[K,
[18.848s]                  from [01m[K/opt/ros/humble/include/rclcpp/rclcpp/node_options.hpp:26[m[K,
[18.848s]                  from [01m[K/opt/ros/humble/include/rclcpp_components/rclcpp_components/node_factory.hpp:18[m[K,
[18.848s]                  from [01m[K/opt/ros/humble/include/rclcpp_components/rclcpp_components/node_factory_template.hpp:21[m[K,
[18.852s]                  from [01m[K/opt/ros/humble/include/rclcpp_components/rclcpp_components/register_node_macro.hpp:19[m[K,
[18.852s]                  from [01m[K/cc_ws/tros_ws/src/box/hobot_perception/hobot_stereonet/src/stereonet_component.cpp:16[m[K:
[18.852s] [01m[K/cc_ws/tros_ws/src/box/hobot_perception/hobot_stereonet/include/pcl_filter.h:43:42:[m[K [01;35m[Kwarning: [m[Kformat ‘[01m[K%d[m[K’ expects argument of type ‘[01m[Kint[m[K’, but argument 5 has type ‘[01m[Kstd::size_t[m[K’ {aka ‘[01m[Klong unsigned int[m[K’} [[01;35m[K-Wformat=[m[K]
[18.852s]    43 |     RCLCPP_DEBUG(rclcpp::get_logger(""), [01;35m[K"after voxel, pcd size: %d"[m[K, [32m[Kcloud_filtered->size()[m[K);
[18.852s]       |                                          [01;35m[K^~~~~~~~~~~~~~~~~~~~~~~~~~~[m[K  [32m[K~~~~~~~~~~~~~~~~~~~~~~[m[K
[18.852s]       |                                                                                           [32m[K|[m[K
[18.852s]       |                                                                                           [32m[Kstd::size_t {aka long unsigned int}[m[K
[18.853s] In file included from [01m[K/cc_ws/tros_ws/src/box/hobot_perception/hobot_stereonet/src/stereonet_component.cpp:18[m[K:
[18.853s] [01m[K/cc_ws/tros_ws/src/box/hobot_perception/hobot_stereonet/include/pcl_filter.h:43:67:[m[K [01;36m[Knote: [m[Kformat string is defined here
[18.853s]    43 |     RCLCPP_DEBUG(rclcpp::get_logger(""), "after voxel, pcd size: [01;36m[K%d[m[K", cloud_filtered->size());
[18.853s]       |                                                                  [01;36m[K~^[m[K
[18.853s]       |                                                                   [01;36m[K|[m[K
[18.853s]       |                                                                   [01;36m[Kint[m[K
[18.853s]       |                                                                  [32m[K%ld[m[K
[18.853s] In file included from [01m[K/opt/ros/humble/include/rclcpp/rclcpp/qos_event.hpp:29[m[K,
[18.853s]                  from [01m[K/opt/ros/humble/include/rclcpp/rclcpp/publisher_options.hpp:29[m[K,
[18.853s]                  from [01m[K/opt/ros/humble/include/rclcpp/rclcpp/node_options.hpp:26[m[K,
[18.854s]                  from [01m[K/opt/ros/humble/include/rclcpp_components/rclcpp_components/node_factory.hpp:18[m[K,
[18.854s]                  from [01m[K/opt/ros/humble/include/rclcpp_components/rclcpp_components/node_factory_template.hpp:21[m[K,
[18.854s]                  from [01m[K/opt/ros/humble/include/rclcpp_components/rclcpp_components/register_node_macro.hpp:19[m[K,
[18.854s]                  from [01m[K/cc_ws/tros_ws/src/box/hobot_perception/hobot_stereonet/src/stereonet_component.cpp:16[m[K:
[18.855s] [01m[K/cc_ws/tros_ws/src/box/hobot_perception/hobot_stereonet/include/pcl_filter.h:50:42:[m[K [01;35m[Kwarning: [m[Kformat ‘[01m[K%d[m[K’ expects argument of type ‘[01m[Kint[m[K’, but argument 5 has type ‘[01m[Kstd::size_t[m[K’ {aka ‘[01m[Klong unsigned int[m[K’} [[01;35m[K-Wformat=[m[K]
[18.855s]    50 |     RCLCPP_DEBUG(rclcpp::get_logger(""), [01;35m[K"after StatisticalOutlierRemoval, pcd size: %d"[m[K, [32m[Kcloud_filtered->size()[m[K);
[18.855s]       |                                          [01;35m[K^~~~~~~~~~~~~~~~~~~~~~~~~~~~~~~~~~~~~~~~~~~~~~~[m[K  [32m[K~~~~~~~~~~~~~~~~~~~~~~[m[K
[18.855s]       |                                                                                                               [32m[K|[m[K
[18.856s]       |                                                                                                               [32m[Kstd::size_t {aka long unsigned int}[m[K
[18.856s] In file included from [01m[K/cc_ws/tros_ws/src/box/hobot_perception/hobot_stereonet/src/stereonet_component.cpp:18[m[K:
[18.856s] [01m[K/cc_ws/tros_ws/src/box/hobot_perception/hobot_stereonet/include/pcl_filter.h:50:87:[m[K [01;36m[Knote: [m[Kformat string is defined here
[18.856s]    50 |     RCLCPP_DEBUG(rclcpp::get_logger(""), "after StatisticalOutlierRemoval, pcd size: [01;36m[K%d[m[K", cloud_filtered->size());
[18.856s]       |                                                                                      [01;36m[K~^[m[K
[18.856s]       |                                                                                       [01;36m[K|[m[K
[18.859s]       |                                                                                       [01;36m[Kint[m[K
[18.859s]       |                                                                                      [32m[K%ld[m[K
[18.859s] In file included from [01m[K/opt/ros/humble/include/rclcpp/rclcpp/qos_event.hpp:29[m[K,
[18.860s]                  from [01m[K/opt/ros/humble/include/rclcpp/rclcpp/publisher_options.hpp:29[m[K,
[18.860s]                  from [01m[K/opt/ros/humble/include/rclcpp/rclcpp/node_options.hpp:26[m[K,
[18.860s]                  from [01m[K/opt/ros/humble/include/rclcpp_components/rclcpp_components/node_factory.hpp:18[m[K,
[18.860s]                  from [01m[K/opt/ros/humble/include/rclcpp_components/rclcpp_components/node_factory_template.hpp:21[m[K,
[18.860s]                  from [01m[K/opt/ros/humble/include/rclcpp_components/rclcpp_components/register_node_macro.hpp:19[m[K,
[18.860s]                  from [01m[K/cc_ws/tros_ws/src/box/hobot_perception/hobot_stereonet/src/stereonet_component.cpp:16[m[K:
[18.860s] [01m[K/cc_ws/tros_ws/src/box/hobot_perception/hobot_stereonet/include/pcl_filter.h:82:18:[m[K [01;35m[Kwarning: [m[Kformat ‘[01m[K%d[m[K’ expects argument of type ‘[01m[Kint[m[K’, but argument 5 has type ‘[01m[Klong int[m[K’ [[01;35m[K-Wformat=[m[K]
[18.860s]    82 |                  [01;35m[K"ROS to PCL: %dms, "[m[K
[18.860s]       |                  [01;35m[K^~~~~~~~~~~~~~~~~~~~[m[K
[18.860s]    83 | [01;35m[K                 "PCL filter: %dms,, "[m[K
[18.861s]       |                  [01;35m[K~~~~~~~~~~~~~~~~~~~~~[m[K
[18.861s]    84 | [01;35m[K                 "PCL to ROS: %dms"[m[K, [32m[Kd1[m[K, d2, d3);
[18.861s]       |                  [01;35m[K~~~~~~~~~~~~~~~~~~[m[K  [32m[K~~[m[K
[18.861s]       |                                      [32m[K|[m[K
[18.861s]       |                                      [32m[Klong int[m[K
[18.861s] In file included from [01m[K/cc_ws/tros_ws/src/box/hobot_perception/hobot_stereonet/src/stereonet_component.cpp:18[m[K:
[18.861s] [01m[K/cc_ws/tros_ws/src/box/hobot_perception/hobot_stereonet/include/pcl_filter.h:82:32:[m[K [01;36m[Knote: [m[Kformat string is defined here
[18.861s]    82 |                  "ROS to PCL: [01;36m[K%d[m[Kms, "
[18.861s]       |                               [01;36m[K~^[m[K
[18.861s]       |                                [01;36m[K|[m[K
[18.861s]       |                                [01;36m[Kint[m[K
[18.862s]       |                               [32m[K%ld[m[K
[18.862s] In file included from [01m[K/opt/ros/humble/include/rclcpp/rclcpp/qos_event.hpp:29[m[K,
[18.862s]                  from [01m[K/opt/ros/humble/include/rclcpp/rclcpp/publisher_options.hpp:29[m[K,
[18.862s]                  from [01m[K/opt/ros/humble/include/rclcpp/rclcpp/node_options.hpp:26[m[K,
[18.862s]                  from [01m[K/opt/ros/humble/include/rclcpp_components/rclcpp_components/node_factory.hpp:18[m[K,
[18.862s]                  from [01m[K/opt/ros/humble/include/rclcpp_components/rclcpp_components/node_factory_template.hpp:21[m[K,
[18.862s]                  from [01m[K/opt/ros/humble/include/rclcpp_components/rclcpp_components/register_node_macro.hpp:19[m[K,
[18.862s]                  from [01m[K/cc_ws/tros_ws/src/box/hobot_perception/hobot_stereonet/src/stereonet_component.cpp:16[m[K:
[18.862s] [01m[K/cc_ws/tros_ws/src/box/hobot_perception/hobot_stereonet/include/pcl_filter.h:82:18:[m[K [01;35m[Kwarning: [m[Kformat ‘[01m[K%d[m[K’ expects argument of type ‘[01m[Kint[m[K’, but argument 6 has type ‘[01m[Klong int[m[K’ [[01;35m[K-Wformat=[m[K]
[18.863s]    82 |                  [01;35m[K"ROS to PCL: %dms, "[m[K
[18.863s]       |                  [01;35m[K^~~~~~~~~~~~~~~~~~~~[m[K
[18.863s]    83 | [01;35m[K                 "PCL filter: %dms,, "[m[K
[18.863s]       |                  [01;35m[K~~~~~~~~~~~~~~~~~~~~~[m[K
[18.863s]    84 | [01;35m[K                 "PCL to ROS: %dms"[m[K, d1, [32m[Kd2[m[K, d3);
[18.863s]       |                  [01;35m[K~~~~~~~~~~~~~~~~~~[m[K      [32m[K~~[m[K
[18.863s]       |                                          [32m[K|[m[K
[18.863s]       |                                          [32m[Klong int[m[K
[18.863s] In file included from [01m[K/cc_ws/tros_ws/src/box/hobot_perception/hobot_stereonet/src/stereonet_component.cpp:18[m[K:
[18.863s] [01m[K/cc_ws/tros_ws/src/box/hobot_perception/hobot_stereonet/include/pcl_filter.h:83:32:[m[K [01;36m[Knote: [m[Kformat string is defined here
[18.864s]    83 |                  "PCL filter: [01;36m[K%d[m[Kms,, "
[18.864s]       |                               [01;36m[K~^[m[K
[18.864s]       |                                [01;36m[K|[m[K
[18.865s]       |                                [01;36m[Kint[m[K
[18.865s]       |                               [32m[K%ld[m[K
[18.865s] In file included from [01m[K/opt/ros/humble/include/rclcpp/rclcpp/qos_event.hpp:29[m[K,
[18.865s]                  from [01m[K/opt/ros/humble/include/rclcpp/rclcpp/publisher_options.hpp:29[m[K,
[18.866s]                  from [01m[K/opt/ros/humble/include/rclcpp/rclcpp/node_options.hpp:26[m[K,
[18.866s]                  from [01m[K/opt/ros/humble/include/rclcpp_components/rclcpp_components/node_factory.hpp:18[m[K,
[18.866s]                  from [01m[K/opt/ros/humble/include/rclcpp_components/rclcpp_components/node_factory_template.hpp:21[m[K,
[18.866s]                  from [01m[K/opt/ros/humble/include/rclcpp_components/rclcpp_components/register_node_macro.hpp:19[m[K,
[18.866s]                  from [01m[K/cc_ws/tros_ws/src/box/hobot_perception/hobot_stereonet/src/stereonet_component.cpp:16[m[K:
[18.866s] [01m[K/cc_ws/tros_ws/src/box/hobot_perception/hobot_stereonet/include/pcl_filter.h:82:18:[m[K [01;35m[Kwarning: [m[Kformat ‘[01m[K%d[m[K’ expects argument of type ‘[01m[Kint[m[K’, but argument 7 has type ‘[01m[Klong int[m[K’ [[01;35m[K-Wformat=[m[K]
[18.866s]    82 |                  [01;35m[K"ROS to PCL: %dms, "[m[K
[18.866s]       |                  [01;35m[K^~~~~~~~~~~~~~~~~~~~[m[K
[18.866s]    83 | [01;35m[K                 "PCL filter: %dms,, "[m[K
[18.866s]       |                  [01;35m[K~~~~~~~~~~~~~~~~~~~~~[m[K
[18.867s]    84 | [01;35m[K                 "PCL to ROS: %dms"[m[K, d1, d2, [32m[Kd3[m[K);
[18.867s]       |                  [01;35m[K~~~~~~~~~~~~~~~~~~[m[K          [32m[K~~[m[K
[18.867s]       |                                              [32m[K|[m[K
[18.868s]       |                                              [32m[Klong int[m[K
[18.868s] In file included from [01m[K/cc_ws/tros_ws/src/box/hobot_perception/hobot_stereonet/src/stereonet_component.cpp:18[m[K:
[18.868s] [01m[K/cc_ws/tros_ws/src/box/hobot_perception/hobot_stereonet/include/pcl_filter.h:84:32:[m[K [01;36m[Knote: [m[Kformat string is defined here
[18.868s]    84 |                  "PCL to ROS: [01;36m[K%d[m[Kms", d1, d2, d3);
[18.868s]       |                               [01;36m[K~^[m[K
[18.868s]       |                                [01;36m[K|[m[K
[18.868s]       |                                [01;36m[Kint[m[K
[18.868s]       |                               [32m[K%ld[m[K
[18.989s] In file included from [01m[K/opt/ros/humble/include/rclcpp/rclcpp/qos_event.hpp:29[m[K,
[18.989s]                  from [01m[K/opt/ros/humble/include/rclcpp/rclcpp/publisher_options.hpp:29[m[K,
[18.989s]                  from [01m[K/opt/ros/humble/include/rclcpp/rclcpp/node_options.hpp:26[m[K,
[18.989s]                  from [01m[K/opt/ros/humble/include/rclcpp_components/rclcpp_components/node_factory.hpp:18[m[K,
[18.989s]                  from [01m[K/opt/ros/humble/include/rclcpp_components/rclcpp_components/node_factory_template.hpp:21[m[K,
[18.989s]                  from [01m[K/opt/ros/humble/include/rclcpp_components/rclcpp_components/register_node_macro.hpp:19[m[K,
[18.989s]                  from [01m[K/cc_ws/tros_ws/src/box/hobot_perception/hobot_stereonet/src/stereonet_component.cpp:16[m[K:
[18.989s] [01m[K/cc_ws/tros_ws/src/box/hobot_perception/hobot_stereonet/src/stereonet_component.cpp:[m[K In member function ‘[01m[Kvoid stereonet::StereoNetNode::pub_func(stereonet::StereoNetNode::pub_data_t&)[m[K’:
[18.990s] [01m[K/cc_ws/tros_ws/src/box/hobot_perception/hobot_stereonet/src/stereonet_component.cpp:1130:9:[m[K [01;35m[Kwarning: [m[Kunknown conversion type character ‘[01m[K,[m[K’ in format [[01;35m[K-Wformat=[m[K]
[18.990s]  1130 |         [01;35m[K"fps: %d, latency: %dms, cpu_usage: %d%, bpu_usage: %d%"[m[K,
[18.990s]       |         [01;35m[K^~~~~~~~~~~~~~~~~~~~~~~~~~~~~~~~~~~~~~~~~~~~~~~~~~~~~~~~[m[K
[18.990s] [01m[K/cc_ws/tros_ws/src/box/hobot_perception/hobot_stereonet/src/stereonet_component.cpp:1130:48:[m[K [01;36m[Knote: [m[Kformat string is defined here
[18.990s]  1130 |         "fps: %d, latency: %dms, cpu_usage: %d%[01;36m[K,[m[K bpu_usage: %d%",
[18.990s]       |                                                [01;36m[K^[m[K
[18.990s] In file included from [01m[K/opt/ros/humble/include/rclcpp/rclcpp/qos_event.hpp:29[m[K,
[18.990s]                  from [01m[K/opt/ros/humble/include/rclcpp/rclcpp/publisher_options.hpp:29[m[K,
[18.990s]                  from [01m[K/opt/ros/humble/include/rclcpp/rclcpp/node_options.hpp:26[m[K,
[18.990s]                  from [01m[K/opt/ros/humble/include/rclcpp_components/rclcpp_components/node_factory.hpp:18[m[K,
[18.990s]                  from [01m[K/opt/ros/humble/include/rclcpp_components/rclcpp_components/node_factory_template.hpp:21[m[K,
[18.991s]                  from [01m[K/opt/ros/humble/include/rclcpp_components/rclcpp_components/register_node_macro.hpp:19[m[K,
[18.991s]                  from [01m[K/cc_ws/tros_ws/src/box/hobot_perception/hobot_stereonet/src/stereonet_component.cpp:16[m[K:
[18.991s] [01m[K/cc_ws/tros_ws/src/box/hobot_perception/hobot_stereonet/src/stereonet_component.cpp:1130:9:[m[K [01;35m[Kwarning: [m[Kspurious trailing ‘[01m[K%[m[K’ in format [[01;35m[K-Wformat=[m[K]
[18.991s]  1130 |         [01;35m[K"fps: %d, latency: %dms, cpu_usage: %d%, bpu_usage: %d%"[m[K,
[18.991s]       |         [01;35m[K^~~~~~~~~~~~~~~~~~~~~~~~~~~~~~~~~~~~~~~~~~~~~~~~~~~~~~~~[m[K
[18.991s] [01m[K/cc_ws/tros_ws/src/box/hobot_perception/hobot_stereonet/src/stereonet_component.cpp:1130:63:[m[K [01;36m[Knote: [m[Kformat string is defined here
[18.991s]  1130 |         "fps: %d, latency: %dms, cpu_usage: %d%, bpu_usage: %d[01;36m[K%[m[K",
[18.994s]       |                                                               [01;36m[K^[m[K
[19.759s] [01m[K/cc_ws/tros_ws/src/box/hobot_perception/hobot_stereonet/src/data_collection.cpp:[m[K In constructor ‘[01m[KRos2SubNode::Ros2SubNode()[m[K’:
[19.759s] [01m[K/cc_ws/tros_ws/src/box/hobot_perception/hobot_stereonet/src/data_collection.cpp:47:11:[m[K [01;35m[Kwarning: [m[Kignoring return value of ‘[01m[Kint system(const char*)[m[K’ declared with attribute ‘[01m[Kwarn_unused_result[m[K’ [[01;35m[K-Wunused-result[m[K]
[19.760s]    47 |     [01;35m[Ksystem("mkdir -p storage/cam0/data/")[m[K;
[19.760s]       |     [01;35m[K~~~~~~^~~~~~~~~~~~~~~~~~~~~~~~~~~~~~~[m[K
[19.760s] [01m[K/cc_ws/tros_ws/src/box/hobot_perception/hobot_stereonet/src/data_collection.cpp:48:11:[m[K [01;35m[Kwarning: [m[Kignoring return value of ‘[01m[Kint system(const char*)[m[K’ declared with attribute ‘[01m[Kwarn_unused_result[m[K’ [[01;35m[K-Wunused-result[m[K]
[19.760s]    48 |     [01;35m[Ksystem("mkdir -p storage/cam1/data/")[m[K;
[19.760s]       |     [01;35m[K~~~~~~^~~~~~~~~~~~~~~~~~~~~~~~~~~~~~~[m[K
[19.760s] [01m[K/cc_ws/tros_ws/src/box/hobot_perception/hobot_stereonet/src/data_collection.cpp:49:11:[m[K [01;35m[Kwarning: [m[Kignoring return value of ‘[01m[Kint system(const char*)[m[K’ declared with attribute ‘[01m[Kwarn_unused_result[m[K’ [[01;35m[K-Wunused-result[m[K]
[19.760s]    49 |     [01;35m[Ksystem("mkdir -p storage/imu0/")[m[K;
[19.760s]       |     [01;35m[K~~~~~~^~~~~~~~~~~~~~~~~~~~~~~~~~[m[K
[20.140s] In file included from [01m[K/opt/ros/humble/include/rclcpp/rclcpp/qos_event.hpp:29[m[K,
[20.140s]                  from [01m[K/opt/ros/humble/include/rclcpp/rclcpp/publisher_options.hpp:29[m[K,
[20.141s]                  from [01m[K/opt/ros/humble/include/rclcpp/rclcpp/node_options.hpp:26[m[K,
[20.141s]                  from [01m[K/opt/ros/humble/include/rclcpp_components/rclcpp_components/node_factory.hpp:18[m[K,
[20.141s]                  from [01m[K/opt/ros/humble/include/rclcpp_components/rclcpp_components/node_factory_template.hpp:21[m[K,
[20.141s]                  from [01m[K/opt/ros/humble/include/rclcpp_components/rclcpp_components/register_node_macro.hpp:19[m[K,
[20.141s]                  from [01m[K/cc_ws/tros_ws/src/box/hobot_perception/hobot_stereonet/src/stereonet_component.cpp:16[m[K:
[20.141s] [01m[K/cc_ws/tros_ws/src/box/hobot_perception/hobot_stereonet/include/pcl_filter.h:[m[K In static member function ‘[01m[Kstatic void pcl_filter::applyfilter(sensor_msgs::msg::PointCloud2&, float, int, float)[m[K’:
[20.141s] [01m[K/cc_ws/tros_ws/src/box/hobot_perception/hobot_stereonet/include/pcl_filter.h:37:42:[m[K [01;35m[Kwarning: [m[Kformat ‘[01m[K%d[m[K’ expects argument of type ‘[01m[Kint[m[K’, but argument 5 has type ‘[01m[Kstd::size_t[m[K’ {aka ‘[01m[Klong unsigned int[m[K’} [[01;35m[K-Wformat=[m[K]
[20.141s]    37 |     RCLCPP_DEBUG(rclcpp::get_logger(""), [01;35m[K"origin pcd size: %d"[m[K, [32m[Kcloud->size()[m[K);
[20.141s]       |                                          [01;35m[K^~~~~~~~~~~~~~~~~~~~~[m[K  [32m[K~~~~~~~~~~~~~[m[K
[20.142s]       |                                                                            [32m[K|[m[K
[20.142s]       |                                                                            [32m[Kstd::size_t {aka long unsigned int}[m[K
[20.142s] In file included from [01m[K/cc_ws/tros_ws/src/box/hobot_perception/hobot_stereonet/src/stereonet_component.cpp:18[m[K:
[20.142s] [01m[K/cc_ws/tros_ws/src/box/hobot_perception/hobot_stereonet/include/pcl_filter.h:37:61:[m[K [01;36m[Knote: [m[Kformat string is defined here
[20.142s]    37 |     RCLCPP_DEBUG(rclcpp::get_logger(""), "origin pcd size: [01;36m[K%d[m[K", cloud->size());
[20.142s]       |                                                            [01;36m[K~^[m[K
[20.142s]       |                                                             [01;36m[K|[m[K
[20.142s]       |                                                             [01;36m[Kint[m[K
[20.142s]       |                                                            [32m[K%ld[m[K
[20.146s] In file included from [01m[K/opt/ros/humble/include/rclcpp/rclcpp/qos_event.hpp:29[m[K,
[20.147s]                  from [01m[K/opt/ros/humble/include/rclcpp/rclcpp/publisher_options.hpp:29[m[K,
[20.147s]                  from [01m[K/opt/ros/humble/include/rclcpp/rclcpp/node_options.hpp:26[m[K,
[20.147s]                  from [01m[K/opt/ros/humble/include/rclcpp_components/rclcpp_components/node_factory.hpp:18[m[K,
[20.147s]                  from [01m[K/opt/ros/humble/include/rclcpp_components/rclcpp_components/node_factory_template.hpp:21[m[K,
[20.147s]                  from [01m[K/opt/ros/humble/include/rclcpp_components/rclcpp_components/register_node_macro.hpp:19[m[K,
[20.147s]                  from [01m[K/cc_ws/tros_ws/src/box/hobot_perception/hobot_stereonet/src/stereonet_component.cpp:16[m[K:
[20.147s] [01m[K/cc_ws/tros_ws/src/box/hobot_perception/hobot_stereonet/include/pcl_filter.h:43:42:[m[K [01;35m[Kwarning: [m[Kformat ‘[01m[K%d[m[K’ expects argument of type ‘[01m[Kint[m[K’, but argument 5 has type ‘[01m[Kstd::size_t[m[K’ {aka ‘[01m[Klong unsigned int[m[K’} [[01;35m[K-Wformat=[m[K]
[20.147s]    43 |     RCLCPP_DEBUG(rclcpp::get_logger(""), [01;35m[K"after voxel, pcd size: %d"[m[K, [32m[Kcloud_filtered->size()[m[K);
[20.148s]       |                                          [01;35m[K^~~~~~~~~~~~~~~~~~~~~~~~~~~[m[K  [32m[K~~~~~~~~~~~~~~~~~~~~~~[m[K
[20.148s]       |                                                                                           [32m[K|[m[K
[20.148s]       |                                                                                           [32m[Kstd::size_t {aka long unsigned int}[m[K
[20.148s] In file included from [01m[K/cc_ws/tros_ws/src/box/hobot_perception/hobot_stereonet/src/stereonet_component.cpp:18[m[K:
[20.148s] [01m[K/cc_ws/tros_ws/src/box/hobot_perception/hobot_stereonet/include/pcl_filter.h:43:67:[m[K [01;36m[Knote: [m[Kformat string is defined here
[20.148s]    43 |     RCLCPP_DEBUG(rclcpp::get_logger(""), "after voxel, pcd size: [01;36m[K%d[m[K", cloud_filtered->size());
[20.148s]       |                                                                  [01;36m[K~^[m[K
[20.148s]       |                                                                   [01;36m[K|[m[K
[20.149s]       |                                                                   [01;36m[Kint[m[K
[20.149s]       |                                                                  [32m[K%ld[m[K
[20.149s] In file included from [01m[K/opt/ros/humble/include/rclcpp/rclcpp/qos_event.hpp:29[m[K,
[20.149s]                  from [01m[K/opt/ros/humble/include/rclcpp/rclcpp/publisher_options.hpp:29[m[K,
[20.149s]                  from [01m[K/opt/ros/humble/include/rclcpp/rclcpp/node_options.hpp:26[m[K,
[20.149s]                  from [01m[K/opt/ros/humble/include/rclcpp_components/rclcpp_components/node_factory.hpp:18[m[K,
[20.150s]                  from [01m[K/opt/ros/humble/include/rclcpp_components/rclcpp_components/node_factory_template.hpp:21[m[K,
[20.150s]                  from [01m[K/opt/ros/humble/include/rclcpp_components/rclcpp_components/register_node_macro.hpp:19[m[K,
[20.150s]                  from [01m[K/cc_ws/tros_ws/src/box/hobot_perception/hobot_stereonet/src/stereonet_component.cpp:16[m[K:
[20.150s] [01m[K/cc_ws/tros_ws/src/box/hobot_perception/hobot_stereonet/include/pcl_filter.h:50:42:[m[K [01;35m[Kwarning: [m[Kformat ‘[01m[K%d[m[K’ expects argument of type ‘[01m[Kint[m[K’, but argument 5 has type ‘[01m[Kstd::size_t[m[K’ {aka ‘[01m[Klong unsigned int[m[K’} [[01;35m[K-Wformat=[m[K]
[20.150s]    50 |     RCLCPP_DEBUG(rclcpp::get_logger(""), [01;35m[K"after StatisticalOutlierRemoval, pcd size: %d"[m[K, [32m[Kcloud_filtered->size()[m[K);
[20.150s]       |                                          [01;35m[K^~~~~~~~~~~~~~~~~~~~~~~~~~~~~~~~~~~~~~~~~~~~~~~[m[K  [32m[K~~~~~~~~~~~~~~~~~~~~~~[m[K
[20.150s]       |                                                                                                               [32m[K|[m[K
[20.150s]       |                                                                                                               [32m[Kstd::size_t {aka long unsigned int}[m[K
[20.151s] In file included from [01m[K/cc_ws/tros_ws/src/box/hobot_perception/hobot_stereonet/src/stereonet_component.cpp:18[m[K:
[20.151s] [01m[K/cc_ws/tros_ws/src/box/hobot_perception/hobot_stereonet/include/pcl_filter.h:50:87:[m[K [01;36m[Knote: [m[Kformat string is defined here
[20.151s]    50 |     RCLCPP_DEBUG(rclcpp::get_logger(""), "after StatisticalOutlierRemoval, pcd size: [01;36m[K%d[m[K", cloud_filtered->size());
[20.151s]       |                                                                                      [01;36m[K~^[m[K
[20.152s]       |                                                                                       [01;36m[K|[m[K
[20.152s]       |                                                                                       [01;36m[Kint[m[K
[20.152s]       |                                                                                      [32m[K%ld[m[K
[20.152s] In file included from [01m[K/opt/ros/humble/include/rclcpp/rclcpp/qos_event.hpp:29[m[K,
[20.152s]                  from [01m[K/opt/ros/humble/include/rclcpp/rclcpp/publisher_options.hpp:29[m[K,
[20.152s]                  from [01m[K/opt/ros/humble/include/rclcpp/rclcpp/node_options.hpp:26[m[K,
[20.153s]                  from [01m[K/opt/ros/humble/include/rclcpp_components/rclcpp_components/node_factory.hpp:18[m[K,
[20.153s]                  from [01m[K/opt/ros/humble/include/rclcpp_components/rclcpp_components/node_factory_template.hpp:21[m[K,
[20.153s]                  from [01m[K/opt/ros/humble/include/rclcpp_components/rclcpp_components/register_node_macro.hpp:19[m[K,
[20.153s]                  from [01m[K/cc_ws/tros_ws/src/box/hobot_perception/hobot_stereonet/src/stereonet_component.cpp:16[m[K:
[20.153s] [01m[K/cc_ws/tros_ws/src/box/hobot_perception/hobot_stereonet/include/pcl_filter.h:82:18:[m[K [01;35m[Kwarning: [m[Kformat ‘[01m[K%d[m[K’ expects argument of type ‘[01m[Kint[m[K’, but argument 5 has type ‘[01m[Klong int[m[K’ [[01;35m[K-Wformat=[m[K]
[20.153s]    82 |                  [01;35m[K"ROS to PCL: %dms, "[m[K
[20.153s]       |                  [01;35m[K^~~~~~~~~~~~~~~~~~~~[m[K
[20.154s]    83 | [01;35m[K                 "PCL filter: %dms,, "[m[K
[20.154s]       |                  [01;35m[K~~~~~~~~~~~~~~~~~~~~~[m[K
[20.154s]    84 | [01;35m[K                 "PCL to ROS: %dms"[m[K, [32m[Kd1[m[K, d2, d3);
[20.154s]       |                  [01;35m[K~~~~~~~~~~~~~~~~~~[m[K  [32m[K~~[m[K
[20.154s]       |                                      [32m[K|[m[K
[20.154s]       |                                      [32m[Klong int[m[K
[20.155s] In file included from [01m[K/cc_ws/tros_ws/src/box/hobot_perception/hobot_stereonet/src/stereonet_component.cpp:18[m[K:
[20.155s] [01m[K/cc_ws/tros_ws/src/box/hobot_perception/hobot_stereonet/include/pcl_filter.h:82:32:[m[K [01;36m[Knote: [m[Kformat string is defined here
[20.155s]    82 |                  "ROS to PCL: [01;36m[K%d[m[Kms, "
[20.155s]       |                               [01;36m[K~^[m[K
[20.155s]       |                                [01;36m[K|[m[K
[20.155s]       |                                [01;36m[Kint[m[K
[20.156s]       |                               [32m[K%ld[m[K
[20.156s] In file included from [01m[K/opt/ros/humble/include/rclcpp/rclcpp/qos_event.hpp:29[m[K,
[20.156s]                  from [01m[K/opt/ros/humble/include/rclcpp/rclcpp/publisher_options.hpp:29[m[K,
[20.156s]                  from [01m[K/opt/ros/humble/include/rclcpp/rclcpp/node_options.hpp:26[m[K,
[20.156s]                  from [01m[K/opt/ros/humble/include/rclcpp_components/rclcpp_components/node_factory.hpp:18[m[K,
[20.156s]                  from [01m[K/opt/ros/humble/include/rclcpp_components/rclcpp_components/node_factory_template.hpp:21[m[K,
[20.156s]                  from [01m[K/opt/ros/humble/include/rclcpp_components/rclcpp_components/register_node_macro.hpp:19[m[K,
[20.157s]                  from [01m[K/cc_ws/tros_ws/src/box/hobot_perception/hobot_stereonet/src/stereonet_component.cpp:16[m[K:
[20.157s] [01m[K/cc_ws/tros_ws/src/box/hobot_perception/hobot_stereonet/include/pcl_filter.h:82:18:[m[K [01;35m[Kwarning: [m[Kformat ‘[01m[K%d[m[K’ expects argument of type ‘[01m[Kint[m[K’, but argument 6 has type ‘[01m[Klong int[m[K’ [[01;35m[K-Wformat=[m[K]
[20.157s]    82 |                  [01;35m[K"ROS to PCL: %dms, "[m[K
[20.157s]       |                  [01;35m[K^~~~~~~~~~~~~~~~~~~~[m[K
[20.157s]    83 | [01;35m[K                 "PCL filter: %dms,, "[m[K
[20.157s]       |                  [01;35m[K~~~~~~~~~~~~~~~~~~~~~[m[K
[20.158s]    84 | [01;35m[K                 "PCL to ROS: %dms"[m[K, d1, [32m[Kd2[m[K, d3);
[20.158s]       |                  [01;35m[K~~~~~~~~~~~~~~~~~~[m[K      [32m[K~~[m[K
[20.158s]       |                                          [32m[K|[m[K
[20.158s]       |                                          [32m[Klong int[m[K
[20.158s] In file included from [01m[K/cc_ws/tros_ws/src/box/hobot_perception/hobot_stereonet/src/stereonet_component.cpp:18[m[K:
[20.158s] [01m[K/cc_ws/tros_ws/src/box/hobot_perception/hobot_stereonet/include/pcl_filter.h:83:32:[m[K [01;36m[Knote: [m[Kformat string is defined here
[20.158s]    83 |                  "PCL filter: [01;36m[K%d[m[Kms,, "
[20.159s]       |                               [01;36m[K~^[m[K
[20.159s]       |                                [01;36m[K|[m[K
[20.159s]       |                                [01;36m[Kint[m[K
[20.159s]       |                               [32m[K%ld[m[K
[20.159s] In file included from [01m[K/opt/ros/humble/include/rclcpp/rclcpp/qos_event.hpp:29[m[K,
[20.159s]                  from [01m[K/opt/ros/humble/include/rclcpp/rclcpp/publisher_options.hpp:29[m[K,
[20.159s]                  from [01m[K/opt/ros/humble/include/rclcpp/rclcpp/node_options.hpp:26[m[K,
[20.160s]                  from [01m[K/opt/ros/humble/include/rclcpp_components/rclcpp_components/node_factory.hpp:18[m[K,
[20.160s]                  from [01m[K/opt/ros/humble/include/rclcpp_components/rclcpp_components/node_factory_template.hpp:21[m[K,
[20.160s]                  from [01m[K/opt/ros/humble/include/rclcpp_components/rclcpp_components/register_node_macro.hpp:19[m[K,
[20.160s]                  from [01m[K/cc_ws/tros_ws/src/box/hobot_perception/hobot_stereonet/src/stereonet_component.cpp:16[m[K:
[20.160s] [01m[K/cc_ws/tros_ws/src/box/hobot_perception/hobot_stereonet/include/pcl_filter.h:82:18:[m[K [01;35m[Kwarning: [m[Kformat ‘[01m[K%d[m[K’ expects argument of type ‘[01m[Kint[m[K’, but argument 7 has type ‘[01m[Klong int[m[K’ [[01;35m[K-Wformat=[m[K]
[20.160s]    82 |                  [01;35m[K"ROS to PCL: %dms, "[m[K
[20.161s]       |                  [01;35m[K^~~~~~~~~~~~~~~~~~~~[m[K
[20.161s]    83 | [01;35m[K                 "PCL filter: %dms,, "[m[K
[20.161s]       |                  [01;35m[K~~~~~~~~~~~~~~~~~~~~~[m[K
[20.161s]    84 | [01;35m[K                 "PCL to ROS: %dms"[m[K, d1, d2, [32m[Kd3[m[K);
[20.161s]       |                  [01;35m[K~~~~~~~~~~~~~~~~~~[m[K          [32m[K~~[m[K
[20.161s]       |                                              [32m[K|[m[K
[20.162s]       |                                              [32m[Klong int[m[K
[20.162s] In file included from [01m[K/cc_ws/tros_ws/src/box/hobot_perception/hobot_stereonet/src/stereonet_component.cpp:18[m[K:
[20.162s] [01m[K/cc_ws/tros_ws/src/box/hobot_perception/hobot_stereonet/include/pcl_filter.h:84:32:[m[K [01;36m[Knote: [m[Kformat string is defined here
[20.162s]    84 |                  "PCL to ROS: [01;36m[K%d[m[Kms", d1, d2, d3);
[20.162s]       |                               [01;36m[K~^[m[K
[20.162s]       |                                [01;36m[K|[m[K
[20.163s]       |                                [01;36m[Kint[m[K
[20.163s]       |                               [32m[K%ld[m[K
[20.331s] In file included from [01m[K/opt/ros/humble/include/rclcpp/rclcpp/qos_event.hpp:29[m[K,
[20.331s]                  from [01m[K/opt/ros/humble/include/rclcpp/rclcpp/publisher_options.hpp:29[m[K,
[20.331s]                  from [01m[K/opt/ros/humble/include/rclcpp/rclcpp/node_options.hpp:26[m[K,
[20.331s]                  from [01m[K/opt/ros/humble/include/rclcpp_components/rclcpp_components/node_factory.hpp:18[m[K,
[20.332s]                  from [01m[K/opt/ros/humble/include/rclcpp_components/rclcpp_components/node_factory_template.hpp:21[m[K,
[20.332s]                  from [01m[K/opt/ros/humble/include/rclcpp_components/rclcpp_components/register_node_macro.hpp:19[m[K,
[20.332s]                  from [01m[K/cc_ws/tros_ws/src/box/hobot_perception/hobot_stereonet/src/stereonet_component.cpp:16[m[K:
[20.332s] [01m[K/cc_ws/tros_ws/src/box/hobot_perception/hobot_stereonet/src/stereonet_component.cpp:[m[K In member function ‘[01m[Kvoid stereonet::StereoNetNode::pub_func(stereonet::StereoNetNode::pub_data_t&)[m[K’:
[20.332s] [01m[K/cc_ws/tros_ws/src/box/hobot_perception/hobot_stereonet/src/stereonet_component.cpp:1130:9:[m[K [01;35m[Kwarning: [m[Kunknown conversion type character ‘[01m[K,[m[K’ in format [[01;35m[K-Wformat=[m[K]
[20.332s]  1130 |         [01;35m[K"fps: %d, latency: %dms, cpu_usage: %d%, bpu_usage: %d%"[m[K,
[20.333s]       |         [01;35m[K^~~~~~~~~~~~~~~~~~~~~~~~~~~~~~~~~~~~~~~~~~~~~~~~~~~~~~~~[m[K
[20.333s] [01m[K/cc_ws/tros_ws/src/box/hobot_perception/hobot_stereonet/src/stereonet_component.cpp:1130:48:[m[K [01;36m[Knote: [m[Kformat string is defined here
[20.333s]  1130 |         "fps: %d, latency: %dms, cpu_usage: %d%[01;36m[K,[m[K bpu_usage: %d%",
[20.333s]       |                                                [01;36m[K^[m[K
[20.333s] In file included from [01m[K/opt/ros/humble/include/rclcpp/rclcpp/qos_event.hpp:29[m[K,
[20.334s]                  from [01m[K/opt/ros/humble/include/rclcpp/rclcpp/publisher_options.hpp:29[m[K,
[20.334s]                  from [01m[K/opt/ros/humble/include/rclcpp/rclcpp/node_options.hpp:26[m[K,
[20.334s]                  from [01m[K/opt/ros/humble/include/rclcpp_components/rclcpp_components/node_factory.hpp:18[m[K,
[20.334s]                  from [01m[K/opt/ros/humble/include/rclcpp_components/rclcpp_components/node_factory_template.hpp:21[m[K,
[20.334s]                  from [01m[K/opt/ros/humble/include/rclcpp_components/rclcpp_components/register_node_macro.hpp:19[m[K,
[20.334s]                  from [01m[K/cc_ws/tros_ws/src/box/hobot_perception/hobot_stereonet/src/stereonet_component.cpp:16[m[K:
[20.335s] [01m[K/cc_ws/tros_ws/src/box/hobot_perception/hobot_stereonet/src/stereonet_component.cpp:1130:9:[m[K [01;35m[Kwarning: [m[Kspurious trailing ‘[01m[K%[m[K’ in format [[01;35m[K-Wformat=[m[K]
[20.335s]  1130 |         [01;35m[K"fps: %d, latency: %dms, cpu_usage: %d%, bpu_usage: %d%"[m[K,
[20.335s]       |         [01;35m[K^~~~~~~~~~~~~~~~~~~~~~~~~~~~~~~~~~~~~~~~~~~~~~~~~~~~~~~~[m[K
[20.348s] [01m[K/cc_ws/tros_ws/src/box/hobot_perception/hobot_stereonet/src/stereonet_component.cpp:1130:63:[m[K [01;36m[Knote: [m[Kformat string is defined here
[20.348s]  1130 |         "fps: %d, latency: %dms, cpu_usage: %d%, bpu_usage: %d[01;36m[K%[m[K",
[20.349s]       |                                                               [01;36m[K^[m[K
[28.071s] [ 80%] [32m[1mLinking CXX shared library libstereonet_model_intra_sub.so[0m
[29.289s] [ 85%] [32m[1mLinking CXX executable stereonet_model_sub_node[0m
[30.292s] [ 85%] Built target stereonet_model_intra_sub
[31.185s] [ 85%] Built target stereonet_model_sub_node
[38.344s] [01m[K/cc_ws/tros_ws/src/box/hobot_perception/hobot_stereonet/src/stereonet_component.cpp:[m[K In function ‘[01m[Kvoid stereonet::save_images(cv::Mat&, cv::Mat&, uint64_t, const string&)[m[K’:
[38.344s] [01m[K/cc_ws/tros_ws/src/box/hobot_perception/hobot_stereonet/src/stereonet_component.cpp:836:11:[m[K [01;35m[Kwarning: [m[Kignoring return value of ‘[01m[Kint system(const char*)[m[K’ declared with attribute ‘[01m[Kwarn_unused_result[m[K’ [[01;35m[K-Wunused-result[m[K]
[38.344s]   836 |     [01;35m[Ksystem("mkdir -p"[m[K
[38.344s]       |     [01;35m[K~~~~~~^~~~~~~~~~~[m[K
[38.344s]   837 | [01;35m[K           " ./images/cam0/data/"[m[K
[38.345s]       |            [01;35m[K~~~~~~~~~~~~~~~~~~~~~~[m[K
[38.345s]   838 | [01;35m[K           " ./images/cam1/data/"[m[K
[38.345s]       |            [01;35m[K~~~~~~~~~~~~~~~~~~~~~~[m[K
[38.345s]   839 | [01;35m[K           " ./images/cam_combine/data/")[m[K;
[38.345s]       |            [01;35m[K~~~~~~~~~~~~~~~~~~~~~~~~~~~~~~[m[K
[39.627s] [01m[K/cc_ws/tros_ws/src/box/hobot_perception/hobot_stereonet/src/stereonet_component.cpp:[m[K In function ‘[01m[Kvoid stereonet::save_images(cv::Mat&, cv::Mat&, uint64_t, const string&)[m[K’:
[39.627s] [01m[K/cc_ws/tros_ws/src/box/hobot_perception/hobot_stereonet/src/stereonet_component.cpp:836:11:[m[K [01;35m[Kwarning: [m[Kignoring return value of ‘[01m[Kint system(const char*)[m[K’ declared with attribute ‘[01m[Kwarn_unused_result[m[K’ [[01;35m[K-Wunused-result[m[K]
[39.627s]   836 |     [01;35m[Ksystem("mkdir -p"[m[K
[39.627s]       |     [01;35m[K~~~~~~^~~~~~~~~~~[m[K
[39.628s]   837 | [01;35m[K           " ./images/cam0/data/"[m[K
[39.628s]       |            [01;35m[K~~~~~~~~~~~~~~~~~~~~~~[m[K
[39.628s]   838 | [01;35m[K           " ./images/cam1/data/"[m[K
[39.628s]       |            [01;35m[K~~~~~~~~~~~~~~~~~~~~~~[m[K
[39.628s]   839 | [01;35m[K           " ./images/cam_combine/data/")[m[K;
[39.628s]       |            [01;35m[K~~~~~~~~~~~~~~~~~~~~~~~~~~~~~~[m[K
[43.511s] [ 90%] [32m[1mLinking CXX executable data_collection[0m
[45.941s] [ 90%] Built target data_collection
[84.431s] [ 95%] [32m[1mLinking CXX executable stereonet_model_node[0m
[85.173s] [100%] [32m[1mLinking CXX shared library libstereonet_model.so[0m
[88.163s] [100%] Built target stereonet_model_node
[88.205s] [100%] Built target stereonet_model
[88.216s] Invoked command in '/cc_ws/tros_ws/build/hobot_stereonet' returned '0': CMAKE_PREFIX_PATH=/opt/ros/humble HISTTIMEFORMAT=%F %T /usr/bin/cmake --build /cc_ws/tros_ws/build/hobot_stereonet -- -j12 -l12
[88.265s] Invoking command in '/cc_ws/tros_ws/build/hobot_stereonet': CMAKE_PREFIX_PATH=/opt/ros/humble HISTTIMEFORMAT=%F %T /usr/bin/cmake --install /cc_ws/tros_ws/build/hobot_stereonet
[88.272s] -- Install configuration: "Release"
[88.273s] -- Installing: /cc_ws/tros_ws/install/lib/hobot_stereonet/stereonet_model_component_node
[88.274s] -- Set runtime path of "/cc_ws/tros_ws/install/lib/hobot_stereonet/stereonet_model_component_node" to ""
[88.274s] -- Installing: /cc_ws/tros_ws/install/lib/hobot_stereonet/stereonet_model_intra_sub_node
[88.275s] -- Set runtime path of "/cc_ws/tros_ws/install/lib/hobot_stereonet/stereonet_model_intra_sub_node" to ""
[88.276s] -- Installing: /cc_ws/tros_ws/install/lib/hobot_stereonet/stereonet_model_node
[88.279s] -- Set runtime path of "/cc_ws/tros_ws/install/lib/hobot_stereonet/stereonet_model_node" to ""
[88.279s] -- Up-to-date: /cc_ws/tros_ws/install/lib/hobot_stereonet/stereonet_model_intra_sub_node
[88.280s] -- Installing: /cc_ws/tros_ws/install/lib/hobot_stereonet/data_collection
[88.282s] -- Set runtime path of "/cc_ws/tros_ws/install/lib/hobot_stereonet/data_collection" to ""
[88.283s] -- Installing: /cc_ws/tros_ws/install/lib/libstereonet_model.so
[88.288s] -- Set runtime path of "/cc_ws/tros_ws/install/lib/libstereonet_model.so" to ""
[88.289s] -- Installing: /cc_ws/tros_ws/install/lib/libstereonet_model_intra_sub.so
[88.290s] -- Set runtime path of "/cc_ws/tros_ws/install/lib/libstereonet_model_intra_sub.so" to ""
[88.291s] -- Up-to-date: /cc_ws/tros_ws/install/share/hobot_stereonet/config
[88.291s] -- Installing: /cc_ws/tros_ws/install/share/hobot_stereonet/config/stereo.yaml
[88.291s] -- Installing: /cc_ws/tros_ws/install/share/hobot_stereonet/config/DStereoV2.3.bin
[88.304s] -- Installing: /cc_ws/tros_ws/install/share/hobot_stereonet/config/DStereoV2.4_int16.bin
[88.319s] -- Installing: /cc_ws/tros_ws/install/share/hobot_stereonet/config/dstereo_s100_320_640_352_v2.4.hbm
[88.360s] -- Installing: /cc_ws/tros_ws/install/share/hobot_stereonet/config/stereo_2.yaml
[88.360s] -- Installing: /cc_ws/tros_ws/install/share/hobot_stereonet/config/stereo_cv.yaml
[88.360s] -- Installing: /cc_ws/tros_ws/install/share/hobot_stereonet/config/stereo_26.yaml
[88.360s] -- Installing: /cc_ws/tros_ws/install/share/hobot_stereonet/config/dstereo_s100_320_640_352_v2.1.hbm
[88.399s] -- Installing: /cc_ws/tros_ws/install/share/hobot_stereonet/config/DStereoV2.3.1.bin
[88.411s] -- Installing: /cc_ws/tros_ws/install/share/hobot_stereonet/config/DStereoV2.4_int8.bin
[88.428s] -- Installing: /cc_ws/tros_ws/install/share/hobot_stereonet/config/DStereoV2.2.bin
[88.443s] -- Installing: /cc_ws/tros_ws/install/share/hobot_stereonet/config/stereo_15.yaml
[88.443s] -- Installing: /cc_ws/tros_ws/install/share/hobot_stereonet/config/DStereoV2.1.bin
[88.459s] -- Installing: /cc_ws/tros_ws/install/share/hobot_stereonet/config/DStereoV2.0.bin
[88.476s] -- Installing: /cc_ws/tros_ws/install/share/hobot_stereonet/config/DStereoV2.4_int16_320_256.bin
[88.489s] -- Installing: /cc_ws/tros_ws/install/share/hobot_stereonet/launch/stereonet_model.launch.py
[88.489s] -- Installing: /cc_ws/tros_ws/install/share/hobot_stereonet/launch/stereonet_model_component.launch.py
[88.489s] -- Installing: /cc_ws/tros_ws/install/share/hobot_stereonet/launch/stereonet_model_web_visual.launch.py
[88.489s] -- Installing: /cc_ws/tros_ws/install/share/hobot_stereonet/launch/stereonet_model_web_visual_component.launch.py
[88.489s] -- Installing: /cc_ws/tros_ws/install/share/hobot_stereonet/launch/stereonet_offline_infer.launch.py
[88.490s] -- Installing: /cc_ws/tros_ws/install/share/hobot_stereonet/launch/stereonet_model_web_visual_cmp_rs_230ai.launch.py
[88.490s] -- Installing: /cc_ws/tros_ws/install/share/hobot_stereonet/launch/stereonet_model_web_visual_cmp_rs_2i.launch.py
[88.490s] -- Installing: /cc_ws/tros_ws/install/share/hobot_stereonet/launch/stereonet_model_web_visual_cmp_rs_mini.launch.py
[88.490s] -- Installing: /cc_ws/tros_ws/install/share/hobot_stereonet/launch/stereonet_model_web_visual_cmp_rs_mini_v2.launch.py
[88.490s] -- Installing: /cc_ws/tros_ws/install/share/hobot_stereonet/launch/stereonet_model_web_visual_component_v2.0.launch.py
[88.491s] -- Installing: /cc_ws/tros_ws/install/share/hobot_stereonet/launch/stereonet_model_web_visual_component_v2.1.launch.py
[88.491s] -- Installing: /cc_ws/tros_ws/install/share/hobot_stereonet/launch/stereonet_model_web_visual_component_v2.2.launch.py
[88.491s] -- Installing: /cc_ws/tros_ws/install/share/hobot_stereonet/launch/stereonet_model_web_visual_component_v2.3.launch.py
[88.491s] -- Installing: /cc_ws/tros_ws/install/share/hobot_stereonet/launch/stereonet_model_web_visual_v2.0.launch.py
[88.491s] -- Installing: /cc_ws/tros_ws/install/share/hobot_stereonet/launch/stereonet_model_web_visual_v2.1.launch.py
[88.492s] -- Installing: /cc_ws/tros_ws/install/share/hobot_stereonet/launch/stereonet_model_web_visual_v2.2.launch.py
[88.492s] -- Installing: /cc_ws/tros_ws/install/share/hobot_stereonet/launch/stereonet_model_web_visual_v2.3.launch.py
[88.492s] -- Installing: /cc_ws/tros_ws/install/share/hobot_stereonet/launch/stereonet_model_web_visual_v2.4_int16.launch.py
[88.492s] -- Installing: /cc_ws/tros_ws/install/share/hobot_stereonet/launch/stereonet_model_web_visual_v2.4_int16_320_256.launch.py
[88.493s] -- Installing: /cc_ws/tros_ws/install/share/hobot_stereonet/launch/stereonet_model_web_visual_v2.4_int8.launch.py
[88.493s] -- Installing: /cc_ws/tros_ws/install/share/hobot_stereonet/launch/stereonet_model_web_visual_zed_v2.0.launch.py
[88.493s] -- Installing: /cc_ws/tros_ws/install/share/hobot_stereonet/launch/stereonet_model_web_visual_zed_v2.2.launch.py
[88.493s] -- Up-to-date: /cc_ws/tros_ws/install/share/hobot_stereonet/config
[88.494s] -- Up-to-date: /cc_ws/tros_ws/install/share/hobot_stereonet/config/stereo.yaml
[88.494s] -- Up-to-date: /cc_ws/tros_ws/install/share/hobot_stereonet/config/DStereoV2.3.bin
[88.494s] -- Up-to-date: /cc_ws/tros_ws/install/share/hobot_stereonet/config/DStereoV2.4_int16.bin
[88.494s] -- Up-to-date: /cc_ws/tros_ws/install/share/hobot_stereonet/config/dstereo_s100_320_640_352_v2.4.hbm
[88.494s] -- Up-to-date: /cc_ws/tros_ws/install/share/hobot_stereonet/config/stereo_2.yaml
[88.494s] -- Up-to-date: /cc_ws/tros_ws/install/share/hobot_stereonet/config/stereo_cv.yaml
[88.494s] -- Up-to-date: /cc_ws/tros_ws/install/share/hobot_stereonet/config/stereo_26.yaml
[88.494s] -- Up-to-date: /cc_ws/tros_ws/install/share/hobot_stereonet/config/dstereo_s100_320_640_352_v2.1.hbm
[88.494s] -- Up-to-date: /cc_ws/tros_ws/install/share/hobot_stereonet/config/DStereoV2.3.1.bin
[88.495s] -- Up-to-date: /cc_ws/tros_ws/install/share/hobot_stereonet/config/DStereoV2.4_int8.bin
[88.495s] -- Up-to-date: /cc_ws/tros_ws/install/share/hobot_stereonet/config/DStereoV2.2.bin
[88.495s] -- Up-to-date: /cc_ws/tros_ws/install/share/hobot_stereonet/config/stereo_15.yaml
[88.495s] -- Up-to-date: /cc_ws/tros_ws/install/share/hobot_stereonet/config/DStereoV2.1.bin
[88.495s] -- Up-to-date: /cc_ws/tros_ws/install/share/hobot_stereonet/config/DStereoV2.0.bin
[88.495s] -- Up-to-date: /cc_ws/tros_ws/install/share/hobot_stereonet/config/DStereoV2.4_int16_320_256.bin
[88.495s] -- Up-to-date: /cc_ws/tros_ws/install/share/hobot_stereonet/data
[88.495s] -- Installing: /cc_ws/tros_ws/install/share/hobot_stereonet/data/left000002.png
[88.498s] -- Installing: /cc_ws/tros_ws/install/share/hobot_stereonet/data/right000000.png
[88.501s] -- Installing: /cc_ws/tros_ws/install/share/hobot_stereonet/data/right000004.png
[88.505s] -- Installing: /cc_ws/tros_ws/install/share/hobot_stereonet/data/right000001.png
[88.508s] -- Installing: /cc_ws/tros_ws/install/share/hobot_stereonet/data/right000002.png
[88.511s] -- Installing: /cc_ws/tros_ws/install/share/hobot_stereonet/data/left000000.png
[88.514s] -- Installing: /cc_ws/tros_ws/install/share/hobot_stereonet/data/left000004.png
[88.517s] -- Installing: /cc_ws/tros_ws/install/share/hobot_stereonet/data/left000003.png
[88.522s] -- Installing: /cc_ws/tros_ws/install/share/hobot_stereonet/data/right000003.png
[88.525s] -- Installing: /cc_ws/tros_ws/install/share/hobot_stereonet/data/left000001.png
[88.528s] -- Up-to-date: /cc_ws/tros_ws/install/share/ament_index/resource_index/package_run_dependencies/hobot_stereonet
[88.528s] -- Up-to-date: /cc_ws/tros_ws/install/share/ament_index/resource_index/parent_prefix_path/hobot_stereonet
[88.528s] -- Up-to-date: /cc_ws/tros_ws/install/share/hobot_stereonet/environment/ament_prefix_path.sh
[88.528s] -- Installing: /cc_ws/tros_ws/install/share/hobot_stereonet/environment/ament_prefix_path.dsv
[88.528s] -- Up-to-date: /cc_ws/tros_ws/install/share/hobot_stereonet/environment/path.sh
[88.529s] -- Installing: /cc_ws/tros_ws/install/share/hobot_stereonet/environment/path.dsv
[88.529s] -- Up-to-date: /cc_ws/tros_ws/install/share/hobot_stereonet/local_setup.bash
[88.529s] -- Up-to-date: /cc_ws/tros_ws/install/share/hobot_stereonet/local_setup.sh
[88.529s] -- Up-to-date: /cc_ws/tros_ws/install/share/hobot_stereonet/local_setup.zsh
[88.529s] -- Installing: /cc_ws/tros_ws/install/share/hobot_stereonet/local_setup.dsv
[88.529s] -- Installing: /cc_ws/tros_ws/install/share/hobot_stereonet/package.dsv
[88.530s] -- Up-to-date: /cc_ws/tros_ws/install/share/ament_index/resource_index/packages/hobot_stereonet
[88.530s] -- Up-to-date: /cc_ws/tros_ws/install/share/ament_index/resource_index/rclcpp_components/hobot_stereonet
[88.530s] -- Installing: /cc_ws/tros_ws/install/share/hobot_stereonet/cmake/hobot_stereonetConfig.cmake
[88.530s] -- Installing: /cc_ws/tros_ws/install/share/hobot_stereonet/cmake/hobot_stereonetConfig-version.cmake
[88.530s] -- Installing: /cc_ws/tros_ws/install/share/hobot_stereonet/package.xml
[88.532s] Invoked command in '/cc_ws/tros_ws/build/hobot_stereonet' returned '0': CMAKE_PREFIX_PATH=/opt/ros/humble HISTTIMEFORMAT=%F %T /usr/bin/cmake --install /cc_ws/tros_ws/build/hobot_stereonet
