Not searching for unused variables given on the command line.
-- The C compiler identification is GNU 11.4.0
-- The CXX compiler identification is GNU 11.4.0
-- Detecting C compiler ABI info
-- Detecting C compiler ABI info - done
-- Check for working C compiler: /usr/bin/aarch64-linux-gnu-gcc - skipped
-- Detecting C compile features
-- Detecting C compile features - done
-- Detecting CXX compiler ABI info
-- Detecting CXX compiler ABI info - done
-- Check for working CXX compiler: /usr/bin/aarch64-linux-gnu-g++ - skipped
-- Detecting CXX compile features
-- Detecting CXX compile features - done
-- Found ament_cmake: 1.3.8 (/opt/ros/humble/share/ament_cmake/cmake)
-- Found Python3: /usr/bin/python3 (found version "3.10.12") found components: Interpreter 
-- Found rclcpp: 16.0.8 (/opt/ros/humble/share/rclcpp/cmake)
-- Found rosidl_generator_c: 3.1.5 (/opt/ros/humble/share/rosidl_generator_c/cmake)
-- Found rosidl_adapter: 3.1.5 (/opt/ros/humble/share/rosidl_adapter/cmake)
-- Found rosidl_generator_cpp: 3.1.5 (/opt/ros/humble/share/rosidl_generator_cpp/cmake)
-- Using all available rosidl_typesupport_c: rosidl_typesupport_fastrtps_c;rosidl_typesupport_introspection_c
-- Using all available rosidl_typesupport_cpp: rosidl_typesupport_fastrtps_cpp;rosidl_typesupport_introspection_cpp
-- Found rmw_implementation_cmake: 6.1.1 (/opt/ros/humble/share/rmw_implementation_cmake/cmake)
-- Found rmw_fastrtps_cpp: 6.2.6 (/opt/ros/humble/share/rmw_fastrtps_cpp/cmake)
-- Found OpenSSL: /cc_ws/tros_ws/robot_dev_config/../../sysroot_docker/usr/lib/aarch64-linux-gnu/libcrypto.so (found version "3.0.2")  
-- Found FastRTPS: /opt/ros/humble/include  
-- Using RMW implementation 'rmw_fastrtps_cpp' as default
-- Looking for pthread.h
-- Looking for pthread.h - found
-- Performing Test CMAKE_HAVE_LIBC_PTHREAD
-- Performing Test CMAKE_HAVE_LIBC_PTHREAD - Success
-- Found Threads: TRUE  
-- Found sensor_msgs: 4.2.3 (/opt/ros/humble/share/sensor_msgs/cmake)
[33mCMake Warning (dev) at /opt/ros/humble/share/ament_cmake_test/cmake/ament_cmake_test-extras.cmake:19 (option):
  Policy CMP0077 is not set: option() honors normal variables.  Run "cmake
  --help-policy CMP0077" for policy details.  Use the cmake_policy command to
  set the policy and suppress this warning.

  For compatibility with older versions of CMake, option is clearing the
  normal variable 'BUILD_TESTING'.
Call Stack (most recent call first):
  /opt/ros/humble/share/ament_cmake_test/cmake/ament_cmake_testConfig.cmake:41 (include)
  /opt/ros/humble/share/ament_cmake/cmake/ament_cmake_export_dependencies-extras.cmake:21 (find_package)
  /opt/ros/humble/share/ament_cmake/cmake/ament_cmakeConfig.cmake:41 (include)
  CMakeLists.txt:19 (find_package)
This warning is for project developers.  Use -Wno-dev to suppress it.
[0m
-- Found hbm_img_msgs: 2.0.0 (/cc_ws/tros_ws/robot_dev_config/../install/share/hbm_img_msgs/cmake)
-- Found img_msgs: 2.0.0 (/cc_ws/tros_ws/robot_dev_config/../install/share/img_msgs/cmake)
-- Found OpenCV: /cc_ws/sysroot_docker/usr_x5 (found suitable version "4.5.4", minimum required is "4") 
[0mbuild platform X5[0m
[0mSYS_ROOT is /cc_ws/tros_ws/robot_dev_config/../../sysroot_docker[0m
-- Configuring done
-- Generating done
-- Build files have been written to: /cc_ws/tros_ws/build/hobot_image_publisher
[ 33%] [32mBuilding CXX object CMakeFiles/hobot_image_pub.dir/src/main.cpp.o[0m
[ 66%] [32mBuilding CXX object CMakeFiles/hobot_image_pub.dir/src/image_pub_node.cpp.o[0m
In file included from [01m[K/opt/ros/humble/include/rclcpp/rclcpp/client.hpp:40[m[K,
                 from [01m[K/opt/ros/humble/include/rclcpp/rclcpp/callback_group.hpp:24[m[K,
                 from [01m[K/opt/ros/humble/include/rclcpp/rclcpp/any_executable.hpp:20[m[K,
                 from [01m[K/opt/ros/humble/include/rclcpp/rclcpp/memory_strategy.hpp:25[m[K,
                 from [01m[K/opt/ros/humble/include/rclcpp/rclcpp/memory_strategies.hpp:18[m[K,
                 from [01m[K/opt/ros/humble/include/rclcpp/rclcpp/executor_options.hpp:20[m[K,
                 from [01m[K/opt/ros/humble/include/rclcpp/rclcpp/executor.hpp:37[m[K,
                 from [01m[K/opt/ros/humble/include/rclcpp/rclcpp/executors/multi_threaded_executor.hpp:25[m[K,
                 from [01m[K/opt/ros/humble/include/rclcpp/rclcpp/executors.hpp:21[m[K,
                 from [01m[K/opt/ros/humble/include/rclcpp/rclcpp/rclcpp.hpp:155[m[K,
                 from [01m[K/cc_ws/tros_ws/src/tools/hobot_image_publisher/include/image_pub_node.h:25[m[K,
                 from [01m[K/cc_ws/tros_ws/src/tools/hobot_image_publisher/src/image_pub_node.cpp:15[m[K:
[01m[K/cc_ws/tros_ws/src/tools/hobot_image_publisher/src/image_pub_node.cpp:[m[K In constructor ‘[01m[KPubNode::PubNode(const string&, const rclcpp::NodeOptions&)[m[K’:
[01m[K/cc_ws/tros_ws/src/tools/hobot_image_publisher/src/image_pub_node.cpp:484:8:[m[K [01;35m[Kwarning: [m[Kunknown escape sequence: '\p'
  484 |     << [01;35m[K"\pub_name_mode: "[m[K << pub_name_mode_
      |        [01;35m[K^~~~~~~~~~~~~~~~~~[m[K
[01m[K/cc_ws/tros_ws/src/tools/hobot_image_publisher/src/image_pub_node.cpp:[m[K In member function ‘[01m[Kvoid PubNode::pub_h26x()[m[K’:
[01m[K/cc_ws/tros_ws/src/tools/hobot_image_publisher/src/image_pub_node.cpp:771:19:[m[K [01;35m[Kwarning: [m[K‘[01m[Kvoid av_init_packet(AVPacket*)[m[K’ is deprecated [[01;35m[K-Wdeprecated-declarations[m[K]
  771 |     [01;35m[Kav_init_packet(&packet)[m[K;
      |     [01;35m[K~~~~~~~~~~~~~~^~~~~~~~~[m[K
In file included from [01m[K/cc_ws/sysroot_docker/usr_x5/include/aarch64-linux-gnu/libavcodec/bsf.h:30[m[K,
                 from [01m[K/cc_ws/sysroot_docker/usr_x5/include/aarch64-linux-gnu/libavcodec/avcodec.h:44[m[K,
                 from [01m[K/cc_ws/tros_ws/src/tools/hobot_image_publisher/include/image_pub_node.h:32[m[K,
                 from [01m[K/cc_ws/tros_ws/src/tools/hobot_image_publisher/src/image_pub_node.cpp:15[m[K:
[01m[K/cc_ws/sysroot_docker/usr_x5/include/aarch64-linux-gnu/libavcodec/packet.h:488:6:[m[K [01;36m[Knote: [m[Kdeclared here
  488 | void [01;36m[Kav_init_packet[m[K(AVPacket *pkt);
      |      [01;36m[K^~~~~~~~~~~~~~[m[K
[100%] [32m[1mLinking CXX executable hobot_image_pub[0m
[100%] Built target hobot_image_pub
-- Install configuration: ""
-- Installing: /cc_ws/tros_ws/install/lib/hobot_image_publisher/hobot_image_pub
-- Set runtime path of "/cc_ws/tros_ws/install/lib/hobot_image_publisher/hobot_image_pub" to ""
-- Installing: /cc_ws/tros_ws/install/lib/hobot_image_publisher/config/
-- Installing: /cc_ws/tros_ws/install/lib/hobot_image_publisher/config//test1.nv12
-- Installing: /cc_ws/tros_ws/install/lib/hobot_image_publisher/config//house.mp4
-- Installing: /cc_ws/tros_ws/install/lib/hobot_image_publisher/config//img.list
-- Installing: /cc_ws/tros_ws/install/lib/hobot_image_publisher/config//video.list
-- Installing: /cc_ws/tros_ws/install/lib/hobot_image_publisher/config//show.png
-- Installing: /cc_ws/tros_ws/install/lib/hobot_image_publisher/config//mp4show.jpg
-- Installing: /cc_ws/tros_ws/install/lib/hobot_image_publisher/config//sky.h265
-- Installing: /cc_ws/tros_ws/install/lib/hobot_image_publisher/config//test1.h264
-- Installing: /cc_ws/tros_ws/install/lib/hobot_image_publisher/config//test2.jpg
-- Installing: /cc_ws/tros_ws/install/lib/hobot_image_publisher/config//sky.mp4
-- Installing: /cc_ws/tros_ws/install/lib/hobot_image_publisher/config//test1.jpg
-- Installing: /cc_ws/tros_ws/install/share/hobot_image_publisher/launch
-- Installing: /cc_ws/tros_ws/install/share/hobot_image_publisher/launch/hobot_image_publisher_videolist_demo.launch.py
-- Installing: /cc_ws/tros_ws/install/share/hobot_image_publisher/launch/hobot_image_publisher.launch.py
-- Installing: /cc_ws/tros_ws/install/share/hobot_image_publisher/launch/hobot_image_publisher_video_demo.launch.py
-- Installing: /cc_ws/tros_ws/install/share/hobot_image_publisher/launch/hobot_image_publisher_demo.launch.py
-- Installing: /cc_ws/tros_ws/install/share/ament_index/resource_index/package_run_dependencies/hobot_image_publisher
-- Installing: /cc_ws/tros_ws/install/share/ament_index/resource_index/parent_prefix_path/hobot_image_publisher
-- Installing: /cc_ws/tros_ws/install/share/hobot_image_publisher/environment/ament_prefix_path.sh
-- Installing: /cc_ws/tros_ws/install/share/hobot_image_publisher/environment/ament_prefix_path.dsv
-- Installing: /cc_ws/tros_ws/install/share/hobot_image_publisher/environment/path.sh
-- Installing: /cc_ws/tros_ws/install/share/hobot_image_publisher/environment/path.dsv
-- Installing: /cc_ws/tros_ws/install/share/hobot_image_publisher/local_setup.bash
-- Installing: /cc_ws/tros_ws/install/share/hobot_image_publisher/local_setup.sh
-- Installing: /cc_ws/tros_ws/install/share/hobot_image_publisher/local_setup.zsh
-- Installing: /cc_ws/tros_ws/install/share/hobot_image_publisher/local_setup.dsv
-- Installing: /cc_ws/tros_ws/install/share/hobot_image_publisher/package.dsv
-- Installing: /cc_ws/tros_ws/install/share/ament_index/resource_index/packages/hobot_image_publisher
-- Installing: /cc_ws/tros_ws/install/share/hobot_image_publisher/cmake/hobot_image_publisherConfig.cmake
-- Installing: /cc_ws/tros_ws/install/share/hobot_image_publisher/cmake/hobot_image_publisherConfig-version.cmake
-- Installing: /cc_ws/tros_ws/install/share/hobot_image_publisher/package.xml
