Not searching for unused variables given on the command line.
-- Found ament_cmake: 1.3.8 (/opt/ros/humble/share/ament_cmake/cmake)
[33mCMake Warning (dev) at /opt/ros/humble/share/ament_cmake_test/cmake/ament_cmake_test-extras.cmake:19 (option):
  Policy CMP0077 is not set: option() honors normal variables.  Run "cmake
  --help-policy CMP0077" for policy details.  Use the cmake_policy command to
  set the policy and suppress this warning.

  For compatibility with older versions of CMake, option is clearing the
  normal variable 'BUILD_TESTING'.
Call Stack (most recent call first):
  /opt/ros/humble/share/ament_cmake_test/cmake/ament_cmake_testConfig.cmake:41 (include)
  /opt/ros/humble/share/ament_cmake/cmake/ament_cmake_export_dependencies-extras.cmake:21 (find_package)
  /opt/ros/humble/share/ament_cmake/cmake/ament_cmakeConfig.cmake:41 (include)
  CMakeLists.txt:19 (find_package)
This warning is for project developers.  Use -Wno-dev to suppress it.
[0m
-- Found ai_msgs: 2.0.1 (/cc_ws/tros_ws/robot_dev_config/../install/share/ai_msgs/cmake)
-- Found rosidl_generator_c: 3.1.5 (/opt/ros/humble/share/rosidl_generator_c/cmake)
-- Found rosidl_adapter: 3.1.5 (/opt/ros/humble/share/rosidl_adapter/cmake)
-- Found rosidl_generator_cpp: 3.1.5 (/opt/ros/humble/share/rosidl_generator_cpp/cmake)
-- Using all available rosidl_typesupport_c: rosidl_typesupport_fastrtps_c;rosidl_typesupport_introspection_c
-- Using all available rosidl_typesupport_cpp: rosidl_typesupport_fastrtps_cpp;rosidl_typesupport_introspection_cpp
-- Found rclcpp: 16.0.8 (/opt/ros/humble/share/rclcpp/cmake)
-- Found rmw_implementation_cmake: 6.1.1 (/opt/ros/humble/share/rmw_implementation_cmake/cmake)
-- Found rmw_fastrtps_cpp: 6.2.6 (/opt/ros/humble/share/rmw_fastrtps_cpp/cmake)
-- Using RMW implementation 'rmw_fastrtps_cpp' as default
-- Found rosbag2_cpp: 0.15.9 (/opt/ros/humble/share/rosbag2_cpp/cmake)
-- Found trigger_node: 2.1.0 (/cc_ws/tros_ws/robot_dev_config/../install/share/trigger_node/cmake)
[0minvalid platform, build platform X3 default[0m
[0mPREFIX_PATH is x3[0m
[0mSYS_ROOT is /cc_ws/tros_ws/robot_dev_config/../../sysroot_docker[0m
-- Configuring done
-- Generating done
-- Build files have been written to: /cc_ws/tros_ws/build/trigger_node_example
[35m[1mConsolidate compiler generated dependencies of target trigger_node_example[0m
[100%] Built target trigger_node_example
-- Install configuration: ""
-- Up-to-date: /cc_ws/tros_ws/install/lib/trigger_node_example/trigger_node_example
-- Up-to-date: /cc_ws/tros_ws/install/lib/trigger_node_example/config/
-- Up-to-date: /cc_ws/tros_ws/install/lib/trigger_node_example/config//trigger_config.json
-- Up-to-date: /cc_ws/tros_ws/install/share/trigger_node_example/launch
-- Up-to-date: /cc_ws/tros_ws/install/share/trigger_node_example/launch/hobot_trigger_example.launch.py
-- Up-to-date: /cc_ws/tros_ws/install/share/ament_index/resource_index/package_run_dependencies/trigger_node_example
-- Up-to-date: /cc_ws/tros_ws/install/share/ament_index/resource_index/parent_prefix_path/trigger_node_example
-- Up-to-date: /cc_ws/tros_ws/install/share/trigger_node_example/environment/ament_prefix_path.sh
-- Installing: /cc_ws/tros_ws/install/share/trigger_node_example/environment/ament_prefix_path.dsv
-- Up-to-date: /cc_ws/tros_ws/install/share/trigger_node_example/environment/path.sh
-- Installing: /cc_ws/tros_ws/install/share/trigger_node_example/environment/path.dsv
-- Up-to-date: /cc_ws/tros_ws/install/share/trigger_node_example/local_setup.bash
-- Up-to-date: /cc_ws/tros_ws/install/share/trigger_node_example/local_setup.sh
-- Up-to-date: /cc_ws/tros_ws/install/share/trigger_node_example/local_setup.zsh
-- Installing: /cc_ws/tros_ws/install/share/trigger_node_example/local_setup.dsv
-- Installing: /cc_ws/tros_ws/install/share/trigger_node_example/package.dsv
-- Up-to-date: /cc_ws/tros_ws/install/share/ament_index/resource_index/packages/trigger_node_example
-- Up-to-date: /cc_ws/tros_ws/install/share/trigger_node_example/cmake/trigger_node_exampleConfig.cmake
-- Up-to-date: /cc_ws/tros_ws/install/share/trigger_node_example/cmake/trigger_node_exampleConfig-version.cmake
-- Up-to-date: /cc_ws/tros_ws/install/share/trigger_node_example/package.xml
