[0.198s] Invoking command in '/cc_ws/tros_ws/build/trigger_node_example': AMENT_PREFIX_PATH=/cc_ws/tros_ws/install:${AMENT_PREFIX_PATH} CMAKE_PREFIX_PATH=/cc_ws/tros_ws/install:/opt/ros/humble LD_LIBRARY_PATH=/cc_ws/tros_ws/install/lib:/opt/ros/humble/opt/rviz_ogre_vendor/lib:/opt/ros/humble/lib/aarch64-linux-gnu:/opt/ros/humble/lib:/cc_ws/userdata/hobot/opt/hobot/deps PYTHONPATH=/cc_ws/tros_ws/install/lib/python3.10/site-packages:/cc_ws/tros_ws/install/local/lib/python3.10/dist-packages:${PYTHONPATH} /usr/bin/cmake /cc_ws/tros_ws/src/box/hobot_trigger/trigger_node_example -DCMAKE_EXPORT_COMPILE_COMMANDS=ON --no-warn-unused-cli -DCMAKE_TOOLCHAIN_FILE=/cc_ws/tros_ws/robot_dev_config/aarch64_toolchainfile.cmake -DPLATFORM_X5=ON -DTHIRDPARTY=ON -DBUILD_TESTING=OFF -DCMAKE_BUILD_RPATH=/cc_ws/tros_ws/build/poco_vendor/poco_external_project_install/lib/;/cc_ws/tros_ws/build/libyaml_vendor/libyaml_install/lib/ -DCMAKE_INSTALL_PREFIX=/cc_ws/tros_ws/install
[0.227s] Not searching for unused variables given on the command line.
[0.256s] -- Found ament_cmake: 1.3.8 (/opt/ros/humble/share/ament_cmake/cmake)
[1.156s] [33mCMake Warning (dev) at /opt/ros/humble/share/ament_cmake_test/cmake/ament_cmake_test-extras.cmake:19 (option):
[1.157s]   Policy CMP0077 is not set: option() honors normal variables.  Run "cmake
[1.158s]   --help-policy CMP0077" for policy details.  Use the cmake_policy command to
[1.159s]   set the policy and suppress this warning.
[1.160s] 
[1.160s]   For compatibility with older versions of CMake, option is clearing the
[1.162s]   normal variable 'BUILD_TESTING'.
[1.163s] Call Stack (most recent call first):
[1.163s]   /opt/ros/humble/share/ament_cmake_test/cmake/ament_cmake_testConfig.cmake:41 (include)
[1.163s]   /opt/ros/humble/share/ament_cmake/cmake/ament_cmake_export_dependencies-extras.cmake:21 (find_package)
[1.163s]   /opt/ros/humble/share/ament_cmake/cmake/ament_cmakeConfig.cmake:41 (include)
[1.165s]   CMakeLists.txt:19 (find_package)
[1.165s] This warning is for project developers.  Use -Wno-dev to suppress it.
[1.165s] [0m
[1.172s] -- Found ai_msgs: 2.0.1 (/cc_ws/tros_ws/robot_dev_config/../install/share/ai_msgs/cmake)
[1.366s] -- Found rosidl_generator_c: 3.1.5 (/opt/ros/humble/share/rosidl_generator_c/cmake)
[1.411s] -- Found rosidl_adapter: 3.1.5 (/opt/ros/humble/share/rosidl_adapter/cmake)
[1.465s] -- Found rosidl_generator_cpp: 3.1.5 (/opt/ros/humble/share/rosidl_generator_cpp/cmake)
[1.597s] -- Using all available rosidl_typesupport_c: rosidl_typesupport_fastrtps_c;rosidl_typesupport_introspection_c
[1.773s] -- Using all available rosidl_typesupport_cpp: rosidl_typesupport_fastrtps_cpp;rosidl_typesupport_introspection_cpp
[4.939s] -- Found rclcpp: 16.0.8 (/opt/ros/humble/share/rclcpp/cmake)
[5.419s] -- Found rmw_implementation_cmake: 6.1.1 (/opt/ros/humble/share/rmw_implementation_cmake/cmake)
[5.449s] -- Found rmw_fastrtps_cpp: 6.2.6 (/opt/ros/humble/share/rmw_fastrtps_cpp/cmake)
[6.168s] -- Using RMW implementation 'rmw_fastrtps_cpp' as default
[7.190s] -- Found rosbag2_cpp: 0.15.9 (/opt/ros/humble/share/rosbag2_cpp/cmake)
[7.553s] -- Found trigger_node: 2.1.0 (/cc_ws/tros_ws/robot_dev_config/../install/share/trigger_node/cmake)
[7.577s] [0minvalid platform, build platform X3 default[0m
[7.581s] [0mPREFIX_PATH is x3[0m
[7.581s] [0mSYS_ROOT is /cc_ws/tros_ws/robot_dev_config/../../sysroot_docker[0m
[8.419s] -- Configuring done
[8.485s] -- Generating done
[8.490s] -- Build files have been written to: /cc_ws/tros_ws/build/trigger_node_example
[8.561s] Invoked command in '/cc_ws/tros_ws/build/trigger_node_example' returned '0': AMENT_PREFIX_PATH=/cc_ws/tros_ws/install:${AMENT_PREFIX_PATH} CMAKE_PREFIX_PATH=/cc_ws/tros_ws/install:/opt/ros/humble LD_LIBRARY_PATH=/cc_ws/tros_ws/install/lib:/opt/ros/humble/opt/rviz_ogre_vendor/lib:/opt/ros/humble/lib/aarch64-linux-gnu:/opt/ros/humble/lib:/cc_ws/userdata/hobot/opt/hobot/deps PYTHONPATH=/cc_ws/tros_ws/install/lib/python3.10/site-packages:/cc_ws/tros_ws/install/local/lib/python3.10/dist-packages:${PYTHONPATH} /usr/bin/cmake /cc_ws/tros_ws/src/box/hobot_trigger/trigger_node_example -DCMAKE_EXPORT_COMPILE_COMMANDS=ON --no-warn-unused-cli -DCMAKE_TOOLCHAIN_FILE=/cc_ws/tros_ws/robot_dev_config/aarch64_toolchainfile.cmake -DPLATFORM_X5=ON -DTHIRDPARTY=ON -DBUILD_TESTING=OFF -DCMAKE_BUILD_RPATH=/cc_ws/tros_ws/build/poco_vendor/poco_external_project_install/lib/;/cc_ws/tros_ws/build/libyaml_vendor/libyaml_install/lib/ -DCMAKE_INSTALL_PREFIX=/cc_ws/tros_ws/install
[8.561s] Invoking command in '/cc_ws/tros_ws/build/trigger_node_example': AMENT_PREFIX_PATH=/cc_ws/tros_ws/install:${AMENT_PREFIX_PATH} CMAKE_PREFIX_PATH=/cc_ws/tros_ws/install:/opt/ros/humble LD_LIBRARY_PATH=/cc_ws/tros_ws/install/lib:/opt/ros/humble/opt/rviz_ogre_vendor/lib:/opt/ros/humble/lib/aarch64-linux-gnu:/opt/ros/humble/lib:/cc_ws/userdata/hobot/opt/hobot/deps PYTHONPATH=/cc_ws/tros_ws/install/lib/python3.10/site-packages:/cc_ws/tros_ws/install/local/lib/python3.10/dist-packages:${PYTHONPATH} /usr/bin/cmake --build /cc_ws/tros_ws/build/trigger_node_example -- -j12 -l12
[10.666s] [35m[1mConsolidate compiler generated dependencies of target trigger_node_example[0m
[10.667s] [100%] Built target trigger_node_example
[10.816s] Invoked command in '/cc_ws/tros_ws/build/trigger_node_example' returned '0': AMENT_PREFIX_PATH=/cc_ws/tros_ws/install:${AMENT_PREFIX_PATH} CMAKE_PREFIX_PATH=/cc_ws/tros_ws/install:/opt/ros/humble LD_LIBRARY_PATH=/cc_ws/tros_ws/install/lib:/opt/ros/humble/opt/rviz_ogre_vendor/lib:/opt/ros/humble/lib/aarch64-linux-gnu:/opt/ros/humble/lib:/cc_ws/userdata/hobot/opt/hobot/deps PYTHONPATH=/cc_ws/tros_ws/install/lib/python3.10/site-packages:/cc_ws/tros_ws/install/local/lib/python3.10/dist-packages:${PYTHONPATH} /usr/bin/cmake --build /cc_ws/tros_ws/build/trigger_node_example -- -j12 -l12
[11.345s] Invoking command in '/cc_ws/tros_ws/build/trigger_node_example': AMENT_PREFIX_PATH=/cc_ws/tros_ws/install:${AMENT_PREFIX_PATH} CMAKE_PREFIX_PATH=/cc_ws/tros_ws/install:/opt/ros/humble LD_LIBRARY_PATH=/cc_ws/tros_ws/install/lib:/opt/ros/humble/opt/rviz_ogre_vendor/lib:/opt/ros/humble/lib/aarch64-linux-gnu:/opt/ros/humble/lib:/cc_ws/userdata/hobot/opt/hobot/deps PYTHONPATH=/cc_ws/tros_ws/install/lib/python3.10/site-packages:/cc_ws/tros_ws/install/local/lib/python3.10/dist-packages:${PYTHONPATH} /usr/bin/cmake --install /cc_ws/tros_ws/build/trigger_node_example
[11.527s] -- Install configuration: ""
[11.527s] -- Up-to-date: /cc_ws/tros_ws/install/lib/trigger_node_example/trigger_node_example
[11.531s] -- Up-to-date: /cc_ws/tros_ws/install/lib/trigger_node_example/config/
[11.531s] -- Up-to-date: /cc_ws/tros_ws/install/lib/trigger_node_example/config//trigger_config.json
[11.531s] -- Up-to-date: /cc_ws/tros_ws/install/share/trigger_node_example/launch
[11.531s] -- Up-to-date: /cc_ws/tros_ws/install/share/trigger_node_example/launch/hobot_trigger_example.launch.py
[11.532s] -- Up-to-date: /cc_ws/tros_ws/install/share/ament_index/resource_index/package_run_dependencies/trigger_node_example
[11.532s] -- Up-to-date: /cc_ws/tros_ws/install/share/ament_index/resource_index/parent_prefix_path/trigger_node_example
[11.532s] -- Up-to-date: /cc_ws/tros_ws/install/share/trigger_node_example/environment/ament_prefix_path.sh
[11.532s] -- Installing: /cc_ws/tros_ws/install/share/trigger_node_example/environment/ament_prefix_path.dsv
[11.532s] -- Up-to-date: /cc_ws/tros_ws/install/share/trigger_node_example/environment/path.sh
[11.532s] -- Installing: /cc_ws/tros_ws/install/share/trigger_node_example/environment/path.dsv
[11.532s] -- Up-to-date: /cc_ws/tros_ws/install/share/trigger_node_example/local_setup.bash
[11.532s] -- Up-to-date: /cc_ws/tros_ws/install/share/trigger_node_example/local_setup.sh
[11.533s] -- Up-to-date: /cc_ws/tros_ws/install/share/trigger_node_example/local_setup.zsh
[11.533s] -- Installing: /cc_ws/tros_ws/install/share/trigger_node_example/local_setup.dsv
[11.533s] -- Installing: /cc_ws/tros_ws/install/share/trigger_node_example/package.dsv
[11.533s] -- Up-to-date: /cc_ws/tros_ws/install/share/ament_index/resource_index/packages/trigger_node_example
[11.533s] -- Up-to-date: /cc_ws/tros_ws/install/share/trigger_node_example/cmake/trigger_node_exampleConfig.cmake
[11.533s] -- Up-to-date: /cc_ws/tros_ws/install/share/trigger_node_example/cmake/trigger_node_exampleConfig-version.cmake
[11.533s] -- Up-to-date: /cc_ws/tros_ws/install/share/trigger_node_example/package.xml
[11.576s] Invoked command in '/cc_ws/tros_ws/build/trigger_node_example' returned '0': AMENT_PREFIX_PATH=/cc_ws/tros_ws/install:${AMENT_PREFIX_PATH} CMAKE_PREFIX_PATH=/cc_ws/tros_ws/install:/opt/ros/humble LD_LIBRARY_PATH=/cc_ws/tros_ws/install/lib:/opt/ros/humble/opt/rviz_ogre_vendor/lib:/opt/ros/humble/lib/aarch64-linux-gnu:/opt/ros/humble/lib:/cc_ws/userdata/hobot/opt/hobot/deps PYTHONPATH=/cc_ws/tros_ws/install/lib/python3.10/site-packages:/cc_ws/tros_ws/install/local/lib/python3.10/dist-packages:${PYTHONPATH} /usr/bin/cmake --install /cc_ws/tros_ws/build/trigger_node_example
