Not searching for unused variables given on the command line.
-- Found hbm_img_msgs: 2.0.0 (/cc_ws/tros_ws/robot_dev_config/../install/share/hbm_img_msgs/cmake)
-- Found rosidl_generator_c: 3.1.5 (/opt/ros/humble/share/rosidl_generator_c/cmake)
-- Found rosidl_adapter: 3.1.5 (/opt/ros/humble/share/rosidl_adapter/cmake)
-- Found rosidl_generator_cpp: 3.1.5 (/opt/ros/humble/share/rosidl_generator_cpp/cmake)
-- Using all available rosidl_typesupport_c: rosidl_typesupport_fastrtps_c;rosidl_typesupport_introspection_c
-- Using all available rosidl_typesupport_cpp: rosidl_typesupport_fastrtps_cpp;rosidl_typesupport_introspection_cpp
-- Found ament_cmake_auto: 1.3.8 (/opt/ros/humble/share/ament_cmake_auto/cmake)
-- Found rmw_implementation_cmake: 6.1.1 (/opt/ros/humble/share/rmw_implementation_cmake/cmake)
-- Found rmw_fastrtps_cpp: 6.2.6 (/opt/ros/humble/share/rmw_fastrtps_cpp/cmake)
-- Using RMW implementation 'rmw_fastrtps_cpp' as default
-- Found ament_lint_auto: 0.12.10 (/opt/ros/humble/share/ament_lint_auto/cmake)
-- Added test 'copyright' to check source files copyright and LICENSE
-- Added test 'cppcheck' to perform static code analysis on C / C++ code
-- Configured cppcheck include dirs: /cc_ws/tros_ws/src/box/hobot_sensor/hobot_usb_cam/include
-- Configured cppcheck exclude dirs and/or files: 
-- Added test 'cpplint' to check C / C++ code against the Google style
-- Configured cpplint exclude dirs and/or files: 
-- Added test 'flake8' to check Python code syntax and style conventions
-- Added test 'lint_cmake' to check CMake code style
-- Added test 'pep257' to check Python code against some of the docstring style conventions in PEP 257
-- Added test 'uncrustify' to check C / C++ code style
-- Configured uncrustify additional arguments: 
-- Added test 'xmllint' to check XML markup files
-- Configuring done
-- Generating done
-- Build files have been written to: /cc_ws/tros_ws/build/hobot_usb_cam
[35m[1mConsolidate compiler generated dependencies of target hobot_usb_cam[0m
[ 25%] [32m[1mLinking CXX executable hobot_usb_cam[0m
[100%] Built target hobot_usb_cam
-- Install configuration: ""
-- Installing: /cc_ws/tros_ws/install/lib/hobot_usb_cam/hobot_usb_cam
-- Set runtime path of "/cc_ws/tros_ws/install/lib/hobot_usb_cam/hobot_usb_cam" to ""
-- Up-to-date: /cc_ws/tros_ws/install/share/hobot_usb_cam//launch
-- Up-to-date: /cc_ws/tros_ws/install/share/hobot_usb_cam//launch/hobot_usb_cam_websocket.launch.py
-- Up-to-date: /cc_ws/tros_ws/install/share/hobot_usb_cam//launch/hobot_usb_cam.launch.py
-- Up-to-date: /cc_ws/tros_ws/install/share/ament_index/resource_index/package_run_dependencies/hobot_usb_cam
-- Up-to-date: /cc_ws/tros_ws/install/share/ament_index/resource_index/parent_prefix_path/hobot_usb_cam
-- Up-to-date: /cc_ws/tros_ws/install/share/hobot_usb_cam/environment/ament_prefix_path.sh
-- Installing: /cc_ws/tros_ws/install/share/hobot_usb_cam/environment/ament_prefix_path.dsv
-- Up-to-date: /cc_ws/tros_ws/install/share/hobot_usb_cam/environment/path.sh
-- Installing: /cc_ws/tros_ws/install/share/hobot_usb_cam/environment/path.dsv
-- Up-to-date: /cc_ws/tros_ws/install/share/hobot_usb_cam/local_setup.bash
-- Up-to-date: /cc_ws/tros_ws/install/share/hobot_usb_cam/local_setup.sh
-- Up-to-date: /cc_ws/tros_ws/install/share/hobot_usb_cam/local_setup.zsh
-- Installing: /cc_ws/tros_ws/install/share/hobot_usb_cam/local_setup.dsv
-- Installing: /cc_ws/tros_ws/install/share/hobot_usb_cam/package.dsv
-- Up-to-date: /cc_ws/tros_ws/install/share/ament_index/resource_index/packages/hobot_usb_cam
-- Up-to-date: /cc_ws/tros_ws/install/share/hobot_usb_cam/cmake/hobot_usb_camConfig.cmake
-- Up-to-date: /cc_ws/tros_ws/install/share/hobot_usb_cam/cmake/hobot_usb_camConfig-version.cmake
-- Up-to-date: /cc_ws/tros_ws/install/share/hobot_usb_cam/package.xml
