[0.017s] Invoking command in '/cc_ws/tros_ws/build/hobot_usb_cam': AMENT_PREFIX_PATH=/cc_ws/tros_ws/install:${AMENT_PREFIX_PATH} CMAKE_PREFIX_PATH=/cc_ws/tros_ws/install:/opt/ros/humble LD_LIBRARY_PATH=/cc_ws/tros_ws/install/lib:/opt/ros/humble/opt/rviz_ogre_vendor/lib:/opt/ros/humble/lib/aarch64-linux-gnu:/opt/ros/humble/lib:/cc_ws/userdata/hobot/opt/hobot/deps PYTHONPATH=/cc_ws/tros_ws/install/local/lib/python3.10/dist-packages:/cc_ws/tros_ws/install/lib/python3.10/site-packages:${PYTHONPATH} /usr/bin/cmake /cc_ws/tros_ws/src/box/hobot_sensor/hobot_usb_cam -DCMAKE_EXPORT_COMPILE_COMMANDS=ON --no-warn-unused-cli -DCMAKE_TOOLCHAIN_FILE=/cc_ws/tros_ws/robot_dev_config/aarch64_toolchainfile.cmake -DPLATFORM_X5=ON -DTHIRDPARTY=ON -DBUILD_TESTING=OFF -DCMAKE_BUILD_RPATH=/cc_ws/tros_ws/build/poco_vendor/poco_external_project_install/lib/;/cc_ws/tros_ws/build/libyaml_vendor/libyaml_install/lib/ -DCMAKE_INSTALL_PREFIX=/cc_ws/tros_ws/install
[0.772s] Not searching for unused variables given on the command line.
[0.772s] -- Found hbm_img_msgs: 2.0.0 (/cc_ws/tros_ws/robot_dev_config/../install/share/hbm_img_msgs/cmake)
[0.772s] -- Found rosidl_generator_c: 3.1.5 (/opt/ros/humble/share/rosidl_generator_c/cmake)
[0.773s] -- Found rosidl_adapter: 3.1.5 (/opt/ros/humble/share/rosidl_adapter/cmake)
[0.773s] -- Found rosidl_generator_cpp: 3.1.5 (/opt/ros/humble/share/rosidl_generator_cpp/cmake)
[0.773s] -- Using all available rosidl_typesupport_c: rosidl_typesupport_fastrtps_c;rosidl_typesupport_introspection_c
[0.773s] -- Using all available rosidl_typesupport_cpp: rosidl_typesupport_fastrtps_cpp;rosidl_typesupport_introspection_cpp
[0.773s] -- Found ament_cmake_auto: 1.3.8 (/opt/ros/humble/share/ament_cmake_auto/cmake)
[0.773s] [33mCMake Warning (dev) at /opt/ros/humble/share/ament_cmake_test/cmake/ament_cmake_test-extras.cmake:19 (option):
[0.773s]   Policy CMP0077 is not set: option() honors normal variables.  Run "cmake
[0.773s]   --help-policy CMP0077" for policy details.  Use the cmake_policy command to
[0.774s]   set the policy and suppress this warning.
[0.774s] 
[0.774s]   For compatibility with older versions of CMake, option is clearing the
[0.774s]   normal variable 'BUILD_TESTING'.
[0.774s] Call Stack (most recent call first):
[0.774s]   /opt/ros/humble/share/ament_cmake_test/cmake/ament_cmake_testConfig.cmake:41 (include)
[0.774s]   /opt/ros/humble/share/ament_cmake/cmake/ament_cmake_export_dependencies-extras.cmake:21 (find_package)
[0.774s]   /opt/ros/humble/share/ament_cmake/cmake/ament_cmakeConfig.cmake:41 (include)
[0.775s]   /opt/ros/humble/share/rcutils/cmake/ament_cmake_export_dependencies-extras.cmake:21 (find_package)
[0.775s]   /opt/ros/humble/share/rcutils/cmake/rcutilsConfig.cmake:41 (include)
[0.775s]   /opt/ros/humble/share/rosidl_runtime_c/cmake/ament_cmake_export_dependencies-extras.cmake:21 (find_package)
[0.775s]   /opt/ros/humble/share/rosidl_runtime_c/cmake/rosidl_runtime_cConfig.cmake:41 (include)
[0.775s]   /opt/ros/humble/share/builtin_interfaces/cmake/ament_cmake_export_dependencies-extras.cmake:21 (find_package)
[0.775s]   /opt/ros/humble/share/builtin_interfaces/cmake/builtin_interfacesConfig.cmake:41 (include)
[0.775s]   /cc_ws/tros_ws/install/share/hbm_img_msgs/cmake/ament_cmake_export_dependencies-extras.cmake:21 (find_package)
[0.775s]   /cc_ws/tros_ws/install/share/hbm_img_msgs/cmake/hbm_img_msgsConfig.cmake:41 (include)
[0.775s]   CMakeLists.txt:32 (find_package)
[0.776s] This warning is for project developers.  Use -Wno-dev to suppress it.
[0.776s] [0m
[0.980s] -- Found rmw_implementation_cmake: 6.1.1 (/opt/ros/humble/share/rmw_implementation_cmake/cmake)
[0.983s] -- Found rmw_fastrtps_cpp: 6.2.6 (/opt/ros/humble/share/rmw_fastrtps_cpp/cmake)
[1.242s] -- Using RMW implementation 'rmw_fastrtps_cpp' as default
[2.013s] -- Found ament_lint_auto: 0.12.10 (/opt/ros/humble/share/ament_lint_auto/cmake)
[2.057s] -- Added test 'copyright' to check source files copyright and LICENSE
[2.063s] -- Added test 'cppcheck' to perform static code analysis on C / C++ code
[2.064s] -- Configured cppcheck include dirs: /cc_ws/tros_ws/src/box/hobot_sensor/hobot_usb_cam/include
[2.064s] -- Configured cppcheck exclude dirs and/or files: 
[2.087s] -- Added test 'cpplint' to check C / C++ code against the Google style
[2.087s] -- Configured cpplint exclude dirs and/or files: 
[2.088s] -- Added test 'flake8' to check Python code syntax and style conventions
[2.088s] -- Added test 'lint_cmake' to check CMake code style
[2.088s] -- Added test 'pep257' to check Python code against some of the docstring style conventions in PEP 257
[2.114s] -- Added test 'uncrustify' to check C / C++ code style
[2.114s] -- Configured uncrustify additional arguments: 
[2.116s] -- Added test 'xmllint' to check XML markup files
[2.122s] -- Configuring done
[2.221s] -- Generating done
[2.221s] -- Build files have been written to: /cc_ws/tros_ws/build/hobot_usb_cam
[2.261s] Invoked command in '/cc_ws/tros_ws/build/hobot_usb_cam' returned '0': AMENT_PREFIX_PATH=/cc_ws/tros_ws/install:${AMENT_PREFIX_PATH} CMAKE_PREFIX_PATH=/cc_ws/tros_ws/install:/opt/ros/humble LD_LIBRARY_PATH=/cc_ws/tros_ws/install/lib:/opt/ros/humble/opt/rviz_ogre_vendor/lib:/opt/ros/humble/lib/aarch64-linux-gnu:/opt/ros/humble/lib:/cc_ws/userdata/hobot/opt/hobot/deps PYTHONPATH=/cc_ws/tros_ws/install/local/lib/python3.10/dist-packages:/cc_ws/tros_ws/install/lib/python3.10/site-packages:${PYTHONPATH} /usr/bin/cmake /cc_ws/tros_ws/src/box/hobot_sensor/hobot_usb_cam -DCMAKE_EXPORT_COMPILE_COMMANDS=ON --no-warn-unused-cli -DCMAKE_TOOLCHAIN_FILE=/cc_ws/tros_ws/robot_dev_config/aarch64_toolchainfile.cmake -DPLATFORM_X5=ON -DTHIRDPARTY=ON -DBUILD_TESTING=OFF -DCMAKE_BUILD_RPATH=/cc_ws/tros_ws/build/poco_vendor/poco_external_project_install/lib/;/cc_ws/tros_ws/build/libyaml_vendor/libyaml_install/lib/ -DCMAKE_INSTALL_PREFIX=/cc_ws/tros_ws/install
[2.262s] Invoking command in '/cc_ws/tros_ws/build/hobot_usb_cam': AMENT_PREFIX_PATH=/cc_ws/tros_ws/install:${AMENT_PREFIX_PATH} CMAKE_PREFIX_PATH=/cc_ws/tros_ws/install:/opt/ros/humble LD_LIBRARY_PATH=/cc_ws/tros_ws/install/lib:/opt/ros/humble/opt/rviz_ogre_vendor/lib:/opt/ros/humble/lib/aarch64-linux-gnu:/opt/ros/humble/lib:/cc_ws/userdata/hobot/opt/hobot/deps PYTHONPATH=/cc_ws/tros_ws/install/local/lib/python3.10/dist-packages:/cc_ws/tros_ws/install/lib/python3.10/site-packages:${PYTHONPATH} /usr/bin/cmake --build /cc_ws/tros_ws/build/hobot_usb_cam -- -j12 -l12
[3.227s] [35m[1mConsolidate compiler generated dependencies of target hobot_usb_cam[0m
[3.227s] [ 25%] [32m[1mLinking CXX executable hobot_usb_cam[0m
[4.230s] [100%] Built target hobot_usb_cam
[4.359s] Invoked command in '/cc_ws/tros_ws/build/hobot_usb_cam' returned '0': AMENT_PREFIX_PATH=/cc_ws/tros_ws/install:${AMENT_PREFIX_PATH} CMAKE_PREFIX_PATH=/cc_ws/tros_ws/install:/opt/ros/humble LD_LIBRARY_PATH=/cc_ws/tros_ws/install/lib:/opt/ros/humble/opt/rviz_ogre_vendor/lib:/opt/ros/humble/lib/aarch64-linux-gnu:/opt/ros/humble/lib:/cc_ws/userdata/hobot/opt/hobot/deps PYTHONPATH=/cc_ws/tros_ws/install/local/lib/python3.10/dist-packages:/cc_ws/tros_ws/install/lib/python3.10/site-packages:${PYTHONPATH} /usr/bin/cmake --build /cc_ws/tros_ws/build/hobot_usb_cam -- -j12 -l12
[4.567s] Invoking command in '/cc_ws/tros_ws/build/hobot_usb_cam': AMENT_PREFIX_PATH=/cc_ws/tros_ws/install:${AMENT_PREFIX_PATH} CMAKE_PREFIX_PATH=/cc_ws/tros_ws/install:/opt/ros/humble LD_LIBRARY_PATH=/cc_ws/tros_ws/install/lib:/opt/ros/humble/opt/rviz_ogre_vendor/lib:/opt/ros/humble/lib/aarch64-linux-gnu:/opt/ros/humble/lib:/cc_ws/userdata/hobot/opt/hobot/deps PYTHONPATH=/cc_ws/tros_ws/install/local/lib/python3.10/dist-packages:/cc_ws/tros_ws/install/lib/python3.10/site-packages:${PYTHONPATH} /usr/bin/cmake --install /cc_ws/tros_ws/build/hobot_usb_cam
[5.867s] -- Install configuration: ""
[5.868s] -- Installing: /cc_ws/tros_ws/install/lib/hobot_usb_cam/hobot_usb_cam
[5.868s] -- Set runtime path of "/cc_ws/tros_ws/install/lib/hobot_usb_cam/hobot_usb_cam" to ""
[5.868s] -- Up-to-date: /cc_ws/tros_ws/install/share/hobot_usb_cam//launch
[5.868s] -- Up-to-date: /cc_ws/tros_ws/install/share/hobot_usb_cam//launch/hobot_usb_cam_websocket.launch.py
[5.868s] -- Up-to-date: /cc_ws/tros_ws/install/share/hobot_usb_cam//launch/hobot_usb_cam.launch.py
[5.868s] -- Up-to-date: /cc_ws/tros_ws/install/share/ament_index/resource_index/package_run_dependencies/hobot_usb_cam
[5.868s] -- Up-to-date: /cc_ws/tros_ws/install/share/ament_index/resource_index/parent_prefix_path/hobot_usb_cam
[5.869s] -- Up-to-date: /cc_ws/tros_ws/install/share/hobot_usb_cam/environment/ament_prefix_path.sh
[5.869s] -- Installing: /cc_ws/tros_ws/install/share/hobot_usb_cam/environment/ament_prefix_path.dsv
[5.869s] -- Up-to-date: /cc_ws/tros_ws/install/share/hobot_usb_cam/environment/path.sh
[5.869s] -- Installing: /cc_ws/tros_ws/install/share/hobot_usb_cam/environment/path.dsv
[5.869s] -- Up-to-date: /cc_ws/tros_ws/install/share/hobot_usb_cam/local_setup.bash
[5.869s] -- Up-to-date: /cc_ws/tros_ws/install/share/hobot_usb_cam/local_setup.sh
[5.869s] -- Up-to-date: /cc_ws/tros_ws/install/share/hobot_usb_cam/local_setup.zsh
[5.869s] -- Installing: /cc_ws/tros_ws/install/share/hobot_usb_cam/local_setup.dsv
[5.870s] -- Installing: /cc_ws/tros_ws/install/share/hobot_usb_cam/package.dsv
[5.870s] -- Up-to-date: /cc_ws/tros_ws/install/share/ament_index/resource_index/packages/hobot_usb_cam
[5.870s] -- Up-to-date: /cc_ws/tros_ws/install/share/hobot_usb_cam/cmake/hobot_usb_camConfig.cmake
[5.870s] -- Up-to-date: /cc_ws/tros_ws/install/share/hobot_usb_cam/cmake/hobot_usb_camConfig-version.cmake
[5.870s] -- Up-to-date: /cc_ws/tros_ws/install/share/hobot_usb_cam/package.xml
[5.896s] Invoked command in '/cc_ws/tros_ws/build/hobot_usb_cam' returned '0': AMENT_PREFIX_PATH=/cc_ws/tros_ws/install:${AMENT_PREFIX_PATH} CMAKE_PREFIX_PATH=/cc_ws/tros_ws/install:/opt/ros/humble LD_LIBRARY_PATH=/cc_ws/tros_ws/install/lib:/opt/ros/humble/opt/rviz_ogre_vendor/lib:/opt/ros/humble/lib/aarch64-linux-gnu:/opt/ros/humble/lib:/cc_ws/userdata/hobot/opt/hobot/deps PYTHONPATH=/cc_ws/tros_ws/install/local/lib/python3.10/dist-packages:/cc_ws/tros_ws/install/lib/python3.10/site-packages:${PYTHONPATH} /usr/bin/cmake --install /cc_ws/tros_ws/build/hobot_usb_cam
