/cc_ws/tros_ws/install/lib/python3.10/site-packages/clip_encode_text/__init__.py
/cc_ws/tros_ws/install/lib/python3.10/site-packages/clip_encode_text/clip_encode_text_node.py
/cc_ws/tros_ws/install/lib/python3.10/site-packages/clip_encode_text/clip/simple_tokenizer.py
/cc_ws/tros_ws/install/lib/python3.10/site-packages/clip_encode_text/clip/__init__.py
/cc_ws/tros_ws/install/lib/python3.10/site-packages/clip_encode_text/clip/clip.py
/cc_ws/tros_ws/install/lib/python3.10/site-packages/clip_encode_text/__pycache__/__init__.cpython-310.pyc
/cc_ws/tros_ws/install/lib/python3.10/site-packages/clip_encode_text/__pycache__/clip_encode_text_node.cpython-310.pyc
/cc_ws/tros_ws/install/lib/python3.10/site-packages/clip_encode_text/clip/__pycache__/simple_tokenizer.cpython-310.pyc
/cc_ws/tros_ws/install/lib/python3.10/site-packages/clip_encode_text/clip/__pycache__/__init__.cpython-310.pyc
/cc_ws/tros_ws/install/lib/python3.10/site-packages/clip_encode_text/clip/__pycache__/clip.cpython-310.pyc
/cc_ws/tros_ws/install/share/ament_index/resource_index/packages/clip_encode_text
/cc_ws/tros_ws/install/share/clip_encode_text/package.xml
/cc_ws/tros_ws/install/lib/python3.10/site-packages/clip_encode_text/clip/bpe_simple_vocab_16e6.txt.gz
/cc_ws/tros_ws/install/lib/python3.10/site-packages/clip_encode_text-0.0.0-py3.10.egg-info/SOURCES.txt
/cc_ws/tros_ws/install/lib/python3.10/site-packages/clip_encode_text-0.0.0-py3.10.egg-info/PKG-INFO
/cc_ws/tros_ws/install/lib/python3.10/site-packages/clip_encode_text-0.0.0-py3.10.egg-info/requires.txt
/cc_ws/tros_ws/install/lib/python3.10/site-packages/clip_encode_text-0.0.0-py3.10.egg-info/dependency_links.txt
/cc_ws/tros_ws/install/lib/python3.10/site-packages/clip_encode_text-0.0.0-py3.10.egg-info/top_level.txt
/cc_ws/tros_ws/install/lib/python3.10/site-packages/clip_encode_text-0.0.0-py3.10.egg-info/entry_points.txt
/cc_ws/tros_ws/install/lib/python3.10/site-packages/clip_encode_text-0.0.0-py3.10.egg-info/zip-safe
/cc_ws/tros_ws/install/lib/clip_encode_text/clip_encode_text_node
