[0.060s] Invoking command in '/cc_ws/tros_ws/build/imu_sensor': CMAKE_PREFIX_PATH=/opt/ros/humble /usr/bin/cmake /cc_ws/tros_ws/src/box/hobot_sensor/hobot_imu_sensor -DCMAKE_EXPORT_COMPILE_COMMANDS=ON --no-warn-unused-cli -DCMAKE_TOOLCHAIN_FILE=/cc_ws/tros_ws/robot_dev_config/aarch64_toolchainfile.cmake -DPLATFORM_X5=ON -DTHIRDPARTY=ON -DBUILD_TESTING=OFF -DCMAKE_BUILD_RPATH=/cc_ws/tros_ws/build/poco_vendor/poco_external_project_install/lib/;/cc_ws/tros_ws/build/libyaml_vendor/libyaml_install/lib/ -DCMAKE_INSTALL_PREFIX=/cc_ws/tros_ws/install
[0.524s] Not searching for unused variables given on the command line.
[0.524s] -- Found ament_cmake_auto: 1.3.8 (/opt/ros/humble/share/ament_cmake_auto/cmake)
[0.685s] [33mCMake Warning (dev) at /opt/ros/humble/share/ament_cmake_test/cmake/ament_cmake_test-extras.cmake:19 (option):
[0.685s]   Policy CMP0077 is not set: option() honors normal variables.  Run "cmake
[0.685s]   --help-policy CMP0077" for policy details.  Use the cmake_policy command to
[0.686s]   set the policy and suppress this warning.
[0.773s] 
[0.774s]   For compatibility with older versions of CMake, option is clearing the
[0.774s]   normal variable 'BUILD_TESTING'.
[0.774s] Call Stack (most recent call first):
[0.774s]   /opt/ros/humble/share/ament_cmake_test/cmake/ament_cmake_testConfig.cmake:41 (include)
[0.774s]   /opt/ros/humble/share/ament_cmake/cmake/ament_cmake_export_dependencies-extras.cmake:21 (find_package)
[0.775s]   /opt/ros/humble/share/ament_cmake/cmake/ament_cmakeConfig.cmake:41 (include)
[0.775s]   /opt/ros/humble/share/ament_cmake_auto/cmake/ament_cmake_auto-extras.cmake:17 (find_package)
[0.775s]   /opt/ros/humble/share/ament_cmake_auto/cmake/ament_cmake_autoConfig.cmake:41 (include)
[0.775s]   CMakeLists.txt:28 (find_package)
[0.776s] This warning is for project developers.  Use -Wno-dev to suppress it.
[0.776s] [0m
[1.019s] -- Found rosidl_generator_c: 3.1.5 (/opt/ros/humble/share/rosidl_generator_c/cmake)
[1.038s] -- Found rosidl_adapter: 3.1.5 (/opt/ros/humble/share/rosidl_adapter/cmake)
[1.092s] -- Found rosidl_generator_cpp: 3.1.5 (/opt/ros/humble/share/rosidl_generator_cpp/cmake)
[1.142s] -- Using all available rosidl_typesupport_c: rosidl_typesupport_fastrtps_c;rosidl_typesupport_introspection_c
[1.198s] -- Using all available rosidl_typesupport_cpp: rosidl_typesupport_fastrtps_cpp;rosidl_typesupport_introspection_cpp
[1.396s] -- Found rmw_implementation_cmake: 6.1.1 (/opt/ros/humble/share/rmw_implementation_cmake/cmake)
[1.400s] -- Found rmw_fastrtps_cpp: 6.2.6 (/opt/ros/humble/share/rmw_fastrtps_cpp/cmake)
[1.892s] -- Using RMW implementation 'rmw_fastrtps_cpp' as default
[3.121s] -- Configuring done
[3.185s] -- Generating done
[3.192s] -- Build files have been written to: /cc_ws/tros_ws/build/imu_sensor
[3.241s] Invoked command in '/cc_ws/tros_ws/build/imu_sensor' returned '0': CMAKE_PREFIX_PATH=/opt/ros/humble /usr/bin/cmake /cc_ws/tros_ws/src/box/hobot_sensor/hobot_imu_sensor -DCMAKE_EXPORT_COMPILE_COMMANDS=ON --no-warn-unused-cli -DCMAKE_TOOLCHAIN_FILE=/cc_ws/tros_ws/robot_dev_config/aarch64_toolchainfile.cmake -DPLATFORM_X5=ON -DTHIRDPARTY=ON -DBUILD_TESTING=OFF -DCMAKE_BUILD_RPATH=/cc_ws/tros_ws/build/poco_vendor/poco_external_project_install/lib/;/cc_ws/tros_ws/build/libyaml_vendor/libyaml_install/lib/ -DCMAKE_INSTALL_PREFIX=/cc_ws/tros_ws/install
[3.242s] Invoking command in '/cc_ws/tros_ws/build/imu_sensor': CMAKE_PREFIX_PATH=/opt/ros/humble /usr/bin/cmake --build /cc_ws/tros_ws/build/imu_sensor -- -j12 -l12
[3.380s] [35m[1mConsolidate compiler generated dependencies of target bmi088[0m
[3.436s] [ 40%] Built target bmi088
[3.452s] [35m[1mConsolidate compiler generated dependencies of target imu_sensor[0m
[3.528s] [100%] Built target imu_sensor
[3.576s] Invoked command in '/cc_ws/tros_ws/build/imu_sensor' returned '0': CMAKE_PREFIX_PATH=/opt/ros/humble /usr/bin/cmake --build /cc_ws/tros_ws/build/imu_sensor -- -j12 -l12
[3.706s] Invoking command in '/cc_ws/tros_ws/build/imu_sensor': CMAKE_PREFIX_PATH=/opt/ros/humble /usr/bin/cmake --install /cc_ws/tros_ws/build/imu_sensor
[4.421s] -- Install configuration: ""
[4.421s] -- Up-to-date: /cc_ws/tros_ws/install/lib/imu_sensor/imu_sensor
[4.421s] -- Up-to-date: /cc_ws/tros_ws/install/lib/imu_sensor/libbmi088.so
[4.421s] -- Up-to-date: /cc_ws/tros_ws/install/lib/imu_sensor/config/
[4.421s] -- Up-to-date: /cc_ws/tros_ws/install/lib/imu_sensor/config//bmi088.yaml
[4.422s] -- Up-to-date: /cc_ws/tros_ws/install/share/imu_sensor//launch
[4.422s] -- Up-to-date: /cc_ws/tros_ws/install/share/imu_sensor//launch/imu_sensor.launch.py
[4.423s] -- Up-to-date: /cc_ws/tros_ws/install/share/ament_index/resource_index/package_run_dependencies/imu_sensor
[4.424s] -- Up-to-date: /cc_ws/tros_ws/install/share/ament_index/resource_index/parent_prefix_path/imu_sensor
[4.424s] -- Up-to-date: /cc_ws/tros_ws/install/share/imu_sensor/environment/ament_prefix_path.sh
[4.424s] -- Installing: /cc_ws/tros_ws/install/share/imu_sensor/environment/ament_prefix_path.dsv
[4.435s] -- Up-to-date: /cc_ws/tros_ws/install/share/imu_sensor/environment/path.sh
[4.435s] -- Installing: /cc_ws/tros_ws/install/share/imu_sensor/environment/path.dsv
[4.435s] -- Up-to-date: /cc_ws/tros_ws/install/share/imu_sensor/local_setup.bash
[4.435s] -- Up-to-date: /cc_ws/tros_ws/install/share/imu_sensor/local_setup.sh
[4.436s] -- Up-to-date: /cc_ws/tros_ws/install/share/imu_sensor/local_setup.zsh
[4.436s] -- Installing: /cc_ws/tros_ws/install/share/imu_sensor/local_setup.dsv
[4.436s] -- Installing: /cc_ws/tros_ws/install/share/imu_sensor/package.dsv
[4.436s] -- Up-to-date: /cc_ws/tros_ws/install/share/ament_index/resource_index/packages/imu_sensor
[4.436s] -- Up-to-date: /cc_ws/tros_ws/install/share/imu_sensor/cmake/imu_sensorConfig.cmake
[4.437s] -- Up-to-date: /cc_ws/tros_ws/install/share/imu_sensor/cmake/imu_sensorConfig-version.cmake
[4.437s] -- Up-to-date: /cc_ws/tros_ws/install/share/imu_sensor/package.xml
[4.552s] Invoked command in '/cc_ws/tros_ws/build/imu_sensor' returned '0': CMAKE_PREFIX_PATH=/opt/ros/humble /usr/bin/cmake --install /cc_ws/tros_ws/build/imu_sensor
