[0.042s] Invoking command in '/cc_ws/tros_ws/build/ai_msgs': CMAKE_PREFIX_PATH=/opt/ros/humble /usr/bin/cmake /cc_ws/tros_ws/src/box/hobot_msgs/ai_msgs -DCMAKE_EXPORT_COMPILE_COMMANDS=ON --no-warn-unused-cli -DCMAKE_TOOLCHAIN_FILE=/cc_ws/tros_ws/robot_dev_config/aarch64_toolchainfile.cmake -DPLATFORM_X5=ON -DTHIRDPARTY=ON -DBUILD_TESTING=OFF -DCMAKE_BUILD_RPATH=/cc_ws/tros_ws/build/poco_vendor/poco_external_project_install/lib/;/cc_ws/tros_ws/build/libyaml_vendor/libyaml_install/lib/ -DCMAKE_INSTALL_PREFIX=/cc_ws/tros_ws/install
[0.084s] Not searching for unused variables given on the command line.
[0.101s] -- Found ament_cmake: 1.3.8 (/opt/ros/humble/share/ament_cmake/cmake)
[0.326s] [33mCMake Warning (dev) at /opt/ros/humble/share/ament_cmake_test/cmake/ament_cmake_test-extras.cmake:19 (option):
[0.326s]   Policy CMP0077 is not set: option() honors normal variables.  Run "cmake
[0.327s]   --help-policy CMP0077" for policy details.  Use the cmake_policy command to
[0.327s]   set the policy and suppress this warning.
[0.327s] 
[0.327s]   For compatibility with older versions of CMake, option is clearing the
[0.327s]   normal variable 'BUILD_TESTING'.
[0.327s] Call Stack (most recent call first):
[0.327s]   /opt/ros/humble/share/ament_cmake_test/cmake/ament_cmake_testConfig.cmake:41 (include)
[0.327s]   /opt/ros/humble/share/ament_cmake/cmake/ament_cmake_export_dependencies-extras.cmake:21 (find_package)
[0.327s]   /opt/ros/humble/share/ament_cmake/cmake/ament_cmakeConfig.cmake:41 (include)
[0.328s]   CMakeLists.txt:33 (find_package)
[0.328s] This warning is for project developers.  Use -Wno-dev to suppress it.
[0.328s] [0m
[0.331s] -- Found std_msgs: 4.2.3 (/opt/ros/humble/share/std_msgs/cmake)
[0.373s] -- Found rosidl_generator_c: 3.1.5 (/opt/ros/humble/share/rosidl_generator_c/cmake)
[0.378s] -- Found rosidl_adapter: 3.1.5 (/opt/ros/humble/share/rosidl_adapter/cmake)
[0.391s] -- Found rosidl_generator_cpp: 3.1.5 (/opt/ros/humble/share/rosidl_generator_cpp/cmake)
[0.420s] -- Using all available rosidl_typesupport_c: rosidl_typesupport_fastrtps_c;rosidl_typesupport_introspection_c
[0.450s] -- Using all available rosidl_typesupport_cpp: rosidl_typesupport_fastrtps_cpp;rosidl_typesupport_introspection_cpp
[0.543s] -- Found geometry_msgs: 4.2.3 (/opt/ros/humble/share/geometry_msgs/cmake)
[0.617s] -- Found sensor_msgs: 4.2.3 (/opt/ros/humble/share/sensor_msgs/cmake)
[0.794s] -- Found rosidl_default_generators: 1.2.0 (/opt/ros/humble/share/rosidl_default_generators/cmake)
[1.658s] -- Found ament_cmake_ros: 0.10.0 (/opt/ros/humble/share/ament_cmake_ros/cmake)
[2.792s] -- Using all available rosidl_typesupport_c: rosidl_typesupport_fastrtps_c;rosidl_typesupport_introspection_c
[3.236s] -- Using all available rosidl_typesupport_cpp: rosidl_typesupport_fastrtps_cpp;rosidl_typesupport_introspection_cpp
[3.271s] -- Found python_cmake_module: 0.10.0 (/opt/ros/humble/share/python_cmake_module/cmake)
[3.354s] -- Using PYTHON_EXECUTABLE: /usr/bin/python3
[3.354s] -- Using PYTHON_INCLUDE_DIRS: /cc_ws/tros_ws/robot_dev_config/../../sysroot_docker/usr/include/python3.10
[3.354s] -- Using PYTHON_LIBRARIES: /cc_ws/tros_ws/robot_dev_config/../../sysroot_docker/usr/lib/aarch64-linux-gnu/libpython3.10.so
[3.818s] -- Using numpy include directory: /usr/local/lib/python3.10/dist-packages/numpy/core/include
[3.893s] -- Configuring done
[4.125s] -- Generating done
[4.125s] -- Build files have been written to: /cc_ws/tros_ws/build/ai_msgs
[4.142s] Invoked command in '/cc_ws/tros_ws/build/ai_msgs' returned '0': CMAKE_PREFIX_PATH=/opt/ros/humble /usr/bin/cmake /cc_ws/tros_ws/src/box/hobot_msgs/ai_msgs -DCMAKE_EXPORT_COMPILE_COMMANDS=ON --no-warn-unused-cli -DCMAKE_TOOLCHAIN_FILE=/cc_ws/tros_ws/robot_dev_config/aarch64_toolchainfile.cmake -DPLATFORM_X5=ON -DTHIRDPARTY=ON -DBUILD_TESTING=OFF -DCMAKE_BUILD_RPATH=/cc_ws/tros_ws/build/poco_vendor/poco_external_project_install/lib/;/cc_ws/tros_ws/build/libyaml_vendor/libyaml_install/lib/ -DCMAKE_INSTALL_PREFIX=/cc_ws/tros_ws/install
[4.187s] Invoking command in '/cc_ws/tros_ws/build/ai_msgs': CMAKE_PREFIX_PATH=/opt/ros/humble /usr/bin/cmake --build /cc_ws/tros_ws/build/ai_msgs -- -j12 -l12
[4.254s] [35m[1mConsolidate compiler generated dependencies of target ai_msgs__rosidl_generator_c[0m
[4.257s] [  0%] Built target ai_msgs__cpp
[4.263s] [ 12%] Built target ai_msgs__rosidl_generator_c
[4.291s] [35m[1mConsolidate compiler generated dependencies of target ai_msgs__rosidl_typesupport_fastrtps_cpp[0m
[4.302s] [35m[1mConsolidate compiler generated dependencies of target ai_msgs__rosidl_typesupport_cpp[0m
[4.302s] [ 12%] Built target ament_cmake_python_copy_ai_msgs
[4.305s] [35m[1mConsolidate compiler generated dependencies of target ai_msgs__rosidl_typesupport_c[0m
[4.323s] [ 23%] Built target ai_msgs__rosidl_typesupport_fastrtps_cpp
[4.325s] [ 34%] Built target ai_msgs__rosidl_typesupport_c
[4.333s] [35m[1mConsolidate compiler generated dependencies of target ai_msgs__rosidl_typesupport_introspection_c[0m
[4.335s] [35m[1mConsolidate compiler generated dependencies of target ai_msgs__rosidl_typesupport_fastrtps_c[0m
[4.340s] [35m[1mConsolidate compiler generated dependencies of target ai_msgs__rosidl_typesupport_introspection_cpp[0m
[4.358s] [ 46%] Built target ai_msgs__rosidl_typesupport_cpp
[4.370s] [ 58%] Built target ai_msgs__rosidl_typesupport_fastrtps_c
[4.386s] [ 70%] Built target ai_msgs__rosidl_typesupport_introspection_cpp
[4.393s] [ 82%] Built target ai_msgs__rosidl_typesupport_introspection_c
[4.425s] [ 82%] Built target ai_msgs
[4.462s] [ 83%] Built target ai_msgs__py
[4.488s] [35m[1mConsolidate compiler generated dependencies of target ai_msgs__rosidl_generator_py[0m
[4.519s] [ 94%] Built target ai_msgs__rosidl_generator_py
[4.534s] [35m[1mConsolidate compiler generated dependencies of target ai_msgs__rosidl_typesupport_fastrtps_c__pyext[0m
[4.553s] [35m[1mConsolidate compiler generated dependencies of target ai_msgs__rosidl_typesupport_introspection_c__pyext[0m
[4.566s] [ 96%] Built target ai_msgs__rosidl_typesupport_fastrtps_c__pyext
[4.568s] [35m[1mConsolidate compiler generated dependencies of target ai_msgs__rosidl_typesupport_c__pyext[0m
[4.580s] [ 98%] Built target ai_msgs__rosidl_typesupport_introspection_c__pyext
[4.593s] [100%] Built target ai_msgs__rosidl_typesupport_c__pyext
[4.689s] running egg_info
[4.693s] writing ai_msgs.egg-info/PKG-INFO
[4.693s] writing dependency_links to ai_msgs.egg-info/dependency_links.txt
[4.694s] writing top-level names to ai_msgs.egg-info/top_level.txt
[4.695s] reading manifest file 'ai_msgs.egg-info/SOURCES.txt'
[4.696s] writing manifest file 'ai_msgs.egg-info/SOURCES.txt'
[4.738s] [100%] Built target ament_cmake_python_build_ai_msgs_egg
[5.082s] Invoked command in '/cc_ws/tros_ws/build/ai_msgs' returned '0': CMAKE_PREFIX_PATH=/opt/ros/humble /usr/bin/cmake --build /cc_ws/tros_ws/build/ai_msgs -- -j12 -l12
[5.950s] Invoking command in '/cc_ws/tros_ws/build/ai_msgs': CMAKE_PREFIX_PATH=/opt/ros/humble /usr/bin/cmake --install /cc_ws/tros_ws/build/ai_msgs
[5.979s] -- Install configuration: ""
[5.979s] -- Up-to-date: /cc_ws/tros_ws/install/share/ament_index/resource_index/rosidl_interfaces/ai_msgs
[5.980s] -- Up-to-date: /cc_ws/tros_ws/install/include/ai_msgs/ai_msgs
[5.980s] -- Up-to-date: /cc_ws/tros_ws/install/include/ai_msgs/ai_msgs/msg
[5.980s] -- Up-to-date: /cc_ws/tros_ws/install/include/ai_msgs/ai_msgs/msg/capture.h
[5.980s] -- Up-to-date: /cc_ws/tros_ws/install/include/ai_msgs/ai_msgs/msg/rosidl_generator_c__visibility_control.h
[5.980s] -- Up-to-date: /cc_ws/tros_ws/install/include/ai_msgs/ai_msgs/msg/point.h
[5.980s] -- Up-to-date: /cc_ws/tros_ws/install/include/ai_msgs/ai_msgs/msg/target.h
[5.981s] -- Up-to-date: /cc_ws/tros_ws/install/include/ai_msgs/ai_msgs/msg/db_result.h
[5.981s] -- Up-to-date: /cc_ws/tros_ws/install/include/ai_msgs/ai_msgs/msg/roi.h
[5.981s] -- Up-to-date: /cc_ws/tros_ws/install/include/ai_msgs/ai_msgs/msg/perception_targets.h
[5.981s] -- Up-to-date: /cc_ws/tros_ws/install/include/ai_msgs/ai_msgs/msg/attribute.h
[5.981s] -- Up-to-date: /cc_ws/tros_ws/install/include/ai_msgs/ai_msgs/msg/perf.h
[5.981s] -- Up-to-date: /cc_ws/tros_ws/install/include/ai_msgs/ai_msgs/msg/detail
[5.981s] -- Up-to-date: /cc_ws/tros_ws/install/include/ai_msgs/ai_msgs/msg/detail/attribute__type_support.h
[5.981s] -- Up-to-date: /cc_ws/tros_ws/install/include/ai_msgs/ai_msgs/msg/detail/perception_info__type_support.h
[5.982s] -- Up-to-date: /cc_ws/tros_ws/install/include/ai_msgs/ai_msgs/msg/detail/target__functions.h
[5.982s] -- Up-to-date: /cc_ws/tros_ws/install/include/ai_msgs/ai_msgs/msg/detail/target__functions.c
[5.982s] -- Up-to-date: /cc_ws/tros_ws/install/include/ai_msgs/ai_msgs/msg/detail/capture_targets__functions.c
[5.982s] -- Up-to-date: /cc_ws/tros_ws/install/include/ai_msgs/ai_msgs/msg/detail/perception_targets__functions.c
[5.982s] -- Up-to-date: /cc_ws/tros_ws/install/include/ai_msgs/ai_msgs/msg/detail/capture__type_support.h
[5.982s] -- Up-to-date: /cc_ws/tros_ws/install/include/ai_msgs/ai_msgs/msg/detail/db_result__functions.h
[5.982s] -- Up-to-date: /cc_ws/tros_ws/install/include/ai_msgs/ai_msgs/msg/detail/roi__functions.h
[5.982s] -- Up-to-date: /cc_ws/tros_ws/install/include/ai_msgs/ai_msgs/msg/detail/db_result__struct.h
[5.983s] -- Up-to-date: /cc_ws/tros_ws/install/include/ai_msgs/ai_msgs/msg/detail/capture_targets__functions.h
[5.983s] -- Up-to-date: /cc_ws/tros_ws/install/include/ai_msgs/ai_msgs/msg/detail/db_result__type_support.h
[5.983s] -- Up-to-date: /cc_ws/tros_ws/install/include/ai_msgs/ai_msgs/msg/detail/point__functions.c
[5.983s] -- Up-to-date: /cc_ws/tros_ws/install/include/ai_msgs/ai_msgs/msg/detail/capture_targets__type_support.h
[5.983s] -- Up-to-date: /cc_ws/tros_ws/install/include/ai_msgs/ai_msgs/msg/detail/attribute__functions.c
[5.983s] -- Up-to-date: /cc_ws/tros_ws/install/include/ai_msgs/ai_msgs/msg/detail/perf__functions.h
[5.983s] -- Up-to-date: /cc_ws/tros_ws/install/include/ai_msgs/ai_msgs/msg/detail/roi__functions.c
[5.983s] -- Up-to-date: /cc_ws/tros_ws/install/include/ai_msgs/ai_msgs/msg/detail/perf__type_support.h
[5.983s] -- Up-to-date: /cc_ws/tros_ws/install/include/ai_msgs/ai_msgs/msg/detail/db_result__functions.c
[5.984s] -- Up-to-date: /cc_ws/tros_ws/install/include/ai_msgs/ai_msgs/msg/detail/perception_targets__functions.h
[5.984s] -- Up-to-date: /cc_ws/tros_ws/install/include/ai_msgs/ai_msgs/msg/detail/perception_info__functions.h
[5.984s] -- Up-to-date: /cc_ws/tros_ws/install/include/ai_msgs/ai_msgs/msg/detail/point__functions.h
[5.984s] -- Up-to-date: /cc_ws/tros_ws/install/include/ai_msgs/ai_msgs/msg/detail/capture__functions.h
[5.984s] -- Up-to-date: /cc_ws/tros_ws/install/include/ai_msgs/ai_msgs/msg/detail/capture_targets__struct.h
[5.984s] -- Up-to-date: /cc_ws/tros_ws/install/include/ai_msgs/ai_msgs/msg/detail/capture__struct.h
[5.984s] -- Up-to-date: /cc_ws/tros_ws/install/include/ai_msgs/ai_msgs/msg/detail/perception_targets__struct.h
[5.984s] -- Up-to-date: /cc_ws/tros_ws/install/include/ai_msgs/ai_msgs/msg/detail/perf__struct.h
[5.985s] -- Up-to-date: /cc_ws/tros_ws/install/include/ai_msgs/ai_msgs/msg/detail/roi__struct.h
[5.985s] -- Up-to-date: /cc_ws/tros_ws/install/include/ai_msgs/ai_msgs/msg/detail/attribute__struct.h
[5.985s] -- Up-to-date: /cc_ws/tros_ws/install/include/ai_msgs/ai_msgs/msg/detail/target__type_support.h
[5.985s] -- Up-to-date: /cc_ws/tros_ws/install/include/ai_msgs/ai_msgs/msg/detail/capture__functions.c
[5.985s] -- Up-to-date: /cc_ws/tros_ws/install/include/ai_msgs/ai_msgs/msg/detail/perception_info__functions.c
[5.985s] -- Up-to-date: /cc_ws/tros_ws/install/include/ai_msgs/ai_msgs/msg/detail/target__struct.h
[5.985s] -- Up-to-date: /cc_ws/tros_ws/install/include/ai_msgs/ai_msgs/msg/detail/perception_targets__type_support.h
[5.985s] -- Up-to-date: /cc_ws/tros_ws/install/include/ai_msgs/ai_msgs/msg/detail/attribute__functions.h
[5.985s] -- Up-to-date: /cc_ws/tros_ws/install/include/ai_msgs/ai_msgs/msg/detail/perception_info__struct.h
[5.986s] -- Up-to-date: /cc_ws/tros_ws/install/include/ai_msgs/ai_msgs/msg/detail/roi__type_support.h
[5.986s] -- Up-to-date: /cc_ws/tros_ws/install/include/ai_msgs/ai_msgs/msg/detail/perf__functions.c
[5.986s] -- Up-to-date: /cc_ws/tros_ws/install/include/ai_msgs/ai_msgs/msg/detail/point__type_support.h
[5.986s] -- Up-to-date: /cc_ws/tros_ws/install/include/ai_msgs/ai_msgs/msg/detail/point__struct.h
[5.986s] -- Up-to-date: /cc_ws/tros_ws/install/include/ai_msgs/ai_msgs/msg/capture_targets.h
[5.986s] -- Up-to-date: /cc_ws/tros_ws/install/include/ai_msgs/ai_msgs/msg/perception_info.h
[5.986s] -- Up-to-date: /cc_ws/tros_ws/install/share/ai_msgs/environment/library_path.sh
[5.986s] -- Installing: /cc_ws/tros_ws/install/share/ai_msgs/environment/library_path.dsv
[5.986s] -- Up-to-date: /cc_ws/tros_ws/install/lib/libai_msgs__rosidl_generator_c.so
[5.986s] -- Up-to-date: /cc_ws/tros_ws/install/include/ai_msgs/ai_msgs
[5.987s] -- Up-to-date: /cc_ws/tros_ws/install/include/ai_msgs/ai_msgs/msg
[5.987s] -- Up-to-date: /cc_ws/tros_ws/install/include/ai_msgs/ai_msgs/msg/rosidl_typesupport_fastrtps_c__visibility_control.h
[5.987s] -- Up-to-date: /cc_ws/tros_ws/install/include/ai_msgs/ai_msgs/msg/detail
[5.987s] -- Up-to-date: /cc_ws/tros_ws/install/include/ai_msgs/ai_msgs/msg/detail/perception_targets__rosidl_typesupport_fastrtps_c.h
[5.987s] -- Up-to-date: /cc_ws/tros_ws/install/include/ai_msgs/ai_msgs/msg/detail/capture_targets__rosidl_typesupport_fastrtps_c.h
[5.987s] -- Up-to-date: /cc_ws/tros_ws/install/include/ai_msgs/ai_msgs/msg/detail/perception_info__rosidl_typesupport_fastrtps_c.h
[5.987s] -- Up-to-date: /cc_ws/tros_ws/install/include/ai_msgs/ai_msgs/msg/detail/target__rosidl_typesupport_fastrtps_c.h
[5.987s] -- Up-to-date: /cc_ws/tros_ws/install/include/ai_msgs/ai_msgs/msg/detail/roi__rosidl_typesupport_fastrtps_c.h
[5.987s] -- Up-to-date: /cc_ws/tros_ws/install/include/ai_msgs/ai_msgs/msg/detail/perf__rosidl_typesupport_fastrtps_c.h
[5.988s] -- Up-to-date: /cc_ws/tros_ws/install/include/ai_msgs/ai_msgs/msg/detail/point__rosidl_typesupport_fastrtps_c.h
[5.988s] -- Up-to-date: /cc_ws/tros_ws/install/include/ai_msgs/ai_msgs/msg/detail/attribute__rosidl_typesupport_fastrtps_c.h
[5.988s] -- Up-to-date: /cc_ws/tros_ws/install/include/ai_msgs/ai_msgs/msg/detail/db_result__rosidl_typesupport_fastrtps_c.h
[5.988s] -- Up-to-date: /cc_ws/tros_ws/install/include/ai_msgs/ai_msgs/msg/detail/capture__rosidl_typesupport_fastrtps_c.h
[5.998s] -- Up-to-date: /cc_ws/tros_ws/install/lib/libai_msgs__rosidl_typesupport_fastrtps_c.so
[5.998s] -- Up-to-date: /cc_ws/tros_ws/install/include/ai_msgs/ai_msgs
[5.998s] -- Up-to-date: /cc_ws/tros_ws/install/include/ai_msgs/ai_msgs/msg
[5.998s] -- Up-to-date: /cc_ws/tros_ws/install/include/ai_msgs/ai_msgs/msg/attribute.hpp
[5.998s] -- Up-to-date: /cc_ws/tros_ws/install/include/ai_msgs/ai_msgs/msg/point.hpp
[5.999s] -- Up-to-date: /cc_ws/tros_ws/install/include/ai_msgs/ai_msgs/msg/perf.hpp
[6.000s] -- Up-to-date: /cc_ws/tros_ws/install/include/ai_msgs/ai_msgs/msg/perception_targets.hpp
[6.000s] -- Up-to-date: /cc_ws/tros_ws/install/include/ai_msgs/ai_msgs/msg/db_result.hpp
[6.000s] -- Up-to-date: /cc_ws/tros_ws/install/include/ai_msgs/ai_msgs/msg/capture.hpp
[6.000s] -- Up-to-date: /cc_ws/tros_ws/install/include/ai_msgs/ai_msgs/msg/detail
[6.001s] -- Up-to-date: /cc_ws/tros_ws/install/include/ai_msgs/ai_msgs/msg/detail/roi__builder.hpp
[6.001s] -- Up-to-date: /cc_ws/tros_ws/install/include/ai_msgs/ai_msgs/msg/detail/roi__traits.hpp
[6.001s] -- Up-to-date: /cc_ws/tros_ws/install/include/ai_msgs/ai_msgs/msg/detail/db_result__struct.hpp
[6.002s] -- Up-to-date: /cc_ws/tros_ws/install/include/ai_msgs/ai_msgs/msg/detail/capture__traits.hpp
[6.003s] -- Up-to-date: /cc_ws/tros_ws/install/include/ai_msgs/ai_msgs/msg/detail/capture_targets__traits.hpp
[6.003s] -- Up-to-date: /cc_ws/tros_ws/install/include/ai_msgs/ai_msgs/msg/detail/perception_info__builder.hpp
[6.003s] -- Up-to-date: /cc_ws/tros_ws/install/include/ai_msgs/ai_msgs/msg/detail/point__traits.hpp
[6.003s] -- Up-to-date: /cc_ws/tros_ws/install/include/ai_msgs/ai_msgs/msg/detail/attribute__builder.hpp
[6.004s] -- Up-to-date: /cc_ws/tros_ws/install/include/ai_msgs/ai_msgs/msg/detail/db_result__builder.hpp
[6.009s] -- Up-to-date: /cc_ws/tros_ws/install/include/ai_msgs/ai_msgs/msg/detail/point__struct.hpp
[6.009s] -- Up-to-date: /cc_ws/tros_ws/install/include/ai_msgs/ai_msgs/msg/detail/target__traits.hpp
[6.010s] -- Up-to-date: /cc_ws/tros_ws/install/include/ai_msgs/ai_msgs/msg/detail/perception_info__struct.hpp
[6.010s] -- Up-to-date: /cc_ws/tros_ws/install/include/ai_msgs/ai_msgs/msg/detail/roi__struct.hpp
[6.010s] -- Up-to-date: /cc_ws/tros_ws/install/include/ai_msgs/ai_msgs/msg/detail/capture__builder.hpp
[6.010s] -- Up-to-date: /cc_ws/tros_ws/install/include/ai_msgs/ai_msgs/msg/detail/point__builder.hpp
[6.010s] -- Up-to-date: /cc_ws/tros_ws/install/include/ai_msgs/ai_msgs/msg/detail/target__builder.hpp
[6.010s] -- Up-to-date: /cc_ws/tros_ws/install/include/ai_msgs/ai_msgs/msg/detail/capture_targets__struct.hpp
[6.010s] -- Up-to-date: /cc_ws/tros_ws/install/include/ai_msgs/ai_msgs/msg/detail/db_result__traits.hpp
[6.010s] -- Up-to-date: /cc_ws/tros_ws/install/include/ai_msgs/ai_msgs/msg/detail/perception_targets__traits.hpp
[6.010s] -- Up-to-date: /cc_ws/tros_ws/install/include/ai_msgs/ai_msgs/msg/detail/attribute__traits.hpp
[6.011s] -- Up-to-date: /cc_ws/tros_ws/install/include/ai_msgs/ai_msgs/msg/detail/perf__struct.hpp
[6.011s] -- Up-to-date: /cc_ws/tros_ws/install/include/ai_msgs/ai_msgs/msg/detail/target__struct.hpp
[6.011s] -- Up-to-date: /cc_ws/tros_ws/install/include/ai_msgs/ai_msgs/msg/detail/attribute__struct.hpp
[6.011s] -- Up-to-date: /cc_ws/tros_ws/install/include/ai_msgs/ai_msgs/msg/detail/perf__traits.hpp
[6.011s] -- Up-to-date: /cc_ws/tros_ws/install/include/ai_msgs/ai_msgs/msg/detail/perf__builder.hpp
[6.011s] -- Up-to-date: /cc_ws/tros_ws/install/include/ai_msgs/ai_msgs/msg/detail/capture_targets__builder.hpp
[6.011s] -- Up-to-date: /cc_ws/tros_ws/install/include/ai_msgs/ai_msgs/msg/detail/perception_targets__builder.hpp
[6.011s] -- Up-to-date: /cc_ws/tros_ws/install/include/ai_msgs/ai_msgs/msg/detail/capture__struct.hpp
[6.011s] -- Up-to-date: /cc_ws/tros_ws/install/include/ai_msgs/ai_msgs/msg/detail/perception_targets__struct.hpp
[6.012s] -- Up-to-date: /cc_ws/tros_ws/install/include/ai_msgs/ai_msgs/msg/detail/perception_info__traits.hpp
[6.012s] -- Up-to-date: /cc_ws/tros_ws/install/include/ai_msgs/ai_msgs/msg/target.hpp
[6.012s] -- Up-to-date: /cc_ws/tros_ws/install/include/ai_msgs/ai_msgs/msg/perception_info.hpp
[6.012s] -- Up-to-date: /cc_ws/tros_ws/install/include/ai_msgs/ai_msgs/msg/capture_targets.hpp
[6.012s] -- Up-to-date: /cc_ws/tros_ws/install/include/ai_msgs/ai_msgs/msg/roi.hpp
[6.012s] -- Up-to-date: /cc_ws/tros_ws/install/include/ai_msgs/ai_msgs
[6.012s] -- Up-to-date: /cc_ws/tros_ws/install/include/ai_msgs/ai_msgs/msg
[6.012s] -- Up-to-date: /cc_ws/tros_ws/install/include/ai_msgs/ai_msgs/msg/detail
[6.012s] -- Up-to-date: /cc_ws/tros_ws/install/include/ai_msgs/ai_msgs/msg/detail/attribute__rosidl_typesupport_fastrtps_cpp.hpp
[6.013s] -- Up-to-date: /cc_ws/tros_ws/install/include/ai_msgs/ai_msgs/msg/detail/point__rosidl_typesupport_fastrtps_cpp.hpp
[6.013s] -- Up-to-date: /cc_ws/tros_ws/install/include/ai_msgs/ai_msgs/msg/detail/capture__rosidl_typesupport_fastrtps_cpp.hpp
[6.013s] -- Up-to-date: /cc_ws/tros_ws/install/include/ai_msgs/ai_msgs/msg/detail/roi__rosidl_typesupport_fastrtps_cpp.hpp
[6.013s] -- Up-to-date: /cc_ws/tros_ws/install/include/ai_msgs/ai_msgs/msg/detail/perception_info__rosidl_typesupport_fastrtps_cpp.hpp
[6.013s] -- Up-to-date: /cc_ws/tros_ws/install/include/ai_msgs/ai_msgs/msg/detail/db_result__rosidl_typesupport_fastrtps_cpp.hpp
[6.013s] -- Up-to-date: /cc_ws/tros_ws/install/include/ai_msgs/ai_msgs/msg/detail/perf__rosidl_typesupport_fastrtps_cpp.hpp
[6.013s] -- Up-to-date: /cc_ws/tros_ws/install/include/ai_msgs/ai_msgs/msg/detail/capture_targets__rosidl_typesupport_fastrtps_cpp.hpp
[6.013s] -- Up-to-date: /cc_ws/tros_ws/install/include/ai_msgs/ai_msgs/msg/detail/target__rosidl_typesupport_fastrtps_cpp.hpp
[6.014s] -- Up-to-date: /cc_ws/tros_ws/install/include/ai_msgs/ai_msgs/msg/detail/perception_targets__rosidl_typesupport_fastrtps_cpp.hpp
[6.014s] -- Up-to-date: /cc_ws/tros_ws/install/include/ai_msgs/ai_msgs/msg/detail/dds_fastrtps
[6.014s] -- Up-to-date: /cc_ws/tros_ws/install/include/ai_msgs/ai_msgs/msg/rosidl_typesupport_fastrtps_cpp__visibility_control.h
[6.014s] -- Up-to-date: /cc_ws/tros_ws/install/lib/libai_msgs__rosidl_typesupport_fastrtps_cpp.so
[6.014s] -- Up-to-date: /cc_ws/tros_ws/install/include/ai_msgs/ai_msgs
[6.014s] -- Up-to-date: /cc_ws/tros_ws/install/include/ai_msgs/ai_msgs/msg
[6.014s] -- Up-to-date: /cc_ws/tros_ws/install/include/ai_msgs/ai_msgs/msg/rosidl_typesupport_introspection_c__visibility_control.h
[6.014s] -- Up-to-date: /cc_ws/tros_ws/install/include/ai_msgs/ai_msgs/msg/detail
[6.014s] -- Up-to-date: /cc_ws/tros_ws/install/include/ai_msgs/ai_msgs/msg/detail/capture__type_support.c
[6.015s] -- Up-to-date: /cc_ws/tros_ws/install/include/ai_msgs/ai_msgs/msg/detail/perf__rosidl_typesupport_introspection_c.h
[6.015s] -- Up-to-date: /cc_ws/tros_ws/install/include/ai_msgs/ai_msgs/msg/detail/capture__rosidl_typesupport_introspection_c.h
[6.015s] -- Up-to-date: /cc_ws/tros_ws/install/include/ai_msgs/ai_msgs/msg/detail/capture_targets__rosidl_typesupport_introspection_c.h
[6.015s] -- Up-to-date: /cc_ws/tros_ws/install/include/ai_msgs/ai_msgs/msg/detail/perf__type_support.c
[6.015s] -- Up-to-date: /cc_ws/tros_ws/install/include/ai_msgs/ai_msgs/msg/detail/target__rosidl_typesupport_introspection_c.h
[6.015s] -- Up-to-date: /cc_ws/tros_ws/install/include/ai_msgs/ai_msgs/msg/detail/point__rosidl_typesupport_introspection_c.h
[6.015s] -- Up-to-date: /cc_ws/tros_ws/install/include/ai_msgs/ai_msgs/msg/detail/db_result__type_support.c
[6.015s] -- Up-to-date: /cc_ws/tros_ws/install/include/ai_msgs/ai_msgs/msg/detail/perception_targets__type_support.c
[6.015s] -- Up-to-date: /cc_ws/tros_ws/install/include/ai_msgs/ai_msgs/msg/detail/target__type_support.c
[6.016s] -- Up-to-date: /cc_ws/tros_ws/install/include/ai_msgs/ai_msgs/msg/detail/perception_info__rosidl_typesupport_introspection_c.h
[6.016s] -- Up-to-date: /cc_ws/tros_ws/install/include/ai_msgs/ai_msgs/msg/detail/roi__rosidl_typesupport_introspection_c.h
[6.016s] -- Up-to-date: /cc_ws/tros_ws/install/include/ai_msgs/ai_msgs/msg/detail/perception_targets__rosidl_typesupport_introspection_c.h
[6.016s] -- Up-to-date: /cc_ws/tros_ws/install/include/ai_msgs/ai_msgs/msg/detail/point__type_support.c
[6.016s] -- Up-to-date: /cc_ws/tros_ws/install/include/ai_msgs/ai_msgs/msg/detail/perception_info__type_support.c
[6.016s] -- Up-to-date: /cc_ws/tros_ws/install/include/ai_msgs/ai_msgs/msg/detail/attribute__type_support.c
[6.016s] -- Up-to-date: /cc_ws/tros_ws/install/include/ai_msgs/ai_msgs/msg/detail/roi__type_support.c
[6.016s] -- Up-to-date: /cc_ws/tros_ws/install/include/ai_msgs/ai_msgs/msg/detail/db_result__rosidl_typesupport_introspection_c.h
[6.016s] -- Up-to-date: /cc_ws/tros_ws/install/include/ai_msgs/ai_msgs/msg/detail/capture_targets__type_support.c
[6.017s] -- Up-to-date: /cc_ws/tros_ws/install/include/ai_msgs/ai_msgs/msg/detail/attribute__rosidl_typesupport_introspection_c.h
[6.017s] -- Up-to-date: /cc_ws/tros_ws/install/lib/libai_msgs__rosidl_typesupport_introspection_c.so
[6.017s] -- Up-to-date: /cc_ws/tros_ws/install/lib/libai_msgs__rosidl_typesupport_c.so
[6.017s] -- Up-to-date: /cc_ws/tros_ws/install/include/ai_msgs/ai_msgs
[6.017s] -- Up-to-date: /cc_ws/tros_ws/install/include/ai_msgs/ai_msgs/msg
[6.017s] -- Up-to-date: /cc_ws/tros_ws/install/include/ai_msgs/ai_msgs/msg/detail
[6.017s] -- Up-to-date: /cc_ws/tros_ws/install/include/ai_msgs/ai_msgs/msg/detail/db_result__rosidl_typesupport_introspection_cpp.hpp
[6.017s] -- Up-to-date: /cc_ws/tros_ws/install/include/ai_msgs/ai_msgs/msg/detail/roi__type_support.cpp
[6.017s] -- Up-to-date: /cc_ws/tros_ws/install/include/ai_msgs/ai_msgs/msg/detail/perception_targets__type_support.cpp
[6.018s] -- Up-to-date: /cc_ws/tros_ws/install/include/ai_msgs/ai_msgs/msg/detail/db_result__type_support.cpp
[6.018s] -- Up-to-date: /cc_ws/tros_ws/install/include/ai_msgs/ai_msgs/msg/detail/attribute__type_support.cpp
[6.018s] -- Up-to-date: /cc_ws/tros_ws/install/include/ai_msgs/ai_msgs/msg/detail/capture_targets__type_support.cpp
[6.018s] -- Up-to-date: /cc_ws/tros_ws/install/include/ai_msgs/ai_msgs/msg/detail/capture__type_support.cpp
[6.018s] -- Up-to-date: /cc_ws/tros_ws/install/include/ai_msgs/ai_msgs/msg/detail/point__rosidl_typesupport_introspection_cpp.hpp
[6.018s] -- Up-to-date: /cc_ws/tros_ws/install/include/ai_msgs/ai_msgs/msg/detail/point__type_support.cpp
[6.018s] -- Up-to-date: /cc_ws/tros_ws/install/include/ai_msgs/ai_msgs/msg/detail/perception_info__type_support.cpp
[6.018s] -- Up-to-date: /cc_ws/tros_ws/install/include/ai_msgs/ai_msgs/msg/detail/target__rosidl_typesupport_introspection_cpp.hpp
[6.018s] -- Up-to-date: /cc_ws/tros_ws/install/include/ai_msgs/ai_msgs/msg/detail/roi__rosidl_typesupport_introspection_cpp.hpp
[6.019s] -- Up-to-date: /cc_ws/tros_ws/install/include/ai_msgs/ai_msgs/msg/detail/perception_info__rosidl_typesupport_introspection_cpp.hpp
[6.019s] -- Up-to-date: /cc_ws/tros_ws/install/include/ai_msgs/ai_msgs/msg/detail/perf__type_support.cpp
[6.019s] -- Up-to-date: /cc_ws/tros_ws/install/include/ai_msgs/ai_msgs/msg/detail/capture_targets__rosidl_typesupport_introspection_cpp.hpp
[6.019s] -- Up-to-date: /cc_ws/tros_ws/install/include/ai_msgs/ai_msgs/msg/detail/perception_targets__rosidl_typesupport_introspection_cpp.hpp
[6.019s] -- Up-to-date: /cc_ws/tros_ws/install/include/ai_msgs/ai_msgs/msg/detail/capture__rosidl_typesupport_introspection_cpp.hpp
[6.019s] -- Up-to-date: /cc_ws/tros_ws/install/include/ai_msgs/ai_msgs/msg/detail/attribute__rosidl_typesupport_introspection_cpp.hpp
[6.019s] -- Up-to-date: /cc_ws/tros_ws/install/include/ai_msgs/ai_msgs/msg/detail/perf__rosidl_typesupport_introspection_cpp.hpp
[6.033s] -- Up-to-date: /cc_ws/tros_ws/install/include/ai_msgs/ai_msgs/msg/detail/target__type_support.cpp
[6.035s] -- Up-to-date: /cc_ws/tros_ws/install/lib/libai_msgs__rosidl_typesupport_introspection_cpp.so
[6.036s] -- Up-to-date: /cc_ws/tros_ws/install/lib/libai_msgs__rosidl_typesupport_cpp.so
[6.037s] -- Up-to-date: /cc_ws/tros_ws/install/share/ai_msgs/environment/pythonpath.sh
[6.038s] -- Installing: /cc_ws/tros_ws/install/share/ai_msgs/environment/pythonpath.dsv
[6.038s] -- Up-to-date: /cc_ws/tros_ws/install/local/lib/python3.10/dist-packages/ai_msgs-2.0.1-py3.10.egg-info
[6.039s] -- Installing: /cc_ws/tros_ws/install/local/lib/python3.10/dist-packages/ai_msgs-2.0.1-py3.10.egg-info/SOURCES.txt
[6.039s] -- Installing: /cc_ws/tros_ws/install/local/lib/python3.10/dist-packages/ai_msgs-2.0.1-py3.10.egg-info/PKG-INFO
[6.039s] -- Installing: /cc_ws/tros_ws/install/local/lib/python3.10/dist-packages/ai_msgs-2.0.1-py3.10.egg-info/dependency_links.txt
[6.039s] -- Installing: /cc_ws/tros_ws/install/local/lib/python3.10/dist-packages/ai_msgs-2.0.1-py3.10.egg-info/top_level.txt
[6.040s] -- Up-to-date: /cc_ws/tros_ws/install/local/lib/python3.10/dist-packages/ai_msgs
[6.040s] -- Up-to-date: /cc_ws/tros_ws/install/local/lib/python3.10/dist-packages/ai_msgs/_ai_msgs_s.ep.rosidl_typesupport_fastrtps_c.c
[6.041s] -- Up-to-date: /cc_ws/tros_ws/install/local/lib/python3.10/dist-packages/ai_msgs/_ai_msgs_s.ep.rosidl_typesupport_c.c
[6.041s] -- Up-to-date: /cc_ws/tros_ws/install/local/lib/python3.10/dist-packages/ai_msgs/msg
[6.041s] -- Up-to-date: /cc_ws/tros_ws/install/local/lib/python3.10/dist-packages/ai_msgs/msg/_perception_info.py
[6.042s] -- Up-to-date: /cc_ws/tros_ws/install/local/lib/python3.10/dist-packages/ai_msgs/msg/_perception_targets_s.c
[6.042s] -- Up-to-date: /cc_ws/tros_ws/install/local/lib/python3.10/dist-packages/ai_msgs/msg/_target.py
[6.042s] -- Up-to-date: /cc_ws/tros_ws/install/local/lib/python3.10/dist-packages/ai_msgs/msg/_perf.py
[6.042s] -- Up-to-date: /cc_ws/tros_ws/install/local/lib/python3.10/dist-packages/ai_msgs/msg/_db_result_s.c
[6.043s] -- Up-to-date: /cc_ws/tros_ws/install/local/lib/python3.10/dist-packages/ai_msgs/msg/_capture_s.c
[6.043s] -- Up-to-date: /cc_ws/tros_ws/install/local/lib/python3.10/dist-packages/ai_msgs/msg/_capture_targets.py
[6.043s] -- Up-to-date: /cc_ws/tros_ws/install/local/lib/python3.10/dist-packages/ai_msgs/msg/_perception_info_s.c
[6.044s] -- Up-to-date: /cc_ws/tros_ws/install/local/lib/python3.10/dist-packages/ai_msgs/msg/_point.py
[6.044s] -- Up-to-date: /cc_ws/tros_ws/install/local/lib/python3.10/dist-packages/ai_msgs/msg/_attribute_s.c
[6.044s] -- Up-to-date: /cc_ws/tros_ws/install/local/lib/python3.10/dist-packages/ai_msgs/msg/_db_result.py
[6.044s] -- Up-to-date: /cc_ws/tros_ws/install/local/lib/python3.10/dist-packages/ai_msgs/msg/__init__.py
[6.044s] -- Up-to-date: /cc_ws/tros_ws/install/local/lib/python3.10/dist-packages/ai_msgs/msg/_point_s.c
[6.045s] -- Up-to-date: /cc_ws/tros_ws/install/local/lib/python3.10/dist-packages/ai_msgs/msg/_perception_targets.py
[6.045s] -- Up-to-date: /cc_ws/tros_ws/install/local/lib/python3.10/dist-packages/ai_msgs/msg/_roi_s.c
[6.045s] -- Up-to-date: /cc_ws/tros_ws/install/local/lib/python3.10/dist-packages/ai_msgs/msg/_capture_targets_s.c
[6.045s] -- Up-to-date: /cc_ws/tros_ws/install/local/lib/python3.10/dist-packages/ai_msgs/msg/_capture.py
[6.045s] -- Up-to-date: /cc_ws/tros_ws/install/local/lib/python3.10/dist-packages/ai_msgs/msg/_attribute.py
[6.046s] -- Up-to-date: /cc_ws/tros_ws/install/local/lib/python3.10/dist-packages/ai_msgs/msg/_target_s.c
[6.046s] -- Up-to-date: /cc_ws/tros_ws/install/local/lib/python3.10/dist-packages/ai_msgs/msg/_roi.py
[6.046s] -- Up-to-date: /cc_ws/tros_ws/install/local/lib/python3.10/dist-packages/ai_msgs/msg/_perf_s.c
[6.046s] -- Up-to-date: /cc_ws/tros_ws/install/local/lib/python3.10/dist-packages/ai_msgs/_ai_msgs_s.ep.rosidl_typesupport_introspection_c.c
[6.046s] -- Up-to-date: /cc_ws/tros_ws/install/local/lib/python3.10/dist-packages/ai_msgs/ai_msgs_s__rosidl_typesupport_c.cpython-310-aarch64-linux-gnu.so
[6.047s] -- Installing: /cc_ws/tros_ws/install/local/lib/python3.10/dist-packages/ai_msgs/__init__.py
[6.047s] -- Up-to-date: /cc_ws/tros_ws/install/local/lib/python3.10/dist-packages/ai_msgs/ai_msgs_s__rosidl_typesupport_fastrtps_c.cpython-310-aarch64-linux-gnu.so
[6.047s] -- Up-to-date: /cc_ws/tros_ws/install/local/lib/python3.10/dist-packages/ai_msgs/libai_msgs__rosidl_generator_py.so
[6.047s] -- Up-to-date: /cc_ws/tros_ws/install/local/lib/python3.10/dist-packages/ai_msgs/ai_msgs_s__rosidl_typesupport_introspection_c.cpython-310-aarch64-linux-gnu.so
[6.107s] Listing '/cc_ws/tros_ws/install/local/lib/python3.10/dist-packages/ai_msgs'...
[6.107s] Compiling '/cc_ws/tros_ws/install/local/lib/python3.10/dist-packages/ai_msgs/__init__.py'...
[6.107s] Listing '/cc_ws/tros_ws/install/local/lib/python3.10/dist-packages/ai_msgs/msg'...
[6.108s] -- Up-to-date: /cc_ws/tros_ws/install/local/lib/python3.10/dist-packages/ai_msgs/ai_msgs_s__rosidl_typesupport_fastrtps_c.cpython-310-aarch64-linux-gnu.so
[6.109s] -- Up-to-date: /cc_ws/tros_ws/install/local/lib/python3.10/dist-packages/ai_msgs/ai_msgs_s__rosidl_typesupport_introspection_c.cpython-310-aarch64-linux-gnu.so
[6.110s] -- Up-to-date: /cc_ws/tros_ws/install/local/lib/python3.10/dist-packages/ai_msgs/ai_msgs_s__rosidl_typesupport_c.cpython-310-aarch64-linux-gnu.so
[6.111s] -- Up-to-date: /cc_ws/tros_ws/install/lib/libai_msgs__rosidl_generator_py.so
[6.111s] -- Up-to-date: /cc_ws/tros_ws/install/share/ai_msgs/msg/Attribute.idl
[6.112s] -- Up-to-date: /cc_ws/tros_ws/install/share/ai_msgs/msg/DBResult.idl
[6.112s] -- Up-to-date: /cc_ws/tros_ws/install/share/ai_msgs/msg/Capture.idl
[6.113s] -- Up-to-date: /cc_ws/tros_ws/install/share/ai_msgs/msg/Point.idl
[6.113s] -- Up-to-date: /cc_ws/tros_ws/install/share/ai_msgs/msg/Roi.idl
[6.113s] -- Up-to-date: /cc_ws/tros_ws/install/share/ai_msgs/msg/Target.idl
[6.114s] -- Up-to-date: /cc_ws/tros_ws/install/share/ai_msgs/msg/Perf.idl
[6.114s] -- Up-to-date: /cc_ws/tros_ws/install/share/ai_msgs/msg/CaptureTargets.idl
[6.114s] -- Up-to-date: /cc_ws/tros_ws/install/share/ai_msgs/msg/PerceptionTargets.idl
[6.114s] -- Up-to-date: /cc_ws/tros_ws/install/share/ai_msgs/msg/PerceptionInfo.idl
[6.115s] -- Up-to-date: /cc_ws/tros_ws/install/share/ai_msgs/msg/Attribute.msg
[6.115s] -- Up-to-date: /cc_ws/tros_ws/install/share/ai_msgs/msg/DBResult.msg
[6.115s] -- Up-to-date: /cc_ws/tros_ws/install/share/ai_msgs/msg/Capture.msg
[6.116s] -- Up-to-date: /cc_ws/tros_ws/install/share/ai_msgs/msg/Point.msg
[6.116s] -- Up-to-date: /cc_ws/tros_ws/install/share/ai_msgs/msg/Roi.msg
[6.116s] -- Up-to-date: /cc_ws/tros_ws/install/share/ai_msgs/msg/Target.msg
[6.117s] -- Up-to-date: /cc_ws/tros_ws/install/share/ai_msgs/msg/Perf.msg
[6.117s] -- Up-to-date: /cc_ws/tros_ws/install/share/ai_msgs/msg/CaptureTargets.msg
[6.118s] -- Up-to-date: /cc_ws/tros_ws/install/share/ai_msgs/msg/PerceptionTargets.msg
[6.118s] -- Up-to-date: /cc_ws/tros_ws/install/share/ai_msgs/msg/PerceptionInfo.msg
[6.119s] -- Up-to-date: /cc_ws/tros_ws/install/share/ament_index/resource_index/package_run_dependencies/ai_msgs
[6.119s] -- Up-to-date: /cc_ws/tros_ws/install/share/ament_index/resource_index/parent_prefix_path/ai_msgs
[6.119s] -- Up-to-date: /cc_ws/tros_ws/install/share/ai_msgs/environment/ament_prefix_path.sh
[6.119s] -- Installing: /cc_ws/tros_ws/install/share/ai_msgs/environment/ament_prefix_path.dsv
[6.120s] -- Up-to-date: /cc_ws/tros_ws/install/share/ai_msgs/environment/path.sh
[6.120s] -- Installing: /cc_ws/tros_ws/install/share/ai_msgs/environment/path.dsv
[6.121s] -- Up-to-date: /cc_ws/tros_ws/install/share/ai_msgs/local_setup.bash
[6.121s] -- Up-to-date: /cc_ws/tros_ws/install/share/ai_msgs/local_setup.sh
[6.122s] -- Up-to-date: /cc_ws/tros_ws/install/share/ai_msgs/local_setup.zsh
[6.122s] -- Installing: /cc_ws/tros_ws/install/share/ai_msgs/local_setup.dsv
[6.122s] -- Installing: /cc_ws/tros_ws/install/share/ai_msgs/package.dsv
[6.123s] -- Up-to-date: /cc_ws/tros_ws/install/share/ament_index/resource_index/packages/ai_msgs
[6.123s] -- Up-to-date: /cc_ws/tros_ws/install/share/ai_msgs/cmake/export_ai_msgs__rosidl_generator_cExport.cmake
[6.124s] -- Up-to-date: /cc_ws/tros_ws/install/share/ai_msgs/cmake/export_ai_msgs__rosidl_generator_cExport-noconfig.cmake
[6.124s] -- Up-to-date: /cc_ws/tros_ws/install/share/ai_msgs/cmake/export_ai_msgs__rosidl_typesupport_fastrtps_cExport.cmake
[6.124s] -- Up-to-date: /cc_ws/tros_ws/install/share/ai_msgs/cmake/export_ai_msgs__rosidl_typesupport_fastrtps_cExport-noconfig.cmake
[6.125s] -- Up-to-date: /cc_ws/tros_ws/install/share/ai_msgs/cmake/export_ai_msgs__rosidl_generator_cppExport.cmake
[6.125s] -- Up-to-date: /cc_ws/tros_ws/install/share/ai_msgs/cmake/export_ai_msgs__rosidl_typesupport_fastrtps_cppExport.cmake
[6.126s] -- Up-to-date: /cc_ws/tros_ws/install/share/ai_msgs/cmake/export_ai_msgs__rosidl_typesupport_fastrtps_cppExport-noconfig.cmake
[6.126s] -- Up-to-date: /cc_ws/tros_ws/install/share/ai_msgs/cmake/ai_msgs__rosidl_typesupport_introspection_cExport.cmake
[6.126s] -- Up-to-date: /cc_ws/tros_ws/install/share/ai_msgs/cmake/ai_msgs__rosidl_typesupport_introspection_cExport-noconfig.cmake
[6.127s] -- Up-to-date: /cc_ws/tros_ws/install/share/ai_msgs/cmake/ai_msgs__rosidl_typesupport_cExport.cmake
[6.127s] -- Up-to-date: /cc_ws/tros_ws/install/share/ai_msgs/cmake/ai_msgs__rosidl_typesupport_cExport-noconfig.cmake
[6.128s] -- Up-to-date: /cc_ws/tros_ws/install/share/ai_msgs/cmake/ai_msgs__rosidl_typesupport_introspection_cppExport.cmake
[6.128s] -- Up-to-date: /cc_ws/tros_ws/install/share/ai_msgs/cmake/ai_msgs__rosidl_typesupport_introspection_cppExport-noconfig.cmake
[6.128s] -- Up-to-date: /cc_ws/tros_ws/install/share/ai_msgs/cmake/ai_msgs__rosidl_typesupport_cppExport.cmake
[6.128s] -- Up-to-date: /cc_ws/tros_ws/install/share/ai_msgs/cmake/ai_msgs__rosidl_typesupport_cppExport-noconfig.cmake
[6.132s] -- Up-to-date: /cc_ws/tros_ws/install/share/ai_msgs/cmake/export_ai_msgs__rosidl_generator_pyExport.cmake
[6.132s] -- Up-to-date: /cc_ws/tros_ws/install/share/ai_msgs/cmake/export_ai_msgs__rosidl_generator_pyExport-noconfig.cmake
[6.132s] -- Up-to-date: /cc_ws/tros_ws/install/share/ai_msgs/cmake/rosidl_cmake-extras.cmake
[6.132s] -- Up-to-date: /cc_ws/tros_ws/install/share/ai_msgs/cmake/ament_cmake_export_dependencies-extras.cmake
[6.133s] -- Up-to-date: /cc_ws/tros_ws/install/share/ai_msgs/cmake/ament_cmake_export_include_directories-extras.cmake
[6.133s] -- Up-to-date: /cc_ws/tros_ws/install/share/ai_msgs/cmake/ament_cmake_export_libraries-extras.cmake
[6.133s] -- Up-to-date: /cc_ws/tros_ws/install/share/ai_msgs/cmake/ament_cmake_export_targets-extras.cmake
[6.133s] -- Up-to-date: /cc_ws/tros_ws/install/share/ai_msgs/cmake/rosidl_cmake_export_typesupport_targets-extras.cmake
[6.133s] -- Up-to-date: /cc_ws/tros_ws/install/share/ai_msgs/cmake/rosidl_cmake_export_typesupport_libraries-extras.cmake
[6.133s] -- Up-to-date: /cc_ws/tros_ws/install/share/ai_msgs/cmake/ai_msgsConfig.cmake
[6.133s] -- Up-to-date: /cc_ws/tros_ws/install/share/ai_msgs/cmake/ai_msgsConfig-version.cmake
[6.133s] -- Up-to-date: /cc_ws/tros_ws/install/share/ai_msgs/package.xml
[6.146s] Invoked command in '/cc_ws/tros_ws/build/ai_msgs' returned '0': CMAKE_PREFIX_PATH=/opt/ros/humble /usr/bin/cmake --install /cc_ws/tros_ws/build/ai_msgs
