Not searching for unused variables given on the command line.
[0m=> build platform X5[0m
-- Found ament_cmake: 1.3.8 (/opt/ros/humble/share/ament_cmake/cmake)
[33mCMake Warning (dev) at /opt/ros/humble/share/ament_cmake_test/cmake/ament_cmake_test-extras.cmake:19 (option):
  Policy CMP0077 is not set: option() honors normal variables.  Run "cmake
  --help-policy CMP0077" for policy details.  Use the cmake_policy command to
  set the policy and suppress this warning.

  For compatibility with older versions of CMake, option is clearing the
  normal variable 'BUILD_TESTING'.
Call Stack (most recent call first):
  /opt/ros/humble/share/ament_cmake_test/cmake/ament_cmake_testConfig.cmake:41 (include)
  /opt/ros/humble/share/ament_cmake/cmake/ament_cmake_export_dependencies-extras.cmake:21 (find_package)
  /opt/ros/humble/share/ament_cmake/cmake/ament_cmakeConfig.cmake:41 (include)
  CMakeLists.txt:50 (find_package)
This warning is for project developers.  Use -Wno-dev to suppress it.
[0m
-- Found rclcpp: 16.0.8 (/opt/ros/humble/share/rclcpp/cmake)
-- Found rosidl_generator_c: 3.1.5 (/opt/ros/humble/share/rosidl_generator_c/cmake)
-- Found rosidl_adapter: 3.1.5 (/opt/ros/humble/share/rosidl_adapter/cmake)
-- Found rosidl_generator_cpp: 3.1.5 (/opt/ros/humble/share/rosidl_generator_cpp/cmake)
-- Using all available rosidl_typesupport_c: rosidl_typesupport_fastrtps_c;rosidl_typesupport_introspection_c
-- Using all available rosidl_typesupport_cpp: rosidl_typesupport_fastrtps_cpp;rosidl_typesupport_introspection_cpp
-- Found rmw_implementation_cmake: 6.1.1 (/opt/ros/humble/share/rmw_implementation_cmake/cmake)
-- Found rmw_fastrtps_cpp: 6.2.6 (/opt/ros/humble/share/rmw_fastrtps_cpp/cmake)
-- Using RMW implementation 'rmw_fastrtps_cpp' as default
-- Found sensor_msgs: 4.2.3 (/opt/ros/humble/share/sensor_msgs/cmake)
-- Found rclcpp_components: 16.0.8 (/opt/ros/humble/share/rclcpp_components/cmake)
[0mSYS_ROOT is /cc_ws/tros_ws/robot_dev_config/../../sysroot_docker[0m
-- Configuring done
-- Generating done
-- Build files have been written to: /cc_ws/tros_ws/build/dstereo_occnet
[35m[1mConsolidate compiler generated dependencies of target dstereo_occnet_component[0m
[35m[1mConsolidate compiler generated dependencies of target dstereo_occnet_node[0m
[  9%] [32m[1mLinking CXX executable dstereo_occnet_node[0m
[ 90%] Built target dstereo_occnet_component
[100%] Built target dstereo_occnet_node
-- Install configuration: "Release"
-- Installing: /cc_ws/tros_ws/install/lib/dstereo_occnet/dstereo_occnet_node
-- Set runtime path of "/cc_ws/tros_ws/install/lib/dstereo_occnet/dstereo_occnet_node" to ""
-- Up-to-date: /cc_ws/tros_ws/install/lib/libdstereo_occnet_component.so
-- Up-to-date: /cc_ws/tros_ws/install/lib/dstereo_occnet/dstereo_occnet_node
-- Up-to-date: /cc_ws/tros_ws/install/share/dstereo_occnet/launch/dstereo_occnet_node.launch.py
-- Up-to-date: /cc_ws/tros_ws/install/share/dstereo_occnet/launch/offline_infer_web_visual.launch.py
-- Up-to-date: /cc_ws/tros_ws/install/share/dstereo_occnet/launch/zed2i_occ_node.launch.py
-- Up-to-date: /cc_ws/tros_ws/install/share/dstereo_occnet/config
-- Up-to-date: /cc_ws/tros_ws/install/share/dstereo_occnet/config/946694496_313445510_right.png
-- Up-to-date: /cc_ws/tros_ws/install/share/dstereo_occnet/config/S100-OCC-32x64x96.hbm
-- Up-to-date: /cc_ws/tros_ws/install/share/dstereo_occnet/config/946694496_313445510_occgrid.txt
-- Up-to-date: /cc_ws/tros_ws/install/share/dstereo_occnet/config/X5-OCC-32x64x96x2_constinput_modified.bin
-- Up-to-date: /cc_ws/tros_ws/install/share/dstereo_occnet/config/946694496_313445510_left.png
-- Up-to-date: /cc_ws/tros_ws/install/share/ament_index/resource_index/package_run_dependencies/dstereo_occnet
-- Up-to-date: /cc_ws/tros_ws/install/share/ament_index/resource_index/parent_prefix_path/dstereo_occnet
-- Up-to-date: /cc_ws/tros_ws/install/share/dstereo_occnet/environment/ament_prefix_path.sh
-- Installing: /cc_ws/tros_ws/install/share/dstereo_occnet/environment/ament_prefix_path.dsv
-- Up-to-date: /cc_ws/tros_ws/install/share/dstereo_occnet/environment/path.sh
-- Installing: /cc_ws/tros_ws/install/share/dstereo_occnet/environment/path.dsv
-- Up-to-date: /cc_ws/tros_ws/install/share/dstereo_occnet/local_setup.bash
-- Up-to-date: /cc_ws/tros_ws/install/share/dstereo_occnet/local_setup.sh
-- Up-to-date: /cc_ws/tros_ws/install/share/dstereo_occnet/local_setup.zsh
-- Installing: /cc_ws/tros_ws/install/share/dstereo_occnet/local_setup.dsv
-- Installing: /cc_ws/tros_ws/install/share/dstereo_occnet/package.dsv
-- Up-to-date: /cc_ws/tros_ws/install/share/ament_index/resource_index/packages/dstereo_occnet
-- Up-to-date: /cc_ws/tros_ws/install/share/ament_index/resource_index/rclcpp_components/dstereo_occnet
-- Up-to-date: /cc_ws/tros_ws/install/share/dstereo_occnet/cmake/dstereo_occnetConfig.cmake
-- Up-to-date: /cc_ws/tros_ws/install/share/dstereo_occnet/cmake/dstereo_occnetConfig-version.cmake
-- Up-to-date: /cc_ws/tros_ws/install/share/dstereo_occnet/package.xml
