[0.036s] Invoking command in '/cc_ws/tros_ws/build/dstereo_occnet': CMAKE_PREFIX_PATH=/opt/ros/humble /usr/bin/cmake /cc_ws/tros_ws/src/box/hobot_perception/dstereo_occnet -DCMAKE_EXPORT_COMPILE_COMMANDS=ON --no-warn-unused-cli -DCMAKE_TOOLCHAIN_FILE=/cc_ws/tros_ws/robot_dev_config/aarch64_toolchainfile.cmake -DPLATFORM_X5=ON -DTHIRDPARTY=ON -DBUILD_TESTING=OFF -DCMAKE_BUILD_RPATH=/cc_ws/tros_ws/build/poco_vendor/poco_external_project_install/lib/;/cc_ws/tros_ws/build/libyaml_vendor/libyaml_install/lib/ -DCMAKE_INSTALL_PREFIX=/cc_ws/tros_ws/install
[0.120s] Not searching for unused variables given on the command line.
[0.128s] [0m=> build platform X5[0m
[0.133s] -- Found ament_cmake: 1.3.8 (/opt/ros/humble/share/ament_cmake/cmake)
[0.438s] [33mCMake Warning (dev) at /opt/ros/humble/share/ament_cmake_test/cmake/ament_cmake_test-extras.cmake:19 (option):
[0.439s]   Policy CMP0077 is not set: option() honors normal variables.  Run "cmake
[0.440s]   --help-policy CMP0077" for policy details.  Use the cmake_policy command to
[0.441s]   set the policy and suppress this warning.
[0.442s] 
[0.443s]   For compatibility with older versions of CMake, option is clearing the
[0.444s]   normal variable 'BUILD_TESTING'.
[0.445s] Call Stack (most recent call first):
[0.446s]   /opt/ros/humble/share/ament_cmake_test/cmake/ament_cmake_testConfig.cmake:41 (include)
[0.447s]   /opt/ros/humble/share/ament_cmake/cmake/ament_cmake_export_dependencies-extras.cmake:21 (find_package)
[0.448s]   /opt/ros/humble/share/ament_cmake/cmake/ament_cmakeConfig.cmake:41 (include)
[0.448s]   CMakeLists.txt:50 (find_package)
[0.449s] This warning is for project developers.  Use -Wno-dev to suppress it.
[0.450s] [0m
[0.484s] -- Found rclcpp: 16.0.8 (/opt/ros/humble/share/rclcpp/cmake)
[0.535s] -- Found rosidl_generator_c: 3.1.5 (/opt/ros/humble/share/rosidl_generator_c/cmake)
[0.544s] -- Found rosidl_adapter: 3.1.5 (/opt/ros/humble/share/rosidl_adapter/cmake)
[0.563s] -- Found rosidl_generator_cpp: 3.1.5 (/opt/ros/humble/share/rosidl_generator_cpp/cmake)
[0.636s] -- Using all available rosidl_typesupport_c: rosidl_typesupport_fastrtps_c;rosidl_typesupport_introspection_c
[0.712s] -- Using all available rosidl_typesupport_cpp: rosidl_typesupport_fastrtps_cpp;rosidl_typesupport_introspection_cpp
[1.101s] -- Found rmw_implementation_cmake: 6.1.1 (/opt/ros/humble/share/rmw_implementation_cmake/cmake)
[1.103s] -- Found rmw_fastrtps_cpp: 6.2.6 (/opt/ros/humble/share/rmw_fastrtps_cpp/cmake)
[1.598s] -- Using RMW implementation 'rmw_fastrtps_cpp' as default
[2.211s] -- Found sensor_msgs: 4.2.3 (/opt/ros/humble/share/sensor_msgs/cmake)
[2.575s] -- Found rclcpp_components: 16.0.8 (/opt/ros/humble/share/rclcpp_components/cmake)
[2.698s] [0mSYS_ROOT is /cc_ws/tros_ws/robot_dev_config/../../sysroot_docker[0m
[3.546s] -- Configuring done
[3.598s] -- Generating done
[3.601s] -- Build files have been written to: /cc_ws/tros_ws/build/dstereo_occnet
[4.025s] Invoked command in '/cc_ws/tros_ws/build/dstereo_occnet' returned '0': CMAKE_PREFIX_PATH=/opt/ros/humble /usr/bin/cmake /cc_ws/tros_ws/src/box/hobot_perception/dstereo_occnet -DCMAKE_EXPORT_COMPILE_COMMANDS=ON --no-warn-unused-cli -DCMAKE_TOOLCHAIN_FILE=/cc_ws/tros_ws/robot_dev_config/aarch64_toolchainfile.cmake -DPLATFORM_X5=ON -DTHIRDPARTY=ON -DBUILD_TESTING=OFF -DCMAKE_BUILD_RPATH=/cc_ws/tros_ws/build/poco_vendor/poco_external_project_install/lib/;/cc_ws/tros_ws/build/libyaml_vendor/libyaml_install/lib/ -DCMAKE_INSTALL_PREFIX=/cc_ws/tros_ws/install
[4.032s] Invoking command in '/cc_ws/tros_ws/build/dstereo_occnet': CMAKE_PREFIX_PATH=/opt/ros/humble /usr/bin/cmake --build /cc_ws/tros_ws/build/dstereo_occnet -- -j12 -l12
[4.190s] [35m[1mConsolidate compiler generated dependencies of target dstereo_occnet_component[0m
[4.223s] [35m[1mConsolidate compiler generated dependencies of target dstereo_occnet_node[0m
[4.262s] [  9%] [32m[1mLinking CXX executable dstereo_occnet_node[0m
[4.264s] [ 90%] Built target dstereo_occnet_component
[6.611s] [100%] Built target dstereo_occnet_node
[6.722s] Invoked command in '/cc_ws/tros_ws/build/dstereo_occnet' returned '0': CMAKE_PREFIX_PATH=/opt/ros/humble /usr/bin/cmake --build /cc_ws/tros_ws/build/dstereo_occnet -- -j12 -l12
[7.205s] Invoking command in '/cc_ws/tros_ws/build/dstereo_occnet': CMAKE_PREFIX_PATH=/opt/ros/humble /usr/bin/cmake --install /cc_ws/tros_ws/build/dstereo_occnet
[8.319s] -- Install configuration: "Release"
[8.319s] -- Installing: /cc_ws/tros_ws/install/lib/dstereo_occnet/dstereo_occnet_node
[8.321s] -- Set runtime path of "/cc_ws/tros_ws/install/lib/dstereo_occnet/dstereo_occnet_node" to ""
[8.321s] -- Up-to-date: /cc_ws/tros_ws/install/lib/libdstereo_occnet_component.so
[8.321s] -- Up-to-date: /cc_ws/tros_ws/install/lib/dstereo_occnet/dstereo_occnet_node
[8.321s] -- Up-to-date: /cc_ws/tros_ws/install/share/dstereo_occnet/launch/dstereo_occnet_node.launch.py
[8.322s] -- Up-to-date: /cc_ws/tros_ws/install/share/dstereo_occnet/launch/offline_infer_web_visual.launch.py
[8.322s] -- Up-to-date: /cc_ws/tros_ws/install/share/dstereo_occnet/launch/zed2i_occ_node.launch.py
[8.322s] -- Up-to-date: /cc_ws/tros_ws/install/share/dstereo_occnet/config
[8.322s] -- Up-to-date: /cc_ws/tros_ws/install/share/dstereo_occnet/config/946694496_313445510_right.png
[8.322s] -- Up-to-date: /cc_ws/tros_ws/install/share/dstereo_occnet/config/S100-OCC-32x64x96.hbm
[8.322s] -- Up-to-date: /cc_ws/tros_ws/install/share/dstereo_occnet/config/946694496_313445510_occgrid.txt
[8.322s] -- Up-to-date: /cc_ws/tros_ws/install/share/dstereo_occnet/config/X5-OCC-32x64x96x2_constinput_modified.bin
[8.322s] -- Up-to-date: /cc_ws/tros_ws/install/share/dstereo_occnet/config/946694496_313445510_left.png
[8.323s] -- Up-to-date: /cc_ws/tros_ws/install/share/ament_index/resource_index/package_run_dependencies/dstereo_occnet
[8.323s] -- Up-to-date: /cc_ws/tros_ws/install/share/ament_index/resource_index/parent_prefix_path/dstereo_occnet
[8.323s] -- Up-to-date: /cc_ws/tros_ws/install/share/dstereo_occnet/environment/ament_prefix_path.sh
[8.323s] -- Installing: /cc_ws/tros_ws/install/share/dstereo_occnet/environment/ament_prefix_path.dsv
[8.323s] -- Up-to-date: /cc_ws/tros_ws/install/share/dstereo_occnet/environment/path.sh
[8.323s] -- Installing: /cc_ws/tros_ws/install/share/dstereo_occnet/environment/path.dsv
[8.323s] -- Up-to-date: /cc_ws/tros_ws/install/share/dstereo_occnet/local_setup.bash
[8.323s] -- Up-to-date: /cc_ws/tros_ws/install/share/dstereo_occnet/local_setup.sh
[8.324s] -- Up-to-date: /cc_ws/tros_ws/install/share/dstereo_occnet/local_setup.zsh
[8.324s] -- Installing: /cc_ws/tros_ws/install/share/dstereo_occnet/local_setup.dsv
[8.324s] -- Installing: /cc_ws/tros_ws/install/share/dstereo_occnet/package.dsv
[8.324s] -- Up-to-date: /cc_ws/tros_ws/install/share/ament_index/resource_index/packages/dstereo_occnet
[8.324s] -- Up-to-date: /cc_ws/tros_ws/install/share/ament_index/resource_index/rclcpp_components/dstereo_occnet
[8.332s] -- Up-to-date: /cc_ws/tros_ws/install/share/dstereo_occnet/cmake/dstereo_occnetConfig.cmake
[8.346s] -- Up-to-date: /cc_ws/tros_ws/install/share/dstereo_occnet/cmake/dstereo_occnetConfig-version.cmake
[8.346s] -- Up-to-date: /cc_ws/tros_ws/install/share/dstereo_occnet/package.xml
[8.363s] Invoked command in '/cc_ws/tros_ws/build/dstereo_occnet' returned '0': CMAKE_PREFIX_PATH=/opt/ros/humble /usr/bin/cmake --install /cc_ws/tros_ws/build/dstereo_occnet
