Not searching for unused variables given on the command line.
-- Found ament_cmake: 1.3.8 (/opt/ros/humble/share/ament_cmake/cmake)
-- Found rclcpp: 16.0.8 (/opt/ros/humble/share/rclcpp/cmake)
-- Found rosidl_generator_c: 3.1.5 (/opt/ros/humble/share/rosidl_generator_c/cmake)
-- Found rosidl_adapter: 3.1.5 (/opt/ros/humble/share/rosidl_adapter/cmake)
-- Found rosidl_generator_cpp: 3.1.5 (/opt/ros/humble/share/rosidl_generator_cpp/cmake)
-- Using all available rosidl_typesupport_c: rosidl_typesupport_fastrtps_c;rosidl_typesupport_introspection_c
-- Using all available rosidl_typesupport_cpp: rosidl_typesupport_fastrtps_cpp;rosidl_typesupport_introspection_cpp
-- Found rmw_implementation_cmake: 6.1.1 (/opt/ros/humble/share/rmw_implementation_cmake/cmake)
-- Found rmw_fastrtps_cpp: 6.2.6 (/opt/ros/humble/share/rmw_fastrtps_cpp/cmake)
-- Using RMW implementation 'rmw_fastrtps_cpp' as default
-- Found ai_msgs: 2.0.1 (/cc_ws/tros_ws/robot_dev_config/../install/share/ai_msgs/cmake)
-- Found cv_bridge: 3.2.1 (/opt/ros/humble/share/cv_bridge/cmake)
-- Found hobot_cv: 2.3.2 (/cc_ws/tros_ws/robot_dev_config/../install/share/hobot_cv/cmake)
-- Found dnn_node: 2.5.4 (/cc_ws/tros_ws/robot_dev_config/../install/share/dnn_node/cmake)
-- Found hbm_img_msgs: 2.0.0 (/cc_ws/tros_ws/robot_dev_config/../install/share/hbm_img_msgs/cmake)
-- Configuring done
-- Generating done
-- Build files have been written to: /cc_ws/tros_ws/build/mono_pwcnet
[35m[1mConsolidate compiler generated dependencies of target mono_pwcnet[0m
[ 16%] [32m[1mLinking CXX executable mono_pwcnet[0m
[100%] Built target mono_pwcnet
-- Install configuration: ""
-- Installing: /cc_ws/tros_ws/install/lib/mono_pwcnet/mono_pwcnet
-- Set runtime path of "/cc_ws/tros_ws/install/lib/mono_pwcnet/mono_pwcnet" to ""
-- Up-to-date: /cc_ws/tros_ws/install/lib/mono_pwcnet/config/
-- Up-to-date: /cc_ws/tros_ws/install/lib/mono_pwcnet/config//model.hbm
-- Up-to-date: /cc_ws/tros_ws/install/lib/mono_pwcnet/config/img001.jpg
-- Up-to-date: /cc_ws/tros_ws/install/lib/mono_pwcnet/config/img002.jpg
-- Up-to-date: /cc_ws/tros_ws/install/share/mono_pwcnet/launch
-- Up-to-date: /cc_ws/tros_ws/install/share/mono_pwcnet/launch/pwcnet.launch.py
-- Up-to-date: /cc_ws/tros_ws/install/share/ament_index/resource_index/package_run_dependencies/mono_pwcnet
-- Up-to-date: /cc_ws/tros_ws/install/share/ament_index/resource_index/parent_prefix_path/mono_pwcnet
-- Up-to-date: /cc_ws/tros_ws/install/share/mono_pwcnet/environment/ament_prefix_path.sh
-- Installing: /cc_ws/tros_ws/install/share/mono_pwcnet/environment/ament_prefix_path.dsv
-- Up-to-date: /cc_ws/tros_ws/install/share/mono_pwcnet/environment/path.sh
-- Installing: /cc_ws/tros_ws/install/share/mono_pwcnet/environment/path.dsv
-- Up-to-date: /cc_ws/tros_ws/install/share/mono_pwcnet/local_setup.bash
-- Up-to-date: /cc_ws/tros_ws/install/share/mono_pwcnet/local_setup.sh
-- Up-to-date: /cc_ws/tros_ws/install/share/mono_pwcnet/local_setup.zsh
-- Installing: /cc_ws/tros_ws/install/share/mono_pwcnet/local_setup.dsv
-- Installing: /cc_ws/tros_ws/install/share/mono_pwcnet/package.dsv
-- Up-to-date: /cc_ws/tros_ws/install/share/ament_index/resource_index/packages/mono_pwcnet
-- Up-to-date: /cc_ws/tros_ws/install/share/mono_pwcnet/cmake/mono_pwcnetConfig.cmake
-- Up-to-date: /cc_ws/tros_ws/install/share/mono_pwcnet/cmake/mono_pwcnetConfig-version.cmake
-- Up-to-date: /cc_ws/tros_ws/install/share/mono_pwcnet/package.xml
