[0.770s] Invoking command in '/cc_ws/tros_ws/build/mono_pwcnet': AMENT_PREFIX_PATH=/cc_ws/tros_ws/install:${AMENT_PREFIX_PATH} CMAKE_PREFIX_PATH=/cc_ws/tros_ws/install:/opt/ros/humble LD_LIBRARY_PATH=/cc_ws/tros_ws/install/lib:/opt/ros/humble/opt/rviz_ogre_vendor/lib:/opt/ros/humble/lib/aarch64-linux-gnu:/opt/ros/humble/lib:/cc_ws/userdata/hobot/opt/hobot/deps PYTHONPATH=/cc_ws/tros_ws/install/lib/python3.10/site-packages:/cc_ws/tros_ws/install/local/lib/python3.10/dist-packages:${PYTHONPATH} /usr/bin/cmake /cc_ws/tros_ws/src/box/hobot_perception/mono_pwcnet -DCMAKE_EXPORT_COMPILE_COMMANDS=ON --no-warn-unused-cli -DCMAKE_TOOLCHAIN_FILE=/cc_ws/tros_ws/robot_dev_config/aarch64_toolchainfile.cmake -DPLATFORM_X5=ON -DTHIRDPARTY=ON -DBUILD_TESTING=OFF -DCMAKE_BUILD_RPATH=/cc_ws/tros_ws/build/poco_vendor/poco_external_project_install/lib/;/cc_ws/tros_ws/build/libyaml_vendor/libyaml_install/lib/ -DCMAKE_INSTALL_PREFIX=/cc_ws/tros_ws/install
[1.693s] Not searching for unused variables given on the command line.
[1.693s] -- Found ament_cmake: 1.3.8 (/opt/ros/humble/share/ament_cmake/cmake)
[1.693s] -- Found rclcpp: 16.0.8 (/opt/ros/humble/share/rclcpp/cmake)
[1.694s] [33mCMake Warning (dev) at /opt/ros/humble/share/ament_cmake_test/cmake/ament_cmake_test-extras.cmake:19 (option):
[1.694s]   Policy CMP0077 is not set: option() honors normal variables.  Run "cmake
[1.694s]   --help-policy CMP0077" for policy details.  Use the cmake_policy command to
[1.695s]   set the policy and suppress this warning.
[1.695s] 
[1.695s]   For compatibility with older versions of CMake, option is clearing the
[1.696s]   normal variable 'BUILD_TESTING'.
[1.696s] Call Stack (most recent call first):
[1.696s]   /opt/ros/humble/share/ament_cmake_test/cmake/ament_cmake_testConfig.cmake:41 (include)
[1.696s]   /opt/ros/humble/share/ament_cmake/cmake/ament_cmake_export_dependencies-extras.cmake:21 (find_package)
[1.697s]   /opt/ros/humble/share/ament_cmake/cmake/ament_cmakeConfig.cmake:41 (include)
[1.697s]   CMakeLists.txt:33 (find_package)
[1.697s] This warning is for project developers.  Use -Wno-dev to suppress it.
[1.697s] [0m
[2.000s] -- Found rosidl_generator_c: 3.1.5 (/opt/ros/humble/share/rosidl_generator_c/cmake)
[2.036s] -- Found rosidl_adapter: 3.1.5 (/opt/ros/humble/share/rosidl_adapter/cmake)
[2.094s] -- Found rosidl_generator_cpp: 3.1.5 (/opt/ros/humble/share/rosidl_generator_cpp/cmake)
[2.204s] -- Using all available rosidl_typesupport_c: rosidl_typesupport_fastrtps_c;rosidl_typesupport_introspection_c
[2.468s] -- Using all available rosidl_typesupport_cpp: rosidl_typesupport_fastrtps_cpp;rosidl_typesupport_introspection_cpp
[3.194s] -- Found rmw_implementation_cmake: 6.1.1 (/opt/ros/humble/share/rmw_implementation_cmake/cmake)
[3.212s] -- Found rmw_fastrtps_cpp: 6.2.6 (/opt/ros/humble/share/rmw_fastrtps_cpp/cmake)
[4.130s] -- Using RMW implementation 'rmw_fastrtps_cpp' as default
[5.630s] -- Found ai_msgs: 2.0.1 (/cc_ws/tros_ws/robot_dev_config/../install/share/ai_msgs/cmake)
[7.825s] -- Found cv_bridge: 3.2.1 (/opt/ros/humble/share/cv_bridge/cmake)
[8.040s] -- Found hobot_cv: 2.3.2 (/cc_ws/tros_ws/robot_dev_config/../install/share/hobot_cv/cmake)
[8.092s] -- Found dnn_node: 2.5.4 (/cc_ws/tros_ws/robot_dev_config/../install/share/dnn_node/cmake)
[8.108s] -- Found hbm_img_msgs: 2.0.0 (/cc_ws/tros_ws/robot_dev_config/../install/share/hbm_img_msgs/cmake)
[8.426s] [0mbuild platform X5[0m
[8.426s] [0mCMAKE_SYSROOT is /cc_ws/tros_ws/robot_dev_config/../../sysroot_docker[0m
[8.925s] -- Configuring done
[9.044s] -- Generating done
[9.057s] -- Build files have been written to: /cc_ws/tros_ws/build/mono_pwcnet
[9.093s] Invoked command in '/cc_ws/tros_ws/build/mono_pwcnet' returned '0': AMENT_PREFIX_PATH=/cc_ws/tros_ws/install:${AMENT_PREFIX_PATH} CMAKE_PREFIX_PATH=/cc_ws/tros_ws/install:/opt/ros/humble LD_LIBRARY_PATH=/cc_ws/tros_ws/install/lib:/opt/ros/humble/opt/rviz_ogre_vendor/lib:/opt/ros/humble/lib/aarch64-linux-gnu:/opt/ros/humble/lib:/cc_ws/userdata/hobot/opt/hobot/deps PYTHONPATH=/cc_ws/tros_ws/install/lib/python3.10/site-packages:/cc_ws/tros_ws/install/local/lib/python3.10/dist-packages:${PYTHONPATH} /usr/bin/cmake /cc_ws/tros_ws/src/box/hobot_perception/mono_pwcnet -DCMAKE_EXPORT_COMPILE_COMMANDS=ON --no-warn-unused-cli -DCMAKE_TOOLCHAIN_FILE=/cc_ws/tros_ws/robot_dev_config/aarch64_toolchainfile.cmake -DPLATFORM_X5=ON -DTHIRDPARTY=ON -DBUILD_TESTING=OFF -DCMAKE_BUILD_RPATH=/cc_ws/tros_ws/build/poco_vendor/poco_external_project_install/lib/;/cc_ws/tros_ws/build/libyaml_vendor/libyaml_install/lib/ -DCMAKE_INSTALL_PREFIX=/cc_ws/tros_ws/install
[9.094s] Invoking command in '/cc_ws/tros_ws/build/mono_pwcnet': AMENT_PREFIX_PATH=/cc_ws/tros_ws/install:${AMENT_PREFIX_PATH} CMAKE_PREFIX_PATH=/cc_ws/tros_ws/install:/opt/ros/humble LD_LIBRARY_PATH=/cc_ws/tros_ws/install/lib:/opt/ros/humble/opt/rviz_ogre_vendor/lib:/opt/ros/humble/lib/aarch64-linux-gnu:/opt/ros/humble/lib:/cc_ws/userdata/hobot/opt/hobot/deps PYTHONPATH=/cc_ws/tros_ws/install/lib/python3.10/site-packages:/cc_ws/tros_ws/install/local/lib/python3.10/dist-packages:${PYTHONPATH} /usr/bin/cmake --build /cc_ws/tros_ws/build/mono_pwcnet -- -j12 -l12
[11.272s] [35m[1mConsolidate compiler generated dependencies of target mono_pwcnet[0m
[11.273s] [ 16%] [32m[1mLinking CXX executable mono_pwcnet[0m
[12.930s] [100%] Built target mono_pwcnet
[12.988s] Invoked command in '/cc_ws/tros_ws/build/mono_pwcnet' returned '0': AMENT_PREFIX_PATH=/cc_ws/tros_ws/install:${AMENT_PREFIX_PATH} CMAKE_PREFIX_PATH=/cc_ws/tros_ws/install:/opt/ros/humble LD_LIBRARY_PATH=/cc_ws/tros_ws/install/lib:/opt/ros/humble/opt/rviz_ogre_vendor/lib:/opt/ros/humble/lib/aarch64-linux-gnu:/opt/ros/humble/lib:/cc_ws/userdata/hobot/opt/hobot/deps PYTHONPATH=/cc_ws/tros_ws/install/lib/python3.10/site-packages:/cc_ws/tros_ws/install/local/lib/python3.10/dist-packages:${PYTHONPATH} /usr/bin/cmake --build /cc_ws/tros_ws/build/mono_pwcnet -- -j12 -l12
[13.116s] Invoking command in '/cc_ws/tros_ws/build/mono_pwcnet': AMENT_PREFIX_PATH=/cc_ws/tros_ws/install:${AMENT_PREFIX_PATH} CMAKE_PREFIX_PATH=/cc_ws/tros_ws/install:/opt/ros/humble LD_LIBRARY_PATH=/cc_ws/tros_ws/install/lib:/opt/ros/humble/opt/rviz_ogre_vendor/lib:/opt/ros/humble/lib/aarch64-linux-gnu:/opt/ros/humble/lib:/cc_ws/userdata/hobot/opt/hobot/deps PYTHONPATH=/cc_ws/tros_ws/install/lib/python3.10/site-packages:/cc_ws/tros_ws/install/local/lib/python3.10/dist-packages:${PYTHONPATH} /usr/bin/cmake --install /cc_ws/tros_ws/build/mono_pwcnet
[13.494s] -- Install configuration: ""
[13.494s] -- Installing: /cc_ws/tros_ws/install/lib/mono_pwcnet/mono_pwcnet
[13.495s] -- Set runtime path of "/cc_ws/tros_ws/install/lib/mono_pwcnet/mono_pwcnet" to ""
[13.495s] -- Up-to-date: /cc_ws/tros_ws/install/lib/mono_pwcnet/config/
[13.495s] -- Up-to-date: /cc_ws/tros_ws/install/lib/mono_pwcnet/config//model.hbm
[13.495s] -- Up-to-date: /cc_ws/tros_ws/install/lib/mono_pwcnet/config/img001.jpg
[13.495s] -- Up-to-date: /cc_ws/tros_ws/install/lib/mono_pwcnet/config/img002.jpg
[13.496s] -- Up-to-date: /cc_ws/tros_ws/install/share/mono_pwcnet/launch
[13.496s] -- Up-to-date: /cc_ws/tros_ws/install/share/mono_pwcnet/launch/pwcnet.launch.py
[13.496s] -- Up-to-date: /cc_ws/tros_ws/install/share/ament_index/resource_index/package_run_dependencies/mono_pwcnet
[13.496s] -- Up-to-date: /cc_ws/tros_ws/install/share/ament_index/resource_index/parent_prefix_path/mono_pwcnet
[13.496s] -- Up-to-date: /cc_ws/tros_ws/install/share/mono_pwcnet/environment/ament_prefix_path.sh
[13.497s] -- Installing: /cc_ws/tros_ws/install/share/mono_pwcnet/environment/ament_prefix_path.dsv
[13.497s] -- Up-to-date: /cc_ws/tros_ws/install/share/mono_pwcnet/environment/path.sh
[13.497s] -- Installing: /cc_ws/tros_ws/install/share/mono_pwcnet/environment/path.dsv
[13.497s] -- Up-to-date: /cc_ws/tros_ws/install/share/mono_pwcnet/local_setup.bash
[13.497s] -- Up-to-date: /cc_ws/tros_ws/install/share/mono_pwcnet/local_setup.sh
[13.497s] -- Up-to-date: /cc_ws/tros_ws/install/share/mono_pwcnet/local_setup.zsh
[13.498s] -- Installing: /cc_ws/tros_ws/install/share/mono_pwcnet/local_setup.dsv
[13.498s] -- Installing: /cc_ws/tros_ws/install/share/mono_pwcnet/package.dsv
[13.498s] -- Up-to-date: /cc_ws/tros_ws/install/share/ament_index/resource_index/packages/mono_pwcnet
[13.498s] -- Up-to-date: /cc_ws/tros_ws/install/share/mono_pwcnet/cmake/mono_pwcnetConfig.cmake
[13.498s] -- Up-to-date: /cc_ws/tros_ws/install/share/mono_pwcnet/cmake/mono_pwcnetConfig-version.cmake
[13.499s] -- Up-to-date: /cc_ws/tros_ws/install/share/mono_pwcnet/package.xml
[13.553s] Invoked command in '/cc_ws/tros_ws/build/mono_pwcnet' returned '0': AMENT_PREFIX_PATH=/cc_ws/tros_ws/install:${AMENT_PREFIX_PATH} CMAKE_PREFIX_PATH=/cc_ws/tros_ws/install:/opt/ros/humble LD_LIBRARY_PATH=/cc_ws/tros_ws/install/lib:/opt/ros/humble/opt/rviz_ogre_vendor/lib:/opt/ros/humble/lib/aarch64-linux-gnu:/opt/ros/humble/lib:/cc_ws/userdata/hobot/opt/hobot/deps PYTHONPATH=/cc_ws/tros_ws/install/lib/python3.10/site-packages:/cc_ws/tros_ws/install/local/lib/python3.10/dist-packages:${PYTHONPATH} /usr/bin/cmake --install /cc_ws/tros_ws/build/mono_pwcnet
