Not searching for unused variables given on the command line.
-- The C compiler identification is GNU 11.4.0
-- The CXX compiler identification is GNU 11.4.0
-- Detecting C compiler ABI info
-- Detecting C compiler ABI info - done
-- Check for working C compiler: /usr/bin/aarch64-linux-gnu-gcc - skipped
-- Detecting C compile features
-- Detecting C compile features - done
-- Detecting CXX compiler ABI info
-- Detecting CXX compiler ABI info - done
-- Check for working CXX compiler: /usr/bin/aarch64-linux-gnu-g++ - skipped
-- Detecting CXX compile features
-- Detecting CXX compile features - done
-- Found OpenCV: /cc_ws/sysroot_docker/usr_x5 (found version "4.5.4") 
-- Found rclcpp: 16.0.8 (/opt/ros/humble/share/rclcpp/cmake)
-- Found Python3: /usr/bin/python3 (found version "3.10.12") found components: Interpreter 
-- Found rosidl_generator_c: 3.1.5 (/opt/ros/humble/share/rosidl_generator_c/cmake)
-- Found rosidl_adapter: 3.1.5 (/opt/ros/humble/share/rosidl_adapter/cmake)
-- Found rosidl_generator_cpp: 3.1.5 (/opt/ros/humble/share/rosidl_generator_cpp/cmake)
-- Using all available rosidl_typesupport_c: rosidl_typesupport_fastrtps_c;rosidl_typesupport_introspection_c
-- Using all available rosidl_typesupport_cpp: rosidl_typesupport_fastrtps_cpp;rosidl_typesupport_introspection_cpp
-- Found rmw_implementation_cmake: 6.1.1 (/opt/ros/humble/share/rmw_implementation_cmake/cmake)
-- Found rmw_fastrtps_cpp: 6.2.6 (/opt/ros/humble/share/rmw_fastrtps_cpp/cmake)
-- Found OpenSSL: /cc_ws/tros_ws/robot_dev_config/../../sysroot_docker/usr/lib/aarch64-linux-gnu/libcrypto.so (found version "3.0.2")  
-- Found FastRTPS: /opt/ros/humble/include  
-- Using RMW implementation 'rmw_fastrtps_cpp' as default
-- Looking for pthread.h
-- Looking for pthread.h - found
-- Performing Test CMAKE_HAVE_LIBC_PTHREAD
-- Performing Test CMAKE_HAVE_LIBC_PTHREAD - Success
-- Found Threads: TRUE  
-- Found rclcpp_components: 16.0.8 (/opt/ros/humble/share/rclcpp_components/cmake)
-- Found sensor_msgs: 4.2.3 (/opt/ros/humble/share/sensor_msgs/cmake)
-- Found cv_bridge: 3.2.1 (/opt/ros/humble/share/cv_bridge/cmake)
-- Found message_filters: 4.3.3 (/opt/ros/humble/share/message_filters/cmake)
-- Found tf2_ros: 0.25.6 (/opt/ros/humble/share/tf2_ros/cmake)
-- Configuring done
-- Generating done
-- Build files have been written to: /cc_ws/tros_ws/build/hobot_stereonet
[  5%] [32mBuilding CXX object CMakeFiles/stereonet_model_node.dir/src/stereonet_component.cpp.o[0m
[ 10%] [32mBuilding CXX object CMakeFiles/stereonet_model_node.dir/src/node.cpp.o[0m
[ 15%] [32mBuilding CXX object CMakeFiles/stereonet_model_node.dir/src/image_conversion.cpp.o[0m
[ 20%] [32mBuilding CXX object CMakeFiles/stereonet_model_node.dir/src/stereonet_process.cpp.o[0m
[ 25%] [32m[1mLinking CXX executable stereonet_model_node[0m
[ 25%] Built target stereonet_model_node
[ 30%] [32mBuilding CXX object CMakeFiles/data_collection.dir/src/data_collection.cpp.o[0m
[ 35%] [32m[1mLinking CXX executable data_collection[0m
[ 35%] Built target data_collection
[ 40%] [32mBuilding CXX object CMakeFiles/stereonet_model_intra_sub_node.dir/rclcpp_components/node_main_stereonet_model_intra_sub_node.cpp.o[0m
[ 45%] [32m[1mLinking CXX executable stereonet_model_intra_sub_node[0m
[ 45%] Built target stereonet_model_intra_sub_node
[ 50%] [32mBuilding CXX object CMakeFiles/stereonet_model_intra_sub.dir/src/stereonet_intra_sub.cpp.o[0m
[ 55%] [32m[1mLinking CXX shared library libstereonet_model_intra_sub.so[0m
[ 55%] Built target stereonet_model_intra_sub
[ 60%] [32mBuilding CXX object CMakeFiles/stereonet_model_sub_node.dir/src/stereonet_intra_sub.cpp.o[0m
[ 65%] [32mBuilding CXX object CMakeFiles/stereonet_model_sub_node.dir/src/stereonet_sub_node.cpp.o[0m
[ 70%] [32m[1mLinking CXX executable stereonet_model_sub_node[0m
[ 70%] Built target stereonet_model_sub_node
[ 75%] [32mBuilding CXX object CMakeFiles/stereonet_model_component_node.dir/rclcpp_components/node_main_stereonet_model_component_node.cpp.o[0m
[ 80%] [32m[1mLinking CXX executable stereonet_model_component_node[0m
[ 80%] Built target stereonet_model_component_node
[ 85%] [32mBuilding CXX object CMakeFiles/stereonet_model.dir/src/stereonet_component.cpp.o[0m
[ 95%] [32mBuilding CXX object CMakeFiles/stereonet_model.dir/src/image_conversion.cpp.o[0m
[ 95%] [32mBuilding CXX object CMakeFiles/stereonet_model.dir/src/stereonet_process.cpp.o[0m
[100%] [32m[1mLinking CXX shared library libstereonet_model.so[0m
[100%] Built target stereonet_model
-- Install configuration: "Release"
-- Installing: /cc_ws/tros_ws/install/lib/hobot_stereonet/stereonet_model_component_node
-- Set runtime path of "/cc_ws/tros_ws/install/lib/hobot_stereonet/stereonet_model_component_node" to ""
-- Installing: /cc_ws/tros_ws/install/lib/hobot_stereonet/stereonet_model_intra_sub_node
-- Set runtime path of "/cc_ws/tros_ws/install/lib/hobot_stereonet/stereonet_model_intra_sub_node" to ""
-- Installing: /cc_ws/tros_ws/install/lib/hobot_stereonet/stereonet_model_node
-- Set runtime path of "/cc_ws/tros_ws/install/lib/hobot_stereonet/stereonet_model_node" to ""
-- Up-to-date: /cc_ws/tros_ws/install/lib/hobot_stereonet/stereonet_model_intra_sub_node
-- Installing: /cc_ws/tros_ws/install/lib/hobot_stereonet/data_collection
-- Set runtime path of "/cc_ws/tros_ws/install/lib/hobot_stereonet/data_collection" to ""
-- Installing: /cc_ws/tros_ws/install/lib/libstereonet_model.so
-- Set runtime path of "/cc_ws/tros_ws/install/lib/libstereonet_model.so" to ""
-- Installing: /cc_ws/tros_ws/install/lib/libstereonet_model_intra_sub.so
-- Set runtime path of "/cc_ws/tros_ws/install/lib/libstereonet_model_intra_sub.so" to ""
-- Installing: /cc_ws/tros_ws/install/share/hobot_stereonet/config
-- Installing: /cc_ws/tros_ws/install/share/hobot_stereonet/config/stereo.yaml
-- Installing: /cc_ws/tros_ws/install/share/hobot_stereonet/config/DStereoV2.3.bin
-- Installing: /cc_ws/tros_ws/install/share/hobot_stereonet/config/dstereo_s100_320_640_352_v2.4.hbm
-- Installing: /cc_ws/tros_ws/install/share/hobot_stereonet/config/stereo_2.yaml
-- Installing: /cc_ws/tros_ws/install/share/hobot_stereonet/config/stereo_cv.yaml
-- Installing: /cc_ws/tros_ws/install/share/hobot_stereonet/config/stereo_26.yaml
-- Installing: /cc_ws/tros_ws/install/share/hobot_stereonet/config/dstereo_s100_320_640_352_v2.1.hbm
-- Installing: /cc_ws/tros_ws/install/share/hobot_stereonet/config/DStereoV2.3.1.bin
-- Installing: /cc_ws/tros_ws/install/share/hobot_stereonet/config/DStereoV2.2.bin
-- Installing: /cc_ws/tros_ws/install/share/hobot_stereonet/config/DStereoV2.4.0_int8.bin
-- Installing: /cc_ws/tros_ws/install/share/hobot_stereonet/config/DStereoV2.4.0_int16.bin
-- Installing: /cc_ws/tros_ws/install/share/hobot_stereonet/config/stereo_15.yaml
-- Installing: /cc_ws/tros_ws/install/share/hobot_stereonet/config/DStereoV2.1.bin
-- Installing: /cc_ws/tros_ws/install/share/hobot_stereonet/config/DStereoV2.0.bin
-- Installing: /cc_ws/tros_ws/install/share/hobot_stereonet/launch/stereonet_model.launch.py
-- Installing: /cc_ws/tros_ws/install/share/hobot_stereonet/launch/stereonet_model_component.launch.py
-- Installing: /cc_ws/tros_ws/install/share/hobot_stereonet/launch/stereonet_model_web_visual.launch.py
-- Installing: /cc_ws/tros_ws/install/share/hobot_stereonet/launch/stereonet_model_web_visual_component.launch.py
-- Installing: /cc_ws/tros_ws/install/share/hobot_stereonet/launch/stereonet_offline_infer.launch.py
-- Installing: /cc_ws/tros_ws/install/share/hobot_stereonet/launch/stereonet_model_web_visual_cmp_rs_230ai.launch.py
-- Installing: /cc_ws/tros_ws/install/share/hobot_stereonet/launch/stereonet_model_web_visual_cmp_rs_2i.launch.py
-- Installing: /cc_ws/tros_ws/install/share/hobot_stereonet/launch/stereonet_model_web_visual_cmp_rs_mini.launch.py
-- Installing: /cc_ws/tros_ws/install/share/hobot_stereonet/launch/stereonet_model_web_visual_cmp_rs_mini_v2.launch.py
-- Installing: /cc_ws/tros_ws/install/share/hobot_stereonet/launch/stereonet_model_web_visual_component_v2.0.launch.py
-- Installing: /cc_ws/tros_ws/install/share/hobot_stereonet/launch/stereonet_model_web_visual_component_v2.1.launch.py
-- Installing: /cc_ws/tros_ws/install/share/hobot_stereonet/launch/stereonet_model_web_visual_component_v2.2.launch.py
-- Installing: /cc_ws/tros_ws/install/share/hobot_stereonet/launch/stereonet_model_web_visual_component_v2.3.launch.py
-- Installing: /cc_ws/tros_ws/install/share/hobot_stereonet/launch/stereonet_model_web_visual_v2.0.launch.py
-- Installing: /cc_ws/tros_ws/install/share/hobot_stereonet/launch/stereonet_model_web_visual_v2.1.launch.py
-- Installing: /cc_ws/tros_ws/install/share/hobot_stereonet/launch/stereonet_model_web_visual_v2.2.launch.py
-- Installing: /cc_ws/tros_ws/install/share/hobot_stereonet/launch/stereonet_model_web_visual_v2.3.launch.py
-- Installing: /cc_ws/tros_ws/install/share/hobot_stereonet/launch/stereonet_model_web_visual_v2.4_int16.launch.py
-- Installing: /cc_ws/tros_ws/install/share/hobot_stereonet/launch/stereonet_model_web_visual_v2.4_int8.launch.py
-- Installing: /cc_ws/tros_ws/install/share/hobot_stereonet/launch/stereonet_model_web_visual_zed_v2.0.launch.py
-- Installing: /cc_ws/tros_ws/install/share/hobot_stereonet/launch/stereonet_model_web_visual_zed_v2.2.launch.py
-- Up-to-date: /cc_ws/tros_ws/install/share/hobot_stereonet/config
-- Up-to-date: /cc_ws/tros_ws/install/share/hobot_stereonet/config/stereo.yaml
-- Up-to-date: /cc_ws/tros_ws/install/share/hobot_stereonet/config/DStereoV2.3.bin
-- Up-to-date: /cc_ws/tros_ws/install/share/hobot_stereonet/config/dstereo_s100_320_640_352_v2.4.hbm
-- Up-to-date: /cc_ws/tros_ws/install/share/hobot_stereonet/config/stereo_2.yaml
-- Up-to-date: /cc_ws/tros_ws/install/share/hobot_stereonet/config/stereo_cv.yaml
-- Up-to-date: /cc_ws/tros_ws/install/share/hobot_stereonet/config/stereo_26.yaml
-- Up-to-date: /cc_ws/tros_ws/install/share/hobot_stereonet/config/dstereo_s100_320_640_352_v2.1.hbm
-- Up-to-date: /cc_ws/tros_ws/install/share/hobot_stereonet/config/DStereoV2.3.1.bin
-- Up-to-date: /cc_ws/tros_ws/install/share/hobot_stereonet/config/DStereoV2.2.bin
-- Up-to-date: /cc_ws/tros_ws/install/share/hobot_stereonet/config/DStereoV2.4.0_int8.bin
-- Up-to-date: /cc_ws/tros_ws/install/share/hobot_stereonet/config/DStereoV2.4.0_int16.bin
-- Up-to-date: /cc_ws/tros_ws/install/share/hobot_stereonet/config/stereo_15.yaml
-- Up-to-date: /cc_ws/tros_ws/install/share/hobot_stereonet/config/DStereoV2.1.bin
-- Up-to-date: /cc_ws/tros_ws/install/share/hobot_stereonet/config/DStereoV2.0.bin
-- Installing: /cc_ws/tros_ws/install/share/hobot_stereonet/data
-- Installing: /cc_ws/tros_ws/install/share/hobot_stereonet/data/left000002.png
-- Installing: /cc_ws/tros_ws/install/share/hobot_stereonet/data/right000000.png
-- Installing: /cc_ws/tros_ws/install/share/hobot_stereonet/data/right000004.png
-- Installing: /cc_ws/tros_ws/install/share/hobot_stereonet/data/right000001.png
-- Installing: /cc_ws/tros_ws/install/share/hobot_stereonet/data/right000002.png
-- Installing: /cc_ws/tros_ws/install/share/hobot_stereonet/data/left000000.png
-- Installing: /cc_ws/tros_ws/install/share/hobot_stereonet/data/left000004.png
-- Installing: /cc_ws/tros_ws/install/share/hobot_stereonet/data/left000003.png
-- Installing: /cc_ws/tros_ws/install/share/hobot_stereonet/data/right000003.png
-- Installing: /cc_ws/tros_ws/install/share/hobot_stereonet/data/left000001.png
-- Installing: /cc_ws/tros_ws/install/share/ament_index/resource_index/package_run_dependencies/hobot_stereonet
-- Installing: /cc_ws/tros_ws/install/share/ament_index/resource_index/parent_prefix_path/hobot_stereonet
-- Installing: /cc_ws/tros_ws/install/share/hobot_stereonet/environment/ament_prefix_path.sh
-- Installing: /cc_ws/tros_ws/install/share/hobot_stereonet/environment/ament_prefix_path.dsv
-- Installing: /cc_ws/tros_ws/install/share/hobot_stereonet/environment/path.sh
-- Installing: /cc_ws/tros_ws/install/share/hobot_stereonet/environment/path.dsv
-- Installing: /cc_ws/tros_ws/install/share/hobot_stereonet/local_setup.bash
-- Installing: /cc_ws/tros_ws/install/share/hobot_stereonet/local_setup.sh
-- Installing: /cc_ws/tros_ws/install/share/hobot_stereonet/local_setup.zsh
-- Installing: /cc_ws/tros_ws/install/share/hobot_stereonet/local_setup.dsv
-- Installing: /cc_ws/tros_ws/install/share/hobot_stereonet/package.dsv
-- Installing: /cc_ws/tros_ws/install/share/ament_index/resource_index/packages/hobot_stereonet
-- Installing: /cc_ws/tros_ws/install/share/ament_index/resource_index/rclcpp_components/hobot_stereonet
-- Installing: /cc_ws/tros_ws/install/share/hobot_stereonet/cmake/hobot_stereonetConfig.cmake
-- Installing: /cc_ws/tros_ws/install/share/hobot_stereonet/cmake/hobot_stereonetConfig-version.cmake
-- Installing: /cc_ws/tros_ws/install/share/hobot_stereonet/package.xml
