Not searching for unused variables given on the command line.
-- Using flag -std=c++17.
-- Found ament_cmake: 1.3.8 (/opt/ros/humble/share/ament_cmake/cmake)
-- Found rclcpp: 16.0.8 (/opt/ros/humble/share/rclcpp/cmake)
-- Found rosidl_generator_c: 3.1.5 (/opt/ros/humble/share/rosidl_generator_c/cmake)
-- Found rosidl_adapter: 3.1.5 (/opt/ros/humble/share/rosidl_adapter/cmake)
-- Found rosidl_generator_cpp: 3.1.5 (/opt/ros/humble/share/rosidl_generator_cpp/cmake)
-- Using all available rosidl_typesupport_c: rosidl_typesupport_fastrtps_c;rosidl_typesupport_introspection_c
-- Using all available rosidl_typesupport_cpp: rosidl_typesupport_fastrtps_cpp;rosidl_typesupport_introspection_cpp
-- Found rmw_implementation_cmake: 6.1.1 (/opt/ros/humble/share/rmw_implementation_cmake/cmake)
-- Found rmw_fastrtps_cpp: 6.2.6 (/opt/ros/humble/share/rmw_fastrtps_cpp/cmake)
-- Using RMW implementation 'rmw_fastrtps_cpp' as default
-- Found sensor_msgs: 4.2.3 (/opt/ros/humble/share/sensor_msgs/cmake)
-- Found nav_msgs: 4.2.3 (/opt/ros/humble/share/nav_msgs/cmake)
-- Found rclcpp_components: 16.0.8 (/opt/ros/humble/share/rclcpp_components/cmake)
-- Found cv_bridge: 3.2.1 (/opt/ros/humble/share/cv_bridge/cmake)
-- Found tf2: 0.25.6 (/opt/ros/humble/share/tf2/cmake)
-- Found tf2_ros: 0.25.6 (/opt/ros/humble/share/tf2_ros/cmake)
-- Found orb_slam3: 2.3.1 (/cc_ws/tros_ws/robot_dev_config/../install/share/orb_slam3/cmake)
-- Found tf2_geometry_msgs: 0.25.6 (/opt/ros/humble/share/tf2_geometry_msgs/cmake)
-- Found eigen3_cmake_module: 0.1.1 (/opt/ros/humble/share/eigen3_cmake_module/cmake)
-- Ensuring Eigen3 include directory is part of orocos-kdl CMake target
-- Configuring done
-- Generating done
-- Build files have been written to: /cc_ws/tros_ws/build/orb_slam3_example_ros2
[35m[1mConsolidate compiler generated dependencies of target stereo[0m
[35m[1mConsolidate compiler generated dependencies of target rgbd_inertial[0m
[35m[1mConsolidate compiler generated dependencies of target stereo_inertial[0m
[ 16%] Built target stereo
[ 33%] Built target rgbd_inertial
[35m[1mConsolidate compiler generated dependencies of target mono[0m
[35m[1mConsolidate compiler generated dependencies of target mono_inertial[0m
[ 50%] Built target stereo_inertial
[35m[1mConsolidate compiler generated dependencies of target rgbd[0m
[ 66%] Built target mono
[ 83%] Built target mono_inertial
[100%] Built target rgbd
-- Install configuration: "Release"
-- Up-to-date: /cc_ws/tros_ws/install/lib/orb_slam3_example_ros2/stereo_inertial
-- Up-to-date: /cc_ws/tros_ws/install/lib/orb_slam3_example_ros2/stereo
-- Up-to-date: /cc_ws/tros_ws/install/lib/orb_slam3_example_ros2/rgbd_inertial
-- Up-to-date: /cc_ws/tros_ws/install/lib/orb_slam3_example_ros2/rgbd
-- Up-to-date: /cc_ws/tros_ws/install/lib/orb_slam3_example_ros2/mono_inertial
-- Up-to-date: /cc_ws/tros_ws/install/lib/orb_slam3_example_ros2/mono
-- Up-to-date: /cc_ws/tros_ws/install/share/ament_index/resource_index/package_run_dependencies/orb_slam3_example_ros2
-- Up-to-date: /cc_ws/tros_ws/install/share/ament_index/resource_index/parent_prefix_path/orb_slam3_example_ros2
-- Up-to-date: /cc_ws/tros_ws/install/share/orb_slam3_example_ros2/environment/ament_prefix_path.sh
-- Installing: /cc_ws/tros_ws/install/share/orb_slam3_example_ros2/environment/ament_prefix_path.dsv
-- Up-to-date: /cc_ws/tros_ws/install/share/orb_slam3_example_ros2/environment/path.sh
-- Installing: /cc_ws/tros_ws/install/share/orb_slam3_example_ros2/environment/path.dsv
-- Up-to-date: /cc_ws/tros_ws/install/share/orb_slam3_example_ros2/local_setup.bash
-- Up-to-date: /cc_ws/tros_ws/install/share/orb_slam3_example_ros2/local_setup.sh
-- Up-to-date: /cc_ws/tros_ws/install/share/orb_slam3_example_ros2/local_setup.zsh
-- Installing: /cc_ws/tros_ws/install/share/orb_slam3_example_ros2/local_setup.dsv
-- Installing: /cc_ws/tros_ws/install/share/orb_slam3_example_ros2/package.dsv
-- Up-to-date: /cc_ws/tros_ws/install/share/ament_index/resource_index/packages/orb_slam3_example_ros2
-- Up-to-date: /cc_ws/tros_ws/install/share/orb_slam3_example_ros2/cmake/orb_slam3_example_ros2Config.cmake
-- Up-to-date: /cc_ws/tros_ws/install/share/orb_slam3_example_ros2/cmake/orb_slam3_example_ros2Config-version.cmake
-- Up-to-date: /cc_ws/tros_ws/install/share/orb_slam3_example_ros2/package.xml
