Not searching for unused variables given on the command line.
[0mBuild type: Release[0m
-- Using flag -std=c++17.
[0mOPENCV VERSION:[0m
[0m4.5.4[0m
-- Found ament_cmake: 1.3.8 (/opt/ros/humble/share/ament_cmake/cmake)
[33mCMake Warning at CMakeLists.txt:54 (find_package):
  By not providing "Findrealsense2.cmake" in CMAKE_MODULE_PATH this project
  has asked CMake to find a package configuration file provided by
  "realsense2", but CMake did not find one.

  Could not find a package configuration file provided by "realsense2" with
  any of the following names:

    realsense2Config.cmake
    realsense2-config.cmake

  Add the installation prefix of "realsense2" to CMAKE_PREFIX_PATH or set
  "realsense2_DIR" to a directory containing one of the above files.  If
  "realsense2" provides a separate development package or SDK, be sure it has
  been installed.

[0m
-- Found rclcpp: 16.0.8 (/opt/ros/humble/share/rclcpp/cmake)
[33mCMake Warning (dev) at /opt/ros/humble/share/ament_cmake_test/cmake/ament_cmake_test-extras.cmake:19 (option):
  Policy CMP0077 is not set: option() honors normal variables.  Run "cmake
  --help-policy CMP0077" for policy details.  Use the cmake_policy command to
  set the policy and suppress this warning.

  For compatibility with older versions of CMake, option is clearing the
  normal variable 'BUILD_TESTING'.
Call Stack (most recent call first):
  /opt/ros/humble/share/ament_cmake_test/cmake/ament_cmake_testConfig.cmake:41 (include)
  /opt/ros/humble/share/ament_cmake/cmake/ament_cmake_export_dependencies-extras.cmake:21 (find_package)
  /opt/ros/humble/share/ament_cmake/cmake/ament_cmakeConfig.cmake:41 (include)
  CMakeLists.txt:59 (find_package)
This warning is for project developers.  Use -Wno-dev to suppress it.
[0m
-- Found rosidl_generator_c: 3.1.5 (/opt/ros/humble/share/rosidl_generator_c/cmake)
-- Found rosidl_adapter: 3.1.5 (/opt/ros/humble/share/rosidl_adapter/cmake)
-- Found rosidl_generator_cpp: 3.1.5 (/opt/ros/humble/share/rosidl_generator_cpp/cmake)
-- Using all available rosidl_typesupport_c: rosidl_typesupport_fastrtps_c;rosidl_typesupport_introspection_c
-- Using all available rosidl_typesupport_cpp: rosidl_typesupport_fastrtps_cpp;rosidl_typesupport_introspection_cpp
-- Found rmw_implementation_cmake: 6.1.1 (/opt/ros/humble/share/rmw_implementation_cmake/cmake)
-- Found rmw_fastrtps_cpp: 6.2.6 (/opt/ros/humble/share/rmw_fastrtps_cpp/cmake)
-- Using RMW implementation 'rmw_fastrtps_cpp' as default
-- Found sensor_msgs: 4.2.3 (/opt/ros/humble/share/sensor_msgs/cmake)
-- Found nav_msgs: 4.2.3 (/opt/ros/humble/share/nav_msgs/cmake)
-- Found rclcpp_components: 16.0.8 (/opt/ros/humble/share/rclcpp_components/cmake)
-- Found cv_bridge: 3.2.1 (/opt/ros/humble/share/cv_bridge/cmake)
-- Found tf2: 0.25.6 (/opt/ros/humble/share/tf2/cmake)
-- Found tf2_ros: 0.25.6 (/opt/ros/humble/share/tf2_ros/cmake)
-- Found orb_slam3: 2.3.1 (/cc_ws/tros_ws/robot_dev_config/../install/share/orb_slam3/cmake)
-- Found tf2_geometry_msgs: 0.25.6 (/opt/ros/humble/share/tf2_geometry_msgs/cmake)
-- Found eigen3_cmake_module: 0.1.1 (/opt/ros/humble/share/eigen3_cmake_module/cmake)
-- Ensuring Eigen3 include directory is part of orocos-kdl CMake target
[0morb_slam3 dirs: /cc_ws/sysroot_docker/usr_x5/include/opencv4;/cc_ws/tros_ws/install/include, /cc_ws/tros_ws/install/lib/liborb_slam3.so;/cc_ws/tros_ws/install/lib/libDBoW2.so;/cc_ws/tros_ws/install/lib/libg2o.so;/cc_ws/tros_ws/install/lib/liborb_slam3.so;/cc_ws/tros_ws/install/lib/libdnn_node.so;alog;gflags;dnn;cnn_intf;hbrt_bayes_aarch64;rclcpp::rclcpp;std_msgs::std_msgs__rosidl_generator_c;std_msgs::std_msgs__rosidl_typesupport_fastrtps_c;std_msgs::std_msgs__rosidl_generator_cpp;std_msgs::std_msgs__rosidl_typesupport_fastrtps_cpp;std_msgs::std_msgs__rosidl_typesupport_introspection_c;std_msgs::std_msgs__rosidl_typesupport_c;std_msgs::std_msgs__rosidl_typesupport_introspection_cpp;std_msgs::std_msgs__rosidl_typesupport_cpp;std_msgs::std_msgs__rosidl_generator_py;opencv_calib3d;opencv_core;opencv_dnn;opencv_features2d;opencv_flann;opencv_highgui;opencv_imgcodecs;opencv_imgproc;opencv_ml;opencv_objdetect;opencv_photo;opencv_stitching;opencv_video;opencv_videoio;opencv_alphamat;opencv_aruco;opencv_barcode;opencv_bgsegm;opencv_bioinspired;opencv_ccalib;opencv_datasets;opencv_dnn_objdetect;opencv_dnn_superres;opencv_dpm;opencv_face;opencv_freetype;opencv_fuzzy;opencv_hdf;opencv_hfs;opencv_img_hash;opencv_intensity_transform;opencv_line_descriptor;opencv_mcc;opencv_optflow;opencv_phase_unwrapping;opencv_plot;opencv_quality;opencv_rapid;opencv_reg;opencv_rgbd;opencv_saliency;opencv_shape;opencv_stereo;opencv_structured_light;opencv_superres;opencv_surface_matching;opencv_text;opencv_tracking;opencv_videostab;opencv_viz;opencv_wechat_qrcode;opencv_ximgproc;opencv_xobjdetect;opencv_xphoto, [0m
[0mconsole_bridge dir[0m
[0m/cc_ws/sysroot_docker/usr/include[0m
[0m1.0.1[0m
[0morb_slam3 include dirs: /cc_ws/sysroot_docker/usr_x5/include/opencv4;/cc_ws/tros_ws/install/include[0m
-- Configuring done
-- Generating done
-- Build files have been written to: /cc_ws/tros_ws/build/orb_slam3_example_ros2
[35m[1mConsolidate compiler generated dependencies of target stereo[0m
[35m[1mConsolidate compiler generated dependencies of target rgbd_inertial[0m
[35m[1mConsolidate compiler generated dependencies of target stereo_inertial[0m
[ 16%] Built target stereo
[ 33%] Built target rgbd_inertial
[35m[1mConsolidate compiler generated dependencies of target mono[0m
[35m[1mConsolidate compiler generated dependencies of target mono_inertial[0m
[ 50%] Built target stereo_inertial
[35m[1mConsolidate compiler generated dependencies of target rgbd[0m
[ 66%] Built target mono
[ 83%] Built target mono_inertial
[100%] Built target rgbd
-- Install configuration: "Release"
-- Up-to-date: /cc_ws/tros_ws/install/lib/orb_slam3_example_ros2/stereo_inertial
-- Up-to-date: /cc_ws/tros_ws/install/lib/orb_slam3_example_ros2/stereo
-- Up-to-date: /cc_ws/tros_ws/install/lib/orb_slam3_example_ros2/rgbd_inertial
-- Up-to-date: /cc_ws/tros_ws/install/lib/orb_slam3_example_ros2/rgbd
-- Up-to-date: /cc_ws/tros_ws/install/lib/orb_slam3_example_ros2/mono_inertial
-- Up-to-date: /cc_ws/tros_ws/install/lib/orb_slam3_example_ros2/mono
-- Up-to-date: /cc_ws/tros_ws/install/share/ament_index/resource_index/package_run_dependencies/orb_slam3_example_ros2
-- Up-to-date: /cc_ws/tros_ws/install/share/ament_index/resource_index/parent_prefix_path/orb_slam3_example_ros2
-- Up-to-date: /cc_ws/tros_ws/install/share/orb_slam3_example_ros2/environment/ament_prefix_path.sh
-- Installing: /cc_ws/tros_ws/install/share/orb_slam3_example_ros2/environment/ament_prefix_path.dsv
-- Up-to-date: /cc_ws/tros_ws/install/share/orb_slam3_example_ros2/environment/path.sh
-- Installing: /cc_ws/tros_ws/install/share/orb_slam3_example_ros2/environment/path.dsv
-- Up-to-date: /cc_ws/tros_ws/install/share/orb_slam3_example_ros2/local_setup.bash
-- Up-to-date: /cc_ws/tros_ws/install/share/orb_slam3_example_ros2/local_setup.sh
-- Up-to-date: /cc_ws/tros_ws/install/share/orb_slam3_example_ros2/local_setup.zsh
-- Installing: /cc_ws/tros_ws/install/share/orb_slam3_example_ros2/local_setup.dsv
-- Installing: /cc_ws/tros_ws/install/share/orb_slam3_example_ros2/package.dsv
-- Up-to-date: /cc_ws/tros_ws/install/share/ament_index/resource_index/packages/orb_slam3_example_ros2
-- Up-to-date: /cc_ws/tros_ws/install/share/orb_slam3_example_ros2/cmake/orb_slam3_example_ros2Config.cmake
-- Up-to-date: /cc_ws/tros_ws/install/share/orb_slam3_example_ros2/cmake/orb_slam3_example_ros2Config-version.cmake
-- Up-to-date: /cc_ws/tros_ws/install/share/orb_slam3_example_ros2/package.xml
