[0.243s] Invoking command in '/cc_ws/tros_ws/build/orb_slam3_example_ros2': AMENT_PREFIX_PATH=/cc_ws/tros_ws/install:${AMENT_PREFIX_PATH} CMAKE_PREFIX_PATH=/cc_ws/tros_ws/install:/opt/ros/humble LD_LIBRARY_PATH=/cc_ws/tros_ws/install/lib:/opt/ros/humble/opt/rviz_ogre_vendor/lib:/opt/ros/humble/lib/aarch64-linux-gnu:/opt/ros/humble/lib:/cc_ws/userdata/hobot/opt/hobot/deps PYTHONPATH=/cc_ws/tros_ws/install/lib/python3.10/site-packages:${PYTHONPATH} /usr/bin/cmake /cc_ws/tros_ws/src/box/orb_slam3/orb_slam3_example_ros2 -DCMAKE_EXPORT_COMPILE_COMMANDS=ON --no-warn-unused-cli -DCMAKE_TOOLCHAIN_FILE=/cc_ws/tros_ws/robot_dev_config/aarch64_toolchainfile.cmake -DPLATFORM_X5=ON -DTHIRDPARTY=ON -DBUILD_TESTING=OFF -DCMAKE_BUILD_RPATH=/cc_ws/tros_ws/build/poco_vendor/poco_external_project_install/lib/;/cc_ws/tros_ws/build/libyaml_vendor/libyaml_install/lib/ -DCMAKE_INSTALL_PREFIX=/cc_ws/tros_ws/install
[0.280s] Not searching for unused variables given on the command line.
[0.332s] [0mBuild type: Release[0m
[0.334s] -- Using flag -std=c++17.
[0.356s] [0mOPENCV VERSION:[0m
[0.378s] [0m4.5.4[0m
[0.421s] -- Found ament_cmake: 1.3.8 (/opt/ros/humble/share/ament_cmake/cmake)
[0.423s] [33mCMake Warning at CMakeLists.txt:54 (find_package):
[0.423s]   By not providing "Findrealsense2.cmake" in CMAKE_MODULE_PATH this project
[0.424s]   has asked CMake to find a package configuration file provided by
[0.424s]   "realsense2", but CMake did not find one.
[0.424s] 
[0.425s]   Could not find a package configuration file provided by "realsense2" with
[0.425s]   any of the following names:
[0.425s] 
[0.425s]     realsense2Config.cmake
[0.426s]     realsense2-config.cmake
[0.426s] 
[0.426s]   Add the installation prefix of "realsense2" to CMAKE_PREFIX_PATH or set
[0.426s]   "realsense2_DIR" to a directory containing one of the above files.  If
[0.427s]   "realsense2" provides a separate development package or SDK, be sure it has
[0.427s]   been installed.
[0.427s] 
[0.427s] [0m
[0.960s] -- Found rclcpp: 16.0.8 (/opt/ros/humble/share/rclcpp/cmake)
[0.961s] [33mCMake Warning (dev) at /opt/ros/humble/share/ament_cmake_test/cmake/ament_cmake_test-extras.cmake:19 (option):
[0.961s]   Policy CMP0077 is not set: option() honors normal variables.  Run "cmake
[0.961s]   --help-policy CMP0077" for policy details.  Use the cmake_policy command to
[0.962s]   set the policy and suppress this warning.
[0.962s] 
[0.962s]   For compatibility with older versions of CMake, option is clearing the
[0.962s]   normal variable 'BUILD_TESTING'.
[0.963s] Call Stack (most recent call first):
[0.963s]   /opt/ros/humble/share/ament_cmake_test/cmake/ament_cmake_testConfig.cmake:41 (include)
[0.963s]   /opt/ros/humble/share/ament_cmake/cmake/ament_cmake_export_dependencies-extras.cmake:21 (find_package)
[0.963s]   /opt/ros/humble/share/ament_cmake/cmake/ament_cmakeConfig.cmake:41 (include)
[0.963s]   CMakeLists.txt:59 (find_package)
[0.964s] This warning is for project developers.  Use -Wno-dev to suppress it.
[0.964s] [0m
[1.089s] -- Found rosidl_generator_c: 3.1.5 (/opt/ros/humble/share/rosidl_generator_c/cmake)
[1.103s] -- Found rosidl_adapter: 3.1.5 (/opt/ros/humble/share/rosidl_adapter/cmake)
[1.157s] -- Found rosidl_generator_cpp: 3.1.5 (/opt/ros/humble/share/rosidl_generator_cpp/cmake)
[1.260s] -- Using all available rosidl_typesupport_c: rosidl_typesupport_fastrtps_c;rosidl_typesupport_introspection_c
[1.350s] -- Using all available rosidl_typesupport_cpp: rosidl_typesupport_fastrtps_cpp;rosidl_typesupport_introspection_cpp
[1.739s] -- Found rmw_implementation_cmake: 6.1.1 (/opt/ros/humble/share/rmw_implementation_cmake/cmake)
[1.744s] -- Found rmw_fastrtps_cpp: 6.2.6 (/opt/ros/humble/share/rmw_fastrtps_cpp/cmake)
[2.607s] -- Using RMW implementation 'rmw_fastrtps_cpp' as default
[3.479s] -- Found sensor_msgs: 4.2.3 (/opt/ros/humble/share/sensor_msgs/cmake)
[4.034s] -- Found nav_msgs: 4.2.3 (/opt/ros/humble/share/nav_msgs/cmake)
[4.413s] -- Found rclcpp_components: 16.0.8 (/opt/ros/humble/share/rclcpp_components/cmake)
[4.688s] -- Found cv_bridge: 3.2.1 (/opt/ros/humble/share/cv_bridge/cmake)
[4.708s] -- Found tf2: 0.25.6 (/opt/ros/humble/share/tf2/cmake)
[4.736s] -- Found tf2_ros: 0.25.6 (/opt/ros/humble/share/tf2_ros/cmake)
[5.882s] -- Found orb_slam3: 2.3.1 (/cc_ws/tros_ws/robot_dev_config/../install/share/orb_slam3/cmake)
[5.901s] -- Found tf2_geometry_msgs: 0.25.6 (/opt/ros/humble/share/tf2_geometry_msgs/cmake)
[5.915s] -- Found eigen3_cmake_module: 0.1.1 (/opt/ros/humble/share/eigen3_cmake_module/cmake)
[5.921s] -- Ensuring Eigen3 include directory is part of orocos-kdl CMake target
[5.967s] [0morb_slam3 dirs: /cc_ws/sysroot_docker/usr_x5/include/opencv4;/cc_ws/tros_ws/install/include, /cc_ws/tros_ws/install/lib/liborb_slam3.so;/cc_ws/tros_ws/install/lib/libDBoW2.so;/cc_ws/tros_ws/install/lib/libg2o.so;/cc_ws/tros_ws/install/lib/liborb_slam3.so;/cc_ws/tros_ws/install/lib/libdnn_node.so;alog;gflags;dnn;cnn_intf;hbrt_bayes_aarch64;rclcpp::rclcpp;std_msgs::std_msgs__rosidl_generator_c;std_msgs::std_msgs__rosidl_typesupport_fastrtps_c;std_msgs::std_msgs__rosidl_generator_cpp;std_msgs::std_msgs__rosidl_typesupport_fastrtps_cpp;std_msgs::std_msgs__rosidl_typesupport_introspection_c;std_msgs::std_msgs__rosidl_typesupport_c;std_msgs::std_msgs__rosidl_typesupport_introspection_cpp;std_msgs::std_msgs__rosidl_typesupport_cpp;std_msgs::std_msgs__rosidl_generator_py;opencv_calib3d;opencv_core;opencv_dnn;opencv_features2d;opencv_flann;opencv_highgui;opencv_imgcodecs;opencv_imgproc;opencv_ml;opencv_objdetect;opencv_photo;opencv_stitching;opencv_video;opencv_videoio;opencv_alphamat;opencv_aruco;opencv_barcode;opencv_bgsegm;opencv_bioinspired;opencv_ccalib;opencv_datasets;opencv_dnn_objdetect;opencv_dnn_superres;opencv_dpm;opencv_face;opencv_freetype;opencv_fuzzy;opencv_hdf;opencv_hfs;opencv_img_hash;opencv_intensity_transform;opencv_line_descriptor;opencv_mcc;opencv_optflow;opencv_phase_unwrapping;opencv_plot;opencv_quality;opencv_rapid;opencv_reg;opencv_rgbd;opencv_saliency;opencv_shape;opencv_stereo;opencv_structured_light;opencv_superres;opencv_surface_matching;opencv_text;opencv_tracking;opencv_videostab;opencv_viz;opencv_wechat_qrcode;opencv_ximgproc;opencv_xobjdetect;opencv_xphoto, [0m
[5.967s] [0mconsole_bridge dir[0m
[5.968s] [0m/cc_ws/sysroot_docker/usr/include[0m
[5.968s] [0m1.0.1[0m
[5.969s] [0morb_slam3 include dirs: /cc_ws/sysroot_docker/usr_x5/include/opencv4;/cc_ws/tros_ws/install/include[0m
[6.414s] -- Configuring done
[6.853s] -- Generating done
[6.866s] -- Build files have been written to: /cc_ws/tros_ws/build/orb_slam3_example_ros2
[6.927s] Invoked command in '/cc_ws/tros_ws/build/orb_slam3_example_ros2' returned '0': AMENT_PREFIX_PATH=/cc_ws/tros_ws/install:${AMENT_PREFIX_PATH} CMAKE_PREFIX_PATH=/cc_ws/tros_ws/install:/opt/ros/humble LD_LIBRARY_PATH=/cc_ws/tros_ws/install/lib:/opt/ros/humble/opt/rviz_ogre_vendor/lib:/opt/ros/humble/lib/aarch64-linux-gnu:/opt/ros/humble/lib:/cc_ws/userdata/hobot/opt/hobot/deps PYTHONPATH=/cc_ws/tros_ws/install/lib/python3.10/site-packages:${PYTHONPATH} /usr/bin/cmake /cc_ws/tros_ws/src/box/orb_slam3/orb_slam3_example_ros2 -DCMAKE_EXPORT_COMPILE_COMMANDS=ON --no-warn-unused-cli -DCMAKE_TOOLCHAIN_FILE=/cc_ws/tros_ws/robot_dev_config/aarch64_toolchainfile.cmake -DPLATFORM_X5=ON -DTHIRDPARTY=ON -DBUILD_TESTING=OFF -DCMAKE_BUILD_RPATH=/cc_ws/tros_ws/build/poco_vendor/poco_external_project_install/lib/;/cc_ws/tros_ws/build/libyaml_vendor/libyaml_install/lib/ -DCMAKE_INSTALL_PREFIX=/cc_ws/tros_ws/install
[6.936s] Invoking command in '/cc_ws/tros_ws/build/orb_slam3_example_ros2': AMENT_PREFIX_PATH=/cc_ws/tros_ws/install:${AMENT_PREFIX_PATH} CMAKE_PREFIX_PATH=/cc_ws/tros_ws/install:/opt/ros/humble LD_LIBRARY_PATH=/cc_ws/tros_ws/install/lib:/opt/ros/humble/opt/rviz_ogre_vendor/lib:/opt/ros/humble/lib/aarch64-linux-gnu:/opt/ros/humble/lib:/cc_ws/userdata/hobot/opt/hobot/deps PYTHONPATH=/cc_ws/tros_ws/install/lib/python3.10/site-packages:${PYTHONPATH} /usr/bin/cmake --build /cc_ws/tros_ws/build/orb_slam3_example_ros2 -- -j12 -l12
[7.152s] [35m[1mConsolidate compiler generated dependencies of target stereo[0m
[7.186s] [35m[1mConsolidate compiler generated dependencies of target rgbd_inertial[0m
[7.192s] [35m[1mConsolidate compiler generated dependencies of target stereo_inertial[0m
[7.386s] [ 16%] Built target stereo
[7.406s] [ 33%] Built target rgbd_inertial
[7.472s] [35m[1mConsolidate compiler generated dependencies of target mono[0m
[7.478s] [35m[1mConsolidate compiler generated dependencies of target mono_inertial[0m
[7.508s] [ 50%] Built target stereo_inertial
[7.572s] [35m[1mConsolidate compiler generated dependencies of target rgbd[0m
[7.588s] [ 66%] Built target mono
[7.615s] [ 83%] Built target mono_inertial
[7.696s] [100%] Built target rgbd
[7.740s] Invoked command in '/cc_ws/tros_ws/build/orb_slam3_example_ros2' returned '0': AMENT_PREFIX_PATH=/cc_ws/tros_ws/install:${AMENT_PREFIX_PATH} CMAKE_PREFIX_PATH=/cc_ws/tros_ws/install:/opt/ros/humble LD_LIBRARY_PATH=/cc_ws/tros_ws/install/lib:/opt/ros/humble/opt/rviz_ogre_vendor/lib:/opt/ros/humble/lib/aarch64-linux-gnu:/opt/ros/humble/lib:/cc_ws/userdata/hobot/opt/hobot/deps PYTHONPATH=/cc_ws/tros_ws/install/lib/python3.10/site-packages:${PYTHONPATH} /usr/bin/cmake --build /cc_ws/tros_ws/build/orb_slam3_example_ros2 -- -j12 -l12
[8.045s] Invoking command in '/cc_ws/tros_ws/build/orb_slam3_example_ros2': AMENT_PREFIX_PATH=/cc_ws/tros_ws/install:${AMENT_PREFIX_PATH} CMAKE_PREFIX_PATH=/cc_ws/tros_ws/install:/opt/ros/humble LD_LIBRARY_PATH=/cc_ws/tros_ws/install/lib:/opt/ros/humble/opt/rviz_ogre_vendor/lib:/opt/ros/humble/lib/aarch64-linux-gnu:/opt/ros/humble/lib:/cc_ws/userdata/hobot/opt/hobot/deps PYTHONPATH=/cc_ws/tros_ws/install/lib/python3.10/site-packages:${PYTHONPATH} /usr/bin/cmake --install /cc_ws/tros_ws/build/orb_slam3_example_ros2
[8.065s] -- Install configuration: "Release"
[8.066s] -- Up-to-date: /cc_ws/tros_ws/install/lib/orb_slam3_example_ros2/stereo_inertial
[8.067s] -- Up-to-date: /cc_ws/tros_ws/install/lib/orb_slam3_example_ros2/stereo
[8.067s] -- Up-to-date: /cc_ws/tros_ws/install/lib/orb_slam3_example_ros2/rgbd_inertial
[8.068s] -- Up-to-date: /cc_ws/tros_ws/install/lib/orb_slam3_example_ros2/rgbd
[8.069s] -- Up-to-date: /cc_ws/tros_ws/install/lib/orb_slam3_example_ros2/mono_inertial
[8.070s] -- Up-to-date: /cc_ws/tros_ws/install/lib/orb_slam3_example_ros2/mono
[8.071s] -- Up-to-date: /cc_ws/tros_ws/install/share/ament_index/resource_index/package_run_dependencies/orb_slam3_example_ros2
[8.071s] -- Up-to-date: /cc_ws/tros_ws/install/share/ament_index/resource_index/parent_prefix_path/orb_slam3_example_ros2
[8.073s] -- Up-to-date: /cc_ws/tros_ws/install/share/orb_slam3_example_ros2/environment/ament_prefix_path.sh
[8.073s] -- Installing: /cc_ws/tros_ws/install/share/orb_slam3_example_ros2/environment/ament_prefix_path.dsv
[8.074s] -- Up-to-date: /cc_ws/tros_ws/install/share/orb_slam3_example_ros2/environment/path.sh
[8.074s] -- Installing: /cc_ws/tros_ws/install/share/orb_slam3_example_ros2/environment/path.dsv
[8.074s] -- Up-to-date: /cc_ws/tros_ws/install/share/orb_slam3_example_ros2/local_setup.bash
[8.074s] -- Up-to-date: /cc_ws/tros_ws/install/share/orb_slam3_example_ros2/local_setup.sh
[8.075s] -- Up-to-date: /cc_ws/tros_ws/install/share/orb_slam3_example_ros2/local_setup.zsh
[8.075s] -- Installing: /cc_ws/tros_ws/install/share/orb_slam3_example_ros2/local_setup.dsv
[8.075s] -- Installing: /cc_ws/tros_ws/install/share/orb_slam3_example_ros2/package.dsv
[8.075s] -- Up-to-date: /cc_ws/tros_ws/install/share/ament_index/resource_index/packages/orb_slam3_example_ros2
[8.076s] -- Up-to-date: /cc_ws/tros_ws/install/share/orb_slam3_example_ros2/cmake/orb_slam3_example_ros2Config.cmake
[8.077s] -- Up-to-date: /cc_ws/tros_ws/install/share/orb_slam3_example_ros2/cmake/orb_slam3_example_ros2Config-version.cmake
[8.077s] -- Up-to-date: /cc_ws/tros_ws/install/share/orb_slam3_example_ros2/package.xml
[8.096s] Invoked command in '/cc_ws/tros_ws/build/orb_slam3_example_ros2' returned '0': AMENT_PREFIX_PATH=/cc_ws/tros_ws/install:${AMENT_PREFIX_PATH} CMAKE_PREFIX_PATH=/cc_ws/tros_ws/install:/opt/ros/humble LD_LIBRARY_PATH=/cc_ws/tros_ws/install/lib:/opt/ros/humble/opt/rviz_ogre_vendor/lib:/opt/ros/humble/lib/aarch64-linux-gnu:/opt/ros/humble/lib:/cc_ws/userdata/hobot/opt/hobot/deps PYTHONPATH=/cc_ws/tros_ws/install/lib/python3.10/site-packages:${PYTHONPATH} /usr/bin/cmake --install /cc_ws/tros_ws/build/orb_slam3_example_ros2
