[0.103s] Invoking command in '/cc_ws/tros_ws/build/hobot_yolo_world': AMENT_PREFIX_PATH=/cc_ws/tros_ws/install:${AMENT_PREFIX_PATH} CMAKE_PREFIX_PATH=/cc_ws/tros_ws/install:/opt/ros/humble LD_LIBRARY_PATH=/cc_ws/tros_ws/install/lib:/opt/ros/humble/opt/rviz_ogre_vendor/lib:/opt/ros/humble/lib/aarch64-linux-gnu:/opt/ros/humble/lib:/cc_ws/userdata/hobot/opt/hobot/deps PYTHONPATH=/cc_ws/tros_ws/install/lib/python3.10/site-packages:/cc_ws/tros_ws/install/local/lib/python3.10/dist-packages:${PYTHONPATH} /usr/bin/cmake /cc_ws/tros_ws/src/box/hobot_perception/hobot_yolo_world -DCMAKE_EXPORT_COMPILE_COMMANDS=ON --no-warn-unused-cli -DCMAKE_TOOLCHAIN_FILE=/cc_ws/tros_ws/robot_dev_config/aarch64_toolchainfile.cmake -DPLATFORM_X5=ON -DTHIRDPARTY=ON -DBUILD_TESTING=OFF -DCMAKE_BUILD_RPATH=/cc_ws/tros_ws/build/poco_vendor/poco_external_project_install/lib/;/cc_ws/tros_ws/build/libyaml_vendor/libyaml_install/lib/ -DCMAKE_INSTALL_PREFIX=/cc_ws/tros_ws/install
[1.477s] [33mCMake Warning (dev) at /opt/ros/humble/share/ament_cmake_test/cmake/ament_cmake_test-extras.cmake:19 (option):
[1.477s]   Policy CMP0077 is not set: option() honors normal variables.  Run "cmake
[1.478s]   --help-policy CMP0077" for policy details.  Use the cmake_policy command to
[1.478s]   set the policy and suppress this warning.
[1.479s] 
[1.479s]   For compatibility with older versions of CMake, option is clearing the
[1.480s]   normal variable 'BUILD_TESTING'.
[1.480s] Call Stack (most recent call first):
[1.480s]   /opt/ros/humble/share/ament_cmake_test/cmake/ament_cmake_testConfig.cmake:41 (include)
[1.480s]   /opt/ros/humble/share/ament_cmake/cmake/ament_cmake_export_dependencies-extras.cmake:21 (find_package)
[1.480s]   /opt/ros/humble/share/ament_cmake/cmake/ament_cmakeConfig.cmake:41 (include)
[1.481s]   CMakeLists.txt:35 (find_package)
[1.481s] This warning is for project developers.  Use -Wno-dev to suppress it.
[1.481s] [0m
[1.481s] Not searching for unused variables given on the command line.
[1.481s] -- Found ament_cmake: 1.3.8 (/opt/ros/humble/share/ament_cmake/cmake)
[1.482s] -- Found rclcpp: 16.0.8 (/opt/ros/humble/share/rclcpp/cmake)
[1.482s] -- Found rosidl_generator_c: 3.1.5 (/opt/ros/humble/share/rosidl_generator_c/cmake)
[1.482s] -- Found rosidl_adapter: 3.1.5 (/opt/ros/humble/share/rosidl_adapter/cmake)
[1.482s] -- Found rosidl_generator_cpp: 3.1.5 (/opt/ros/humble/share/rosidl_generator_cpp/cmake)
[1.482s] -- Using all available rosidl_typesupport_c: rosidl_typesupport_fastrtps_c;rosidl_typesupport_introspection_c
[1.483s] -- Using all available rosidl_typesupport_cpp: rosidl_typesupport_fastrtps_cpp;rosidl_typesupport_introspection_cpp
[1.483s] -- Found rmw_implementation_cmake: 6.1.1 (/opt/ros/humble/share/rmw_implementation_cmake/cmake)
[1.483s] -- Found rmw_fastrtps_cpp: 6.2.6 (/opt/ros/humble/share/rmw_fastrtps_cpp/cmake)
[1.483s] -- Using RMW implementation 'rmw_fastrtps_cpp' as default
[1.944s] -- Found sensor_msgs: 4.2.3 (/opt/ros/humble/share/sensor_msgs/cmake)
[2.415s] -- Found ai_msgs: 2.0.1 (/cc_ws/tros_ws/robot_dev_config/../install/share/ai_msgs/cmake)
[2.778s] -- Found dnn_node: 2.5.4 (/cc_ws/tros_ws/robot_dev_config/../install/share/dnn_node/cmake)
[2.779s] -- Found cv_bridge: 3.2.1 (/opt/ros/humble/share/cv_bridge/cmake)
[2.847s] [0musing shared mem[0m
[2.848s] -- Found hbm_img_msgs: 2.0.0 (/cc_ws/tros_ws/robot_dev_config/../install/share/hbm_img_msgs/cmake)
[2.978s] [0mbuild platform X5[0m
[2.978s] [0mPREFIX_PATH is x5[0m
[2.978s] [0mSYS_ROOT is /cc_ws/tros_ws/robot_dev_config/../../sysroot_docker[0m
[3.234s] -- Configuring done
[3.284s] -- Generating done
[3.287s] -- Build files have been written to: /cc_ws/tros_ws/build/hobot_yolo_world
[3.311s] Invoked command in '/cc_ws/tros_ws/build/hobot_yolo_world' returned '0': AMENT_PREFIX_PATH=/cc_ws/tros_ws/install:${AMENT_PREFIX_PATH} CMAKE_PREFIX_PATH=/cc_ws/tros_ws/install:/opt/ros/humble LD_LIBRARY_PATH=/cc_ws/tros_ws/install/lib:/opt/ros/humble/opt/rviz_ogre_vendor/lib:/opt/ros/humble/lib/aarch64-linux-gnu:/opt/ros/humble/lib:/cc_ws/userdata/hobot/opt/hobot/deps PYTHONPATH=/cc_ws/tros_ws/install/lib/python3.10/site-packages:/cc_ws/tros_ws/install/local/lib/python3.10/dist-packages:${PYTHONPATH} /usr/bin/cmake /cc_ws/tros_ws/src/box/hobot_perception/hobot_yolo_world -DCMAKE_EXPORT_COMPILE_COMMANDS=ON --no-warn-unused-cli -DCMAKE_TOOLCHAIN_FILE=/cc_ws/tros_ws/robot_dev_config/aarch64_toolchainfile.cmake -DPLATFORM_X5=ON -DTHIRDPARTY=ON -DBUILD_TESTING=OFF -DCMAKE_BUILD_RPATH=/cc_ws/tros_ws/build/poco_vendor/poco_external_project_install/lib/;/cc_ws/tros_ws/build/libyaml_vendor/libyaml_install/lib/ -DCMAKE_INSTALL_PREFIX=/cc_ws/tros_ws/install
[3.312s] Invoking command in '/cc_ws/tros_ws/build/hobot_yolo_world': AMENT_PREFIX_PATH=/cc_ws/tros_ws/install:${AMENT_PREFIX_PATH} CMAKE_PREFIX_PATH=/cc_ws/tros_ws/install:/opt/ros/humble LD_LIBRARY_PATH=/cc_ws/tros_ws/install/lib:/opt/ros/humble/opt/rviz_ogre_vendor/lib:/opt/ros/humble/lib/aarch64-linux-gnu:/opt/ros/humble/lib:/cc_ws/userdata/hobot/opt/hobot/deps PYTHONPATH=/cc_ws/tros_ws/install/lib/python3.10/site-packages:/cc_ws/tros_ws/install/local/lib/python3.10/dist-packages:${PYTHONPATH} /usr/bin/cmake --build /cc_ws/tros_ws/build/hobot_yolo_world -- -j12 -l12
[3.483s] [35m[1mConsolidate compiler generated dependencies of target hobot_yolo_world[0m
[3.558s] [100%] Built target hobot_yolo_world
[3.576s] Invoked command in '/cc_ws/tros_ws/build/hobot_yolo_world' returned '0': AMENT_PREFIX_PATH=/cc_ws/tros_ws/install:${AMENT_PREFIX_PATH} CMAKE_PREFIX_PATH=/cc_ws/tros_ws/install:/opt/ros/humble LD_LIBRARY_PATH=/cc_ws/tros_ws/install/lib:/opt/ros/humble/opt/rviz_ogre_vendor/lib:/opt/ros/humble/lib/aarch64-linux-gnu:/opt/ros/humble/lib:/cc_ws/userdata/hobot/opt/hobot/deps PYTHONPATH=/cc_ws/tros_ws/install/lib/python3.10/site-packages:/cc_ws/tros_ws/install/local/lib/python3.10/dist-packages:${PYTHONPATH} /usr/bin/cmake --build /cc_ws/tros_ws/build/hobot_yolo_world -- -j12 -l12
[3.707s] Invoking command in '/cc_ws/tros_ws/build/hobot_yolo_world': AMENT_PREFIX_PATH=/cc_ws/tros_ws/install:${AMENT_PREFIX_PATH} CMAKE_PREFIX_PATH=/cc_ws/tros_ws/install:/opt/ros/humble LD_LIBRARY_PATH=/cc_ws/tros_ws/install/lib:/opt/ros/humble/opt/rviz_ogre_vendor/lib:/opt/ros/humble/lib/aarch64-linux-gnu:/opt/ros/humble/lib:/cc_ws/userdata/hobot/opt/hobot/deps PYTHONPATH=/cc_ws/tros_ws/install/lib/python3.10/site-packages:/cc_ws/tros_ws/install/local/lib/python3.10/dist-packages:${PYTHONPATH} /usr/bin/cmake --install /cc_ws/tros_ws/build/hobot_yolo_world
[3.725s] -- Install configuration: "RelWithDebInfo"
[3.726s] -- Up-to-date: /cc_ws/tros_ws/install/lib/hobot_yolo_world/hobot_yolo_world
[3.727s] -- Up-to-date: /cc_ws/tros_ws/install/share/hobot_yolo_world/launch
[3.727s] -- Up-to-date: /cc_ws/tros_ws/install/share/hobot_yolo_world/launch/yolo_world.launch.py
[3.727s] -- Up-to-date: /cc_ws/tros_ws/install/lib/hobot_yolo_world/config/
[3.727s] -- Up-to-date: /cc_ws/tros_ws/install/lib/hobot_yolo_world/config//yolo_world.bin
[3.728s] -- Up-to-date: /cc_ws/tros_ws/install/lib/hobot_yolo_world/tool/
[3.728s] -- Up-to-date: /cc_ws/tros_ws/install/lib/hobot_yolo_world/tool//README.md
[3.728s] -- Up-to-date: /cc_ws/tros_ws/install/lib/hobot_yolo_world/tool//clip
[3.728s] -- Up-to-date: /cc_ws/tros_ws/install/lib/hobot_yolo_world/tool//clip/bpe_simple_vocab_16e6.txt.gz
[3.728s] -- Up-to-date: /cc_ws/tros_ws/install/lib/hobot_yolo_world/tool//clip/simple_tokenizer.py
[3.729s] -- Up-to-date: /cc_ws/tros_ws/install/lib/hobot_yolo_world/tool//clip/__init__.py
[3.729s] -- Up-to-date: /cc_ws/tros_ws/install/lib/hobot_yolo_world/tool//clip/clip.py
[3.729s] -- Up-to-date: /cc_ws/tros_ws/install/lib/hobot_yolo_world/tool//README_cn.md
[3.730s] -- Up-to-date: /cc_ws/tros_ws/install/lib/hobot_yolo_world/tool//class.list
[3.730s] -- Up-to-date: /cc_ws/tros_ws/install/lib/hobot_yolo_world/tool//__init__.py
[3.730s] -- Up-to-date: /cc_ws/tros_ws/install/lib/hobot_yolo_world/tool//requirements.txt
[3.730s] -- Up-to-date: /cc_ws/tros_ws/install/lib/hobot_yolo_world/tool//main.py
[3.731s] -- Up-to-date: /cc_ws/tros_ws/install/lib/hobot_yolo_world/config/offline_vocabulary_embeddings.json
[3.731s] -- Up-to-date: /cc_ws/tros_ws/install/lib/hobot_yolo_world/config/yolo_world_test.jpg
[3.731s] -- Up-to-date: /cc_ws/tros_ws/install/share/ament_index/resource_index/package_run_dependencies/hobot_yolo_world
[3.731s] -- Up-to-date: /cc_ws/tros_ws/install/share/ament_index/resource_index/parent_prefix_path/hobot_yolo_world
[3.731s] -- Up-to-date: /cc_ws/tros_ws/install/share/hobot_yolo_world/environment/ament_prefix_path.sh
[3.732s] -- Installing: /cc_ws/tros_ws/install/share/hobot_yolo_world/environment/ament_prefix_path.dsv
[3.732s] -- Up-to-date: /cc_ws/tros_ws/install/share/hobot_yolo_world/environment/path.sh
[3.732s] -- Installing: /cc_ws/tros_ws/install/share/hobot_yolo_world/environment/path.dsv
[3.733s] -- Up-to-date: /cc_ws/tros_ws/install/share/hobot_yolo_world/local_setup.bash
[3.733s] -- Up-to-date: /cc_ws/tros_ws/install/share/hobot_yolo_world/local_setup.sh
[3.733s] -- Up-to-date: /cc_ws/tros_ws/install/share/hobot_yolo_world/local_setup.zsh
[3.733s] -- Installing: /cc_ws/tros_ws/install/share/hobot_yolo_world/local_setup.dsv
[3.733s] -- Installing: /cc_ws/tros_ws/install/share/hobot_yolo_world/package.dsv
[3.734s] -- Up-to-date: /cc_ws/tros_ws/install/share/ament_index/resource_index/packages/hobot_yolo_world
[3.734s] -- Up-to-date: /cc_ws/tros_ws/install/share/hobot_yolo_world/cmake/hobot_yolo_worldConfig.cmake
[3.734s] -- Up-to-date: /cc_ws/tros_ws/install/share/hobot_yolo_world/cmake/hobot_yolo_worldConfig-version.cmake
[3.734s] -- Up-to-date: /cc_ws/tros_ws/install/share/hobot_yolo_world/package.xml
[3.747s] Invoked command in '/cc_ws/tros_ws/build/hobot_yolo_world' returned '0': AMENT_PREFIX_PATH=/cc_ws/tros_ws/install:${AMENT_PREFIX_PATH} CMAKE_PREFIX_PATH=/cc_ws/tros_ws/install:/opt/ros/humble LD_LIBRARY_PATH=/cc_ws/tros_ws/install/lib:/opt/ros/humble/opt/rviz_ogre_vendor/lib:/opt/ros/humble/lib/aarch64-linux-gnu:/opt/ros/humble/lib:/cc_ws/userdata/hobot/opt/hobot/deps PYTHONPATH=/cc_ws/tros_ws/install/lib/python3.10/site-packages:/cc_ws/tros_ws/install/local/lib/python3.10/dist-packages:${PYTHONPATH} /usr/bin/cmake --install /cc_ws/tros_ws/build/hobot_yolo_world
