Not searching for unused variables given on the command line.
-- Found ament_cmake: 1.3.8 (/opt/ros/humble/share/ament_cmake/cmake)
-- Found rclcpp: 16.0.8 (/opt/ros/humble/share/rclcpp/cmake)
-- Found rosidl_generator_c: 3.1.5 (/opt/ros/humble/share/rosidl_generator_c/cmake)
-- Found rosidl_adapter: 3.1.5 (/opt/ros/humble/share/rosidl_adapter/cmake)
-- Found rosidl_generator_cpp: 3.1.5 (/opt/ros/humble/share/rosidl_generator_cpp/cmake)
-- Using all available rosidl_typesupport_c: rosidl_typesupport_fastrtps_c;rosidl_typesupport_introspection_c
-- Using all available rosidl_typesupport_cpp: rosidl_typesupport_fastrtps_cpp;rosidl_typesupport_introspection_cpp
-- Found rmw_implementation_cmake: 6.1.1 (/opt/ros/humble/share/rmw_implementation_cmake/cmake)
-- Found rmw_fastrtps_cpp: 6.2.6 (/opt/ros/humble/share/rmw_fastrtps_cpp/cmake)
-- Using RMW implementation 'rmw_fastrtps_cpp' as default
-- Found rosbag2_cpp: 0.15.9 (/opt/ros/humble/share/rosbag2_cpp/cmake)
-- Configuring done
-- Generating done
-- Build files have been written to: /cc_ws/tros_ws/build/recorder_node
[35m[1mConsolidate compiler generated dependencies of target recorder_node[0m
[ 25%] [32m[1mLinking CXX executable recorder_node[0m
[100%] Built target recorder_node
-- Install configuration: ""
-- Installing: /cc_ws/tros_ws/install/lib/recorder_node/recorder_node
-- Set runtime path of "/cc_ws/tros_ws/install/lib/recorder_node/recorder_node" to ""
-- Up-to-date: /cc_ws/tros_ws/install/share/recorder_node/launch
-- Up-to-date: /cc_ws/tros_ws/install/share/recorder_node/launch/hobot_recorder.launch.py
-- Up-to-date: /cc_ws/tros_ws/install/share/ament_index/resource_index/package_run_dependencies/recorder_node
-- Up-to-date: /cc_ws/tros_ws/install/share/ament_index/resource_index/parent_prefix_path/recorder_node
-- Up-to-date: /cc_ws/tros_ws/install/share/recorder_node/environment/ament_prefix_path.sh
-- Installing: /cc_ws/tros_ws/install/share/recorder_node/environment/ament_prefix_path.dsv
-- Up-to-date: /cc_ws/tros_ws/install/share/recorder_node/environment/path.sh
-- Installing: /cc_ws/tros_ws/install/share/recorder_node/environment/path.dsv
-- Up-to-date: /cc_ws/tros_ws/install/share/recorder_node/local_setup.bash
-- Up-to-date: /cc_ws/tros_ws/install/share/recorder_node/local_setup.sh
-- Up-to-date: /cc_ws/tros_ws/install/share/recorder_node/local_setup.zsh
-- Installing: /cc_ws/tros_ws/install/share/recorder_node/local_setup.dsv
-- Installing: /cc_ws/tros_ws/install/share/recorder_node/package.dsv
-- Up-to-date: /cc_ws/tros_ws/install/share/ament_index/resource_index/packages/recorder_node
-- Up-to-date: /cc_ws/tros_ws/install/share/recorder_node/cmake/recorder_nodeConfig.cmake
-- Up-to-date: /cc_ws/tros_ws/install/share/recorder_node/cmake/recorder_nodeConfig-version.cmake
-- Up-to-date: /cc_ws/tros_ws/install/share/recorder_node/package.xml
