[0.437s] Invoking command in '/cc_ws/tros_ws/build/dnn_node_sample': AMENT_PREFIX_PATH=/cc_ws/tros_ws/install:${AMENT_PREFIX_PATH} CMAKE_PREFIX_PATH=/cc_ws/tros_ws/install:/opt/ros/humble LD_LIBRARY_PATH=/cc_ws/tros_ws/install/lib:/opt/ros/humble/opt/rviz_ogre_vendor/lib:/opt/ros/humble/lib/aarch64-linux-gnu:/opt/ros/humble/lib:/cc_ws/userdata/hobot/opt/hobot/deps PYTHONPATH=/cc_ws/tros_ws/install/lib/python3.10/site-packages:/cc_ws/tros_ws/install/local/lib/python3.10/dist-packages:${PYTHONPATH} /usr/bin/cmake /cc_ws/tros_ws/src/box/hobot_dnn/dnn_node_sample -DCMAKE_EXPORT_COMPILE_COMMANDS=ON --no-warn-unused-cli -DCMAKE_TOOLCHAIN_FILE=/cc_ws/tros_ws/robot_dev_config/aarch64_toolchainfile.cmake -DPLATFORM_X5=ON -DTHIRDPARTY=ON -DBUILD_TESTING=OFF -DCMAKE_BUILD_RPATH=/cc_ws/tros_ws/build/poco_vendor/poco_external_project_install/lib/;/cc_ws/tros_ws/build/libyaml_vendor/libyaml_install/lib/ -DCMAKE_INSTALL_PREFIX=/cc_ws/tros_ws/install
[1.172s] Not searching for unused variables given on the command line.
[1.172s] -- Found ament_cmake: 1.3.8 (/opt/ros/humble/share/ament_cmake/cmake)
[1.172s] -- Found rclcpp: 16.0.8 (/opt/ros/humble/share/rclcpp/cmake)
[1.184s] [33mCMake Warning (dev) at /opt/ros/humble/share/ament_cmake_test/cmake/ament_cmake_test-extras.cmake:19 (option):
[1.184s]   Policy CMP0077 is not set: option() honors normal variables.  Run "cmake
[1.184s]   --help-policy CMP0077" for policy details.  Use the cmake_policy command to
[1.184s]   set the policy and suppress this warning.
[1.184s] 
[1.185s]   For compatibility with older versions of CMake, option is clearing the
[1.185s]   normal variable 'BUILD_TESTING'.
[1.185s] Call Stack (most recent call first):
[1.185s]   /opt/ros/humble/share/ament_cmake_test/cmake/ament_cmake_testConfig.cmake:41 (include)
[1.186s]   /opt/ros/humble/share/ament_cmake/cmake/ament_cmake_export_dependencies-extras.cmake:21 (find_package)
[1.186s]   /opt/ros/humble/share/ament_cmake/cmake/ament_cmakeConfig.cmake:41 (include)
[1.186s]   CMakeLists.txt:19 (find_package)
[1.186s] This warning is for project developers.  Use -Wno-dev to suppress it.
[1.186s] [0m
[1.240s] -- Found rosidl_generator_c: 3.1.5 (/opt/ros/humble/share/rosidl_generator_c/cmake)
[1.260s] -- Found rosidl_adapter: 3.1.5 (/opt/ros/humble/share/rosidl_adapter/cmake)
[1.282s] -- Found rosidl_generator_cpp: 3.1.5 (/opt/ros/humble/share/rosidl_generator_cpp/cmake)
[1.326s] -- Using all available rosidl_typesupport_c: rosidl_typesupport_fastrtps_c;rosidl_typesupport_introspection_c
[1.391s] -- Using all available rosidl_typesupport_cpp: rosidl_typesupport_fastrtps_cpp;rosidl_typesupport_introspection_cpp
[1.647s] -- Found rmw_implementation_cmake: 6.1.1 (/opt/ros/humble/share/rmw_implementation_cmake/cmake)
[1.647s] -- Found rmw_fastrtps_cpp: 6.2.6 (/opt/ros/humble/share/rmw_fastrtps_cpp/cmake)
[2.101s] -- Using RMW implementation 'rmw_fastrtps_cpp' as default
[2.804s] -- Found sensor_msgs: 4.2.3 (/opt/ros/humble/share/sensor_msgs/cmake)
[3.705s] -- Found ai_msgs: 2.0.1 (/cc_ws/tros_ws/robot_dev_config/../install/share/ai_msgs/cmake)
[4.184s] -- Found hbm_img_msgs: 2.0.0 (/cc_ws/tros_ws/robot_dev_config/../install/share/hbm_img_msgs/cmake)
[4.319s] -- Found dnn_node: 2.5.4 (/cc_ws/tros_ws/robot_dev_config/../install/share/dnn_node/cmake)
[4.325s] -- Found hobot_cv: 2.3.2 (/cc_ws/tros_ws/robot_dev_config/../install/share/hobot_cv/cmake)
[4.332s] [0minvalid platform, build platform X3 default[0m
[4.333s] [0mPREFIX_PATH is x3[0m
[4.333s] [0mSYS_ROOT is /cc_ws/tros_ws/robot_dev_config/../../sysroot_docker[0m
[4.333s] [0mhobot_cv_LIBRARIES is /cc_ws/tros_ws/install/lib/libhobot_cv.so[0m
[4.333s] [0mupdate HOBOTCV_LIB_INSTALL_PATH as /cc_ws/tros_ws/install/lib[0m
[4.334s] [0mHOBOTCV_LIB_INSTALL_PATH is /cc_ws/tros_ws/install/lib[0m
[4.631s] -- Configuring done
[4.698s] -- Generating done
[4.704s] -- Build files have been written to: /cc_ws/tros_ws/build/dnn_node_sample
[4.753s] Invoked command in '/cc_ws/tros_ws/build/dnn_node_sample' returned '0': AMENT_PREFIX_PATH=/cc_ws/tros_ws/install:${AMENT_PREFIX_PATH} CMAKE_PREFIX_PATH=/cc_ws/tros_ws/install:/opt/ros/humble LD_LIBRARY_PATH=/cc_ws/tros_ws/install/lib:/opt/ros/humble/opt/rviz_ogre_vendor/lib:/opt/ros/humble/lib/aarch64-linux-gnu:/opt/ros/humble/lib:/cc_ws/userdata/hobot/opt/hobot/deps PYTHONPATH=/cc_ws/tros_ws/install/lib/python3.10/site-packages:/cc_ws/tros_ws/install/local/lib/python3.10/dist-packages:${PYTHONPATH} /usr/bin/cmake /cc_ws/tros_ws/src/box/hobot_dnn/dnn_node_sample -DCMAKE_EXPORT_COMPILE_COMMANDS=ON --no-warn-unused-cli -DCMAKE_TOOLCHAIN_FILE=/cc_ws/tros_ws/robot_dev_config/aarch64_toolchainfile.cmake -DPLATFORM_X5=ON -DTHIRDPARTY=ON -DBUILD_TESTING=OFF -DCMAKE_BUILD_RPATH=/cc_ws/tros_ws/build/poco_vendor/poco_external_project_install/lib/;/cc_ws/tros_ws/build/libyaml_vendor/libyaml_install/lib/ -DCMAKE_INSTALL_PREFIX=/cc_ws/tros_ws/install
[4.754s] Invoking command in '/cc_ws/tros_ws/build/dnn_node_sample': AMENT_PREFIX_PATH=/cc_ws/tros_ws/install:${AMENT_PREFIX_PATH} CMAKE_PREFIX_PATH=/cc_ws/tros_ws/install:/opt/ros/humble LD_LIBRARY_PATH=/cc_ws/tros_ws/install/lib:/opt/ros/humble/opt/rviz_ogre_vendor/lib:/opt/ros/humble/lib/aarch64-linux-gnu:/opt/ros/humble/lib:/cc_ws/userdata/hobot/opt/hobot/deps PYTHONPATH=/cc_ws/tros_ws/install/lib/python3.10/site-packages:/cc_ws/tros_ws/install/local/lib/python3.10/dist-packages:${PYTHONPATH} /usr/bin/cmake --build /cc_ws/tros_ws/build/dnn_node_sample -- -j12 -l12
[4.938s] [35m[1mConsolidate compiler generated dependencies of target dnn_node_sample[0m
[5.056s] [100%] Built target dnn_node_sample
[5.108s] Invoked command in '/cc_ws/tros_ws/build/dnn_node_sample' returned '0': AMENT_PREFIX_PATH=/cc_ws/tros_ws/install:${AMENT_PREFIX_PATH} CMAKE_PREFIX_PATH=/cc_ws/tros_ws/install:/opt/ros/humble LD_LIBRARY_PATH=/cc_ws/tros_ws/install/lib:/opt/ros/humble/opt/rviz_ogre_vendor/lib:/opt/ros/humble/lib/aarch64-linux-gnu:/opt/ros/humble/lib:/cc_ws/userdata/hobot/opt/hobot/deps PYTHONPATH=/cc_ws/tros_ws/install/lib/python3.10/site-packages:/cc_ws/tros_ws/install/local/lib/python3.10/dist-packages:${PYTHONPATH} /usr/bin/cmake --build /cc_ws/tros_ws/build/dnn_node_sample -- -j12 -l12
[5.429s] Invoking command in '/cc_ws/tros_ws/build/dnn_node_sample': AMENT_PREFIX_PATH=/cc_ws/tros_ws/install:${AMENT_PREFIX_PATH} CMAKE_PREFIX_PATH=/cc_ws/tros_ws/install:/opt/ros/humble LD_LIBRARY_PATH=/cc_ws/tros_ws/install/lib:/opt/ros/humble/opt/rviz_ogre_vendor/lib:/opt/ros/humble/lib/aarch64-linux-gnu:/opt/ros/humble/lib:/cc_ws/userdata/hobot/opt/hobot/deps PYTHONPATH=/cc_ws/tros_ws/install/lib/python3.10/site-packages:/cc_ws/tros_ws/install/local/lib/python3.10/dist-packages:${PYTHONPATH} /usr/bin/cmake --install /cc_ws/tros_ws/build/dnn_node_sample
[5.466s] -- Install configuration: ""
[5.466s] -- Up-to-date: /cc_ws/tros_ws/install/lib/dnn_node_sample/dnn_node_sample
[5.467s] -- Up-to-date: /cc_ws/tros_ws/install/lib/dnn_node_sample/config/
[5.467s] -- Up-to-date: /cc_ws/tros_ws/install/lib/dnn_node_sample/config//yolov5_672x672_nv12.bin
[5.467s] -- Up-to-date: /cc_ws/tros_ws/install/lib/dnn_node_sample/config//target.jpg
[5.468s] -- Up-to-date: /cc_ws/tros_ws/install/share/dnn_node_sample/launch
[5.468s] -- Up-to-date: /cc_ws/tros_ws/install/share/dnn_node_sample/launch/dnn_node_sample.launch.py
[5.468s] -- Up-to-date: /cc_ws/tros_ws/install/share/ament_index/resource_index/package_run_dependencies/dnn_node_sample
[5.468s] -- Up-to-date: /cc_ws/tros_ws/install/share/ament_index/resource_index/parent_prefix_path/dnn_node_sample
[5.468s] -- Up-to-date: /cc_ws/tros_ws/install/share/dnn_node_sample/environment/ament_prefix_path.sh
[5.468s] -- Installing: /cc_ws/tros_ws/install/share/dnn_node_sample/environment/ament_prefix_path.dsv
[5.469s] -- Up-to-date: /cc_ws/tros_ws/install/share/dnn_node_sample/environment/path.sh
[5.469s] -- Installing: /cc_ws/tros_ws/install/share/dnn_node_sample/environment/path.dsv
[5.469s] -- Up-to-date: /cc_ws/tros_ws/install/share/dnn_node_sample/local_setup.bash
[5.469s] -- Up-to-date: /cc_ws/tros_ws/install/share/dnn_node_sample/local_setup.sh
[5.469s] -- Up-to-date: /cc_ws/tros_ws/install/share/dnn_node_sample/local_setup.zsh
[5.469s] -- Installing: /cc_ws/tros_ws/install/share/dnn_node_sample/local_setup.dsv
[5.470s] -- Installing: /cc_ws/tros_ws/install/share/dnn_node_sample/package.dsv
[5.470s] -- Up-to-date: /cc_ws/tros_ws/install/share/ament_index/resource_index/packages/dnn_node_sample
[5.470s] -- Up-to-date: /cc_ws/tros_ws/install/share/dnn_node_sample/cmake/dnn_node_sampleConfig.cmake
[5.470s] -- Up-to-date: /cc_ws/tros_ws/install/share/dnn_node_sample/cmake/dnn_node_sampleConfig-version.cmake
[5.470s] -- Up-to-date: /cc_ws/tros_ws/install/share/dnn_node_sample/package.xml
[5.599s] Invoked command in '/cc_ws/tros_ws/build/dnn_node_sample' returned '0': AMENT_PREFIX_PATH=/cc_ws/tros_ws/install:${AMENT_PREFIX_PATH} CMAKE_PREFIX_PATH=/cc_ws/tros_ws/install:/opt/ros/humble LD_LIBRARY_PATH=/cc_ws/tros_ws/install/lib:/opt/ros/humble/opt/rviz_ogre_vendor/lib:/opt/ros/humble/lib/aarch64-linux-gnu:/opt/ros/humble/lib:/cc_ws/userdata/hobot/opt/hobot/deps PYTHONPATH=/cc_ws/tros_ws/install/lib/python3.10/site-packages:/cc_ws/tros_ws/install/local/lib/python3.10/dist-packages:${PYTHONPATH} /usr/bin/cmake --install /cc_ws/tros_ws/build/dnn_node_sample
