[0.061s] Invoking command in '/cc_ws/tros_ws/build/dstereo_occnet': CMAKE_PREFIX_PATH=/opt/ros/humble /usr/bin/cmake /cc_ws/tros_ws/src/box/hobot_perception/dstereo_occnet -DCMAKE_EXPORT_COMPILE_COMMANDS=ON --no-warn-unused-cli -DCMAKE_TOOLCHAIN_FILE=/cc_ws/tros_ws/robot_dev_config/aarch64_toolchainfile.cmake -DPLATFORM_X5=ON -DTHIRDPARTY=ON -DBUILD_TESTING=OFF -DCMAKE_BUILD_RPATH=/cc_ws/tros_ws/build/poco_vendor/poco_external_project_install/lib/;/cc_ws/tros_ws/build/libyaml_vendor/libyaml_install/lib/ -DCMAKE_INSTALL_PREFIX=/cc_ws/tros_ws/install
[0.086s] Not searching for unused variables given on the command line.
[0.086s] -- Found ament_cmake: 1.3.8 (/opt/ros/humble/share/ament_cmake/cmake)
[0.086s] [0m=> build platform X5[0m
[0.275s] [33mCMake Warning (dev) at /opt/ros/humble/share/ament_cmake_test/cmake/ament_cmake_test-extras.cmake:19 (option):
[0.275s]   Policy CMP0077 is not set: option() honors normal variables.  Run "cmake
[0.276s]   --help-policy CMP0077" for policy details.  Use the cmake_policy command to
[0.277s]   set the policy and suppress this warning.
[0.277s] 
[0.277s]   For compatibility with older versions of CMake, option is clearing the
[0.277s]   normal variable 'BUILD_TESTING'.
[0.277s] Call Stack (most recent call first):
[0.277s]   /opt/ros/humble/share/ament_cmake_test/cmake/ament_cmake_testConfig.cmake:41 (include)
[0.277s]   /opt/ros/humble/share/ament_cmake/cmake/ament_cmake_export_dependencies-extras.cmake:21 (find_package)
[0.277s]   /opt/ros/humble/share/ament_cmake/cmake/ament_cmakeConfig.cmake:41 (include)
[0.278s]   CMakeLists.txt:50 (find_package)
[0.278s] This warning is for project developers.  Use -Wno-dev to suppress it.
[0.278s] [0m
[0.300s] -- Found rclcpp: 16.0.8 (/opt/ros/humble/share/rclcpp/cmake)
[0.419s] -- Found rosidl_generator_c: 3.1.5 (/opt/ros/humble/share/rosidl_generator_c/cmake)
[0.419s] -- Found rosidl_adapter: 3.1.5 (/opt/ros/humble/share/rosidl_adapter/cmake)
[0.430s] -- Found rosidl_generator_cpp: 3.1.5 (/opt/ros/humble/share/rosidl_generator_cpp/cmake)
[0.473s] -- Using all available rosidl_typesupport_c: rosidl_typesupport_fastrtps_c;rosidl_typesupport_introspection_c
[0.514s] -- Using all available rosidl_typesupport_cpp: rosidl_typesupport_fastrtps_cpp;rosidl_typesupport_introspection_cpp
[0.671s] -- Found rmw_implementation_cmake: 6.1.1 (/opt/ros/humble/share/rmw_implementation_cmake/cmake)
[0.672s] -- Found rmw_fastrtps_cpp: 6.2.6 (/opt/ros/humble/share/rmw_fastrtps_cpp/cmake)
[0.908s] -- Using RMW implementation 'rmw_fastrtps_cpp' as default
[1.306s] -- Found sensor_msgs: 4.2.3 (/opt/ros/humble/share/sensor_msgs/cmake)
[1.602s] -- Found rclcpp_components: 16.0.8 (/opt/ros/humble/share/rclcpp_components/cmake)
[1.759s] [0mSYS_ROOT is /cc_ws/tros_ws/robot_dev_config/../../sysroot_docker[0m
[2.749s] -- Configuring done
[2.807s] -- Generating done
[2.824s] -- Build files have been written to: /cc_ws/tros_ws/build/dstereo_occnet
[2.922s] Invoked command in '/cc_ws/tros_ws/build/dstereo_occnet' returned '0': CMAKE_PREFIX_PATH=/opt/ros/humble /usr/bin/cmake /cc_ws/tros_ws/src/box/hobot_perception/dstereo_occnet -DCMAKE_EXPORT_COMPILE_COMMANDS=ON --no-warn-unused-cli -DCMAKE_TOOLCHAIN_FILE=/cc_ws/tros_ws/robot_dev_config/aarch64_toolchainfile.cmake -DPLATFORM_X5=ON -DTHIRDPARTY=ON -DBUILD_TESTING=OFF -DCMAKE_BUILD_RPATH=/cc_ws/tros_ws/build/poco_vendor/poco_external_project_install/lib/;/cc_ws/tros_ws/build/libyaml_vendor/libyaml_install/lib/ -DCMAKE_INSTALL_PREFIX=/cc_ws/tros_ws/install
[2.923s] Invoking command in '/cc_ws/tros_ws/build/dstereo_occnet': CMAKE_PREFIX_PATH=/opt/ros/humble /usr/bin/cmake --build /cc_ws/tros_ws/build/dstereo_occnet -- -j12 -l12
[3.165s] [35m[1mConsolidate compiler generated dependencies of target dstereo_occnet_node[0m
[3.166s] [35m[1mConsolidate compiler generated dependencies of target dstereo_occnet_component[0m
[3.166s] [ 18%] Built target dstereo_occnet_node
[3.166s] [100%] Built target dstereo_occnet_component
[3.183s] Invoked command in '/cc_ws/tros_ws/build/dstereo_occnet' returned '0': CMAKE_PREFIX_PATH=/opt/ros/humble /usr/bin/cmake --build /cc_ws/tros_ws/build/dstereo_occnet -- -j12 -l12
[3.365s] Invoking command in '/cc_ws/tros_ws/build/dstereo_occnet': CMAKE_PREFIX_PATH=/opt/ros/humble /usr/bin/cmake --install /cc_ws/tros_ws/build/dstereo_occnet
[3.401s] -- Install configuration: "Release"
[3.402s] -- Up-to-date: /cc_ws/tros_ws/install/lib/dstereo_occnet/dstereo_occnet_node
[3.402s] -- Up-to-date: /cc_ws/tros_ws/install/lib/libdstereo_occnet_component.so
[3.402s] -- Up-to-date: /cc_ws/tros_ws/install/lib/dstereo_occnet/dstereo_occnet_node
[3.402s] -- Up-to-date: /cc_ws/tros_ws/install/share/dstereo_occnet/launch/dstereo_occnet_node.launch.py
[3.402s] -- Up-to-date: /cc_ws/tros_ws/install/share/dstereo_occnet/launch/offline_infer_web_visual.launch.py
[3.402s] -- Up-to-date: /cc_ws/tros_ws/install/share/dstereo_occnet/launch/zed2i_occ_node.launch.py
[3.402s] -- Up-to-date: /cc_ws/tros_ws/install/share/dstereo_occnet/config
[3.402s] -- Up-to-date: /cc_ws/tros_ws/install/share/dstereo_occnet/config/946694496_313445510_right.png
[3.403s] -- Up-to-date: /cc_ws/tros_ws/install/share/dstereo_occnet/config/S100-OCC-32x64x96.hbm
[3.403s] -- Up-to-date: /cc_ws/tros_ws/install/share/dstereo_occnet/config/946694496_313445510_occgrid.txt
[3.403s] -- Up-to-date: /cc_ws/tros_ws/install/share/dstereo_occnet/config/X5-OCC-32x64x96x2_constinput_modified.bin
[3.403s] -- Up-to-date: /cc_ws/tros_ws/install/share/dstereo_occnet/config/946694496_313445510_left.png
[3.403s] -- Up-to-date: /cc_ws/tros_ws/install/share/ament_index/resource_index/package_run_dependencies/dstereo_occnet
[3.403s] -- Up-to-date: /cc_ws/tros_ws/install/share/ament_index/resource_index/parent_prefix_path/dstereo_occnet
[3.403s] -- Up-to-date: /cc_ws/tros_ws/install/share/dstereo_occnet/environment/ament_prefix_path.sh
[3.403s] -- Installing: /cc_ws/tros_ws/install/share/dstereo_occnet/environment/ament_prefix_path.dsv
[3.403s] -- Up-to-date: /cc_ws/tros_ws/install/share/dstereo_occnet/environment/path.sh
[3.404s] -- Installing: /cc_ws/tros_ws/install/share/dstereo_occnet/environment/path.dsv
[3.405s] -- Up-to-date: /cc_ws/tros_ws/install/share/dstereo_occnet/local_setup.bash
[3.406s] -- Up-to-date: /cc_ws/tros_ws/install/share/dstereo_occnet/local_setup.sh
[3.406s] -- Up-to-date: /cc_ws/tros_ws/install/share/dstereo_occnet/local_setup.zsh
[3.406s] -- Installing: /cc_ws/tros_ws/install/share/dstereo_occnet/local_setup.dsv
[3.406s] -- Installing: /cc_ws/tros_ws/install/share/dstereo_occnet/package.dsv
[3.406s] -- Up-to-date: /cc_ws/tros_ws/install/share/ament_index/resource_index/packages/dstereo_occnet
[3.410s] -- Up-to-date: /cc_ws/tros_ws/install/share/ament_index/resource_index/rclcpp_components/dstereo_occnet
[3.410s] -- Up-to-date: /cc_ws/tros_ws/install/share/dstereo_occnet/cmake/dstereo_occnetConfig.cmake
[3.410s] -- Up-to-date: /cc_ws/tros_ws/install/share/dstereo_occnet/cmake/dstereo_occnetConfig-version.cmake
[3.410s] -- Up-to-date: /cc_ws/tros_ws/install/share/dstereo_occnet/package.xml
[3.411s] Invoked command in '/cc_ws/tros_ws/build/dstereo_occnet' returned '0': CMAKE_PREFIX_PATH=/opt/ros/humble /usr/bin/cmake --install /cc_ws/tros_ws/build/dstereo_occnet
