[0.068s] Invoking command in '/cc_ws/tros_ws/build/dstereo_occnet': CMAKE_PREFIX_PATH=/opt/ros/humble /usr/bin/cmake /cc_ws/tros_ws/src/box/hobot_perception/dstereo_occnet -DCMAKE_EXPORT_COMPILE_COMMANDS=ON --no-warn-unused-cli -DCMAKE_TOOLCHAIN_FILE=/cc_ws/tros_ws/robot_dev_config/aarch64_toolchainfile.cmake -DPLATFORM_X5=ON -DTHIRDPARTY=ON -DBUILD_TESTING=OFF -DCMAKE_BUILD_RPATH=/cc_ws/tros_ws/build/poco_vendor/poco_external_project_install/lib/;/cc_ws/tros_ws/build/libyaml_vendor/libyaml_install/lib/ -DCMAKE_INSTALL_PREFIX=/cc_ws/tros_ws/install
[0.102s] Not searching for unused variables given on the command line.
[0.139s] [0m=> build platform X5[0m
[0.140s] -- Found ament_cmake: 1.3.8 (/opt/ros/humble/share/ament_cmake/cmake)
[0.656s] [33mCMake Warning (dev) at /opt/ros/humble/share/ament_cmake_test/cmake/ament_cmake_test-extras.cmake:19 (option):
[0.656s]   Policy CMP0077 is not set: option() honors normal variables.  Run "cmake
[0.656s]   --help-policy CMP0077" for policy details.  Use the cmake_policy command to
[0.656s]   set the policy and suppress this warning.
[0.657s] 
[0.665s]   For compatibility with older versions of CMake, option is clearing the
[0.665s]   normal variable 'BUILD_TESTING'.
[0.666s] Call Stack (most recent call first):
[0.666s]   /opt/ros/humble/share/ament_cmake_test/cmake/ament_cmake_testConfig.cmake:41 (include)
[0.666s]   /opt/ros/humble/share/ament_cmake/cmake/ament_cmake_export_dependencies-extras.cmake:21 (find_package)
[0.666s]   /opt/ros/humble/share/ament_cmake/cmake/ament_cmakeConfig.cmake:41 (include)
[0.667s]   CMakeLists.txt:50 (find_package)
[0.667s] This warning is for project developers.  Use -Wno-dev to suppress it.
[0.667s] [0m
[0.711s] -- Found rclcpp: 16.0.8 (/opt/ros/humble/share/rclcpp/cmake)
[0.829s] -- Found rosidl_generator_c: 3.1.5 (/opt/ros/humble/share/rosidl_generator_c/cmake)
[0.842s] -- Found rosidl_adapter: 3.1.5 (/opt/ros/humble/share/rosidl_adapter/cmake)
[0.866s] -- Found rosidl_generator_cpp: 3.1.5 (/opt/ros/humble/share/rosidl_generator_cpp/cmake)
[0.941s] -- Using all available rosidl_typesupport_c: rosidl_typesupport_fastrtps_c;rosidl_typesupport_introspection_c
[1.127s] -- Using all available rosidl_typesupport_cpp: rosidl_typesupport_fastrtps_cpp;rosidl_typesupport_introspection_cpp
[1.377s] -- Found rmw_implementation_cmake: 6.1.1 (/opt/ros/humble/share/rmw_implementation_cmake/cmake)
[1.377s] -- Found rmw_fastrtps_cpp: 6.2.6 (/opt/ros/humble/share/rmw_fastrtps_cpp/cmake)
[1.776s] -- Using RMW implementation 'rmw_fastrtps_cpp' as default
[2.499s] -- Found sensor_msgs: 4.2.3 (/opt/ros/humble/share/sensor_msgs/cmake)
[3.199s] -- Found rclcpp_components: 16.0.8 (/opt/ros/humble/share/rclcpp_components/cmake)
[3.476s] [0mSYS_ROOT is /cc_ws/tros_ws/robot_dev_config/../../sysroot_docker[0m
[4.908s] -- Configuring done
[5.029s] -- Generating done
[5.045s] -- Build files have been written to: /cc_ws/tros_ws/build/dstereo_occnet
[5.111s] Invoked command in '/cc_ws/tros_ws/build/dstereo_occnet' returned '0': CMAKE_PREFIX_PATH=/opt/ros/humble /usr/bin/cmake /cc_ws/tros_ws/src/box/hobot_perception/dstereo_occnet -DCMAKE_EXPORT_COMPILE_COMMANDS=ON --no-warn-unused-cli -DCMAKE_TOOLCHAIN_FILE=/cc_ws/tros_ws/robot_dev_config/aarch64_toolchainfile.cmake -DPLATFORM_X5=ON -DTHIRDPARTY=ON -DBUILD_TESTING=OFF -DCMAKE_BUILD_RPATH=/cc_ws/tros_ws/build/poco_vendor/poco_external_project_install/lib/;/cc_ws/tros_ws/build/libyaml_vendor/libyaml_install/lib/ -DCMAKE_INSTALL_PREFIX=/cc_ws/tros_ws/install
[5.111s] Invoking command in '/cc_ws/tros_ws/build/dstereo_occnet': CMAKE_PREFIX_PATH=/opt/ros/humble /usr/bin/cmake --build /cc_ws/tros_ws/build/dstereo_occnet -- -j12 -l12
[6.646s] [35m[1mConsolidate compiler generated dependencies of target dstereo_occnet_node[0m
[6.647s] [35m[1mConsolidate compiler generated dependencies of target dstereo_occnet_component[0m
[6.647s] [ 18%] Built target dstereo_occnet_node
[6.647s] [100%] Built target dstereo_occnet_component
[6.730s] Invoked command in '/cc_ws/tros_ws/build/dstereo_occnet' returned '0': CMAKE_PREFIX_PATH=/opt/ros/humble /usr/bin/cmake --build /cc_ws/tros_ws/build/dstereo_occnet -- -j12 -l12
[6.938s] Invoking command in '/cc_ws/tros_ws/build/dstereo_occnet': CMAKE_PREFIX_PATH=/opt/ros/humble /usr/bin/cmake --install /cc_ws/tros_ws/build/dstereo_occnet
[6.963s] -- Install configuration: "Release"
[6.965s] -- Up-to-date: /cc_ws/tros_ws/install/lib/dstereo_occnet/dstereo_occnet_node
[6.968s] -- Up-to-date: /cc_ws/tros_ws/install/lib/libdstereo_occnet_component.so
[6.970s] -- Up-to-date: /cc_ws/tros_ws/install/lib/dstereo_occnet/dstereo_occnet_node
[6.971s] -- Up-to-date: /cc_ws/tros_ws/install/share/dstereo_occnet/launch/dstereo_occnet_node.launch.py
[6.971s] -- Up-to-date: /cc_ws/tros_ws/install/share/dstereo_occnet/launch/offline_infer_web_visual.launch.py
[6.971s] -- Up-to-date: /cc_ws/tros_ws/install/share/dstereo_occnet/launch/zed2i_occ_node.launch.py
[6.972s] -- Up-to-date: /cc_ws/tros_ws/install/share/dstereo_occnet/config
[6.972s] -- Up-to-date: /cc_ws/tros_ws/install/share/dstereo_occnet/config/946694496_313445510_right.png
[6.972s] -- Up-to-date: /cc_ws/tros_ws/install/share/dstereo_occnet/config/S100-OCC-32x64x96.hbm
[6.973s] -- Up-to-date: /cc_ws/tros_ws/install/share/dstereo_occnet/config/946694496_313445510_occgrid.txt
[6.973s] -- Up-to-date: /cc_ws/tros_ws/install/share/dstereo_occnet/config/X5-OCC-32x64x96x2_constinput_modified.bin
[6.973s] -- Up-to-date: /cc_ws/tros_ws/install/share/dstereo_occnet/config/946694496_313445510_left.png
[6.974s] -- Up-to-date: /cc_ws/tros_ws/install/share/ament_index/resource_index/package_run_dependencies/dstereo_occnet
[6.974s] -- Up-to-date: /cc_ws/tros_ws/install/share/ament_index/resource_index/parent_prefix_path/dstereo_occnet
[6.974s] -- Up-to-date: /cc_ws/tros_ws/install/share/dstereo_occnet/environment/ament_prefix_path.sh
[6.974s] -- Installing: /cc_ws/tros_ws/install/share/dstereo_occnet/environment/ament_prefix_path.dsv
[6.974s] -- Up-to-date: /cc_ws/tros_ws/install/share/dstereo_occnet/environment/path.sh
[6.975s] -- Installing: /cc_ws/tros_ws/install/share/dstereo_occnet/environment/path.dsv
[6.975s] -- Up-to-date: /cc_ws/tros_ws/install/share/dstereo_occnet/local_setup.bash
[6.975s] -- Up-to-date: /cc_ws/tros_ws/install/share/dstereo_occnet/local_setup.sh
[6.975s] -- Up-to-date: /cc_ws/tros_ws/install/share/dstereo_occnet/local_setup.zsh
[6.975s] -- Installing: /cc_ws/tros_ws/install/share/dstereo_occnet/local_setup.dsv
[6.976s] -- Installing: /cc_ws/tros_ws/install/share/dstereo_occnet/package.dsv
[6.976s] -- Up-to-date: /cc_ws/tros_ws/install/share/ament_index/resource_index/packages/dstereo_occnet
[6.976s] -- Up-to-date: /cc_ws/tros_ws/install/share/ament_index/resource_index/rclcpp_components/dstereo_occnet
[6.986s] -- Up-to-date: /cc_ws/tros_ws/install/share/dstereo_occnet/cmake/dstereo_occnetConfig.cmake
[6.987s] -- Up-to-date: /cc_ws/tros_ws/install/share/dstereo_occnet/cmake/dstereo_occnetConfig-version.cmake
[6.987s] -- Up-to-date: /cc_ws/tros_ws/install/share/dstereo_occnet/package.xml
[7.008s] Invoked command in '/cc_ws/tros_ws/build/dstereo_occnet' returned '0': CMAKE_PREFIX_PATH=/opt/ros/humble /usr/bin/cmake --install /cc_ws/tros_ws/build/dstereo_occnet
