[0.216s] Invoking command in '/cc_ws/tros_ws/build/tros_perception_fusion': AMENT_PREFIX_PATH=/cc_ws/tros_ws/install:${AMENT_PREFIX_PATH} CMAKE_PREFIX_PATH=/cc_ws/tros_ws/install:/opt/ros/humble LD_LIBRARY_PATH=/cc_ws/tros_ws/install/lib:/opt/ros/humble/opt/rviz_ogre_vendor/lib:/opt/ros/humble/lib/aarch64-linux-gnu:/opt/ros/humble/lib:/cc_ws/userdata/hobot/opt/hobot/deps PYTHONPATH=/cc_ws/tros_ws/install/lib/python3.10/site-packages:/cc_ws/tros_ws/install/local/lib/python3.10/dist-packages:${PYTHONPATH} /usr/bin/cmake /cc_ws/tros_ws/src/box/hobot_perception/tros_perception_fusion/tros_perception_fusion_node -DCMAKE_EXPORT_COMPILE_COMMANDS=ON --no-warn-unused-cli -DCMAKE_TOOLCHAIN_FILE=/cc_ws/tros_ws/robot_dev_config/aarch64_toolchainfile.cmake -DPLATFORM_X5=ON -DTHIRDPARTY=ON -DBUILD_TESTING=OFF -DCMAKE_BUILD_RPATH=/cc_ws/tros_ws/build/poco_vendor/poco_external_project_install/lib/;/cc_ws/tros_ws/build/libyaml_vendor/libyaml_install/lib/ -DCMAKE_INSTALL_PREFIX=/cc_ws/tros_ws/install
[2.089s] [33mCMake Warning (dev) at /opt/ros/humble/share/ament_cmake_test/cmake/ament_cmake_test-extras.cmake:19 (option):
[2.091s]   Policy CMP0077 is not set: option() honors normal variables.  Run "cmake
[2.091s]   --help-policy CMP0077" for policy details.  Use the cmake_policy command to
[2.091s]   set the policy and suppress this warning.
[2.091s] 
[2.092s]   For compatibility with older versions of CMake, option is clearing the
[2.092s]   normal variable 'BUILD_TESTING'.
[2.092s] Call Stack (most recent call first):
[2.092s]   /opt/ros/humble/share/ament_cmake_test/cmake/ament_cmake_testConfig.cmake:41 (include)
[2.101s]   /opt/ros/humble/share/ament_cmake/cmake/ament_cmake_export_dependencies-extras.cmake:21 (find_package)
[2.101s]   /opt/ros/humble/share/ament_cmake/cmake/ament_cmakeConfig.cmake:41 (include)
[2.101s]   CMakeLists.txt:9 (find_package)
[2.102s] This warning is for project developers.  Use -Wno-dev to suppress it.
[2.102s] [0m
[2.105s] Not searching for unused variables given on the command line.
[2.105s] -- Found ament_cmake: 1.3.8 (/opt/ros/humble/share/ament_cmake/cmake)
[2.109s] -- Found rclcpp: 16.0.8 (/opt/ros/humble/share/rclcpp/cmake)
[2.109s] -- Found rosidl_generator_c: 3.1.5 (/opt/ros/humble/share/rosidl_generator_c/cmake)
[2.109s] -- Found rosidl_adapter: 3.1.5 (/opt/ros/humble/share/rosidl_adapter/cmake)
[2.110s] -- Found rosidl_generator_cpp: 3.1.5 (/opt/ros/humble/share/rosidl_generator_cpp/cmake)
[2.110s] -- Using all available rosidl_typesupport_c: rosidl_typesupport_fastrtps_c;rosidl_typesupport_introspection_c
[2.110s] -- Using all available rosidl_typesupport_cpp: rosidl_typesupport_fastrtps_cpp;rosidl_typesupport_introspection_cpp
[2.110s] -- Found rmw_implementation_cmake: 6.1.1 (/opt/ros/humble/share/rmw_implementation_cmake/cmake)
[2.111s] -- Found rmw_fastrtps_cpp: 6.2.6 (/opt/ros/humble/share/rmw_fastrtps_cpp/cmake)
[2.391s] -- Using RMW implementation 'rmw_fastrtps_cpp' as default
[3.168s] -- Found rclcpp_components: 16.0.8 (/opt/ros/humble/share/rclcpp_components/cmake)
[3.429s] -- Found ai_msgs: 2.0.1 (/cc_ws/tros_ws/robot_dev_config/../install/share/ai_msgs/cmake)
[4.586s] -- Found message_filters: 4.3.3 (/opt/ros/humble/share/message_filters/cmake)
[4.617s] -- Found tros_perception_fusion_msgs: 0.0.1 (/cc_ws/tros_ws/robot_dev_config/../install/share/tros_perception_fusion_msgs/cmake)
[5.126s] -- Configuring done
[5.197s] -- Generating done
[5.220s] -- Build files have been written to: /cc_ws/tros_ws/build/tros_perception_fusion
[5.296s] Invoked command in '/cc_ws/tros_ws/build/tros_perception_fusion' returned '0': AMENT_PREFIX_PATH=/cc_ws/tros_ws/install:${AMENT_PREFIX_PATH} CMAKE_PREFIX_PATH=/cc_ws/tros_ws/install:/opt/ros/humble LD_LIBRARY_PATH=/cc_ws/tros_ws/install/lib:/opt/ros/humble/opt/rviz_ogre_vendor/lib:/opt/ros/humble/lib/aarch64-linux-gnu:/opt/ros/humble/lib:/cc_ws/userdata/hobot/opt/hobot/deps PYTHONPATH=/cc_ws/tros_ws/install/lib/python3.10/site-packages:/cc_ws/tros_ws/install/local/lib/python3.10/dist-packages:${PYTHONPATH} /usr/bin/cmake /cc_ws/tros_ws/src/box/hobot_perception/tros_perception_fusion/tros_perception_fusion_node -DCMAKE_EXPORT_COMPILE_COMMANDS=ON --no-warn-unused-cli -DCMAKE_TOOLCHAIN_FILE=/cc_ws/tros_ws/robot_dev_config/aarch64_toolchainfile.cmake -DPLATFORM_X5=ON -DTHIRDPARTY=ON -DBUILD_TESTING=OFF -DCMAKE_BUILD_RPATH=/cc_ws/tros_ws/build/poco_vendor/poco_external_project_install/lib/;/cc_ws/tros_ws/build/libyaml_vendor/libyaml_install/lib/ -DCMAKE_INSTALL_PREFIX=/cc_ws/tros_ws/install
[5.302s] Invoking command in '/cc_ws/tros_ws/build/tros_perception_fusion': AMENT_PREFIX_PATH=/cc_ws/tros_ws/install:${AMENT_PREFIX_PATH} CMAKE_PREFIX_PATH=/cc_ws/tros_ws/install:/opt/ros/humble LD_LIBRARY_PATH=/cc_ws/tros_ws/install/lib:/opt/ros/humble/opt/rviz_ogre_vendor/lib:/opt/ros/humble/lib/aarch64-linux-gnu:/opt/ros/humble/lib:/cc_ws/userdata/hobot/opt/hobot/deps PYTHONPATH=/cc_ws/tros_ws/install/lib/python3.10/site-packages:/cc_ws/tros_ws/install/local/lib/python3.10/dist-packages:${PYTHONPATH} /usr/bin/cmake --build /cc_ws/tros_ws/build/tros_perception_fusion -- -j12 -l12
[5.428s] [35m[1mConsolidate compiler generated dependencies of target tros_perception_fusion_component[0m
[5.465s] [ 50%] Built target tros_perception_fusion_component
[5.501s] [35m[1mConsolidate compiler generated dependencies of target tros_perception_fusion[0m
[5.537s] [ 75%] [32m[1mLinking CXX executable tros_perception_fusion[0m
[5.945s] [100%] Built target tros_perception_fusion
[6.002s] Invoked command in '/cc_ws/tros_ws/build/tros_perception_fusion' returned '0': AMENT_PREFIX_PATH=/cc_ws/tros_ws/install:${AMENT_PREFIX_PATH} CMAKE_PREFIX_PATH=/cc_ws/tros_ws/install:/opt/ros/humble LD_LIBRARY_PATH=/cc_ws/tros_ws/install/lib:/opt/ros/humble/opt/rviz_ogre_vendor/lib:/opt/ros/humble/lib/aarch64-linux-gnu:/opt/ros/humble/lib:/cc_ws/userdata/hobot/opt/hobot/deps PYTHONPATH=/cc_ws/tros_ws/install/lib/python3.10/site-packages:/cc_ws/tros_ws/install/local/lib/python3.10/dist-packages:${PYTHONPATH} /usr/bin/cmake --build /cc_ws/tros_ws/build/tros_perception_fusion -- -j12 -l12
[6.103s] Invoking command in '/cc_ws/tros_ws/build/tros_perception_fusion': AMENT_PREFIX_PATH=/cc_ws/tros_ws/install:${AMENT_PREFIX_PATH} CMAKE_PREFIX_PATH=/cc_ws/tros_ws/install:/opt/ros/humble LD_LIBRARY_PATH=/cc_ws/tros_ws/install/lib:/opt/ros/humble/opt/rviz_ogre_vendor/lib:/opt/ros/humble/lib/aarch64-linux-gnu:/opt/ros/humble/lib:/cc_ws/userdata/hobot/opt/hobot/deps PYTHONPATH=/cc_ws/tros_ws/install/lib/python3.10/site-packages:/cc_ws/tros_ws/install/local/lib/python3.10/dist-packages:${PYTHONPATH} /usr/bin/cmake --install /cc_ws/tros_ws/build/tros_perception_fusion
[6.574s] -- Install configuration: ""
[6.574s] -- Installing: /cc_ws/tros_ws/install/lib/tros_perception_fusion/tros_perception_fusion
[6.574s] -- Set runtime path of "/cc_ws/tros_ws/install/lib/tros_perception_fusion/tros_perception_fusion" to ""
[6.574s] -- Up-to-date: /cc_ws/tros_ws/install/lib/libtros_perception_fusion_component.so
[6.574s] -- Up-to-date: /cc_ws/tros_ws/install/lib/tros_perception_fusion/tros_perception_fusion
[6.575s] -- Up-to-date: /cc_ws/tros_ws/install/share/tros_perception_fusion/launch
[6.575s] -- Up-to-date: /cc_ws/tros_ws/install/share/tros_perception_fusion/launch/perc_fusion.launch.py
[6.575s] -- Up-to-date: /cc_ws/tros_ws/install/share/ament_index/resource_index/package_run_dependencies/tros_perception_fusion
[6.575s] -- Up-to-date: /cc_ws/tros_ws/install/share/ament_index/resource_index/parent_prefix_path/tros_perception_fusion
[6.575s] -- Up-to-date: /cc_ws/tros_ws/install/share/tros_perception_fusion/environment/ament_prefix_path.sh
[6.575s] -- Installing: /cc_ws/tros_ws/install/share/tros_perception_fusion/environment/ament_prefix_path.dsv
[6.576s] -- Up-to-date: /cc_ws/tros_ws/install/share/tros_perception_fusion/environment/path.sh
[6.576s] -- Installing: /cc_ws/tros_ws/install/share/tros_perception_fusion/environment/path.dsv
[6.576s] -- Up-to-date: /cc_ws/tros_ws/install/share/tros_perception_fusion/local_setup.bash
[6.576s] -- Up-to-date: /cc_ws/tros_ws/install/share/tros_perception_fusion/local_setup.sh
[6.576s] -- Up-to-date: /cc_ws/tros_ws/install/share/tros_perception_fusion/local_setup.zsh
[6.577s] -- Installing: /cc_ws/tros_ws/install/share/tros_perception_fusion/local_setup.dsv
[6.577s] -- Installing: /cc_ws/tros_ws/install/share/tros_perception_fusion/package.dsv
[6.577s] -- Up-to-date: /cc_ws/tros_ws/install/share/ament_index/resource_index/packages/tros_perception_fusion
[6.577s] -- Up-to-date: /cc_ws/tros_ws/install/share/ament_index/resource_index/rclcpp_components/tros_perception_fusion
[6.577s] -- Up-to-date: /cc_ws/tros_ws/install/share/tros_perception_fusion/cmake/tros_perception_fusionConfig.cmake
[6.578s] -- Up-to-date: /cc_ws/tros_ws/install/share/tros_perception_fusion/cmake/tros_perception_fusionConfig-version.cmake
[6.578s] -- Up-to-date: /cc_ws/tros_ws/install/share/tros_perception_fusion/package.xml
[6.617s] Invoked command in '/cc_ws/tros_ws/build/tros_perception_fusion' returned '0': AMENT_PREFIX_PATH=/cc_ws/tros_ws/install:${AMENT_PREFIX_PATH} CMAKE_PREFIX_PATH=/cc_ws/tros_ws/install:/opt/ros/humble LD_LIBRARY_PATH=/cc_ws/tros_ws/install/lib:/opt/ros/humble/opt/rviz_ogre_vendor/lib:/opt/ros/humble/lib/aarch64-linux-gnu:/opt/ros/humble/lib:/cc_ws/userdata/hobot/opt/hobot/deps PYTHONPATH=/cc_ws/tros_ws/install/lib/python3.10/site-packages:/cc_ws/tros_ws/install/local/lib/python3.10/dist-packages:${PYTHONPATH} /usr/bin/cmake --install /cc_ws/tros_ws/build/tros_perception_fusion
