Not searching for unused variables given on the command line.
-- The C compiler identification is GNU 11.4.0
-- The CXX compiler identification is GNU 11.4.0
-- Detecting C compiler ABI info
-- Detecting C compiler ABI info - done
-- Check for working C compiler: /usr/bin/aarch64-linux-gnu-gcc - skipped
-- Detecting C compile features
-- Detecting C compile features - done
-- Detecting CXX compiler ABI info
-- Detecting CXX compiler ABI info - done
-- Check for working CXX compiler: /usr/bin/aarch64-linux-gnu-g++ - skipped
-- Detecting CXX compile features
-- Detecting CXX compile features - done
-- Found ament_cmake: 1.3.8 (/opt/ros/humble/share/ament_cmake/cmake)
-- Found Python3: /usr/bin/python3 (found version "3.10.12") found components: Interpreter 
-- Found OpenCV: /cc_ws/sysroot_docker/usr_x5 (found version "4.5.4") 
-- Found rclcpp: 16.0.8 (/opt/ros/humble/share/rclcpp/cmake)
-- Found rosidl_generator_c: 3.1.5 (/opt/ros/humble/share/rosidl_generator_c/cmake)
-- Found rosidl_adapter: 3.1.5 (/opt/ros/humble/share/rosidl_adapter/cmake)
-- Found rosidl_generator_cpp: 3.1.5 (/opt/ros/humble/share/rosidl_generator_cpp/cmake)
-- Using all available rosidl_typesupport_c: rosidl_typesupport_fastrtps_c;rosidl_typesupport_introspection_c
-- Using all available rosidl_typesupport_cpp: rosidl_typesupport_fastrtps_cpp;rosidl_typesupport_introspection_cpp
-- Found rmw_implementation_cmake: 6.1.1 (/opt/ros/humble/share/rmw_implementation_cmake/cmake)
-- Found rmw_fastrtps_cpp: 6.2.6 (/opt/ros/humble/share/rmw_fastrtps_cpp/cmake)
-- Found OpenSSL: /cc_ws/tros_ws/robot_dev_config/../../sysroot_docker/usr/lib/aarch64-linux-gnu/libcrypto.so (found version "3.0.2")  
-- Found FastRTPS: /opt/ros/humble/include  
-- Using RMW implementation 'rmw_fastrtps_cpp' as default
-- Looking for pthread.h
-- Looking for pthread.h - found
-- Performing Test CMAKE_HAVE_LIBC_PTHREAD
-- Performing Test CMAKE_HAVE_LIBC_PTHREAD - Success
-- Found Threads: TRUE  
-- Found sensor_msgs: 4.2.3 (/opt/ros/humble/share/sensor_msgs/cmake)
-- Found dnn_node: 2.5.4 (/cc_ws/tros_ws/robot_dev_config/../install/share/dnn_node/cmake)
-- Found ai_msgs: 2.0.1 (/cc_ws/tros_ws/robot_dev_config/../install/share/ai_msgs/cmake)
-- Found hbm_img_msgs: 2.0.0 (/cc_ws/tros_ws/robot_dev_config/../install/share/hbm_img_msgs/cmake)
-- Configuring done
-- Generating done
-- Build files have been written to: /cc_ws/tros_ws/build/face_age_detection
[ 20%] [32mBuilding CXX object CMakeFiles/face_age_detection.dir/src/main.cpp.o[0m
[ 40%] [32mBuilding CXX object CMakeFiles/face_age_detection.dir/src/ai_msg_manage.cpp.o[0m
[ 60%] [32mBuilding CXX object CMakeFiles/face_age_detection.dir/src/face_age_det_output_parser.cpp.o[0m
[ 80%] [32mBuilding CXX object CMakeFiles/face_age_detection.dir/src/face_age_det_node.cpp.o[0m
[100%] [32m[1mLinking CXX executable face_age_detection[0m
[100%] Built target face_age_detection
-- Install configuration: ""
-- Installing: /cc_ws/tros_ws/install/lib/face_age_detection/face_age_detection
-- Set runtime path of "/cc_ws/tros_ws/install/lib/face_age_detection/face_age_detection" to ""
-- Installing: /cc_ws/tros_ws/install/share/face_age_detection/launch
-- Installing: /cc_ws/tros_ws/install/share/face_age_detection/launch/body_det_face_age_det.launch.py
-- Installing: /cc_ws/tros_ws/install/share/face_age_detection/launch/age_gesture_fusion.launch.py
-- Installing: /cc_ws/tros_ws/install/share/face_age_detection/launch/face_age_det_node.launch.py
-- Installing: /cc_ws/tros_ws/install/share/face_age_detection/launch/body_det_face_age_det_fb.launch.py
-- Installing: /cc_ws/tros_ws/install/share/face_age_detection/config/
-- Installing: /cc_ws/tros_ws/install/share/face_age_detection/config//faceAge.hbm
-- Installing: /cc_ws/tros_ws/install/share/ament_index/resource_index/package_run_dependencies/face_age_detection
-- Installing: /cc_ws/tros_ws/install/share/ament_index/resource_index/parent_prefix_path/face_age_detection
-- Installing: /cc_ws/tros_ws/install/share/face_age_detection/environment/ament_prefix_path.sh
-- Installing: /cc_ws/tros_ws/install/share/face_age_detection/environment/ament_prefix_path.dsv
-- Installing: /cc_ws/tros_ws/install/share/face_age_detection/environment/path.sh
-- Installing: /cc_ws/tros_ws/install/share/face_age_detection/environment/path.dsv
-- Installing: /cc_ws/tros_ws/install/share/face_age_detection/local_setup.bash
-- Installing: /cc_ws/tros_ws/install/share/face_age_detection/local_setup.sh
-- Installing: /cc_ws/tros_ws/install/share/face_age_detection/local_setup.zsh
-- Installing: /cc_ws/tros_ws/install/share/face_age_detection/local_setup.dsv
-- Installing: /cc_ws/tros_ws/install/share/face_age_detection/package.dsv
-- Installing: /cc_ws/tros_ws/install/share/ament_index/resource_index/packages/face_age_detection
-- Installing: /cc_ws/tros_ws/install/share/face_age_detection/cmake/face_age_detectionConfig.cmake
-- Installing: /cc_ws/tros_ws/install/share/face_age_detection/cmake/face_age_detectionConfig-version.cmake
-- Installing: /cc_ws/tros_ws/install/share/face_age_detection/package.xml
