[0.114s] Invoking command in '/cc_ws/tros_ws/build/face_age_detection': AMENT_PREFIX_PATH=/cc_ws/tros_ws/install:${AMENT_PREFIX_PATH} CMAKE_PREFIX_PATH=/cc_ws/tros_ws/install:/opt/ros/humble LD_LIBRARY_PATH=/cc_ws/tros_ws/install/lib:/opt/ros/humble/opt/rviz_ogre_vendor/lib:/opt/ros/humble/lib/aarch64-linux-gnu:/opt/ros/humble/lib:/cc_ws/userdata/hobot/opt/hobot/deps PYTHONPATH=/cc_ws/tros_ws/install/local/lib/python3.10/dist-packages:${PYTHONPATH} /usr/bin/cmake /cc_ws/tros_ws/src/box/hobot_perception/face_age_detection -DCMAKE_EXPORT_COMPILE_COMMANDS=ON --no-warn-unused-cli -DCMAKE_TOOLCHAIN_FILE=/cc_ws/tros_ws/robot_dev_config/aarch64_toolchainfile.cmake -DPLATFORM_X5=ON -DTHIRDPARTY=ON -DBUILD_TESTING=OFF -DCMAKE_BUILD_RPATH=/cc_ws/tros_ws/build/poco_vendor/poco_external_project_install/lib/;/cc_ws/tros_ws/build/libyaml_vendor/libyaml_install/lib/ -DCMAKE_INSTALL_PREFIX=/cc_ws/tros_ws/install
[75.757s] Not searching for unused variables given on the command line.
[75.758s] -- The C compiler identification is GNU 11.4.0
[75.758s] -- The CXX compiler identification is GNU 11.4.0
[75.758s] -- Detecting C compiler ABI info
[75.758s] -- Detecting C compiler ABI info - done
[75.759s] -- Check for working C compiler: /usr/bin/aarch64-linux-gnu-gcc - skipped
[75.759s] -- Detecting C compile features
[75.760s] -- Detecting C compile features - done
[75.760s] -- Detecting CXX compiler ABI info
[75.761s] -- Detecting CXX compiler ABI info - done
[75.761s] -- Check for working CXX compiler: /usr/bin/aarch64-linux-gnu-g++ - skipped
[75.762s] -- Detecting CXX compile features
[75.762s] -- Detecting CXX compile features - done
[75.762s] -- Found ament_cmake: 1.3.8 (/opt/ros/humble/share/ament_cmake/cmake)
[75.762s] -- Found Python3: /usr/bin/python3 (found version "3.10.12") found components: Interpreter 
[75.762s] -- Found OpenCV: /cc_ws/sysroot_docker/usr_x5 (found version "4.5.4") 
[75.763s] -- Found rclcpp: 16.0.8 (/opt/ros/humble/share/rclcpp/cmake)
[75.763s] -- Found rosidl_generator_c: 3.1.5 (/opt/ros/humble/share/rosidl_generator_c/cmake)
[75.763s] -- Found rosidl_adapter: 3.1.5 (/opt/ros/humble/share/rosidl_adapter/cmake)
[75.763s] -- Found rosidl_generator_cpp: 3.1.5 (/opt/ros/humble/share/rosidl_generator_cpp/cmake)
[75.763s] -- Using all available rosidl_typesupport_c: rosidl_typesupport_fastrtps_c;rosidl_typesupport_introspection_c
[75.764s] -- Using all available rosidl_typesupport_cpp: rosidl_typesupport_fastrtps_cpp;rosidl_typesupport_introspection_cpp
[75.764s] -- Found rmw_implementation_cmake: 6.1.1 (/opt/ros/humble/share/rmw_implementation_cmake/cmake)
[75.764s] -- Found rmw_fastrtps_cpp: 6.2.6 (/opt/ros/humble/share/rmw_fastrtps_cpp/cmake)
[75.765s] -- Found OpenSSL: /cc_ws/tros_ws/robot_dev_config/../../sysroot_docker/usr/lib/aarch64-linux-gnu/libcrypto.so (found version "3.0.2")  
[75.765s] -- Found FastRTPS: /opt/ros/humble/include  
[75.765s] -- Using RMW implementation 'rmw_fastrtps_cpp' as default
[75.766s] -- Looking for pthread.h
[75.766s] -- Looking for pthread.h - found
[75.766s] -- Performing Test CMAKE_HAVE_LIBC_PTHREAD
[75.766s] -- Performing Test CMAKE_HAVE_LIBC_PTHREAD - Success
[75.766s] -- Found Threads: TRUE  
[75.767s] -- Found sensor_msgs: 4.2.3 (/opt/ros/humble/share/sensor_msgs/cmake)
[75.767s] -- Found dnn_node: 2.5.4 (/cc_ws/tros_ws/robot_dev_config/../install/share/dnn_node/cmake)
[75.767s] -- Found ai_msgs: 2.0.1 (/cc_ws/tros_ws/robot_dev_config/../install/share/ai_msgs/cmake)
[75.780s] -- Found hbm_img_msgs: 2.0.0 (/cc_ws/tros_ws/robot_dev_config/../install/share/hbm_img_msgs/cmake)
[75.781s] -- Configuring done
[75.781s] -- Generating done
[75.781s] -- Build files have been written to: /cc_ws/tros_ws/build/face_age_detection
[75.781s] [0m=> build for platform X5[0m
[75.782s] [0m=> SYS_ROOT is /cc_ws/tros_ws/robot_dev_config/../../sysroot_docker[0m
[75.782s] [33mCMake Warning (dev) at /opt/ros/humble/share/ament_cmake_test/cmake/ament_cmake_test-extras.cmake:19 (option):
[75.782s]   Policy CMP0077 is not set: option() honors normal variables.  Run "cmake
[75.782s]   --help-policy CMP0077" for policy details.  Use the cmake_policy command to
[75.782s]   set the policy and suppress this warning.
[75.783s] 
[75.783s]   For compatibility with older versions of CMake, option is clearing the
[75.783s]   normal variable 'BUILD_TESTING'.
[75.783s] Call Stack (most recent call first):
[75.783s]   /opt/ros/humble/share/ament_cmake_test/cmake/ament_cmake_testConfig.cmake:41 (include)
[75.784s]   /opt/ros/humble/share/ament_cmake/cmake/ament_cmake_export_dependencies-extras.cmake:21 (find_package)
[75.784s]   /opt/ros/humble/share/ament_cmake/cmake/ament_cmakeConfig.cmake:41 (include)
[75.784s]   CMakeLists.txt:48 (find_package)
[75.784s] This warning is for project developers.  Use -Wno-dev to suppress it.
[75.784s] [0m
[75.871s] Invoked command in '/cc_ws/tros_ws/build/face_age_detection' returned '0': AMENT_PREFIX_PATH=/cc_ws/tros_ws/install:${AMENT_PREFIX_PATH} CMAKE_PREFIX_PATH=/cc_ws/tros_ws/install:/opt/ros/humble LD_LIBRARY_PATH=/cc_ws/tros_ws/install/lib:/opt/ros/humble/opt/rviz_ogre_vendor/lib:/opt/ros/humble/lib/aarch64-linux-gnu:/opt/ros/humble/lib:/cc_ws/userdata/hobot/opt/hobot/deps PYTHONPATH=/cc_ws/tros_ws/install/local/lib/python3.10/dist-packages:${PYTHONPATH} /usr/bin/cmake /cc_ws/tros_ws/src/box/hobot_perception/face_age_detection -DCMAKE_EXPORT_COMPILE_COMMANDS=ON --no-warn-unused-cli -DCMAKE_TOOLCHAIN_FILE=/cc_ws/tros_ws/robot_dev_config/aarch64_toolchainfile.cmake -DPLATFORM_X5=ON -DTHIRDPARTY=ON -DBUILD_TESTING=OFF -DCMAKE_BUILD_RPATH=/cc_ws/tros_ws/build/poco_vendor/poco_external_project_install/lib/;/cc_ws/tros_ws/build/libyaml_vendor/libyaml_install/lib/ -DCMAKE_INSTALL_PREFIX=/cc_ws/tros_ws/install
[75.871s] Invoking command in '/cc_ws/tros_ws/build/face_age_detection': AMENT_PREFIX_PATH=/cc_ws/tros_ws/install:${AMENT_PREFIX_PATH} CMAKE_PREFIX_PATH=/cc_ws/tros_ws/install:/opt/ros/humble LD_LIBRARY_PATH=/cc_ws/tros_ws/install/lib:/opt/ros/humble/opt/rviz_ogre_vendor/lib:/opt/ros/humble/lib/aarch64-linux-gnu:/opt/ros/humble/lib:/cc_ws/userdata/hobot/opt/hobot/deps PYTHONPATH=/cc_ws/tros_ws/install/local/lib/python3.10/dist-packages:${PYTHONPATH} /usr/bin/cmake --build /cc_ws/tros_ws/build/face_age_detection -- -j12 -l12
[75.982s] [ 20%] [32mBuilding CXX object CMakeFiles/face_age_detection.dir/src/main.cpp.o[0m
[93.008s] [ 40%] [32mBuilding CXX object CMakeFiles/face_age_detection.dir/src/ai_msg_manage.cpp.o[0m
[106.640s] [ 60%] [32mBuilding CXX object CMakeFiles/face_age_detection.dir/src/face_age_det_output_parser.cpp.o[0m
[117.587s] [ 80%] [32mBuilding CXX object CMakeFiles/face_age_detection.dir/src/face_age_det_node.cpp.o[0m
[130.056s] [01m[K/cc_ws/tros_ws/src/box/hobot_perception/face_age_detection/src/face_age_det_node.cpp:[m[K In member function ‘[01m[Kint FaceAgeDetNode::NormalizeRoi(const hbDNNRoi*, hbDNNRoi*, float, uint32_t, uint32_t)[m[K’:
[130.056s] [01m[K/cc_ws/tros_ws/src/box/hobot_perception/face_age_detection/src/face_age_det_node.cpp:794:27:[m[K [01;35m[Kwarning: [m[Kcomparison of integer expressions of different signedness: ‘[01m[Kint32_t[m[K’ {aka ‘[01m[Kint[m[K’} and ‘[01m[Kuint32_t[m[K’ {aka ‘[01m[Kunsigned int[m[K’} [[01;35m[K-Wsign-compare[m[K]
[130.057s]   794 |   dst->right = [01;35m[Kdst->right > total_w[m[K ? total_w : dst->right;
[130.057s]       |                [01;35m[K~~~~~~~~~~~^~~~~~~~~[m[K
[130.058s] [01m[K/cc_ws/tros_ws/src/box/hobot_perception/face_age_detection/src/face_age_det_node.cpp:795:29:[m[K [01;35m[Kwarning: [m[Kcomparison of integer expressions of different signedness: ‘[01m[Kint32_t[m[K’ {aka ‘[01m[Kint[m[K’} and ‘[01m[Kuint32_t[m[K’ {aka ‘[01m[Kunsigned int[m[K’} [[01;35m[K-Wsign-compare[m[K]
[130.058s]   795 |   dst->bottom = [01;35m[Kdst->bottom > total_h[m[K ? total_h : dst->bottom;
[130.058s]       |                 [01;35m[K~~~~~~~~~~~~^~~~~~~~~[m[K
[183.203s] [100%] [32m[1mLinking CXX executable face_age_detection[0m
[188.410s] [100%] Built target face_age_detection
[188.450s] Invoked command in '/cc_ws/tros_ws/build/face_age_detection' returned '0': AMENT_PREFIX_PATH=/cc_ws/tros_ws/install:${AMENT_PREFIX_PATH} CMAKE_PREFIX_PATH=/cc_ws/tros_ws/install:/opt/ros/humble LD_LIBRARY_PATH=/cc_ws/tros_ws/install/lib:/opt/ros/humble/opt/rviz_ogre_vendor/lib:/opt/ros/humble/lib/aarch64-linux-gnu:/opt/ros/humble/lib:/cc_ws/userdata/hobot/opt/hobot/deps PYTHONPATH=/cc_ws/tros_ws/install/local/lib/python3.10/dist-packages:${PYTHONPATH} /usr/bin/cmake --build /cc_ws/tros_ws/build/face_age_detection -- -j12 -l12
[188.643s] Invoking command in '/cc_ws/tros_ws/build/face_age_detection': AMENT_PREFIX_PATH=/cc_ws/tros_ws/install:${AMENT_PREFIX_PATH} CMAKE_PREFIX_PATH=/cc_ws/tros_ws/install:/opt/ros/humble LD_LIBRARY_PATH=/cc_ws/tros_ws/install/lib:/opt/ros/humble/opt/rviz_ogre_vendor/lib:/opt/ros/humble/lib/aarch64-linux-gnu:/opt/ros/humble/lib:/cc_ws/userdata/hobot/opt/hobot/deps PYTHONPATH=/cc_ws/tros_ws/install/local/lib/python3.10/dist-packages:${PYTHONPATH} /usr/bin/cmake --install /cc_ws/tros_ws/build/face_age_detection
[210.958s] -- Install configuration: ""
[210.958s] -- Installing: /cc_ws/tros_ws/install/lib/face_age_detection/face_age_detection
[210.958s] -- Set runtime path of "/cc_ws/tros_ws/install/lib/face_age_detection/face_age_detection" to ""
[210.959s] -- Installing: /cc_ws/tros_ws/install/share/face_age_detection/launch
[210.959s] -- Installing: /cc_ws/tros_ws/install/share/face_age_detection/launch/body_det_face_age_det.launch.py
[210.959s] -- Installing: /cc_ws/tros_ws/install/share/face_age_detection/launch/age_gesture_fusion.launch.py
[210.959s] -- Installing: /cc_ws/tros_ws/install/share/face_age_detection/launch/face_age_det_node.launch.py
[210.959s] -- Installing: /cc_ws/tros_ws/install/share/face_age_detection/launch/body_det_face_age_det_fb.launch.py
[210.960s] -- Installing: /cc_ws/tros_ws/install/share/face_age_detection/config/
[210.960s] -- Installing: /cc_ws/tros_ws/install/share/face_age_detection/config//faceAge.hbm
[210.960s] -- Installing: /cc_ws/tros_ws/install/share/ament_index/resource_index/package_run_dependencies/face_age_detection
[210.960s] -- Installing: /cc_ws/tros_ws/install/share/ament_index/resource_index/parent_prefix_path/face_age_detection
[210.960s] -- Installing: /cc_ws/tros_ws/install/share/face_age_detection/environment/ament_prefix_path.sh
[210.961s] -- Installing: /cc_ws/tros_ws/install/share/face_age_detection/environment/ament_prefix_path.dsv
[210.961s] -- Installing: /cc_ws/tros_ws/install/share/face_age_detection/environment/path.sh
[210.961s] -- Installing: /cc_ws/tros_ws/install/share/face_age_detection/environment/path.dsv
[210.961s] -- Installing: /cc_ws/tros_ws/install/share/face_age_detection/local_setup.bash
[210.962s] -- Installing: /cc_ws/tros_ws/install/share/face_age_detection/local_setup.sh
[210.962s] -- Installing: /cc_ws/tros_ws/install/share/face_age_detection/local_setup.zsh
[210.968s] -- Installing: /cc_ws/tros_ws/install/share/face_age_detection/local_setup.dsv
[210.969s] -- Installing: /cc_ws/tros_ws/install/share/face_age_detection/package.dsv
[210.969s] -- Installing: /cc_ws/tros_ws/install/share/ament_index/resource_index/packages/face_age_detection
[210.969s] -- Installing: /cc_ws/tros_ws/install/share/face_age_detection/cmake/face_age_detectionConfig.cmake
[210.970s] -- Installing: /cc_ws/tros_ws/install/share/face_age_detection/cmake/face_age_detectionConfig-version.cmake
[210.971s] -- Installing: /cc_ws/tros_ws/install/share/face_age_detection/package.xml
[211.041s] Invoked command in '/cc_ws/tros_ws/build/face_age_detection' returned '0': AMENT_PREFIX_PATH=/cc_ws/tros_ws/install:${AMENT_PREFIX_PATH} CMAKE_PREFIX_PATH=/cc_ws/tros_ws/install:/opt/ros/humble LD_LIBRARY_PATH=/cc_ws/tros_ws/install/lib:/opt/ros/humble/opt/rviz_ogre_vendor/lib:/opt/ros/humble/lib/aarch64-linux-gnu:/opt/ros/humble/lib:/cc_ws/userdata/hobot/opt/hobot/deps PYTHONPATH=/cc_ws/tros_ws/install/local/lib/python3.10/dist-packages:${PYTHONPATH} /usr/bin/cmake --install /cc_ws/tros_ws/build/face_age_detection
