[0m=> Sensors module available[0m
[0m=> libhidapi: include dir at /cc_ws/tros_ws/robot_dev_config/../../sysroot_docker/usr/include/hidapi[0m
[0m=> libhidapi: libraries at /cc_ws/tros_ws/robot_dev_config/../../sysroot_docker/usr/lib/aarch64-linux-gnu/libhidapi-libusb.so[0m
[0m=> Video module available[0m
[0m=> libusb: include dir at /usr/include/libusb-1.0[0m
[0m=> libusb: libraries at /cc_ws/tros_ws/robot_dev_config/../../sysroot_docker/usr/lib/aarch64-linux-gnu/libusb-1.0.so[0m
[33mCMake Warning (dev) at /opt/ros/humble/share/ament_cmake_test/cmake/ament_cmake_test-extras.cmake:19 (option):
  Policy CMP0077 is not set: option() honors normal variables.  Run "cmake
  --help-policy CMP0077" for policy details.  Use the cmake_policy command to
  set the policy and suppress this warning.

  For compatibility with older versions of CMake, option is clearing the
  normal variable 'BUILD_TESTING'.
Call Stack (most recent call first):
  /opt/ros/humble/share/ament_cmake_test/cmake/ament_cmake_testConfig.cmake:41 (include)
  /opt/ros/humble/share/ament_cmake/cmake/ament_cmake_export_dependencies-extras.cmake:21 (find_package)
  /opt/ros/humble/share/ament_cmake/cmake/ament_cmakeConfig.cmake:41 (include)
  CMakeLists.txt:94 (find_package)
This warning is for project developers.  Use -Wno-dev to suppress it.
[0m
[01m[K/cc_ws/tros_ws/src/box/hobot_sensor/hobot_zed_cam/src/pub_stereo_imgs.cpp:[m[K In member function ‘[01m[Kvoid PubStereoImgsNv12Node::bgr24_to_nv12_neon(uint8_t*, uint8_t*, int, int)[m[K’:
[01m[K/cc_ws/tros_ws/src/box/hobot_sensor/hobot_zed_cam/src/pub_stereo_imgs.cpp:392:48:[m[K [01;35m[Kwarning: [m[Koverflow in conversion from ‘[01m[Kint[m[K’ to ‘[01m[Kint8_t[m[K’ {aka ‘[01m[Ksigned char[m[K’} changes value from ‘[01m[K128[m[K’ to ‘[01m[K-128[m[K’ [[01;35m[K-Woverflow[m[K]
  392 |         const int8x8_t s8_rounding = vdup_n_s8([01;35m[K128[m[K);
      |                                                [01;35m[K^~~[m[K
In file included from [01m[K/cc_ws/tros_ws/src/box/hobot_sensor/hobot_zed_cam/src/pub_stereo_imgs.cpp:21[m[K:
[01m[K/cc_ws/tros_ws/src/box/hobot_sensor/hobot_zed_cam/include/calibration.hpp:[m[K In function ‘[01m[Ksl_oc::tools::ConversionResult sl_oc::tools::ConvertUTF16toUTF8(const UTF16**, const UTF16*, sl_oc::tools::UTF8**, sl_oc::tools::UTF8*, sl_oc::tools::ConversionFlags)[m[K’:
[01m[K/cc_ws/tros_ws/src/box/hobot_sensor/hobot_zed_cam/include/calibration.hpp:3082:24:[m[K [01;35m[Kwarning: [m[Kthis statement may fall through [[01;35m[K-Wimplicit-fallthrough=[m[K]
 3082 |                     [01;35m[Kch >>= 6[m[K;
      |                     [01;35m[K~~~^~~~~[m[K
[01m[K/cc_ws/tros_ws/src/box/hobot_sensor/hobot_zed_cam/include/calibration.hpp:3083:17:[m[K [01;36m[Knote: [m[Khere
 3083 |                 [01;36m[Kcase[m[K 3: *--target = (UTF8) ((ch | byteMark) & byteMask);
      |                 [01;36m[K^~~~[m[K
[01m[K/cc_ws/tros_ws/src/box/hobot_sensor/hobot_zed_cam/include/calibration.hpp:3084:24:[m[K [01;35m[Kwarning: [m[Kthis statement may fall through [[01;35m[K-Wimplicit-fallthrough=[m[K]
 3084 |                     [01;35m[Kch >>= 6[m[K;
      |                     [01;35m[K~~~^~~~~[m[K
[01m[K/cc_ws/tros_ws/src/box/hobot_sensor/hobot_zed_cam/include/calibration.hpp:3085:17:[m[K [01;36m[Knote: [m[Khere
 3085 |                 [01;36m[Kcase[m[K 2: *--target = (UTF8) ((ch | byteMark) & byteMask);
      |                 [01;36m[K^~~~[m[K
[01m[K/cc_ws/tros_ws/src/box/hobot_sensor/hobot_zed_cam/include/calibration.hpp:3086:24:[m[K [01;35m[Kwarning: [m[Kthis statement may fall through [[01;35m[K-Wimplicit-fallthrough=[m[K]
 3086 |                     [01;35m[Kch >>= 6[m[K;
      |                     [01;35m[K~~~^~~~~[m[K
[01m[K/cc_ws/tros_ws/src/box/hobot_sensor/hobot_zed_cam/include/calibration.hpp:3087:17:[m[K [01;36m[Knote: [m[Khere
 3087 |                 [01;36m[Kcase[m[K 1: *--target = (UTF8) (ch | firstByteMark[bytesToWrite]);
      |                 [01;36m[K^~~~[m[K
[01m[K/cc_ws/tros_ws/src/box/hobot_sensor/hobot_zed_cam/include/calibration.hpp:[m[K In function ‘[01m[Kbool sl_oc::tools::isLegalUTF8(const UTF8*, int)[m[K’:
[01m[K/cc_ws/tros_ws/src/box/hobot_sensor/hobot_zed_cam/include/calibration.hpp:3115:21:[m[K [01;35m[Kwarning: [m[Kthis statement may fall through [[01;35m[K-Wimplicit-fallthrough=[m[K]
 3115 |             case 4: [01;35m[Kif[m[K ((a = (*--srcptr)) < 0x80 || a > 0xBF) return false;
      |                     [01;35m[K^~[m[K
[01m[K/cc_ws/tros_ws/src/box/hobot_sensor/hobot_zed_cam/include/calibration.hpp:3116:13:[m[K [01;36m[Knote: [m[Khere
 3116 |             [01;36m[Kcase[m[K 3: if ((a = (*--srcptr)) < 0x80 || a > 0xBF) return false;
      |             [01;36m[K^~~~[m[K
[01m[K/cc_ws/tros_ws/src/box/hobot_sensor/hobot_zed_cam/include/calibration.hpp:3116:21:[m[K [01;35m[Kwarning: [m[Kthis statement may fall through [[01;35m[K-Wimplicit-fallthrough=[m[K]
 3116 |             case 3: [01;35m[Kif[m[K ((a = (*--srcptr)) < 0x80 || a > 0xBF) return false;
      |                     [01;35m[K^~[m[K
[01m[K/cc_ws/tros_ws/src/box/hobot_sensor/hobot_zed_cam/include/calibration.hpp:3117:13:[m[K [01;36m[Knote: [m[Khere
 3117 |             [01;36m[Kcase[m[K 2: if ((a = (*--srcptr)) > 0xBF) return false;
      |             [01;36m[K^~~~[m[K
[01m[K/cc_ws/tros_ws/src/box/hobot_sensor/hobot_zed_cam/include/calibration.hpp:3119:17:[m[K [01;35m[Kwarning: [m[Kthis statement may fall through [[01;35m[K-Wimplicit-fallthrough=[m[K]
 3119 |                 [01;35m[Kswitch[m[K (*source) {
      |                 [01;35m[K^~~~~~[m[K
[01m[K/cc_ws/tros_ws/src/box/hobot_sensor/hobot_zed_cam/include/calibration.hpp:3132:13:[m[K [01;36m[Knote: [m[Khere
 3132 |             [01;36m[Kcase[m[K 1: if (*source >= 0x80 && *source < 0xC2) return false;
      |             [01;36m[K^~~~[m[K
[01m[K/cc_ws/tros_ws/src/box/hobot_sensor/hobot_zed_cam/include/calibration.hpp:[m[K In function ‘[01m[Ksl_oc::tools::ConversionResult sl_oc::tools::ConvertUTF8toUTF16(const UTF8**, const UTF8*, sl_oc::tools::UTF16**, sl_oc::tools::UTF16*, sl_oc::tools::ConversionFlags)[m[K’:
[01m[K/cc_ws/tros_ws/src/box/hobot_sensor/hobot_zed_cam/include/calibration.hpp:3177:24:[m[K [01;35m[Kwarning: [m[Kthis statement may fall through [[01;35m[K-Wimplicit-fallthrough=[m[K]
 3177 |                     [01;35m[Kch <<= 6[m[K; /* remember, illegal UTF-8 */
      |                     [01;35m[K~~~^~~~~[m[K
[01m[K/cc_ws/tros_ws/src/box/hobot_sensor/hobot_zed_cam/include/calibration.hpp:3178:17:[m[K [01;36m[Knote: [m[Khere
 3178 |                 [01;36m[Kcase[m[K 4: ch += *source++;
      |                 [01;36m[K^~~~[m[K
[01m[K/cc_ws/tros_ws/src/box/hobot_sensor/hobot_zed_cam/include/calibration.hpp:3179:24:[m[K [01;35m[Kwarning: [m[Kthis statement may fall through [[01;35m[K-Wimplicit-fallthrough=[m[K]
 3179 |                     [01;35m[Kch <<= 6[m[K; /* remember, illegal UTF-8 */
      |                     [01;35m[K~~~^~~~~[m[K
[01m[K/cc_ws/tros_ws/src/box/hobot_sensor/hobot_zed_cam/include/calibration.hpp:3180:17:[m[K [01;36m[Knote: [m[Khere
 3180 |                 [01;36m[Kcase[m[K 3: ch += *source++;
      |                 [01;36m[K^~~~[m[K
[01m[K/cc_ws/tros_ws/src/box/hobot_sensor/hobot_zed_cam/include/calibration.hpp:3181:24:[m[K [01;35m[Kwarning: [m[Kthis statement may fall through [[01;35m[K-Wimplicit-fallthrough=[m[K]
 3181 |                     [01;35m[Kch <<= 6[m[K;
      |                     [01;35m[K~~~^~~~~[m[K
[01m[K/cc_ws/tros_ws/src/box/hobot_sensor/hobot_zed_cam/include/calibration.hpp:3182:17:[m[K [01;36m[Knote: [m[Khere
 3182 |                 [01;36m[Kcase[m[K 2: ch += *source++;
      |                 [01;36m[K^~~~[m[K
[01m[K/cc_ws/tros_ws/src/box/hobot_sensor/hobot_zed_cam/include/calibration.hpp:3183:24:[m[K [01;35m[Kwarning: [m[Kthis statement may fall through [[01;35m[K-Wimplicit-fallthrough=[m[K]
 3183 |                     [01;35m[Kch <<= 6[m[K;
      |                     [01;35m[K~~~^~~~~[m[K
[01m[K/cc_ws/tros_ws/src/box/hobot_sensor/hobot_zed_cam/include/calibration.hpp:3184:17:[m[K [01;36m[Knote: [m[Khere
 3184 |                 [01;36m[Kcase[m[K 1: ch += *source++;
      |                 [01;36m[K^~~~[m[K
[01m[K/cc_ws/tros_ws/src/box/hobot_sensor/hobot_zed_cam/include/calibration.hpp:3185:24:[m[K [01;35m[Kwarning: [m[Kthis statement may fall through [[01;35m[K-Wimplicit-fallthrough=[m[K]
 3185 |                     [01;35m[Kch <<= 6[m[K;
      |                     [01;35m[K~~~^~~~~[m[K
[01m[K/cc_ws/tros_ws/src/box/hobot_sensor/hobot_zed_cam/include/calibration.hpp:3186:17:[m[K [01;36m[Knote: [m[Khere
 3186 |                 [01;36m[Kcase[m[K 0: ch += *source++;
      |                 [01;36m[K^~~~[m[K
[01m[K/cc_ws/tros_ws/src/box/hobot_sensor/hobot_zed_cam/include/calibration.hpp:[m[K In function ‘[01m[Ksl_oc::tools::ConversionResult sl_oc::tools::ConvertUTF32toUTF8(const UTF32**, const UTF32*, sl_oc::tools::UTF8**, sl_oc::tools::UTF8*, sl_oc::tools::ConversionFlags)[m[K’:
[01m[K/cc_ws/tros_ws/src/box/hobot_sensor/hobot_zed_cam/include/calibration.hpp:3282:24:[m[K [01;35m[Kwarning: [m[Kthis statement may fall through [[01;35m[K-Wimplicit-fallthrough=[m[K]
 3282 |                     [01;35m[Kch >>= 6[m[K;
      |                     [01;35m[K~~~^~~~~[m[K
[01m[K/cc_ws/tros_ws/src/box/hobot_sensor/hobot_zed_cam/include/calibration.hpp:3283:17:[m[K [01;36m[Knote: [m[Khere
 3283 |                 [01;36m[Kcase[m[K 3: *--target = (UTF8) ((ch | byteMark) & byteMask);
      |                 [01;36m[K^~~~[m[K
[01m[K/cc_ws/tros_ws/src/box/hobot_sensor/hobot_zed_cam/include/calibration.hpp:3284:24:[m[K [01;35m[Kwarning: [m[Kthis statement may fall through [[01;35m[K-Wimplicit-fallthrough=[m[K]
 3284 |                     [01;35m[Kch >>= 6[m[K;
      |                     [01;35m[K~~~^~~~~[m[K
[01m[K/cc_ws/tros_ws/src/box/hobot_sensor/hobot_zed_cam/include/calibration.hpp:3285:17:[m[K [01;36m[Knote: [m[Khere
 3285 |                 [01;36m[Kcase[m[K 2: *--target = (UTF8) ((ch | byteMark) & byteMask);
      |                 [01;36m[K^~~~[m[K
[01m[K/cc_ws/tros_ws/src/box/hobot_sensor/hobot_zed_cam/include/calibration.hpp:3286:24:[m[K [01;35m[Kwarning: [m[Kthis statement may fall through [[01;35m[K-Wimplicit-fallthrough=[m[K]
 3286 |                     [01;35m[Kch >>= 6[m[K;
      |                     [01;35m[K~~~^~~~~[m[K
[01m[K/cc_ws/tros_ws/src/box/hobot_sensor/hobot_zed_cam/include/calibration.hpp:3287:17:[m[K [01;36m[Knote: [m[Khere
 3287 |                 [01;36m[Kcase[m[K 1: *--target = (UTF8) (ch | firstByteMark[bytesToWrite]);
      |                 [01;36m[K^~~~[m[K
[01m[K/cc_ws/tros_ws/src/box/hobot_sensor/hobot_zed_cam/include/calibration.hpp:[m[K In function ‘[01m[Ksl_oc::tools::ConversionResult sl_oc::tools::ConvertUTF8toUTF32(const UTF8**, const UTF8*, sl_oc::tools::UTF32**, sl_oc::tools::UTF32*, sl_oc::tools::ConversionFlags)[m[K’:
[01m[K/cc_ws/tros_ws/src/box/hobot_sensor/hobot_zed_cam/include/calibration.hpp:3321:24:[m[K [01;35m[Kwarning: [m[Kthis statement may fall through [[01;35m[K-Wimplicit-fallthrough=[m[K]
 3321 |                     [01;35m[Kch <<= 6[m[K;
      |                     [01;35m[K~~~^~~~~[m[K
[01m[K/cc_ws/tros_ws/src/box/hobot_sensor/hobot_zed_cam/include/calibration.hpp:3322:17:[m[K [01;36m[Knote: [m[Khere
 3322 |                 [01;36m[Kcase[m[K 4: ch += *source++;
      |                 [01;36m[K^~~~[m[K
[01m[K/cc_ws/tros_ws/src/box/hobot_sensor/hobot_zed_cam/include/calibration.hpp:3323:24:[m[K [01;35m[Kwarning: [m[Kthis statement may fall through [[01;35m[K-Wimplicit-fallthrough=[m[K]
 3323 |                     [01;35m[Kch <<= 6[m[K;
      |                     [01;35m[K~~~^~~~~[m[K
[01m[K/cc_ws/tros_ws/src/box/hobot_sensor/hobot_zed_cam/include/calibration.hpp:3324:17:[m[K [01;36m[Knote: [m[Khere
 3324 |                 [01;36m[Kcase[m[K 3: ch += *source++;
      |                 [01;36m[K^~~~[m[K
[01m[K/cc_ws/tros_ws/src/box/hobot_sensor/hobot_zed_cam/include/calibration.hpp:3325:24:[m[K [01;35m[Kwarning: [m[Kthis statement may fall through [[01;35m[K-Wimplicit-fallthrough=[m[K]
 3325 |                     [01;35m[Kch <<= 6[m[K;
      |                     [01;35m[K~~~^~~~~[m[K
[01m[K/cc_ws/tros_ws/src/box/hobot_sensor/hobot_zed_cam/include/calibration.hpp:3326:17:[m[K [01;36m[Knote: [m[Khere
 3326 |                 [01;36m[Kcase[m[K 2: ch += *source++;
      |                 [01;36m[K^~~~[m[K
[01m[K/cc_ws/tros_ws/src/box/hobot_sensor/hobot_zed_cam/include/calibration.hpp:3327:24:[m[K [01;35m[Kwarning: [m[Kthis statement may fall through [[01;35m[K-Wimplicit-fallthrough=[m[K]
 3327 |                     [01;35m[Kch <<= 6[m[K;
      |                     [01;35m[K~~~^~~~~[m[K
[01m[K/cc_ws/tros_ws/src/box/hobot_sensor/hobot_zed_cam/include/calibration.hpp:3328:17:[m[K [01;36m[Knote: [m[Khere
 3328 |                 [01;36m[Kcase[m[K 1: ch += *source++;
      |                 [01;36m[K^~~~[m[K
[01m[K/cc_ws/tros_ws/src/box/hobot_sensor/hobot_zed_cam/include/calibration.hpp:3329:24:[m[K [01;35m[Kwarning: [m[Kthis statement may fall through [[01;35m[K-Wimplicit-fallthrough=[m[K]
 3329 |                     [01;35m[Kch <<= 6[m[K;
      |                     [01;35m[K~~~^~~~~[m[K
[01m[K/cc_ws/tros_ws/src/box/hobot_sensor/hobot_zed_cam/include/calibration.hpp:3330:17:[m[K [01;36m[Knote: [m[Khere
 3330 |                 [01;36m[Kcase[m[K 0: ch += *source++;
      |                 [01;36m[K^~~~[m[K
[01m[K/cc_ws/tros_ws/src/box/hobot_sensor/hobot_zed_cam/src/videocapture.cpp:[m[K In member function ‘[01m[Kbool sl_oc::video::VideoCapture::startCapture()[m[K’:
[01m[K/cc_ws/tros_ws/src/box/hobot_sensor/hobot_zed_cam/src/videocapture.cpp:604:36:[m[K [01;35m[Kwarning: [m[Kmissing initializer for member ‘[01m[Kv4l2_buffer::type[m[K’ [[01;35m[K-Wmissing-field-initializers[m[K]
  604 |         struct v4l2_buffer buf = {0[01;35m[K}[m[K;
      |                                    [01;35m[K^[m[K
[01m[K/cc_ws/tros_ws/src/box/hobot_sensor/hobot_zed_cam/src/videocapture.cpp:604:36:[m[K [01;35m[Kwarning: [m[Kmissing initializer for member ‘[01m[Kv4l2_buffer::bytesused[m[K’ [[01;35m[K-Wmissing-field-initializers[m[K]
[01m[K/cc_ws/tros_ws/src/box/hobot_sensor/hobot_zed_cam/src/videocapture.cpp:604:36:[m[K [01;35m[Kwarning: [m[Kmissing initializer for member ‘[01m[Kv4l2_buffer::flags[m[K’ [[01;35m[K-Wmissing-field-initializers[m[K]
[01m[K/cc_ws/tros_ws/src/box/hobot_sensor/hobot_zed_cam/src/videocapture.cpp:604:36:[m[K [01;35m[Kwarning: [m[Kmissing initializer for member ‘[01m[Kv4l2_buffer::field[m[K’ [[01;35m[K-Wmissing-field-initializers[m[K]
[01m[K/cc_ws/tros_ws/src/box/hobot_sensor/hobot_zed_cam/src/videocapture.cpp:604:36:[m[K [01;35m[Kwarning: [m[Kmissing initializer for member ‘[01m[Kv4l2_buffer::timestamp[m[K’ [[01;35m[K-Wmissing-field-initializers[m[K]
[01m[K/cc_ws/tros_ws/src/box/hobot_sensor/hobot_zed_cam/src/videocapture.cpp:604:36:[m[K [01;35m[Kwarning: [m[Kmissing initializer for member ‘[01m[Kv4l2_buffer::timecode[m[K’ [[01;35m[K-Wmissing-field-initializers[m[K]
[01m[K/cc_ws/tros_ws/src/box/hobot_sensor/hobot_zed_cam/src/videocapture.cpp:604:36:[m[K [01;35m[Kwarning: [m[Kmissing initializer for member ‘[01m[Kv4l2_buffer::sequence[m[K’ [[01;35m[K-Wmissing-field-initializers[m[K]
[01m[K/cc_ws/tros_ws/src/box/hobot_sensor/hobot_zed_cam/src/videocapture.cpp:604:36:[m[K [01;35m[Kwarning: [m[Kmissing initializer for member ‘[01m[Kv4l2_buffer::memory[m[K’ [[01;35m[K-Wmissing-field-initializers[m[K]
[01m[K/cc_ws/tros_ws/src/box/hobot_sensor/hobot_zed_cam/src/videocapture.cpp:604:36:[m[K [01;35m[Kwarning: [m[Kmissing initializer for member ‘[01m[Kv4l2_buffer::m[m[K’ [[01;35m[K-Wmissing-field-initializers[m[K]
[01m[K/cc_ws/tros_ws/src/box/hobot_sensor/hobot_zed_cam/src/videocapture.cpp:604:36:[m[K [01;35m[Kwarning: [m[Kmissing initializer for member ‘[01m[Kv4l2_buffer::length[m[K’ [[01;35m[K-Wmissing-field-initializers[m[K]
[01m[K/cc_ws/tros_ws/src/box/hobot_sensor/hobot_zed_cam/src/videocapture.cpp:604:36:[m[K [01;35m[Kwarning: [m[Kmissing initializer for member ‘[01m[Kv4l2_buffer::reserved2[m[K’ [[01;35m[K-Wmissing-field-initializers[m[K]
[01m[K/cc_ws/tros_ws/src/box/hobot_sensor/hobot_zed_cam/src/videocapture.cpp:604:36:[m[K [01;35m[Kwarning: [m[Kmissing initializer for member ‘[01m[Kv4l2_buffer::<anonymous>[m[K’ [[01;35m[K-Wmissing-field-initializers[m[K]
[01m[K/cc_ws/tros_ws/src/box/hobot_sensor/hobot_zed_cam/src/videocapture.cpp:[m[K In member function ‘[01m[Kint sl_oc::video::VideoCapture::input_set_framerate(int)[m[K’:
[01m[K/cc_ws/tros_ws/src/box/hobot_sensor/hobot_zed_cam/src/videocapture.cpp:657:43:[m[K [01;35m[Kwarning: [m[Kmissing initializer for member ‘[01m[Kv4l2_streamparm::parm[m[K’ [[01;35m[K-Wmissing-field-initializers[m[K]
  657 |     struct v4l2_streamparm streamparm = {0[01;35m[K}[m[K; // v4l2 stream parameters struct
      |                                           [01;35m[K^[m[K
[01m[K/cc_ws/tros_ws/src/box/hobot_sensor/hobot_zed_cam/src/videocapture.cpp:[m[K In member function ‘[01m[Kvoid sl_oc::video::VideoCapture::grabThreadFunc()[m[K’:
[01m[K/cc_ws/tros_ws/src/box/hobot_sensor/hobot_zed_cam/src/videocapture.cpp:763:27:[m[K [01;35m[Kwarning: [m[Kmissing initializer for member ‘[01m[Ktimeval::tv_usec[m[K’ [[01;35m[K-Wmissing-field-initializers[m[K]
  763 |     struct timeval tv = {0[01;35m[K}[m[K;
      |                           [01;35m[K^[m[K
In file included from [01m[K/cc_ws/tros_ws/src/box/hobot_sensor/hobot_zed_cam/include/videocapture.hpp:24[m[K,
                 from [01m[K/cc_ws/tros_ws/src/box/hobot_sensor/hobot_zed_cam/src/videocapture.cpp:21[m[K:
[01m[K/cc_ws/tros_ws/src/box/hobot_sensor/hobot_zed_cam/src/videocapture.cpp:[m[K In member function ‘[01m[Kvoid sl_oc::video::VideoCapture::checkResFps()[m[K’:
[01m[K/cc_ws/tros_ws/src/box/hobot_sensor/hobot_zed_cam/include/defines.hpp:53:183:[m[K [01;35m[Kwarning: [m[Kthis statement may fall through [[01;35m[K-Wimplicit-fallthrough=[m[K]
   53 | { int status_dem_0; if (lvl>=2) std::cerr << "[" << abi::__cxa_demangle(typeid(*this).name(), 0, 0, &status_dem_0) << "] WARNING: " << msg << std::endl; [01;35m[K}[m[K
      |                                                                                                                                                          [01;35m[K^[m[K

[01m[K/cc_ws/tros_ws/src/box/hobot_sensor/hobot_zed_cam/src/videocapture.cpp:210:9:[m[K [01;36m[Knote: [m[Kin expansion of macro ‘[01m[KWARNING_OUT[m[K’
  210 |         [01;36m[KWARNING_OUT[m[K(mParams.verbose,"RESOLUTION not supported. Using the best value");
      |         [01;36m[K^~~~~~~~~~~[m[K
[01m[K/cc_ws/tros_ws/src/box/hobot_sensor/hobot_zed_cam/src/videocapture.cpp:212:5:[m[K [01;36m[Knote: [m[Khere
  212 |     [01;36m[Kcase[m[K RESOLUTION::HD2K:
      |     [01;36m[K^~~~[m[K
