[0.267s] Invoking command in '/cc_ws/tros_ws/build/tros_perception_fusion': AMENT_PREFIX_PATH=/cc_ws/tros_ws/install:${AMENT_PREFIX_PATH} CMAKE_PREFIX_PATH=/cc_ws/tros_ws/install:/opt/ros/humble LD_LIBRARY_PATH=/cc_ws/tros_ws/install/lib:/opt/ros/humble/opt/rviz_ogre_vendor/lib:/opt/ros/humble/lib/aarch64-linux-gnu:/opt/ros/humble/lib:/cc_ws/userdata/hobot/opt/hobot/deps PYTHONPATH=/cc_ws/tros_ws/install/lib/python3.10/site-packages:/cc_ws/tros_ws/install/local/lib/python3.10/dist-packages:${PYTHONPATH} /usr/bin/cmake /cc_ws/tros_ws/src/box/hobot_perception/tros_perception_fusion/tros_perception_fusion_node -DCMAKE_EXPORT_COMPILE_COMMANDS=ON --no-warn-unused-cli -DCMAKE_TOOLCHAIN_FILE=/cc_ws/tros_ws/robot_dev_config/aarch64_toolchainfile.cmake -DPLATFORM_X5=ON -DTHIRDPARTY=ON -DBUILD_TESTING=OFF -DCMAKE_BUILD_RPATH=/cc_ws/tros_ws/build/poco_vendor/poco_external_project_install/lib/;/cc_ws/tros_ws/build/libyaml_vendor/libyaml_install/lib/ -DCMAKE_INSTALL_PREFIX=/cc_ws/tros_ws/install
[0.757s] Not searching for unused variables given on the command line.
[0.757s] -- Found ament_cmake: 1.3.8 (/opt/ros/humble/share/ament_cmake/cmake)
[1.169s] [33mCMake Warning (dev) at /opt/ros/humble/share/ament_cmake_test/cmake/ament_cmake_test-extras.cmake:19 (option):
[1.169s]   Policy CMP0077 is not set: option() honors normal variables.  Run "cmake
[1.169s]   --help-policy CMP0077" for policy details.  Use the cmake_policy command to
[1.170s]   set the policy and suppress this warning.
[1.170s] 
[1.170s]   For compatibility with older versions of CMake, option is clearing the
[1.170s]   normal variable 'BUILD_TESTING'.
[1.170s] Call Stack (most recent call first):
[1.171s]   /opt/ros/humble/share/ament_cmake_test/cmake/ament_cmake_testConfig.cmake:41 (include)
[1.171s]   /opt/ros/humble/share/ament_cmake/cmake/ament_cmake_export_dependencies-extras.cmake:21 (find_package)
[1.171s]   /opt/ros/humble/share/ament_cmake/cmake/ament_cmakeConfig.cmake:41 (include)
[1.171s]   CMakeLists.txt:9 (find_package)
[1.172s] This warning is for project developers.  Use -Wno-dev to suppress it.
[1.172s] [0m
[1.173s] -- Found rclcpp: 16.0.8 (/opt/ros/humble/share/rclcpp/cmake)
[1.336s] -- Found rosidl_generator_c: 3.1.5 (/opt/ros/humble/share/rosidl_generator_c/cmake)
[1.348s] -- Found rosidl_adapter: 3.1.5 (/opt/ros/humble/share/rosidl_adapter/cmake)
[1.401s] -- Found rosidl_generator_cpp: 3.1.5 (/opt/ros/humble/share/rosidl_generator_cpp/cmake)
[1.503s] -- Using all available rosidl_typesupport_c: rosidl_typesupport_fastrtps_c;rosidl_typesupport_introspection_c
[1.618s] -- Using all available rosidl_typesupport_cpp: rosidl_typesupport_fastrtps_cpp;rosidl_typesupport_introspection_cpp
[2.047s] -- Found rmw_implementation_cmake: 6.1.1 (/opt/ros/humble/share/rmw_implementation_cmake/cmake)
[2.078s] -- Found rmw_fastrtps_cpp: 6.2.6 (/opt/ros/humble/share/rmw_fastrtps_cpp/cmake)
[2.874s] -- Using RMW implementation 'rmw_fastrtps_cpp' as default
[4.536s] -- Found rclcpp_components: 16.0.8 (/opt/ros/humble/share/rclcpp_components/cmake)
[4.959s] -- Found ai_msgs: 2.0.1 (/cc_ws/tros_ws/robot_dev_config/../install/share/ai_msgs/cmake)
[6.869s] -- Found message_filters: 4.3.3 (/opt/ros/humble/share/message_filters/cmake)
[6.920s] -- Found tros_perception_fusion_msgs: 0.0.1 (/cc_ws/tros_ws/robot_dev_config/../install/share/tros_perception_fusion_msgs/cmake)
[7.727s] -- Configuring done
[7.917s] -- Generating done
[7.932s] -- Build files have been written to: /cc_ws/tros_ws/build/tros_perception_fusion
[8.034s] Invoked command in '/cc_ws/tros_ws/build/tros_perception_fusion' returned '0': AMENT_PREFIX_PATH=/cc_ws/tros_ws/install:${AMENT_PREFIX_PATH} CMAKE_PREFIX_PATH=/cc_ws/tros_ws/install:/opt/ros/humble LD_LIBRARY_PATH=/cc_ws/tros_ws/install/lib:/opt/ros/humble/opt/rviz_ogre_vendor/lib:/opt/ros/humble/lib/aarch64-linux-gnu:/opt/ros/humble/lib:/cc_ws/userdata/hobot/opt/hobot/deps PYTHONPATH=/cc_ws/tros_ws/install/lib/python3.10/site-packages:/cc_ws/tros_ws/install/local/lib/python3.10/dist-packages:${PYTHONPATH} /usr/bin/cmake /cc_ws/tros_ws/src/box/hobot_perception/tros_perception_fusion/tros_perception_fusion_node -DCMAKE_EXPORT_COMPILE_COMMANDS=ON --no-warn-unused-cli -DCMAKE_TOOLCHAIN_FILE=/cc_ws/tros_ws/robot_dev_config/aarch64_toolchainfile.cmake -DPLATFORM_X5=ON -DTHIRDPARTY=ON -DBUILD_TESTING=OFF -DCMAKE_BUILD_RPATH=/cc_ws/tros_ws/build/poco_vendor/poco_external_project_install/lib/;/cc_ws/tros_ws/build/libyaml_vendor/libyaml_install/lib/ -DCMAKE_INSTALL_PREFIX=/cc_ws/tros_ws/install
[8.035s] Invoking command in '/cc_ws/tros_ws/build/tros_perception_fusion': AMENT_PREFIX_PATH=/cc_ws/tros_ws/install:${AMENT_PREFIX_PATH} CMAKE_PREFIX_PATH=/cc_ws/tros_ws/install:/opt/ros/humble LD_LIBRARY_PATH=/cc_ws/tros_ws/install/lib:/opt/ros/humble/opt/rviz_ogre_vendor/lib:/opt/ros/humble/lib/aarch64-linux-gnu:/opt/ros/humble/lib:/cc_ws/userdata/hobot/opt/hobot/deps PYTHONPATH=/cc_ws/tros_ws/install/lib/python3.10/site-packages:/cc_ws/tros_ws/install/local/lib/python3.10/dist-packages:${PYTHONPATH} /usr/bin/cmake --build /cc_ws/tros_ws/build/tros_perception_fusion -- -j12 -l12
[9.086s] [35m[1mConsolidate compiler generated dependencies of target tros_perception_fusion_component[0m
[9.086s] [35m[1mConsolidate compiler generated dependencies of target tros_perception_fusion[0m
[9.087s] [ 50%] Built target tros_perception_fusion_component
[9.087s] [100%] Built target tros_perception_fusion
[9.213s] Invoked command in '/cc_ws/tros_ws/build/tros_perception_fusion' returned '0': AMENT_PREFIX_PATH=/cc_ws/tros_ws/install:${AMENT_PREFIX_PATH} CMAKE_PREFIX_PATH=/cc_ws/tros_ws/install:/opt/ros/humble LD_LIBRARY_PATH=/cc_ws/tros_ws/install/lib:/opt/ros/humble/opt/rviz_ogre_vendor/lib:/opt/ros/humble/lib/aarch64-linux-gnu:/opt/ros/humble/lib:/cc_ws/userdata/hobot/opt/hobot/deps PYTHONPATH=/cc_ws/tros_ws/install/lib/python3.10/site-packages:/cc_ws/tros_ws/install/local/lib/python3.10/dist-packages:${PYTHONPATH} /usr/bin/cmake --build /cc_ws/tros_ws/build/tros_perception_fusion -- -j12 -l12
[9.648s] Invoking command in '/cc_ws/tros_ws/build/tros_perception_fusion': AMENT_PREFIX_PATH=/cc_ws/tros_ws/install:${AMENT_PREFIX_PATH} CMAKE_PREFIX_PATH=/cc_ws/tros_ws/install:/opt/ros/humble LD_LIBRARY_PATH=/cc_ws/tros_ws/install/lib:/opt/ros/humble/opt/rviz_ogre_vendor/lib:/opt/ros/humble/lib/aarch64-linux-gnu:/opt/ros/humble/lib:/cc_ws/userdata/hobot/opt/hobot/deps PYTHONPATH=/cc_ws/tros_ws/install/lib/python3.10/site-packages:/cc_ws/tros_ws/install/local/lib/python3.10/dist-packages:${PYTHONPATH} /usr/bin/cmake --install /cc_ws/tros_ws/build/tros_perception_fusion
[9.734s] -- Install configuration: ""
[9.734s] -- Up-to-date: /cc_ws/tros_ws/install/lib/tros_perception_fusion/tros_perception_fusion
[9.735s] -- Up-to-date: /cc_ws/tros_ws/install/lib/libtros_perception_fusion_component.so
[9.735s] -- Up-to-date: /cc_ws/tros_ws/install/lib/tros_perception_fusion/tros_perception_fusion
[9.735s] -- Up-to-date: /cc_ws/tros_ws/install/share/tros_perception_fusion/launch
[9.735s] -- Up-to-date: /cc_ws/tros_ws/install/share/tros_perception_fusion/launch/perc_fusion.launch.py
[9.736s] -- Up-to-date: /cc_ws/tros_ws/install/share/ament_index/resource_index/package_run_dependencies/tros_perception_fusion
[9.736s] -- Up-to-date: /cc_ws/tros_ws/install/share/ament_index/resource_index/parent_prefix_path/tros_perception_fusion
[9.740s] -- Up-to-date: /cc_ws/tros_ws/install/share/tros_perception_fusion/environment/ament_prefix_path.sh
[9.741s] -- Installing: /cc_ws/tros_ws/install/share/tros_perception_fusion/environment/ament_prefix_path.dsv
[9.741s] -- Up-to-date: /cc_ws/tros_ws/install/share/tros_perception_fusion/environment/path.sh
[9.741s] -- Installing: /cc_ws/tros_ws/install/share/tros_perception_fusion/environment/path.dsv
[9.750s] -- Up-to-date: /cc_ws/tros_ws/install/share/tros_perception_fusion/local_setup.bash
[9.750s] -- Up-to-date: /cc_ws/tros_ws/install/share/tros_perception_fusion/local_setup.sh
[9.750s] -- Up-to-date: /cc_ws/tros_ws/install/share/tros_perception_fusion/local_setup.zsh
[9.751s] -- Installing: /cc_ws/tros_ws/install/share/tros_perception_fusion/local_setup.dsv
[9.751s] -- Installing: /cc_ws/tros_ws/install/share/tros_perception_fusion/package.dsv
[9.751s] -- Up-to-date: /cc_ws/tros_ws/install/share/ament_index/resource_index/packages/tros_perception_fusion
[9.752s] -- Up-to-date: /cc_ws/tros_ws/install/share/ament_index/resource_index/rclcpp_components/tros_perception_fusion
[9.752s] -- Up-to-date: /cc_ws/tros_ws/install/share/tros_perception_fusion/cmake/tros_perception_fusionConfig.cmake
[9.753s] -- Up-to-date: /cc_ws/tros_ws/install/share/tros_perception_fusion/cmake/tros_perception_fusionConfig-version.cmake
[9.754s] -- Up-to-date: /cc_ws/tros_ws/install/share/tros_perception_fusion/package.xml
[9.873s] Invoked command in '/cc_ws/tros_ws/build/tros_perception_fusion' returned '0': AMENT_PREFIX_PATH=/cc_ws/tros_ws/install:${AMENT_PREFIX_PATH} CMAKE_PREFIX_PATH=/cc_ws/tros_ws/install:/opt/ros/humble LD_LIBRARY_PATH=/cc_ws/tros_ws/install/lib:/opt/ros/humble/opt/rviz_ogre_vendor/lib:/opt/ros/humble/lib/aarch64-linux-gnu:/opt/ros/humble/lib:/cc_ws/userdata/hobot/opt/hobot/deps PYTHONPATH=/cc_ws/tros_ws/install/lib/python3.10/site-packages:/cc_ws/tros_ws/install/local/lib/python3.10/dist-packages:${PYTHONPATH} /usr/bin/cmake --install /cc_ws/tros_ws/build/tros_perception_fusion
