[0.200s] Invoking command in '/cc_ws/tros_ws/build/mono_mobilesam': AMENT_PREFIX_PATH=/cc_ws/tros_ws/install:${AMENT_PREFIX_PATH} CMAKE_PREFIX_PATH=/cc_ws/tros_ws/install:/opt/ros/humble LD_LIBRARY_PATH=/cc_ws/tros_ws/install/lib:/opt/ros/humble/opt/rviz_ogre_vendor/lib:/opt/ros/humble/lib/aarch64-linux-gnu:/opt/ros/humble/lib:/cc_ws/userdata/hobot/opt/hobot/deps PYTHONPATH=/cc_ws/tros_ws/install/lib/python3.10/site-packages:/cc_ws/tros_ws/install/local/lib/python3.10/dist-packages:${PYTHONPATH} /usr/bin/cmake /cc_ws/tros_ws/src/box/hobot_perception/mono_mobilesam -DCMAKE_EXPORT_COMPILE_COMMANDS=ON --no-warn-unused-cli -DCMAKE_TOOLCHAIN_FILE=/cc_ws/tros_ws/robot_dev_config/aarch64_toolchainfile.cmake -DPLATFORM_X5=ON -DTHIRDPARTY=ON -DBUILD_TESTING=OFF -DCMAKE_BUILD_RPATH=/cc_ws/tros_ws/build/poco_vendor/poco_external_project_install/lib/;/cc_ws/tros_ws/build/libyaml_vendor/libyaml_install/lib/ -DCMAKE_INSTALL_PREFIX=/cc_ws/tros_ws/install
[2.057s] Not searching for unused variables given on the command line.
[2.057s] -- Found ament_cmake: 1.3.8 (/opt/ros/humble/share/ament_cmake/cmake)
[2.058s] -- Found rclcpp: 16.0.8 (/opt/ros/humble/share/rclcpp/cmake)
[2.074s] -- Found rosidl_generator_c: 3.1.5 (/opt/ros/humble/share/rosidl_generator_c/cmake)
[2.074s] -- Found rosidl_adapter: 3.1.5 (/opt/ros/humble/share/rosidl_adapter/cmake)
[2.075s] -- Found rosidl_generator_cpp: 3.1.5 (/opt/ros/humble/share/rosidl_generator_cpp/cmake)
[2.075s] -- Using all available rosidl_typesupport_c: rosidl_typesupport_fastrtps_c;rosidl_typesupport_introspection_c
[2.075s] -- Using all available rosidl_typesupport_cpp: rosidl_typesupport_fastrtps_cpp;rosidl_typesupport_introspection_cpp
[2.076s] -- Found rmw_implementation_cmake: 6.1.1 (/opt/ros/humble/share/rmw_implementation_cmake/cmake)
[2.076s] -- Found rmw_fastrtps_cpp: 6.2.6 (/opt/ros/humble/share/rmw_fastrtps_cpp/cmake)
[2.076s] -- Using RMW implementation 'rmw_fastrtps_cpp' as default
[2.076s] [33mCMake Warning (dev) at /opt/ros/humble/share/ament_cmake_test/cmake/ament_cmake_test-extras.cmake:19 (option):
[2.077s]   Policy CMP0077 is not set: option() honors normal variables.  Run "cmake
[2.077s]   --help-policy CMP0077" for policy details.  Use the cmake_policy command to
[2.077s]   set the policy and suppress this warning.
[2.077s] 
[2.078s]   For compatibility with older versions of CMake, option is clearing the
[2.078s]   normal variable 'BUILD_TESTING'.
[2.078s] Call Stack (most recent call first):
[2.078s]   /opt/ros/humble/share/ament_cmake_test/cmake/ament_cmake_testConfig.cmake:41 (include)
[2.079s]   /opt/ros/humble/share/ament_cmake/cmake/ament_cmake_export_dependencies-extras.cmake:21 (find_package)
[2.079s]   /opt/ros/humble/share/ament_cmake/cmake/ament_cmakeConfig.cmake:41 (include)
[2.079s]   CMakeLists.txt:33 (find_package)
[2.080s] This warning is for project developers.  Use -Wno-dev to suppress it.
[2.080s] [0m
[3.064s] -- Found ai_msgs: 2.0.1 (/cc_ws/tros_ws/robot_dev_config/../install/share/ai_msgs/cmake)
[4.623s] -- Found cv_bridge: 3.2.1 (/opt/ros/humble/share/cv_bridge/cmake)
[4.674s] -- Found dnn_node: 2.5.4 (/cc_ws/tros_ws/robot_dev_config/../install/share/dnn_node/cmake)
[4.680s] -- Found hbm_img_msgs: 2.0.0 (/cc_ws/tros_ws/robot_dev_config/../install/share/hbm_img_msgs/cmake)
[5.036s] [0mbuild platform X5[0m
[5.036s] [0mCMAKE_SYSROOT is /cc_ws/tros_ws/robot_dev_config/../../sysroot_docker[0m
[5.620s] -- Configuring done
[5.833s] -- Generating done
[5.847s] -- Build files have been written to: /cc_ws/tros_ws/build/mono_mobilesam
[6.140s] Invoked command in '/cc_ws/tros_ws/build/mono_mobilesam' returned '0': AMENT_PREFIX_PATH=/cc_ws/tros_ws/install:${AMENT_PREFIX_PATH} CMAKE_PREFIX_PATH=/cc_ws/tros_ws/install:/opt/ros/humble LD_LIBRARY_PATH=/cc_ws/tros_ws/install/lib:/opt/ros/humble/opt/rviz_ogre_vendor/lib:/opt/ros/humble/lib/aarch64-linux-gnu:/opt/ros/humble/lib:/cc_ws/userdata/hobot/opt/hobot/deps PYTHONPATH=/cc_ws/tros_ws/install/lib/python3.10/site-packages:/cc_ws/tros_ws/install/local/lib/python3.10/dist-packages:${PYTHONPATH} /usr/bin/cmake /cc_ws/tros_ws/src/box/hobot_perception/mono_mobilesam -DCMAKE_EXPORT_COMPILE_COMMANDS=ON --no-warn-unused-cli -DCMAKE_TOOLCHAIN_FILE=/cc_ws/tros_ws/robot_dev_config/aarch64_toolchainfile.cmake -DPLATFORM_X5=ON -DTHIRDPARTY=ON -DBUILD_TESTING=OFF -DCMAKE_BUILD_RPATH=/cc_ws/tros_ws/build/poco_vendor/poco_external_project_install/lib/;/cc_ws/tros_ws/build/libyaml_vendor/libyaml_install/lib/ -DCMAKE_INSTALL_PREFIX=/cc_ws/tros_ws/install
[6.141s] Invoking command in '/cc_ws/tros_ws/build/mono_mobilesam': AMENT_PREFIX_PATH=/cc_ws/tros_ws/install:${AMENT_PREFIX_PATH} CMAKE_PREFIX_PATH=/cc_ws/tros_ws/install:/opt/ros/humble LD_LIBRARY_PATH=/cc_ws/tros_ws/install/lib:/opt/ros/humble/opt/rviz_ogre_vendor/lib:/opt/ros/humble/lib/aarch64-linux-gnu:/opt/ros/humble/lib:/cc_ws/userdata/hobot/opt/hobot/deps PYTHONPATH=/cc_ws/tros_ws/install/lib/python3.10/site-packages:/cc_ws/tros_ws/install/local/lib/python3.10/dist-packages:${PYTHONPATH} /usr/bin/cmake --build /cc_ws/tros_ws/build/mono_mobilesam -- -j12 -l12
[6.523s] [35m[1mConsolidate compiler generated dependencies of target mono_mobilesam[0m
[6.724s] [100%] Built target mono_mobilesam
[6.995s] Invoked command in '/cc_ws/tros_ws/build/mono_mobilesam' returned '0': AMENT_PREFIX_PATH=/cc_ws/tros_ws/install:${AMENT_PREFIX_PATH} CMAKE_PREFIX_PATH=/cc_ws/tros_ws/install:/opt/ros/humble LD_LIBRARY_PATH=/cc_ws/tros_ws/install/lib:/opt/ros/humble/opt/rviz_ogre_vendor/lib:/opt/ros/humble/lib/aarch64-linux-gnu:/opt/ros/humble/lib:/cc_ws/userdata/hobot/opt/hobot/deps PYTHONPATH=/cc_ws/tros_ws/install/lib/python3.10/site-packages:/cc_ws/tros_ws/install/local/lib/python3.10/dist-packages:${PYTHONPATH} /usr/bin/cmake --build /cc_ws/tros_ws/build/mono_mobilesam -- -j12 -l12
[7.674s] Invoking command in '/cc_ws/tros_ws/build/mono_mobilesam': AMENT_PREFIX_PATH=/cc_ws/tros_ws/install:${AMENT_PREFIX_PATH} CMAKE_PREFIX_PATH=/cc_ws/tros_ws/install:/opt/ros/humble LD_LIBRARY_PATH=/cc_ws/tros_ws/install/lib:/opt/ros/humble/opt/rviz_ogre_vendor/lib:/opt/ros/humble/lib/aarch64-linux-gnu:/opt/ros/humble/lib:/cc_ws/userdata/hobot/opt/hobot/deps PYTHONPATH=/cc_ws/tros_ws/install/lib/python3.10/site-packages:/cc_ws/tros_ws/install/local/lib/python3.10/dist-packages:${PYTHONPATH} /usr/bin/cmake --install /cc_ws/tros_ws/build/mono_mobilesam
[8.797s] -- Install configuration: ""
[8.807s] -- Up-to-date: /cc_ws/tros_ws/install/lib/mono_mobilesam/mono_mobilesam
[8.807s] -- Up-to-date: /cc_ws/tros_ws/install/lib/mono_mobilesam/config/
[8.808s] -- Up-to-date: /cc_ws/tros_ws/install/lib/mono_mobilesam/config//mobilesam_encoder_384.bin
[8.808s] -- Up-to-date: /cc_ws/tros_ws/install/lib/mono_mobilesam/config//mobilesam_decoder_384.bin
[8.808s] -- Up-to-date: /cc_ws/tros_ws/install/lib/mono_mobilesam/config/00131.jpg
[8.808s] -- Up-to-date: /cc_ws/tros_ws/install/share/mono_mobilesam/launch
[8.809s] -- Up-to-date: /cc_ws/tros_ws/install/share/mono_mobilesam/launch/sam.launch.py
[8.809s] -- Up-to-date: /cc_ws/tros_ws/install/share/mono_mobilesam/launch/sam_with_yolo_world.launch.py
[8.809s] -- Up-to-date: /cc_ws/tros_ws/install/share/ament_index/resource_index/package_run_dependencies/mono_mobilesam
[8.809s] -- Up-to-date: /cc_ws/tros_ws/install/share/ament_index/resource_index/parent_prefix_path/mono_mobilesam
[8.810s] -- Up-to-date: /cc_ws/tros_ws/install/share/mono_mobilesam/environment/ament_prefix_path.sh
[8.810s] -- Installing: /cc_ws/tros_ws/install/share/mono_mobilesam/environment/ament_prefix_path.dsv
[8.810s] -- Up-to-date: /cc_ws/tros_ws/install/share/mono_mobilesam/environment/path.sh
[8.810s] -- Installing: /cc_ws/tros_ws/install/share/mono_mobilesam/environment/path.dsv
[8.810s] -- Up-to-date: /cc_ws/tros_ws/install/share/mono_mobilesam/local_setup.bash
[8.811s] -- Up-to-date: /cc_ws/tros_ws/install/share/mono_mobilesam/local_setup.sh
[8.811s] -- Up-to-date: /cc_ws/tros_ws/install/share/mono_mobilesam/local_setup.zsh
[8.812s] -- Installing: /cc_ws/tros_ws/install/share/mono_mobilesam/local_setup.dsv
[8.812s] -- Installing: /cc_ws/tros_ws/install/share/mono_mobilesam/package.dsv
[8.812s] -- Up-to-date: /cc_ws/tros_ws/install/share/ament_index/resource_index/packages/mono_mobilesam
[8.813s] -- Up-to-date: /cc_ws/tros_ws/install/share/mono_mobilesam/cmake/mono_mobilesamConfig.cmake
[8.813s] -- Up-to-date: /cc_ws/tros_ws/install/share/mono_mobilesam/cmake/mono_mobilesamConfig-version.cmake
[8.813s] -- Up-to-date: /cc_ws/tros_ws/install/share/mono_mobilesam/package.xml
[8.836s] Invoked command in '/cc_ws/tros_ws/build/mono_mobilesam' returned '0': AMENT_PREFIX_PATH=/cc_ws/tros_ws/install:${AMENT_PREFIX_PATH} CMAKE_PREFIX_PATH=/cc_ws/tros_ws/install:/opt/ros/humble LD_LIBRARY_PATH=/cc_ws/tros_ws/install/lib:/opt/ros/humble/opt/rviz_ogre_vendor/lib:/opt/ros/humble/lib/aarch64-linux-gnu:/opt/ros/humble/lib:/cc_ws/userdata/hobot/opt/hobot/deps PYTHONPATH=/cc_ws/tros_ws/install/lib/python3.10/site-packages:/cc_ws/tros_ws/install/local/lib/python3.10/dist-packages:${PYTHONPATH} /usr/bin/cmake --install /cc_ws/tros_ws/build/mono_mobilesam
