[0.455s] Invoking command in '/cc_ws/tros_ws/build/hand_gesture_detection': AMENT_PREFIX_PATH=/cc_ws/tros_ws/install:${AMENT_PREFIX_PATH} CMAKE_PREFIX_PATH=/cc_ws/tros_ws/install:/opt/ros/humble LD_LIBRARY_PATH=/cc_ws/tros_ws/install/lib:/opt/ros/humble/opt/rviz_ogre_vendor/lib:/opt/ros/humble/lib/aarch64-linux-gnu:/opt/ros/humble/lib:/cc_ws/userdata/hobot/opt/hobot/deps PYTHONPATH=/cc_ws/tros_ws/install/lib/python3.10/site-packages:/cc_ws/tros_ws/install/local/lib/python3.10/dist-packages:${PYTHONPATH} /usr/bin/cmake /cc_ws/tros_ws/src/box/hobot_perception/hand_gesture_detection -DCMAKE_EXPORT_COMPILE_COMMANDS=ON --no-warn-unused-cli -DCMAKE_TOOLCHAIN_FILE=/cc_ws/tros_ws/robot_dev_config/aarch64_toolchainfile.cmake -DPLATFORM_X5=ON -DTHIRDPARTY=ON -DBUILD_TESTING=OFF -DCMAKE_BUILD_RPATH=/cc_ws/tros_ws/build/poco_vendor/poco_external_project_install/lib/;/cc_ws/tros_ws/build/libyaml_vendor/libyaml_install/lib/ -DCMAKE_INSTALL_PREFIX=/cc_ws/tros_ws/install
[0.472s] Not searching for unused variables given on the command line.
[0.508s] -- Found ament_cmake: 1.3.8 (/opt/ros/humble/share/ament_cmake/cmake)
[1.053s] [33mCMake Warning (dev) at /opt/ros/humble/share/ament_cmake_test/cmake/ament_cmake_test-extras.cmake:19 (option):
[1.053s]   Policy CMP0077 is not set: option() honors normal variables.  Run "cmake
[1.054s]   --help-policy CMP0077" for policy details.  Use the cmake_policy command to
[1.054s]   set the policy and suppress this warning.
[1.054s] 
[1.054s]   For compatibility with older versions of CMake, option is clearing the
[1.055s]   normal variable 'BUILD_TESTING'.
[1.060s] Call Stack (most recent call first):
[1.060s]   /opt/ros/humble/share/ament_cmake_test/cmake/ament_cmake_testConfig.cmake:41 (include)
[1.061s]   /opt/ros/humble/share/ament_cmake/cmake/ament_cmake_export_dependencies-extras.cmake:21 (find_package)
[1.061s]   /opt/ros/humble/share/ament_cmake/cmake/ament_cmakeConfig.cmake:41 (include)
[1.061s]   CMakeLists.txt:33 (find_package)
[1.061s] This warning is for project developers.  Use -Wno-dev to suppress it.
[1.062s] [0m
[1.062s] -- Found rclcpp: 16.0.8 (/opt/ros/humble/share/rclcpp/cmake)
[1.179s] -- Found rosidl_generator_c: 3.1.5 (/opt/ros/humble/share/rosidl_generator_c/cmake)
[1.189s] -- Found rosidl_adapter: 3.1.5 (/opt/ros/humble/share/rosidl_adapter/cmake)
[1.212s] -- Found rosidl_generator_cpp: 3.1.5 (/opt/ros/humble/share/rosidl_generator_cpp/cmake)
[1.255s] -- Using all available rosidl_typesupport_c: rosidl_typesupport_fastrtps_c;rosidl_typesupport_introspection_c
[1.322s] -- Using all available rosidl_typesupport_cpp: rosidl_typesupport_fastrtps_cpp;rosidl_typesupport_introspection_cpp
[1.576s] -- Found rmw_implementation_cmake: 6.1.1 (/opt/ros/humble/share/rmw_implementation_cmake/cmake)
[1.579s] -- Found rmw_fastrtps_cpp: 6.2.6 (/opt/ros/humble/share/rmw_fastrtps_cpp/cmake)
[2.013s] -- Using RMW implementation 'rmw_fastrtps_cpp' as default
[2.621s] -- Found ai_msgs: 2.0.1 (/cc_ws/tros_ws/robot_dev_config/../install/share/ai_msgs/cmake)
[3.411s] -- Found dnn_node: 2.5.4 (/cc_ws/tros_ws/robot_dev_config/../install/share/dnn_node/cmake)
[3.416s] [0mbuild platform X5[0m
[3.417s] [0mCMAKE_SYSROOT is /cc_ws/tros_ws/robot_dev_config/../../sysroot_docker[0m
[3.659s] -- Configuring done
[3.708s] -- Generating done
[3.708s] -- Build files have been written to: /cc_ws/tros_ws/build/hand_gesture_detection
[3.735s] Invoked command in '/cc_ws/tros_ws/build/hand_gesture_detection' returned '0': AMENT_PREFIX_PATH=/cc_ws/tros_ws/install:${AMENT_PREFIX_PATH} CMAKE_PREFIX_PATH=/cc_ws/tros_ws/install:/opt/ros/humble LD_LIBRARY_PATH=/cc_ws/tros_ws/install/lib:/opt/ros/humble/opt/rviz_ogre_vendor/lib:/opt/ros/humble/lib/aarch64-linux-gnu:/opt/ros/humble/lib:/cc_ws/userdata/hobot/opt/hobot/deps PYTHONPATH=/cc_ws/tros_ws/install/lib/python3.10/site-packages:/cc_ws/tros_ws/install/local/lib/python3.10/dist-packages:${PYTHONPATH} /usr/bin/cmake /cc_ws/tros_ws/src/box/hobot_perception/hand_gesture_detection -DCMAKE_EXPORT_COMPILE_COMMANDS=ON --no-warn-unused-cli -DCMAKE_TOOLCHAIN_FILE=/cc_ws/tros_ws/robot_dev_config/aarch64_toolchainfile.cmake -DPLATFORM_X5=ON -DTHIRDPARTY=ON -DBUILD_TESTING=OFF -DCMAKE_BUILD_RPATH=/cc_ws/tros_ws/build/poco_vendor/poco_external_project_install/lib/;/cc_ws/tros_ws/build/libyaml_vendor/libyaml_install/lib/ -DCMAKE_INSTALL_PREFIX=/cc_ws/tros_ws/install
[3.736s] Invoking command in '/cc_ws/tros_ws/build/hand_gesture_detection': AMENT_PREFIX_PATH=/cc_ws/tros_ws/install:${AMENT_PREFIX_PATH} CMAKE_PREFIX_PATH=/cc_ws/tros_ws/install:/opt/ros/humble LD_LIBRARY_PATH=/cc_ws/tros_ws/install/lib:/opt/ros/humble/opt/rviz_ogre_vendor/lib:/opt/ros/humble/lib/aarch64-linux-gnu:/opt/ros/humble/lib:/cc_ws/userdata/hobot/opt/hobot/deps PYTHONPATH=/cc_ws/tros_ws/install/lib/python3.10/site-packages:/cc_ws/tros_ws/install/local/lib/python3.10/dist-packages:${PYTHONPATH} /usr/bin/cmake --build /cc_ws/tros_ws/build/hand_gesture_detection -- -j12 -l12
[3.841s] [35m[1mConsolidate compiler generated dependencies of target hand_gesture_detection[0m
[3.946s] [100%] Built target hand_gesture_detection
[3.968s] Invoked command in '/cc_ws/tros_ws/build/hand_gesture_detection' returned '0': AMENT_PREFIX_PATH=/cc_ws/tros_ws/install:${AMENT_PREFIX_PATH} CMAKE_PREFIX_PATH=/cc_ws/tros_ws/install:/opt/ros/humble LD_LIBRARY_PATH=/cc_ws/tros_ws/install/lib:/opt/ros/humble/opt/rviz_ogre_vendor/lib:/opt/ros/humble/lib/aarch64-linux-gnu:/opt/ros/humble/lib:/cc_ws/userdata/hobot/opt/hobot/deps PYTHONPATH=/cc_ws/tros_ws/install/lib/python3.10/site-packages:/cc_ws/tros_ws/install/local/lib/python3.10/dist-packages:${PYTHONPATH} /usr/bin/cmake --build /cc_ws/tros_ws/build/hand_gesture_detection -- -j12 -l12
[4.034s] Invoking command in '/cc_ws/tros_ws/build/hand_gesture_detection': AMENT_PREFIX_PATH=/cc_ws/tros_ws/install:${AMENT_PREFIX_PATH} CMAKE_PREFIX_PATH=/cc_ws/tros_ws/install:/opt/ros/humble LD_LIBRARY_PATH=/cc_ws/tros_ws/install/lib:/opt/ros/humble/opt/rviz_ogre_vendor/lib:/opt/ros/humble/lib/aarch64-linux-gnu:/opt/ros/humble/lib:/cc_ws/userdata/hobot/opt/hobot/deps PYTHONPATH=/cc_ws/tros_ws/install/lib/python3.10/site-packages:/cc_ws/tros_ws/install/local/lib/python3.10/dist-packages:${PYTHONPATH} /usr/bin/cmake --install /cc_ws/tros_ws/build/hand_gesture_detection
[4.050s] -- Install configuration: ""
[4.054s] -- Up-to-date: /cc_ws/tros_ws/install/lib/hand_gesture_detection/hand_gesture_detection
[4.055s] -- Up-to-date: /cc_ws/tros_ws/install/lib/hand_gesture_detection/config/
[4.057s] -- Up-to-date: /cc_ws/tros_ws/install/lib/hand_gesture_detection/config//gestureDet_8x21.hbm
[4.058s] -- Up-to-date: /cc_ws/tros_ws/install/lib/hand_gesture_detection/config//gestureDet_32x21.hbm
[4.058s] -- Up-to-date: /cc_ws/tros_ws/install/lib/hand_gesture_detection/config/person_face_hand.jpg
[4.058s] -- Up-to-date: /cc_ws/tros_ws/install/share/hand_gesture_detection/launch
[4.058s] -- Up-to-date: /cc_ws/tros_ws/install/share/hand_gesture_detection/launch/hand_gesture_detection.launch.py
[4.058s] -- Up-to-date: /cc_ws/tros_ws/install/share/hand_gesture_detection/launch/hand_gesture_fusion_img_fb.launch.py
[4.059s] -- Up-to-date: /cc_ws/tros_ws/install/share/hand_gesture_detection/launch/hand_gesture_fusion.launch.py
[4.059s] -- Up-to-date: /cc_ws/tros_ws/install/share/ament_index/resource_index/package_run_dependencies/hand_gesture_detection
[4.059s] -- Up-to-date: /cc_ws/tros_ws/install/share/ament_index/resource_index/parent_prefix_path/hand_gesture_detection
[4.059s] -- Up-to-date: /cc_ws/tros_ws/install/share/hand_gesture_detection/environment/ament_prefix_path.sh
[4.059s] -- Installing: /cc_ws/tros_ws/install/share/hand_gesture_detection/environment/ament_prefix_path.dsv
[4.059s] -- Up-to-date: /cc_ws/tros_ws/install/share/hand_gesture_detection/environment/path.sh
[4.060s] -- Installing: /cc_ws/tros_ws/install/share/hand_gesture_detection/environment/path.dsv
[4.060s] -- Up-to-date: /cc_ws/tros_ws/install/share/hand_gesture_detection/local_setup.bash
[4.060s] -- Up-to-date: /cc_ws/tros_ws/install/share/hand_gesture_detection/local_setup.sh
[4.060s] -- Up-to-date: /cc_ws/tros_ws/install/share/hand_gesture_detection/local_setup.zsh
[4.060s] -- Installing: /cc_ws/tros_ws/install/share/hand_gesture_detection/local_setup.dsv
[4.060s] -- Installing: /cc_ws/tros_ws/install/share/hand_gesture_detection/package.dsv
[4.060s] -- Up-to-date: /cc_ws/tros_ws/install/share/ament_index/resource_index/packages/hand_gesture_detection
[4.060s] -- Up-to-date: /cc_ws/tros_ws/install/share/hand_gesture_detection/cmake/hand_gesture_detectionConfig.cmake
[4.061s] -- Up-to-date: /cc_ws/tros_ws/install/share/hand_gesture_detection/cmake/hand_gesture_detectionConfig-version.cmake
[4.061s] -- Up-to-date: /cc_ws/tros_ws/install/share/hand_gesture_detection/package.xml
[4.067s] Invoked command in '/cc_ws/tros_ws/build/hand_gesture_detection' returned '0': AMENT_PREFIX_PATH=/cc_ws/tros_ws/install:${AMENT_PREFIX_PATH} CMAKE_PREFIX_PATH=/cc_ws/tros_ws/install:/opt/ros/humble LD_LIBRARY_PATH=/cc_ws/tros_ws/install/lib:/opt/ros/humble/opt/rviz_ogre_vendor/lib:/opt/ros/humble/lib/aarch64-linux-gnu:/opt/ros/humble/lib:/cc_ws/userdata/hobot/opt/hobot/deps PYTHONPATH=/cc_ws/tros_ws/install/lib/python3.10/site-packages:/cc_ws/tros_ws/install/local/lib/python3.10/dist-packages:${PYTHONPATH} /usr/bin/cmake --install /cc_ws/tros_ws/build/hand_gesture_detection
