[0.055s] Invoking command in '/cc_ws/tros_ws/build/hobot_shm': CMAKE_PREFIX_PATH=/opt/ros/humble /usr/bin/cmake /cc_ws/tros_ws/src/box/hobot_shm -DCMAKE_EXPORT_COMPILE_COMMANDS=ON --no-warn-unused-cli -DCMAKE_TOOLCHAIN_FILE=/cc_ws/tros_ws/robot_dev_config/aarch64_toolchainfile.cmake -DPLATFORM_X5=ON -DTHIRDPARTY=ON -DBUILD_TESTING=OFF -DCMAKE_BUILD_RPATH=/cc_ws/tros_ws/build/poco_vendor/poco_external_project_install/lib/;/cc_ws/tros_ws/build/libyaml_vendor/libyaml_install/lib/ -DCMAKE_INSTALL_PREFIX=/cc_ws/tros_ws/install
[0.121s] Not searching for unused variables given on the command line.
[0.121s] -- Found ament_cmake: 1.3.8 (/opt/ros/humble/share/ament_cmake/cmake)
[0.490s] [33mCMake Warning (dev) at /opt/ros/humble/share/ament_cmake_test/cmake/ament_cmake_test-extras.cmake:19 (option):
[0.490s]   Policy CMP0077 is not set: option() honors normal variables.  Run "cmake
[0.491s]   --help-policy CMP0077" for policy details.  Use the cmake_policy command to
[0.491s]   set the policy and suppress this warning.
[0.491s] 
[0.492s]   For compatibility with older versions of CMake, option is clearing the
[0.492s]   normal variable 'BUILD_TESTING'.
[0.492s] Call Stack (most recent call first):
[0.492s]   /opt/ros/humble/share/ament_cmake_test/cmake/ament_cmake_testConfig.cmake:41 (include)
[0.492s]   /opt/ros/humble/share/ament_cmake/cmake/ament_cmake_export_dependencies-extras.cmake:21 (find_package)
[0.493s]   /opt/ros/humble/share/ament_cmake/cmake/ament_cmakeConfig.cmake:41 (include)
[0.493s]   CMakeLists.txt:19 (find_package)
[0.493s] This warning is for project developers.  Use -Wno-dev to suppress it.
[0.493s] [0m
[0.827s] -- Configuring done
[0.834s] -- Generating done
[0.836s] -- Build files have been written to: /cc_ws/tros_ws/build/hobot_shm
[0.849s] Invoked command in '/cc_ws/tros_ws/build/hobot_shm' returned '0': CMAKE_PREFIX_PATH=/opt/ros/humble /usr/bin/cmake /cc_ws/tros_ws/src/box/hobot_shm -DCMAKE_EXPORT_COMPILE_COMMANDS=ON --no-warn-unused-cli -DCMAKE_TOOLCHAIN_FILE=/cc_ws/tros_ws/robot_dev_config/aarch64_toolchainfile.cmake -DPLATFORM_X5=ON -DTHIRDPARTY=ON -DBUILD_TESTING=OFF -DCMAKE_BUILD_RPATH=/cc_ws/tros_ws/build/poco_vendor/poco_external_project_install/lib/;/cc_ws/tros_ws/build/libyaml_vendor/libyaml_install/lib/ -DCMAKE_INSTALL_PREFIX=/cc_ws/tros_ws/install
[0.850s] Invoking command in '/cc_ws/tros_ws/build/hobot_shm': CMAKE_PREFIX_PATH=/opt/ros/humble /usr/bin/cmake --build /cc_ws/tros_ws/build/hobot_shm -- -j12 -l12
[1.390s] Invoked command in '/cc_ws/tros_ws/build/hobot_shm' returned '0': CMAKE_PREFIX_PATH=/opt/ros/humble /usr/bin/cmake --build /cc_ws/tros_ws/build/hobot_shm -- -j12 -l12
[1.613s] Invoking command in '/cc_ws/tros_ws/build/hobot_shm': CMAKE_PREFIX_PATH=/opt/ros/humble /usr/bin/cmake --install /cc_ws/tros_ws/build/hobot_shm
[1.634s] -- Install configuration: ""
[1.634s] -- Up-to-date: /cc_ws/tros_ws/install/lib/hobot_shm/config/
[1.635s] -- Up-to-date: /cc_ws/tros_ws/install/lib/hobot_shm/config//shm_fastdds.xml
[1.635s] -- Up-to-date: /cc_ws/tros_ws/install/share/hobot_shm//launch
[1.635s] -- Up-to-date: /cc_ws/tros_ws/install/share/hobot_shm//launch/hobot_shm.launch.py
[1.647s] -- Up-to-date: /cc_ws/tros_ws/install/share/ament_index/resource_index/package_run_dependencies/hobot_shm
[1.648s] -- Up-to-date: /cc_ws/tros_ws/install/share/ament_index/resource_index/parent_prefix_path/hobot_shm
[1.648s] -- Up-to-date: /cc_ws/tros_ws/install/share/hobot_shm/environment/ament_prefix_path.sh
[1.648s] -- Installing: /cc_ws/tros_ws/install/share/hobot_shm/environment/ament_prefix_path.dsv
[1.648s] -- Up-to-date: /cc_ws/tros_ws/install/share/hobot_shm/environment/path.sh
[1.649s] -- Installing: /cc_ws/tros_ws/install/share/hobot_shm/environment/path.dsv
[1.649s] -- Up-to-date: /cc_ws/tros_ws/install/share/hobot_shm/local_setup.bash
[1.649s] -- Up-to-date: /cc_ws/tros_ws/install/share/hobot_shm/local_setup.sh
[1.649s] -- Up-to-date: /cc_ws/tros_ws/install/share/hobot_shm/local_setup.zsh
[1.650s] -- Installing: /cc_ws/tros_ws/install/share/hobot_shm/local_setup.dsv
[1.650s] -- Installing: /cc_ws/tros_ws/install/share/hobot_shm/package.dsv
[1.651s] -- Up-to-date: /cc_ws/tros_ws/install/share/ament_index/resource_index/packages/hobot_shm
[1.651s] -- Up-to-date: /cc_ws/tros_ws/install/share/hobot_shm/cmake/hobot_shmConfig.cmake
[1.651s] -- Up-to-date: /cc_ws/tros_ws/install/share/hobot_shm/cmake/hobot_shmConfig-version.cmake
[1.651s] -- Up-to-date: /cc_ws/tros_ws/install/share/hobot_shm/package.xml
[1.690s] Invoked command in '/cc_ws/tros_ws/build/hobot_shm' returned '0': CMAKE_PREFIX_PATH=/opt/ros/humble /usr/bin/cmake --install /cc_ws/tros_ws/build/hobot_shm
