Not searching for unused variables given on the command line.
-- Found ament_cmake: 1.3.8 (/opt/ros/humble/share/ament_cmake/cmake)
-- Found rclcpp: 16.0.8 (/opt/ros/humble/share/rclcpp/cmake)
-- Found rosidl_generator_c: 3.1.5 (/opt/ros/humble/share/rosidl_generator_c/cmake)
-- Found rosidl_adapter: 3.1.5 (/opt/ros/humble/share/rosidl_adapter/cmake)
-- Found rosidl_generator_cpp: 3.1.5 (/opt/ros/humble/share/rosidl_generator_cpp/cmake)
-- Using all available rosidl_typesupport_c: rosidl_typesupport_fastrtps_c;rosidl_typesupport_introspection_c
-- Using all available rosidl_typesupport_cpp: rosidl_typesupport_fastrtps_cpp;rosidl_typesupport_introspection_cpp
-- Found rmw_implementation_cmake: 6.1.1 (/opt/ros/humble/share/rmw_implementation_cmake/cmake)
-- Found rmw_fastrtps_cpp: 6.2.6 (/opt/ros/humble/share/rmw_fastrtps_cpp/cmake)
-- Using RMW implementation 'rmw_fastrtps_cpp' as default
-- Found sensor_msgs: 4.2.3 (/opt/ros/humble/share/sensor_msgs/cmake)
-- Found nav_msgs: 4.2.3 (/opt/ros/humble/share/nav_msgs/cmake)
-- Found visualization_msgs: 4.2.3 (/opt/ros/humble/share/visualization_msgs/cmake)
-- Found cv_bridge: 3.2.1 (/opt/ros/humble/share/cv_bridge/cmake)
-- Checking for module 'eigen3'
--   No package 'eigen3' found
-- Eigen found (include: /cc_ws/tros_ws/robot_dev_config/../../sysroot_docker/usr/include/eigen3, version: 3.4.0)
-- FLANN found (include: /cc_ws/tros_ws/robot_dev_config/../../sysroot_docker/usr/include, lib: /cc_ws/tros_ws/robot_dev_config/../../sysroot_docker/usr/lib/aarch64-linux-gnu/libflann_cpp.so)
-- The imported target "VTK::WrapHierarchy" references the file
   "/cc_ws/sysroot_docker/usr/bin/vtkWrapHierarchy-9.1"
but this file does not exist.  Possible reasons include:
* The file was deleted, renamed, or moved to another location.
* An install or uninstall procedure did not complete successfully.
* The installation package was faulty and contained
   "/cc_ws/sysroot_docker/usr/lib/aarch64-linux-gnu/cmake/vtk-9.1/VTK-targets.cmake"
but not all the files it references.

-- The imported target "VTK::WrapPython" references the file
   "/cc_ws/sysroot_docker/usr/bin/vtkWrapPython-9.1"
but this file does not exist.  Possible reasons include:
* The file was deleted, renamed, or moved to another location.
* An install or uninstall procedure did not complete successfully.
* The installation package was faulty and contained
   "/cc_ws/sysroot_docker/usr/lib/aarch64-linux-gnu/cmake/vtk-9.1/VTK-targets.cmake"
but not all the files it references.

-- The imported target "VTK::WrapPythonInit" references the file
   "/cc_ws/sysroot_docker/usr/bin/vtkWrapPythonInit-9.1"
but this file does not exist.  Possible reasons include:
* The file was deleted, renamed, or moved to another location.
* An install or uninstall procedure did not complete successfully.
* The installation package was faulty and contained
   "/cc_ws/sysroot_docker/usr/lib/aarch64-linux-gnu/cmake/vtk-9.1/VTK-targets.cmake"
but not all the files it references.

-- The imported target "VTK::ParseJava" references the file
   "/cc_ws/sysroot_docker/usr/bin/vtkParseJava-9.1"
but this file does not exist.  Possible reasons include:
* The file was deleted, renamed, or moved to another location.
* An install or uninstall procedure did not complete successfully.
* The installation package was faulty and contained
   "/cc_ws/sysroot_docker/usr/lib/aarch64-linux-gnu/cmake/vtk-9.1/VTK-targets.cmake"
but not all the files it references.

-- The imported target "VTK::WrapJava" references the file
   "/cc_ws/sysroot_docker/usr/bin/vtkWrapJava-9.1"
but this file does not exist.  Possible reasons include:
* The file was deleted, renamed, or moved to another location.
* An install or uninstall procedure did not complete successfully.
* The installation package was faulty and contained
   "/cc_ws/sysroot_docker/usr/lib/aarch64-linux-gnu/cmake/vtk-9.1/VTK-targets.cmake"
but not all the files it references.

-- The imported target "VTK::vtkProbeOpenGLVersion" references the file
   "/cc_ws/sysroot_docker/usr/bin/vtkProbeOpenGLVersion-9.1"
but this file does not exist.  Possible reasons include:
* The file was deleted, renamed, or moved to another location.
* An install or uninstall procedure did not complete successfully.
* The installation package was faulty and contained
   "/cc_ws/sysroot_docker/usr/lib/aarch64-linux-gnu/cmake/vtk-9.1/VTK-targets.cmake"
but not all the files it references.

-- Checking for module 'mpi-c'
--   No package 'mpi-c' found
-- Could NOT find MPI_C (missing: MPI_C_LIB_NAMES MPI_C_HEADER_DIR MPI_C_WORKS) 
-- Could NOT find MPI (missing: MPI_C_FOUND C) 
-- Found Eigen3: /cc_ws/tros_ws/robot_dev_config/../../sysroot_docker/usr/include/eigen3 (found version "3.4.0") 
-- OpenNI found (version: 1.5.4.0, include: /cc_ws/tros_ws/robot_dev_config/../../sysroot_docker/usr/include/ni, lib: /cc_ws/tros_ws/robot_dev_config/../../sysroot_docker/usr/lib/libOpenNI.so;libusb::libusb)
-- OpenNI2 found (version: 2.2.0.33, include: /cc_ws/tros_ws/robot_dev_config/../../sysroot_docker/usr/include/openni2, lib: /cc_ws/tros_ws/robot_dev_config/../../sysroot_docker/usr/lib/aarch64-linux-gnu/libOpenNI2.so;libusb::libusb)
-- Checking for module 'mpi-c'
--   No package 'mpi-c' found
-- Could NOT find MPI_C (missing: MPI_C_LIB_NAMES MPI_C_HEADER_DIR MPI_C_WORKS) 
-- Could NOT find MPI (missing: MPI_C_FOUND C) 
-- Checking for module 'eigen3'
--   No package 'eigen3' found
-- Eigen found (include: /cc_ws/tros_ws/robot_dev_config/../../sysroot_docker/usr/include/eigen3, version: 3.4.0)
-- OpenNI found (version: 1.5.4.0, include: /cc_ws/tros_ws/robot_dev_config/../../sysroot_docker/usr/include/ni, lib: /cc_ws/tros_ws/robot_dev_config/../../sysroot_docker/usr/lib/libOpenNI.so;libusb::libusb)
-- OpenNI2 found (version: 2.2.0.33, include: /cc_ws/tros_ws/robot_dev_config/../../sysroot_docker/usr/include/openni2, lib: /cc_ws/tros_ws/robot_dev_config/../../sysroot_docker/usr/lib/aarch64-linux-gnu/libOpenNI2.so;libusb::libusb)
-- Checking for module 'mpi-c'
--   No package 'mpi-c' found
-- Could NOT find MPI_C (missing: MPI_C_LIB_NAMES MPI_C_HEADER_DIR MPI_C_WORKS) 
-- Could NOT find MPI (missing: MPI_C_FOUND C) 
-- Found Qhull version 8.0.2
-- Checking for module 'mpi-c'
--   No package 'mpi-c' found
-- Could NOT find MPI_C (missing: MPI_C_LIB_NAMES MPI_C_HEADER_DIR MPI_C_WORKS) 
-- Could NOT find MPI (missing: MPI_C_FOUND C) 
-- OpenNI found (version: 1.5.4.0, include: /cc_ws/tros_ws/robot_dev_config/../../sysroot_docker/usr/include/ni, lib: /cc_ws/tros_ws/robot_dev_config/../../sysroot_docker/usr/lib/libOpenNI.so;libusb::libusb)
-- Checking for module 'mpi-c'
--   No package 'mpi-c' found
-- Could NOT find MPI_C (missing: MPI_C_LIB_NAMES MPI_C_HEADER_DIR MPI_C_WORKS) 
-- Could NOT find MPI (missing: MPI_C_FOUND C) 
-- looking for PCL_COMMON
-- Could NOT find PCL_COMMON (missing: PCL_COMMON_LIBRARY PCL_COMMON_INCLUDE_DIR) 
-- looking for PCL_KDTREE
-- Could NOT find PCL_KDTREE (missing: PCL_KDTREE_LIBRARY PCL_KDTREE_INCLUDE_DIR) 
-- looking for PCL_OCTREE
-- Could NOT find PCL_OCTREE (missing: PCL_OCTREE_LIBRARY PCL_OCTREE_INCLUDE_DIR) 
-- looking for PCL_SEARCH
-- Could NOT find PCL_SEARCH (missing: PCL_SEARCH_LIBRARY PCL_SEARCH_INCLUDE_DIR) 
-- looking for PCL_SAMPLE_CONSENSUS
-- Could NOT find PCL_SAMPLE_CONSENSUS (missing: PCL_SAMPLE_CONSENSUS_LIBRARY PCL_SAMPLE_CONSENSUS_INCLUDE_DIR) 
-- looking for PCL_FILTERS
-- Could NOT find PCL_FILTERS (missing: PCL_FILTERS_LIBRARY PCL_FILTERS_INCLUDE_DIR) 
-- looking for PCL_2D
-- Could NOT find PCL_2D (missing: PCL_2D_INCLUDE_DIR) 
-- looking for PCL_GEOMETRY
-- Could NOT find PCL_GEOMETRY (missing: PCL_GEOMETRY_INCLUDE_DIR) 
-- looking for PCL_IO
-- Could NOT find PCL_IO (missing: PCL_IO_LIBRARY PCL_IO_INCLUDE_DIR) 
-- looking for PCL_FEATURES
-- Could NOT find PCL_FEATURES (missing: PCL_FEATURES_LIBRARY PCL_FEATURES_INCLUDE_DIR) 
-- looking for PCL_ML
-- Could NOT find PCL_ML (missing: PCL_ML_LIBRARY PCL_ML_INCLUDE_DIR) 
-- looking for PCL_SEGMENTATION
-- Could NOT find PCL_SEGMENTATION (missing: PCL_SEGMENTATION_LIBRARY PCL_SEGMENTATION_INCLUDE_DIR) 
-- looking for PCL_VISUALIZATION
-- Could NOT find PCL_VISUALIZATION (missing: PCL_VISUALIZATION_LIBRARY PCL_VISUALIZATION_INCLUDE_DIR) 
-- looking for PCL_SURFACE
-- Could NOT find PCL_SURFACE (missing: PCL_SURFACE_LIBRARY PCL_SURFACE_INCLUDE_DIR) 
-- looking for PCL_REGISTRATION
-- Could NOT find PCL_REGISTRATION (missing: PCL_REGISTRATION_LIBRARY PCL_REGISTRATION_INCLUDE_DIR) 
-- looking for PCL_KEYPOINTS
-- Could NOT find PCL_KEYPOINTS (missing: PCL_KEYPOINTS_LIBRARY PCL_KEYPOINTS_INCLUDE_DIR) 
-- looking for PCL_TRACKING
-- Could NOT find PCL_TRACKING (missing: PCL_TRACKING_LIBRARY PCL_TRACKING_INCLUDE_DIR) 
-- looking for PCL_RECOGNITION
-- Could NOT find PCL_RECOGNITION (missing: PCL_RECOGNITION_LIBRARY PCL_RECOGNITION_INCLUDE_DIR) 
-- looking for PCL_STEREO
-- Could NOT find PCL_STEREO (missing: PCL_STEREO_LIBRARY PCL_STEREO_INCLUDE_DIR) 
-- looking for PCL_APPS
-- Could NOT find PCL_APPS (missing: PCL_APPS_LIBRARY PCL_APPS_INCLUDE_DIR) 
-- looking for PCL_IN_HAND_SCANNER
-- Could NOT find PCL_IN_HAND_SCANNER (missing: PCL_IN_HAND_SCANNER_INCLUDE_DIR) 
-- looking for PCL_MODELER
-- Could NOT find PCL_MODELER (missing: PCL_MODELER_INCLUDE_DIR) 
-- looking for PCL_POINT_CLOUD_EDITOR
-- Could NOT find PCL_POINT_CLOUD_EDITOR (missing: PCL_POINT_CLOUD_EDITOR_INCLUDE_DIR) 
-- looking for PCL_OUTOFCORE
-- Could NOT find PCL_OUTOFCORE (missing: PCL_OUTOFCORE_LIBRARY PCL_OUTOFCORE_INCLUDE_DIR) 
-- looking for PCL_PEOPLE
-- Could NOT find PCL_PEOPLE (missing: PCL_PEOPLE_LIBRARY PCL_PEOPLE_INCLUDE_DIR) 
-- Found pcl_conversions: 2.4.0 (/opt/ros/humble/share/pcl_conversions/cmake)
-- Found tf2: 0.25.6 (/opt/ros/humble/share/tf2/cmake)
-- Found tf2_ros: 0.25.6 (/opt/ros/humble/share/tf2_ros/cmake)
-- Found tf2_geometry_msgs: 0.25.6 (/opt/ros/humble/share/tf2_geometry_msgs/cmake)
-- Found eigen3_cmake_module: 0.1.1 (/opt/ros/humble/share/eigen3_cmake_module/cmake)
-- Found Eigen3: TRUE (found version "3.4.0") 
-- Ensuring Eigen3 include directory is part of orocos-kdl CMake target
-- Configuring done
-- Generating done
-- Build files have been written to: /cc_ws/tros_ws/build/ground_robot_planner
[35m[1mConsolidate compiler generated dependencies of target ground_robot_planner_lib[0m
[ 64%] Built target ground_robot_planner_lib
[35m[1mConsolidate compiler generated dependencies of target controller_node[0m
[35m[1mConsolidate compiler generated dependencies of target navigation_manager_node[0m
[35m[1mConsolidate compiler generated dependencies of target grid_map_node[0m
[ 76%] Built target navigation_manager_node
[ 88%] Built target controller_node
[100%] Built target grid_map_node
-- Install configuration: ""
-- Up-to-date: /cc_ws/tros_ws/install/lib/ground_robot_planner/controller_node
-- Up-to-date: /cc_ws/tros_ws/install/lib/ground_robot_planner/grid_map_node
-- Up-to-date: /cc_ws/tros_ws/install/share/ground_robot_planner/launch
-- Up-to-date: /cc_ws/tros_ws/install/share/ground_robot_planner/launch/nav_stereo_without.py
-- Up-to-date: /cc_ws/tros_ws/install/share/ground_robot_planner/config
-- Up-to-date: /cc_ws/tros_ws/install/share/ground_robot_planner/config/planner_params.yaml
-- Up-to-date: /cc_ws/tros_ws/install/share/ground_robot_planner/config/trajectory_sampler_params.yaml
-- Up-to-date: /cc_ws/tros_ws/install/share/ground_robot_planner/config/dwa_params.yaml
-- Up-to-date: /cc_ws/tros_ws/install/include/ground_robot_planner
-- Up-to-date: /cc_ws/tros_ws/install/include/ground_robot_planner/dwa.h
-- Up-to-date: /cc_ws/tros_ws/install/include/ground_robot_planner/statistics_manager.h
-- Up-to-date: /cc_ws/tros_ws/install/include/ground_robot_planner/path_follower.h
-- Up-to-date: /cc_ws/tros_ws/install/include/ground_robot_planner/astar_planner.h
-- Up-to-date: /cc_ws/tros_ws/install/include/ground_robot_planner/controller.h
-- Up-to-date: /cc_ws/tros_ws/install/include/ground_robot_planner/ray_caster.h
-- Up-to-date: /cc_ws/tros_ws/install/include/ground_robot_planner/grid_map.h
-- Up-to-date: /cc_ws/tros_ws/install/include/ground_robot_planner/state_manager.h
-- Up-to-date: /cc_ws/tros_ws/install/include/ground_robot_planner/navigation_manager.h
-- Up-to-date: /cc_ws/tros_ws/install/include/ground_robot_planner/parameter_manager.h
-- Up-to-date: /cc_ws/tros_ws/install/lib/libground_robot_planner_lib.a
-- Up-to-date: /cc_ws/tros_ws/install/share/ament_index/resource_index/package_run_dependencies/ground_robot_planner
-- Up-to-date: /cc_ws/tros_ws/install/share/ament_index/resource_index/parent_prefix_path/ground_robot_planner
-- Up-to-date: /cc_ws/tros_ws/install/share/ground_robot_planner/environment/ament_prefix_path.sh
-- Installing: /cc_ws/tros_ws/install/share/ground_robot_planner/environment/ament_prefix_path.dsv
-- Up-to-date: /cc_ws/tros_ws/install/share/ground_robot_planner/environment/path.sh
-- Installing: /cc_ws/tros_ws/install/share/ground_robot_planner/environment/path.dsv
-- Up-to-date: /cc_ws/tros_ws/install/share/ground_robot_planner/local_setup.bash
-- Up-to-date: /cc_ws/tros_ws/install/share/ground_robot_planner/local_setup.sh
-- Up-to-date: /cc_ws/tros_ws/install/share/ground_robot_planner/local_setup.zsh
-- Installing: /cc_ws/tros_ws/install/share/ground_robot_planner/local_setup.dsv
-- Installing: /cc_ws/tros_ws/install/share/ground_robot_planner/package.dsv
-- Up-to-date: /cc_ws/tros_ws/install/share/ament_index/resource_index/packages/ground_robot_planner
-- Up-to-date: /cc_ws/tros_ws/install/share/ground_robot_planner/cmake/ground_robot_plannerConfig.cmake
-- Up-to-date: /cc_ws/tros_ws/install/share/ground_robot_planner/cmake/ground_robot_plannerConfig-version.cmake
-- Up-to-date: /cc_ws/tros_ws/install/share/ground_robot_planner/package.xml
