[0.080s] Invoking command in '/cc_ws/tros_ws/build/ground_robot_planner': CMAKE_PREFIX_PATH=/opt/ros/humble /usr/bin/cmake /cc_ws/tros_ws/src/dm_unitree/GroundRobotPlanner_ros2/src/ground_robot_planner -DCMAKE_EXPORT_COMPILE_COMMANDS=ON --no-warn-unused-cli -DCMAKE_TOOLCHAIN_FILE=/cc_ws/tros_ws/robot_dev_config/aarch64_toolchainfile.cmake -DPLATFORM_X5=ON -DTHIRDPARTY=ON -DBUILD_TESTING=OFF -DCMAKE_BUILD_RPATH=/cc_ws/tros_ws/build/poco_vendor/poco_external_project_install/lib/;/cc_ws/tros_ws/build/libyaml_vendor/libyaml_install/lib/ -DCMAKE_INSTALL_PREFIX=/cc_ws/tros_ws/install
[0.115s] Not searching for unused variables given on the command line.
[0.116s] -- Found ament_cmake: 1.3.8 (/opt/ros/humble/share/ament_cmake/cmake)
[0.344s] [33mCMake Warning (dev) at /opt/ros/humble/share/ament_cmake_test/cmake/ament_cmake_test-extras.cmake:19 (option):
[0.345s]   Policy CMP0077 is not set: option() honors normal variables.  Run "cmake
[0.345s]   --help-policy CMP0077" for policy details.  Use the cmake_policy command to
[0.345s]   set the policy and suppress this warning.
[0.345s] 
[0.346s]   For compatibility with older versions of CMake, option is clearing the
[0.346s]   normal variable 'BUILD_TESTING'.
[0.346s] Call Stack (most recent call first):
[0.347s]   /opt/ros/humble/share/ament_cmake_test/cmake/ament_cmake_testConfig.cmake:41 (include)
[0.347s]   /opt/ros/humble/share/ament_cmake/cmake/ament_cmake_export_dependencies-extras.cmake:21 (find_package)
[0.347s]   /opt/ros/humble/share/ament_cmake/cmake/ament_cmakeConfig.cmake:41 (include)
[0.347s]   CMakeLists.txt:25 (find_package)
[0.347s] This warning is for project developers.  Use -Wno-dev to suppress it.
[0.347s] [0m
[0.354s] -- Found rclcpp: 16.0.8 (/opt/ros/humble/share/rclcpp/cmake)
[0.450s] -- Found rosidl_generator_c: 3.1.5 (/opt/ros/humble/share/rosidl_generator_c/cmake)
[0.454s] -- Found rosidl_adapter: 3.1.5 (/opt/ros/humble/share/rosidl_adapter/cmake)
[0.466s] -- Found rosidl_generator_cpp: 3.1.5 (/opt/ros/humble/share/rosidl_generator_cpp/cmake)
[0.502s] -- Using all available rosidl_typesupport_c: rosidl_typesupport_fastrtps_c;rosidl_typesupport_introspection_c
[0.539s] -- Using all available rosidl_typesupport_cpp: rosidl_typesupport_fastrtps_cpp;rosidl_typesupport_introspection_cpp
[0.845s] -- Found rmw_implementation_cmake: 6.1.1 (/opt/ros/humble/share/rmw_implementation_cmake/cmake)
[0.849s] -- Found rmw_fastrtps_cpp: 6.2.6 (/opt/ros/humble/share/rmw_fastrtps_cpp/cmake)
[1.076s] -- Using RMW implementation 'rmw_fastrtps_cpp' as default
[1.492s] -- Found sensor_msgs: 4.2.3 (/opt/ros/humble/share/sensor_msgs/cmake)
[1.816s] -- Found nav_msgs: 4.2.3 (/opt/ros/humble/share/nav_msgs/cmake)
[1.997s] -- Found visualization_msgs: 4.2.3 (/opt/ros/humble/share/visualization_msgs/cmake)
[2.279s] -- Found cv_bridge: 3.2.1 (/opt/ros/humble/share/cv_bridge/cmake)
[2.341s] -- Checking for module 'eigen3'
[2.361s] --   No package 'eigen3' found
[2.367s] -- Eigen found (include: /cc_ws/tros_ws/robot_dev_config/../../sysroot_docker/usr/include/eigen3, version: 3.4.0)
[2.423s] -- FLANN found (include: /cc_ws/tros_ws/robot_dev_config/../../sysroot_docker/usr/include, lib: /cc_ws/tros_ws/robot_dev_config/../../sysroot_docker/usr/lib/aarch64-linux-gnu/libflann_cpp.so)
[2.453s] -- The imported target "VTK::WrapHierarchy" references the file
[2.453s]    "/cc_ws/sysroot_docker/usr/bin/vtkWrapHierarchy-9.1"
[2.453s] but this file does not exist.  Possible reasons include:
[2.453s] * The file was deleted, renamed, or moved to another location.
[2.454s] * An install or uninstall procedure did not complete successfully.
[2.454s] * The installation package was faulty and contained
[2.454s]    "/cc_ws/sysroot_docker/usr/lib/aarch64-linux-gnu/cmake/vtk-9.1/VTK-targets.cmake"
[2.454s] but not all the files it references.
[2.454s] 
[2.455s] -- The imported target "VTK::WrapPython" references the file
[2.455s]    "/cc_ws/sysroot_docker/usr/bin/vtkWrapPython-9.1"
[2.455s] but this file does not exist.  Possible reasons include:
[2.455s] * The file was deleted, renamed, or moved to another location.
[2.455s] * An install or uninstall procedure did not complete successfully.
[2.456s] * The installation package was faulty and contained
[2.456s]    "/cc_ws/sysroot_docker/usr/lib/aarch64-linux-gnu/cmake/vtk-9.1/VTK-targets.cmake"
[2.456s] but not all the files it references.
[2.456s] 
[2.456s] -- The imported target "VTK::WrapPythonInit" references the file
[2.457s]    "/cc_ws/sysroot_docker/usr/bin/vtkWrapPythonInit-9.1"
[2.457s] but this file does not exist.  Possible reasons include:
[2.457s] * The file was deleted, renamed, or moved to another location.
[2.457s] * An install or uninstall procedure did not complete successfully.
[2.457s] * The installation package was faulty and contained
[2.458s]    "/cc_ws/sysroot_docker/usr/lib/aarch64-linux-gnu/cmake/vtk-9.1/VTK-targets.cmake"
[2.458s] but not all the files it references.
[2.458s] 
[2.458s] -- The imported target "VTK::ParseJava" references the file
[2.458s]    "/cc_ws/sysroot_docker/usr/bin/vtkParseJava-9.1"
[2.459s] but this file does not exist.  Possible reasons include:
[2.459s] * The file was deleted, renamed, or moved to another location.
[2.459s] * An install or uninstall procedure did not complete successfully.
[2.459s] * The installation package was faulty and contained
[2.460s]    "/cc_ws/sysroot_docker/usr/lib/aarch64-linux-gnu/cmake/vtk-9.1/VTK-targets.cmake"
[2.460s] but not all the files it references.
[2.460s] 
[2.460s] -- The imported target "VTK::WrapJava" references the file
[2.460s]    "/cc_ws/sysroot_docker/usr/bin/vtkWrapJava-9.1"
[2.461s] but this file does not exist.  Possible reasons include:
[2.461s] * The file was deleted, renamed, or moved to another location.
[2.461s] * An install or uninstall procedure did not complete successfully.
[2.461s] * The installation package was faulty and contained
[2.461s]    "/cc_ws/sysroot_docker/usr/lib/aarch64-linux-gnu/cmake/vtk-9.1/VTK-targets.cmake"
[2.462s] but not all the files it references.
[2.462s] 
[2.462s] -- The imported target "VTK::vtkProbeOpenGLVersion" references the file
[2.463s]    "/cc_ws/sysroot_docker/usr/bin/vtkProbeOpenGLVersion-9.1"
[2.463s] but this file does not exist.  Possible reasons include:
[2.463s] * The file was deleted, renamed, or moved to another location.
[2.463s] * An install or uninstall procedure did not complete successfully.
[2.464s] * The installation package was faulty and contained
[2.464s]    "/cc_ws/sysroot_docker/usr/lib/aarch64-linux-gnu/cmake/vtk-9.1/VTK-targets.cmake"
[2.464s] but not all the files it references.
[2.464s] 
[2.670s] -- Checking for module 'mpi-c'
[2.675s] --   No package 'mpi-c' found
[2.763s] -- Could NOT find MPI_C (missing: MPI_C_LIB_NAMES MPI_C_HEADER_DIR MPI_C_WORKS) 
[2.763s] -- Could NOT find MPI (missing: MPI_C_FOUND C) 
[2.842s] -- Found Eigen3: /cc_ws/tros_ws/robot_dev_config/../../sysroot_docker/usr/include/eigen3 (found version "3.4.0") 
[3.304s] -- OpenNI found (version: 1.5.4.0, include: /cc_ws/tros_ws/robot_dev_config/../../sysroot_docker/usr/include/ni, lib: /cc_ws/tros_ws/robot_dev_config/../../sysroot_docker/usr/lib/libOpenNI.so;libusb::libusb)
[3.321s] -- OpenNI2 found (version: 2.2.0.33, include: /cc_ws/tros_ws/robot_dev_config/../../sysroot_docker/usr/include/openni2, lib: /cc_ws/tros_ws/robot_dev_config/../../sysroot_docker/usr/lib/aarch64-linux-gnu/libOpenNI2.so;libusb::libusb)
[3.323s] [0m** WARNING ** io features related to pcap will be disabled[0m
[3.478s] -- Checking for module 'mpi-c'
[3.508s] --   No package 'mpi-c' found
[3.613s] -- Could NOT find MPI_C (missing: MPI_C_LIB_NAMES MPI_C_HEADER_DIR MPI_C_WORKS) 
[3.613s] -- Could NOT find MPI (missing: MPI_C_FOUND C) 
[3.931s] -- Checking for module 'eigen3'
[3.950s] --   No package 'eigen3' found
[3.953s] -- Eigen found (include: /cc_ws/tros_ws/robot_dev_config/../../sysroot_docker/usr/include/eigen3, version: 3.4.0)
[3.997s] -- OpenNI found (version: 1.5.4.0, include: /cc_ws/tros_ws/robot_dev_config/../../sysroot_docker/usr/include/ni, lib: /cc_ws/tros_ws/robot_dev_config/../../sysroot_docker/usr/lib/libOpenNI.so;libusb::libusb)
[4.029s] -- OpenNI2 found (version: 2.2.0.33, include: /cc_ws/tros_ws/robot_dev_config/../../sysroot_docker/usr/include/openni2, lib: /cc_ws/tros_ws/robot_dev_config/../../sysroot_docker/usr/lib/aarch64-linux-gnu/libOpenNI2.so;libusb::libusb)
[4.252s] -- Checking for module 'mpi-c'
[4.270s] --   No package 'mpi-c' found
[4.463s] -- Could NOT find MPI_C (missing: MPI_C_LIB_NAMES MPI_C_HEADER_DIR MPI_C_WORKS) 
[4.463s] -- Could NOT find MPI (missing: MPI_C_FOUND C) 
[4.777s] -- Found Qhull version 8.0.2
[5.006s] -- Checking for module 'mpi-c'
[5.025s] --   No package 'mpi-c' found
[5.107s] -- Could NOT find MPI_C (missing: MPI_C_LIB_NAMES MPI_C_HEADER_DIR MPI_C_WORKS) 
[5.107s] -- Could NOT find MPI (missing: MPI_C_FOUND C) 
[5.422s] -- OpenNI found (version: 1.5.4.0, include: /cc_ws/tros_ws/robot_dev_config/../../sysroot_docker/usr/include/ni, lib: /cc_ws/tros_ws/robot_dev_config/../../sysroot_docker/usr/lib/libOpenNI.so;libusb::libusb)
[5.613s] -- Checking for module 'mpi-c'
[5.627s] --   No package 'mpi-c' found
[5.711s] -- Could NOT find MPI_C (missing: MPI_C_LIB_NAMES MPI_C_HEADER_DIR MPI_C_WORKS) 
[5.711s] -- Could NOT find MPI (missing: MPI_C_FOUND C) 
[6.060s] -- looking for PCL_COMMON
[6.061s] -- Could NOT find PCL_COMMON (missing: PCL_COMMON_LIBRARY PCL_COMMON_INCLUDE_DIR) 
[6.061s] -- looking for PCL_KDTREE
[6.062s] -- Could NOT find PCL_KDTREE (missing: PCL_KDTREE_LIBRARY PCL_KDTREE_INCLUDE_DIR) 
[6.062s] -- looking for PCL_OCTREE
[6.063s] -- Could NOT find PCL_OCTREE (missing: PCL_OCTREE_LIBRARY PCL_OCTREE_INCLUDE_DIR) 
[6.063s] -- looking for PCL_SEARCH
[6.063s] -- Could NOT find PCL_SEARCH (missing: PCL_SEARCH_LIBRARY PCL_SEARCH_INCLUDE_DIR) 
[6.064s] -- looking for PCL_SAMPLE_CONSENSUS
[6.064s] -- Could NOT find PCL_SAMPLE_CONSENSUS (missing: PCL_SAMPLE_CONSENSUS_LIBRARY PCL_SAMPLE_CONSENSUS_INCLUDE_DIR) 
[6.065s] -- looking for PCL_FILTERS
[6.065s] -- Could NOT find PCL_FILTERS (missing: PCL_FILTERS_LIBRARY PCL_FILTERS_INCLUDE_DIR) 
[6.065s] -- looking for PCL_2D
[6.066s] -- Could NOT find PCL_2D (missing: PCL_2D_INCLUDE_DIR) 
[6.066s] -- looking for PCL_GEOMETRY
[6.066s] -- Could NOT find PCL_GEOMETRY (missing: PCL_GEOMETRY_INCLUDE_DIR) 
[6.067s] -- looking for PCL_IO
[6.068s] -- Could NOT find PCL_IO (missing: PCL_IO_LIBRARY PCL_IO_INCLUDE_DIR) 
[6.068s] -- looking for PCL_FEATURES
[6.069s] -- Could NOT find PCL_FEATURES (missing: PCL_FEATURES_LIBRARY PCL_FEATURES_INCLUDE_DIR) 
[6.069s] -- looking for PCL_ML
[6.070s] -- Could NOT find PCL_ML (missing: PCL_ML_LIBRARY PCL_ML_INCLUDE_DIR) 
[6.070s] -- looking for PCL_SEGMENTATION
[6.071s] -- Could NOT find PCL_SEGMENTATION (missing: PCL_SEGMENTATION_LIBRARY PCL_SEGMENTATION_INCLUDE_DIR) 
[6.072s] -- looking for PCL_VISUALIZATION
[6.075s] -- Could NOT find PCL_VISUALIZATION (missing: PCL_VISUALIZATION_LIBRARY PCL_VISUALIZATION_INCLUDE_DIR) 
[6.075s] -- looking for PCL_SURFACE
[6.075s] -- Could NOT find PCL_SURFACE (missing: PCL_SURFACE_LIBRARY PCL_SURFACE_INCLUDE_DIR) 
[6.075s] -- looking for PCL_REGISTRATION
[6.076s] -- Could NOT find PCL_REGISTRATION (missing: PCL_REGISTRATION_LIBRARY PCL_REGISTRATION_INCLUDE_DIR) 
[6.076s] -- looking for PCL_KEYPOINTS
[6.077s] -- Could NOT find PCL_KEYPOINTS (missing: PCL_KEYPOINTS_LIBRARY PCL_KEYPOINTS_INCLUDE_DIR) 
[6.077s] -- looking for PCL_TRACKING
[6.078s] -- Could NOT find PCL_TRACKING (missing: PCL_TRACKING_LIBRARY PCL_TRACKING_INCLUDE_DIR) 
[6.082s] -- looking for PCL_RECOGNITION
[6.082s] -- Could NOT find PCL_RECOGNITION (missing: PCL_RECOGNITION_LIBRARY PCL_RECOGNITION_INCLUDE_DIR) 
[6.082s] -- looking for PCL_STEREO
[6.082s] -- Could NOT find PCL_STEREO (missing: PCL_STEREO_LIBRARY PCL_STEREO_INCLUDE_DIR) 
[6.082s] -- looking for PCL_APPS
[6.083s] -- Could NOT find PCL_APPS (missing: PCL_APPS_LIBRARY PCL_APPS_INCLUDE_DIR) 
[6.083s] -- looking for PCL_IN_HAND_SCANNER
[6.084s] -- Could NOT find PCL_IN_HAND_SCANNER (missing: PCL_IN_HAND_SCANNER_INCLUDE_DIR) 
[6.084s] -- looking for PCL_MODELER
[6.085s] -- Could NOT find PCL_MODELER (missing: PCL_MODELER_INCLUDE_DIR) 
[6.086s] -- looking for PCL_POINT_CLOUD_EDITOR
[6.087s] -- Could NOT find PCL_POINT_CLOUD_EDITOR (missing: PCL_POINT_CLOUD_EDITOR_INCLUDE_DIR) 
[6.087s] -- looking for PCL_OUTOFCORE
[6.088s] -- Could NOT find PCL_OUTOFCORE (missing: PCL_OUTOFCORE_LIBRARY PCL_OUTOFCORE_INCLUDE_DIR) 
[6.089s] -- looking for PCL_PEOPLE
[6.090s] -- Could NOT find PCL_PEOPLE (missing: PCL_PEOPLE_LIBRARY PCL_PEOPLE_INCLUDE_DIR) 
[6.092s] -- Found pcl_conversions: 2.4.0 (/opt/ros/humble/share/pcl_conversions/cmake)
[6.423s] -- Found tf2: 0.25.6 (/opt/ros/humble/share/tf2/cmake)
[6.444s] -- Found tf2_ros: 0.25.6 (/opt/ros/humble/share/tf2_ros/cmake)
[7.275s] -- Found tf2_geometry_msgs: 0.25.6 (/opt/ros/humble/share/tf2_geometry_msgs/cmake)
[7.292s] -- Found eigen3_cmake_module: 0.1.1 (/opt/ros/humble/share/eigen3_cmake_module/cmake)
[7.292s] -- Found Eigen3: TRUE (found version "3.4.0") 
[7.292s] -- Ensuring Eigen3 include directory is part of orocos-kdl CMake target
[8.052s] -- Configuring done
[8.653s] -- Generating done
[8.675s] -- Build files have been written to: /cc_ws/tros_ws/build/ground_robot_planner
[8.774s] Invoked command in '/cc_ws/tros_ws/build/ground_robot_planner' returned '0': CMAKE_PREFIX_PATH=/opt/ros/humble /usr/bin/cmake /cc_ws/tros_ws/src/dm_unitree/GroundRobotPlanner_ros2/src/ground_robot_planner -DCMAKE_EXPORT_COMPILE_COMMANDS=ON --no-warn-unused-cli -DCMAKE_TOOLCHAIN_FILE=/cc_ws/tros_ws/robot_dev_config/aarch64_toolchainfile.cmake -DPLATFORM_X5=ON -DTHIRDPARTY=ON -DBUILD_TESTING=OFF -DCMAKE_BUILD_RPATH=/cc_ws/tros_ws/build/poco_vendor/poco_external_project_install/lib/;/cc_ws/tros_ws/build/libyaml_vendor/libyaml_install/lib/ -DCMAKE_INSTALL_PREFIX=/cc_ws/tros_ws/install
[8.775s] Invoking command in '/cc_ws/tros_ws/build/ground_robot_planner': CMAKE_PREFIX_PATH=/opt/ros/humble /usr/bin/cmake --build /cc_ws/tros_ws/build/ground_robot_planner -- -j12 -l12
[10.444s] [35m[1mConsolidate compiler generated dependencies of target ground_robot_planner_lib[0m
[10.444s] [ 64%] Built target ground_robot_planner_lib
[10.445s] [35m[1mConsolidate compiler generated dependencies of target controller_node[0m
[10.445s] [35m[1mConsolidate compiler generated dependencies of target navigation_manager_node[0m
[10.446s] [35m[1mConsolidate compiler generated dependencies of target grid_map_node[0m
[10.447s] [ 76%] Built target navigation_manager_node
[10.448s] [ 88%] Built target controller_node
[10.448s] [100%] Built target grid_map_node
[10.481s] Invoked command in '/cc_ws/tros_ws/build/ground_robot_planner' returned '0': CMAKE_PREFIX_PATH=/opt/ros/humble /usr/bin/cmake --build /cc_ws/tros_ws/build/ground_robot_planner -- -j12 -l12
[11.273s] Invoking command in '/cc_ws/tros_ws/build/ground_robot_planner': CMAKE_PREFIX_PATH=/opt/ros/humble /usr/bin/cmake --install /cc_ws/tros_ws/build/ground_robot_planner
[11.350s] -- Install configuration: ""
[11.352s] -- Up-to-date: /cc_ws/tros_ws/install/lib/ground_robot_planner/controller_node
[11.368s] -- Up-to-date: /cc_ws/tros_ws/install/lib/ground_robot_planner/grid_map_node
[11.368s] -- Up-to-date: /cc_ws/tros_ws/install/share/ground_robot_planner/launch
[11.369s] -- Up-to-date: /cc_ws/tros_ws/install/share/ground_robot_planner/launch/nav_stereo_without.py
[11.369s] -- Up-to-date: /cc_ws/tros_ws/install/share/ground_robot_planner/config
[11.369s] -- Up-to-date: /cc_ws/tros_ws/install/share/ground_robot_planner/config/planner_params.yaml
[11.369s] -- Up-to-date: /cc_ws/tros_ws/install/share/ground_robot_planner/config/trajectory_sampler_params.yaml
[11.370s] -- Up-to-date: /cc_ws/tros_ws/install/share/ground_robot_planner/config/dwa_params.yaml
[11.370s] -- Up-to-date: /cc_ws/tros_ws/install/include/ground_robot_planner
[11.370s] -- Up-to-date: /cc_ws/tros_ws/install/include/ground_robot_planner/dwa.h
[11.370s] -- Up-to-date: /cc_ws/tros_ws/install/include/ground_robot_planner/statistics_manager.h
[11.371s] -- Up-to-date: /cc_ws/tros_ws/install/include/ground_robot_planner/path_follower.h
[11.371s] -- Up-to-date: /cc_ws/tros_ws/install/include/ground_robot_planner/astar_planner.h
[11.372s] -- Up-to-date: /cc_ws/tros_ws/install/include/ground_robot_planner/controller.h
[11.372s] -- Up-to-date: /cc_ws/tros_ws/install/include/ground_robot_planner/ray_caster.h
[11.373s] -- Up-to-date: /cc_ws/tros_ws/install/include/ground_robot_planner/grid_map.h
[11.374s] -- Up-to-date: /cc_ws/tros_ws/install/include/ground_robot_planner/state_manager.h
[11.374s] -- Up-to-date: /cc_ws/tros_ws/install/include/ground_robot_planner/navigation_manager.h
[11.375s] -- Up-to-date: /cc_ws/tros_ws/install/include/ground_robot_planner/parameter_manager.h
[11.375s] -- Up-to-date: /cc_ws/tros_ws/install/lib/libground_robot_planner_lib.a
[11.375s] -- Up-to-date: /cc_ws/tros_ws/install/share/ament_index/resource_index/package_run_dependencies/ground_robot_planner
[11.375s] -- Up-to-date: /cc_ws/tros_ws/install/share/ament_index/resource_index/parent_prefix_path/ground_robot_planner
[11.376s] -- Up-to-date: /cc_ws/tros_ws/install/share/ground_robot_planner/environment/ament_prefix_path.sh
[11.376s] -- Installing: /cc_ws/tros_ws/install/share/ground_robot_planner/environment/ament_prefix_path.dsv
[11.376s] -- Up-to-date: /cc_ws/tros_ws/install/share/ground_robot_planner/environment/path.sh
[11.376s] -- Installing: /cc_ws/tros_ws/install/share/ground_robot_planner/environment/path.dsv
[11.376s] -- Up-to-date: /cc_ws/tros_ws/install/share/ground_robot_planner/local_setup.bash
[11.377s] -- Up-to-date: /cc_ws/tros_ws/install/share/ground_robot_planner/local_setup.sh
[11.377s] -- Up-to-date: /cc_ws/tros_ws/install/share/ground_robot_planner/local_setup.zsh
[11.377s] -- Installing: /cc_ws/tros_ws/install/share/ground_robot_planner/local_setup.dsv
[11.377s] -- Installing: /cc_ws/tros_ws/install/share/ground_robot_planner/package.dsv
[11.378s] -- Up-to-date: /cc_ws/tros_ws/install/share/ament_index/resource_index/packages/ground_robot_planner
[11.384s] -- Up-to-date: /cc_ws/tros_ws/install/share/ground_robot_planner/cmake/ground_robot_plannerConfig.cmake
[11.385s] -- Up-to-date: /cc_ws/tros_ws/install/share/ground_robot_planner/cmake/ground_robot_plannerConfig-version.cmake
[11.385s] -- Up-to-date: /cc_ws/tros_ws/install/share/ground_robot_planner/package.xml
[11.521s] Invoked command in '/cc_ws/tros_ws/build/ground_robot_planner' returned '0': CMAKE_PREFIX_PATH=/opt/ros/humble /usr/bin/cmake --install /cc_ws/tros_ws/build/ground_robot_planner
