[0.140s] Invoking command in '/cc_ws/tros_ws/build/hobot_image_publisher': AMENT_PREFIX_PATH=/cc_ws/tros_ws/install:${AMENT_PREFIX_PATH} CMAKE_PREFIX_PATH=/cc_ws/tros_ws/install:/opt/ros/humble LD_LIBRARY_PATH=/cc_ws/tros_ws/install/lib:/opt/ros/humble/opt/rviz_ogre_vendor/lib:/opt/ros/humble/lib/aarch64-linux-gnu:/opt/ros/humble/lib:/cc_ws/userdata/hobot/opt/hobot/deps PYTHONPATH=/cc_ws/tros_ws/install/lib/python3.10/site-packages:/cc_ws/tros_ws/install/local/lib/python3.10/dist-packages:${PYTHONPATH} /usr/bin/cmake /cc_ws/tros_ws/src/tools/hobot_image_publisher -DCMAKE_EXPORT_COMPILE_COMMANDS=ON --no-warn-unused-cli -DCMAKE_TOOLCHAIN_FILE=/cc_ws/tros_ws/robot_dev_config/aarch64_toolchainfile.cmake -DPLATFORM_X5=ON -DTHIRDPARTY=ON -DBUILD_TESTING=OFF -DCMAKE_BUILD_RPATH=/cc_ws/tros_ws/build/poco_vendor/poco_external_project_install/lib/;/cc_ws/tros_ws/build/libyaml_vendor/libyaml_install/lib/ -DCMAKE_INSTALL_PREFIX=/cc_ws/tros_ws/install
[0.140s] Not searching for unused variables given on the command line.
[0.143s] -- Found ament_cmake: 1.3.8 (/opt/ros/humble/share/ament_cmake/cmake)
[0.363s] [33mCMake Warning (dev) at /opt/ros/humble/share/ament_cmake_test/cmake/ament_cmake_test-extras.cmake:19 (option):
[0.363s]   Policy CMP0077 is not set: option() honors normal variables.  Run "cmake
[0.363s]   --help-policy CMP0077" for policy details.  Use the cmake_policy command to
[0.363s]   set the policy and suppress this warning.
[0.363s] 
[0.363s]   For compatibility with older versions of CMake, option is clearing the
[0.363s]   normal variable 'BUILD_TESTING'.
[0.364s] Call Stack (most recent call first):
[0.364s]   /opt/ros/humble/share/ament_cmake_test/cmake/ament_cmake_testConfig.cmake:41 (include)
[0.364s]   /opt/ros/humble/share/ament_cmake/cmake/ament_cmake_export_dependencies-extras.cmake:21 (find_package)
[0.364s]   /opt/ros/humble/share/ament_cmake/cmake/ament_cmakeConfig.cmake:41 (include)
[0.365s]   CMakeLists.txt:19 (find_package)
[0.365s] This warning is for project developers.  Use -Wno-dev to suppress it.
[0.365s] [0m
[0.365s] -- Found rclcpp: 16.0.8 (/opt/ros/humble/share/rclcpp/cmake)
[0.419s] -- Found rosidl_generator_c: 3.1.5 (/opt/ros/humble/share/rosidl_generator_c/cmake)
[0.421s] -- Found rosidl_adapter: 3.1.5 (/opt/ros/humble/share/rosidl_adapter/cmake)
[0.427s] -- Found rosidl_generator_cpp: 3.1.5 (/opt/ros/humble/share/rosidl_generator_cpp/cmake)
[0.448s] -- Using all available rosidl_typesupport_c: rosidl_typesupport_fastrtps_c;rosidl_typesupport_introspection_c
[0.481s] -- Using all available rosidl_typesupport_cpp: rosidl_typesupport_fastrtps_cpp;rosidl_typesupport_introspection_cpp
[0.600s] -- Found rmw_implementation_cmake: 6.1.1 (/opt/ros/humble/share/rmw_implementation_cmake/cmake)
[0.602s] -- Found rmw_fastrtps_cpp: 6.2.6 (/opt/ros/humble/share/rmw_fastrtps_cpp/cmake)
[0.807s] -- Using RMW implementation 'rmw_fastrtps_cpp' as default
[1.194s] -- Found sensor_msgs: 4.2.3 (/opt/ros/humble/share/sensor_msgs/cmake)
[1.502s] -- Found hbm_img_msgs: 2.0.0 (/cc_ws/tros_ws/robot_dev_config/../install/share/hbm_img_msgs/cmake)
[1.611s] -- Found img_msgs: 2.0.0 (/cc_ws/tros_ws/robot_dev_config/../install/share/img_msgs/cmake)
[1.753s] [0mbuild platform X5[0m
[1.753s] [0mSYS_ROOT is /cc_ws/tros_ws/robot_dev_config/../../sysroot_docker[0m
[1.955s] -- Configuring done
[2.005s] -- Generating done
[2.008s] -- Build files have been written to: /cc_ws/tros_ws/build/hobot_image_publisher
[2.042s] Invoked command in '/cc_ws/tros_ws/build/hobot_image_publisher' returned '0': AMENT_PREFIX_PATH=/cc_ws/tros_ws/install:${AMENT_PREFIX_PATH} CMAKE_PREFIX_PATH=/cc_ws/tros_ws/install:/opt/ros/humble LD_LIBRARY_PATH=/cc_ws/tros_ws/install/lib:/opt/ros/humble/opt/rviz_ogre_vendor/lib:/opt/ros/humble/lib/aarch64-linux-gnu:/opt/ros/humble/lib:/cc_ws/userdata/hobot/opt/hobot/deps PYTHONPATH=/cc_ws/tros_ws/install/lib/python3.10/site-packages:/cc_ws/tros_ws/install/local/lib/python3.10/dist-packages:${PYTHONPATH} /usr/bin/cmake /cc_ws/tros_ws/src/tools/hobot_image_publisher -DCMAKE_EXPORT_COMPILE_COMMANDS=ON --no-warn-unused-cli -DCMAKE_TOOLCHAIN_FILE=/cc_ws/tros_ws/robot_dev_config/aarch64_toolchainfile.cmake -DPLATFORM_X5=ON -DTHIRDPARTY=ON -DBUILD_TESTING=OFF -DCMAKE_BUILD_RPATH=/cc_ws/tros_ws/build/poco_vendor/poco_external_project_install/lib/;/cc_ws/tros_ws/build/libyaml_vendor/libyaml_install/lib/ -DCMAKE_INSTALL_PREFIX=/cc_ws/tros_ws/install
[2.046s] Invoking command in '/cc_ws/tros_ws/build/hobot_image_publisher': AMENT_PREFIX_PATH=/cc_ws/tros_ws/install:${AMENT_PREFIX_PATH} CMAKE_PREFIX_PATH=/cc_ws/tros_ws/install:/opt/ros/humble LD_LIBRARY_PATH=/cc_ws/tros_ws/install/lib:/opt/ros/humble/opt/rviz_ogre_vendor/lib:/opt/ros/humble/lib/aarch64-linux-gnu:/opt/ros/humble/lib:/cc_ws/userdata/hobot/opt/hobot/deps PYTHONPATH=/cc_ws/tros_ws/install/lib/python3.10/site-packages:/cc_ws/tros_ws/install/local/lib/python3.10/dist-packages:${PYTHONPATH} /usr/bin/cmake --build /cc_ws/tros_ws/build/hobot_image_publisher -- -j12 -l12
[2.113s] [35m[1mConsolidate compiler generated dependencies of target hobot_image_pub[0m
[2.167s] [100%] Built target hobot_image_pub
[2.205s] Invoked command in '/cc_ws/tros_ws/build/hobot_image_publisher' returned '0': AMENT_PREFIX_PATH=/cc_ws/tros_ws/install:${AMENT_PREFIX_PATH} CMAKE_PREFIX_PATH=/cc_ws/tros_ws/install:/opt/ros/humble LD_LIBRARY_PATH=/cc_ws/tros_ws/install/lib:/opt/ros/humble/opt/rviz_ogre_vendor/lib:/opt/ros/humble/lib/aarch64-linux-gnu:/opt/ros/humble/lib:/cc_ws/userdata/hobot/opt/hobot/deps PYTHONPATH=/cc_ws/tros_ws/install/lib/python3.10/site-packages:/cc_ws/tros_ws/install/local/lib/python3.10/dist-packages:${PYTHONPATH} /usr/bin/cmake --build /cc_ws/tros_ws/build/hobot_image_publisher -- -j12 -l12
[2.283s] Invoking command in '/cc_ws/tros_ws/build/hobot_image_publisher': AMENT_PREFIX_PATH=/cc_ws/tros_ws/install:${AMENT_PREFIX_PATH} CMAKE_PREFIX_PATH=/cc_ws/tros_ws/install:/opt/ros/humble LD_LIBRARY_PATH=/cc_ws/tros_ws/install/lib:/opt/ros/humble/opt/rviz_ogre_vendor/lib:/opt/ros/humble/lib/aarch64-linux-gnu:/opt/ros/humble/lib:/cc_ws/userdata/hobot/opt/hobot/deps PYTHONPATH=/cc_ws/tros_ws/install/lib/python3.10/site-packages:/cc_ws/tros_ws/install/local/lib/python3.10/dist-packages:${PYTHONPATH} /usr/bin/cmake --install /cc_ws/tros_ws/build/hobot_image_publisher
[2.299s] -- Install configuration: ""
[2.300s] -- Up-to-date: /cc_ws/tros_ws/install/lib/hobot_image_publisher/hobot_image_pub
[2.300s] -- Up-to-date: /cc_ws/tros_ws/install/lib/hobot_image_publisher/config/
[2.300s] -- Up-to-date: /cc_ws/tros_ws/install/lib/hobot_image_publisher/config//test1.nv12
[2.301s] -- Up-to-date: /cc_ws/tros_ws/install/lib/hobot_image_publisher/config//house.mp4
[2.301s] -- Up-to-date: /cc_ws/tros_ws/install/lib/hobot_image_publisher/config//img.list
[2.301s] -- Up-to-date: /cc_ws/tros_ws/install/lib/hobot_image_publisher/config//video.list
[2.301s] -- Up-to-date: /cc_ws/tros_ws/install/lib/hobot_image_publisher/config//show.png
[2.301s] -- Up-to-date: /cc_ws/tros_ws/install/lib/hobot_image_publisher/config//mp4show.jpg
[2.301s] -- Up-to-date: /cc_ws/tros_ws/install/lib/hobot_image_publisher/config//sky.h265
[2.302s] -- Up-to-date: /cc_ws/tros_ws/install/lib/hobot_image_publisher/config//test1.h264
[2.302s] -- Up-to-date: /cc_ws/tros_ws/install/lib/hobot_image_publisher/config//test2.jpg
[2.302s] -- Up-to-date: /cc_ws/tros_ws/install/lib/hobot_image_publisher/config//sky.mp4
[2.302s] -- Up-to-date: /cc_ws/tros_ws/install/lib/hobot_image_publisher/config//test1.jpg
[2.302s] -- Up-to-date: /cc_ws/tros_ws/install/share/hobot_image_publisher/launch
[2.302s] -- Up-to-date: /cc_ws/tros_ws/install/share/hobot_image_publisher/launch/hobot_image_publisher_videolist_demo.launch.py
[2.303s] -- Up-to-date: /cc_ws/tros_ws/install/share/hobot_image_publisher/launch/hobot_image_publisher.launch.py
[2.303s] -- Up-to-date: /cc_ws/tros_ws/install/share/hobot_image_publisher/launch/hobot_image_publisher_video_demo.launch.py
[2.303s] -- Up-to-date: /cc_ws/tros_ws/install/share/hobot_image_publisher/launch/hobot_image_publisher_demo.launch.py
[2.303s] -- Up-to-date: /cc_ws/tros_ws/install/share/ament_index/resource_index/package_run_dependencies/hobot_image_publisher
[2.303s] -- Up-to-date: /cc_ws/tros_ws/install/share/ament_index/resource_index/parent_prefix_path/hobot_image_publisher
[2.303s] -- Up-to-date: /cc_ws/tros_ws/install/share/hobot_image_publisher/environment/ament_prefix_path.sh
[2.303s] -- Installing: /cc_ws/tros_ws/install/share/hobot_image_publisher/environment/ament_prefix_path.dsv
[2.303s] -- Up-to-date: /cc_ws/tros_ws/install/share/hobot_image_publisher/environment/path.sh
[2.303s] -- Installing: /cc_ws/tros_ws/install/share/hobot_image_publisher/environment/path.dsv
[2.304s] -- Up-to-date: /cc_ws/tros_ws/install/share/hobot_image_publisher/local_setup.bash
[2.304s] -- Up-to-date: /cc_ws/tros_ws/install/share/hobot_image_publisher/local_setup.sh
[2.304s] -- Up-to-date: /cc_ws/tros_ws/install/share/hobot_image_publisher/local_setup.zsh
[2.304s] -- Installing: /cc_ws/tros_ws/install/share/hobot_image_publisher/local_setup.dsv
[2.304s] -- Installing: /cc_ws/tros_ws/install/share/hobot_image_publisher/package.dsv
[2.304s] -- Up-to-date: /cc_ws/tros_ws/install/share/ament_index/resource_index/packages/hobot_image_publisher
[2.304s] -- Up-to-date: /cc_ws/tros_ws/install/share/hobot_image_publisher/cmake/hobot_image_publisherConfig.cmake
[2.304s] -- Up-to-date: /cc_ws/tros_ws/install/share/hobot_image_publisher/cmake/hobot_image_publisherConfig-version.cmake
[2.305s] -- Up-to-date: /cc_ws/tros_ws/install/share/hobot_image_publisher/package.xml
[2.313s] Invoked command in '/cc_ws/tros_ws/build/hobot_image_publisher' returned '0': AMENT_PREFIX_PATH=/cc_ws/tros_ws/install:${AMENT_PREFIX_PATH} CMAKE_PREFIX_PATH=/cc_ws/tros_ws/install:/opt/ros/humble LD_LIBRARY_PATH=/cc_ws/tros_ws/install/lib:/opt/ros/humble/opt/rviz_ogre_vendor/lib:/opt/ros/humble/lib/aarch64-linux-gnu:/opt/ros/humble/lib:/cc_ws/userdata/hobot/opt/hobot/deps PYTHONPATH=/cc_ws/tros_ws/install/lib/python3.10/site-packages:/cc_ws/tros_ws/install/local/lib/python3.10/dist-packages:${PYTHONPATH} /usr/bin/cmake --install /cc_ws/tros_ws/build/hobot_image_publisher
