[33mCMake Warning (dev) at /opt/ros/humble/share/ament_cmake_test/cmake/ament_cmake_test-extras.cmake:19 (option):
  Policy CMP0077 is not set: option() honors normal variables.  Run "cmake
  --help-policy CMP0077" for policy details.  Use the cmake_policy command to
  set the policy and suppress this warning.

  For compatibility with older versions of CMake, option is clearing the
  normal variable 'BUILD_TESTING'.
Call Stack (most recent call first):
  /opt/ros/humble/share/ament_cmake_test/cmake/ament_cmake_testConfig.cmake:41 (include)
  /opt/ros/humble/share/ament_cmake/cmake/ament_cmake_export_dependencies-extras.cmake:21 (find_package)
  /opt/ros/humble/share/ament_cmake/cmake/ament_cmakeConfig.cmake:41 (include)
  CMakeLists.txt:35 (find_package)
This warning is for project developers.  Use -Wno-dev to suppress it.
[0m
[0mbuild platform X5[0m
[0mCMAKE_SYSROOT is /cc_ws/tros_ws/robot_dev_config/../../sysroot_docker[0m
In file included from [01m[K/opt/ros/humble/include/rclcpp/rclcpp/logging.hpp:24[m[K,
                 from [01m[K/opt/ros/humble/include/rclcpp/rclcpp/client.hpp:40[m[K,
                 from [01m[K/opt/ros/humble/include/rclcpp/rclcpp/callback_group.hpp:24[m[K,
                 from [01m[K/opt/ros/humble/include/rclcpp/rclcpp/any_executable.hpp:20[m[K,
                 from [01m[K/opt/ros/humble/include/rclcpp/rclcpp/memory_strategy.hpp:25[m[K,
                 from [01m[K/opt/ros/humble/include/rclcpp/rclcpp/memory_strategies.hpp:18[m[K,
                 from [01m[K/opt/ros/humble/include/rclcpp/rclcpp/executor_options.hpp:20[m[K,
                 from [01m[K/opt/ros/humble/include/rclcpp/rclcpp/executor.hpp:37[m[K,
                 from [01m[K/opt/ros/humble/include/rclcpp/rclcpp/executors/multi_threaded_executor.hpp:25[m[K,
                 from [01m[K/opt/ros/humble/include/rclcpp/rclcpp/executors.hpp:21[m[K,
                 from [01m[K/opt/ros/humble/include/rclcpp/rclcpp/rclcpp.hpp:155[m[K,
                 from [01m[K/cc_ws/tros_ws/install/include/dnn_node/dnn_node_data.h:23[m[K,
                 from [01m[K/cc_ws/tros_ws/install/include/dnn_node/dnn_node.h:22[m[K,
                 from [01m[K/cc_ws/tros_ws/src/box/hobot_clip/clip_encode_image/src/clip_encode_image_node.cpp:19[m[K:
[01m[K/cc_ws/tros_ws/src/box/hobot_clip/clip_encode_image/src/clip_encode_image_node.cpp:[m[K In member function ‘[01m[Kvoid ClipEncodeImageNode::SharedMemImgProcess(hbm_img_msgs::msg::HbmMsg1080P_<std::allocator<void> >::ConstSharedPtr)[m[K’:
[01m[K/cc_ws/tros_ws/src/box/hobot_clip/clip_encode_image/src/clip_encode_image_node.cpp:337:17:[m[K [01;35m[Kwarning: [m[Kformat ‘[01m[K%s[m[K’ expects argument of type ‘[01m[Kchar*[m[K’, but argument 5 has type ‘[01m[Kconst _encoding_type[m[K’ {aka ‘[01m[Kconst std::array<unsigned char, 12>[m[K’} [[01;35m[K-Wformat=[m[K]
  337 |                 [01;35m[K"Unsupported img encoding: %s"[m[K,
      |                 [01;35m[K^~~~~~~~~~~~~~~~~~~~~~~~~~~~~~[m[K
  338 |                 [32m[Kimg_msg->encoding[m[K);
      |                 [32m[K~~~~~~~~~~~~~~~~~[m[K
      |                          [32m[K|[m[K
      |                          [32m[Kconst _encoding_type {aka const std::array<unsigned char, 12>}[m[K
[01m[K/cc_ws/tros_ws/src/box/hobot_clip/clip_encode_image/src/clip_encode_image_node.cpp:337:45:[m[K [01;36m[Knote: [m[Kformat string is defined here
  337 |                 "Unsupported img encoding: [01;36m[K%s[m[K",
      |                                            [01;36m[K~^[m[K
      |                                             [01;36m[K|[m[K
      |                                             [01;36m[Kchar*[m[K
[01m[K/cc_ws/tros_ws/src/box/hobot_clip/clip_encode_image/src/clip_encode_image_node.cpp:359:12:[m[K [01;35m[Kwarning: [m[Kunused variable ‘[01m[Kret[m[K’ [[01;35m[K-Wunused-variable[m[K]
  359 |   uint32_t [01;35m[Kret[m[K = 0;
      |            [01;35m[K^~~[m[K
[01m[K/cc_ws/tros_ws/src/box/hobot_clip/clip_encode_image/src/clip_encode_image_node.cpp:[m[K In member function ‘[01m[Kstd::shared_ptr<ActionTaskRes> ClipEncodeImageNode::OnRequest(std::shared_ptr<ActionInputTaskInfo>)[m[K’:
[01m[K/cc_ws/tros_ws/src/box/hobot_clip/clip_encode_image/src/clip_encode_image_node.cpp:450:8:[m[K [01;35m[Kwarning: [m[Kunused variable ‘[01m[Ktype[m[K’ [[01;35m[K-Wunused-variable[m[K]
  450 |   bool [01;35m[Ktype[m[K = task_info->type_;
      |        [01;35m[K^~~~[m[K
