[33mCMake Warning (dev) at /opt/ros/humble/share/ament_cmake_test/cmake/ament_cmake_test-extras.cmake:19 (option):
  Policy CMP0077 is not set: option() honors normal variables.  Run "cmake
  --help-policy CMP0077" for policy details.  Use the cmake_policy command to
  set the policy and suppress this warning.

  For compatibility with older versions of CMake, option is clearing the
  normal variable 'BUILD_TESTING'.
Call Stack (most recent call first):
  /opt/ros/humble/share/ament_cmake_test/cmake/ament_cmake_testConfig.cmake:41 (include)
  /opt/ros/humble/share/ament_cmake/cmake/ament_cmake_export_dependencies-extras.cmake:21 (find_package)
  /opt/ros/humble/share/ament_cmake/cmake/ament_cmakeConfig.cmake:41 (include)
  CMakeLists.txt:35 (find_package)
This warning is for project developers.  Use -Wno-dev to suppress it.
[0m
[0mbuild platform X5[0m
[0mCMAKE_SYSROOT is /cc_ws/tros_ws/robot_dev_config/../../sysroot_docker[0m
Not searching for unused variables given on the command line.
-- The C compiler identification is GNU 11.4.0
-- The CXX compiler identification is GNU 11.4.0
-- Detecting C compiler ABI info
-- Detecting C compiler ABI info - done
-- Check for working C compiler: /usr/bin/aarch64-linux-gnu-gcc - skipped
-- Detecting C compile features
-- Detecting C compile features - done
-- Detecting CXX compiler ABI info
-- Detecting CXX compiler ABI info - done
-- Check for working CXX compiler: /usr/bin/aarch64-linux-gnu-g++ - skipped
-- Detecting CXX compile features
-- Detecting CXX compile features - done
-- Found ament_cmake: 1.3.8 (/opt/ros/humble/share/ament_cmake/cmake)
-- Found Python3: /usr/bin/python3 (found version "3.10.12") found components: Interpreter 
-- Found ai_msgs: 2.0.1 (/cc_ws/tros_ws/robot_dev_config/../install/share/ai_msgs/cmake)
-- Found rosidl_generator_c: 3.1.5 (/opt/ros/humble/share/rosidl_generator_c/cmake)
-- Found rosidl_adapter: 3.1.5 (/opt/ros/humble/share/rosidl_adapter/cmake)
-- Found rosidl_generator_cpp: 3.1.5 (/opt/ros/humble/share/rosidl_generator_cpp/cmake)
-- Using all available rosidl_typesupport_c: rosidl_typesupport_fastrtps_c;rosidl_typesupport_introspection_c
-- Using all available rosidl_typesupport_cpp: rosidl_typesupport_fastrtps_cpp;rosidl_typesupport_introspection_cpp
-- Found clip_msgs: 0.3.0 (/cc_ws/tros_ws/robot_dev_config/../install/share/clip_msgs/cmake)
-- Found dnn_node: 2.5.4 (/cc_ws/tros_ws/robot_dev_config/../install/share/dnn_node/cmake)
-- Found hbm_img_msgs: 2.0.0 (/cc_ws/tros_ws/robot_dev_config/../install/share/hbm_img_msgs/cmake)
-- Found rclcpp: 16.0.8 (/opt/ros/humble/share/rclcpp/cmake)
-- Found rmw_implementation_cmake: 6.1.1 (/opt/ros/humble/share/rmw_implementation_cmake/cmake)
-- Found rmw_fastrtps_cpp: 6.2.6 (/opt/ros/humble/share/rmw_fastrtps_cpp/cmake)
-- Found OpenSSL: /cc_ws/tros_ws/robot_dev_config/../../sysroot_docker/usr/lib/aarch64-linux-gnu/libcrypto.so (found version "3.0.2")  
-- Found FastRTPS: /opt/ros/humble/include  
-- Using RMW implementation 'rmw_fastrtps_cpp' as default
-- Looking for pthread.h
-- Looking for pthread.h - found
-- Performing Test CMAKE_HAVE_LIBC_PTHREAD
-- Performing Test CMAKE_HAVE_LIBC_PTHREAD - Success
-- Found Threads: TRUE  
-- Found rclcpp_action: 16.0.8 (/opt/ros/humble/share/rclcpp_action/cmake)
-- Configuring done
-- Generating done
-- Build files have been written to: /cc_ws/tros_ws/build/clip_encode_image
[ 25%] [32mBuilding CXX object CMakeFiles/clip_encode_image.dir/src/main.cpp.o[0m
[ 50%] [32mBuilding CXX object CMakeFiles/clip_encode_image.dir/src/clip_encode_image_node.cpp.o[0m
In file included from [01m[K/opt/ros/humble/include/rclcpp/rclcpp/logging.hpp:24[m[K,
                 from [01m[K/opt/ros/humble/include/rclcpp/rclcpp/client.hpp:40[m[K,
                 from [01m[K/opt/ros/humble/include/rclcpp/rclcpp/callback_group.hpp:24[m[K,
                 from [01m[K/opt/ros/humble/include/rclcpp/rclcpp/any_executable.hpp:20[m[K,
                 from [01m[K/opt/ros/humble/include/rclcpp/rclcpp/memory_strategy.hpp:25[m[K,
                 from [01m[K/opt/ros/humble/include/rclcpp/rclcpp/memory_strategies.hpp:18[m[K,
                 from [01m[K/opt/ros/humble/include/rclcpp/rclcpp/executor_options.hpp:20[m[K,
                 from [01m[K/opt/ros/humble/include/rclcpp/rclcpp/executor.hpp:37[m[K,
                 from [01m[K/opt/ros/humble/include/rclcpp/rclcpp/executors/multi_threaded_executor.hpp:25[m[K,
                 from [01m[K/opt/ros/humble/include/rclcpp/rclcpp/executors.hpp:21[m[K,
                 from [01m[K/opt/ros/humble/include/rclcpp/rclcpp/rclcpp.hpp:155[m[K,
                 from [01m[K/cc_ws/tros_ws/install/include/dnn_node/dnn_node_data.h:23[m[K,
                 from [01m[K/cc_ws/tros_ws/install/include/dnn_node/dnn_node.h:22[m[K,
                 from [01m[K/cc_ws/tros_ws/src/box/hobot_clip/clip_encode_image/src/clip_encode_image_node.cpp:19[m[K:
[01m[K/cc_ws/tros_ws/src/box/hobot_clip/clip_encode_image/src/clip_encode_image_node.cpp:[m[K In member function ‘[01m[Kvoid ClipEncodeImageNode::SharedMemImgProcess(hbm_img_msgs::msg::HbmMsg1080P_<std::allocator<void> >::ConstSharedPtr)[m[K’:
[01m[K/cc_ws/tros_ws/src/box/hobot_clip/clip_encode_image/src/clip_encode_image_node.cpp:337:17:[m[K [01;35m[Kwarning: [m[Kformat ‘[01m[K%s[m[K’ expects argument of type ‘[01m[Kchar*[m[K’, but argument 5 has type ‘[01m[Kconst _encoding_type[m[K’ {aka ‘[01m[Kconst std::array<unsigned char, 12>[m[K’} [[01;35m[K-Wformat=[m[K]
  337 |                 [01;35m[K"Unsupported img encoding: %s"[m[K,
      |                 [01;35m[K^~~~~~~~~~~~~~~~~~~~~~~~~~~~~~[m[K
  338 |                 [32m[Kimg_msg->encoding[m[K);
      |                 [32m[K~~~~~~~~~~~~~~~~~[m[K
      |                          [32m[K|[m[K
      |                          [32m[Kconst _encoding_type {aka const std::array<unsigned char, 12>}[m[K
[01m[K/cc_ws/tros_ws/src/box/hobot_clip/clip_encode_image/src/clip_encode_image_node.cpp:337:45:[m[K [01;36m[Knote: [m[Kformat string is defined here
  337 |                 "Unsupported img encoding: [01;36m[K%s[m[K",
      |                                            [01;36m[K~^[m[K
      |                                             [01;36m[K|[m[K
      |                                             [01;36m[Kchar*[m[K
[01m[K/cc_ws/tros_ws/src/box/hobot_clip/clip_encode_image/src/clip_encode_image_node.cpp:359:12:[m[K [01;35m[Kwarning: [m[Kunused variable ‘[01m[Kret[m[K’ [[01;35m[K-Wunused-variable[m[K]
  359 |   uint32_t [01;35m[Kret[m[K = 0;
      |            [01;35m[K^~~[m[K
[01m[K/cc_ws/tros_ws/src/box/hobot_clip/clip_encode_image/src/clip_encode_image_node.cpp:[m[K In member function ‘[01m[Kstd::shared_ptr<ActionTaskRes> ClipEncodeImageNode::OnRequest(std::shared_ptr<ActionInputTaskInfo>)[m[K’:
[01m[K/cc_ws/tros_ws/src/box/hobot_clip/clip_encode_image/src/clip_encode_image_node.cpp:450:8:[m[K [01;35m[Kwarning: [m[Kunused variable ‘[01m[Ktype[m[K’ [[01;35m[K-Wunused-variable[m[K]
  450 |   bool [01;35m[Ktype[m[K = task_info->type_;
      |        [01;35m[K^~~~[m[K
[ 75%] [32mBuilding CXX object CMakeFiles/clip_encode_image.dir/src/action_server.cpp.o[0m
[100%] [32m[1mLinking CXX executable clip_encode_image[0m
[100%] Built target clip_encode_image
-- Install configuration: "RelWithDebInfo"
-- Installing: /cc_ws/tros_ws/install/lib/clip_encode_image/clip_encode_image
-- Set runtime path of "/cc_ws/tros_ws/install/lib/clip_encode_image/clip_encode_image" to ""
-- Installing: /cc_ws/tros_ws/install/lib/clip_encode_image/config/
-- Installing: /cc_ws/tros_ws/install/lib/clip_encode_image/config//full_model_11.bin
-- Installing: /cc_ws/tros_ws/install/lib/clip_encode_image/config/CLIP.png
-- Installing: /cc_ws/tros_ws/install/share/ament_index/resource_index/package_run_dependencies/clip_encode_image
-- Installing: /cc_ws/tros_ws/install/share/ament_index/resource_index/parent_prefix_path/clip_encode_image
-- Installing: /cc_ws/tros_ws/install/share/clip_encode_image/environment/ament_prefix_path.sh
-- Installing: /cc_ws/tros_ws/install/share/clip_encode_image/environment/ament_prefix_path.dsv
-- Installing: /cc_ws/tros_ws/install/share/clip_encode_image/environment/path.sh
-- Installing: /cc_ws/tros_ws/install/share/clip_encode_image/environment/path.dsv
-- Installing: /cc_ws/tros_ws/install/share/clip_encode_image/local_setup.bash
-- Installing: /cc_ws/tros_ws/install/share/clip_encode_image/local_setup.sh
-- Installing: /cc_ws/tros_ws/install/share/clip_encode_image/local_setup.zsh
-- Installing: /cc_ws/tros_ws/install/share/clip_encode_image/local_setup.dsv
-- Installing: /cc_ws/tros_ws/install/share/clip_encode_image/package.dsv
-- Installing: /cc_ws/tros_ws/install/share/ament_index/resource_index/packages/clip_encode_image
-- Installing: /cc_ws/tros_ws/install/share/clip_encode_image/cmake/clip_encode_imageConfig.cmake
-- Installing: /cc_ws/tros_ws/install/share/clip_encode_image/cmake/clip_encode_imageConfig-version.cmake
-- Installing: /cc_ws/tros_ws/install/share/clip_encode_image/package.xml
