[0.083s] Invoking command in '/cc_ws/tros_ws/build/clip_encode_image': AMENT_PREFIX_PATH=/cc_ws/tros_ws/install:${AMENT_PREFIX_PATH} CMAKE_PREFIX_PATH=/cc_ws/tros_ws/install:/opt/ros/humble LD_LIBRARY_PATH=/cc_ws/tros_ws/install/lib:/opt/ros/humble/opt/rviz_ogre_vendor/lib:/opt/ros/humble/lib/aarch64-linux-gnu:/opt/ros/humble/lib:/cc_ws/userdata/hobot/opt/hobot/deps PYTHONPATH=/cc_ws/tros_ws/install/local/lib/python3.10/dist-packages:${PYTHONPATH} /usr/bin/cmake /cc_ws/tros_ws/src/box/hobot_clip/clip_encode_image -DCMAKE_EXPORT_COMPILE_COMMANDS=ON --no-warn-unused-cli -DCMAKE_TOOLCHAIN_FILE=/cc_ws/tros_ws/robot_dev_config/aarch64_toolchainfile.cmake -DPLATFORM_X5=ON -DTHIRDPARTY=ON -DBUILD_TESTING=OFF -DCMAKE_BUILD_RPATH=/cc_ws/tros_ws/build/poco_vendor/poco_external_project_install/lib/;/cc_ws/tros_ws/build/libyaml_vendor/libyaml_install/lib/ -DCMAKE_INSTALL_PREFIX=/cc_ws/tros_ws/install
[10.665s] [33mCMake Warning (dev) at /opt/ros/humble/share/ament_cmake_test/cmake/ament_cmake_test-extras.cmake:19 (option):
[10.665s]   Policy CMP0077 is not set: option() honors normal variables.  Run "cmake
[10.665s]   --help-policy CMP0077" for policy details.  Use the cmake_policy command to
[10.665s]   set the policy and suppress this warning.
[10.665s] 
[10.666s]   For compatibility with older versions of CMake, option is clearing the
[10.666s]   normal variable 'BUILD_TESTING'.
[10.666s] Call Stack (most recent call first):
[10.666s]   /opt/ros/humble/share/ament_cmake_test/cmake/ament_cmake_testConfig.cmake:41 (include)
[10.666s]   /opt/ros/humble/share/ament_cmake/cmake/ament_cmake_export_dependencies-extras.cmake:21 (find_package)
[10.667s]   /opt/ros/humble/share/ament_cmake/cmake/ament_cmakeConfig.cmake:41 (include)
[10.667s]   CMakeLists.txt:35 (find_package)
[10.682s] This warning is for project developers.  Use -Wno-dev to suppress it.
[10.684s] [0m
[10.684s] [0mbuild platform X5[0m
[10.684s] [0mCMAKE_SYSROOT is /cc_ws/tros_ws/robot_dev_config/../../sysroot_docker[0m
[10.684s] Not searching for unused variables given on the command line.
[10.684s] -- The C compiler identification is GNU 11.4.0
[10.685s] -- The CXX compiler identification is GNU 11.4.0
[10.685s] -- Detecting C compiler ABI info
[10.685s] -- Detecting C compiler ABI info - done
[10.685s] -- Check for working C compiler: /usr/bin/aarch64-linux-gnu-gcc - skipped
[10.686s] -- Detecting C compile features
[10.686s] -- Detecting C compile features - done
[10.686s] -- Detecting CXX compiler ABI info
[10.686s] -- Detecting CXX compiler ABI info - done
[10.686s] -- Check for working CXX compiler: /usr/bin/aarch64-linux-gnu-g++ - skipped
[10.687s] -- Detecting CXX compile features
[10.687s] -- Detecting CXX compile features - done
[10.687s] -- Found ament_cmake: 1.3.8 (/opt/ros/humble/share/ament_cmake/cmake)
[10.687s] -- Found Python3: /usr/bin/python3 (found version "3.10.12") found components: Interpreter 
[10.687s] -- Found ai_msgs: 2.0.1 (/cc_ws/tros_ws/robot_dev_config/../install/share/ai_msgs/cmake)
[10.688s] -- Found rosidl_generator_c: 3.1.5 (/opt/ros/humble/share/rosidl_generator_c/cmake)
[10.688s] -- Found rosidl_adapter: 3.1.5 (/opt/ros/humble/share/rosidl_adapter/cmake)
[10.688s] -- Found rosidl_generator_cpp: 3.1.5 (/opt/ros/humble/share/rosidl_generator_cpp/cmake)
[10.688s] -- Using all available rosidl_typesupport_c: rosidl_typesupport_fastrtps_c;rosidl_typesupport_introspection_c
[10.688s] -- Using all available rosidl_typesupport_cpp: rosidl_typesupport_fastrtps_cpp;rosidl_typesupport_introspection_cpp
[10.689s] -- Found clip_msgs: 0.3.0 (/cc_ws/tros_ws/robot_dev_config/../install/share/clip_msgs/cmake)
[10.689s] -- Found dnn_node: 2.5.4 (/cc_ws/tros_ws/robot_dev_config/../install/share/dnn_node/cmake)
[10.689s] -- Found hbm_img_msgs: 2.0.0 (/cc_ws/tros_ws/robot_dev_config/../install/share/hbm_img_msgs/cmake)
[10.689s] -- Found rclcpp: 16.0.8 (/opt/ros/humble/share/rclcpp/cmake)
[10.689s] -- Found rmw_implementation_cmake: 6.1.1 (/opt/ros/humble/share/rmw_implementation_cmake/cmake)
[10.690s] -- Found rmw_fastrtps_cpp: 6.2.6 (/opt/ros/humble/share/rmw_fastrtps_cpp/cmake)
[10.690s] -- Found OpenSSL: /cc_ws/tros_ws/robot_dev_config/../../sysroot_docker/usr/lib/aarch64-linux-gnu/libcrypto.so (found version "3.0.2")  
[10.690s] -- Found FastRTPS: /opt/ros/humble/include  
[10.690s] -- Using RMW implementation 'rmw_fastrtps_cpp' as default
[10.690s] -- Looking for pthread.h
[10.691s] -- Looking for pthread.h - found
[10.691s] -- Performing Test CMAKE_HAVE_LIBC_PTHREAD
[10.691s] -- Performing Test CMAKE_HAVE_LIBC_PTHREAD - Success
[10.691s] -- Found Threads: TRUE  
[10.691s] -- Found rclcpp_action: 16.0.8 (/opt/ros/humble/share/rclcpp_action/cmake)
[10.692s] -- Configuring done
[10.692s] -- Generating done
[10.692s] -- Build files have been written to: /cc_ws/tros_ws/build/clip_encode_image
[10.736s] Invoked command in '/cc_ws/tros_ws/build/clip_encode_image' returned '0': AMENT_PREFIX_PATH=/cc_ws/tros_ws/install:${AMENT_PREFIX_PATH} CMAKE_PREFIX_PATH=/cc_ws/tros_ws/install:/opt/ros/humble LD_LIBRARY_PATH=/cc_ws/tros_ws/install/lib:/opt/ros/humble/opt/rviz_ogre_vendor/lib:/opt/ros/humble/lib/aarch64-linux-gnu:/opt/ros/humble/lib:/cc_ws/userdata/hobot/opt/hobot/deps PYTHONPATH=/cc_ws/tros_ws/install/local/lib/python3.10/dist-packages:${PYTHONPATH} /usr/bin/cmake /cc_ws/tros_ws/src/box/hobot_clip/clip_encode_image -DCMAKE_EXPORT_COMPILE_COMMANDS=ON --no-warn-unused-cli -DCMAKE_TOOLCHAIN_FILE=/cc_ws/tros_ws/robot_dev_config/aarch64_toolchainfile.cmake -DPLATFORM_X5=ON -DTHIRDPARTY=ON -DBUILD_TESTING=OFF -DCMAKE_BUILD_RPATH=/cc_ws/tros_ws/build/poco_vendor/poco_external_project_install/lib/;/cc_ws/tros_ws/build/libyaml_vendor/libyaml_install/lib/ -DCMAKE_INSTALL_PREFIX=/cc_ws/tros_ws/install
[10.742s] Invoking command in '/cc_ws/tros_ws/build/clip_encode_image': AMENT_PREFIX_PATH=/cc_ws/tros_ws/install:${AMENT_PREFIX_PATH} CMAKE_PREFIX_PATH=/cc_ws/tros_ws/install:/opt/ros/humble LD_LIBRARY_PATH=/cc_ws/tros_ws/install/lib:/opt/ros/humble/opt/rviz_ogre_vendor/lib:/opt/ros/humble/lib/aarch64-linux-gnu:/opt/ros/humble/lib:/cc_ws/userdata/hobot/opt/hobot/deps PYTHONPATH=/cc_ws/tros_ws/install/local/lib/python3.10/dist-packages:${PYTHONPATH} /usr/bin/cmake --build /cc_ws/tros_ws/build/clip_encode_image -- -j12 -l12
[10.918s] [ 25%] [32mBuilding CXX object CMakeFiles/clip_encode_image.dir/src/main.cpp.o[0m
[26.024s] [ 50%] [32mBuilding CXX object CMakeFiles/clip_encode_image.dir/src/clip_encode_image_node.cpp.o[0m
[37.342s] In file included from [01m[K/opt/ros/humble/include/rclcpp/rclcpp/logging.hpp:24[m[K,
[37.342s]                  from [01m[K/opt/ros/humble/include/rclcpp/rclcpp/client.hpp:40[m[K,
[37.342s]                  from [01m[K/opt/ros/humble/include/rclcpp/rclcpp/callback_group.hpp:24[m[K,
[37.342s]                  from [01m[K/opt/ros/humble/include/rclcpp/rclcpp/any_executable.hpp:20[m[K,
[37.342s]                  from [01m[K/opt/ros/humble/include/rclcpp/rclcpp/memory_strategy.hpp:25[m[K,
[37.342s]                  from [01m[K/opt/ros/humble/include/rclcpp/rclcpp/memory_strategies.hpp:18[m[K,
[37.343s]                  from [01m[K/opt/ros/humble/include/rclcpp/rclcpp/executor_options.hpp:20[m[K,
[37.343s]                  from [01m[K/opt/ros/humble/include/rclcpp/rclcpp/executor.hpp:37[m[K,
[37.343s]                  from [01m[K/opt/ros/humble/include/rclcpp/rclcpp/executors/multi_threaded_executor.hpp:25[m[K,
[37.343s]                  from [01m[K/opt/ros/humble/include/rclcpp/rclcpp/executors.hpp:21[m[K,
[37.343s]                  from [01m[K/opt/ros/humble/include/rclcpp/rclcpp/rclcpp.hpp:155[m[K,
[37.343s]                  from [01m[K/cc_ws/tros_ws/install/include/dnn_node/dnn_node_data.h:23[m[K,
[37.343s]                  from [01m[K/cc_ws/tros_ws/install/include/dnn_node/dnn_node.h:22[m[K,
[37.343s]                  from [01m[K/cc_ws/tros_ws/src/box/hobot_clip/clip_encode_image/src/clip_encode_image_node.cpp:19[m[K:
[37.344s] [01m[K/cc_ws/tros_ws/src/box/hobot_clip/clip_encode_image/src/clip_encode_image_node.cpp:[m[K In member function ‘[01m[Kvoid ClipEncodeImageNode::SharedMemImgProcess(hbm_img_msgs::msg::HbmMsg1080P_<std::allocator<void> >::ConstSharedPtr)[m[K’:
[37.344s] [01m[K/cc_ws/tros_ws/src/box/hobot_clip/clip_encode_image/src/clip_encode_image_node.cpp:337:17:[m[K [01;35m[Kwarning: [m[Kformat ‘[01m[K%s[m[K’ expects argument of type ‘[01m[Kchar*[m[K’, but argument 5 has type ‘[01m[Kconst _encoding_type[m[K’ {aka ‘[01m[Kconst std::array<unsigned char, 12>[m[K’} [[01;35m[K-Wformat=[m[K]
[37.344s]   337 |                 [01;35m[K"Unsupported img encoding: %s"[m[K,
[37.344s]       |                 [01;35m[K^~~~~~~~~~~~~~~~~~~~~~~~~~~~~~[m[K
[37.344s]   338 |                 [32m[Kimg_msg->encoding[m[K);
[37.344s]       |                 [32m[K~~~~~~~~~~~~~~~~~[m[K
[37.344s]       |                          [32m[K|[m[K
[37.344s]       |                          [32m[Kconst _encoding_type {aka const std::array<unsigned char, 12>}[m[K
[37.344s] [01m[K/cc_ws/tros_ws/src/box/hobot_clip/clip_encode_image/src/clip_encode_image_node.cpp:337:45:[m[K [01;36m[Knote: [m[Kformat string is defined here
[37.344s]   337 |                 "Unsupported img encoding: [01;36m[K%s[m[K",
[37.345s]       |                                            [01;36m[K~^[m[K
[37.345s]       |                                             [01;36m[K|[m[K
[37.345s]       |                                             [01;36m[Kchar*[m[K
[37.345s] [01m[K/cc_ws/tros_ws/src/box/hobot_clip/clip_encode_image/src/clip_encode_image_node.cpp:359:12:[m[K [01;35m[Kwarning: [m[Kunused variable ‘[01m[Kret[m[K’ [[01;35m[K-Wunused-variable[m[K]
[37.346s]   359 |   uint32_t [01;35m[Kret[m[K = 0;
[37.346s]       |            [01;35m[K^~~[m[K
[37.357s] [01m[K/cc_ws/tros_ws/src/box/hobot_clip/clip_encode_image/src/clip_encode_image_node.cpp:[m[K In member function ‘[01m[Kstd::shared_ptr<ActionTaskRes> ClipEncodeImageNode::OnRequest(std::shared_ptr<ActionInputTaskInfo>)[m[K’:
[37.357s] [01m[K/cc_ws/tros_ws/src/box/hobot_clip/clip_encode_image/src/clip_encode_image_node.cpp:450:8:[m[K [01;35m[Kwarning: [m[Kunused variable ‘[01m[Ktype[m[K’ [[01;35m[K-Wunused-variable[m[K]
[37.357s]   450 |   bool [01;35m[Ktype[m[K = task_info->type_;
[37.357s]       |        [01;35m[K^~~~[m[K
[101.603s] [ 75%] [32mBuilding CXX object CMakeFiles/clip_encode_image.dir/src/action_server.cpp.o[0m
[125.470s] [100%] [32m[1mLinking CXX executable clip_encode_image[0m
[127.624s] [100%] Built target clip_encode_image
[127.663s] Invoked command in '/cc_ws/tros_ws/build/clip_encode_image' returned '0': AMENT_PREFIX_PATH=/cc_ws/tros_ws/install:${AMENT_PREFIX_PATH} CMAKE_PREFIX_PATH=/cc_ws/tros_ws/install:/opt/ros/humble LD_LIBRARY_PATH=/cc_ws/tros_ws/install/lib:/opt/ros/humble/opt/rviz_ogre_vendor/lib:/opt/ros/humble/lib/aarch64-linux-gnu:/opt/ros/humble/lib:/cc_ws/userdata/hobot/opt/hobot/deps PYTHONPATH=/cc_ws/tros_ws/install/local/lib/python3.10/dist-packages:${PYTHONPATH} /usr/bin/cmake --build /cc_ws/tros_ws/build/clip_encode_image -- -j12 -l12
[127.749s] Invoking command in '/cc_ws/tros_ws/build/clip_encode_image': AMENT_PREFIX_PATH=/cc_ws/tros_ws/install:${AMENT_PREFIX_PATH} CMAKE_PREFIX_PATH=/cc_ws/tros_ws/install:/opt/ros/humble LD_LIBRARY_PATH=/cc_ws/tros_ws/install/lib:/opt/ros/humble/opt/rviz_ogre_vendor/lib:/opt/ros/humble/lib/aarch64-linux-gnu:/opt/ros/humble/lib:/cc_ws/userdata/hobot/opt/hobot/deps PYTHONPATH=/cc_ws/tros_ws/install/local/lib/python3.10/dist-packages:${PYTHONPATH} /usr/bin/cmake --install /cc_ws/tros_ws/build/clip_encode_image
[171.234s] -- Install configuration: "RelWithDebInfo"
[171.234s] -- Installing: /cc_ws/tros_ws/install/lib/clip_encode_image/clip_encode_image
[171.235s] -- Set runtime path of "/cc_ws/tros_ws/install/lib/clip_encode_image/clip_encode_image" to ""
[171.235s] -- Installing: /cc_ws/tros_ws/install/lib/clip_encode_image/config/
[171.235s] -- Installing: /cc_ws/tros_ws/install/lib/clip_encode_image/config//full_model_11.bin
[171.235s] -- Installing: /cc_ws/tros_ws/install/lib/clip_encode_image/config/CLIP.png
[171.235s] -- Installing: /cc_ws/tros_ws/install/share/ament_index/resource_index/package_run_dependencies/clip_encode_image
[171.236s] -- Installing: /cc_ws/tros_ws/install/share/ament_index/resource_index/parent_prefix_path/clip_encode_image
[171.236s] -- Installing: /cc_ws/tros_ws/install/share/clip_encode_image/environment/ament_prefix_path.sh
[171.236s] -- Installing: /cc_ws/tros_ws/install/share/clip_encode_image/environment/ament_prefix_path.dsv
[171.236s] -- Installing: /cc_ws/tros_ws/install/share/clip_encode_image/environment/path.sh
[171.236s] -- Installing: /cc_ws/tros_ws/install/share/clip_encode_image/environment/path.dsv
[171.237s] -- Installing: /cc_ws/tros_ws/install/share/clip_encode_image/local_setup.bash
[171.237s] -- Installing: /cc_ws/tros_ws/install/share/clip_encode_image/local_setup.sh
[171.237s] -- Installing: /cc_ws/tros_ws/install/share/clip_encode_image/local_setup.zsh
[171.237s] -- Installing: /cc_ws/tros_ws/install/share/clip_encode_image/local_setup.dsv
[171.238s] -- Installing: /cc_ws/tros_ws/install/share/clip_encode_image/package.dsv
[171.238s] -- Installing: /cc_ws/tros_ws/install/share/ament_index/resource_index/packages/clip_encode_image
[171.238s] -- Installing: /cc_ws/tros_ws/install/share/clip_encode_image/cmake/clip_encode_imageConfig.cmake
[171.238s] -- Installing: /cc_ws/tros_ws/install/share/clip_encode_image/cmake/clip_encode_imageConfig-version.cmake
[171.238s] -- Installing: /cc_ws/tros_ws/install/share/clip_encode_image/package.xml
[171.298s] Invoked command in '/cc_ws/tros_ws/build/clip_encode_image' returned '0': AMENT_PREFIX_PATH=/cc_ws/tros_ws/install:${AMENT_PREFIX_PATH} CMAKE_PREFIX_PATH=/cc_ws/tros_ws/install:/opt/ros/humble LD_LIBRARY_PATH=/cc_ws/tros_ws/install/lib:/opt/ros/humble/opt/rviz_ogre_vendor/lib:/opt/ros/humble/lib/aarch64-linux-gnu:/opt/ros/humble/lib:/cc_ws/userdata/hobot/opt/hobot/deps PYTHONPATH=/cc_ws/tros_ws/install/local/lib/python3.10/dist-packages:${PYTHONPATH} /usr/bin/cmake --install /cc_ws/tros_ws/build/clip_encode_image
