Not searching for unused variables given on the command line.
-- Found ament_cmake: 1.3.8 (/opt/ros/humble/share/ament_cmake/cmake)
-- Found rclcpp: 16.0.8 (/opt/ros/humble/share/rclcpp/cmake)
-- Found rosidl_generator_c: 3.1.5 (/opt/ros/humble/share/rosidl_generator_c/cmake)
-- Found rosidl_adapter: 3.1.5 (/opt/ros/humble/share/rosidl_adapter/cmake)
-- Found rosidl_generator_cpp: 3.1.5 (/opt/ros/humble/share/rosidl_generator_cpp/cmake)
-- Using all available rosidl_typesupport_c: rosidl_typesupport_fastrtps_c;rosidl_typesupport_introspection_c
-- Using all available rosidl_typesupport_cpp: rosidl_typesupport_fastrtps_cpp;rosidl_typesupport_introspection_cpp
-- Found rmw_implementation_cmake: 6.1.1 (/opt/ros/humble/share/rmw_implementation_cmake/cmake)
-- Found rmw_fastrtps_cpp: 6.2.6 (/opt/ros/humble/share/rmw_fastrtps_cpp/cmake)
-- Using RMW implementation 'rmw_fastrtps_cpp' as default
-- Found sensor_msgs: 4.2.3 (/opt/ros/humble/share/sensor_msgs/cmake)
-- Found ai_msgs: 2.0.1 (/cc_ws/tros_ws/robot_dev_config/../install/share/ai_msgs/cmake)
-- Found dnn_node: 2.5.4 (/cc_ws/tros_ws/robot_dev_config/../install/share/dnn_node/cmake)
-- Found hbm_img_msgs: 2.0.0 (/cc_ws/tros_ws/robot_dev_config/../install/share/hbm_img_msgs/cmake)
-- Configuring done
-- Generating done
-- Build files have been written to: /cc_ws/tros_ws/build/hand_lmk_detection
[35m[1mConsolidate compiler generated dependencies of target hand_lmk_detection[0m
[100%] Built target hand_lmk_detection
-- Install configuration: ""
-- Up-to-date: /cc_ws/tros_ws/install/lib/hand_lmk_detection/hand_lmk_detection
-- Up-to-date: /cc_ws/tros_ws/install/lib/hand_lmk_detection/config/
-- Up-to-date: /cc_ws/tros_ws/install/lib/hand_lmk_detection/config//handLMKs.hbm
-- Up-to-date: /cc_ws/tros_ws/install/lib/hand_lmk_detection/config/960x544.nv12
-- Up-to-date: /cc_ws/tros_ws/install/share/hand_lmk_detection/launch
-- Up-to-date: /cc_ws/tros_ws/install/share/hand_lmk_detection/launch/hand_lmk_detection.launch.py
-- Up-to-date: /cc_ws/tros_ws/install/share/ament_index/resource_index/package_run_dependencies/hand_lmk_detection
-- Up-to-date: /cc_ws/tros_ws/install/share/ament_index/resource_index/parent_prefix_path/hand_lmk_detection
-- Up-to-date: /cc_ws/tros_ws/install/share/hand_lmk_detection/environment/ament_prefix_path.sh
-- Installing: /cc_ws/tros_ws/install/share/hand_lmk_detection/environment/ament_prefix_path.dsv
-- Up-to-date: /cc_ws/tros_ws/install/share/hand_lmk_detection/environment/path.sh
-- Installing: /cc_ws/tros_ws/install/share/hand_lmk_detection/environment/path.dsv
-- Up-to-date: /cc_ws/tros_ws/install/share/hand_lmk_detection/local_setup.bash
-- Up-to-date: /cc_ws/tros_ws/install/share/hand_lmk_detection/local_setup.sh
-- Up-to-date: /cc_ws/tros_ws/install/share/hand_lmk_detection/local_setup.zsh
-- Installing: /cc_ws/tros_ws/install/share/hand_lmk_detection/local_setup.dsv
-- Installing: /cc_ws/tros_ws/install/share/hand_lmk_detection/package.dsv
-- Up-to-date: /cc_ws/tros_ws/install/share/ament_index/resource_index/packages/hand_lmk_detection
-- Up-to-date: /cc_ws/tros_ws/install/share/hand_lmk_detection/cmake/hand_lmk_detectionConfig.cmake
-- Up-to-date: /cc_ws/tros_ws/install/share/hand_lmk_detection/cmake/hand_lmk_detectionConfig-version.cmake
-- Up-to-date: /cc_ws/tros_ws/install/share/hand_lmk_detection/package.xml
