[0.133s] Invoking command in '/cc_ws/tros_ws/build/hobot_stereonet_utils': CMAKE_PREFIX_PATH=/opt/ros/humble /usr/bin/cmake /cc_ws/tros_ws/src/box/hobot_perception/hobot_stereonet_utils -DCMAKE_EXPORT_COMPILE_COMMANDS=ON --no-warn-unused-cli -DCMAKE_TOOLCHAIN_FILE=/cc_ws/tros_ws/robot_dev_config/aarch64_toolchainfile.cmake -DPLATFORM_X5=ON -DTHIRDPARTY=ON -DBUILD_TESTING=OFF -DCMAKE_BUILD_RPATH=/cc_ws/tros_ws/build/poco_vendor/poco_external_project_install/lib/;/cc_ws/tros_ws/build/libyaml_vendor/libyaml_install/lib/ -DCMAKE_INSTALL_PREFIX=/cc_ws/tros_ws/install
[0.246s] Not searching for unused variables given on the command line.
[0.246s] -- Found ament_cmake: 1.3.8 (/opt/ros/humble/share/ament_cmake/cmake)
[0.514s] [33mCMake Warning (dev) at /opt/ros/humble/share/ament_cmake_test/cmake/ament_cmake_test-extras.cmake:19 (option):
[0.514s]   Policy CMP0077 is not set: option() honors normal variables.  Run "cmake
[0.514s]   --help-policy CMP0077" for policy details.  Use the cmake_policy command to
[0.514s]   set the policy and suppress this warning.
[0.514s] 
[0.515s]   For compatibility with older versions of CMake, option is clearing the
[0.515s]   normal variable 'BUILD_TESTING'.
[0.515s] Call Stack (most recent call first):
[0.515s]   /opt/ros/humble/share/ament_cmake_test/cmake/ament_cmake_testConfig.cmake:41 (include)
[0.515s]   /opt/ros/humble/share/ament_cmake/cmake/ament_cmake_export_dependencies-extras.cmake:21 (find_package)
[0.515s]   /opt/ros/humble/share/ament_cmake/cmake/ament_cmakeConfig.cmake:41 (include)
[0.515s]   CMakeLists.txt:23 (find_package)
[0.515s] This warning is for project developers.  Use -Wno-dev to suppress it.
[0.515s] [0m
[0.516s] -- Found rclcpp: 16.0.8 (/opt/ros/humble/share/rclcpp/cmake)
[0.535s] -- Found rosidl_generator_c: 3.1.5 (/opt/ros/humble/share/rosidl_generator_c/cmake)
[0.540s] -- Found rosidl_adapter: 3.1.5 (/opt/ros/humble/share/rosidl_adapter/cmake)
[0.556s] -- Found rosidl_generator_cpp: 3.1.5 (/opt/ros/humble/share/rosidl_generator_cpp/cmake)
[0.572s] -- Using all available rosidl_typesupport_c: rosidl_typesupport_fastrtps_c;rosidl_typesupport_introspection_c
[0.602s] -- Using all available rosidl_typesupport_cpp: rosidl_typesupport_fastrtps_cpp;rosidl_typesupport_introspection_cpp
[0.717s] -- Found rmw_implementation_cmake: 6.1.1 (/opt/ros/humble/share/rmw_implementation_cmake/cmake)
[0.717s] -- Found rmw_fastrtps_cpp: 6.2.6 (/opt/ros/humble/share/rmw_fastrtps_cpp/cmake)
[0.939s] -- Using RMW implementation 'rmw_fastrtps_cpp' as default
[1.244s] -- Found sensor_msgs: 4.2.3 (/opt/ros/humble/share/sensor_msgs/cmake)
[1.495s] -- Found cv_bridge: 3.2.1 (/opt/ros/humble/share/cv_bridge/cmake)
[1.696s] -- Configuring done
[1.758s] -- Generating done
[1.762s] -- Build files have been written to: /cc_ws/tros_ws/build/hobot_stereonet_utils
[1.775s] Invoked command in '/cc_ws/tros_ws/build/hobot_stereonet_utils' returned '0': CMAKE_PREFIX_PATH=/opt/ros/humble /usr/bin/cmake /cc_ws/tros_ws/src/box/hobot_perception/hobot_stereonet_utils -DCMAKE_EXPORT_COMPILE_COMMANDS=ON --no-warn-unused-cli -DCMAKE_TOOLCHAIN_FILE=/cc_ws/tros_ws/robot_dev_config/aarch64_toolchainfile.cmake -DPLATFORM_X5=ON -DTHIRDPARTY=ON -DBUILD_TESTING=OFF -DCMAKE_BUILD_RPATH=/cc_ws/tros_ws/build/poco_vendor/poco_external_project_install/lib/;/cc_ws/tros_ws/build/libyaml_vendor/libyaml_install/lib/ -DCMAKE_INSTALL_PREFIX=/cc_ws/tros_ws/install
[1.779s] Invoking command in '/cc_ws/tros_ws/build/hobot_stereonet_utils': CMAKE_PREFIX_PATH=/opt/ros/humble /usr/bin/cmake --build /cc_ws/tros_ws/build/hobot_stereonet_utils -- -j12 -l12
[2.215s] [35m[1mConsolidate compiler generated dependencies of target save_stereo_img[0m
[2.216s] [35m[1mConsolidate compiler generated dependencies of target pub_rectify_img[0m
[2.217s] [35m[1mConsolidate compiler generated dependencies of target save_depth_img[0m
[2.218s] [ 33%] Built target pub_rectify_img
[2.218s] [ 66%] Built target save_stereo_img
[2.218s] [100%] Built target save_depth_img
[2.248s] Invoked command in '/cc_ws/tros_ws/build/hobot_stereonet_utils' returned '0': CMAKE_PREFIX_PATH=/opt/ros/humble /usr/bin/cmake --build /cc_ws/tros_ws/build/hobot_stereonet_utils -- -j12 -l12
[2.360s] Invoking command in '/cc_ws/tros_ws/build/hobot_stereonet_utils': CMAKE_PREFIX_PATH=/opt/ros/humble /usr/bin/cmake --install /cc_ws/tros_ws/build/hobot_stereonet_utils
[2.379s] -- Install configuration: ""
[2.379s] -- Up-to-date: /cc_ws/tros_ws/install/lib/hobot_stereonet_utils/save_stereo_img
[2.379s] -- Up-to-date: /cc_ws/tros_ws/install/lib/hobot_stereonet_utils/save_depth_img
[2.379s] -- Up-to-date: /cc_ws/tros_ws/install/lib/hobot_stereonet_utils/pub_rectify_img
[2.379s] -- Up-to-date: /cc_ws/tros_ws/install/share/hobot_stereonet_utils/launch
[2.380s] -- Up-to-date: /cc_ws/tros_ws/install/share/hobot_stereonet_utils/launch/test_rectify_mipi_cam.launch.py
[2.380s] -- Up-to-date: /cc_ws/tros_ws/install/share/hobot_stereonet_utils/launch/test_mipi_cam.launch.py
[2.380s] -- Up-to-date: /cc_ws/tros_ws/install/share/hobot_stereonet_utils/launch/test_rectify_mipi_cam_1280_960.launch.py
[2.380s] -- Up-to-date: /cc_ws/tros_ws/install/share/hobot_stereonet_utils/config
[2.380s] -- Up-to-date: /cc_ws/tros_ws/install/share/hobot_stereonet_utils/config/stereo_8_1_zzk.yaml
[2.380s] -- Up-to-date: /cc_ws/tros_ws/install/share/ament_index/resource_index/package_run_dependencies/hobot_stereonet_utils
[2.380s] -- Up-to-date: /cc_ws/tros_ws/install/share/ament_index/resource_index/parent_prefix_path/hobot_stereonet_utils
[2.380s] -- Up-to-date: /cc_ws/tros_ws/install/share/hobot_stereonet_utils/environment/ament_prefix_path.sh
[2.380s] -- Installing: /cc_ws/tros_ws/install/share/hobot_stereonet_utils/environment/ament_prefix_path.dsv
[2.381s] -- Up-to-date: /cc_ws/tros_ws/install/share/hobot_stereonet_utils/environment/path.sh
[2.381s] -- Installing: /cc_ws/tros_ws/install/share/hobot_stereonet_utils/environment/path.dsv
[2.381s] -- Up-to-date: /cc_ws/tros_ws/install/share/hobot_stereonet_utils/local_setup.bash
[2.381s] -- Up-to-date: /cc_ws/tros_ws/install/share/hobot_stereonet_utils/local_setup.sh
[2.381s] -- Up-to-date: /cc_ws/tros_ws/install/share/hobot_stereonet_utils/local_setup.zsh
[2.381s] -- Installing: /cc_ws/tros_ws/install/share/hobot_stereonet_utils/local_setup.dsv
[2.381s] -- Installing: /cc_ws/tros_ws/install/share/hobot_stereonet_utils/package.dsv
[2.381s] -- Up-to-date: /cc_ws/tros_ws/install/share/ament_index/resource_index/packages/hobot_stereonet_utils
[2.381s] -- Up-to-date: /cc_ws/tros_ws/install/share/hobot_stereonet_utils/cmake/hobot_stereonet_utilsConfig.cmake
[2.381s] -- Up-to-date: /cc_ws/tros_ws/install/share/hobot_stereonet_utils/cmake/hobot_stereonet_utilsConfig-version.cmake
[2.381s] -- Up-to-date: /cc_ws/tros_ws/install/share/hobot_stereonet_utils/package.xml
[2.410s] Invoked command in '/cc_ws/tros_ws/build/hobot_stereonet_utils' returned '0': CMAKE_PREFIX_PATH=/opt/ros/humble /usr/bin/cmake --install /cc_ws/tros_ws/build/hobot_stereonet_utils
