[0.045s] Invoking command in '/cc_ws/tros_ws/build/hbm_img_msgs': CMAKE_PREFIX_PATH=/opt/ros/humble /usr/bin/cmake /cc_ws/tros_ws/src/box/hobot_msgs/hbm_img_msgs -DCMAKE_EXPORT_COMPILE_COMMANDS=ON --no-warn-unused-cli -DCMAKE_TOOLCHAIN_FILE=/cc_ws/tros_ws/robot_dev_config/aarch64_toolchainfile.cmake -DPLATFORM_X5=ON -DTHIRDPARTY=ON -DBUILD_TESTING=OFF -DCMAKE_BUILD_RPATH=/cc_ws/tros_ws/build/poco_vendor/poco_external_project_install/lib/;/cc_ws/tros_ws/build/libyaml_vendor/libyaml_install/lib/ -DCMAKE_INSTALL_PREFIX=/cc_ws/tros_ws/install
[0.113s] Not searching for unused variables given on the command line.
[0.113s] -- Found ament_cmake: 1.3.8 (/opt/ros/humble/share/ament_cmake/cmake)
[0.283s] [33mCMake Warning (dev) at /opt/ros/humble/share/ament_cmake_test/cmake/ament_cmake_test-extras.cmake:19 (option):
[0.283s]   Policy CMP0077 is not set: option() honors normal variables.  Run "cmake
[0.283s]   --help-policy CMP0077" for policy details.  Use the cmake_policy command to
[0.283s]   set the policy and suppress this warning.
[0.283s] 
[0.283s]   For compatibility with older versions of CMake, option is clearing the
[0.284s]   normal variable 'BUILD_TESTING'.
[0.284s] Call Stack (most recent call first):
[0.288s]   /opt/ros/humble/share/ament_cmake_test/cmake/ament_cmake_testConfig.cmake:41 (include)
[0.288s]   /opt/ros/humble/share/ament_cmake/cmake/ament_cmake_export_dependencies-extras.cmake:21 (find_package)
[0.288s]   /opt/ros/humble/share/ament_cmake/cmake/ament_cmakeConfig.cmake:41 (include)
[0.288s]   CMakeLists.txt:36 (find_package)
[0.288s] This warning is for project developers.  Use -Wno-dev to suppress it.
[0.288s] [0m
[0.290s] -- Found builtin_interfaces: 1.2.1 (/opt/ros/humble/share/builtin_interfaces/cmake)
[0.323s] -- Found rosidl_generator_c: 3.1.5 (/opt/ros/humble/share/rosidl_generator_c/cmake)
[0.323s] -- Found rosidl_adapter: 3.1.5 (/opt/ros/humble/share/rosidl_adapter/cmake)
[0.342s] -- Found rosidl_generator_cpp: 3.1.5 (/opt/ros/humble/share/rosidl_generator_cpp/cmake)
[0.352s] -- Using all available rosidl_typesupport_c: rosidl_typesupport_fastrtps_c;rosidl_typesupport_introspection_c
[0.385s] -- Using all available rosidl_typesupport_cpp: rosidl_typesupport_fastrtps_cpp;rosidl_typesupport_introspection_cpp
[0.411s] -- Found rosidl_default_generators: 1.2.0 (/opt/ros/humble/share/rosidl_default_generators/cmake)
[0.855s] -- Found ament_cmake_ros: 0.10.0 (/opt/ros/humble/share/ament_cmake_ros/cmake)
[1.336s] -- Using all available rosidl_typesupport_c: rosidl_typesupport_fastrtps_c;rosidl_typesupport_introspection_c
[1.536s] -- Using all available rosidl_typesupport_cpp: rosidl_typesupport_fastrtps_cpp;rosidl_typesupport_introspection_cpp
[1.569s] -- Found python_cmake_module: 0.10.0 (/opt/ros/humble/share/python_cmake_module/cmake)
[1.598s] -- Using PYTHON_EXECUTABLE: /usr/bin/python3
[1.598s] -- Using PYTHON_INCLUDE_DIRS: /cc_ws/tros_ws/robot_dev_config/../../sysroot_docker/usr/include/python3.10
[1.599s] -- Using PYTHON_LIBRARIES: /cc_ws/tros_ws/robot_dev_config/../../sysroot_docker/usr/lib/aarch64-linux-gnu/libpython3.10.so
[1.904s] -- Using numpy include directory: /usr/local/lib/python3.10/dist-packages/numpy/core/include
[1.941s] -- Configuring done
[2.014s] -- Generating done
[2.029s] -- Build files have been written to: /cc_ws/tros_ws/build/hbm_img_msgs
[2.055s] Invoked command in '/cc_ws/tros_ws/build/hbm_img_msgs' returned '0': CMAKE_PREFIX_PATH=/opt/ros/humble /usr/bin/cmake /cc_ws/tros_ws/src/box/hobot_msgs/hbm_img_msgs -DCMAKE_EXPORT_COMPILE_COMMANDS=ON --no-warn-unused-cli -DCMAKE_TOOLCHAIN_FILE=/cc_ws/tros_ws/robot_dev_config/aarch64_toolchainfile.cmake -DPLATFORM_X5=ON -DTHIRDPARTY=ON -DBUILD_TESTING=OFF -DCMAKE_BUILD_RPATH=/cc_ws/tros_ws/build/poco_vendor/poco_external_project_install/lib/;/cc_ws/tros_ws/build/libyaml_vendor/libyaml_install/lib/ -DCMAKE_INSTALL_PREFIX=/cc_ws/tros_ws/install
[2.056s] Invoking command in '/cc_ws/tros_ws/build/hbm_img_msgs': CMAKE_PREFIX_PATH=/opt/ros/humble /usr/bin/cmake --build /cc_ws/tros_ws/build/hbm_img_msgs -- -j12 -l12
[2.552s] [35m[1mConsolidate compiler generated dependencies of target hbm_img_msgs__rosidl_generator_c[0m
[2.552s] [  1%] Built target hbm_img_msgs__cpp
[2.552s] [ 12%] Built target hbm_img_msgs__rosidl_generator_c
[2.552s] [35m[1mConsolidate compiler generated dependencies of target hbm_img_msgs__rosidl_typesupport_fastrtps_cpp[0m
[2.552s] [35m[1mConsolidate compiler generated dependencies of target hbm_img_msgs__rosidl_typesupport_cpp[0m
[2.552s] [35m[1mConsolidate compiler generated dependencies of target hbm_img_msgs__rosidl_typesupport_introspection_cpp[0m
[2.552s] [35m[1mConsolidate compiler generated dependencies of target hbm_img_msgs__rosidl_typesupport_fastrtps_c[0m
[2.553s] [ 12%] Built target ament_cmake_python_copy_hbm_img_msgs
[2.553s] [ 23%] Built target hbm_img_msgs__rosidl_typesupport_cpp
[2.553s] [ 34%] Built target hbm_img_msgs__rosidl_typesupport_fastrtps_cpp
[2.553s] [ 45%] Built target hbm_img_msgs__rosidl_typesupport_introspection_cpp
[2.553s] [ 56%] Built target hbm_img_msgs__rosidl_typesupport_fastrtps_c
[2.553s] [35m[1mConsolidate compiler generated dependencies of target hbm_img_msgs__rosidl_typesupport_introspection_c[0m
[2.553s] [35m[1mConsolidate compiler generated dependencies of target hbm_img_msgs__rosidl_typesupport_c[0m
[2.553s] [ 78%] Built target hbm_img_msgs__rosidl_typesupport_introspection_c
[2.554s] [ 78%] Built target hbm_img_msgs__rosidl_typesupport_c
[2.554s] [ 78%] Built target hbm_img_msgs
[2.554s] [ 80%] Built target hbm_img_msgs__py
[2.561s] [35m[1mConsolidate compiler generated dependencies of target hbm_img_msgs__rosidl_generator_py[0m
[2.610s] [ 89%] Built target hbm_img_msgs__rosidl_generator_py
[2.649s] [35m[1mConsolidate compiler generated dependencies of target hbm_img_msgs__rosidl_typesupport_fastrtps_c__pyext[0m
[2.676s] [35m[1mConsolidate compiler generated dependencies of target hbm_img_msgs__rosidl_typesupport_introspection_c__pyext[0m
[2.676s] [35m[1mConsolidate compiler generated dependencies of target hbm_img_msgs__rosidl_typesupport_c__pyext[0m
[2.708s] [ 92%] Built target hbm_img_msgs__rosidl_typesupport_fastrtps_c__pyext
[2.726s] [ 96%] Built target hbm_img_msgs__rosidl_typesupport_introspection_c__pyext
[2.733s] [100%] Built target hbm_img_msgs__rosidl_typesupport_c__pyext
[2.843s] running egg_info
[2.843s] writing hbm_img_msgs.egg-info/PKG-INFO
[2.844s] writing dependency_links to hbm_img_msgs.egg-info/dependency_links.txt
[2.844s] writing top-level names to hbm_img_msgs.egg-info/top_level.txt
[2.847s] reading manifest file 'hbm_img_msgs.egg-info/SOURCES.txt'
[2.849s] writing manifest file 'hbm_img_msgs.egg-info/SOURCES.txt'
[2.903s] [100%] Built target ament_cmake_python_build_hbm_img_msgs_egg
[2.919s] Invoked command in '/cc_ws/tros_ws/build/hbm_img_msgs' returned '0': CMAKE_PREFIX_PATH=/opt/ros/humble /usr/bin/cmake --build /cc_ws/tros_ws/build/hbm_img_msgs -- -j12 -l12
[3.526s] Invoking command in '/cc_ws/tros_ws/build/hbm_img_msgs': CMAKE_PREFIX_PATH=/opt/ros/humble /usr/bin/cmake --install /cc_ws/tros_ws/build/hbm_img_msgs
[3.666s] -- Install configuration: ""
[3.666s] -- Up-to-date: /cc_ws/tros_ws/install/share/ament_index/resource_index/rosidl_interfaces/hbm_img_msgs
[3.666s] -- Up-to-date: /cc_ws/tros_ws/install/include/hbm_img_msgs/hbm_img_msgs
[3.667s] -- Up-to-date: /cc_ws/tros_ws/install/include/hbm_img_msgs/hbm_img_msgs/msg
[3.667s] -- Up-to-date: /cc_ws/tros_ws/install/include/hbm_img_msgs/hbm_img_msgs/msg/hbm_msg1080_p.h
[3.667s] -- Up-to-date: /cc_ws/tros_ws/install/include/hbm_img_msgs/hbm_img_msgs/msg/rosidl_generator_c__visibility_control.h
[3.667s] -- Up-to-date: /cc_ws/tros_ws/install/include/hbm_img_msgs/hbm_img_msgs/msg/hbm_msg480_p.h
[3.667s] -- Up-to-date: /cc_ws/tros_ws/install/include/hbm_img_msgs/hbm_img_msgs/msg/hbm_msg540_p.h
[3.667s] -- Up-to-date: /cc_ws/tros_ws/install/include/hbm_img_msgs/hbm_img_msgs/msg/detail
[3.667s] -- Up-to-date: /cc_ws/tros_ws/install/include/hbm_img_msgs/hbm_img_msgs/msg/detail/hbm_msg480_p__type_support.h
[3.667s] -- Up-to-date: /cc_ws/tros_ws/install/include/hbm_img_msgs/hbm_img_msgs/msg/detail/hbm_h26_x_frame__functions.c
[3.667s] -- Up-to-date: /cc_ws/tros_ws/install/include/hbm_img_msgs/hbm_img_msgs/msg/detail/hbm_msg1080_p__functions.h
[3.668s] -- Up-to-date: /cc_ws/tros_ws/install/include/hbm_img_msgs/hbm_img_msgs/msg/detail/hbm_msg480_p__struct.h
[3.668s] -- Up-to-date: /cc_ws/tros_ws/install/include/hbm_img_msgs/hbm_img_msgs/msg/detail/hbm_h26_x_frame__type_support.h
[3.668s] -- Up-to-date: /cc_ws/tros_ws/install/include/hbm_img_msgs/hbm_img_msgs/msg/detail/hbm_msg1080_p__functions.c
[3.668s] -- Up-to-date: /cc_ws/tros_ws/install/include/hbm_img_msgs/hbm_img_msgs/msg/detail/hbm_msg540_p__type_support.h
[3.668s] -- Up-to-date: /cc_ws/tros_ws/install/include/hbm_img_msgs/hbm_img_msgs/msg/detail/hbm_msg540_p__struct.h
[3.668s] -- Up-to-date: /cc_ws/tros_ws/install/include/hbm_img_msgs/hbm_img_msgs/msg/detail/hbm_h26_x_frame__functions.h
[3.668s] -- Up-to-date: /cc_ws/tros_ws/install/include/hbm_img_msgs/hbm_img_msgs/msg/detail/hbm_h26_x_frame__struct.h
[3.668s] -- Up-to-date: /cc_ws/tros_ws/install/include/hbm_img_msgs/hbm_img_msgs/msg/detail/hbm_msg1080_p__type_support.h
[3.669s] -- Up-to-date: /cc_ws/tros_ws/install/include/hbm_img_msgs/hbm_img_msgs/msg/detail/hbm_msg540_p__functions.c
[3.669s] -- Up-to-date: /cc_ws/tros_ws/install/include/hbm_img_msgs/hbm_img_msgs/msg/detail/hbm_msg1080_p__struct.h
[3.669s] -- Up-to-date: /cc_ws/tros_ws/install/include/hbm_img_msgs/hbm_img_msgs/msg/detail/hbm_msg480_p__functions.h
[3.669s] -- Up-to-date: /cc_ws/tros_ws/install/include/hbm_img_msgs/hbm_img_msgs/msg/detail/hbm_msg480_p__functions.c
[3.669s] -- Up-to-date: /cc_ws/tros_ws/install/include/hbm_img_msgs/hbm_img_msgs/msg/detail/hbm_msg540_p__functions.h
[3.669s] -- Up-to-date: /cc_ws/tros_ws/install/include/hbm_img_msgs/hbm_img_msgs/msg/hbm_h26_x_frame.h
[3.669s] -- Up-to-date: /cc_ws/tros_ws/install/share/hbm_img_msgs/environment/library_path.sh
[3.669s] -- Installing: /cc_ws/tros_ws/install/share/hbm_img_msgs/environment/library_path.dsv
[3.669s] -- Up-to-date: /cc_ws/tros_ws/install/lib/libhbm_img_msgs__rosidl_generator_c.so
[3.670s] -- Up-to-date: /cc_ws/tros_ws/install/include/hbm_img_msgs/hbm_img_msgs
[3.670s] -- Up-to-date: /cc_ws/tros_ws/install/include/hbm_img_msgs/hbm_img_msgs/msg
[3.670s] -- Up-to-date: /cc_ws/tros_ws/install/include/hbm_img_msgs/hbm_img_msgs/msg/rosidl_typesupport_fastrtps_c__visibility_control.h
[3.671s] -- Up-to-date: /cc_ws/tros_ws/install/include/hbm_img_msgs/hbm_img_msgs/msg/detail
[3.671s] -- Up-to-date: /cc_ws/tros_ws/install/include/hbm_img_msgs/hbm_img_msgs/msg/detail/hbm_msg540_p__rosidl_typesupport_fastrtps_c.h
[3.671s] -- Up-to-date: /cc_ws/tros_ws/install/include/hbm_img_msgs/hbm_img_msgs/msg/detail/hbm_h26_x_frame__rosidl_typesupport_fastrtps_c.h
[3.671s] -- Up-to-date: /cc_ws/tros_ws/install/include/hbm_img_msgs/hbm_img_msgs/msg/detail/hbm_msg480_p__rosidl_typesupport_fastrtps_c.h
[3.671s] -- Up-to-date: /cc_ws/tros_ws/install/include/hbm_img_msgs/hbm_img_msgs/msg/detail/hbm_msg1080_p__rosidl_typesupport_fastrtps_c.h
[3.671s] -- Up-to-date: /cc_ws/tros_ws/install/lib/libhbm_img_msgs__rosidl_typesupport_fastrtps_c.so
[3.671s] -- Up-to-date: /cc_ws/tros_ws/install/include/hbm_img_msgs/hbm_img_msgs
[3.671s] -- Up-to-date: /cc_ws/tros_ws/install/include/hbm_img_msgs/hbm_img_msgs/msg
[3.672s] -- Up-to-date: /cc_ws/tros_ws/install/include/hbm_img_msgs/hbm_img_msgs/msg/hbm_msg540_p.hpp
[3.672s] -- Up-to-date: /cc_ws/tros_ws/install/include/hbm_img_msgs/hbm_img_msgs/msg/hbm_msg1080_p.hpp
[3.672s] -- Up-to-date: /cc_ws/tros_ws/install/include/hbm_img_msgs/hbm_img_msgs/msg/detail
[3.672s] -- Up-to-date: /cc_ws/tros_ws/install/include/hbm_img_msgs/hbm_img_msgs/msg/detail/hbm_msg480_p__traits.hpp
[3.672s] -- Up-to-date: /cc_ws/tros_ws/install/include/hbm_img_msgs/hbm_img_msgs/msg/detail/hbm_msg480_p__struct.hpp
[3.672s] -- Up-to-date: /cc_ws/tros_ws/install/include/hbm_img_msgs/hbm_img_msgs/msg/detail/hbm_h26_x_frame__struct.hpp
[3.672s] -- Up-to-date: /cc_ws/tros_ws/install/include/hbm_img_msgs/hbm_img_msgs/msg/detail/hbm_h26_x_frame__builder.hpp
[3.678s] -- Up-to-date: /cc_ws/tros_ws/install/include/hbm_img_msgs/hbm_img_msgs/msg/detail/hbm_msg1080_p__traits.hpp
[3.678s] -- Up-to-date: /cc_ws/tros_ws/install/include/hbm_img_msgs/hbm_img_msgs/msg/detail/hbm_msg540_p__traits.hpp
[3.678s] -- Up-to-date: /cc_ws/tros_ws/install/include/hbm_img_msgs/hbm_img_msgs/msg/detail/hbm_h26_x_frame__traits.hpp
[3.679s] -- Up-to-date: /cc_ws/tros_ws/install/include/hbm_img_msgs/hbm_img_msgs/msg/detail/hbm_msg1080_p__struct.hpp
[3.679s] -- Up-to-date: /cc_ws/tros_ws/install/include/hbm_img_msgs/hbm_img_msgs/msg/detail/hbm_msg1080_p__builder.hpp
[3.679s] -- Up-to-date: /cc_ws/tros_ws/install/include/hbm_img_msgs/hbm_img_msgs/msg/detail/hbm_msg480_p__builder.hpp
[3.680s] -- Up-to-date: /cc_ws/tros_ws/install/include/hbm_img_msgs/hbm_img_msgs/msg/detail/hbm_msg540_p__struct.hpp
[3.680s] -- Up-to-date: /cc_ws/tros_ws/install/include/hbm_img_msgs/hbm_img_msgs/msg/detail/hbm_msg540_p__builder.hpp
[3.680s] -- Up-to-date: /cc_ws/tros_ws/install/include/hbm_img_msgs/hbm_img_msgs/msg/hbm_h26_x_frame.hpp
[3.681s] -- Up-to-date: /cc_ws/tros_ws/install/include/hbm_img_msgs/hbm_img_msgs/msg/hbm_msg480_p.hpp
[3.681s] -- Up-to-date: /cc_ws/tros_ws/install/include/hbm_img_msgs/hbm_img_msgs
[3.681s] -- Up-to-date: /cc_ws/tros_ws/install/include/hbm_img_msgs/hbm_img_msgs/msg
[3.681s] -- Up-to-date: /cc_ws/tros_ws/install/include/hbm_img_msgs/hbm_img_msgs/msg/detail
[3.681s] -- Up-to-date: /cc_ws/tros_ws/install/include/hbm_img_msgs/hbm_img_msgs/msg/detail/hbm_msg480_p__rosidl_typesupport_fastrtps_cpp.hpp
[3.681s] -- Up-to-date: /cc_ws/tros_ws/install/include/hbm_img_msgs/hbm_img_msgs/msg/detail/hbm_msg1080_p__rosidl_typesupport_fastrtps_cpp.hpp
[3.681s] -- Up-to-date: /cc_ws/tros_ws/install/include/hbm_img_msgs/hbm_img_msgs/msg/detail/hbm_msg540_p__rosidl_typesupport_fastrtps_cpp.hpp
[3.681s] -- Up-to-date: /cc_ws/tros_ws/install/include/hbm_img_msgs/hbm_img_msgs/msg/detail/hbm_h26_x_frame__rosidl_typesupport_fastrtps_cpp.hpp
[3.681s] -- Up-to-date: /cc_ws/tros_ws/install/include/hbm_img_msgs/hbm_img_msgs/msg/detail/dds_fastrtps
[3.682s] -- Up-to-date: /cc_ws/tros_ws/install/include/hbm_img_msgs/hbm_img_msgs/msg/rosidl_typesupport_fastrtps_cpp__visibility_control.h
[3.682s] -- Up-to-date: /cc_ws/tros_ws/install/lib/libhbm_img_msgs__rosidl_typesupport_fastrtps_cpp.so
[3.682s] -- Up-to-date: /cc_ws/tros_ws/install/include/hbm_img_msgs/hbm_img_msgs
[3.682s] -- Up-to-date: /cc_ws/tros_ws/install/include/hbm_img_msgs/hbm_img_msgs/msg
[3.682s] -- Up-to-date: /cc_ws/tros_ws/install/include/hbm_img_msgs/hbm_img_msgs/msg/rosidl_typesupport_introspection_c__visibility_control.h
[3.682s] -- Up-to-date: /cc_ws/tros_ws/install/include/hbm_img_msgs/hbm_img_msgs/msg/detail
[3.682s] -- Up-to-date: /cc_ws/tros_ws/install/include/hbm_img_msgs/hbm_img_msgs/msg/detail/hbm_h26_x_frame__type_support.c
[3.682s] -- Up-to-date: /cc_ws/tros_ws/install/include/hbm_img_msgs/hbm_img_msgs/msg/detail/hbm_msg480_p__type_support.c
[3.683s] -- Up-to-date: /cc_ws/tros_ws/install/include/hbm_img_msgs/hbm_img_msgs/msg/detail/hbm_msg480_p__rosidl_typesupport_introspection_c.h
[3.683s] -- Up-to-date: /cc_ws/tros_ws/install/include/hbm_img_msgs/hbm_img_msgs/msg/detail/hbm_msg1080_p__type_support.c
[3.683s] -- Up-to-date: /cc_ws/tros_ws/install/include/hbm_img_msgs/hbm_img_msgs/msg/detail/hbm_msg540_p__type_support.c
[3.683s] -- Up-to-date: /cc_ws/tros_ws/install/include/hbm_img_msgs/hbm_img_msgs/msg/detail/hbm_msg1080_p__rosidl_typesupport_introspection_c.h
[3.683s] -- Up-to-date: /cc_ws/tros_ws/install/include/hbm_img_msgs/hbm_img_msgs/msg/detail/hbm_msg540_p__rosidl_typesupport_introspection_c.h
[3.683s] -- Up-to-date: /cc_ws/tros_ws/install/include/hbm_img_msgs/hbm_img_msgs/msg/detail/hbm_h26_x_frame__rosidl_typesupport_introspection_c.h
[3.683s] -- Up-to-date: /cc_ws/tros_ws/install/lib/libhbm_img_msgs__rosidl_typesupport_introspection_c.so
[3.684s] -- Up-to-date: /cc_ws/tros_ws/install/lib/libhbm_img_msgs__rosidl_typesupport_c.so
[3.684s] -- Up-to-date: /cc_ws/tros_ws/install/include/hbm_img_msgs/hbm_img_msgs
[3.684s] -- Up-to-date: /cc_ws/tros_ws/install/include/hbm_img_msgs/hbm_img_msgs/msg
[3.684s] -- Up-to-date: /cc_ws/tros_ws/install/include/hbm_img_msgs/hbm_img_msgs/msg/detail
[3.684s] -- Up-to-date: /cc_ws/tros_ws/install/include/hbm_img_msgs/hbm_img_msgs/msg/detail/hbm_msg540_p__rosidl_typesupport_introspection_cpp.hpp
[3.684s] -- Up-to-date: /cc_ws/tros_ws/install/include/hbm_img_msgs/hbm_img_msgs/msg/detail/hbm_msg1080_p__type_support.cpp
[3.684s] -- Up-to-date: /cc_ws/tros_ws/install/include/hbm_img_msgs/hbm_img_msgs/msg/detail/hbm_msg1080_p__rosidl_typesupport_introspection_cpp.hpp
[3.684s] -- Up-to-date: /cc_ws/tros_ws/install/include/hbm_img_msgs/hbm_img_msgs/msg/detail/hbm_h26_x_frame__type_support.cpp
[3.684s] -- Up-to-date: /cc_ws/tros_ws/install/include/hbm_img_msgs/hbm_img_msgs/msg/detail/hbm_msg540_p__type_support.cpp
[3.685s] -- Up-to-date: /cc_ws/tros_ws/install/include/hbm_img_msgs/hbm_img_msgs/msg/detail/hbm_msg480_p__type_support.cpp
[3.685s] -- Up-to-date: /cc_ws/tros_ws/install/include/hbm_img_msgs/hbm_img_msgs/msg/detail/hbm_h26_x_frame__rosidl_typesupport_introspection_cpp.hpp
[3.685s] -- Up-to-date: /cc_ws/tros_ws/install/include/hbm_img_msgs/hbm_img_msgs/msg/detail/hbm_msg480_p__rosidl_typesupport_introspection_cpp.hpp
[3.685s] -- Up-to-date: /cc_ws/tros_ws/install/lib/libhbm_img_msgs__rosidl_typesupport_introspection_cpp.so
[3.685s] -- Up-to-date: /cc_ws/tros_ws/install/lib/libhbm_img_msgs__rosidl_typesupport_cpp.so
[3.685s] -- Up-to-date: /cc_ws/tros_ws/install/share/hbm_img_msgs/environment/pythonpath.sh
[3.685s] -- Installing: /cc_ws/tros_ws/install/share/hbm_img_msgs/environment/pythonpath.dsv
[3.685s] -- Up-to-date: /cc_ws/tros_ws/install/local/lib/python3.10/dist-packages/hbm_img_msgs-2.0.0-py3.10.egg-info
[3.686s] -- Installing: /cc_ws/tros_ws/install/local/lib/python3.10/dist-packages/hbm_img_msgs-2.0.0-py3.10.egg-info/SOURCES.txt
[3.686s] -- Installing: /cc_ws/tros_ws/install/local/lib/python3.10/dist-packages/hbm_img_msgs-2.0.0-py3.10.egg-info/PKG-INFO
[3.686s] -- Installing: /cc_ws/tros_ws/install/local/lib/python3.10/dist-packages/hbm_img_msgs-2.0.0-py3.10.egg-info/dependency_links.txt
[3.686s] -- Installing: /cc_ws/tros_ws/install/local/lib/python3.10/dist-packages/hbm_img_msgs-2.0.0-py3.10.egg-info/top_level.txt
[3.686s] -- Up-to-date: /cc_ws/tros_ws/install/local/lib/python3.10/dist-packages/hbm_img_msgs
[3.686s] -- Up-to-date: /cc_ws/tros_ws/install/local/lib/python3.10/dist-packages/hbm_img_msgs/hbm_img_msgs_s__rosidl_typesupport_c.cpython-310-aarch64-linux-gnu.so
[3.686s] -- Up-to-date: /cc_ws/tros_ws/install/local/lib/python3.10/dist-packages/hbm_img_msgs/_hbm_img_msgs_s.ep.rosidl_typesupport_introspection_c.c
[3.686s] -- Up-to-date: /cc_ws/tros_ws/install/local/lib/python3.10/dist-packages/hbm_img_msgs/msg
[3.686s] -- Up-to-date: /cc_ws/tros_ws/install/local/lib/python3.10/dist-packages/hbm_img_msgs/msg/_hbm_msg480_p_s.c
[3.687s] -- Up-to-date: /cc_ws/tros_ws/install/local/lib/python3.10/dist-packages/hbm_img_msgs/msg/_hbm_msg1080_p.py
[3.687s] -- Up-to-date: /cc_ws/tros_ws/install/local/lib/python3.10/dist-packages/hbm_img_msgs/msg/_hbm_msg540_p.py
[3.687s] -- Up-to-date: /cc_ws/tros_ws/install/local/lib/python3.10/dist-packages/hbm_img_msgs/msg/_hbm_msg480_p.py
[3.687s] -- Up-to-date: /cc_ws/tros_ws/install/local/lib/python3.10/dist-packages/hbm_img_msgs/msg/__init__.py
[3.687s] -- Up-to-date: /cc_ws/tros_ws/install/local/lib/python3.10/dist-packages/hbm_img_msgs/msg/_hbm_h26_x_frame.py
[3.687s] -- Up-to-date: /cc_ws/tros_ws/install/local/lib/python3.10/dist-packages/hbm_img_msgs/msg/_hbm_h26_x_frame_s.c
[3.687s] -- Up-to-date: /cc_ws/tros_ws/install/local/lib/python3.10/dist-packages/hbm_img_msgs/msg/_hbm_msg1080_p_s.c
[3.687s] -- Up-to-date: /cc_ws/tros_ws/install/local/lib/python3.10/dist-packages/hbm_img_msgs/msg/_hbm_msg540_p_s.c
[3.687s] -- Up-to-date: /cc_ws/tros_ws/install/local/lib/python3.10/dist-packages/hbm_img_msgs/hbm_img_msgs_s__rosidl_typesupport_introspection_c.cpython-310-aarch64-linux-gnu.so
[3.687s] -- Installing: /cc_ws/tros_ws/install/local/lib/python3.10/dist-packages/hbm_img_msgs/__init__.py
[3.688s] -- Up-to-date: /cc_ws/tros_ws/install/local/lib/python3.10/dist-packages/hbm_img_msgs/hbm_img_msgs_s__rosidl_typesupport_fastrtps_c.cpython-310-aarch64-linux-gnu.so
[3.688s] -- Up-to-date: /cc_ws/tros_ws/install/local/lib/python3.10/dist-packages/hbm_img_msgs/_hbm_img_msgs_s.ep.rosidl_typesupport_c.c
[3.688s] -- Up-to-date: /cc_ws/tros_ws/install/local/lib/python3.10/dist-packages/hbm_img_msgs/_hbm_img_msgs_s.ep.rosidl_typesupport_fastrtps_c.c
[3.688s] -- Up-to-date: /cc_ws/tros_ws/install/local/lib/python3.10/dist-packages/hbm_img_msgs/libhbm_img_msgs__rosidl_generator_py.so
[3.688s] Listing '/cc_ws/tros_ws/install/local/lib/python3.10/dist-packages/hbm_img_msgs'...
[3.688s] Compiling '/cc_ws/tros_ws/install/local/lib/python3.10/dist-packages/hbm_img_msgs/__init__.py'...
[3.688s] Listing '/cc_ws/tros_ws/install/local/lib/python3.10/dist-packages/hbm_img_msgs/msg'...
[3.688s] -- Up-to-date: /cc_ws/tros_ws/install/local/lib/python3.10/dist-packages/hbm_img_msgs/hbm_img_msgs_s__rosidl_typesupport_fastrtps_c.cpython-310-aarch64-linux-gnu.so
[3.688s] -- Up-to-date: /cc_ws/tros_ws/install/local/lib/python3.10/dist-packages/hbm_img_msgs/hbm_img_msgs_s__rosidl_typesupport_introspection_c.cpython-310-aarch64-linux-gnu.so
[3.689s] -- Up-to-date: /cc_ws/tros_ws/install/local/lib/python3.10/dist-packages/hbm_img_msgs/hbm_img_msgs_s__rosidl_typesupport_c.cpython-310-aarch64-linux-gnu.so
[3.689s] -- Up-to-date: /cc_ws/tros_ws/install/lib/libhbm_img_msgs__rosidl_generator_py.so
[3.689s] -- Up-to-date: /cc_ws/tros_ws/install/share/hbm_img_msgs/msg/HbmMsg1080P.idl
[3.689s] -- Up-to-date: /cc_ws/tros_ws/install/share/hbm_img_msgs/msg/HbmH26XFrame.idl
[3.689s] -- Up-to-date: /cc_ws/tros_ws/install/share/hbm_img_msgs/msg/HbmMsg540P.idl
[3.689s] -- Up-to-date: /cc_ws/tros_ws/install/share/hbm_img_msgs/msg/HbmMsg480P.idl
[3.689s] -- Up-to-date: /cc_ws/tros_ws/install/share/hbm_img_msgs/msg/HbmMsg1080P.msg
[3.689s] -- Up-to-date: /cc_ws/tros_ws/install/share/hbm_img_msgs/msg/HbmH26XFrame.msg
[3.689s] -- Up-to-date: /cc_ws/tros_ws/install/share/hbm_img_msgs/msg/HbmMsg540P.msg
[3.690s] -- Up-to-date: /cc_ws/tros_ws/install/share/hbm_img_msgs/msg/HbmMsg480P.msg
[3.690s] -- Up-to-date: /cc_ws/tros_ws/install/share/ament_index/resource_index/package_run_dependencies/hbm_img_msgs
[3.690s] -- Up-to-date: /cc_ws/tros_ws/install/share/ament_index/resource_index/parent_prefix_path/hbm_img_msgs
[3.690s] -- Up-to-date: /cc_ws/tros_ws/install/share/hbm_img_msgs/environment/ament_prefix_path.sh
[3.690s] -- Installing: /cc_ws/tros_ws/install/share/hbm_img_msgs/environment/ament_prefix_path.dsv
[3.690s] -- Up-to-date: /cc_ws/tros_ws/install/share/hbm_img_msgs/environment/path.sh
[3.690s] -- Installing: /cc_ws/tros_ws/install/share/hbm_img_msgs/environment/path.dsv
[3.690s] -- Up-to-date: /cc_ws/tros_ws/install/share/hbm_img_msgs/local_setup.bash
[3.690s] -- Up-to-date: /cc_ws/tros_ws/install/share/hbm_img_msgs/local_setup.sh
[3.691s] -- Up-to-date: /cc_ws/tros_ws/install/share/hbm_img_msgs/local_setup.zsh
[3.691s] -- Installing: /cc_ws/tros_ws/install/share/hbm_img_msgs/local_setup.dsv
[3.691s] -- Installing: /cc_ws/tros_ws/install/share/hbm_img_msgs/package.dsv
[3.691s] -- Up-to-date: /cc_ws/tros_ws/install/share/ament_index/resource_index/packages/hbm_img_msgs
[3.691s] -- Up-to-date: /cc_ws/tros_ws/install/share/hbm_img_msgs/cmake/export_hbm_img_msgs__rosidl_generator_cExport.cmake
[3.691s] -- Up-to-date: /cc_ws/tros_ws/install/share/hbm_img_msgs/cmake/export_hbm_img_msgs__rosidl_generator_cExport-noconfig.cmake
[3.691s] -- Up-to-date: /cc_ws/tros_ws/install/share/hbm_img_msgs/cmake/export_hbm_img_msgs__rosidl_typesupport_fastrtps_cExport.cmake
[3.691s] -- Up-to-date: /cc_ws/tros_ws/install/share/hbm_img_msgs/cmake/export_hbm_img_msgs__rosidl_typesupport_fastrtps_cExport-noconfig.cmake
[3.691s] -- Up-to-date: /cc_ws/tros_ws/install/share/hbm_img_msgs/cmake/export_hbm_img_msgs__rosidl_generator_cppExport.cmake
[3.692s] -- Up-to-date: /cc_ws/tros_ws/install/share/hbm_img_msgs/cmake/export_hbm_img_msgs__rosidl_typesupport_fastrtps_cppExport.cmake
[3.705s] -- Up-to-date: /cc_ws/tros_ws/install/share/hbm_img_msgs/cmake/export_hbm_img_msgs__rosidl_typesupport_fastrtps_cppExport-noconfig.cmake
[3.706s] -- Up-to-date: /cc_ws/tros_ws/install/share/hbm_img_msgs/cmake/hbm_img_msgs__rosidl_typesupport_introspection_cExport.cmake
[3.706s] -- Up-to-date: /cc_ws/tros_ws/install/share/hbm_img_msgs/cmake/hbm_img_msgs__rosidl_typesupport_introspection_cExport-noconfig.cmake
[3.706s] -- Up-to-date: /cc_ws/tros_ws/install/share/hbm_img_msgs/cmake/hbm_img_msgs__rosidl_typesupport_cExport.cmake
[3.706s] -- Up-to-date: /cc_ws/tros_ws/install/share/hbm_img_msgs/cmake/hbm_img_msgs__rosidl_typesupport_cExport-noconfig.cmake
[3.706s] -- Up-to-date: /cc_ws/tros_ws/install/share/hbm_img_msgs/cmake/hbm_img_msgs__rosidl_typesupport_introspection_cppExport.cmake
[3.706s] -- Up-to-date: /cc_ws/tros_ws/install/share/hbm_img_msgs/cmake/hbm_img_msgs__rosidl_typesupport_introspection_cppExport-noconfig.cmake
[3.707s] -- Up-to-date: /cc_ws/tros_ws/install/share/hbm_img_msgs/cmake/hbm_img_msgs__rosidl_typesupport_cppExport.cmake
[3.707s] -- Up-to-date: /cc_ws/tros_ws/install/share/hbm_img_msgs/cmake/hbm_img_msgs__rosidl_typesupport_cppExport-noconfig.cmake
[3.707s] -- Up-to-date: /cc_ws/tros_ws/install/share/hbm_img_msgs/cmake/export_hbm_img_msgs__rosidl_generator_pyExport.cmake
[3.707s] -- Up-to-date: /cc_ws/tros_ws/install/share/hbm_img_msgs/cmake/export_hbm_img_msgs__rosidl_generator_pyExport-noconfig.cmake
[3.707s] -- Up-to-date: /cc_ws/tros_ws/install/share/hbm_img_msgs/cmake/rosidl_cmake-extras.cmake
[3.707s] -- Up-to-date: /cc_ws/tros_ws/install/share/hbm_img_msgs/cmake/ament_cmake_export_dependencies-extras.cmake
[3.707s] -- Up-to-date: /cc_ws/tros_ws/install/share/hbm_img_msgs/cmake/ament_cmake_export_include_directories-extras.cmake
[3.707s] -- Up-to-date: /cc_ws/tros_ws/install/share/hbm_img_msgs/cmake/ament_cmake_export_libraries-extras.cmake
[3.707s] -- Up-to-date: /cc_ws/tros_ws/install/share/hbm_img_msgs/cmake/ament_cmake_export_targets-extras.cmake
[3.708s] -- Up-to-date: /cc_ws/tros_ws/install/share/hbm_img_msgs/cmake/rosidl_cmake_export_typesupport_targets-extras.cmake
[3.708s] -- Up-to-date: /cc_ws/tros_ws/install/share/hbm_img_msgs/cmake/rosidl_cmake_export_typesupport_libraries-extras.cmake
[3.708s] -- Up-to-date: /cc_ws/tros_ws/install/share/hbm_img_msgs/cmake/hbm_img_msgsConfig.cmake
[3.708s] -- Up-to-date: /cc_ws/tros_ws/install/share/hbm_img_msgs/cmake/hbm_img_msgsConfig-version.cmake
[3.708s] -- Up-to-date: /cc_ws/tros_ws/install/share/hbm_img_msgs/package.xml
[3.711s] Invoked command in '/cc_ws/tros_ws/build/hbm_img_msgs' returned '0': CMAKE_PREFIX_PATH=/opt/ros/humble /usr/bin/cmake --install /cc_ws/tros_ws/build/hbm_img_msgs
