Not searching for unused variables given on the command line.
-- The C compiler identification is GNU 11.4.0
-- The CXX compiler identification is GNU 11.4.0
-- Detecting C compiler ABI info
-- Detecting C compiler ABI info - done
-- Check for working C compiler: /usr/bin/aarch64-linux-gnu-gcc - skipped
-- Detecting C compile features
-- Detecting C compile features - done
-- Detecting CXX compiler ABI info
-- Detecting CXX compiler ABI info - done
-- Check for working CXX compiler: /usr/bin/aarch64-linux-gnu-g++ - skipped
-- Detecting CXX compile features
-- Detecting CXX compile features - done
-- Found ament_cmake: 1.3.8 (/opt/ros/humble/share/ament_cmake/cmake)
-- Found Python3: /usr/bin/python3 (found version "3.10.12") found components: Interpreter 
-- Found std_msgs: 4.2.3 (/opt/ros/humble/share/std_msgs/cmake)
-- Found rosidl_generator_c: 3.1.5 (/opt/ros/humble/share/rosidl_generator_c/cmake)
-- Found rosidl_adapter: 3.1.5 (/opt/ros/humble/share/rosidl_adapter/cmake)
-- Found rosidl_generator_cpp: 3.1.5 (/opt/ros/humble/share/rosidl_generator_cpp/cmake)
-- Using all available rosidl_typesupport_c: rosidl_typesupport_fastrtps_c;rosidl_typesupport_introspection_c
-- Using all available rosidl_typesupport_cpp: rosidl_typesupport_fastrtps_cpp;rosidl_typesupport_introspection_cpp
-- Found geometry_msgs: 4.2.3 (/opt/ros/humble/share/geometry_msgs/cmake)
-- Found rosidl_default_generators: 1.2.0 (/opt/ros/humble/share/rosidl_default_generators/cmake)
-- Found ament_cmake_ros: 0.10.0 (/opt/ros/humble/share/ament_cmake_ros/cmake)
-- Using all available rosidl_typesupport_c: rosidl_typesupport_fastrtps_c;rosidl_typesupport_introspection_c
-- Using all available rosidl_typesupport_cpp: rosidl_typesupport_fastrtps_cpp;rosidl_typesupport_introspection_cpp
-- Found PythonInterp: /usr/bin/python3 (found suitable version "3.10.12", minimum required is "3.6") 
-- Found python_cmake_module: 0.10.0 (/opt/ros/humble/share/python_cmake_module/cmake)
-- Found PythonLibs: /cc_ws/tros_ws/robot_dev_config/../../sysroot_docker/usr/lib/aarch64-linux-gnu/libpython3.10.so (found suitable version "3.10.12", minimum required is "3.5") 
-- Using PYTHON_EXECUTABLE: /usr/bin/python3
-- Using PYTHON_INCLUDE_DIRS: /cc_ws/tros_ws/robot_dev_config/../../sysroot_docker/usr/include/python3.10
-- Using PYTHON_LIBRARIES: /cc_ws/tros_ws/robot_dev_config/../../sysroot_docker/usr/lib/aarch64-linux-gnu/libpython3.10.so
-- Found PythonExtra: .so  
-- Using numpy include directory: /usr/local/lib/python3.10/dist-packages/numpy/core/include
-- Configuring done
-- Generating done
-- Build files have been written to: /cc_ws/tros_ws/build/audio_msg
[  1%] [34m[1mGenerating C code for ROS interfaces[0m
[  3%] [34m[1mGenerating C++ code for ROS interfaces[0m
[  3%] Built target ament_cmake_python_copy_audio_msg
running egg_info
creating audio_msg.egg-info
writing audio_msg.egg-info/PKG-INFO
writing dependency_links to audio_msg.egg-info/dependency_links.txt
writing top-level names to audio_msg.egg-info/top_level.txt
writing manifest file 'audio_msg.egg-info/SOURCES.txt'
reading manifest file 'audio_msg.egg-info/SOURCES.txt'
writing manifest file 'audio_msg.egg-info/SOURCES.txt'
[  3%] Built target ament_cmake_python_build_audio_msg_egg
[  3%] Built target audio_msg__cpp
[  4%] [32mBuilding C object CMakeFiles/audio_msg__rosidl_generator_c.dir/rosidl_generator_c/audio_msg/msg/detail/audio_frame_type__functions.c.o[0m
[  6%] [32mBuilding C object CMakeFiles/audio_msg__rosidl_generator_c.dir/rosidl_generator_c/audio_msg/msg/detail/audio_frame__functions.c.o[0m
[  7%] [32mBuilding C object CMakeFiles/audio_msg__rosidl_generator_c.dir/rosidl_generator_c/audio_msg/msg/detail/smart_audio_frame_type__functions.c.o[0m
[  9%] [32mBuilding C object CMakeFiles/audio_msg__rosidl_generator_c.dir/rosidl_generator_c/audio_msg/msg/detail/audio_event_type__functions.c.o[0m
[ 11%] [32mBuilding C object CMakeFiles/audio_msg__rosidl_generator_c.dir/rosidl_generator_c/audio_msg/msg/detail/smart_audio_data__functions.c.o[0m
[ 12%] [32m[1mLinking C shared library libaudio_msg__rosidl_generator_c.so[0m
[ 12%] Built target audio_msg__rosidl_generator_c
[ 14%] [34m[1mGenerating C++ introspection for ROS interfaces[0m
[ 15%] [32mBuilding CXX object CMakeFiles/audio_msg__rosidl_typesupport_introspection_cpp.dir/rosidl_typesupport_introspection_cpp/audio_msg/msg/detail/audio_frame_type__type_support.cpp.o[0m
[ 17%] [32mBuilding CXX object CMakeFiles/audio_msg__rosidl_typesupport_introspection_cpp.dir/rosidl_typesupport_introspection_cpp/audio_msg/msg/detail/audio_frame__type_support.cpp.o[0m
[ 19%] [32mBuilding CXX object CMakeFiles/audio_msg__rosidl_typesupport_introspection_cpp.dir/rosidl_typesupport_introspection_cpp/audio_msg/msg/detail/smart_audio_frame_type__type_support.cpp.o[0m
[ 20%] [32mBuilding CXX object CMakeFiles/audio_msg__rosidl_typesupport_introspection_cpp.dir/rosidl_typesupport_introspection_cpp/audio_msg/msg/detail/audio_event_type__type_support.cpp.o[0m
[ 22%] [32mBuilding CXX object CMakeFiles/audio_msg__rosidl_typesupport_introspection_cpp.dir/rosidl_typesupport_introspection_cpp/audio_msg/msg/detail/smart_audio_data__type_support.cpp.o[0m
[ 23%] [32m[1mLinking CXX shared library libaudio_msg__rosidl_typesupport_introspection_cpp.so[0m
[ 23%] Built target audio_msg__rosidl_typesupport_introspection_cpp
[ 25%] [34m[1mGenerating C type support dispatch for ROS interfaces[0m
[ 26%] [32mBuilding CXX object CMakeFiles/audio_msg__rosidl_typesupport_c.dir/rosidl_typesupport_c/audio_msg/msg/audio_frame_type__type_support.cpp.o[0m
[ 28%] [32mBuilding CXX object CMakeFiles/audio_msg__rosidl_typesupport_c.dir/rosidl_typesupport_c/audio_msg/msg/audio_frame__type_support.cpp.o[0m
[ 30%] [32mBuilding CXX object CMakeFiles/audio_msg__rosidl_typesupport_c.dir/rosidl_typesupport_c/audio_msg/msg/smart_audio_frame_type__type_support.cpp.o[0m
[ 31%] [32mBuilding CXX object CMakeFiles/audio_msg__rosidl_typesupport_c.dir/rosidl_typesupport_c/audio_msg/msg/audio_event_type__type_support.cpp.o[0m
[ 33%] [32mBuilding CXX object CMakeFiles/audio_msg__rosidl_typesupport_c.dir/rosidl_typesupport_c/audio_msg/msg/smart_audio_data__type_support.cpp.o[0m
[ 34%] [32m[1mLinking CXX shared library libaudio_msg__rosidl_typesupport_c.so[0m
[ 34%] Built target audio_msg__rosidl_typesupport_c
[ 36%] [34m[1mGenerating C introspection for ROS interfaces[0m
[ 38%] [32mBuilding C object CMakeFiles/audio_msg__rosidl_typesupport_introspection_c.dir/rosidl_typesupport_introspection_c/audio_msg/msg/detail/audio_frame_type__type_support.c.o[0m
[ 39%] [32mBuilding C object CMakeFiles/audio_msg__rosidl_typesupport_introspection_c.dir/rosidl_typesupport_introspection_c/audio_msg/msg/detail/audio_frame__type_support.c.o[0m
[ 41%] [32mBuilding C object CMakeFiles/audio_msg__rosidl_typesupport_introspection_c.dir/rosidl_typesupport_introspection_c/audio_msg/msg/detail/smart_audio_frame_type__type_support.c.o[0m
[ 42%] [32mBuilding C object CMakeFiles/audio_msg__rosidl_typesupport_introspection_c.dir/rosidl_typesupport_introspection_c/audio_msg/msg/detail/audio_event_type__type_support.c.o[0m
[ 44%] [32mBuilding C object CMakeFiles/audio_msg__rosidl_typesupport_introspection_c.dir/rosidl_typesupport_introspection_c/audio_msg/msg/detail/smart_audio_data__type_support.c.o[0m
[ 46%] [32m[1mLinking C shared library libaudio_msg__rosidl_typesupport_introspection_c.so[0m
[ 46%] Built target audio_msg__rosidl_typesupport_introspection_c
[ 47%] [34m[1mGenerating C type support for eProsima Fast-RTPS[0m
[ 49%] [32mBuilding CXX object CMakeFiles/audio_msg__rosidl_typesupport_fastrtps_c.dir/rosidl_typesupport_fastrtps_c/audio_msg/msg/detail/audio_frame_type__type_support_c.cpp.o[0m
[ 50%] [32mBuilding CXX object CMakeFiles/audio_msg__rosidl_typesupport_fastrtps_c.dir/rosidl_typesupport_fastrtps_c/audio_msg/msg/detail/audio_frame__type_support_c.cpp.o[0m
[ 52%] [32mBuilding CXX object CMakeFiles/audio_msg__rosidl_typesupport_fastrtps_c.dir/rosidl_typesupport_fastrtps_c/audio_msg/msg/detail/smart_audio_frame_type__type_support_c.cpp.o[0m
[ 53%] [32mBuilding CXX object CMakeFiles/audio_msg__rosidl_typesupport_fastrtps_c.dir/rosidl_typesupport_fastrtps_c/audio_msg/msg/detail/audio_event_type__type_support_c.cpp.o[0m
[ 55%] [32mBuilding CXX object CMakeFiles/audio_msg__rosidl_typesupport_fastrtps_c.dir/rosidl_typesupport_fastrtps_c/audio_msg/msg/detail/smart_audio_data__type_support_c.cpp.o[0m
[ 57%] [32m[1mLinking CXX shared library libaudio_msg__rosidl_typesupport_fastrtps_c.so[0m
[ 57%] Built target audio_msg__rosidl_typesupport_fastrtps_c
[ 58%] [34m[1mGenerating C++ type support for eProsima Fast-RTPS[0m
[ 60%] [32mBuilding CXX object CMakeFiles/audio_msg__rosidl_typesupport_fastrtps_cpp.dir/rosidl_typesupport_fastrtps_cpp/audio_msg/msg/detail/dds_fastrtps/audio_frame_type__type_support.cpp.o[0m
[ 61%] [32mBuilding CXX object CMakeFiles/audio_msg__rosidl_typesupport_fastrtps_cpp.dir/rosidl_typesupport_fastrtps_cpp/audio_msg/msg/detail/dds_fastrtps/audio_frame__type_support.cpp.o[0m
[ 63%] [32mBuilding CXX object CMakeFiles/audio_msg__rosidl_typesupport_fastrtps_cpp.dir/rosidl_typesupport_fastrtps_cpp/audio_msg/msg/detail/dds_fastrtps/smart_audio_frame_type__type_support.cpp.o[0m
[ 65%] [32mBuilding CXX object CMakeFiles/audio_msg__rosidl_typesupport_fastrtps_cpp.dir/rosidl_typesupport_fastrtps_cpp/audio_msg/msg/detail/dds_fastrtps/audio_event_type__type_support.cpp.o[0m
[ 66%] [32mBuilding CXX object CMakeFiles/audio_msg__rosidl_typesupport_fastrtps_cpp.dir/rosidl_typesupport_fastrtps_cpp/audio_msg/msg/detail/dds_fastrtps/smart_audio_data__type_support.cpp.o[0m
[ 68%] [32m[1mLinking CXX shared library libaudio_msg__rosidl_typesupport_fastrtps_cpp.so[0m
[ 68%] Built target audio_msg__rosidl_typesupport_fastrtps_cpp
[ 69%] [34m[1mGenerating C++ type support dispatch for ROS interfaces[0m
[ 71%] [32mBuilding CXX object CMakeFiles/audio_msg__rosidl_typesupport_cpp.dir/rosidl_typesupport_cpp/audio_msg/msg/audio_frame_type__type_support.cpp.o[0m
[ 73%] [32mBuilding CXX object CMakeFiles/audio_msg__rosidl_typesupport_cpp.dir/rosidl_typesupport_cpp/audio_msg/msg/audio_frame__type_support.cpp.o[0m
[ 74%] [32mBuilding CXX object CMakeFiles/audio_msg__rosidl_typesupport_cpp.dir/rosidl_typesupport_cpp/audio_msg/msg/smart_audio_frame_type__type_support.cpp.o[0m
[ 76%] [32mBuilding CXX object CMakeFiles/audio_msg__rosidl_typesupport_cpp.dir/rosidl_typesupport_cpp/audio_msg/msg/audio_event_type__type_support.cpp.o[0m
[ 77%] [32mBuilding CXX object CMakeFiles/audio_msg__rosidl_typesupport_cpp.dir/rosidl_typesupport_cpp/audio_msg/msg/smart_audio_data__type_support.cpp.o[0m
[ 79%] [32m[1mLinking CXX shared library libaudio_msg__rosidl_typesupport_cpp.so[0m
[ 79%] Built target audio_msg__rosidl_typesupport_cpp
[ 79%] Built target audio_msg
[ 80%] [34m[1mGenerating Python code for ROS interfaces[0m
[ 80%] Built target audio_msg__py
[ 82%] [32mBuilding C object CMakeFiles/audio_msg__rosidl_generator_py.dir/rosidl_generator_py/audio_msg/msg/_audio_frame_type_s.c.o[0m
[ 84%] [32mBuilding C object CMakeFiles/audio_msg__rosidl_generator_py.dir/rosidl_generator_py/audio_msg/msg/_audio_frame_s.c.o[0m
[ 85%] [32mBuilding C object CMakeFiles/audio_msg__rosidl_generator_py.dir/rosidl_generator_py/audio_msg/msg/_smart_audio_frame_type_s.c.o[0m
[ 87%] [32mBuilding C object CMakeFiles/audio_msg__rosidl_generator_py.dir/rosidl_generator_py/audio_msg/msg/_audio_event_type_s.c.o[0m
[ 88%] [32mBuilding C object CMakeFiles/audio_msg__rosidl_generator_py.dir/rosidl_generator_py/audio_msg/msg/_smart_audio_data_s.c.o[0m
[ 90%] [32m[1mLinking C shared library rosidl_generator_py/audio_msg/libaudio_msg__rosidl_generator_py.so[0m
[ 90%] Built target audio_msg__rosidl_generator_py
[ 92%] [32mBuilding C object CMakeFiles/audio_msg__rosidl_typesupport_fastrtps_c__pyext.dir/rosidl_generator_py/audio_msg/_audio_msg_s.ep.rosidl_typesupport_fastrtps_c.c.o[0m
[ 93%] [32m[1mLinking C shared library rosidl_generator_py/audio_msg/audio_msg_s__rosidl_typesupport_fastrtps_c.cpython-310-aarch64-linux-gnu.so[0m
[ 93%] Built target audio_msg__rosidl_typesupport_fastrtps_c__pyext
[ 95%] [32mBuilding C object CMakeFiles/audio_msg__rosidl_typesupport_c__pyext.dir/rosidl_generator_py/audio_msg/_audio_msg_s.ep.rosidl_typesupport_c.c.o[0m
[ 96%] [32m[1mLinking C shared library rosidl_generator_py/audio_msg/audio_msg_s__rosidl_typesupport_c.cpython-310-aarch64-linux-gnu.so[0m
[ 96%] Built target audio_msg__rosidl_typesupport_c__pyext
[ 98%] [32mBuilding C object CMakeFiles/audio_msg__rosidl_typesupport_introspection_c__pyext.dir/rosidl_generator_py/audio_msg/_audio_msg_s.ep.rosidl_typesupport_introspection_c.c.o[0m
[100%] [32m[1mLinking C shared library rosidl_generator_py/audio_msg/audio_msg_s__rosidl_typesupport_introspection_c.cpython-310-aarch64-linux-gnu.so[0m
[100%] Built target audio_msg__rosidl_typesupport_introspection_c__pyext
-- Install configuration: ""
-- Installing: /cc_ws/tros_ws/install/share/ament_index/resource_index/rosidl_interfaces/audio_msg
-- Installing: /cc_ws/tros_ws/install/include/audio_msg/audio_msg
-- Installing: /cc_ws/tros_ws/install/include/audio_msg/audio_msg/msg
-- Installing: /cc_ws/tros_ws/install/include/audio_msg/audio_msg/msg/audio_frame.h
-- Installing: /cc_ws/tros_ws/install/include/audio_msg/audio_msg/msg/audio_frame_type.h
-- Installing: /cc_ws/tros_ws/install/include/audio_msg/audio_msg/msg/smart_audio_frame_type.h
-- Installing: /cc_ws/tros_ws/install/include/audio_msg/audio_msg/msg/rosidl_generator_c__visibility_control.h
-- Installing: /cc_ws/tros_ws/install/include/audio_msg/audio_msg/msg/smart_audio_data.h
-- Installing: /cc_ws/tros_ws/install/include/audio_msg/audio_msg/msg/detail
-- Installing: /cc_ws/tros_ws/install/include/audio_msg/audio_msg/msg/detail/audio_frame__struct.h
-- Installing: /cc_ws/tros_ws/install/include/audio_msg/audio_msg/msg/detail/audio_event_type__struct.h
-- Installing: /cc_ws/tros_ws/install/include/audio_msg/audio_msg/msg/detail/audio_frame__functions.h
-- Installing: /cc_ws/tros_ws/install/include/audio_msg/audio_msg/msg/detail/audio_event_type__type_support.h
-- Installing: /cc_ws/tros_ws/install/include/audio_msg/audio_msg/msg/detail/audio_event_type__functions.c
-- Installing: /cc_ws/tros_ws/install/include/audio_msg/audio_msg/msg/detail/smart_audio_data__functions.h
-- Installing: /cc_ws/tros_ws/install/include/audio_msg/audio_msg/msg/detail/audio_frame__type_support.h
-- Installing: /cc_ws/tros_ws/install/include/audio_msg/audio_msg/msg/detail/smart_audio_frame_type__struct.h
-- Installing: /cc_ws/tros_ws/install/include/audio_msg/audio_msg/msg/detail/smart_audio_data__type_support.h
-- Installing: /cc_ws/tros_ws/install/include/audio_msg/audio_msg/msg/detail/audio_event_type__functions.h
-- Installing: /cc_ws/tros_ws/install/include/audio_msg/audio_msg/msg/detail/smart_audio_frame_type__functions.c
-- Installing: /cc_ws/tros_ws/install/include/audio_msg/audio_msg/msg/detail/audio_frame_type__functions.c
-- Installing: /cc_ws/tros_ws/install/include/audio_msg/audio_msg/msg/detail/audio_frame_type__functions.h
-- Installing: /cc_ws/tros_ws/install/include/audio_msg/audio_msg/msg/detail/smart_audio_data__functions.c
-- Installing: /cc_ws/tros_ws/install/include/audio_msg/audio_msg/msg/detail/smart_audio_frame_type__type_support.h
-- Installing: /cc_ws/tros_ws/install/include/audio_msg/audio_msg/msg/detail/audio_frame_type__type_support.h
-- Installing: /cc_ws/tros_ws/install/include/audio_msg/audio_msg/msg/detail/smart_audio_data__struct.h
-- Installing: /cc_ws/tros_ws/install/include/audio_msg/audio_msg/msg/detail/smart_audio_frame_type__functions.h
-- Installing: /cc_ws/tros_ws/install/include/audio_msg/audio_msg/msg/detail/audio_frame_type__struct.h
-- Installing: /cc_ws/tros_ws/install/include/audio_msg/audio_msg/msg/detail/audio_frame__functions.c
-- Installing: /cc_ws/tros_ws/install/include/audio_msg/audio_msg/msg/audio_event_type.h
-- Installing: /cc_ws/tros_ws/install/share/audio_msg/environment/library_path.sh
-- Installing: /cc_ws/tros_ws/install/share/audio_msg/environment/library_path.dsv
-- Installing: /cc_ws/tros_ws/install/lib/libaudio_msg__rosidl_generator_c.so
-- Set runtime path of "/cc_ws/tros_ws/install/lib/libaudio_msg__rosidl_generator_c.so" to ""
-- Up-to-date: /cc_ws/tros_ws/install/include/audio_msg/audio_msg
-- Up-to-date: /cc_ws/tros_ws/install/include/audio_msg/audio_msg/msg
-- Installing: /cc_ws/tros_ws/install/include/audio_msg/audio_msg/msg/rosidl_typesupport_fastrtps_c__visibility_control.h
-- Up-to-date: /cc_ws/tros_ws/install/include/audio_msg/audio_msg/msg/detail
-- Installing: /cc_ws/tros_ws/install/include/audio_msg/audio_msg/msg/detail/audio_frame_type__rosidl_typesupport_fastrtps_c.h
-- Installing: /cc_ws/tros_ws/install/include/audio_msg/audio_msg/msg/detail/smart_audio_frame_type__rosidl_typesupport_fastrtps_c.h
-- Installing: /cc_ws/tros_ws/install/include/audio_msg/audio_msg/msg/detail/audio_event_type__rosidl_typesupport_fastrtps_c.h
-- Installing: /cc_ws/tros_ws/install/include/audio_msg/audio_msg/msg/detail/audio_frame__rosidl_typesupport_fastrtps_c.h
-- Installing: /cc_ws/tros_ws/install/include/audio_msg/audio_msg/msg/detail/smart_audio_data__rosidl_typesupport_fastrtps_c.h
-- Installing: /cc_ws/tros_ws/install/lib/libaudio_msg__rosidl_typesupport_fastrtps_c.so
-- Set runtime path of "/cc_ws/tros_ws/install/lib/libaudio_msg__rosidl_typesupport_fastrtps_c.so" to ""
-- Up-to-date: /cc_ws/tros_ws/install/include/audio_msg/audio_msg
-- Up-to-date: /cc_ws/tros_ws/install/include/audio_msg/audio_msg/msg
-- Installing: /cc_ws/tros_ws/install/include/audio_msg/audio_msg/msg/audio_event_type.hpp
-- Installing: /cc_ws/tros_ws/install/include/audio_msg/audio_msg/msg/audio_frame.hpp
-- Installing: /cc_ws/tros_ws/install/include/audio_msg/audio_msg/msg/audio_frame_type.hpp
-- Up-to-date: /cc_ws/tros_ws/install/include/audio_msg/audio_msg/msg/detail
-- Installing: /cc_ws/tros_ws/install/include/audio_msg/audio_msg/msg/detail/audio_event_type__traits.hpp
-- Installing: /cc_ws/tros_ws/install/include/audio_msg/audio_msg/msg/detail/smart_audio_frame_type__traits.hpp
-- Installing: /cc_ws/tros_ws/install/include/audio_msg/audio_msg/msg/detail/smart_audio_frame_type__struct.hpp
-- Installing: /cc_ws/tros_ws/install/include/audio_msg/audio_msg/msg/detail/audio_frame_type__struct.hpp
-- Installing: /cc_ws/tros_ws/install/include/audio_msg/audio_msg/msg/detail/audio_frame_type__traits.hpp
-- Installing: /cc_ws/tros_ws/install/include/audio_msg/audio_msg/msg/detail/audio_frame__struct.hpp
-- Installing: /cc_ws/tros_ws/install/include/audio_msg/audio_msg/msg/detail/audio_event_type__builder.hpp
-- Installing: /cc_ws/tros_ws/install/include/audio_msg/audio_msg/msg/detail/smart_audio_frame_type__builder.hpp
-- Installing: /cc_ws/tros_ws/install/include/audio_msg/audio_msg/msg/detail/audio_event_type__struct.hpp
-- Installing: /cc_ws/tros_ws/install/include/audio_msg/audio_msg/msg/detail/smart_audio_data__struct.hpp
-- Installing: /cc_ws/tros_ws/install/include/audio_msg/audio_msg/msg/detail/audio_frame_type__builder.hpp
-- Installing: /cc_ws/tros_ws/install/include/audio_msg/audio_msg/msg/detail/smart_audio_data__builder.hpp
-- Installing: /cc_ws/tros_ws/install/include/audio_msg/audio_msg/msg/detail/audio_frame__traits.hpp
-- Installing: /cc_ws/tros_ws/install/include/audio_msg/audio_msg/msg/detail/smart_audio_data__traits.hpp
-- Installing: /cc_ws/tros_ws/install/include/audio_msg/audio_msg/msg/detail/audio_frame__builder.hpp
-- Installing: /cc_ws/tros_ws/install/include/audio_msg/audio_msg/msg/smart_audio_frame_type.hpp
-- Installing: /cc_ws/tros_ws/install/include/audio_msg/audio_msg/msg/smart_audio_data.hpp
-- Up-to-date: /cc_ws/tros_ws/install/include/audio_msg/audio_msg
-- Up-to-date: /cc_ws/tros_ws/install/include/audio_msg/audio_msg/msg
-- Up-to-date: /cc_ws/tros_ws/install/include/audio_msg/audio_msg/msg/detail
-- Installing: /cc_ws/tros_ws/install/include/audio_msg/audio_msg/msg/detail/audio_frame__rosidl_typesupport_fastrtps_cpp.hpp
-- Installing: /cc_ws/tros_ws/install/include/audio_msg/audio_msg/msg/detail/audio_frame_type__rosidl_typesupport_fastrtps_cpp.hpp
-- Installing: /cc_ws/tros_ws/install/include/audio_msg/audio_msg/msg/detail/smart_audio_frame_type__rosidl_typesupport_fastrtps_cpp.hpp
-- Installing: /cc_ws/tros_ws/install/include/audio_msg/audio_msg/msg/detail/audio_event_type__rosidl_typesupport_fastrtps_cpp.hpp
-- Installing: /cc_ws/tros_ws/install/include/audio_msg/audio_msg/msg/detail/smart_audio_data__rosidl_typesupport_fastrtps_cpp.hpp
-- Installing: /cc_ws/tros_ws/install/include/audio_msg/audio_msg/msg/detail/dds_fastrtps
-- Installing: /cc_ws/tros_ws/install/include/audio_msg/audio_msg/msg/rosidl_typesupport_fastrtps_cpp__visibility_control.h
-- Installing: /cc_ws/tros_ws/install/lib/libaudio_msg__rosidl_typesupport_fastrtps_cpp.so
-- Set runtime path of "/cc_ws/tros_ws/install/lib/libaudio_msg__rosidl_typesupport_fastrtps_cpp.so" to ""
-- Up-to-date: /cc_ws/tros_ws/install/include/audio_msg/audio_msg
-- Up-to-date: /cc_ws/tros_ws/install/include/audio_msg/audio_msg/msg
-- Installing: /cc_ws/tros_ws/install/include/audio_msg/audio_msg/msg/rosidl_typesupport_introspection_c__visibility_control.h
-- Up-to-date: /cc_ws/tros_ws/install/include/audio_msg/audio_msg/msg/detail
-- Installing: /cc_ws/tros_ws/install/include/audio_msg/audio_msg/msg/detail/smart_audio_data__type_support.c
-- Installing: /cc_ws/tros_ws/install/include/audio_msg/audio_msg/msg/detail/audio_event_type__rosidl_typesupport_introspection_c.h
-- Installing: /cc_ws/tros_ws/install/include/audio_msg/audio_msg/msg/detail/smart_audio_frame_type__type_support.c
-- Installing: /cc_ws/tros_ws/install/include/audio_msg/audio_msg/msg/detail/audio_frame__rosidl_typesupport_introspection_c.h
-- Installing: /cc_ws/tros_ws/install/include/audio_msg/audio_msg/msg/detail/audio_frame_type__rosidl_typesupport_introspection_c.h
-- Installing: /cc_ws/tros_ws/install/include/audio_msg/audio_msg/msg/detail/audio_frame__type_support.c
-- Installing: /cc_ws/tros_ws/install/include/audio_msg/audio_msg/msg/detail/smart_audio_frame_type__rosidl_typesupport_introspection_c.h
-- Installing: /cc_ws/tros_ws/install/include/audio_msg/audio_msg/msg/detail/smart_audio_data__rosidl_typesupport_introspection_c.h
-- Installing: /cc_ws/tros_ws/install/include/audio_msg/audio_msg/msg/detail/audio_frame_type__type_support.c
-- Installing: /cc_ws/tros_ws/install/include/audio_msg/audio_msg/msg/detail/audio_event_type__type_support.c
-- Installing: /cc_ws/tros_ws/install/lib/libaudio_msg__rosidl_typesupport_introspection_c.so
-- Set runtime path of "/cc_ws/tros_ws/install/lib/libaudio_msg__rosidl_typesupport_introspection_c.so" to ""
-- Installing: /cc_ws/tros_ws/install/lib/libaudio_msg__rosidl_typesupport_c.so
-- Set runtime path of "/cc_ws/tros_ws/install/lib/libaudio_msg__rosidl_typesupport_c.so" to ""
-- Up-to-date: /cc_ws/tros_ws/install/include/audio_msg/audio_msg
-- Up-to-date: /cc_ws/tros_ws/install/include/audio_msg/audio_msg/msg
-- Up-to-date: /cc_ws/tros_ws/install/include/audio_msg/audio_msg/msg/detail
-- Installing: /cc_ws/tros_ws/install/include/audio_msg/audio_msg/msg/detail/audio_frame__rosidl_typesupport_introspection_cpp.hpp
-- Installing: /cc_ws/tros_ws/install/include/audio_msg/audio_msg/msg/detail/smart_audio_frame_type__rosidl_typesupport_introspection_cpp.hpp
-- Installing: /cc_ws/tros_ws/install/include/audio_msg/audio_msg/msg/detail/audio_event_type__rosidl_typesupport_introspection_cpp.hpp
-- Installing: /cc_ws/tros_ws/install/include/audio_msg/audio_msg/msg/detail/audio_frame__type_support.cpp
-- Installing: /cc_ws/tros_ws/install/include/audio_msg/audio_msg/msg/detail/audio_event_type__type_support.cpp
-- Installing: /cc_ws/tros_ws/install/include/audio_msg/audio_msg/msg/detail/smart_audio_data__rosidl_typesupport_introspection_cpp.hpp
-- Installing: /cc_ws/tros_ws/install/include/audio_msg/audio_msg/msg/detail/audio_frame_type__rosidl_typesupport_introspection_cpp.hpp
-- Installing: /cc_ws/tros_ws/install/include/audio_msg/audio_msg/msg/detail/audio_frame_type__type_support.cpp
-- Installing: /cc_ws/tros_ws/install/include/audio_msg/audio_msg/msg/detail/smart_audio_frame_type__type_support.cpp
-- Installing: /cc_ws/tros_ws/install/include/audio_msg/audio_msg/msg/detail/smart_audio_data__type_support.cpp
-- Installing: /cc_ws/tros_ws/install/lib/libaudio_msg__rosidl_typesupport_introspection_cpp.so
-- Set runtime path of "/cc_ws/tros_ws/install/lib/libaudio_msg__rosidl_typesupport_introspection_cpp.so" to ""
-- Installing: /cc_ws/tros_ws/install/lib/libaudio_msg__rosidl_typesupport_cpp.so
-- Set runtime path of "/cc_ws/tros_ws/install/lib/libaudio_msg__rosidl_typesupport_cpp.so" to ""
-- Installing: /cc_ws/tros_ws/install/share/audio_msg/environment/pythonpath.sh
-- Installing: /cc_ws/tros_ws/install/share/audio_msg/environment/pythonpath.dsv
-- Installing: /cc_ws/tros_ws/install/local/lib/python3.10/dist-packages/audio_msg-2.0.1-py3.10.egg-info
-- Installing: /cc_ws/tros_ws/install/local/lib/python3.10/dist-packages/audio_msg-2.0.1-py3.10.egg-info/SOURCES.txt
-- Installing: /cc_ws/tros_ws/install/local/lib/python3.10/dist-packages/audio_msg-2.0.1-py3.10.egg-info/PKG-INFO
-- Installing: /cc_ws/tros_ws/install/local/lib/python3.10/dist-packages/audio_msg-2.0.1-py3.10.egg-info/dependency_links.txt
-- Installing: /cc_ws/tros_ws/install/local/lib/python3.10/dist-packages/audio_msg-2.0.1-py3.10.egg-info/top_level.txt
-- Installing: /cc_ws/tros_ws/install/local/lib/python3.10/dist-packages/audio_msg
-- Installing: /cc_ws/tros_ws/install/local/lib/python3.10/dist-packages/audio_msg/audio_msg_s__rosidl_typesupport_fastrtps_c.cpython-310-aarch64-linux-gnu.so
-- Installing: /cc_ws/tros_ws/install/local/lib/python3.10/dist-packages/audio_msg/audio_msg_s__rosidl_typesupport_c.cpython-310-aarch64-linux-gnu.so
-- Installing: /cc_ws/tros_ws/install/local/lib/python3.10/dist-packages/audio_msg/msg
-- Installing: /cc_ws/tros_ws/install/local/lib/python3.10/dist-packages/audio_msg/msg/_smart_audio_data_s.c
-- Installing: /cc_ws/tros_ws/install/local/lib/python3.10/dist-packages/audio_msg/msg/_smart_audio_frame_type_s.c
-- Installing: /cc_ws/tros_ws/install/local/lib/python3.10/dist-packages/audio_msg/msg/_audio_frame_s.c
-- Installing: /cc_ws/tros_ws/install/local/lib/python3.10/dist-packages/audio_msg/msg/_audio_event_type.py
-- Installing: /cc_ws/tros_ws/install/local/lib/python3.10/dist-packages/audio_msg/msg/__init__.py
-- Installing: /cc_ws/tros_ws/install/local/lib/python3.10/dist-packages/audio_msg/msg/_audio_frame_type.py
-- Installing: /cc_ws/tros_ws/install/local/lib/python3.10/dist-packages/audio_msg/msg/_smart_audio_data.py
-- Installing: /cc_ws/tros_ws/install/local/lib/python3.10/dist-packages/audio_msg/msg/_audio_frame_type_s.c
-- Installing: /cc_ws/tros_ws/install/local/lib/python3.10/dist-packages/audio_msg/msg/_audio_event_type_s.c
-- Installing: /cc_ws/tros_ws/install/local/lib/python3.10/dist-packages/audio_msg/msg/_smart_audio_frame_type.py
-- Installing: /cc_ws/tros_ws/install/local/lib/python3.10/dist-packages/audio_msg/msg/_audio_frame.py
-- Installing: /cc_ws/tros_ws/install/local/lib/python3.10/dist-packages/audio_msg/_audio_msg_s.ep.rosidl_typesupport_introspection_c.c
-- Installing: /cc_ws/tros_ws/install/local/lib/python3.10/dist-packages/audio_msg/__init__.py
-- Installing: /cc_ws/tros_ws/install/local/lib/python3.10/dist-packages/audio_msg/_audio_msg_s.ep.rosidl_typesupport_fastrtps_c.c
-- Installing: /cc_ws/tros_ws/install/local/lib/python3.10/dist-packages/audio_msg/audio_msg_s__rosidl_typesupport_introspection_c.cpython-310-aarch64-linux-gnu.so
-- Installing: /cc_ws/tros_ws/install/local/lib/python3.10/dist-packages/audio_msg/_audio_msg_s.ep.rosidl_typesupport_c.c
-- Installing: /cc_ws/tros_ws/install/local/lib/python3.10/dist-packages/audio_msg/libaudio_msg__rosidl_generator_py.so
Listing '/cc_ws/tros_ws/install/local/lib/python3.10/dist-packages/audio_msg'...
Compiling '/cc_ws/tros_ws/install/local/lib/python3.10/dist-packages/audio_msg/__init__.py'...
Listing '/cc_ws/tros_ws/install/local/lib/python3.10/dist-packages/audio_msg/msg'...
Compiling '/cc_ws/tros_ws/install/local/lib/python3.10/dist-packages/audio_msg/msg/__init__.py'...
Compiling '/cc_ws/tros_ws/install/local/lib/python3.10/dist-packages/audio_msg/msg/_audio_event_type.py'...
Compiling '/cc_ws/tros_ws/install/local/lib/python3.10/dist-packages/audio_msg/msg/_audio_frame.py'...
Compiling '/cc_ws/tros_ws/install/local/lib/python3.10/dist-packages/audio_msg/msg/_audio_frame_type.py'...
Compiling '/cc_ws/tros_ws/install/local/lib/python3.10/dist-packages/audio_msg/msg/_smart_audio_data.py'...
Compiling '/cc_ws/tros_ws/install/local/lib/python3.10/dist-packages/audio_msg/msg/_smart_audio_frame_type.py'...
-- Installing: /cc_ws/tros_ws/install/local/lib/python3.10/dist-packages/audio_msg/audio_msg_s__rosidl_typesupport_fastrtps_c.cpython-310-aarch64-linux-gnu.so
-- Set runtime path of "/cc_ws/tros_ws/install/local/lib/python3.10/dist-packages/audio_msg/audio_msg_s__rosidl_typesupport_fastrtps_c.cpython-310-aarch64-linux-gnu.so" to ""
-- Installing: /cc_ws/tros_ws/install/local/lib/python3.10/dist-packages/audio_msg/audio_msg_s__rosidl_typesupport_introspection_c.cpython-310-aarch64-linux-gnu.so
-- Set runtime path of "/cc_ws/tros_ws/install/local/lib/python3.10/dist-packages/audio_msg/audio_msg_s__rosidl_typesupport_introspection_c.cpython-310-aarch64-linux-gnu.so" to ""
-- Installing: /cc_ws/tros_ws/install/local/lib/python3.10/dist-packages/audio_msg/audio_msg_s__rosidl_typesupport_c.cpython-310-aarch64-linux-gnu.so
-- Set runtime path of "/cc_ws/tros_ws/install/local/lib/python3.10/dist-packages/audio_msg/audio_msg_s__rosidl_typesupport_c.cpython-310-aarch64-linux-gnu.so" to ""
-- Installing: /cc_ws/tros_ws/install/lib/libaudio_msg__rosidl_generator_py.so
-- Set runtime path of "/cc_ws/tros_ws/install/lib/libaudio_msg__rosidl_generator_py.so" to ""
-- Installing: /cc_ws/tros_ws/install/share/audio_msg/msg/AudioFrameType.idl
-- Installing: /cc_ws/tros_ws/install/share/audio_msg/msg/SmartAudioData.idl
-- Installing: /cc_ws/tros_ws/install/share/audio_msg/msg/AudioEventType.idl
-- Installing: /cc_ws/tros_ws/install/share/audio_msg/msg/SmartAudioFrameType.idl
-- Installing: /cc_ws/tros_ws/install/share/audio_msg/msg/AudioFrame.idl
-- Installing: /cc_ws/tros_ws/install/share/audio_msg/msg/AudioFrameType.msg
-- Installing: /cc_ws/tros_ws/install/share/audio_msg/msg/SmartAudioData.msg
-- Installing: /cc_ws/tros_ws/install/share/audio_msg/msg/AudioEventType.msg
-- Installing: /cc_ws/tros_ws/install/share/audio_msg/msg/SmartAudioFrameType.msg
-- Installing: /cc_ws/tros_ws/install/share/audio_msg/msg/AudioFrame.msg
-- Installing: /cc_ws/tros_ws/install/share/ament_index/resource_index/package_run_dependencies/audio_msg
-- Installing: /cc_ws/tros_ws/install/share/ament_index/resource_index/parent_prefix_path/audio_msg
-- Installing: /cc_ws/tros_ws/install/share/audio_msg/environment/ament_prefix_path.sh
-- Installing: /cc_ws/tros_ws/install/share/audio_msg/environment/ament_prefix_path.dsv
-- Installing: /cc_ws/tros_ws/install/share/audio_msg/environment/path.sh
-- Installing: /cc_ws/tros_ws/install/share/audio_msg/environment/path.dsv
-- Installing: /cc_ws/tros_ws/install/share/audio_msg/local_setup.bash
-- Installing: /cc_ws/tros_ws/install/share/audio_msg/local_setup.sh
-- Installing: /cc_ws/tros_ws/install/share/audio_msg/local_setup.zsh
-- Installing: /cc_ws/tros_ws/install/share/audio_msg/local_setup.dsv
-- Installing: /cc_ws/tros_ws/install/share/audio_msg/package.dsv
-- Installing: /cc_ws/tros_ws/install/share/ament_index/resource_index/packages/audio_msg
-- Installing: /cc_ws/tros_ws/install/share/audio_msg/cmake/export_audio_msg__rosidl_generator_cExport.cmake
-- Installing: /cc_ws/tros_ws/install/share/audio_msg/cmake/export_audio_msg__rosidl_generator_cExport-noconfig.cmake
-- Installing: /cc_ws/tros_ws/install/share/audio_msg/cmake/export_audio_msg__rosidl_typesupport_fastrtps_cExport.cmake
-- Installing: /cc_ws/tros_ws/install/share/audio_msg/cmake/export_audio_msg__rosidl_typesupport_fastrtps_cExport-noconfig.cmake
-- Installing: /cc_ws/tros_ws/install/share/audio_msg/cmake/export_audio_msg__rosidl_generator_cppExport.cmake
-- Installing: /cc_ws/tros_ws/install/share/audio_msg/cmake/export_audio_msg__rosidl_typesupport_fastrtps_cppExport.cmake
-- Installing: /cc_ws/tros_ws/install/share/audio_msg/cmake/export_audio_msg__rosidl_typesupport_fastrtps_cppExport-noconfig.cmake
-- Installing: /cc_ws/tros_ws/install/share/audio_msg/cmake/audio_msg__rosidl_typesupport_introspection_cExport.cmake
-- Installing: /cc_ws/tros_ws/install/share/audio_msg/cmake/audio_msg__rosidl_typesupport_introspection_cExport-noconfig.cmake
-- Installing: /cc_ws/tros_ws/install/share/audio_msg/cmake/audio_msg__rosidl_typesupport_cExport.cmake
-- Installing: /cc_ws/tros_ws/install/share/audio_msg/cmake/audio_msg__rosidl_typesupport_cExport-noconfig.cmake
-- Installing: /cc_ws/tros_ws/install/share/audio_msg/cmake/audio_msg__rosidl_typesupport_introspection_cppExport.cmake
-- Installing: /cc_ws/tros_ws/install/share/audio_msg/cmake/audio_msg__rosidl_typesupport_introspection_cppExport-noconfig.cmake
-- Installing: /cc_ws/tros_ws/install/share/audio_msg/cmake/audio_msg__rosidl_typesupport_cppExport.cmake
-- Installing: /cc_ws/tros_ws/install/share/audio_msg/cmake/audio_msg__rosidl_typesupport_cppExport-noconfig.cmake
-- Installing: /cc_ws/tros_ws/install/share/audio_msg/cmake/export_audio_msg__rosidl_generator_pyExport.cmake
-- Installing: /cc_ws/tros_ws/install/share/audio_msg/cmake/export_audio_msg__rosidl_generator_pyExport-noconfig.cmake
-- Installing: /cc_ws/tros_ws/install/share/audio_msg/cmake/rosidl_cmake-extras.cmake
-- Installing: /cc_ws/tros_ws/install/share/audio_msg/cmake/ament_cmake_export_dependencies-extras.cmake
-- Installing: /cc_ws/tros_ws/install/share/audio_msg/cmake/ament_cmake_export_include_directories-extras.cmake
-- Installing: /cc_ws/tros_ws/install/share/audio_msg/cmake/ament_cmake_export_libraries-extras.cmake
-- Installing: /cc_ws/tros_ws/install/share/audio_msg/cmake/ament_cmake_export_targets-extras.cmake
-- Installing: /cc_ws/tros_ws/install/share/audio_msg/cmake/rosidl_cmake_export_typesupport_targets-extras.cmake
-- Installing: /cc_ws/tros_ws/install/share/audio_msg/cmake/rosidl_cmake_export_typesupport_libraries-extras.cmake
-- Installing: /cc_ws/tros_ws/install/share/audio_msg/cmake/audio_msgConfig.cmake
-- Installing: /cc_ws/tros_ws/install/share/audio_msg/cmake/audio_msgConfig-version.cmake
-- Installing: /cc_ws/tros_ws/install/share/audio_msg/package.xml
