Not searching for unused variables given on the command line.
-- The C compiler identification is GNU 11.4.0
-- The CXX compiler identification is GNU 11.4.0
-- Detecting C compiler ABI info
-- Detecting C compiler ABI info - done
-- Check for working C compiler: /usr/bin/aarch64-linux-gnu-gcc - skipped
-- Detecting C compile features
-- Detecting C compile features - done
-- Detecting CXX compiler ABI info
-- Detecting CXX compiler ABI info - done
-- Check for working CXX compiler: /usr/bin/aarch64-linux-gnu-g++ - skipped
-- Detecting CXX compile features
-- Detecting CXX compile features - done
-- Found ament_cmake: 1.3.8 (/opt/ros/humble/share/ament_cmake/cmake)
-- Found Python3: /usr/bin/python3 (found version "3.10.12") found components: Interpreter 
-- Found rclcpp: 16.0.8 (/opt/ros/humble/share/rclcpp/cmake)
-- Found rosidl_generator_c: 3.1.5 (/opt/ros/humble/share/rosidl_generator_c/cmake)
-- Found rosidl_adapter: 3.1.5 (/opt/ros/humble/share/rosidl_adapter/cmake)
-- Found rosidl_generator_cpp: 3.1.5 (/opt/ros/humble/share/rosidl_generator_cpp/cmake)
-- Using all available rosidl_typesupport_c: rosidl_typesupport_fastrtps_c;rosidl_typesupport_introspection_c
-- Using all available rosidl_typesupport_cpp: rosidl_typesupport_fastrtps_cpp;rosidl_typesupport_introspection_cpp
-- Found rmw_implementation_cmake: 6.1.1 (/opt/ros/humble/share/rmw_implementation_cmake/cmake)
-- Found rmw_fastrtps_cpp: 6.2.6 (/opt/ros/humble/share/rmw_fastrtps_cpp/cmake)
-- Found OpenSSL: /cc_ws/tros_ws/robot_dev_config/../../sysroot_docker/usr/lib/aarch64-linux-gnu/libcrypto.so (found version "3.0.2")  
-- Found FastRTPS: /opt/ros/humble/include  
-- Using RMW implementation 'rmw_fastrtps_cpp' as default
-- Looking for pthread.h
-- Looking for pthread.h - found
-- Performing Test CMAKE_HAVE_LIBC_PTHREAD
-- Performing Test CMAKE_HAVE_LIBC_PTHREAD - Success
-- Found Threads: TRUE  
-- Found sensor_msgs: 4.2.3 (/opt/ros/humble/share/sensor_msgs/cmake)
-- Found ai_msgs: 2.0.1 (/cc_ws/tros_ws/robot_dev_config/../install/share/ai_msgs/cmake)
-- Found dnn_node: 2.5.4 (/cc_ws/tros_ws/robot_dev_config/../install/share/dnn_node/cmake)
-- Found OpenCV: /cc_ws/sysroot_docker/usr_x5 (found suitable version "4.5.4", minimum required is "4") 
-- Found SQLite3: /cc_ws/tros_ws/robot_dev_config/../../sysroot_docker/usr/include (found version "3.37.2") 
-- Found hbm_img_msgs: 2.0.0 (/cc_ws/tros_ws/robot_dev_config/../install/share/hbm_img_msgs/cmake)
-- Configuring done
-- Generating done
-- Build files have been written to: /cc_ws/tros_ws/build/reid
[ 14%] [32mBuilding CXX object CMakeFiles/reid.dir/src/main.cpp.o[0m
[ 28%] [32mBuilding CXX object CMakeFiles/reid.dir/src/database.cpp.o[0m
[ 42%] [32mBuilding CXX object CMakeFiles/reid.dir/src/feature_manage.cpp.o[0m
[ 57%] [32mBuilding CXX object CMakeFiles/reid.dir/src/item.cpp.o[0m
[ 71%] [32mBuilding CXX object CMakeFiles/reid.dir/src/ai_msg_manage.cpp.o[0m
[ 85%] [32mBuilding CXX object CMakeFiles/reid.dir/src/reid_node.cpp.o[0m
[100%] [32m[1mLinking CXX executable reid[0m
[100%] Built target reid
-- Install configuration: ""
-- Installing: /cc_ws/tros_ws/install/lib/reid/reid
-- Set runtime path of "/cc_ws/tros_ws/install/lib/reid/reid" to ""
-- Installing: /cc_ws/tros_ws/install/lib/reid/config/
-- Installing: /cc_ws/tros_ws/install/lib/reid/config//reid.bin
-- Installing: /cc_ws/tros_ws/install/lib/reid/config/960x544.nv12
-- Installing: /cc_ws/tros_ws/install/share/reid/launch
-- Installing: /cc_ws/tros_ws/install/share/reid/launch/reid.launch.py
-- Installing: /cc_ws/tros_ws/install/share/ament_index/resource_index/package_run_dependencies/reid
-- Installing: /cc_ws/tros_ws/install/share/ament_index/resource_index/parent_prefix_path/reid
-- Installing: /cc_ws/tros_ws/install/share/reid/environment/ament_prefix_path.sh
-- Installing: /cc_ws/tros_ws/install/share/reid/environment/ament_prefix_path.dsv
-- Installing: /cc_ws/tros_ws/install/share/reid/environment/path.sh
-- Installing: /cc_ws/tros_ws/install/share/reid/environment/path.dsv
-- Installing: /cc_ws/tros_ws/install/share/reid/local_setup.bash
-- Installing: /cc_ws/tros_ws/install/share/reid/local_setup.sh
-- Installing: /cc_ws/tros_ws/install/share/reid/local_setup.zsh
-- Installing: /cc_ws/tros_ws/install/share/reid/local_setup.dsv
-- Installing: /cc_ws/tros_ws/install/share/reid/package.dsv
-- Installing: /cc_ws/tros_ws/install/share/ament_index/resource_index/packages/reid
-- Installing: /cc_ws/tros_ws/install/share/reid/cmake/reidConfig.cmake
-- Installing: /cc_ws/tros_ws/install/share/reid/cmake/reidConfig-version.cmake
-- Installing: /cc_ws/tros_ws/install/share/reid/package.xml
