[0.633s] Invoking command in '/cc_ws/tros_ws/build/mono2d_trash_detection': AMENT_PREFIX_PATH=/cc_ws/tros_ws/install:${AMENT_PREFIX_PATH} CMAKE_PREFIX_PATH=/cc_ws/tros_ws/install:/opt/ros/humble LD_LIBRARY_PATH=/cc_ws/tros_ws/install/lib:/opt/ros/humble/opt/rviz_ogre_vendor/lib:/opt/ros/humble/lib/aarch64-linux-gnu:/opt/ros/humble/lib:/cc_ws/userdata/hobot/opt/hobot/deps PYTHONPATH=/cc_ws/tros_ws/install/lib/python3.10/site-packages:/cc_ws/tros_ws/install/local/lib/python3.10/dist-packages:${PYTHONPATH} /usr/bin/cmake /cc_ws/tros_ws/src/box/hobot_perception/mono2d_trash_detection -DCMAKE_EXPORT_COMPILE_COMMANDS=ON --no-warn-unused-cli -DCMAKE_TOOLCHAIN_FILE=/cc_ws/tros_ws/robot_dev_config/aarch64_toolchainfile.cmake -DPLATFORM_X5=ON -DTHIRDPARTY=ON -DBUILD_TESTING=OFF -DCMAKE_BUILD_RPATH=/cc_ws/tros_ws/build/poco_vendor/poco_external_project_install/lib/;/cc_ws/tros_ws/build/libyaml_vendor/libyaml_install/lib/ -DCMAKE_INSTALL_PREFIX=/cc_ws/tros_ws/install
[0.650s] Not searching for unused variables given on the command line.
[0.669s] -- Found ament_cmake: 1.3.8 (/opt/ros/humble/share/ament_cmake/cmake)
[1.259s] [33mCMake Warning (dev) at /opt/ros/humble/share/ament_cmake_test/cmake/ament_cmake_test-extras.cmake:19 (option):
[1.261s]   Policy CMP0077 is not set: option() honors normal variables.  Run "cmake
[1.261s]   --help-policy CMP0077" for policy details.  Use the cmake_policy command to
[1.261s]   set the policy and suppress this warning.
[1.261s] 
[1.261s]   For compatibility with older versions of CMake, option is clearing the
[1.262s]   normal variable 'BUILD_TESTING'.
[1.262s] Call Stack (most recent call first):
[1.262s]   /opt/ros/humble/share/ament_cmake_test/cmake/ament_cmake_testConfig.cmake:41 (include)
[1.262s]   /opt/ros/humble/share/ament_cmake/cmake/ament_cmake_export_dependencies-extras.cmake:21 (find_package)
[1.262s]   /opt/ros/humble/share/ament_cmake/cmake/ament_cmakeConfig.cmake:41 (include)
[1.262s]   CMakeLists.txt:19 (find_package)
[1.263s] This warning is for project developers.  Use -Wno-dev to suppress it.
[1.263s] [0m
[1.265s] [0mbuild mono2d_trash_detection for platform X5[0m
[1.634s] -- Configuring done
[1.642s] -- Generating done
[1.647s] -- Build files have been written to: /cc_ws/tros_ws/build/mono2d_trash_detection
[1.660s] Invoked command in '/cc_ws/tros_ws/build/mono2d_trash_detection' returned '0': AMENT_PREFIX_PATH=/cc_ws/tros_ws/install:${AMENT_PREFIX_PATH} CMAKE_PREFIX_PATH=/cc_ws/tros_ws/install:/opt/ros/humble LD_LIBRARY_PATH=/cc_ws/tros_ws/install/lib:/opt/ros/humble/opt/rviz_ogre_vendor/lib:/opt/ros/humble/lib/aarch64-linux-gnu:/opt/ros/humble/lib:/cc_ws/userdata/hobot/opt/hobot/deps PYTHONPATH=/cc_ws/tros_ws/install/lib/python3.10/site-packages:/cc_ws/tros_ws/install/local/lib/python3.10/dist-packages:${PYTHONPATH} /usr/bin/cmake /cc_ws/tros_ws/src/box/hobot_perception/mono2d_trash_detection -DCMAKE_EXPORT_COMPILE_COMMANDS=ON --no-warn-unused-cli -DCMAKE_TOOLCHAIN_FILE=/cc_ws/tros_ws/robot_dev_config/aarch64_toolchainfile.cmake -DPLATFORM_X5=ON -DTHIRDPARTY=ON -DBUILD_TESTING=OFF -DCMAKE_BUILD_RPATH=/cc_ws/tros_ws/build/poco_vendor/poco_external_project_install/lib/;/cc_ws/tros_ws/build/libyaml_vendor/libyaml_install/lib/ -DCMAKE_INSTALL_PREFIX=/cc_ws/tros_ws/install
[1.661s] Invoking command in '/cc_ws/tros_ws/build/mono2d_trash_detection': AMENT_PREFIX_PATH=/cc_ws/tros_ws/install:${AMENT_PREFIX_PATH} CMAKE_PREFIX_PATH=/cc_ws/tros_ws/install:/opt/ros/humble LD_LIBRARY_PATH=/cc_ws/tros_ws/install/lib:/opt/ros/humble/opt/rviz_ogre_vendor/lib:/opt/ros/humble/lib/aarch64-linux-gnu:/opt/ros/humble/lib:/cc_ws/userdata/hobot/opt/hobot/deps PYTHONPATH=/cc_ws/tros_ws/install/lib/python3.10/site-packages:/cc_ws/tros_ws/install/local/lib/python3.10/dist-packages:${PYTHONPATH} /usr/bin/cmake --build /cc_ws/tros_ws/build/mono2d_trash_detection -- -j12 -l12
[1.758s] Invoked command in '/cc_ws/tros_ws/build/mono2d_trash_detection' returned '0': AMENT_PREFIX_PATH=/cc_ws/tros_ws/install:${AMENT_PREFIX_PATH} CMAKE_PREFIX_PATH=/cc_ws/tros_ws/install:/opt/ros/humble LD_LIBRARY_PATH=/cc_ws/tros_ws/install/lib:/opt/ros/humble/opt/rviz_ogre_vendor/lib:/opt/ros/humble/lib/aarch64-linux-gnu:/opt/ros/humble/lib:/cc_ws/userdata/hobot/opt/hobot/deps PYTHONPATH=/cc_ws/tros_ws/install/lib/python3.10/site-packages:/cc_ws/tros_ws/install/local/lib/python3.10/dist-packages:${PYTHONPATH} /usr/bin/cmake --build /cc_ws/tros_ws/build/mono2d_trash_detection -- -j12 -l12
[2.025s] Invoking command in '/cc_ws/tros_ws/build/mono2d_trash_detection': AMENT_PREFIX_PATH=/cc_ws/tros_ws/install:${AMENT_PREFIX_PATH} CMAKE_PREFIX_PATH=/cc_ws/tros_ws/install:/opt/ros/humble LD_LIBRARY_PATH=/cc_ws/tros_ws/install/lib:/opt/ros/humble/opt/rviz_ogre_vendor/lib:/opt/ros/humble/lib/aarch64-linux-gnu:/opt/ros/humble/lib:/cc_ws/userdata/hobot/opt/hobot/deps PYTHONPATH=/cc_ws/tros_ws/install/lib/python3.10/site-packages:/cc_ws/tros_ws/install/local/lib/python3.10/dist-packages:${PYTHONPATH} /usr/bin/cmake --install /cc_ws/tros_ws/build/mono2d_trash_detection
[2.036s] -- Install configuration: ""
[2.036s] -- Up-to-date: /cc_ws/tros_ws/install/lib/mono2d_trash_detection/config/
[2.036s] -- Up-to-date: /cc_ws/tros_ws/install/lib/mono2d_trash_detection/config//ppyolo_trashdet_416x416_nv12.bin
[2.036s] -- Up-to-date: /cc_ws/tros_ws/install/lib/mono2d_trash_detection/config/ppyoloworkconfig.json
[2.037s] -- Up-to-date: /cc_ws/tros_ws/install/lib/mono2d_trash_detection/config/trash_coco.list
[2.037s] -- Up-to-date: /cc_ws/tros_ws/install/lib/mono2d_trash_detection/config/trashDet0028.jpg
[2.037s] -- Up-to-date: /cc_ws/tros_ws/install/share/ament_index/resource_index/package_run_dependencies/mono2d_trash_detection
[2.037s] -- Up-to-date: /cc_ws/tros_ws/install/share/ament_index/resource_index/parent_prefix_path/mono2d_trash_detection
[2.037s] -- Up-to-date: /cc_ws/tros_ws/install/share/mono2d_trash_detection/environment/ament_prefix_path.sh
[2.037s] -- Installing: /cc_ws/tros_ws/install/share/mono2d_trash_detection/environment/ament_prefix_path.dsv
[2.037s] -- Up-to-date: /cc_ws/tros_ws/install/share/mono2d_trash_detection/environment/path.sh
[2.038s] -- Installing: /cc_ws/tros_ws/install/share/mono2d_trash_detection/environment/path.dsv
[2.038s] -- Up-to-date: /cc_ws/tros_ws/install/share/mono2d_trash_detection/local_setup.bash
[2.038s] -- Up-to-date: /cc_ws/tros_ws/install/share/mono2d_trash_detection/local_setup.sh
[2.038s] -- Up-to-date: /cc_ws/tros_ws/install/share/mono2d_trash_detection/local_setup.zsh
[2.038s] -- Installing: /cc_ws/tros_ws/install/share/mono2d_trash_detection/local_setup.dsv
[2.038s] -- Installing: /cc_ws/tros_ws/install/share/mono2d_trash_detection/package.dsv
[2.038s] -- Up-to-date: /cc_ws/tros_ws/install/share/ament_index/resource_index/packages/mono2d_trash_detection
[2.039s] -- Up-to-date: /cc_ws/tros_ws/install/share/mono2d_trash_detection/cmake/mono2d_trash_detectionConfig.cmake
[2.039s] -- Up-to-date: /cc_ws/tros_ws/install/share/mono2d_trash_detection/cmake/mono2d_trash_detectionConfig-version.cmake
[2.039s] -- Up-to-date: /cc_ws/tros_ws/install/share/mono2d_trash_detection/package.xml
[2.044s] Invoked command in '/cc_ws/tros_ws/build/mono2d_trash_detection' returned '0': AMENT_PREFIX_PATH=/cc_ws/tros_ws/install:${AMENT_PREFIX_PATH} CMAKE_PREFIX_PATH=/cc_ws/tros_ws/install:/opt/ros/humble LD_LIBRARY_PATH=/cc_ws/tros_ws/install/lib:/opt/ros/humble/opt/rviz_ogre_vendor/lib:/opt/ros/humble/lib/aarch64-linux-gnu:/opt/ros/humble/lib:/cc_ws/userdata/hobot/opt/hobot/deps PYTHONPATH=/cc_ws/tros_ws/install/lib/python3.10/site-packages:/cc_ws/tros_ws/install/local/lib/python3.10/dist-packages:${PYTHONPATH} /usr/bin/cmake --install /cc_ws/tros_ws/build/mono2d_trash_detection
