[0.011s] Invoking command in '/cc_ws/tros_ws/build/mipi_cam': AMENT_PREFIX_PATH=/cc_ws/tros_ws/install:${AMENT_PREFIX_PATH} CMAKE_PREFIX_PATH=/cc_ws/tros_ws/install:/opt/ros/humble HISTTIMEFORMAT=%F %T LD_LIBRARY_PATH=/cc_ws/tros_ws/install/lib:${LD_LIBRARY_PATH} PYTHONPATH=/cc_ws/tros_ws/install/local/lib/python3.10/dist-packages:/cc_ws/tros_ws/install/lib/python3.10/site-packages:${PYTHONPATH} /usr/bin/cmake /cc_ws/tros_ws/src/box/hobot_sensor/hobot_mipi_cam -DCMAKE_EXPORT_COMPILE_COMMANDS=ON --no-warn-unused-cli -DCMAKE_TOOLCHAIN_FILE=/cc_ws/tros_ws/robot_dev_config/aarch64_toolchainfile.cmake -DPLATFORM_X5=ON -DTHIRDPARTY=ON -DBUILD_TESTING=OFF -DCMAKE_BUILD_RPATH=/cc_ws/tros_ws/build/poco_vendor/poco_external_project_install/lib/;/cc_ws/tros_ws/build/libyaml_vendor/libyaml_install/lib/ -DCMAKE_INSTALL_PREFIX=/cc_ws/tros_ws/install
[0.018s] Not searching for unused variables given on the command line.
[0.030s] -- Found OpenCV: /cc_ws/sysroot_docker/usr_x5 (found version "4.5.4") 
[0.030s] -- Found ament_cmake_auto: 1.3.8 (/opt/ros/humble/share/ament_cmake_auto/cmake)
[0.242s] -- Found rosidl_generator_c: 3.1.5 (/opt/ros/humble/share/rosidl_generator_c/cmake)
[0.244s] -- Found rosidl_adapter: 3.1.5 (/opt/ros/humble/share/rosidl_adapter/cmake)
[0.250s] -- Found rosidl_generator_cpp: 3.1.5 (/opt/ros/humble/share/rosidl_generator_cpp/cmake)
[0.261s] -- Using all available rosidl_typesupport_c: rosidl_typesupport_fastrtps_c;rosidl_typesupport_introspection_c
[0.276s] -- Using all available rosidl_typesupport_cpp: rosidl_typesupport_fastrtps_cpp;rosidl_typesupport_introspection_cpp
[0.335s] -- Found rmw_implementation_cmake: 6.1.1 (/opt/ros/humble/share/rmw_implementation_cmake/cmake)
[0.336s] -- Found rmw_fastrtps_cpp: 6.2.6 (/opt/ros/humble/share/rmw_fastrtps_cpp/cmake)
[0.435s] -- Using RMW implementation 'rmw_fastrtps_cpp' as default
[0.854s] -- Found OpenCV: /cc_ws/sysroot_docker/usr_x5 (found suitable version "4.5.4", minimum required is "4") 
[0.854s] [0mbuild platform X5[0m
[0.854s] [0mPREFIX_PATH: x5[0m
[0.865s] -- Configuring done
[0.904s] -- Generating done
[0.906s] -- Build files have been written to: /cc_ws/tros_ws/build/mipi_cam
[0.913s] Invoked command in '/cc_ws/tros_ws/build/mipi_cam' returned '0': AMENT_PREFIX_PATH=/cc_ws/tros_ws/install:${AMENT_PREFIX_PATH} CMAKE_PREFIX_PATH=/cc_ws/tros_ws/install:/opt/ros/humble HISTTIMEFORMAT=%F %T LD_LIBRARY_PATH=/cc_ws/tros_ws/install/lib:${LD_LIBRARY_PATH} PYTHONPATH=/cc_ws/tros_ws/install/local/lib/python3.10/dist-packages:/cc_ws/tros_ws/install/lib/python3.10/site-packages:${PYTHONPATH} /usr/bin/cmake /cc_ws/tros_ws/src/box/hobot_sensor/hobot_mipi_cam -DCMAKE_EXPORT_COMPILE_COMMANDS=ON --no-warn-unused-cli -DCMAKE_TOOLCHAIN_FILE=/cc_ws/tros_ws/robot_dev_config/aarch64_toolchainfile.cmake -DPLATFORM_X5=ON -DTHIRDPARTY=ON -DBUILD_TESTING=OFF -DCMAKE_BUILD_RPATH=/cc_ws/tros_ws/build/poco_vendor/poco_external_project_install/lib/;/cc_ws/tros_ws/build/libyaml_vendor/libyaml_install/lib/ -DCMAKE_INSTALL_PREFIX=/cc_ws/tros_ws/install
[0.915s] Invoking command in '/cc_ws/tros_ws/build/mipi_cam': AMENT_PREFIX_PATH=/cc_ws/tros_ws/install:${AMENT_PREFIX_PATH} CMAKE_PREFIX_PATH=/cc_ws/tros_ws/install:/opt/ros/humble HISTTIMEFORMAT=%F %T LD_LIBRARY_PATH=/cc_ws/tros_ws/install/lib:${LD_LIBRARY_PATH} PYTHONPATH=/cc_ws/tros_ws/install/local/lib/python3.10/dist-packages:/cc_ws/tros_ws/install/lib/python3.10/site-packages:${PYTHONPATH} /usr/bin/cmake --build /cc_ws/tros_ws/build/mipi_cam -- -j12 -l12
[0.951s] [35m[1mConsolidate compiler generated dependencies of target mipi_cam_plugin[0m
[0.979s] [ 13%] [32mBuilding CXX object CMakeFiles/mipi_cam_plugin.dir/src/hobot_mipi_node.cpp.o[0m
[0.980s] [ 13%] [32mBuilding CXX object CMakeFiles/mipi_cam_plugin.dir/src/camera.cpp.o[0m
[0.980s] [ 20%] [32mBuilding CXX object CMakeFiles/mipi_cam_plugin.dir/src/hobot_mipi_cam.cpp.o[0m
[0.983s] [ 26%] [32mBuilding CXX object CMakeFiles/mipi_cam_plugin.dir/src/x5/hobot_mipi_cap_iml.cpp.o[0m
[0.983s] [ 40%] [32mBuilding C object CMakeFiles/mipi_cam_plugin.dir/src/x5/sensor/imx477_linear_1920x1080_raw12_50fps_2lane.c.o[0m
[0.983s] [ 40%] [32mBuilding C object CMakeFiles/mipi_cam_plugin.dir/src/x5/sensor/sc230ai_linear_1920x1080_raw10_30fps_1lane.c.o[0m
[0.983s] [ 46%] [32mBuilding C object CMakeFiles/mipi_cam_plugin.dir/src/x5/sensor/ov5647_linear_1920x1080_raw10_30fps_2lane.c.o[0m
[0.983s] [ 53%] [32mBuilding C object CMakeFiles/mipi_cam_plugin.dir/src/x5/sensor/imx415_linear_3840x2160_raw10_30fps_2lane.c.o[0m
[0.983s] [ 60%] [32mBuilding C object CMakeFiles/mipi_cam_plugin.dir/src/x5/sensor/sc132gs_linear_1088x1280_raw10_30fps_1lane.c.o[0m
[0.983s] [ 66%] [32mBuilding CXX object CMakeFiles/mipi_cam_plugin.dir/src/x5/hobot_mipi_factory.cpp.o[0m
[0.984s] [ 73%] [32mBuilding C object CMakeFiles/mipi_cam_plugin.dir/src/x5/sensor/imx219_linear_1920x1080_raw10_30fps_2lane.c.o[0m
[0.985s] [ 80%] [32mBuilding C object CMakeFiles/mipi_cam_plugin.dir/src/x5/sensor/vp_sensors.c.o[0m
[17.555s] [ 86%] [32m[1mLinking CXX shared library libmipi_cam_plugin.so[0m
[17.840s] [ 86%] Built target mipi_cam_plugin
[17.849s] [35m[1mConsolidate compiler generated dependencies of target mipi_cam[0m
[17.865s] [ 93%] [32m[1mLinking CXX executable mipi_cam[0m
[17.996s] [100%] Built target mipi_cam
[18.005s] Invoked command in '/cc_ws/tros_ws/build/mipi_cam' returned '0': AMENT_PREFIX_PATH=/cc_ws/tros_ws/install:${AMENT_PREFIX_PATH} CMAKE_PREFIX_PATH=/cc_ws/tros_ws/install:/opt/ros/humble HISTTIMEFORMAT=%F %T LD_LIBRARY_PATH=/cc_ws/tros_ws/install/lib:${LD_LIBRARY_PATH} PYTHONPATH=/cc_ws/tros_ws/install/local/lib/python3.10/dist-packages:/cc_ws/tros_ws/install/lib/python3.10/site-packages:${PYTHONPATH} /usr/bin/cmake --build /cc_ws/tros_ws/build/mipi_cam -- -j12 -l12
[18.046s] Invoking command in '/cc_ws/tros_ws/build/mipi_cam': AMENT_PREFIX_PATH=/cc_ws/tros_ws/install:${AMENT_PREFIX_PATH} CMAKE_PREFIX_PATH=/cc_ws/tros_ws/install:/opt/ros/humble HISTTIMEFORMAT=%F %T LD_LIBRARY_PATH=/cc_ws/tros_ws/install/lib:${LD_LIBRARY_PATH} PYTHONPATH=/cc_ws/tros_ws/install/local/lib/python3.10/dist-packages:/cc_ws/tros_ws/install/lib/python3.10/site-packages:${PYTHONPATH} /usr/bin/cmake --install /cc_ws/tros_ws/build/mipi_cam
[18.052s] -- Install configuration: "Release"
[18.053s] -- Installing: /cc_ws/tros_ws/install/lib/mipi_cam/mipi_cam
[18.053s] -- Set runtime path of "/cc_ws/tros_ws/install/lib/mipi_cam/mipi_cam" to ""
[18.054s] -- Up-to-date: /cc_ws/tros_ws/install/lib/mipi_cam/mipi_cam
[18.054s] -- Installing: /cc_ws/tros_ws/install/lib/libmipi_cam_plugin.so
[18.056s] -- Set runtime path of "/cc_ws/tros_ws/install/lib/libmipi_cam_plugin.so" to ""
[18.056s] -- Up-to-date: /cc_ws/tros_ws/install/lib/mipi_cam/config/
[18.057s] -- Installing: /cc_ws/tros_ws/install/lib/mipi_cam/config//SC230ai_dual_calibration.yaml
[18.057s] -- Installing: /cc_ws/tros_ws/install/lib/mipi_cam/config//sc132gs_calibration.yaml
[18.057s] -- Installing: /cc_ws/tros_ws/install/lib/mipi_cam/config//GC4663_calibration.yaml
[18.057s] -- Installing: /cc_ws/tros_ws/install/lib/mipi_cam/config//sc132gs_calibration_90.yaml
[18.057s] -- Installing: /cc_ws/tros_ws/install/lib/mipi_cam/config//SC132gs_dual_calibration.yaml
[18.057s] -- Installing: /cc_ws/tros_ws/install/lib/mipi_cam/config//F37_calibration.yaml
[18.057s] -- Up-to-date: /cc_ws/tros_ws/install/share/mipi_cam//launch
[18.057s] -- Installing: /cc_ws/tros_ws/install/share/mipi_cam//launch/mipi_cam.launch.py
[18.057s] -- Installing: /cc_ws/tros_ws/install/share/mipi_cam//launch/mipi_cam_topic_remap.launch.py
[18.057s] -- Installing: /cc_ws/tros_ws/install/share/mipi_cam//launch/mipi_cam_websocket.launch.py
[18.057s] -- Installing: /cc_ws/tros_ws/install/share/mipi_cam//launch/mipi_cam_dual_channel.launch.py
[18.058s] -- Installing: /cc_ws/tros_ws/install/share/mipi_cam//launch/mipi_cam_1920x1080_bgr8.launch.py
[18.058s] -- Installing: /cc_ws/tros_ws/install/share/mipi_cam//launch/mipi_cam_dual_channel_websocket.launch.py
[18.058s] -- Installing: /cc_ws/tros_ws/install/share/mipi_cam//launch/mipi_cam_640x480_bgr8_hbmem.launch.py
[18.058s] -- Installing: /cc_ws/tros_ws/install/share/mipi_cam//launch/mipi_cam_640x480_bgr8.launch.py
[18.058s] -- Installing: /cc_ws/tros_ws/install/share/mipi_cam//launch/mipi_cam_640x480_nv12_hbmem.launch.py
[18.058s] -- Installing: /cc_ws/tros_ws/install/share/mipi_cam//launch/mipi_cam_1920x1080_nv12_hbmem.launch.py
[18.059s] -- Installing: /cc_ws/tros_ws/install/share/mipi_cam//launch/mipi_cam_1920x1080_bgr8_hbmem.launch.py
[18.059s] -- Up-to-date: /cc_ws/tros_ws/install/share/ament_index/resource_index/package_run_dependencies/mipi_cam
[18.059s] -- Up-to-date: /cc_ws/tros_ws/install/share/ament_index/resource_index/parent_prefix_path/mipi_cam
[18.059s] -- Up-to-date: /cc_ws/tros_ws/install/share/mipi_cam/environment/ament_prefix_path.sh
[18.059s] -- Installing: /cc_ws/tros_ws/install/share/mipi_cam/environment/ament_prefix_path.dsv
[18.059s] -- Up-to-date: /cc_ws/tros_ws/install/share/mipi_cam/environment/path.sh
[18.059s] -- Installing: /cc_ws/tros_ws/install/share/mipi_cam/environment/path.dsv
[18.059s] -- Up-to-date: /cc_ws/tros_ws/install/share/mipi_cam/local_setup.bash
[18.059s] -- Up-to-date: /cc_ws/tros_ws/install/share/mipi_cam/local_setup.sh
[18.060s] -- Up-to-date: /cc_ws/tros_ws/install/share/mipi_cam/local_setup.zsh
[18.060s] -- Installing: /cc_ws/tros_ws/install/share/mipi_cam/local_setup.dsv
[18.060s] -- Installing: /cc_ws/tros_ws/install/share/mipi_cam/package.dsv
[18.060s] -- Up-to-date: /cc_ws/tros_ws/install/share/ament_index/resource_index/packages/mipi_cam
[18.060s] -- Up-to-date: /cc_ws/tros_ws/install/share/ament_index/resource_index/rclcpp_components/mipi_cam
[18.060s] -- Up-to-date: /cc_ws/tros_ws/install/share/mipi_cam/cmake/mipi_camConfig.cmake
[18.060s] -- Up-to-date: /cc_ws/tros_ws/install/share/mipi_cam/cmake/mipi_camConfig-version.cmake
[18.060s] -- Installing: /cc_ws/tros_ws/install/share/mipi_cam/package.xml
[18.062s] Invoked command in '/cc_ws/tros_ws/build/mipi_cam' returned '0': AMENT_PREFIX_PATH=/cc_ws/tros_ws/install:${AMENT_PREFIX_PATH} CMAKE_PREFIX_PATH=/cc_ws/tros_ws/install:/opt/ros/humble HISTTIMEFORMAT=%F %T LD_LIBRARY_PATH=/cc_ws/tros_ws/install/lib:${LD_LIBRARY_PATH} PYTHONPATH=/cc_ws/tros_ws/install/local/lib/python3.10/dist-packages:/cc_ws/tros_ws/install/lib/python3.10/site-packages:${PYTHONPATH} /usr/bin/cmake --install /cc_ws/tros_ws/build/mipi_cam
