[0.032s] Invoking command in '/cc_ws/tros_ws/build/imu_sensor': CMAKE_PREFIX_PATH=/opt/ros/humble /usr/bin/cmake /cc_ws/tros_ws/src/box/hobot_sensor/hobot_imu_sensor -DCMAKE_EXPORT_COMPILE_COMMANDS=ON --no-warn-unused-cli -DCMAKE_TOOLCHAIN_FILE=/cc_ws/tros_ws/robot_dev_config/aarch64_toolchainfile.cmake -DPLATFORM_X5=ON -DTHIRDPARTY=ON -DBUILD_TESTING=OFF -DCMAKE_BUILD_RPATH=/cc_ws/tros_ws/build/poco_vendor/poco_external_project_install/lib/;/cc_ws/tros_ws/build/libyaml_vendor/libyaml_install/lib/ -DCMAKE_INSTALL_PREFIX=/cc_ws/tros_ws/install
[8.970s] [33mCMake Warning (dev) at /opt/ros/humble/share/ament_cmake_test/cmake/ament_cmake_test-extras.cmake:19 (option):
[8.970s]   Policy CMP0077 is not set: option() honors normal variables.  Run "cmake
[8.970s]   --help-policy CMP0077" for policy details.  Use the cmake_policy command to
[8.971s]   set the policy and suppress this warning.
[8.993s] 
[8.993s]   For compatibility with older versions of CMake, option is clearing the
[8.993s]   normal variable 'BUILD_TESTING'.
[8.994s] Call Stack (most recent call first):
[8.994s]   /opt/ros/humble/share/ament_cmake_test/cmake/ament_cmake_testConfig.cmake:41 (include)
[8.994s]   /opt/ros/humble/share/ament_cmake/cmake/ament_cmake_export_dependencies-extras.cmake:21 (find_package)
[8.994s]   /opt/ros/humble/share/ament_cmake/cmake/ament_cmakeConfig.cmake:41 (include)
[8.994s]   /opt/ros/humble/share/ament_cmake_auto/cmake/ament_cmake_auto-extras.cmake:17 (find_package)
[8.994s]   /opt/ros/humble/share/ament_cmake_auto/cmake/ament_cmake_autoConfig.cmake:41 (include)
[8.995s]   CMakeLists.txt:28 (find_package)
[8.995s] This warning is for project developers.  Use -Wno-dev to suppress it.
[8.995s] [0m
[9.113s] Not searching for unused variables given on the command line.
[9.113s] -- The C compiler identification is GNU 11.4.0
[9.113s] -- The CXX compiler identification is GNU 11.4.0
[9.113s] -- Detecting C compiler ABI info
[9.113s] -- Detecting C compiler ABI info - done
[9.114s] -- Check for working C compiler: /usr/bin/aarch64-linux-gnu-gcc - skipped
[9.114s] -- Detecting C compile features
[9.114s] -- Detecting C compile features - done
[9.114s] -- Detecting CXX compiler ABI info
[9.114s] -- Detecting CXX compiler ABI info - done
[9.115s] -- Check for working CXX compiler: /usr/bin/aarch64-linux-gnu-g++ - skipped
[9.115s] -- Detecting CXX compile features
[9.115s] -- Detecting CXX compile features - done
[9.115s] -- Found ament_cmake_auto: 1.3.8 (/opt/ros/humble/share/ament_cmake_auto/cmake)
[9.116s] -- Found Python3: /usr/bin/python3 (found version "3.10.12") found components: Interpreter 
[9.116s] -- Found rosidl_generator_c: 3.1.5 (/opt/ros/humble/share/rosidl_generator_c/cmake)
[9.116s] -- Found rosidl_adapter: 3.1.5 (/opt/ros/humble/share/rosidl_adapter/cmake)
[9.117s] -- Found rosidl_generator_cpp: 3.1.5 (/opt/ros/humble/share/rosidl_generator_cpp/cmake)
[9.117s] -- Using all available rosidl_typesupport_c: rosidl_typesupport_fastrtps_c;rosidl_typesupport_introspection_c
[9.117s] -- Using all available rosidl_typesupport_cpp: rosidl_typesupport_fastrtps_cpp;rosidl_typesupport_introspection_cpp
[9.117s] -- Found rmw_implementation_cmake: 6.1.1 (/opt/ros/humble/share/rmw_implementation_cmake/cmake)
[9.118s] -- Found rmw_fastrtps_cpp: 6.2.6 (/opt/ros/humble/share/rmw_fastrtps_cpp/cmake)
[9.118s] -- Found OpenSSL: /cc_ws/tros_ws/robot_dev_config/../../sysroot_docker/usr/lib/aarch64-linux-gnu/libcrypto.so (found version "3.0.2")  
[9.118s] -- Found FastRTPS: /opt/ros/humble/include  
[9.118s] -- Using RMW implementation 'rmw_fastrtps_cpp' as default
[9.118s] -- Looking for pthread.h
[9.118s] -- Looking for pthread.h - found
[9.119s] -- Performing Test CMAKE_HAVE_LIBC_PTHREAD
[9.119s] -- Performing Test CMAKE_HAVE_LIBC_PTHREAD - Success
[9.119s] -- Found Threads: TRUE  
[9.119s] -- Configuring done
[9.120s] -- Generating done
[9.120s] -- Build files have been written to: /cc_ws/tros_ws/build/imu_sensor
[9.132s] Invoked command in '/cc_ws/tros_ws/build/imu_sensor' returned '0': CMAKE_PREFIX_PATH=/opt/ros/humble /usr/bin/cmake /cc_ws/tros_ws/src/box/hobot_sensor/hobot_imu_sensor -DCMAKE_EXPORT_COMPILE_COMMANDS=ON --no-warn-unused-cli -DCMAKE_TOOLCHAIN_FILE=/cc_ws/tros_ws/robot_dev_config/aarch64_toolchainfile.cmake -DPLATFORM_X5=ON -DTHIRDPARTY=ON -DBUILD_TESTING=OFF -DCMAKE_BUILD_RPATH=/cc_ws/tros_ws/build/poco_vendor/poco_external_project_install/lib/;/cc_ws/tros_ws/build/libyaml_vendor/libyaml_install/lib/ -DCMAKE_INSTALL_PREFIX=/cc_ws/tros_ws/install
[9.132s] Invoking command in '/cc_ws/tros_ws/build/imu_sensor': CMAKE_PREFIX_PATH=/opt/ros/humble /usr/bin/cmake --build /cc_ws/tros_ws/build/imu_sensor -- -j12 -l12
[45.522s] [ 20%] [32mBuilding CXX object CMakeFiles/bmi088.dir/src/sensors/bmi088/event_device.cpp.o[0m
[45.524s] [ 40%] [32m[1mLinking CXX shared library libbmi088.so[0m
[45.524s] [ 40%] Built target bmi088
[45.524s] [ 60%] [32mBuilding CXX object CMakeFiles/imu_sensor.dir/src/imu_node.cpp.o[0m
[45.525s] [ 80%] [32mBuilding CXX object CMakeFiles/imu_sensor.dir/src/sensors/bmi088/event_device.cpp.o[0m
[45.525s] [100%] [32m[1mLinking CXX executable imu_sensor[0m
[45.525s] [100%] Built target imu_sensor
[45.575s] Invoked command in '/cc_ws/tros_ws/build/imu_sensor' returned '0': CMAKE_PREFIX_PATH=/opt/ros/humble /usr/bin/cmake --build /cc_ws/tros_ws/build/imu_sensor -- -j12 -l12
[45.624s] Invoking command in '/cc_ws/tros_ws/build/imu_sensor': CMAKE_PREFIX_PATH=/opt/ros/humble /usr/bin/cmake --install /cc_ws/tros_ws/build/imu_sensor
[57.377s] -- Install configuration: ""
[57.378s] -- Installing: /cc_ws/tros_ws/install/lib/imu_sensor/imu_sensor
[57.378s] -- Set runtime path of "/cc_ws/tros_ws/install/lib/imu_sensor/imu_sensor" to ""
[57.378s] -- Installing: /cc_ws/tros_ws/install/lib/imu_sensor/libbmi088.so
[57.378s] -- Set runtime path of "/cc_ws/tros_ws/install/lib/imu_sensor/libbmi088.so" to ""
[57.378s] -- Installing: /cc_ws/tros_ws/install/lib/imu_sensor/config/
[57.379s] -- Installing: /cc_ws/tros_ws/install/lib/imu_sensor/config//bmi088.yaml
[57.379s] -- Installing: /cc_ws/tros_ws/install/share/imu_sensor//launch
[57.379s] -- Installing: /cc_ws/tros_ws/install/share/imu_sensor//launch/imu_sensor.launch.py
[57.379s] -- Installing: /cc_ws/tros_ws/install/share/ament_index/resource_index/package_run_dependencies/imu_sensor
[57.380s] -- Installing: /cc_ws/tros_ws/install/share/ament_index/resource_index/parent_prefix_path/imu_sensor
[57.380s] -- Installing: /cc_ws/tros_ws/install/share/imu_sensor/environment/ament_prefix_path.sh
[57.380s] -- Installing: /cc_ws/tros_ws/install/share/imu_sensor/environment/ament_prefix_path.dsv
[57.381s] -- Installing: /cc_ws/tros_ws/install/share/imu_sensor/environment/path.sh
[57.381s] -- Installing: /cc_ws/tros_ws/install/share/imu_sensor/environment/path.dsv
[57.381s] -- Installing: /cc_ws/tros_ws/install/share/imu_sensor/local_setup.bash
[57.381s] -- Installing: /cc_ws/tros_ws/install/share/imu_sensor/local_setup.sh
[57.381s] -- Installing: /cc_ws/tros_ws/install/share/imu_sensor/local_setup.zsh
[57.382s] -- Installing: /cc_ws/tros_ws/install/share/imu_sensor/local_setup.dsv
[57.382s] -- Installing: /cc_ws/tros_ws/install/share/imu_sensor/package.dsv
[57.382s] -- Installing: /cc_ws/tros_ws/install/share/ament_index/resource_index/packages/imu_sensor
[57.382s] -- Installing: /cc_ws/tros_ws/install/share/imu_sensor/cmake/imu_sensorConfig.cmake
[57.382s] -- Installing: /cc_ws/tros_ws/install/share/imu_sensor/cmake/imu_sensorConfig-version.cmake
[57.383s] -- Installing: /cc_ws/tros_ws/install/share/imu_sensor/package.xml
[57.432s] Invoked command in '/cc_ws/tros_ws/build/imu_sensor' returned '0': CMAKE_PREFIX_PATH=/opt/ros/humble /usr/bin/cmake --install /cc_ws/tros_ws/build/imu_sensor
