Not searching for unused variables given on the command line.
-- Found ament_cmake: 1.3.8 (/opt/ros/humble/share/ament_cmake/cmake)
-- Found rclcpp: 16.0.8 (/opt/ros/humble/share/rclcpp/cmake)
-- Found rosidl_generator_c: 3.1.5 (/opt/ros/humble/share/rosidl_generator_c/cmake)
-- Found rosidl_adapter: 3.1.5 (/opt/ros/humble/share/rosidl_adapter/cmake)
-- Found rosidl_generator_cpp: 3.1.5 (/opt/ros/humble/share/rosidl_generator_cpp/cmake)
-- Using all available rosidl_typesupport_c: rosidl_typesupport_fastrtps_c;rosidl_typesupport_introspection_c
-- Using all available rosidl_typesupport_cpp: rosidl_typesupport_fastrtps_cpp;rosidl_typesupport_introspection_cpp
-- Found rmw_implementation_cmake: 6.1.1 (/opt/ros/humble/share/rmw_implementation_cmake/cmake)
-- Found rmw_fastrtps_cpp: 6.2.6 (/opt/ros/humble/share/rmw_fastrtps_cpp/cmake)
-- Using RMW implementation 'rmw_fastrtps_cpp' as default
-- Found ai_msgs: 2.0.1 (/cc_ws/tros_ws/robot_dev_config/../install/share/ai_msgs/cmake)
-- Found dnn_node: 2.5.4 (/cc_ws/tros_ws/robot_dev_config/../install/share/dnn_node/cmake)
-- Found hbm_img_msgs: 2.0.0 (/cc_ws/tros_ws/robot_dev_config/../install/share/hbm_img_msgs/cmake)
-- Configuring done
-- Generating done
-- Build files have been written to: /cc_ws/tros_ws/build/mono3d_indoor_detection
[35m[1mConsolidate compiler generated dependencies of target mono3d_indoor_detection[0m
[35m[1mConsolidate compiler generated dependencies of target image_publisher[0m
[ 33%] Built target image_publisher
[100%] Built target mono3d_indoor_detection
-- Install configuration: ""
-- Up-to-date: /cc_ws/tros_ws/install/lib/mono3d_indoor_detection/mono3d_indoor_detection
-- Up-to-date: /cc_ws/tros_ws/install/lib/mono3d_indoor_detection/image_publisher
-- Up-to-date: /cc_ws/tros_ws/install/lib/mono3d_indoor_detection/config/
-- Up-to-date: /cc_ws/tros_ws/install/lib/mono3d_indoor_detection/config//centernet.hbm
-- Up-to-date: /cc_ws/tros_ws/install/lib/mono3d_indoor_detection/config//images
-- Up-to-date: /cc_ws/tros_ws/install/lib/mono3d_indoor_detection/config//images/3d_detection.png
-- Up-to-date: /cc_ws/tros_ws/install/lib/mono3d_indoor_detection/config/centernet.yaml
-- Up-to-date: /cc_ws/tros_ws/install/share/mono3d_indoor_detection/launch
-- Up-to-date: /cc_ws/tros_ws/install/share/mono3d_indoor_detection/launch/mono3d_indoor_detection_pipeline.launch.py
-- Up-to-date: /cc_ws/tros_ws/install/share/mono3d_indoor_detection/launch/mono3d_indoor_detection.launch.py
-- Up-to-date: /cc_ws/tros_ws/install/share/ament_index/resource_index/package_run_dependencies/mono3d_indoor_detection
-- Up-to-date: /cc_ws/tros_ws/install/share/ament_index/resource_index/parent_prefix_path/mono3d_indoor_detection
-- Up-to-date: /cc_ws/tros_ws/install/share/mono3d_indoor_detection/environment/ament_prefix_path.sh
-- Installing: /cc_ws/tros_ws/install/share/mono3d_indoor_detection/environment/ament_prefix_path.dsv
-- Up-to-date: /cc_ws/tros_ws/install/share/mono3d_indoor_detection/environment/path.sh
-- Installing: /cc_ws/tros_ws/install/share/mono3d_indoor_detection/environment/path.dsv
-- Up-to-date: /cc_ws/tros_ws/install/share/mono3d_indoor_detection/local_setup.bash
-- Up-to-date: /cc_ws/tros_ws/install/share/mono3d_indoor_detection/local_setup.sh
-- Up-to-date: /cc_ws/tros_ws/install/share/mono3d_indoor_detection/local_setup.zsh
-- Installing: /cc_ws/tros_ws/install/share/mono3d_indoor_detection/local_setup.dsv
-- Installing: /cc_ws/tros_ws/install/share/mono3d_indoor_detection/package.dsv
-- Up-to-date: /cc_ws/tros_ws/install/share/ament_index/resource_index/packages/mono3d_indoor_detection
-- Up-to-date: /cc_ws/tros_ws/install/share/mono3d_indoor_detection/cmake/mono3d_indoor_detectionConfig.cmake
-- Up-to-date: /cc_ws/tros_ws/install/share/mono3d_indoor_detection/cmake/mono3d_indoor_detectionConfig-version.cmake
-- Up-to-date: /cc_ws/tros_ws/install/share/mono3d_indoor_detection/package.xml
