Not searching for unused variables given on the command line.
-- Found ament_cmake: 1.3.8 (/opt/ros/humble/share/ament_cmake/cmake)
-- Found rclcpp: 16.0.8 (/opt/ros/humble/share/rclcpp/cmake)
-- Found rosidl_generator_c: 3.1.5 (/opt/ros/humble/share/rosidl_generator_c/cmake)
-- Found rosidl_adapter: 3.1.5 (/opt/ros/humble/share/rosidl_adapter/cmake)
-- Found rosidl_generator_cpp: 3.1.5 (/opt/ros/humble/share/rosidl_generator_cpp/cmake)
-- Using all available rosidl_typesupport_c: rosidl_typesupport_fastrtps_c;rosidl_typesupport_introspection_c
-- Using all available rosidl_typesupport_cpp: rosidl_typesupport_fastrtps_cpp;rosidl_typesupport_introspection_cpp
-- Found rmw_implementation_cmake: 6.1.1 (/opt/ros/humble/share/rmw_implementation_cmake/cmake)
-- Found rmw_fastrtps_cpp: 6.2.6 (/opt/ros/humble/share/rmw_fastrtps_cpp/cmake)
-- Using RMW implementation 'rmw_fastrtps_cpp' as default
-- Found ai_msgs: 2.0.1 (/cc_ws/tros_ws/robot_dev_config/../install/share/ai_msgs/cmake)
-- Found cv_bridge: 3.2.1 (/opt/ros/humble/share/cv_bridge/cmake)
-- Found dnn_node: 2.5.4 (/cc_ws/tros_ws/robot_dev_config/../install/share/dnn_node/cmake)
-- Found hbm_img_msgs: 2.0.0 (/cc_ws/tros_ws/robot_dev_config/../install/share/hbm_img_msgs/cmake)
-- Configuring done
-- Generating done
-- Build files have been written to: /cc_ws/tros_ws/build/mono_mobilesam
[35m[1mConsolidate compiler generated dependencies of target mono_mobilesam[0m
[100%] Built target mono_mobilesam
-- Install configuration: ""
-- Up-to-date: /cc_ws/tros_ws/install/lib/mono_mobilesam/mono_mobilesam
-- Up-to-date: /cc_ws/tros_ws/install/lib/mono_mobilesam/config/
-- Up-to-date: /cc_ws/tros_ws/install/lib/mono_mobilesam/config//mobilesam_encoder_384.bin
-- Up-to-date: /cc_ws/tros_ws/install/lib/mono_mobilesam/config//mobilesam_decoder_384.bin
-- Up-to-date: /cc_ws/tros_ws/install/lib/mono_mobilesam/config/00131.jpg
-- Up-to-date: /cc_ws/tros_ws/install/share/mono_mobilesam/launch
-- Up-to-date: /cc_ws/tros_ws/install/share/mono_mobilesam/launch/sam.launch.py
-- Up-to-date: /cc_ws/tros_ws/install/share/mono_mobilesam/launch/sam_with_yolo_world.launch.py
-- Up-to-date: /cc_ws/tros_ws/install/share/ament_index/resource_index/package_run_dependencies/mono_mobilesam
-- Up-to-date: /cc_ws/tros_ws/install/share/ament_index/resource_index/parent_prefix_path/mono_mobilesam
-- Up-to-date: /cc_ws/tros_ws/install/share/mono_mobilesam/environment/ament_prefix_path.sh
-- Installing: /cc_ws/tros_ws/install/share/mono_mobilesam/environment/ament_prefix_path.dsv
-- Up-to-date: /cc_ws/tros_ws/install/share/mono_mobilesam/environment/path.sh
-- Installing: /cc_ws/tros_ws/install/share/mono_mobilesam/environment/path.dsv
-- Up-to-date: /cc_ws/tros_ws/install/share/mono_mobilesam/local_setup.bash
-- Up-to-date: /cc_ws/tros_ws/install/share/mono_mobilesam/local_setup.sh
-- Up-to-date: /cc_ws/tros_ws/install/share/mono_mobilesam/local_setup.zsh
-- Installing: /cc_ws/tros_ws/install/share/mono_mobilesam/local_setup.dsv
-- Installing: /cc_ws/tros_ws/install/share/mono_mobilesam/package.dsv
-- Up-to-date: /cc_ws/tros_ws/install/share/ament_index/resource_index/packages/mono_mobilesam
-- Up-to-date: /cc_ws/tros_ws/install/share/mono_mobilesam/cmake/mono_mobilesamConfig.cmake
-- Up-to-date: /cc_ws/tros_ws/install/share/mono_mobilesam/cmake/mono_mobilesamConfig-version.cmake
-- Up-to-date: /cc_ws/tros_ws/install/share/mono_mobilesam/package.xml
