[0.685s] Invoking command in '/cc_ws/tros_ws/build/reid': AMENT_PREFIX_PATH=/cc_ws/tros_ws/install:${AMENT_PREFIX_PATH} CMAKE_PREFIX_PATH=/cc_ws/tros_ws/install:/opt/ros/humble LD_LIBRARY_PATH=/cc_ws/tros_ws/install/lib:/opt/ros/humble/opt/rviz_ogre_vendor/lib:/opt/ros/humble/lib/aarch64-linux-gnu:/opt/ros/humble/lib:/cc_ws/userdata/hobot/opt/hobot/deps PYTHONPATH=/cc_ws/tros_ws/install/lib/python3.10/site-packages:/cc_ws/tros_ws/install/local/lib/python3.10/dist-packages:${PYTHONPATH} /usr/bin/cmake /cc_ws/tros_ws/src/box/hobot_perception/reid -DCMAKE_EXPORT_COMPILE_COMMANDS=ON --no-warn-unused-cli -DCMAKE_TOOLCHAIN_FILE=/cc_ws/tros_ws/robot_dev_config/aarch64_toolchainfile.cmake -DPLATFORM_X5=ON -DTHIRDPARTY=ON -DBUILD_TESTING=OFF -DCMAKE_BUILD_RPATH=/cc_ws/tros_ws/build/poco_vendor/poco_external_project_install/lib/;/cc_ws/tros_ws/build/libyaml_vendor/libyaml_install/lib/ -DCMAKE_INSTALL_PREFIX=/cc_ws/tros_ws/install
[1.824s] Not searching for unused variables given on the command line.
[1.824s] -- Found ament_cmake: 1.3.8 (/opt/ros/humble/share/ament_cmake/cmake)
[1.824s] -- Found rclcpp: 16.0.8 (/opt/ros/humble/share/rclcpp/cmake)
[1.825s] [33mCMake Warning (dev) at /opt/ros/humble/share/ament_cmake_test/cmake/ament_cmake_test-extras.cmake:19 (option):
[1.825s]   Policy CMP0077 is not set: option() honors normal variables.  Run "cmake
[1.825s]   --help-policy CMP0077" for policy details.  Use the cmake_policy command to
[1.826s]   set the policy and suppress this warning.
[1.826s] 
[1.826s]   For compatibility with older versions of CMake, option is clearing the
[1.826s]   normal variable 'BUILD_TESTING'.
[1.827s] Call Stack (most recent call first):
[1.827s]   /opt/ros/humble/share/ament_cmake_test/cmake/ament_cmake_testConfig.cmake:41 (include)
[1.827s]   /opt/ros/humble/share/ament_cmake/cmake/ament_cmake_export_dependencies-extras.cmake:21 (find_package)
[1.827s]   /opt/ros/humble/share/ament_cmake/cmake/ament_cmakeConfig.cmake:41 (include)
[1.828s]   CMakeLists.txt:33 (find_package)
[1.828s] This warning is for project developers.  Use -Wno-dev to suppress it.
[1.828s] [0m
[2.006s] -- Found rosidl_generator_c: 3.1.5 (/opt/ros/humble/share/rosidl_generator_c/cmake)
[2.027s] -- Found rosidl_adapter: 3.1.5 (/opt/ros/humble/share/rosidl_adapter/cmake)
[2.077s] -- Found rosidl_generator_cpp: 3.1.5 (/opt/ros/humble/share/rosidl_generator_cpp/cmake)
[2.164s] -- Using all available rosidl_typesupport_c: rosidl_typesupport_fastrtps_c;rosidl_typesupport_introspection_c
[2.254s] -- Using all available rosidl_typesupport_cpp: rosidl_typesupport_fastrtps_cpp;rosidl_typesupport_introspection_cpp
[2.578s] -- Found rmw_implementation_cmake: 6.1.1 (/opt/ros/humble/share/rmw_implementation_cmake/cmake)
[2.583s] -- Found rmw_fastrtps_cpp: 6.2.6 (/opt/ros/humble/share/rmw_fastrtps_cpp/cmake)
[3.112s] -- Using RMW implementation 'rmw_fastrtps_cpp' as default
[3.848s] -- Found sensor_msgs: 4.2.3 (/opt/ros/humble/share/sensor_msgs/cmake)
[4.334s] -- Found ai_msgs: 2.0.1 (/cc_ws/tros_ws/robot_dev_config/../install/share/ai_msgs/cmake)
[4.644s] -- Found dnn_node: 2.5.4 (/cc_ws/tros_ws/robot_dev_config/../install/share/dnn_node/cmake)
[4.679s] -- Found hbm_img_msgs: 2.0.0 (/cc_ws/tros_ws/robot_dev_config/../install/share/hbm_img_msgs/cmake)
[4.834s] [0mbuild platform X5[0m
[4.837s] [0mCMAKE_SYSROOT is /cc_ws/tros_ws/robot_dev_config/../../sysroot_docker[0m
[5.306s] -- Configuring done
[5.410s] -- Generating done
[5.415s] -- Build files have been written to: /cc_ws/tros_ws/build/reid
[5.456s] Invoked command in '/cc_ws/tros_ws/build/reid' returned '0': AMENT_PREFIX_PATH=/cc_ws/tros_ws/install:${AMENT_PREFIX_PATH} CMAKE_PREFIX_PATH=/cc_ws/tros_ws/install:/opt/ros/humble LD_LIBRARY_PATH=/cc_ws/tros_ws/install/lib:/opt/ros/humble/opt/rviz_ogre_vendor/lib:/opt/ros/humble/lib/aarch64-linux-gnu:/opt/ros/humble/lib:/cc_ws/userdata/hobot/opt/hobot/deps PYTHONPATH=/cc_ws/tros_ws/install/lib/python3.10/site-packages:/cc_ws/tros_ws/install/local/lib/python3.10/dist-packages:${PYTHONPATH} /usr/bin/cmake /cc_ws/tros_ws/src/box/hobot_perception/reid -DCMAKE_EXPORT_COMPILE_COMMANDS=ON --no-warn-unused-cli -DCMAKE_TOOLCHAIN_FILE=/cc_ws/tros_ws/robot_dev_config/aarch64_toolchainfile.cmake -DPLATFORM_X5=ON -DTHIRDPARTY=ON -DBUILD_TESTING=OFF -DCMAKE_BUILD_RPATH=/cc_ws/tros_ws/build/poco_vendor/poco_external_project_install/lib/;/cc_ws/tros_ws/build/libyaml_vendor/libyaml_install/lib/ -DCMAKE_INSTALL_PREFIX=/cc_ws/tros_ws/install
[5.457s] Invoking command in '/cc_ws/tros_ws/build/reid': AMENT_PREFIX_PATH=/cc_ws/tros_ws/install:${AMENT_PREFIX_PATH} CMAKE_PREFIX_PATH=/cc_ws/tros_ws/install:/opt/ros/humble LD_LIBRARY_PATH=/cc_ws/tros_ws/install/lib:/opt/ros/humble/opt/rviz_ogre_vendor/lib:/opt/ros/humble/lib/aarch64-linux-gnu:/opt/ros/humble/lib:/cc_ws/userdata/hobot/opt/hobot/deps PYTHONPATH=/cc_ws/tros_ws/install/lib/python3.10/site-packages:/cc_ws/tros_ws/install/local/lib/python3.10/dist-packages:${PYTHONPATH} /usr/bin/cmake --build /cc_ws/tros_ws/build/reid -- -j12 -l12
[5.791s] [35m[1mConsolidate compiler generated dependencies of target reid[0m
[5.894s] [100%] Built target reid
[5.933s] Invoked command in '/cc_ws/tros_ws/build/reid' returned '0': AMENT_PREFIX_PATH=/cc_ws/tros_ws/install:${AMENT_PREFIX_PATH} CMAKE_PREFIX_PATH=/cc_ws/tros_ws/install:/opt/ros/humble LD_LIBRARY_PATH=/cc_ws/tros_ws/install/lib:/opt/ros/humble/opt/rviz_ogre_vendor/lib:/opt/ros/humble/lib/aarch64-linux-gnu:/opt/ros/humble/lib:/cc_ws/userdata/hobot/opt/hobot/deps PYTHONPATH=/cc_ws/tros_ws/install/lib/python3.10/site-packages:/cc_ws/tros_ws/install/local/lib/python3.10/dist-packages:${PYTHONPATH} /usr/bin/cmake --build /cc_ws/tros_ws/build/reid -- -j12 -l12
[6.137s] Invoking command in '/cc_ws/tros_ws/build/reid': AMENT_PREFIX_PATH=/cc_ws/tros_ws/install:${AMENT_PREFIX_PATH} CMAKE_PREFIX_PATH=/cc_ws/tros_ws/install:/opt/ros/humble LD_LIBRARY_PATH=/cc_ws/tros_ws/install/lib:/opt/ros/humble/opt/rviz_ogre_vendor/lib:/opt/ros/humble/lib/aarch64-linux-gnu:/opt/ros/humble/lib:/cc_ws/userdata/hobot/opt/hobot/deps PYTHONPATH=/cc_ws/tros_ws/install/lib/python3.10/site-packages:/cc_ws/tros_ws/install/local/lib/python3.10/dist-packages:${PYTHONPATH} /usr/bin/cmake --install /cc_ws/tros_ws/build/reid
[6.184s] -- Install configuration: ""
[6.184s] -- Up-to-date: /cc_ws/tros_ws/install/lib/reid/reid
[6.186s] -- Up-to-date: /cc_ws/tros_ws/install/lib/reid/config/
[6.186s] -- Up-to-date: /cc_ws/tros_ws/install/lib/reid/config//reid.bin
[6.187s] -- Up-to-date: /cc_ws/tros_ws/install/lib/reid/config/960x544.nv12
[6.188s] -- Up-to-date: /cc_ws/tros_ws/install/share/reid/launch
[6.188s] -- Up-to-date: /cc_ws/tros_ws/install/share/reid/launch/reid.launch.py
[6.189s] -- Up-to-date: /cc_ws/tros_ws/install/share/ament_index/resource_index/package_run_dependencies/reid
[6.190s] -- Up-to-date: /cc_ws/tros_ws/install/share/ament_index/resource_index/parent_prefix_path/reid
[6.190s] -- Up-to-date: /cc_ws/tros_ws/install/share/reid/environment/ament_prefix_path.sh
[6.191s] -- Installing: /cc_ws/tros_ws/install/share/reid/environment/ament_prefix_path.dsv
[6.192s] -- Up-to-date: /cc_ws/tros_ws/install/share/reid/environment/path.sh
[6.192s] -- Installing: /cc_ws/tros_ws/install/share/reid/environment/path.dsv
[6.193s] -- Up-to-date: /cc_ws/tros_ws/install/share/reid/local_setup.bash
[6.194s] -- Up-to-date: /cc_ws/tros_ws/install/share/reid/local_setup.sh
[6.194s] -- Up-to-date: /cc_ws/tros_ws/install/share/reid/local_setup.zsh
[6.195s] -- Installing: /cc_ws/tros_ws/install/share/reid/local_setup.dsv
[6.197s] -- Installing: /cc_ws/tros_ws/install/share/reid/package.dsv
[6.198s] -- Up-to-date: /cc_ws/tros_ws/install/share/ament_index/resource_index/packages/reid
[6.199s] -- Up-to-date: /cc_ws/tros_ws/install/share/reid/cmake/reidConfig.cmake
[6.199s] -- Up-to-date: /cc_ws/tros_ws/install/share/reid/cmake/reidConfig-version.cmake
[6.200s] -- Up-to-date: /cc_ws/tros_ws/install/share/reid/package.xml
[6.230s] Invoked command in '/cc_ws/tros_ws/build/reid' returned '0': AMENT_PREFIX_PATH=/cc_ws/tros_ws/install:${AMENT_PREFIX_PATH} CMAKE_PREFIX_PATH=/cc_ws/tros_ws/install:/opt/ros/humble LD_LIBRARY_PATH=/cc_ws/tros_ws/install/lib:/opt/ros/humble/opt/rviz_ogre_vendor/lib:/opt/ros/humble/lib/aarch64-linux-gnu:/opt/ros/humble/lib:/cc_ws/userdata/hobot/opt/hobot/deps PYTHONPATH=/cc_ws/tros_ws/install/lib/python3.10/site-packages:/cc_ws/tros_ws/install/local/lib/python3.10/dist-packages:${PYTHONPATH} /usr/bin/cmake --install /cc_ws/tros_ws/build/reid
