[33mCMake Warning (dev) at /opt/ros/humble/share/ament_cmake_test/cmake/ament_cmake_test-extras.cmake:19 (option):
  Policy CMP0077 is not set: option() honors normal variables.  Run "cmake
  --help-policy CMP0077" for policy details.  Use the cmake_policy command to
  set the policy and suppress this warning.

  For compatibility with older versions of CMake, option is clearing the
  normal variable 'BUILD_TESTING'.
Call Stack (most recent call first):
  /opt/ros/humble/share/ament_cmake_test/cmake/ament_cmake_testConfig.cmake:41 (include)
  /opt/ros/humble/share/ament_cmake/cmake/ament_cmake_export_dependencies-extras.cmake:21 (find_package)
  /opt/ros/humble/share/ament_cmake/cmake/ament_cmakeConfig.cmake:41 (include)
  CMakeLists.txt:19 (find_package)
This warning is for project developers.  Use -Wno-dev to suppress it.
[0m
[0minvalid platform, build platform X3 default[0m
[0mPREFIX_PATH is x3[0m
[0mSYS_ROOT is /cc_ws/tros_ws/robot_dev_config/../../sysroot_docker[0m
[0mhobot_cv_LIBRARIES is /cc_ws/tros_ws/install/lib/libhobot_cv.so[0m
[0mupdate HOBOTCV_LIB_INSTALL_PATH as /cc_ws/tros_ws/install/lib[0m
[0mHOBOTCV_LIB_INSTALL_PATH is /cc_ws/tros_ws/install/lib[0m
In file included from [01m[K/opt/ros/humble/include/rclcpp/rclcpp/logging.hpp:24[m[K,
                 from [01m[K/opt/ros/humble/include/rclcpp/rclcpp/client.hpp:40[m[K,
                 from [01m[K/opt/ros/humble/include/rclcpp/rclcpp/callback_group.hpp:24[m[K,
                 from [01m[K/opt/ros/humble/include/rclcpp/rclcpp/any_executable.hpp:20[m[K,
                 from [01m[K/opt/ros/humble/include/rclcpp/rclcpp/memory_strategy.hpp:25[m[K,
                 from [01m[K/opt/ros/humble/include/rclcpp/rclcpp/memory_strategies.hpp:18[m[K,
                 from [01m[K/opt/ros/humble/include/rclcpp/rclcpp/executor_options.hpp:20[m[K,
                 from [01m[K/opt/ros/humble/include/rclcpp/rclcpp/executor.hpp:37[m[K,
                 from [01m[K/opt/ros/humble/include/rclcpp/rclcpp/executors/multi_threaded_executor.hpp:25[m[K,
                 from [01m[K/opt/ros/humble/include/rclcpp/rclcpp/executors.hpp:21[m[K,
                 from [01m[K/opt/ros/humble/include/rclcpp/rclcpp/rclcpp.hpp:155[m[K,
                 from [01m[K/cc_ws/tros_ws/install/include/dnn_node/dnn_node_data.h:23[m[K,
                 from [01m[K/cc_ws/tros_ws/install/include/dnn_node/dnn_node.h:22[m[K,
                 from [01m[K/cc_ws/tros_ws/src/box/hobot_dnn/dnn_node_sample/src/sample.cpp:16[m[K:
[01m[K/cc_ws/tros_ws/src/box/hobot_dnn/dnn_node_sample/src/sample.cpp:[m[K In member function ‘[01m[Kvoid DNNNodeSample::FeedImg(hbm_img_msgs::msg::HbmMsg1080P_<std::allocator<void> >::ConstSharedPtr)[m[K’:
[01m[K/cc_ws/tros_ws/src/box/hobot_dnn/dnn_node_sample/src/sample.cpp:149:18:[m[K [01;35m[Kwarning: [m[Kformat ‘[01m[K%d[m[K’ expects argument of type ‘[01m[Kint[m[K’, but argument 5 has type ‘[01m[Kstd::array<unsigned char, 12>::const_pointer[m[K’ {aka ‘[01m[Kconst unsigned char*[m[K’} [[01;35m[K-Wformat=[m[K]
  149 |                  [01;35m[K"Only support nv12 img encoding! Using hobot codec to process "[m[K
      |                  [01;35m[K^~~~~~~~~~~~~~~~~~~~~~~~~~~~~~~~~~~~~~~~~~~~~~~~~~~~~~~~~~~~~~~[m[K
  150 | [01;35m[K                 "%d encoding img."[m[K,
      |                  [01;35m[K~~~~~~~~~~~~~~~~~~[m[K
  151 |                  [32m[Kimg_msg->encoding.data()[m[K);
      |                  [32m[K~~~~~~~~~~~~~~~~~~~~~~~~[m[K
      |                                        [32m[K|[m[K
      |                                        [32m[Kstd::array<unsigned char, 12>::const_pointer {aka const unsigned char*}[m[K
[01m[K/cc_ws/tros_ws/src/box/hobot_dnn/dnn_node_sample/src/sample.cpp:150:20:[m[K [01;36m[Knote: [m[Kformat string is defined here
  150 |                  "[01;36m[K%d[m[K encoding img.",
      |                   [01;36m[K~^[m[K
      |                    [01;36m[K|[m[K
      |                    [01;36m[Kint[m[K
      |                   [32m[K%hhn[m[K
In file included from [01m[K/opt/ros/humble/include/rclcpp/rclcpp/logging.hpp:24[m[K,
                 from [01m[K/opt/ros/humble/include/rclcpp/rclcpp/client.hpp:40[m[K,
                 from [01m[K/opt/ros/humble/include/rclcpp/rclcpp/callback_group.hpp:24[m[K,
                 from [01m[K/opt/ros/humble/include/rclcpp/rclcpp/any_executable.hpp:20[m[K,
                 from [01m[K/opt/ros/humble/include/rclcpp/rclcpp/memory_strategy.hpp:25[m[K,
                 from [01m[K/opt/ros/humble/include/rclcpp/rclcpp/memory_strategies.hpp:18[m[K,
                 from [01m[K/opt/ros/humble/include/rclcpp/rclcpp/executor_options.hpp:20[m[K,
                 from [01m[K/opt/ros/humble/include/rclcpp/rclcpp/executor.hpp:37[m[K,
                 from [01m[K/opt/ros/humble/include/rclcpp/rclcpp/executors/multi_threaded_executor.hpp:25[m[K,
                 from [01m[K/opt/ros/humble/include/rclcpp/rclcpp/executors.hpp:21[m[K,
                 from [01m[K/opt/ros/humble/include/rclcpp/rclcpp/rclcpp.hpp:155[m[K,
                 from [01m[K/cc_ws/tros_ws/install/include/dnn_node/dnn_node_data.h:23[m[K,
                 from [01m[K/cc_ws/tros_ws/install/include/dnn_node/dnn_node.h:22[m[K,
                 from [01m[K/cc_ws/tros_ws/src/box/hobot_dnn/dnn_node_sample/src/sample.cpp:16[m[K:
[01m[K/cc_ws/tros_ws/src/box/hobot_dnn/dnn_node_sample/src/sample.cpp:[m[K In member function ‘[01m[Kvirtual int DNNNodeSample::PostProcess(const std::shared_ptr<hobot::dnn_node::DnnNodeOutput>&)[m[K’:
[01m[K/cc_ws/tros_ws/src/box/hobot_dnn/dnn_node_sample/src/sample.cpp:307:19:[m[K [01;35m[Kwarning: [m[Kformat ‘[01m[K%d[m[K’ expects argument of type ‘[01m[Kint[m[K’, but argument 8 has type ‘[01m[Klong int[m[K’ [[01;35m[K-Wformat=[m[K]
  307 |                   [01;35m[K"input fps: %.2f, out fps: %.2f, infer time ms: %d, "[m[K
      |                   [01;35m[K^~~~~~~~~~~~~~~~~~~~~~~~~~~~~~~~~~~~~~~~~~~~~~~~~~~~~[m[K
  308 | [01;35m[K                  "post process time ms: %d"[m[K,
      |                   [01;35m[K~~~~~~~~~~~~~~~~~~~~~~~~~~[m[K
......
  312 |                   [32m[Kinterval[m[K);
      |                   [32m[K~~~~~~~~[m[K
      |                   [32m[K|[m[K
      |                   [32m[Klong int[m[K
[01m[K/cc_ws/tros_ws/src/box/hobot_dnn/dnn_node_sample/src/sample.cpp:308:43:[m[K [01;36m[Knote: [m[Kformat string is defined here
  308 |                   "post process time ms: [01;36m[K%d[m[K",
      |                                          [01;36m[K~^[m[K
      |                                           [01;36m[K|[m[K
      |                                           [01;36m[Kint[m[K
      |                                          [32m[K%ld[m[K
[01m[K/cc_ws/tros_ws/src/box/hobot_dnn/dnn_node_sample/src/parser.cpp:69:36:[m[K [01;35m[Kwarning: [m[Kmissing initializer for member ‘[01m[Khobot::dnn_node::dnn_node_sample::PTQYolo5Config::dequantize_scale[m[K’ [[01;35m[K-Wmissing-field-initializers[m[K]
   69 |      "hair drier",    "toothbrush"}[01;35m[K}[m[K;
      |                                    [01;35m[K^[m[K
