[0.328s] Invoking command in '/cc_ws/tros_ws/build/dnn_node_sample': AMENT_PREFIX_PATH=/cc_ws/tros_ws/install:${AMENT_PREFIX_PATH} CMAKE_PREFIX_PATH=/cc_ws/tros_ws/install:/opt/ros/humble LD_LIBRARY_PATH=/cc_ws/tros_ws/install/lib:/opt/ros/humble/opt/rviz_ogre_vendor/lib:/opt/ros/humble/lib/aarch64-linux-gnu:/opt/ros/humble/lib:/cc_ws/userdata/hobot/opt/hobot/deps PYTHONPATH=/cc_ws/tros_ws/install/lib/python3.10/site-packages:/cc_ws/tros_ws/install/local/lib/python3.10/dist-packages:${PYTHONPATH} /usr/bin/cmake /cc_ws/tros_ws/src/box/hobot_dnn/dnn_node_sample -DCMAKE_EXPORT_COMPILE_COMMANDS=ON --no-warn-unused-cli -DCMAKE_TOOLCHAIN_FILE=/cc_ws/tros_ws/robot_dev_config/aarch64_toolchainfile.cmake -DPLATFORM_X5=ON -DTHIRDPARTY=ON -DBUILD_TESTING=OFF -DCMAKE_BUILD_RPATH=/cc_ws/tros_ws/build/poco_vendor/poco_external_project_install/lib/;/cc_ws/tros_ws/build/libyaml_vendor/libyaml_install/lib/ -DCMAKE_INSTALL_PREFIX=/cc_ws/tros_ws/install
[8.013s] Not searching for unused variables given on the command line.
[8.014s] -- The C compiler identification is GNU 11.4.0
[8.014s] -- The CXX compiler identification is GNU 11.4.0
[8.014s] -- Detecting C compiler ABI info
[8.015s] -- Detecting C compiler ABI info - done
[8.015s] -- Check for working C compiler: /usr/bin/aarch64-linux-gnu-gcc - skipped
[8.015s] -- Detecting C compile features
[8.018s] -- Detecting C compile features - done
[8.019s] -- Detecting CXX compiler ABI info
[8.019s] -- Detecting CXX compiler ABI info - done
[8.019s] -- Check for working CXX compiler: /usr/bin/aarch64-linux-gnu-g++ - skipped
[8.019s] -- Detecting CXX compile features
[8.020s] -- Detecting CXX compile features - done
[8.020s] -- Found ament_cmake: 1.3.8 (/opt/ros/humble/share/ament_cmake/cmake)
[8.020s] -- Found Python3: /usr/bin/python3 (found version "3.10.12") found components: Interpreter 
[8.023s] -- Found rclcpp: 16.0.8 (/opt/ros/humble/share/rclcpp/cmake)
[8.024s] -- Found rosidl_generator_c: 3.1.5 (/opt/ros/humble/share/rosidl_generator_c/cmake)
[8.025s] -- Found rosidl_adapter: 3.1.5 (/opt/ros/humble/share/rosidl_adapter/cmake)
[8.025s] -- Found rosidl_generator_cpp: 3.1.5 (/opt/ros/humble/share/rosidl_generator_cpp/cmake)
[8.025s] -- Using all available rosidl_typesupport_c: rosidl_typesupport_fastrtps_c;rosidl_typesupport_introspection_c
[8.025s] -- Using all available rosidl_typesupport_cpp: rosidl_typesupport_fastrtps_cpp;rosidl_typesupport_introspection_cpp
[8.026s] -- Found rmw_implementation_cmake: 6.1.1 (/opt/ros/humble/share/rmw_implementation_cmake/cmake)
[8.026s] -- Found rmw_fastrtps_cpp: 6.2.6 (/opt/ros/humble/share/rmw_fastrtps_cpp/cmake)
[8.026s] -- Found OpenSSL: /cc_ws/tros_ws/robot_dev_config/../../sysroot_docker/usr/lib/aarch64-linux-gnu/libcrypto.so (found version "3.0.2")  
[8.026s] -- Found FastRTPS: /opt/ros/humble/include  
[8.027s] -- Using RMW implementation 'rmw_fastrtps_cpp' as default
[8.027s] -- Looking for pthread.h
[8.027s] -- Looking for pthread.h - found
[8.027s] -- Performing Test CMAKE_HAVE_LIBC_PTHREAD
[8.027s] -- Performing Test CMAKE_HAVE_LIBC_PTHREAD - Success
[8.028s] -- Found Threads: TRUE  
[8.028s] -- Found sensor_msgs: 4.2.3 (/opt/ros/humble/share/sensor_msgs/cmake)
[8.028s] -- Found ai_msgs: 2.0.1 (/cc_ws/tros_ws/robot_dev_config/../install/share/ai_msgs/cmake)
[8.028s] -- Found hbm_img_msgs: 2.0.0 (/cc_ws/tros_ws/robot_dev_config/../install/share/hbm_img_msgs/cmake)
[8.029s] -- Found dnn_node: 2.5.4 (/cc_ws/tros_ws/robot_dev_config/../install/share/dnn_node/cmake)
[8.029s] -- Found hobot_cv: 2.3.2 (/cc_ws/tros_ws/robot_dev_config/../install/share/hobot_cv/cmake)
[8.029s] -- Configuring done
[8.029s] -- Generating done
[8.030s] -- Build files have been written to: /cc_ws/tros_ws/build/dnn_node_sample
[8.032s] [33mCMake Warning (dev) at /opt/ros/humble/share/ament_cmake_test/cmake/ament_cmake_test-extras.cmake:19 (option):
[8.032s]   Policy CMP0077 is not set: option() honors normal variables.  Run "cmake
[8.033s]   --help-policy CMP0077" for policy details.  Use the cmake_policy command to
[8.034s]   set the policy and suppress this warning.
[8.034s] 
[8.034s]   For compatibility with older versions of CMake, option is clearing the
[8.035s]   normal variable 'BUILD_TESTING'.
[8.035s] Call Stack (most recent call first):
[8.035s]   /opt/ros/humble/share/ament_cmake_test/cmake/ament_cmake_testConfig.cmake:41 (include)
[8.036s]   /opt/ros/humble/share/ament_cmake/cmake/ament_cmake_export_dependencies-extras.cmake:21 (find_package)
[8.036s]   /opt/ros/humble/share/ament_cmake/cmake/ament_cmakeConfig.cmake:41 (include)
[8.036s]   CMakeLists.txt:19 (find_package)
[8.036s] This warning is for project developers.  Use -Wno-dev to suppress it.
[8.036s] [0m
[8.037s] [0minvalid platform, build platform X3 default[0m
[8.037s] [0mPREFIX_PATH is x3[0m
[8.037s] [0mSYS_ROOT is /cc_ws/tros_ws/robot_dev_config/../../sysroot_docker[0m
[8.038s] [0mhobot_cv_LIBRARIES is /cc_ws/tros_ws/install/lib/libhobot_cv.so[0m
[8.038s] [0mupdate HOBOTCV_LIB_INSTALL_PATH as /cc_ws/tros_ws/install/lib[0m
[8.038s] [0mHOBOTCV_LIB_INSTALL_PATH is /cc_ws/tros_ws/install/lib[0m
[8.095s] Invoked command in '/cc_ws/tros_ws/build/dnn_node_sample' returned '0': AMENT_PREFIX_PATH=/cc_ws/tros_ws/install:${AMENT_PREFIX_PATH} CMAKE_PREFIX_PATH=/cc_ws/tros_ws/install:/opt/ros/humble LD_LIBRARY_PATH=/cc_ws/tros_ws/install/lib:/opt/ros/humble/opt/rviz_ogre_vendor/lib:/opt/ros/humble/lib/aarch64-linux-gnu:/opt/ros/humble/lib:/cc_ws/userdata/hobot/opt/hobot/deps PYTHONPATH=/cc_ws/tros_ws/install/lib/python3.10/site-packages:/cc_ws/tros_ws/install/local/lib/python3.10/dist-packages:${PYTHONPATH} /usr/bin/cmake /cc_ws/tros_ws/src/box/hobot_dnn/dnn_node_sample -DCMAKE_EXPORT_COMPILE_COMMANDS=ON --no-warn-unused-cli -DCMAKE_TOOLCHAIN_FILE=/cc_ws/tros_ws/robot_dev_config/aarch64_toolchainfile.cmake -DPLATFORM_X5=ON -DTHIRDPARTY=ON -DBUILD_TESTING=OFF -DCMAKE_BUILD_RPATH=/cc_ws/tros_ws/build/poco_vendor/poco_external_project_install/lib/;/cc_ws/tros_ws/build/libyaml_vendor/libyaml_install/lib/ -DCMAKE_INSTALL_PREFIX=/cc_ws/tros_ws/install
[8.096s] Invoking command in '/cc_ws/tros_ws/build/dnn_node_sample': AMENT_PREFIX_PATH=/cc_ws/tros_ws/install:${AMENT_PREFIX_PATH} CMAKE_PREFIX_PATH=/cc_ws/tros_ws/install:/opt/ros/humble LD_LIBRARY_PATH=/cc_ws/tros_ws/install/lib:/opt/ros/humble/opt/rviz_ogre_vendor/lib:/opt/ros/humble/lib/aarch64-linux-gnu:/opt/ros/humble/lib:/cc_ws/userdata/hobot/opt/hobot/deps PYTHONPATH=/cc_ws/tros_ws/install/lib/python3.10/site-packages:/cc_ws/tros_ws/install/local/lib/python3.10/dist-packages:${PYTHONPATH} /usr/bin/cmake --build /cc_ws/tros_ws/build/dnn_node_sample -- -j12 -l12
[54.389s] [ 33%] [32mBuilding CXX object CMakeFiles/dnn_node_sample.dir/src/sample.cpp.o[0m
[54.395s] In file included from [01m[K/opt/ros/humble/include/rclcpp/rclcpp/logging.hpp:24[m[K,
[54.395s]                  from [01m[K/opt/ros/humble/include/rclcpp/rclcpp/client.hpp:40[m[K,
[54.395s]                  from [01m[K/opt/ros/humble/include/rclcpp/rclcpp/callback_group.hpp:24[m[K,
[54.395s]                  from [01m[K/opt/ros/humble/include/rclcpp/rclcpp/any_executable.hpp:20[m[K,
[54.396s]                  from [01m[K/opt/ros/humble/include/rclcpp/rclcpp/memory_strategy.hpp:25[m[K,
[54.396s]                  from [01m[K/opt/ros/humble/include/rclcpp/rclcpp/memory_strategies.hpp:18[m[K,
[54.396s]                  from [01m[K/opt/ros/humble/include/rclcpp/rclcpp/executor_options.hpp:20[m[K,
[54.396s]                  from [01m[K/opt/ros/humble/include/rclcpp/rclcpp/executor.hpp:37[m[K,
[54.397s]                  from [01m[K/opt/ros/humble/include/rclcpp/rclcpp/executors/multi_threaded_executor.hpp:25[m[K,
[54.397s]                  from [01m[K/opt/ros/humble/include/rclcpp/rclcpp/executors.hpp:21[m[K,
[54.397s]                  from [01m[K/opt/ros/humble/include/rclcpp/rclcpp/rclcpp.hpp:155[m[K,
[54.397s]                  from [01m[K/cc_ws/tros_ws/install/include/dnn_node/dnn_node_data.h:23[m[K,
[54.398s]                  from [01m[K/cc_ws/tros_ws/install/include/dnn_node/dnn_node.h:22[m[K,
[54.398s]                  from [01m[K/cc_ws/tros_ws/src/box/hobot_dnn/dnn_node_sample/src/sample.cpp:16[m[K:
[54.398s] [01m[K/cc_ws/tros_ws/src/box/hobot_dnn/dnn_node_sample/src/sample.cpp:[m[K In member function ‘[01m[Kvoid DNNNodeSample::FeedImg(hbm_img_msgs::msg::HbmMsg1080P_<std::allocator<void> >::ConstSharedPtr)[m[K’:
[54.398s] [01m[K/cc_ws/tros_ws/src/box/hobot_dnn/dnn_node_sample/src/sample.cpp:149:18:[m[K [01;35m[Kwarning: [m[Kformat ‘[01m[K%d[m[K’ expects argument of type ‘[01m[Kint[m[K’, but argument 5 has type ‘[01m[Kstd::array<unsigned char, 12>::const_pointer[m[K’ {aka ‘[01m[Kconst unsigned char*[m[K’} [[01;35m[K-Wformat=[m[K]
[54.398s]   149 |                  [01;35m[K"Only support nv12 img encoding! Using hobot codec to process "[m[K
[54.399s]       |                  [01;35m[K^~~~~~~~~~~~~~~~~~~~~~~~~~~~~~~~~~~~~~~~~~~~~~~~~~~~~~~~~~~~~~~[m[K
[54.399s]   150 | [01;35m[K                 "%d encoding img."[m[K,
[54.400s]       |                  [01;35m[K~~~~~~~~~~~~~~~~~~[m[K
[54.400s]   151 |                  [32m[Kimg_msg->encoding.data()[m[K);
[54.400s]       |                  [32m[K~~~~~~~~~~~~~~~~~~~~~~~~[m[K
[54.400s]       |                                        [32m[K|[m[K
[54.400s]       |                                        [32m[Kstd::array<unsigned char, 12>::const_pointer {aka const unsigned char*}[m[K
[54.400s] [01m[K/cc_ws/tros_ws/src/box/hobot_dnn/dnn_node_sample/src/sample.cpp:150:20:[m[K [01;36m[Knote: [m[Kformat string is defined here
[54.401s]   150 |                  "[01;36m[K%d[m[K encoding img.",
[54.401s]       |                   [01;36m[K~^[m[K
[54.401s]       |                    [01;36m[K|[m[K
[54.401s]       |                    [01;36m[Kint[m[K
[54.401s]       |                   [32m[K%hhn[m[K
[54.402s] In file included from [01m[K/opt/ros/humble/include/rclcpp/rclcpp/logging.hpp:24[m[K,
[54.402s]                  from [01m[K/opt/ros/humble/include/rclcpp/rclcpp/client.hpp:40[m[K,
[54.402s]                  from [01m[K/opt/ros/humble/include/rclcpp/rclcpp/callback_group.hpp:24[m[K,
[54.402s]                  from [01m[K/opt/ros/humble/include/rclcpp/rclcpp/any_executable.hpp:20[m[K,
[54.402s]                  from [01m[K/opt/ros/humble/include/rclcpp/rclcpp/memory_strategy.hpp:25[m[K,
[54.403s]                  from [01m[K/opt/ros/humble/include/rclcpp/rclcpp/memory_strategies.hpp:18[m[K,
[54.403s]                  from [01m[K/opt/ros/humble/include/rclcpp/rclcpp/executor_options.hpp:20[m[K,
[54.403s]                  from [01m[K/opt/ros/humble/include/rclcpp/rclcpp/executor.hpp:37[m[K,
[54.403s]                  from [01m[K/opt/ros/humble/include/rclcpp/rclcpp/executors/multi_threaded_executor.hpp:25[m[K,
[54.404s]                  from [01m[K/opt/ros/humble/include/rclcpp/rclcpp/executors.hpp:21[m[K,
[54.404s]                  from [01m[K/opt/ros/humble/include/rclcpp/rclcpp/rclcpp.hpp:155[m[K,
[54.404s]                  from [01m[K/cc_ws/tros_ws/install/include/dnn_node/dnn_node_data.h:23[m[K,
[54.404s]                  from [01m[K/cc_ws/tros_ws/install/include/dnn_node/dnn_node.h:22[m[K,
[54.405s]                  from [01m[K/cc_ws/tros_ws/src/box/hobot_dnn/dnn_node_sample/src/sample.cpp:16[m[K:
[54.405s] [01m[K/cc_ws/tros_ws/src/box/hobot_dnn/dnn_node_sample/src/sample.cpp:[m[K In member function ‘[01m[Kvirtual int DNNNodeSample::PostProcess(const std::shared_ptr<hobot::dnn_node::DnnNodeOutput>&)[m[K’:
[54.405s] [01m[K/cc_ws/tros_ws/src/box/hobot_dnn/dnn_node_sample/src/sample.cpp:307:19:[m[K [01;35m[Kwarning: [m[Kformat ‘[01m[K%d[m[K’ expects argument of type ‘[01m[Kint[m[K’, but argument 8 has type ‘[01m[Klong int[m[K’ [[01;35m[K-Wformat=[m[K]
[54.405s]   307 |                   [01;35m[K"input fps: %.2f, out fps: %.2f, infer time ms: %d, "[m[K
[54.405s]       |                   [01;35m[K^~~~~~~~~~~~~~~~~~~~~~~~~~~~~~~~~~~~~~~~~~~~~~~~~~~~~[m[K
[54.406s]   308 | [01;35m[K                  "post process time ms: %d"[m[K,
[54.406s]       |                   [01;35m[K~~~~~~~~~~~~~~~~~~~~~~~~~~[m[K
[54.406s] ......
[54.406s]   312 |                   [32m[Kinterval[m[K);
[54.406s]       |                   [32m[K~~~~~~~~[m[K
[54.407s]       |                   [32m[K|[m[K
[54.407s]       |                   [32m[Klong int[m[K
[54.407s] [01m[K/cc_ws/tros_ws/src/box/hobot_dnn/dnn_node_sample/src/sample.cpp:308:43:[m[K [01;36m[Knote: [m[Kformat string is defined here
[54.407s]   308 |                   "post process time ms: [01;36m[K%d[m[K",
[54.407s]       |                                          [01;36m[K~^[m[K
[54.408s]       |                                           [01;36m[K|[m[K
[54.408s]       |                                           [01;36m[Kint[m[K
[54.408s]       |                                          [32m[K%ld[m[K
[60.638s] [ 66%] [32mBuilding CXX object CMakeFiles/dnn_node_sample.dir/src/parser.cpp.o[0m
[72.076s] [01m[K/cc_ws/tros_ws/src/box/hobot_dnn/dnn_node_sample/src/parser.cpp:69:36:[m[K [01;35m[Kwarning: [m[Kmissing initializer for member ‘[01m[Khobot::dnn_node::dnn_node_sample::PTQYolo5Config::dequantize_scale[m[K’ [[01;35m[K-Wmissing-field-initializers[m[K]
[72.076s]    69 |      "hair drier",    "toothbrush"}[01;35m[K}[m[K;
[72.076s]       |                                    [01;35m[K^[m[K
[76.699s] [100%] [32m[1mLinking CXX executable dnn_node_sample[0m
[81.673s] [100%] Built target dnn_node_sample
[81.758s] Invoked command in '/cc_ws/tros_ws/build/dnn_node_sample' returned '0': AMENT_PREFIX_PATH=/cc_ws/tros_ws/install:${AMENT_PREFIX_PATH} CMAKE_PREFIX_PATH=/cc_ws/tros_ws/install:/opt/ros/humble LD_LIBRARY_PATH=/cc_ws/tros_ws/install/lib:/opt/ros/humble/opt/rviz_ogre_vendor/lib:/opt/ros/humble/lib/aarch64-linux-gnu:/opt/ros/humble/lib:/cc_ws/userdata/hobot/opt/hobot/deps PYTHONPATH=/cc_ws/tros_ws/install/lib/python3.10/site-packages:/cc_ws/tros_ws/install/local/lib/python3.10/dist-packages:${PYTHONPATH} /usr/bin/cmake --build /cc_ws/tros_ws/build/dnn_node_sample -- -j12 -l12
[82.062s] Invoking command in '/cc_ws/tros_ws/build/dnn_node_sample': AMENT_PREFIX_PATH=/cc_ws/tros_ws/install:${AMENT_PREFIX_PATH} CMAKE_PREFIX_PATH=/cc_ws/tros_ws/install:/opt/ros/humble LD_LIBRARY_PATH=/cc_ws/tros_ws/install/lib:/opt/ros/humble/opt/rviz_ogre_vendor/lib:/opt/ros/humble/lib/aarch64-linux-gnu:/opt/ros/humble/lib:/cc_ws/userdata/hobot/opt/hobot/deps PYTHONPATH=/cc_ws/tros_ws/install/lib/python3.10/site-packages:/cc_ws/tros_ws/install/local/lib/python3.10/dist-packages:${PYTHONPATH} /usr/bin/cmake --install /cc_ws/tros_ws/build/dnn_node_sample
[85.879s] -- Install configuration: ""
[85.891s] -- Installing: /cc_ws/tros_ws/install/lib/dnn_node_sample/dnn_node_sample
[85.892s] -- Set runtime path of "/cc_ws/tros_ws/install/lib/dnn_node_sample/dnn_node_sample" to ""
[85.892s] -- Installing: /cc_ws/tros_ws/install/lib/dnn_node_sample/config/
[85.892s] -- Installing: /cc_ws/tros_ws/install/lib/dnn_node_sample/config//yolov5_672x672_nv12.bin
[85.892s] -- Installing: /cc_ws/tros_ws/install/lib/dnn_node_sample/config//target.jpg
[85.893s] -- Installing: /cc_ws/tros_ws/install/share/dnn_node_sample/launch
[85.893s] -- Installing: /cc_ws/tros_ws/install/share/dnn_node_sample/launch/dnn_node_sample.launch.py
[85.893s] -- Installing: /cc_ws/tros_ws/install/share/ament_index/resource_index/package_run_dependencies/dnn_node_sample
[85.893s] -- Installing: /cc_ws/tros_ws/install/share/ament_index/resource_index/parent_prefix_path/dnn_node_sample
[85.893s] -- Installing: /cc_ws/tros_ws/install/share/dnn_node_sample/environment/ament_prefix_path.sh
[85.893s] -- Installing: /cc_ws/tros_ws/install/share/dnn_node_sample/environment/ament_prefix_path.dsv
[85.894s] -- Installing: /cc_ws/tros_ws/install/share/dnn_node_sample/environment/path.sh
[85.894s] -- Installing: /cc_ws/tros_ws/install/share/dnn_node_sample/environment/path.dsv
[85.895s] -- Installing: /cc_ws/tros_ws/install/share/dnn_node_sample/local_setup.bash
[85.895s] -- Installing: /cc_ws/tros_ws/install/share/dnn_node_sample/local_setup.sh
[85.896s] -- Installing: /cc_ws/tros_ws/install/share/dnn_node_sample/local_setup.zsh
[85.897s] -- Installing: /cc_ws/tros_ws/install/share/dnn_node_sample/local_setup.dsv
[85.897s] -- Installing: /cc_ws/tros_ws/install/share/dnn_node_sample/package.dsv
[85.897s] -- Installing: /cc_ws/tros_ws/install/share/ament_index/resource_index/packages/dnn_node_sample
[85.897s] -- Installing: /cc_ws/tros_ws/install/share/dnn_node_sample/cmake/dnn_node_sampleConfig.cmake
[85.898s] -- Installing: /cc_ws/tros_ws/install/share/dnn_node_sample/cmake/dnn_node_sampleConfig-version.cmake
[85.898s] -- Installing: /cc_ws/tros_ws/install/share/dnn_node_sample/package.xml
[85.911s] Invoked command in '/cc_ws/tros_ws/build/dnn_node_sample' returned '0': AMENT_PREFIX_PATH=/cc_ws/tros_ws/install:${AMENT_PREFIX_PATH} CMAKE_PREFIX_PATH=/cc_ws/tros_ws/install:/opt/ros/humble LD_LIBRARY_PATH=/cc_ws/tros_ws/install/lib:/opt/ros/humble/opt/rviz_ogre_vendor/lib:/opt/ros/humble/lib/aarch64-linux-gnu:/opt/ros/humble/lib:/cc_ws/userdata/hobot/opt/hobot/deps PYTHONPATH=/cc_ws/tros_ws/install/lib/python3.10/site-packages:/cc_ws/tros_ws/install/local/lib/python3.10/dist-packages:${PYTHONPATH} /usr/bin/cmake --install /cc_ws/tros_ws/build/dnn_node_sample
