Not searching for unused variables given on the command line.
-- The C compiler identification is GNU 11.4.0
-- The CXX compiler identification is GNU 11.4.0
-- Detecting C compiler ABI info
-- Detecting C compiler ABI info - done
-- Check for working C compiler: /usr/bin/aarch64-linux-gnu-gcc - skipped
-- Detecting C compile features
-- Detecting C compile features - done
-- Detecting CXX compiler ABI info
-- Detecting CXX compiler ABI info - done
-- Check for working CXX compiler: /usr/bin/aarch64-linux-gnu-g++ - skipped
-- Detecting CXX compile features
-- Detecting CXX compile features - done
-- Found ament_cmake: 1.3.8 (/opt/ros/humble/share/ament_cmake/cmake)
-- Found Python3: /usr/bin/python3 (found version "3.10.12") found components: Interpreter 
-- Found rclcpp: 16.0.8 (/opt/ros/humble/share/rclcpp/cmake)
-- Found rosidl_generator_c: 3.1.5 (/opt/ros/humble/share/rosidl_generator_c/cmake)
-- Found rosidl_adapter: 3.1.5 (/opt/ros/humble/share/rosidl_adapter/cmake)
-- Found rosidl_generator_cpp: 3.1.5 (/opt/ros/humble/share/rosidl_generator_cpp/cmake)
-- Using all available rosidl_typesupport_c: rosidl_typesupport_fastrtps_c;rosidl_typesupport_introspection_c
-- Using all available rosidl_typesupport_cpp: rosidl_typesupport_fastrtps_cpp;rosidl_typesupport_introspection_cpp
-- Found rmw_implementation_cmake: 6.1.1 (/opt/ros/humble/share/rmw_implementation_cmake/cmake)
-- Found rmw_fastrtps_cpp: 6.2.6 (/opt/ros/humble/share/rmw_fastrtps_cpp/cmake)
-- Found OpenSSL: /cc_ws/tros_ws/robot_dev_config/../../sysroot_docker/usr/lib/aarch64-linux-gnu/libcrypto.so (found version "3.0.2")  
-- Found FastRTPS: /opt/ros/humble/include  
-- Using RMW implementation 'rmw_fastrtps_cpp' as default
-- Looking for pthread.h
-- Looking for pthread.h - found
-- Performing Test CMAKE_HAVE_LIBC_PTHREAD
-- Performing Test CMAKE_HAVE_LIBC_PTHREAD - Success
-- Found Threads: TRUE  
-- Found sensor_msgs: 4.2.3 (/opt/ros/humble/share/sensor_msgs/cmake)
-- Found ai_msgs: 2.0.1 (/cc_ws/tros_ws/robot_dev_config/../install/share/ai_msgs/cmake)
-- Found dnn_node: 2.5.4 (/cc_ws/tros_ws/robot_dev_config/../install/share/dnn_node/cmake)
-- Found cv_bridge: 3.2.1 (/opt/ros/humble/share/cv_bridge/cmake)
-- Found OpenCV: /cc_ws/sysroot_docker/usr_x5 (found suitable version "4.5.4", minimum required is "4") 
-- Found hbm_img_msgs: 2.0.0 (/cc_ws/tros_ws/robot_dev_config/../install/share/hbm_img_msgs/cmake)
-- Configuring done
-- Generating done
-- Build files have been written to: /cc_ws/tros_ws/build/hobot_yolo_world
[33mCMake Warning (dev) at /opt/ros/humble/share/ament_cmake_test/cmake/ament_cmake_test-extras.cmake:19 (option):
  Policy CMP0077 is not set: option() honors normal variables.  Run "cmake
  --help-policy CMP0077" for policy details.  Use the cmake_policy command to
  set the policy and suppress this warning.

  For compatibility with older versions of CMake, option is clearing the
  normal variable 'BUILD_TESTING'.
Call Stack (most recent call first):
  /opt/ros/humble/share/ament_cmake_test/cmake/ament_cmake_testConfig.cmake:41 (include)
  /opt/ros/humble/share/ament_cmake/cmake/ament_cmake_export_dependencies-extras.cmake:21 (find_package)
  /opt/ros/humble/share/ament_cmake/cmake/ament_cmakeConfig.cmake:41 (include)
  CMakeLists.txt:35 (find_package)
This warning is for project developers.  Use -Wno-dev to suppress it.
[0m
[0musing shared mem[0m
[0mbuild platform X5[0m
[0mPREFIX_PATH is x5[0m
[0mSYS_ROOT is /cc_ws/tros_ws/robot_dev_config/../../sysroot_docker[0m
[ 20%] [32mBuilding CXX object CMakeFiles/hobot_yolo_world.dir/src/main.cpp.o[0m
[ 40%] [32mBuilding CXX object CMakeFiles/hobot_yolo_world.dir/src/post_process/yolo_world_output_parser.cpp.o[0m
[ 60%] [32mBuilding CXX object CMakeFiles/hobot_yolo_world.dir/src/yolo_world_node.cpp.o[0m
[01m[K/cc_ws/tros_ws/src/box/hobot_perception/hobot_yolo_world/src/yolo_world_node.cpp:[m[K In member function ‘[01m[Kint YoloWorldNode::GetTextIndex(std::vector<std::__cxx11::basic_string<char> >&, std::vector<int>&, std::vector<std::__cxx11::basic_string<char> >&)[m[K’:
[01m[K/cc_ws/tros_ws/src/box/hobot_perception/hobot_yolo_world/src/yolo_world_node.cpp:301:23:[m[K [01;35m[Kwarning: [m[Kcomparison of integer expressions of different signedness: ‘[01m[Kint[m[K’ and ‘[01m[Kstd::vector<std::__cxx11::basic_string<char> >::size_type[m[K’ {aka ‘[01m[Klong unsigned int[m[K’} [[01;35m[K-Wsign-compare[m[K]
  301 |     for (int i = 0; [01;35m[Ki < indice_.size()[m[K; i++) {
      |                     [01;35m[K~~^~~~~~~~~~~~~~~~[m[K
In file included from [01m[K/opt/ros/humble/include/rclcpp/rclcpp/logging.hpp:24[m[K,
                 from [01m[K/opt/ros/humble/include/rclcpp/rclcpp/client.hpp:40[m[K,
                 from [01m[K/opt/ros/humble/include/rclcpp/rclcpp/callback_group.hpp:24[m[K,
                 from [01m[K/opt/ros/humble/include/rclcpp/rclcpp/any_executable.hpp:20[m[K,
                 from [01m[K/opt/ros/humble/include/rclcpp/rclcpp/memory_strategy.hpp:25[m[K,
                 from [01m[K/opt/ros/humble/include/rclcpp/rclcpp/memory_strategies.hpp:18[m[K,
                 from [01m[K/opt/ros/humble/include/rclcpp/rclcpp/executor_options.hpp:20[m[K,
                 from [01m[K/opt/ros/humble/include/rclcpp/rclcpp/executor.hpp:37[m[K,
                 from [01m[K/opt/ros/humble/include/rclcpp/rclcpp/executors/multi_threaded_executor.hpp:25[m[K,
                 from [01m[K/opt/ros/humble/include/rclcpp/rclcpp/executors.hpp:21[m[K,
                 from [01m[K/opt/ros/humble/include/rclcpp/rclcpp/rclcpp.hpp:155[m[K,
                 from [01m[K/cc_ws/tros_ws/src/box/hobot_perception/hobot_yolo_world/src/yolo_world_node.cpp:23[m[K:
[01m[K/cc_ws/tros_ws/src/box/hobot_perception/hobot_yolo_world/src/yolo_world_node.cpp:[m[K In member function ‘[01m[Kvirtual int YoloWorldNode::PostProcess(const std::shared_ptr<hobot::dnn_node::DnnNodeOutput>&)[m[K’:
[01m[K/cc_ws/tros_ws/src/box/hobot_perception/hobot_yolo_world/src/yolo_world_node.cpp:397:15:[m[K [01;35m[Kwarning: [m[Kformat ‘[01m[K%d[m[K’ expects argument of type ‘[01m[Kint[m[K’, but argument 5 has type ‘[01m[Kstd::vector<hobot::dnn_node::output_parser::Detection>::size_type[m[K’ {aka ‘[01m[Klong unsigned int[m[K’} [[01;35m[K-Wformat=[m[K]
  397 |               [01;35m[K"out box size: %d"[m[K,
      |               [01;35m[K^~~~~~~~~~~~~~~~~~[m[K
  398 |               [32m[Kdet_result->perception.det.size()[m[K);
      |               [32m[K~~~~~~~~~~~~~~~~~~~~~~~~~~~~~~~~~[m[K
      |                                              [32m[K|[m[K
      |                                              [32m[Kstd::vector<hobot::dnn_node::output_parser::Detection>::size_type {aka long unsigned int}[m[K
[01m[K/cc_ws/tros_ws/src/box/hobot_perception/hobot_yolo_world/src/yolo_world_node.cpp:397:31:[m[K [01;36m[Knote: [m[Kformat string is defined here
  397 |               "out box size: [01;36m[K%d[m[K",
      |                              [01;36m[K~^[m[K
      |                               [01;36m[K|[m[K
      |                               [01;36m[Kint[m[K
      |                              [32m[K%ld[m[K
[ 80%] [32mBuilding CXX object CMakeFiles/hobot_yolo_world.dir/src/image_utils.cpp.o[0m
In file included from [01m[K/opt/ros/humble/include/rclcpp/rclcpp/logging.hpp:24[m[K,
                 from [01m[K/opt/ros/humble/include/rclcpp/rclcpp/client.hpp:40[m[K,
                 from [01m[K/opt/ros/humble/include/rclcpp/rclcpp/callback_group.hpp:24[m[K,
                 from [01m[K/opt/ros/humble/include/rclcpp/rclcpp/any_executable.hpp:20[m[K,
                 from [01m[K/opt/ros/humble/include/rclcpp/rclcpp/memory_strategy.hpp:25[m[K,
                 from [01m[K/opt/ros/humble/include/rclcpp/rclcpp/memory_strategies.hpp:18[m[K,
                 from [01m[K/opt/ros/humble/include/rclcpp/rclcpp/executor_options.hpp:20[m[K,
                 from [01m[K/opt/ros/humble/include/rclcpp/rclcpp/executor.hpp:37[m[K,
                 from [01m[K/opt/ros/humble/include/rclcpp/rclcpp/executors/multi_threaded_executor.hpp:25[m[K,
                 from [01m[K/opt/ros/humble/include/rclcpp/rclcpp/executors.hpp:21[m[K,
                 from [01m[K/opt/ros/humble/include/rclcpp/rclcpp/rclcpp.hpp:155[m[K,
                 from [01m[K/cc_ws/tros_ws/install/include/dnn_node/dnn_node_data.h:23[m[K,
                 from [01m[K/cc_ws/tros_ws/src/box/hobot_perception/hobot_yolo_world/include/image_utils.h:23[m[K,
                 from [01m[K/cc_ws/tros_ws/src/box/hobot_perception/hobot_yolo_world/src/image_utils.cpp:24[m[K:
[01m[K/cc_ws/tros_ws/src/box/hobot_perception/hobot_yolo_world/src/image_utils.cpp:[m[K In static member function ‘[01m[Kstatic int ImageUtils::Render(const std::shared_ptr<hobot::easy_dnn::DNNTensor>&, const UniquePtr&, int, int)[m[K’:
[01m[K/cc_ws/tros_ws/src/box/hobot_perception/hobot_yolo_world/src/image_utils.cpp:84:15:[m[K [01;35m[Kwarning: [m[Kformat ‘[01m[K%d[m[K’ expects argument of type ‘[01m[Kint[m[K’, but argument 5 has type ‘[01m[Kstd::vector<ai_msgs::msg::Target_<std::allocator<void> >, std::allocator<ai_msgs::msg::Target_<std::allocator<void> > > >::size_type[m[K’ {aka ‘[01m[Klong unsigned int[m[K’} [[01;35m[K-Wformat=[m[K]
   84 |               [01;35m[K"target size: %d"[m[K,
      |               [01;35m[K^~~~~~~~~~~~~~~~~[m[K
   85 |               [32m[Kai_msg->targets.size()[m[K);
      |               [32m[K~~~~~~~~~~~~~~~~~~~~~~[m[K
      |                                   [32m[K|[m[K
      |                                   [32m[Kstd::vector<ai_msgs::msg::Target_<std::allocator<void> >, std::allocator<ai_msgs::msg::Target_<std::allocator<void> > > >::size_type {aka long unsigned int}[m[K
[01m[K/cc_ws/tros_ws/src/box/hobot_perception/hobot_yolo_world/src/image_utils.cpp:84:30:[m[K [01;36m[Knote: [m[Kformat string is defined here
   84 |               "target size: [01;36m[K%d[m[K",
      |                             [01;36m[K~^[m[K
      |                              [01;36m[K|[m[K
      |                              [01;36m[Kint[m[K
      |                             [32m[K%ld[m[K
In file included from [01m[K/opt/ros/humble/include/rclcpp/rclcpp/logging.hpp:24[m[K,
                 from [01m[K/opt/ros/humble/include/rclcpp/rclcpp/client.hpp:40[m[K,
                 from [01m[K/opt/ros/humble/include/rclcpp/rclcpp/callback_group.hpp:24[m[K,
                 from [01m[K/opt/ros/humble/include/rclcpp/rclcpp/any_executable.hpp:20[m[K,
                 from [01m[K/opt/ros/humble/include/rclcpp/rclcpp/memory_strategy.hpp:25[m[K,
                 from [01m[K/opt/ros/humble/include/rclcpp/rclcpp/memory_strategies.hpp:18[m[K,
                 from [01m[K/opt/ros/humble/include/rclcpp/rclcpp/executor_options.hpp:20[m[K,
                 from [01m[K/opt/ros/humble/include/rclcpp/rclcpp/executor.hpp:37[m[K,
                 from [01m[K/opt/ros/humble/include/rclcpp/rclcpp/executors/multi_threaded_executor.hpp:25[m[K,
                 from [01m[K/opt/ros/humble/include/rclcpp/rclcpp/executors.hpp:21[m[K,
                 from [01m[K/opt/ros/humble/include/rclcpp/rclcpp/rclcpp.hpp:155[m[K,
                 from [01m[K/cc_ws/tros_ws/install/include/dnn_node/dnn_node_data.h:23[m[K,
                 from [01m[K/cc_ws/tros_ws/src/box/hobot_perception/hobot_yolo_world/include/image_utils.h:23[m[K,
                 from [01m[K/cc_ws/tros_ws/src/box/hobot_perception/hobot_yolo_world/src/image_utils.cpp:24[m[K:
[01m[K/cc_ws/tros_ws/src/box/hobot_perception/hobot_yolo_world/src/image_utils.cpp:94:17:[m[K [01;35m[Kwarning: [m[Kformat ‘[01m[K%d[m[K’ expects argument of type ‘[01m[Kint[m[K’, but argument 6 has type ‘[01m[Kstd::vector<ai_msgs::msg::Roi_<std::allocator<void> >, std::allocator<ai_msgs::msg::Roi_<std::allocator<void> > > >::size_type[m[K’ {aka ‘[01m[Klong unsigned int[m[K’} [[01;35m[K-Wformat=[m[K]
   94 |                 [01;35m[K"target type: %s, rois.size: %d"[m[K,
      |                 [01;35m[K^~~~~~~~~~~~~~~~~~~~~~~~~~~~~~~~[m[K
   95 |                 target.type.c_str(),
   96 |                 [32m[Ktarget.rois.size()[m[K);
      |                 [32m[K~~~~~~~~~~~~~~~~~~[m[K
      |                                 [32m[K|[m[K
      |                                 [32m[Kstd::vector<ai_msgs::msg::Roi_<std::allocator<void> >, std::allocator<ai_msgs::msg::Roi_<std::allocator<void> > > >::size_type {aka long unsigned int}[m[K
[01m[K/cc_ws/tros_ws/src/box/hobot_perception/hobot_yolo_world/src/image_utils.cpp:94:47:[m[K [01;36m[Knote: [m[Kformat string is defined here
   94 |                 "target type: %s, rois.size: [01;36m[K%d[m[K",
      |                                              [01;36m[K~^[m[K
      |                                               [01;36m[K|[m[K
      |                                               [01;36m[Kint[m[K
      |                                              [32m[K%ld[m[K
[100%] [32m[1mLinking CXX executable hobot_yolo_world[0m
[100%] Built target hobot_yolo_world
-- Install configuration: "RelWithDebInfo"
-- Installing: /cc_ws/tros_ws/install/lib/hobot_yolo_world/hobot_yolo_world
-- Set runtime path of "/cc_ws/tros_ws/install/lib/hobot_yolo_world/hobot_yolo_world" to ""
-- Installing: /cc_ws/tros_ws/install/share/hobot_yolo_world/launch
-- Installing: /cc_ws/tros_ws/install/share/hobot_yolo_world/launch/yolo_world.launch.py
-- Installing: /cc_ws/tros_ws/install/lib/hobot_yolo_world/config/
-- Installing: /cc_ws/tros_ws/install/lib/hobot_yolo_world/config//yolo_world.bin
-- Installing: /cc_ws/tros_ws/install/lib/hobot_yolo_world/tool/
-- Installing: /cc_ws/tros_ws/install/lib/hobot_yolo_world/tool//README.md
-- Installing: /cc_ws/tros_ws/install/lib/hobot_yolo_world/tool//clip
-- Installing: /cc_ws/tros_ws/install/lib/hobot_yolo_world/tool//clip/bpe_simple_vocab_16e6.txt.gz
-- Installing: /cc_ws/tros_ws/install/lib/hobot_yolo_world/tool//clip/simple_tokenizer.py
-- Installing: /cc_ws/tros_ws/install/lib/hobot_yolo_world/tool//clip/__init__.py
-- Installing: /cc_ws/tros_ws/install/lib/hobot_yolo_world/tool//clip/clip.py
-- Installing: /cc_ws/tros_ws/install/lib/hobot_yolo_world/tool//README_cn.md
-- Installing: /cc_ws/tros_ws/install/lib/hobot_yolo_world/tool//class.list
-- Installing: /cc_ws/tros_ws/install/lib/hobot_yolo_world/tool//__init__.py
-- Installing: /cc_ws/tros_ws/install/lib/hobot_yolo_world/tool//requirements.txt
-- Installing: /cc_ws/tros_ws/install/lib/hobot_yolo_world/tool//main.py
-- Installing: /cc_ws/tros_ws/install/lib/hobot_yolo_world/config/offline_vocabulary_embeddings.json
-- Installing: /cc_ws/tros_ws/install/lib/hobot_yolo_world/config/yolo_world_test.jpg
-- Installing: /cc_ws/tros_ws/install/share/ament_index/resource_index/package_run_dependencies/hobot_yolo_world
-- Installing: /cc_ws/tros_ws/install/share/ament_index/resource_index/parent_prefix_path/hobot_yolo_world
-- Installing: /cc_ws/tros_ws/install/share/hobot_yolo_world/environment/ament_prefix_path.sh
-- Installing: /cc_ws/tros_ws/install/share/hobot_yolo_world/environment/ament_prefix_path.dsv
-- Installing: /cc_ws/tros_ws/install/share/hobot_yolo_world/environment/path.sh
-- Installing: /cc_ws/tros_ws/install/share/hobot_yolo_world/environment/path.dsv
-- Installing: /cc_ws/tros_ws/install/share/hobot_yolo_world/local_setup.bash
-- Installing: /cc_ws/tros_ws/install/share/hobot_yolo_world/local_setup.sh
-- Installing: /cc_ws/tros_ws/install/share/hobot_yolo_world/local_setup.zsh
-- Installing: /cc_ws/tros_ws/install/share/hobot_yolo_world/local_setup.dsv
-- Installing: /cc_ws/tros_ws/install/share/hobot_yolo_world/package.dsv
-- Installing: /cc_ws/tros_ws/install/share/ament_index/resource_index/packages/hobot_yolo_world
-- Installing: /cc_ws/tros_ws/install/share/hobot_yolo_world/cmake/hobot_yolo_worldConfig.cmake
-- Installing: /cc_ws/tros_ws/install/share/hobot_yolo_world/cmake/hobot_yolo_worldConfig-version.cmake
-- Installing: /cc_ws/tros_ws/install/share/hobot_yolo_world/package.xml
