[0.174s] Invoking command in '/cc_ws/tros_ws/build/tros': AMENT_PREFIX_PATH=/cc_ws/tros_ws/install:${AMENT_PREFIX_PATH} CMAKE_PREFIX_PATH=/cc_ws/tros_ws/install:/opt/ros/humble LD_LIBRARY_PATH=/cc_ws/tros_ws/install/lib:/opt/ros/humble/opt/rviz_ogre_vendor/lib:/opt/ros/humble/lib/aarch64-linux-gnu:/opt/ros/humble/lib:/cc_ws/userdata/hobot/opt/hobot/deps PYTHONPATH=/cc_ws/tros_ws/install/lib/python3.10/site-packages:${PYTHONPATH} /usr/bin/cmake /cc_ws/tros_ws/tros_arm_build/packages/tros -DCMAKE_EXPORT_COMPILE_COMMANDS=ON --no-warn-unused-cli -DCMAKE_TOOLCHAIN_FILE=/cc_ws/tros_ws/robot_dev_config/aarch64_toolchainfile.cmake -DPLATFORM_X5=ON -DTHIRDPARTY=ON -DBUILD_TESTING=OFF -DCMAKE_BUILD_RPATH=/cc_ws/tros_ws/build/poco_vendor/poco_external_project_install/lib/;/cc_ws/tros_ws/build/libyaml_vendor/libyaml_install/lib/ -DCMAKE_INSTALL_PREFIX=/cc_ws/tros_ws/install
[3.462s] Not searching for unused variables given on the command line.
[3.462s] -- Found ament_cmake: 1.3.8 (/opt/ros/humble/share/ament_cmake/cmake)
[3.462s] -- Configuring done
[3.482s] [33mCMake Warning (dev) at /opt/ros/humble/share/ament_cmake_test/cmake/ament_cmake_test-extras.cmake:19 (option):
[3.482s]   Policy CMP0077 is not set: option() honors normal variables.  Run "cmake
[3.483s]   --help-policy CMP0077" for policy details.  Use the cmake_policy command to
[3.483s]   set the policy and suppress this warning.
[3.483s] 
[3.483s]   For compatibility with older versions of CMake, option is clearing the
[3.484s]   normal variable 'BUILD_TESTING'.
[3.484s] Call Stack (most recent call first):
[3.493s]   /opt/ros/humble/share/ament_cmake_test/cmake/ament_cmake_testConfig.cmake:41 (include)
[3.493s]   /opt/ros/humble/share/ament_cmake/cmake/ament_cmake_export_dependencies-extras.cmake:21 (find_package)
[3.494s]   /opt/ros/humble/share/ament_cmake/cmake/ament_cmakeConfig.cmake:41 (include)
[3.494s]   CMakeLists.txt:4 (find_package)
[3.494s] This warning is for project developers.  Use -Wno-dev to suppress it.
[3.494s] [0m
[3.505s] -- Generating done
[3.505s] -- Build files have been written to: /cc_ws/tros_ws/build/tros
[3.587s] Invoked command in '/cc_ws/tros_ws/build/tros' returned '0': AMENT_PREFIX_PATH=/cc_ws/tros_ws/install:${AMENT_PREFIX_PATH} CMAKE_PREFIX_PATH=/cc_ws/tros_ws/install:/opt/ros/humble LD_LIBRARY_PATH=/cc_ws/tros_ws/install/lib:/opt/ros/humble/opt/rviz_ogre_vendor/lib:/opt/ros/humble/lib/aarch64-linux-gnu:/opt/ros/humble/lib:/cc_ws/userdata/hobot/opt/hobot/deps PYTHONPATH=/cc_ws/tros_ws/install/lib/python3.10/site-packages:${PYTHONPATH} /usr/bin/cmake /cc_ws/tros_ws/tros_arm_build/packages/tros -DCMAKE_EXPORT_COMPILE_COMMANDS=ON --no-warn-unused-cli -DCMAKE_TOOLCHAIN_FILE=/cc_ws/tros_ws/robot_dev_config/aarch64_toolchainfile.cmake -DPLATFORM_X5=ON -DTHIRDPARTY=ON -DBUILD_TESTING=OFF -DCMAKE_BUILD_RPATH=/cc_ws/tros_ws/build/poco_vendor/poco_external_project_install/lib/;/cc_ws/tros_ws/build/libyaml_vendor/libyaml_install/lib/ -DCMAKE_INSTALL_PREFIX=/cc_ws/tros_ws/install
[3.589s] Invoking command in '/cc_ws/tros_ws/build/tros': AMENT_PREFIX_PATH=/cc_ws/tros_ws/install:${AMENT_PREFIX_PATH} CMAKE_PREFIX_PATH=/cc_ws/tros_ws/install:/opt/ros/humble LD_LIBRARY_PATH=/cc_ws/tros_ws/install/lib:/opt/ros/humble/opt/rviz_ogre_vendor/lib:/opt/ros/humble/lib/aarch64-linux-gnu:/opt/ros/humble/lib:/cc_ws/userdata/hobot/opt/hobot/deps PYTHONPATH=/cc_ws/tros_ws/install/lib/python3.10/site-packages:${PYTHONPATH} /usr/bin/cmake --build /cc_ws/tros_ws/build/tros -- -j12 -l12
[4.304s] Invoked command in '/cc_ws/tros_ws/build/tros' returned '0': AMENT_PREFIX_PATH=/cc_ws/tros_ws/install:${AMENT_PREFIX_PATH} CMAKE_PREFIX_PATH=/cc_ws/tros_ws/install:/opt/ros/humble LD_LIBRARY_PATH=/cc_ws/tros_ws/install/lib:/opt/ros/humble/opt/rviz_ogre_vendor/lib:/opt/ros/humble/lib/aarch64-linux-gnu:/opt/ros/humble/lib:/cc_ws/userdata/hobot/opt/hobot/deps PYTHONPATH=/cc_ws/tros_ws/install/lib/python3.10/site-packages:${PYTHONPATH} /usr/bin/cmake --build /cc_ws/tros_ws/build/tros -- -j12 -l12
[4.612s] Invoking command in '/cc_ws/tros_ws/build/tros': AMENT_PREFIX_PATH=/cc_ws/tros_ws/install:${AMENT_PREFIX_PATH} CMAKE_PREFIX_PATH=/cc_ws/tros_ws/install:/opt/ros/humble LD_LIBRARY_PATH=/cc_ws/tros_ws/install/lib:/opt/ros/humble/opt/rviz_ogre_vendor/lib:/opt/ros/humble/lib/aarch64-linux-gnu:/opt/ros/humble/lib:/cc_ws/userdata/hobot/opt/hobot/deps PYTHONPATH=/cc_ws/tros_ws/install/lib/python3.10/site-packages:${PYTHONPATH} /usr/bin/cmake --install /cc_ws/tros_ws/build/tros
[4.917s] -- Install configuration: ""
[4.917s] -- Up-to-date: /cc_ws/tros_ws/install/share/ament_index/resource_index/package_run_dependencies/tros
[4.917s] -- Up-to-date: /cc_ws/tros_ws/install/share/ament_index/resource_index/parent_prefix_path/tros
[4.918s] -- Up-to-date: /cc_ws/tros_ws/install/share/tros/environment/ament_prefix_path.sh
[4.918s] -- Installing: /cc_ws/tros_ws/install/share/tros/environment/ament_prefix_path.dsv
[4.918s] -- Up-to-date: /cc_ws/tros_ws/install/share/tros/environment/path.sh
[4.918s] -- Installing: /cc_ws/tros_ws/install/share/tros/environment/path.dsv
[4.919s] -- Up-to-date: /cc_ws/tros_ws/install/share/tros/local_setup.bash
[4.919s] -- Up-to-date: /cc_ws/tros_ws/install/share/tros/local_setup.sh
[4.919s] -- Up-to-date: /cc_ws/tros_ws/install/share/tros/local_setup.zsh
[4.920s] -- Installing: /cc_ws/tros_ws/install/share/tros/local_setup.dsv
[4.920s] -- Installing: /cc_ws/tros_ws/install/share/tros/package.dsv
[4.920s] -- Up-to-date: /cc_ws/tros_ws/install/share/ament_index/resource_index/packages/tros
[4.920s] -- Up-to-date: /cc_ws/tros_ws/install/share/tros/cmake/trosConfig.cmake
[4.921s] -- Up-to-date: /cc_ws/tros_ws/install/share/tros/cmake/trosConfig-version.cmake
[4.921s] -- Up-to-date: /cc_ws/tros_ws/install/share/tros/package.xml
[4.972s] Invoked command in '/cc_ws/tros_ws/build/tros' returned '0': AMENT_PREFIX_PATH=/cc_ws/tros_ws/install:${AMENT_PREFIX_PATH} CMAKE_PREFIX_PATH=/cc_ws/tros_ws/install:/opt/ros/humble LD_LIBRARY_PATH=/cc_ws/tros_ws/install/lib:/opt/ros/humble/opt/rviz_ogre_vendor/lib:/opt/ros/humble/lib/aarch64-linux-gnu:/opt/ros/humble/lib:/cc_ws/userdata/hobot/opt/hobot/deps PYTHONPATH=/cc_ws/tros_ws/install/lib/python3.10/site-packages:${PYTHONPATH} /usr/bin/cmake --install /cc_ws/tros_ws/build/tros
