[0.384s] Invoking command in '/cc_ws/tros_ws/build/tros': AMENT_PREFIX_PATH=/cc_ws/tros_ws/install:${AMENT_PREFIX_PATH} CMAKE_PREFIX_PATH=/cc_ws/tros_ws/install:/opt/ros/humble LD_LIBRARY_PATH=/cc_ws/tros_ws/install/lib:/opt/ros/humble/opt/rviz_ogre_vendor/lib:/opt/ros/humble/lib/aarch64-linux-gnu:/opt/ros/humble/lib:/cc_ws/userdata/hobot/opt/hobot/deps PYTHONPATH=/cc_ws/tros_ws/install/lib/python3.10/site-packages:${PYTHONPATH} /usr/bin/cmake /cc_ws/tros_ws/tros_arm_build/packages/tros -DCMAKE_EXPORT_COMPILE_COMMANDS=ON --no-warn-unused-cli -DCMAKE_TOOLCHAIN_FILE=/cc_ws/tros_ws/robot_dev_config/aarch64_toolchainfile.cmake -DPLATFORM_X5=ON -DTHIRDPARTY=ON -DBUILD_TESTING=OFF -DCMAKE_BUILD_RPATH=/cc_ws/tros_ws/build/poco_vendor/poco_external_project_install/lib/;/cc_ws/tros_ws/build/libyaml_vendor/libyaml_install/lib/ -DCMAKE_INSTALL_PREFIX=/cc_ws/tros_ws/install
[0.444s] Not searching for unused variables given on the command line.
[0.487s] -- Found ament_cmake: 1.3.8 (/opt/ros/humble/share/ament_cmake/cmake)
[1.354s] [33mCMake Warning (dev) at /opt/ros/humble/share/ament_cmake_test/cmake/ament_cmake_test-extras.cmake:19 (option):
[1.355s]   Policy CMP0077 is not set: option() honors normal variables.  Run "cmake
[1.355s]   --help-policy CMP0077" for policy details.  Use the cmake_policy command to
[1.355s]   set the policy and suppress this warning.
[1.355s] 
[1.356s]   For compatibility with older versions of CMake, option is clearing the
[1.356s]   normal variable 'BUILD_TESTING'.
[1.356s] Call Stack (most recent call first):
[1.356s]   /opt/ros/humble/share/ament_cmake_test/cmake/ament_cmake_testConfig.cmake:41 (include)
[1.357s]   /opt/ros/humble/share/ament_cmake/cmake/ament_cmake_export_dependencies-extras.cmake:21 (find_package)
[1.357s]   /opt/ros/humble/share/ament_cmake/cmake/ament_cmakeConfig.cmake:41 (include)
[1.357s]   CMakeLists.txt:4 (find_package)
[1.357s] This warning is for project developers.  Use -Wno-dev to suppress it.
[1.357s] [0m
[3.150s] -- Configuring done
[3.175s] -- Generating done
[3.178s] -- Build files have been written to: /cc_ws/tros_ws/build/tros
[3.221s] Invoked command in '/cc_ws/tros_ws/build/tros' returned '0': AMENT_PREFIX_PATH=/cc_ws/tros_ws/install:${AMENT_PREFIX_PATH} CMAKE_PREFIX_PATH=/cc_ws/tros_ws/install:/opt/ros/humble LD_LIBRARY_PATH=/cc_ws/tros_ws/install/lib:/opt/ros/humble/opt/rviz_ogre_vendor/lib:/opt/ros/humble/lib/aarch64-linux-gnu:/opt/ros/humble/lib:/cc_ws/userdata/hobot/opt/hobot/deps PYTHONPATH=/cc_ws/tros_ws/install/lib/python3.10/site-packages:${PYTHONPATH} /usr/bin/cmake /cc_ws/tros_ws/tros_arm_build/packages/tros -DCMAKE_EXPORT_COMPILE_COMMANDS=ON --no-warn-unused-cli -DCMAKE_TOOLCHAIN_FILE=/cc_ws/tros_ws/robot_dev_config/aarch64_toolchainfile.cmake -DPLATFORM_X5=ON -DTHIRDPARTY=ON -DBUILD_TESTING=OFF -DCMAKE_BUILD_RPATH=/cc_ws/tros_ws/build/poco_vendor/poco_external_project_install/lib/;/cc_ws/tros_ws/build/libyaml_vendor/libyaml_install/lib/ -DCMAKE_INSTALL_PREFIX=/cc_ws/tros_ws/install
[3.222s] Invoking command in '/cc_ws/tros_ws/build/tros': AMENT_PREFIX_PATH=/cc_ws/tros_ws/install:${AMENT_PREFIX_PATH} CMAKE_PREFIX_PATH=/cc_ws/tros_ws/install:/opt/ros/humble LD_LIBRARY_PATH=/cc_ws/tros_ws/install/lib:/opt/ros/humble/opt/rviz_ogre_vendor/lib:/opt/ros/humble/lib/aarch64-linux-gnu:/opt/ros/humble/lib:/cc_ws/userdata/hobot/opt/hobot/deps PYTHONPATH=/cc_ws/tros_ws/install/lib/python3.10/site-packages:${PYTHONPATH} /usr/bin/cmake --build /cc_ws/tros_ws/build/tros -- -j12 -l12
[6.432s] Invoked command in '/cc_ws/tros_ws/build/tros' returned '0': AMENT_PREFIX_PATH=/cc_ws/tros_ws/install:${AMENT_PREFIX_PATH} CMAKE_PREFIX_PATH=/cc_ws/tros_ws/install:/opt/ros/humble LD_LIBRARY_PATH=/cc_ws/tros_ws/install/lib:/opt/ros/humble/opt/rviz_ogre_vendor/lib:/opt/ros/humble/lib/aarch64-linux-gnu:/opt/ros/humble/lib:/cc_ws/userdata/hobot/opt/hobot/deps PYTHONPATH=/cc_ws/tros_ws/install/lib/python3.10/site-packages:${PYTHONPATH} /usr/bin/cmake --build /cc_ws/tros_ws/build/tros -- -j12 -l12
[6.799s] Invoking command in '/cc_ws/tros_ws/build/tros': AMENT_PREFIX_PATH=/cc_ws/tros_ws/install:${AMENT_PREFIX_PATH} CMAKE_PREFIX_PATH=/cc_ws/tros_ws/install:/opt/ros/humble LD_LIBRARY_PATH=/cc_ws/tros_ws/install/lib:/opt/ros/humble/opt/rviz_ogre_vendor/lib:/opt/ros/humble/lib/aarch64-linux-gnu:/opt/ros/humble/lib:/cc_ws/userdata/hobot/opt/hobot/deps PYTHONPATH=/cc_ws/tros_ws/install/lib/python3.10/site-packages:${PYTHONPATH} /usr/bin/cmake --install /cc_ws/tros_ws/build/tros
[9.460s] -- Install configuration: ""
[9.461s] -- Up-to-date: /cc_ws/tros_ws/install/share/ament_index/resource_index/package_run_dependencies/tros
[9.461s] -- Up-to-date: /cc_ws/tros_ws/install/share/ament_index/resource_index/parent_prefix_path/tros
[9.461s] -- Up-to-date: /cc_ws/tros_ws/install/share/tros/environment/ament_prefix_path.sh
[9.461s] -- Installing: /cc_ws/tros_ws/install/share/tros/environment/ament_prefix_path.dsv
[9.467s] -- Up-to-date: /cc_ws/tros_ws/install/share/tros/environment/path.sh
[9.467s] -- Installing: /cc_ws/tros_ws/install/share/tros/environment/path.dsv
[9.467s] -- Up-to-date: /cc_ws/tros_ws/install/share/tros/local_setup.bash
[9.467s] -- Up-to-date: /cc_ws/tros_ws/install/share/tros/local_setup.sh
[9.468s] -- Up-to-date: /cc_ws/tros_ws/install/share/tros/local_setup.zsh
[9.468s] -- Installing: /cc_ws/tros_ws/install/share/tros/local_setup.dsv
[9.468s] -- Installing: /cc_ws/tros_ws/install/share/tros/package.dsv
[9.468s] -- Up-to-date: /cc_ws/tros_ws/install/share/ament_index/resource_index/packages/tros
[9.468s] -- Up-to-date: /cc_ws/tros_ws/install/share/tros/cmake/trosConfig.cmake
[9.469s] -- Up-to-date: /cc_ws/tros_ws/install/share/tros/cmake/trosConfig-version.cmake
[9.469s] -- Up-to-date: /cc_ws/tros_ws/install/share/tros/package.xml
[9.539s] Invoked command in '/cc_ws/tros_ws/build/tros' returned '0': AMENT_PREFIX_PATH=/cc_ws/tros_ws/install:${AMENT_PREFIX_PATH} CMAKE_PREFIX_PATH=/cc_ws/tros_ws/install:/opt/ros/humble LD_LIBRARY_PATH=/cc_ws/tros_ws/install/lib:/opt/ros/humble/opt/rviz_ogre_vendor/lib:/opt/ros/humble/lib/aarch64-linux-gnu:/opt/ros/humble/lib:/cc_ws/userdata/hobot/opt/hobot/deps PYTHONPATH=/cc_ws/tros_ws/install/lib/python3.10/site-packages:${PYTHONPATH} /usr/bin/cmake --install /cc_ws/tros_ws/build/tros
