[0.117s] Invoking command in '/cc_ws/tros_ws/build/dnn_node_example': AMENT_PREFIX_PATH=/cc_ws/tros_ws/install:${AMENT_PREFIX_PATH} CMAKE_PREFIX_PATH=/cc_ws/tros_ws/install:/opt/ros/humble LD_LIBRARY_PATH=/cc_ws/tros_ws/install/lib:/opt/ros/humble/opt/rviz_ogre_vendor/lib:/opt/ros/humble/lib/aarch64-linux-gnu:/opt/ros/humble/lib:/cc_ws/userdata/hobot/opt/hobot/deps PYTHONPATH=/cc_ws/tros_ws/install/lib/python3.10/site-packages:/cc_ws/tros_ws/install/local/lib/python3.10/dist-packages:${PYTHONPATH} /usr/bin/cmake /cc_ws/tros_ws/src/box/hobot_dnn/dnn_node_example -DCMAKE_EXPORT_COMPILE_COMMANDS=ON --no-warn-unused-cli -DCMAKE_TOOLCHAIN_FILE=/cc_ws/tros_ws/robot_dev_config/aarch64_toolchainfile.cmake -DPLATFORM_X5=ON -DTHIRDPARTY=ON -DBUILD_TESTING=OFF -DCMAKE_BUILD_RPATH=/cc_ws/tros_ws/build/poco_vendor/poco_external_project_install/lib/;/cc_ws/tros_ws/build/libyaml_vendor/libyaml_install/lib/ -DCMAKE_INSTALL_PREFIX=/cc_ws/tros_ws/install
[0.714s] Not searching for unused variables given on the command line.
[0.715s] -- Found ament_cmake: 1.3.8 (/opt/ros/humble/share/ament_cmake/cmake)
[0.735s] -- Found rclcpp: 16.0.8 (/opt/ros/humble/share/rclcpp/cmake)
[0.736s] -- Found rosidl_generator_c: 3.1.5 (/opt/ros/humble/share/rosidl_generator_c/cmake)
[0.736s] -- Found rosidl_adapter: 3.1.5 (/opt/ros/humble/share/rosidl_adapter/cmake)
[0.736s] -- Found rosidl_generator_cpp: 3.1.5 (/opt/ros/humble/share/rosidl_generator_cpp/cmake)
[0.736s] -- Using all available rosidl_typesupport_c: rosidl_typesupport_fastrtps_c;rosidl_typesupport_introspection_c
[0.736s] -- Using all available rosidl_typesupport_cpp: rosidl_typesupport_fastrtps_cpp;rosidl_typesupport_introspection_cpp
[0.737s] [33mCMake Warning (dev) at /opt/ros/humble/share/ament_cmake_test/cmake/ament_cmake_test-extras.cmake:19 (option):
[0.737s]   Policy CMP0077 is not set: option() honors normal variables.  Run "cmake
[0.737s]   --help-policy CMP0077" for policy details.  Use the cmake_policy command to
[0.737s]   set the policy and suppress this warning.
[0.738s] 
[0.738s]   For compatibility with older versions of CMake, option is clearing the
[0.738s]   normal variable 'BUILD_TESTING'.
[0.738s] Call Stack (most recent call first):
[0.738s]   /opt/ros/humble/share/ament_cmake_test/cmake/ament_cmake_testConfig.cmake:41 (include)
[0.738s]   /opt/ros/humble/share/ament_cmake/cmake/ament_cmake_export_dependencies-extras.cmake:21 (find_package)
[0.738s]   /opt/ros/humble/share/ament_cmake/cmake/ament_cmakeConfig.cmake:41 (include)
[0.738s]   CMakeLists.txt:33 (find_package)
[0.738s] This warning is for project developers.  Use -Wno-dev to suppress it.
[0.739s] [0m
[0.844s] -- Found rmw_implementation_cmake: 6.1.1 (/opt/ros/humble/share/rmw_implementation_cmake/cmake)
[0.847s] -- Found rmw_fastrtps_cpp: 6.2.6 (/opt/ros/humble/share/rmw_fastrtps_cpp/cmake)
[1.229s] -- Using RMW implementation 'rmw_fastrtps_cpp' as default
[1.751s] -- Found sensor_msgs: 4.2.3 (/opt/ros/humble/share/sensor_msgs/cmake)
[2.147s] -- Found ai_msgs: 2.0.1 (/cc_ws/tros_ws/robot_dev_config/../install/share/ai_msgs/cmake)
[2.362s] -- Found dnn_node: 2.5.4 (/cc_ws/tros_ws/robot_dev_config/../install/share/dnn_node/cmake)
[2.386s] -- Found hobot_cv: 2.3.2 (/cc_ws/tros_ws/robot_dev_config/../install/share/hobot_cv/cmake)
[2.386s] -- Found cv_bridge: 3.2.1 (/opt/ros/humble/share/cv_bridge/cmake)
[2.415s] -- Found rclcpp_components: 16.0.8 (/opt/ros/humble/share/rclcpp_components/cmake)
[2.675s] [0musing shared mem[0m
[2.675s] -- Found hbm_img_msgs: 2.0.0 (/cc_ws/tros_ws/robot_dev_config/../install/share/hbm_img_msgs/cmake)
[2.770s] [0mbuild platform X5[0m
[2.770s] [0mPREFIX_PATH is x5[0m
[2.770s] [0mSYS_ROOT is /cc_ws/tros_ws/robot_dev_config/../../sysroot_docker[0m
[3.244s] -- Configuring done
[3.403s] -- Generating done
[3.406s] -- Build files have been written to: /cc_ws/tros_ws/build/dnn_node_example
[3.446s] Invoked command in '/cc_ws/tros_ws/build/dnn_node_example' returned '0': AMENT_PREFIX_PATH=/cc_ws/tros_ws/install:${AMENT_PREFIX_PATH} CMAKE_PREFIX_PATH=/cc_ws/tros_ws/install:/opt/ros/humble LD_LIBRARY_PATH=/cc_ws/tros_ws/install/lib:/opt/ros/humble/opt/rviz_ogre_vendor/lib:/opt/ros/humble/lib/aarch64-linux-gnu:/opt/ros/humble/lib:/cc_ws/userdata/hobot/opt/hobot/deps PYTHONPATH=/cc_ws/tros_ws/install/lib/python3.10/site-packages:/cc_ws/tros_ws/install/local/lib/python3.10/dist-packages:${PYTHONPATH} /usr/bin/cmake /cc_ws/tros_ws/src/box/hobot_dnn/dnn_node_example -DCMAKE_EXPORT_COMPILE_COMMANDS=ON --no-warn-unused-cli -DCMAKE_TOOLCHAIN_FILE=/cc_ws/tros_ws/robot_dev_config/aarch64_toolchainfile.cmake -DPLATFORM_X5=ON -DTHIRDPARTY=ON -DBUILD_TESTING=OFF -DCMAKE_BUILD_RPATH=/cc_ws/tros_ws/build/poco_vendor/poco_external_project_install/lib/;/cc_ws/tros_ws/build/libyaml_vendor/libyaml_install/lib/ -DCMAKE_INSTALL_PREFIX=/cc_ws/tros_ws/install
[3.446s] Invoking command in '/cc_ws/tros_ws/build/dnn_node_example': AMENT_PREFIX_PATH=/cc_ws/tros_ws/install:${AMENT_PREFIX_PATH} CMAKE_PREFIX_PATH=/cc_ws/tros_ws/install:/opt/ros/humble LD_LIBRARY_PATH=/cc_ws/tros_ws/install/lib:/opt/ros/humble/opt/rviz_ogre_vendor/lib:/opt/ros/humble/lib/aarch64-linux-gnu:/opt/ros/humble/lib:/cc_ws/userdata/hobot/opt/hobot/deps PYTHONPATH=/cc_ws/tros_ws/install/lib/python3.10/site-packages:/cc_ws/tros_ws/install/local/lib/python3.10/dist-packages:${PYTHONPATH} /usr/bin/cmake --build /cc_ws/tros_ws/build/dnn_node_example -- -j12 -l12
[3.661s] [35m[1mConsolidate compiler generated dependencies of target example[0m
[3.661s] [35m[1mConsolidate compiler generated dependencies of target dnn_node_example_component[0m
[3.739s] [ 33%] Built target example
[3.766s] [100%] Built target dnn_node_example_component
[3.878s] Invoked command in '/cc_ws/tros_ws/build/dnn_node_example' returned '0': AMENT_PREFIX_PATH=/cc_ws/tros_ws/install:${AMENT_PREFIX_PATH} CMAKE_PREFIX_PATH=/cc_ws/tros_ws/install:/opt/ros/humble LD_LIBRARY_PATH=/cc_ws/tros_ws/install/lib:/opt/ros/humble/opt/rviz_ogre_vendor/lib:/opt/ros/humble/lib/aarch64-linux-gnu:/opt/ros/humble/lib:/cc_ws/userdata/hobot/opt/hobot/deps PYTHONPATH=/cc_ws/tros_ws/install/lib/python3.10/site-packages:/cc_ws/tros_ws/install/local/lib/python3.10/dist-packages:${PYTHONPATH} /usr/bin/cmake --build /cc_ws/tros_ws/build/dnn_node_example -- -j12 -l12
[4.288s] Invoking command in '/cc_ws/tros_ws/build/dnn_node_example': AMENT_PREFIX_PATH=/cc_ws/tros_ws/install:${AMENT_PREFIX_PATH} CMAKE_PREFIX_PATH=/cc_ws/tros_ws/install:/opt/ros/humble LD_LIBRARY_PATH=/cc_ws/tros_ws/install/lib:/opt/ros/humble/opt/rviz_ogre_vendor/lib:/opt/ros/humble/lib/aarch64-linux-gnu:/opt/ros/humble/lib:/cc_ws/userdata/hobot/opt/hobot/deps PYTHONPATH=/cc_ws/tros_ws/install/lib/python3.10/site-packages:/cc_ws/tros_ws/install/local/lib/python3.10/dist-packages:${PYTHONPATH} /usr/bin/cmake --install /cc_ws/tros_ws/build/dnn_node_example
[4.326s] -- Install configuration: ""
[4.331s] -- Up-to-date: /cc_ws/tros_ws/install/lib/dnn_node_example/example
[4.332s] -- Up-to-date: /cc_ws/tros_ws/install/lib/libdnn_node_example_component.so
[4.347s] -- Up-to-date: /cc_ws/tros_ws/install/share/dnn_node_example/launch
[4.347s] -- Up-to-date: /cc_ws/tros_ws/install/share/dnn_node_example/launch/dnn_node_example_feedback.launch.py
[4.348s] -- Up-to-date: /cc_ws/tros_ws/install/share/dnn_node_example/launch/dnn_node_example_feedback_h264.launch.py
[4.356s] -- Up-to-date: /cc_ws/tros_ws/install/share/dnn_node_example/launch/dnn_node_example_mipi_component.launch.py
[4.356s] -- Up-to-date: /cc_ws/tros_ws/install/share/dnn_node_example/launch/dnn_node_example.launch.py
[4.356s] -- Up-to-date: /cc_ws/tros_ws/install/lib/dnn_node_example/config/
[4.356s] -- Up-to-date: /cc_ws/tros_ws/install/lib/dnn_node_example/config//fcosworkconfig.json
[4.357s] -- Up-to-date: /cc_ws/tros_ws/install/lib/dnn_node_example/config//mobilenet_ssd_workconfig.json
[4.357s] -- Up-to-date: /cc_ws/tros_ws/install/lib/dnn_node_example/config//yolov10workconfig.json
[4.357s] -- Up-to-date: /cc_ws/tros_ws/install/lib/dnn_node_example/config//efficientnet_lite0_workconfig.json
[4.357s] -- Up-to-date: /cc_ws/tros_ws/install/lib/dnn_node_example/config//mobilenetv2workconfig.json
[4.358s] -- Up-to-date: /cc_ws/tros_ws/install/lib/dnn_node_example/config//yolov11workconfig.json
[4.358s] -- Up-to-date: /cc_ws/tros_ws/install/lib/dnn_node_example/config//yolov2workconfig.json
[4.358s] -- Up-to-date: /cc_ws/tros_ws/install/lib/dnn_node_example/config//stdc_workconfig.json
[4.358s] -- Up-to-date: /cc_ws/tros_ws/install/lib/dnn_node_example/config//yolov8workconfig.json
[4.358s] -- Up-to-date: /cc_ws/tros_ws/install/lib/dnn_node_example/config//yolov5workconfig.json
[4.359s] -- Up-to-date: /cc_ws/tros_ws/install/lib/dnn_node_example/config//fcosb3workconfig.json
[4.373s] -- Up-to-date: /cc_ws/tros_ws/install/lib/dnn_node_example/config//yolov8segworkconfig.json
[4.374s] -- Up-to-date: /cc_ws/tros_ws/install/lib/dnn_node_example/config//yolov3workconfig.json
[4.374s] -- Up-to-date: /cc_ws/tros_ws/install/lib/dnn_node_example/config//mobilenet_unet_workconfig.json
[4.374s] -- Up-to-date: /cc_ws/tros_ws/install/lib/dnn_node_example/config//yolov12workconfig.json
[4.374s] -- Up-to-date: /cc_ws/tros_ws/install/lib/dnn_node_example/config/
[4.375s] -- Up-to-date: /cc_ws/tros_ws/install/lib/dnn_node_example/config//coco.list
[4.375s] -- Up-to-date: /cc_ws/tros_ws/install/lib/dnn_node_example/config//960_544.nv12
[4.376s] -- Up-to-date: /cc_ws/tros_ws/install/lib/dnn_node_example/config//test.jpg
[4.376s] -- Up-to-date: /cc_ws/tros_ws/install/lib/dnn_node_example/config//raw_unet.jpg
[4.376s] -- Up-to-date: /cc_ws/tros_ws/install/lib/dnn_node_example/config//target.jpg
[4.376s] -- Up-to-date: /cc_ws/tros_ws/install/lib/dnn_node_example/config//imagenet.list
[4.376s] -- Up-to-date: /cc_ws/tros_ws/install/lib/dnn_node_example/config//target_class.jpg
[4.377s] -- Up-to-date: /cc_ws/tros_ws/install/share/ament_index/resource_index/package_run_dependencies/dnn_node_example
[4.377s] -- Up-to-date: /cc_ws/tros_ws/install/share/ament_index/resource_index/parent_prefix_path/dnn_node_example
[4.377s] -- Up-to-date: /cc_ws/tros_ws/install/share/dnn_node_example/environment/ament_prefix_path.sh
[4.377s] -- Installing: /cc_ws/tros_ws/install/share/dnn_node_example/environment/ament_prefix_path.dsv
[4.378s] -- Up-to-date: /cc_ws/tros_ws/install/share/dnn_node_example/environment/path.sh
[4.378s] -- Installing: /cc_ws/tros_ws/install/share/dnn_node_example/environment/path.dsv
[4.378s] -- Up-to-date: /cc_ws/tros_ws/install/share/dnn_node_example/local_setup.bash
[4.378s] -- Up-to-date: /cc_ws/tros_ws/install/share/dnn_node_example/local_setup.sh
[4.379s] -- Up-to-date: /cc_ws/tros_ws/install/share/dnn_node_example/local_setup.zsh
[4.379s] -- Installing: /cc_ws/tros_ws/install/share/dnn_node_example/local_setup.dsv
[4.379s] -- Installing: /cc_ws/tros_ws/install/share/dnn_node_example/package.dsv
[4.380s] -- Up-to-date: /cc_ws/tros_ws/install/share/ament_index/resource_index/packages/dnn_node_example
[4.380s] -- Up-to-date: /cc_ws/tros_ws/install/share/ament_index/resource_index/rclcpp_components/dnn_node_example
[4.380s] -- Up-to-date: /cc_ws/tros_ws/install/share/dnn_node_example/cmake/dnn_node_exampleConfig.cmake
[4.380s] -- Up-to-date: /cc_ws/tros_ws/install/share/dnn_node_example/cmake/dnn_node_exampleConfig-version.cmake
[4.380s] -- Up-to-date: /cc_ws/tros_ws/install/share/dnn_node_example/package.xml
[4.452s] Invoked command in '/cc_ws/tros_ws/build/dnn_node_example' returned '0': AMENT_PREFIX_PATH=/cc_ws/tros_ws/install:${AMENT_PREFIX_PATH} CMAKE_PREFIX_PATH=/cc_ws/tros_ws/install:/opt/ros/humble LD_LIBRARY_PATH=/cc_ws/tros_ws/install/lib:/opt/ros/humble/opt/rviz_ogre_vendor/lib:/opt/ros/humble/lib/aarch64-linux-gnu:/opt/ros/humble/lib:/cc_ws/userdata/hobot/opt/hobot/deps PYTHONPATH=/cc_ws/tros_ws/install/lib/python3.10/site-packages:/cc_ws/tros_ws/install/local/lib/python3.10/dist-packages:${PYTHONPATH} /usr/bin/cmake --install /cc_ws/tros_ws/build/dnn_node_example
