Not searching for unused variables given on the command line.
-- The C compiler identification is GNU 11.4.0
-- The CXX compiler identification is GNU 11.4.0
-- Detecting C compiler ABI info
-- Detecting C compiler ABI info - done
-- Check for working C compiler: /usr/bin/aarch64-linux-gnu-gcc - skipped
-- Detecting C compile features
-- Detecting C compile features - done
-- Detecting CXX compiler ABI info
-- Detecting CXX compiler ABI info - done
-- Check for working CXX compiler: /usr/bin/aarch64-linux-gnu-g++ - skipped
-- Detecting CXX compile features
-- Detecting CXX compile features - done
-- Found ament_cmake: 1.3.8 (/opt/ros/humble/share/ament_cmake/cmake)
-- Found Python3: /usr/bin/python3 (found version "3.10.12") found components: Interpreter 
[33mCMake Warning (dev) at /opt/ros/humble/share/ament_cmake_test/cmake/ament_cmake_test-extras.cmake:19 (option):
  Policy CMP0077 is not set: option() honors normal variables.  Run "cmake
  --help-policy CMP0077" for policy details.  Use the cmake_policy command to
  set the policy and suppress this warning.

  For compatibility with older versions of CMake, option is clearing the
  normal variable 'BUILD_TESTING'.
Call Stack (most recent call first):
  /opt/ros/humble/share/ament_cmake_test/cmake/ament_cmake_testConfig.cmake:41 (include)
  /opt/ros/humble/share/ament_cmake/cmake/ament_cmake_export_dependencies-extras.cmake:21 (find_package)
  /opt/ros/humble/share/ament_cmake/cmake/ament_cmakeConfig.cmake:41 (include)
  CMakeLists.txt:33 (find_package)
This warning is for project developers.  Use -Wno-dev to suppress it.
[0m
-- Found rclcpp: 16.0.8 (/opt/ros/humble/share/rclcpp/cmake)
-- Found rosidl_generator_c: 3.1.5 (/opt/ros/humble/share/rosidl_generator_c/cmake)
-- Found rosidl_adapter: 3.1.5 (/opt/ros/humble/share/rosidl_adapter/cmake)
-- Found rosidl_generator_cpp: 3.1.5 (/opt/ros/humble/share/rosidl_generator_cpp/cmake)
-- Using all available rosidl_typesupport_c: rosidl_typesupport_fastrtps_c;rosidl_typesupport_introspection_c
-- Using all available rosidl_typesupport_cpp: rosidl_typesupport_fastrtps_cpp;rosidl_typesupport_introspection_cpp
-- Found rmw_implementation_cmake: 6.1.1 (/opt/ros/humble/share/rmw_implementation_cmake/cmake)
-- Found rmw_fastrtps_cpp: 6.2.6 (/opt/ros/humble/share/rmw_fastrtps_cpp/cmake)
-- Found OpenSSL: /cc_ws/tros_ws/robot_dev_config/../../sysroot_docker/usr/lib/aarch64-linux-gnu/libcrypto.so (found version "3.0.2")  
-- Found FastRTPS: /opt/ros/humble/include  
-- Using RMW implementation 'rmw_fastrtps_cpp' as default
-- Looking for pthread.h
-- Looking for pthread.h - found
-- Performing Test CMAKE_HAVE_LIBC_PTHREAD
-- Performing Test CMAKE_HAVE_LIBC_PTHREAD - Success
-- Found Threads: TRUE  
-- Found ai_msgs: 2.0.1 (/cc_ws/tros_ws/robot_dev_config/../install/share/ai_msgs/cmake)
-- Found dnn_node: 2.5.4 (/cc_ws/tros_ws/robot_dev_config/../install/share/dnn_node/cmake)
[0mbuild platform X5[0m
[0mCMAKE_SYSROOT is /cc_ws/tros_ws/robot_dev_config/../../sysroot_docker[0m
-- Configuring done
-- Generating done
-- Build files have been written to: /cc_ws/tros_ws/build/hand_gesture_detection
[ 12%] [32mBuilding CXX object CMakeFiles/hand_gesture_detection.dir/src/main.cpp.o[0m
[ 50%] [32mBuilding CXX object CMakeFiles/hand_gesture_detection.dir/src/lmks_process.cpp.o[0m
[ 50%] [32mBuilding CXX object CMakeFiles/hand_gesture_detection.dir/src/gesture_postprocess.cpp.o[0m
[ 50%] [32mBuilding CXX object CMakeFiles/hand_gesture_detection.dir/src/threads/threadpool.cpp.o[0m
[ 62%] [32mBuilding CXX object CMakeFiles/hand_gesture_detection.dir/src/gesture_preprocess.cpp.o[0m
[ 75%] [32mBuilding CXX object CMakeFiles/hand_gesture_detection.dir/src/gesture_postprocess_util.cc.o[0m
[ 87%] [32mBuilding CXX object CMakeFiles/hand_gesture_detection.dir/src/hand_gesture_det_node.cpp.o[0m
[100%] [32m[1mLinking CXX executable hand_gesture_detection[0m
[100%] Built target hand_gesture_detection
-- Install configuration: ""
-- Installing: /cc_ws/tros_ws/install/lib/hand_gesture_detection/hand_gesture_detection
-- Set runtime path of "/cc_ws/tros_ws/install/lib/hand_gesture_detection/hand_gesture_detection" to ""
-- Installing: /cc_ws/tros_ws/install/lib/hand_gesture_detection/config/
-- Installing: /cc_ws/tros_ws/install/lib/hand_gesture_detection/config//gestureDet_8x21.hbm
-- Installing: /cc_ws/tros_ws/install/lib/hand_gesture_detection/config//gestureDet_32x21.hbm
-- Installing: /cc_ws/tros_ws/install/lib/hand_gesture_detection/config/person_face_hand.jpg
-- Installing: /cc_ws/tros_ws/install/share/hand_gesture_detection/launch
-- Installing: /cc_ws/tros_ws/install/share/hand_gesture_detection/launch/hand_gesture_detection.launch.py
-- Installing: /cc_ws/tros_ws/install/share/hand_gesture_detection/launch/hand_gesture_fusion_img_fb.launch.py
-- Installing: /cc_ws/tros_ws/install/share/hand_gesture_detection/launch/hand_gesture_fusion.launch.py
-- Installing: /cc_ws/tros_ws/install/share/ament_index/resource_index/package_run_dependencies/hand_gesture_detection
-- Installing: /cc_ws/tros_ws/install/share/ament_index/resource_index/parent_prefix_path/hand_gesture_detection
-- Installing: /cc_ws/tros_ws/install/share/hand_gesture_detection/environment/ament_prefix_path.sh
-- Installing: /cc_ws/tros_ws/install/share/hand_gesture_detection/environment/ament_prefix_path.dsv
-- Installing: /cc_ws/tros_ws/install/share/hand_gesture_detection/environment/path.sh
-- Installing: /cc_ws/tros_ws/install/share/hand_gesture_detection/environment/path.dsv
-- Installing: /cc_ws/tros_ws/install/share/hand_gesture_detection/local_setup.bash
-- Installing: /cc_ws/tros_ws/install/share/hand_gesture_detection/local_setup.sh
-- Installing: /cc_ws/tros_ws/install/share/hand_gesture_detection/local_setup.zsh
-- Installing: /cc_ws/tros_ws/install/share/hand_gesture_detection/local_setup.dsv
-- Installing: /cc_ws/tros_ws/install/share/hand_gesture_detection/package.dsv
-- Installing: /cc_ws/tros_ws/install/share/ament_index/resource_index/packages/hand_gesture_detection
-- Installing: /cc_ws/tros_ws/install/share/hand_gesture_detection/cmake/hand_gesture_detectionConfig.cmake
-- Installing: /cc_ws/tros_ws/install/share/hand_gesture_detection/cmake/hand_gesture_detectionConfig-version.cmake
-- Installing: /cc_ws/tros_ws/install/share/hand_gesture_detection/package.xml
