Not searching for unused variables given on the command line.
-- The C compiler identification is GNU 11.4.0
-- The CXX compiler identification is GNU 11.4.0
-- Detecting C compiler ABI info
-- Detecting C compiler ABI info - done
-- Check for working C compiler: /usr/bin/aarch64-linux-gnu-gcc - skipped
-- Detecting C compile features
-- Detecting C compile features - done
-- Detecting CXX compiler ABI info
-- Detecting CXX compiler ABI info - done
-- Check for working CXX compiler: /usr/bin/aarch64-linux-gnu-g++ - skipped
-- Detecting CXX compile features
-- Detecting CXX compile features - done
-- Found hbm_img_msgs: 2.0.0 (/cc_ws/tros_ws/robot_dev_config/../install/share/hbm_img_msgs/cmake)
-- Found Python3: /usr/bin/python3 (found version "3.10.12") found components: Interpreter 
-- Found rosidl_generator_c: 3.1.5 (/opt/ros/humble/share/rosidl_generator_c/cmake)
-- Found rosidl_adapter: 3.1.5 (/opt/ros/humble/share/rosidl_adapter/cmake)
-- Found rosidl_generator_cpp: 3.1.5 (/opt/ros/humble/share/rosidl_generator_cpp/cmake)
-- Using all available rosidl_typesupport_c: rosidl_typesupport_fastrtps_c;rosidl_typesupport_introspection_c
-- Using all available rosidl_typesupport_cpp: rosidl_typesupport_fastrtps_cpp;rosidl_typesupport_introspection_cpp
-- Found OpenCV: /cc_ws/sysroot_docker/usr_x5 (found version "4.5.4") 
-- Found PkgConfig: /usr/bin/pkg-config (found version "0.29.2") 
-- Checking for module 'libavcodec'
--   Found libavcodec, version 58.134.100
-- Checking for module 'libavutil'
--   Found libavutil, version 56.70.100
-- Checking for module 'libswscale'
--   Found libswscale, version 5.9.100
-- Found ament_cmake_auto: 1.3.8 (/opt/ros/humble/share/ament_cmake_auto/cmake)
-- Found rmw_implementation_cmake: 6.1.1 (/opt/ros/humble/share/rmw_implementation_cmake/cmake)
-- Found rmw_fastrtps_cpp: 6.2.6 (/opt/ros/humble/share/rmw_fastrtps_cpp/cmake)
-- Found OpenSSL: /cc_ws/tros_ws/robot_dev_config/../../sysroot_docker/usr/lib/aarch64-linux-gnu/libcrypto.so (found version "3.0.2")  
-- Found FastRTPS: /opt/ros/humble/include  
-- Using RMW implementation 'rmw_fastrtps_cpp' as default
-- Looking for pthread.h
-- Looking for pthread.h - found
-- Performing Test CMAKE_HAVE_LIBC_PTHREAD
-- Performing Test CMAKE_HAVE_LIBC_PTHREAD - Success
-- Found Threads: TRUE  
[33mCMake Warning (dev) at /opt/ros/humble/share/ament_cmake_test/cmake/ament_cmake_test-extras.cmake:19 (option):
  Policy CMP0077 is not set: option() honors normal variables.  Run "cmake
  --help-policy CMP0077" for policy details.  Use the cmake_policy command to
  set the policy and suppress this warning.

  For compatibility with older versions of CMake, option is clearing the
  normal variable 'BUILD_TESTING'.
Call Stack (most recent call first):
  /opt/ros/humble/share/ament_cmake_test/cmake/ament_cmake_testConfig.cmake:41 (include)
  /opt/ros/humble/share/ament_cmake/cmake/ament_cmake_export_dependencies-extras.cmake:21 (find_package)
  /opt/ros/humble/share/ament_cmake/cmake/ament_cmakeConfig.cmake:41 (include)
  /opt/ros/humble/share/rcutils/cmake/ament_cmake_export_dependencies-extras.cmake:21 (find_package)
  /opt/ros/humble/share/rcutils/cmake/rcutilsConfig.cmake:41 (include)
  /opt/ros/humble/share/rosidl_runtime_c/cmake/ament_cmake_export_dependencies-extras.cmake:21 (find_package)
  /opt/ros/humble/share/rosidl_runtime_c/cmake/rosidl_runtime_cConfig.cmake:41 (include)
  /opt/ros/humble/share/builtin_interfaces/cmake/ament_cmake_export_dependencies-extras.cmake:21 (find_package)
  /opt/ros/humble/share/builtin_interfaces/cmake/builtin_interfacesConfig.cmake:41 (include)
  /cc_ws/tros_ws/install/share/hbm_img_msgs/cmake/ament_cmake_export_dependencies-extras.cmake:21 (find_package)
  /cc_ws/tros_ws/install/share/hbm_img_msgs/cmake/hbm_img_msgsConfig.cmake:41 (include)
  CMakeLists.txt:32 (find_package)
This warning is for project developers.  Use -Wno-dev to suppress it.
[0m
-- Found ament_lint_auto: 0.12.10 (/opt/ros/humble/share/ament_lint_auto/cmake)
-- Added test 'copyright' to check source files copyright and LICENSE
-- Added test 'cppcheck' to perform static code analysis on C / C++ code
-- Configured cppcheck include dirs: /cc_ws/tros_ws/src/box/hobot_sensor/hobot_usb_cam/include
-- Configured cppcheck exclude dirs and/or files: 
-- Added test 'cpplint' to check C / C++ code against the Google style
-- Configured cpplint exclude dirs and/or files: 
-- Added test 'flake8' to check Python code syntax and style conventions
-- Added test 'lint_cmake' to check CMake code style
-- Added test 'pep257' to check Python code against some of the docstring style conventions in PEP 257
-- Added test 'uncrustify' to check C / C++ code style
-- Configured uncrustify additional arguments: 
-- Added test 'xmllint' to check XML markup files
-- Configuring done
-- Generating done
-- Build files have been written to: /cc_ws/tros_ws/build/hobot_usb_cam
[ 25%] [32mBuilding CXX object CMakeFiles/hobot_usb_cam.dir/src/hobot_usb_cam_exec.cpp.o[0m
[ 50%] [32mBuilding CXX object CMakeFiles/hobot_usb_cam.dir/src/hobot_usb_cam.cpp.o[0m
[ 75%] [32mBuilding CXX object CMakeFiles/hobot_usb_cam.dir/src/hobot_usb_cam_node.cpp.o[0m
In file included from [01m[K/cc_ws/tros_ws/src/box/hobot_sensor/hobot_usb_cam/include/hobot_usb_cam/hobot_usb_cam.hpp:51[m[K,
                 from [01m[K/cc_ws/tros_ws/src/box/hobot_sensor/hobot_usb_cam/include/hobot_usb_cam/hobot_usb_cam_node.hpp:45[m[K,
                 from [01m[K/cc_ws/tros_ws/src/box/hobot_sensor/hobot_usb_cam/src/hobot_usb_cam_exec.cpp:15[m[K:
[01m[K/cc_ws/tros_ws/src/box/hobot_sensor/hobot_usb_cam/include/hobot_usb_cam/formats/mjpeg.hpp:[m[K In constructor ‘[01m[Kusb_cam::formats::RAW_MJPEG::RAW_MJPEG(const AVPixelFormat&)[m[K’:
[01m[K/cc_ws/tros_ws/src/box/hobot_sensor/hobot_usb_cam/include/hobot_usb_cam/formats/mjpeg.hpp:82:44:[m[K [01;35m[Kwarning: [m[Kunused parameter ‘[01m[KavDeviceFormat[m[K’ [[01;35m[K-Wunused-parameter[m[K]
   82 |   explicit RAW_MJPEG([01;35m[Kconst AVPixelFormat & avDeviceFormat[m[K)
      |                      [01;35m[K~~~~~~~~~~~~~~~~~~~~~~^~~~~~~~~~~~~~[m[K
In file included from [01m[K/cc_ws/tros_ws/src/box/hobot_sensor/hobot_usb_cam/include/hobot_usb_cam/hobot_usb_cam.hpp:51[m[K,
                 from [01m[K/cc_ws/tros_ws/src/box/hobot_sensor/hobot_usb_cam/src/hobot_usb_cam.cpp:55[m[K:
[01m[K/cc_ws/tros_ws/src/box/hobot_sensor/hobot_usb_cam/include/hobot_usb_cam/formats/mjpeg.hpp:[m[K In constructor ‘[01m[Kusb_cam::formats::RAW_MJPEG::RAW_MJPEG(const AVPixelFormat&)[m[K’:
[01m[K/cc_ws/tros_ws/src/box/hobot_sensor/hobot_usb_cam/include/hobot_usb_cam/formats/mjpeg.hpp:82:44:[m[K [01;35m[Kwarning: [m[Kunused parameter ‘[01m[KavDeviceFormat[m[K’ [[01;35m[K-Wunused-parameter[m[K]
   82 |   explicit RAW_MJPEG([01;35m[Kconst AVPixelFormat & avDeviceFormat[m[K)
      |                      [01;35m[K~~~~~~~~~~~~~~~~~~~~~~^~~~~~~~~~~~~~[m[K
In file included from [01m[K/cc_ws/tros_ws/src/box/hobot_sensor/hobot_usb_cam/include/hobot_usb_cam/hobot_usb_cam.hpp:51[m[K,
                 from [01m[K/cc_ws/tros_ws/src/box/hobot_sensor/hobot_usb_cam/include/hobot_usb_cam/hobot_usb_cam_node.hpp:45[m[K,
                 from [01m[K/cc_ws/tros_ws/src/box/hobot_sensor/hobot_usb_cam/src/hobot_usb_cam_node.cpp:36[m[K:
[01m[K/cc_ws/tros_ws/src/box/hobot_sensor/hobot_usb_cam/include/hobot_usb_cam/formats/mjpeg.hpp:[m[K In constructor ‘[01m[Kusb_cam::formats::RAW_MJPEG::RAW_MJPEG(const AVPixelFormat&)[m[K’:
[01m[K/cc_ws/tros_ws/src/box/hobot_sensor/hobot_usb_cam/include/hobot_usb_cam/formats/mjpeg.hpp:82:44:[m[K [01;35m[Kwarning: [m[Kunused parameter ‘[01m[KavDeviceFormat[m[K’ [[01;35m[K-Wunused-parameter[m[K]
   82 |   explicit RAW_MJPEG([01;35m[Kconst AVPixelFormat & avDeviceFormat[m[K)
      |                      [01;35m[K~~~~~~~~~~~~~~~~~~~~~~^~~~~~~~~~~~~~[m[K
In file included from [01m[K/cc_ws/tros_ws/src/box/hobot_sensor/hobot_usb_cam/src/hobot_usb_cam_node.cpp:36[m[K:
[01m[K/cc_ws/tros_ws/src/box/hobot_sensor/hobot_usb_cam/include/hobot_usb_cam/hobot_usb_cam_node.hpp:[m[K In constructor ‘[01m[Kusb_cam::HobotUsbCamNode::HobotUsbCamNode(const rclcpp::NodeOptions&)[m[K’:
[01m[K/cc_ws/tros_ws/src/box/hobot_sensor/hobot_usb_cam/include/hobot_usb_cam/hobot_usb_cam_node.hpp:89:67:[m[K [01;35m[Kwarning: [m[K‘[01m[Kusb_cam::HobotUsbCamNode::m_compressed_image_publisher[m[K’ will be initialized after [[01;35m[K-Wreorder[m[K]
   89 |   rclcpp::Publisher<sensor_msgs::msg::CompressedImage>::SharedPtr [01;35m[Km_compressed_image_publisher[m[K;
      |                                                                   [01;35m[K^~~~~~~~~~~~~~~~~~~~~~~~~~~~[m[K
[01m[K/cc_ws/tros_ws/src/box/hobot_sensor/hobot_usb_cam/include/hobot_usb_cam/hobot_usb_cam_node.hpp:88:57:[m[K [01;35m[Kwarning: [m[K  ‘[01m[Krclcpp::Publisher<sensor_msgs::msg::Image_<std::allocator<void> > >::SharedPtr usb_cam::HobotUsbCamNode::m_image_publisher[m[K’ [[01;35m[K-Wreorder[m[K]
   88 |   rclcpp::Publisher<sensor_msgs::msg::Image>::SharedPtr [01;35m[Km_image_publisher[m[K;
      |                                                         [01;35m[K^~~~~~~~~~~~~~~~~[m[K
[01m[K/cc_ws/tros_ws/src/box/hobot_sensor/hobot_usb_cam/src/hobot_usb_cam_node.cpp:44:1:[m[K [01;35m[Kwarning: [m[K  when initialized here [[01;35m[K-Wreorder[m[K]
   44 | [01;35m[KHobotUsbCamNode[m[K::HobotUsbCamNode(const rclcpp::NodeOptions & node_options)
      | [01;35m[K^~~~~~~~~~~~~~~[m[K
In file included from [01m[K/opt/ros/humble/include/rclcpp/rclcpp/logging.hpp:24[m[K,
                 from [01m[K/opt/ros/humble/include/rclcpp/rclcpp/client.hpp:40[m[K,
                 from [01m[K/opt/ros/humble/include/rclcpp/rclcpp/callback_group.hpp:24[m[K,
                 from [01m[K/opt/ros/humble/include/rclcpp/rclcpp/any_executable.hpp:20[m[K,
                 from [01m[K/opt/ros/humble/include/rclcpp/rclcpp/memory_strategy.hpp:25[m[K,
                 from [01m[K/opt/ros/humble/include/rclcpp/rclcpp/memory_strategies.hpp:18[m[K,
                 from [01m[K/opt/ros/humble/include/rclcpp/rclcpp/executor_options.hpp:20[m[K,
                 from [01m[K/opt/ros/humble/include/rclcpp/rclcpp/executor.hpp:37[m[K,
                 from [01m[K/opt/ros/humble/include/rclcpp/rclcpp/executors/multi_threaded_executor.hpp:25[m[K,
                 from [01m[K/opt/ros/humble/include/rclcpp/rclcpp/executors.hpp:21[m[K,
                 from [01m[K/opt/ros/humble/include/rclcpp/rclcpp/rclcpp.hpp:155[m[K,
                 from [01m[K/cc_ws/tros_ws/src/box/hobot_sensor/hobot_usb_cam/include/hobot_usb_cam/hobot_usb_cam_node.hpp:40[m[K,
                 from [01m[K/cc_ws/tros_ws/src/box/hobot_sensor/hobot_usb_cam/src/hobot_usb_cam_node.cpp:36[m[K:
[01m[K/cc_ws/tros_ws/src/box/hobot_sensor/hobot_usb_cam/src/hobot_usb_cam_node.cpp:[m[K In member function ‘[01m[Kvoid usb_cam::HobotUsbCamNode::assign_params(const std::vector<rclcpp::Parameter>&)[m[K’:
[01m[K/cc_ws/tros_ws/src/box/hobot_sensor/hobot_usb_cam/src/hobot_usb_cam_node.cpp:259:39:[m[K [01;35m[Kwarning: [m[Kformat ‘[01m[K%d[m[K’ expects argument of type ‘[01m[Kint[m[K’, but argument 5 has type ‘[01m[Kint64_t[m[K’ {aka ‘[01m[Klong int[m[K’} [[01;35m[K-Wformat=[m[K]
  259 |       RCLCPP_WARN(this->get_logger(), [01;35m[K"framerate: %d"[m[K, [32m[Kparameter.as_int()[m[K);
      |                                       [01;35m[K^~~~~~~~~~~~~~~[m[K  [32m[K~~~~~~~~~~~~~~~~~~[m[K
      |                                                                        [32m[K|[m[K
      |                                                                        [32m[Kint64_t {aka long int}[m[K
[01m[K/cc_ws/tros_ws/src/box/hobot_sensor/hobot_usb_cam/src/hobot_usb_cam_node.cpp:259:52:[m[K [01;36m[Knote: [m[Kformat string is defined here
  259 |       RCLCPP_WARN(this->get_logger(), "framerate: [01;36m[K%d[m[K", parameter.as_int());
      |                                                   [01;36m[K~^[m[K
      |                                                    [01;36m[K|[m[K
      |                                                    [01;36m[Kint[m[K
      |                                                   [32m[K%ld[m[K
In file included from [01m[K/opt/ros/humble/include/rclcpp/rclcpp/logging.hpp:24[m[K,
                 from [01m[K/opt/ros/humble/include/rclcpp/rclcpp/client.hpp:40[m[K,
                 from [01m[K/opt/ros/humble/include/rclcpp/rclcpp/callback_group.hpp:24[m[K,
                 from [01m[K/opt/ros/humble/include/rclcpp/rclcpp/any_executable.hpp:20[m[K,
                 from [01m[K/opt/ros/humble/include/rclcpp/rclcpp/memory_strategy.hpp:25[m[K,
                 from [01m[K/opt/ros/humble/include/rclcpp/rclcpp/memory_strategies.hpp:18[m[K,
                 from [01m[K/opt/ros/humble/include/rclcpp/rclcpp/executor_options.hpp:20[m[K,
                 from [01m[K/opt/ros/humble/include/rclcpp/rclcpp/executor.hpp:37[m[K,
                 from [01m[K/opt/ros/humble/include/rclcpp/rclcpp/executors/multi_threaded_executor.hpp:25[m[K,
                 from [01m[K/opt/ros/humble/include/rclcpp/rclcpp/executors.hpp:21[m[K,
                 from [01m[K/opt/ros/humble/include/rclcpp/rclcpp/rclcpp.hpp:155[m[K,
                 from [01m[K/cc_ws/tros_ws/src/box/hobot_sensor/hobot_usb_cam/include/hobot_usb_cam/hobot_usb_cam_node.hpp:40[m[K,
                 from [01m[K/cc_ws/tros_ws/src/box/hobot_sensor/hobot_usb_cam/src/hobot_usb_cam_node.cpp:36[m[K:
[01m[K/cc_ws/tros_ws/src/box/hobot_sensor/hobot_usb_cam/src/hobot_usb_cam_node.cpp:[m[K In member function ‘[01m[Kbool usb_cam::HobotUsbCamNode::take_and_send_image()[m[K’:
[01m[K/cc_ws/tros_ws/src/box/hobot_sensor/hobot_usb_cam/src/hobot_usb_cam_node.cpp:391:35:[m[K [01;35m[Kwarning: [m[Kformat ‘[01m[K%d[m[K’ expects argument of type ‘[01m[Kint[m[K’, but argument 5 has type ‘[01m[Ksize_t[m[K’ {aka ‘[01m[Klong unsigned int[m[K’} [[01;35m[K-Wformat=[m[K]
  391 |   RCLCPP_INFO(this->get_logger(), [01;35m[K"take_and_send_image,size:%d"[m[K, [32m[Km_camera->get_image_data_size()[m[K);
      |                                   [01;35m[K^~~~~~~~~~~~~~~~~~~~~~~~~~~~~[m[K  [32m[K~~~~~~~~~~~~~~~~~~~~~~~~~~~~~~~[m[K
      |                                                                                               [32m[K|[m[K
      |                                                                                               [32m[Ksize_t {aka long unsigned int}[m[K
[01m[K/cc_ws/tros_ws/src/box/hobot_sensor/hobot_usb_cam/src/hobot_usb_cam_node.cpp:391:62:[m[K [01;36m[Knote: [m[Kformat string is defined here
  391 |   RCLCPP_INFO(this->get_logger(), "take_and_send_image,size:[01;36m[K%d[m[K", m_camera->get_image_data_size());
      |                                                             [01;36m[K~^[m[K
      |                                                              [01;36m[K|[m[K
      |                                                              [01;36m[Kint[m[K
      |                                                             [32m[K%ld[m[K
[100%] [32m[1mLinking CXX executable hobot_usb_cam[0m
[100%] Built target hobot_usb_cam
-- Install configuration: ""
-- Installing: /cc_ws/tros_ws/install/lib/hobot_usb_cam/hobot_usb_cam
-- Set runtime path of "/cc_ws/tros_ws/install/lib/hobot_usb_cam/hobot_usb_cam" to ""
-- Installing: /cc_ws/tros_ws/install/share/hobot_usb_cam//launch
-- Installing: /cc_ws/tros_ws/install/share/hobot_usb_cam//launch/hobot_usb_cam_websocket.launch.py
-- Installing: /cc_ws/tros_ws/install/share/hobot_usb_cam//launch/hobot_usb_cam.launch.py
-- Installing: /cc_ws/tros_ws/install/share/ament_index/resource_index/package_run_dependencies/hobot_usb_cam
-- Installing: /cc_ws/tros_ws/install/share/ament_index/resource_index/parent_prefix_path/hobot_usb_cam
-- Installing: /cc_ws/tros_ws/install/share/hobot_usb_cam/environment/ament_prefix_path.sh
-- Installing: /cc_ws/tros_ws/install/share/hobot_usb_cam/environment/ament_prefix_path.dsv
-- Installing: /cc_ws/tros_ws/install/share/hobot_usb_cam/environment/path.sh
-- Installing: /cc_ws/tros_ws/install/share/hobot_usb_cam/environment/path.dsv
-- Installing: /cc_ws/tros_ws/install/share/hobot_usb_cam/local_setup.bash
-- Installing: /cc_ws/tros_ws/install/share/hobot_usb_cam/local_setup.sh
-- Installing: /cc_ws/tros_ws/install/share/hobot_usb_cam/local_setup.zsh
-- Installing: /cc_ws/tros_ws/install/share/hobot_usb_cam/local_setup.dsv
-- Installing: /cc_ws/tros_ws/install/share/hobot_usb_cam/package.dsv
-- Installing: /cc_ws/tros_ws/install/share/ament_index/resource_index/packages/hobot_usb_cam
-- Installing: /cc_ws/tros_ws/install/share/hobot_usb_cam/cmake/hobot_usb_camConfig.cmake
-- Installing: /cc_ws/tros_ws/install/share/hobot_usb_cam/cmake/hobot_usb_camConfig-version.cmake
-- Installing: /cc_ws/tros_ws/install/share/hobot_usb_cam/package.xml
