[0.085s] Invoking command in '/cc_ws/tros_ws/build/hobot_usb_cam': AMENT_PREFIX_PATH=/cc_ws/tros_ws/install:${AMENT_PREFIX_PATH} CMAKE_PREFIX_PATH=/cc_ws/tros_ws/install:/opt/ros/humble LD_LIBRARY_PATH=/cc_ws/tros_ws/install/lib:/opt/ros/humble/opt/rviz_ogre_vendor/lib:/opt/ros/humble/lib/aarch64-linux-gnu:/opt/ros/humble/lib:/cc_ws/userdata/hobot/opt/hobot/deps PYTHONPATH=/cc_ws/tros_ws/install/local/lib/python3.10/dist-packages:${PYTHONPATH} /usr/bin/cmake /cc_ws/tros_ws/src/box/hobot_sensor/hobot_usb_cam -DCMAKE_EXPORT_COMPILE_COMMANDS=ON --no-warn-unused-cli -DCMAKE_TOOLCHAIN_FILE=/cc_ws/tros_ws/robot_dev_config/aarch64_toolchainfile.cmake -DPLATFORM_X5=ON -DTHIRDPARTY=ON -DBUILD_TESTING=OFF -DCMAKE_BUILD_RPATH=/cc_ws/tros_ws/build/poco_vendor/poco_external_project_install/lib/;/cc_ws/tros_ws/build/libyaml_vendor/libyaml_install/lib/ -DCMAKE_INSTALL_PREFIX=/cc_ws/tros_ws/install
[5.906s] Not searching for unused variables given on the command line.
[5.906s] -- The C compiler identification is GNU 11.4.0
[5.907s] -- The CXX compiler identification is GNU 11.4.0
[5.907s] -- Detecting C compiler ABI info
[5.907s] -- Detecting C compiler ABI info - done
[5.907s] -- Check for working C compiler: /usr/bin/aarch64-linux-gnu-gcc - skipped
[5.908s] -- Detecting C compile features
[5.908s] -- Detecting C compile features - done
[5.912s] -- Detecting CXX compiler ABI info
[5.912s] -- Detecting CXX compiler ABI info - done
[5.912s] -- Check for working CXX compiler: /usr/bin/aarch64-linux-gnu-g++ - skipped
[5.912s] -- Detecting CXX compile features
[5.913s] -- Detecting CXX compile features - done
[5.913s] -- Found hbm_img_msgs: 2.0.0 (/cc_ws/tros_ws/robot_dev_config/../install/share/hbm_img_msgs/cmake)
[5.913s] -- Found Python3: /usr/bin/python3 (found version "3.10.12") found components: Interpreter 
[5.913s] -- Found rosidl_generator_c: 3.1.5 (/opt/ros/humble/share/rosidl_generator_c/cmake)
[5.913s] -- Found rosidl_adapter: 3.1.5 (/opt/ros/humble/share/rosidl_adapter/cmake)
[5.913s] -- Found rosidl_generator_cpp: 3.1.5 (/opt/ros/humble/share/rosidl_generator_cpp/cmake)
[5.914s] -- Using all available rosidl_typesupport_c: rosidl_typesupport_fastrtps_c;rosidl_typesupport_introspection_c
[5.914s] -- Using all available rosidl_typesupport_cpp: rosidl_typesupport_fastrtps_cpp;rosidl_typesupport_introspection_cpp
[5.914s] -- Found OpenCV: /cc_ws/sysroot_docker/usr_x5 (found version "4.5.4") 
[5.914s] -- Found PkgConfig: /usr/bin/pkg-config (found version "0.29.2") 
[5.914s] -- Checking for module 'libavcodec'
[5.915s] --   Found libavcodec, version 58.134.100
[5.915s] -- Checking for module 'libavutil'
[5.915s] --   Found libavutil, version 56.70.100
[5.915s] -- Checking for module 'libswscale'
[5.915s] --   Found libswscale, version 5.9.100
[5.915s] -- Found ament_cmake_auto: 1.3.8 (/opt/ros/humble/share/ament_cmake_auto/cmake)
[5.916s] -- Found rmw_implementation_cmake: 6.1.1 (/opt/ros/humble/share/rmw_implementation_cmake/cmake)
[5.916s] -- Found rmw_fastrtps_cpp: 6.2.6 (/opt/ros/humble/share/rmw_fastrtps_cpp/cmake)
[5.916s] -- Found OpenSSL: /cc_ws/tros_ws/robot_dev_config/../../sysroot_docker/usr/lib/aarch64-linux-gnu/libcrypto.so (found version "3.0.2")  
[5.916s] -- Found FastRTPS: /opt/ros/humble/include  
[5.916s] -- Using RMW implementation 'rmw_fastrtps_cpp' as default
[5.917s] -- Looking for pthread.h
[5.917s] -- Looking for pthread.h - found
[5.917s] -- Performing Test CMAKE_HAVE_LIBC_PTHREAD
[5.917s] -- Performing Test CMAKE_HAVE_LIBC_PTHREAD - Success
[5.917s] -- Found Threads: TRUE  
[5.918s] [33mCMake Warning (dev) at /opt/ros/humble/share/ament_cmake_test/cmake/ament_cmake_test-extras.cmake:19 (option):
[5.918s]   Policy CMP0077 is not set: option() honors normal variables.  Run "cmake
[5.918s]   --help-policy CMP0077" for policy details.  Use the cmake_policy command to
[5.918s]   set the policy and suppress this warning.
[5.918s] 
[5.918s]   For compatibility with older versions of CMake, option is clearing the
[5.919s]   normal variable 'BUILD_TESTING'.
[5.919s] Call Stack (most recent call first):
[5.919s]   /opt/ros/humble/share/ament_cmake_test/cmake/ament_cmake_testConfig.cmake:41 (include)
[5.919s]   /opt/ros/humble/share/ament_cmake/cmake/ament_cmake_export_dependencies-extras.cmake:21 (find_package)
[5.920s]   /opt/ros/humble/share/ament_cmake/cmake/ament_cmakeConfig.cmake:41 (include)
[5.920s]   /opt/ros/humble/share/rcutils/cmake/ament_cmake_export_dependencies-extras.cmake:21 (find_package)
[5.920s]   /opt/ros/humble/share/rcutils/cmake/rcutilsConfig.cmake:41 (include)
[5.920s]   /opt/ros/humble/share/rosidl_runtime_c/cmake/ament_cmake_export_dependencies-extras.cmake:21 (find_package)
[5.920s]   /opt/ros/humble/share/rosidl_runtime_c/cmake/rosidl_runtime_cConfig.cmake:41 (include)
[5.921s]   /opt/ros/humble/share/builtin_interfaces/cmake/ament_cmake_export_dependencies-extras.cmake:21 (find_package)
[5.921s]   /opt/ros/humble/share/builtin_interfaces/cmake/builtin_interfacesConfig.cmake:41 (include)
[5.921s]   /cc_ws/tros_ws/install/share/hbm_img_msgs/cmake/ament_cmake_export_dependencies-extras.cmake:21 (find_package)
[5.921s]   /cc_ws/tros_ws/install/share/hbm_img_msgs/cmake/hbm_img_msgsConfig.cmake:41 (include)
[5.921s]   CMakeLists.txt:32 (find_package)
[5.922s] This warning is for project developers.  Use -Wno-dev to suppress it.
[5.922s] [0m
[6.738s] -- Found ament_lint_auto: 0.12.10 (/opt/ros/humble/share/ament_lint_auto/cmake)
[6.806s] -- Added test 'copyright' to check source files copyright and LICENSE
[6.817s] -- Added test 'cppcheck' to perform static code analysis on C / C++ code
[6.818s] -- Configured cppcheck include dirs: /cc_ws/tros_ws/src/box/hobot_sensor/hobot_usb_cam/include
[6.819s] -- Configured cppcheck exclude dirs and/or files: 
[6.830s] -- Added test 'cpplint' to check C / C++ code against the Google style
[6.830s] -- Configured cpplint exclude dirs and/or files: 
[6.833s] -- Added test 'flake8' to check Python code syntax and style conventions
[6.838s] -- Added test 'lint_cmake' to check CMake code style
[6.843s] -- Added test 'pep257' to check Python code against some of the docstring style conventions in PEP 257
[6.857s] -- Added test 'uncrustify' to check C / C++ code style
[6.857s] -- Configured uncrustify additional arguments: 
[6.860s] -- Added test 'xmllint' to check XML markup files
[6.864s] -- Configuring done
[6.921s] -- Generating done
[6.927s] -- Build files have been written to: /cc_ws/tros_ws/build/hobot_usb_cam
[6.968s] Invoked command in '/cc_ws/tros_ws/build/hobot_usb_cam' returned '0': AMENT_PREFIX_PATH=/cc_ws/tros_ws/install:${AMENT_PREFIX_PATH} CMAKE_PREFIX_PATH=/cc_ws/tros_ws/install:/opt/ros/humble LD_LIBRARY_PATH=/cc_ws/tros_ws/install/lib:/opt/ros/humble/opt/rviz_ogre_vendor/lib:/opt/ros/humble/lib/aarch64-linux-gnu:/opt/ros/humble/lib:/cc_ws/userdata/hobot/opt/hobot/deps PYTHONPATH=/cc_ws/tros_ws/install/local/lib/python3.10/dist-packages:${PYTHONPATH} /usr/bin/cmake /cc_ws/tros_ws/src/box/hobot_sensor/hobot_usb_cam -DCMAKE_EXPORT_COMPILE_COMMANDS=ON --no-warn-unused-cli -DCMAKE_TOOLCHAIN_FILE=/cc_ws/tros_ws/robot_dev_config/aarch64_toolchainfile.cmake -DPLATFORM_X5=ON -DTHIRDPARTY=ON -DBUILD_TESTING=OFF -DCMAKE_BUILD_RPATH=/cc_ws/tros_ws/build/poco_vendor/poco_external_project_install/lib/;/cc_ws/tros_ws/build/libyaml_vendor/libyaml_install/lib/ -DCMAKE_INSTALL_PREFIX=/cc_ws/tros_ws/install
[6.969s] Invoking command in '/cc_ws/tros_ws/build/hobot_usb_cam': AMENT_PREFIX_PATH=/cc_ws/tros_ws/install:${AMENT_PREFIX_PATH} CMAKE_PREFIX_PATH=/cc_ws/tros_ws/install:/opt/ros/humble LD_LIBRARY_PATH=/cc_ws/tros_ws/install/lib:/opt/ros/humble/opt/rviz_ogre_vendor/lib:/opt/ros/humble/lib/aarch64-linux-gnu:/opt/ros/humble/lib:/cc_ws/userdata/hobot/opt/hobot/deps PYTHONPATH=/cc_ws/tros_ws/install/local/lib/python3.10/dist-packages:${PYTHONPATH} /usr/bin/cmake --build /cc_ws/tros_ws/build/hobot_usb_cam -- -j12 -l12
[54.404s] [ 25%] [32mBuilding CXX object CMakeFiles/hobot_usb_cam.dir/src/hobot_usb_cam_exec.cpp.o[0m
[54.404s] [ 50%] [32mBuilding CXX object CMakeFiles/hobot_usb_cam.dir/src/hobot_usb_cam.cpp.o[0m
[54.404s] [ 75%] [32mBuilding CXX object CMakeFiles/hobot_usb_cam.dir/src/hobot_usb_cam_node.cpp.o[0m
[54.407s] In file included from [01m[K/cc_ws/tros_ws/src/box/hobot_sensor/hobot_usb_cam/include/hobot_usb_cam/hobot_usb_cam.hpp:51[m[K,
[54.407s]                  from [01m[K/cc_ws/tros_ws/src/box/hobot_sensor/hobot_usb_cam/include/hobot_usb_cam/hobot_usb_cam_node.hpp:45[m[K,
[54.408s]                  from [01m[K/cc_ws/tros_ws/src/box/hobot_sensor/hobot_usb_cam/src/hobot_usb_cam_exec.cpp:15[m[K:
[54.408s] [01m[K/cc_ws/tros_ws/src/box/hobot_sensor/hobot_usb_cam/include/hobot_usb_cam/formats/mjpeg.hpp:[m[K In constructor ‘[01m[Kusb_cam::formats::RAW_MJPEG::RAW_MJPEG(const AVPixelFormat&)[m[K’:
[54.408s] [01m[K/cc_ws/tros_ws/src/box/hobot_sensor/hobot_usb_cam/include/hobot_usb_cam/formats/mjpeg.hpp:82:44:[m[K [01;35m[Kwarning: [m[Kunused parameter ‘[01m[KavDeviceFormat[m[K’ [[01;35m[K-Wunused-parameter[m[K]
[54.408s]    82 |   explicit RAW_MJPEG([01;35m[Kconst AVPixelFormat & avDeviceFormat[m[K)
[54.408s]       |                      [01;35m[K~~~~~~~~~~~~~~~~~~~~~~^~~~~~~~~~~~~~[m[K
[54.409s] In file included from [01m[K/cc_ws/tros_ws/src/box/hobot_sensor/hobot_usb_cam/include/hobot_usb_cam/hobot_usb_cam.hpp:51[m[K,
[54.409s]                  from [01m[K/cc_ws/tros_ws/src/box/hobot_sensor/hobot_usb_cam/src/hobot_usb_cam.cpp:55[m[K:
[54.409s] [01m[K/cc_ws/tros_ws/src/box/hobot_sensor/hobot_usb_cam/include/hobot_usb_cam/formats/mjpeg.hpp:[m[K In constructor ‘[01m[Kusb_cam::formats::RAW_MJPEG::RAW_MJPEG(const AVPixelFormat&)[m[K’:
[54.409s] [01m[K/cc_ws/tros_ws/src/box/hobot_sensor/hobot_usb_cam/include/hobot_usb_cam/formats/mjpeg.hpp:82:44:[m[K [01;35m[Kwarning: [m[Kunused parameter ‘[01m[KavDeviceFormat[m[K’ [[01;35m[K-Wunused-parameter[m[K]
[54.410s]    82 |   explicit RAW_MJPEG([01;35m[Kconst AVPixelFormat & avDeviceFormat[m[K)
[54.410s]       |                      [01;35m[K~~~~~~~~~~~~~~~~~~~~~~^~~~~~~~~~~~~~[m[K
[57.953s] In file included from [01m[K/cc_ws/tros_ws/src/box/hobot_sensor/hobot_usb_cam/include/hobot_usb_cam/hobot_usb_cam.hpp:51[m[K,
[57.953s]                  from [01m[K/cc_ws/tros_ws/src/box/hobot_sensor/hobot_usb_cam/include/hobot_usb_cam/hobot_usb_cam_node.hpp:45[m[K,
[57.953s]                  from [01m[K/cc_ws/tros_ws/src/box/hobot_sensor/hobot_usb_cam/src/hobot_usb_cam_node.cpp:36[m[K:
[57.954s] [01m[K/cc_ws/tros_ws/src/box/hobot_sensor/hobot_usb_cam/include/hobot_usb_cam/formats/mjpeg.hpp:[m[K In constructor ‘[01m[Kusb_cam::formats::RAW_MJPEG::RAW_MJPEG(const AVPixelFormat&)[m[K’:
[57.954s] [01m[K/cc_ws/tros_ws/src/box/hobot_sensor/hobot_usb_cam/include/hobot_usb_cam/formats/mjpeg.hpp:82:44:[m[K [01;35m[Kwarning: [m[Kunused parameter ‘[01m[KavDeviceFormat[m[K’ [[01;35m[K-Wunused-parameter[m[K]
[57.954s]    82 |   explicit RAW_MJPEG([01;35m[Kconst AVPixelFormat & avDeviceFormat[m[K)
[57.954s]       |                      [01;35m[K~~~~~~~~~~~~~~~~~~~~~~^~~~~~~~~~~~~~[m[K
[60.322s] In file included from [01m[K/cc_ws/tros_ws/src/box/hobot_sensor/hobot_usb_cam/src/hobot_usb_cam_node.cpp:36[m[K:
[60.322s] [01m[K/cc_ws/tros_ws/src/box/hobot_sensor/hobot_usb_cam/include/hobot_usb_cam/hobot_usb_cam_node.hpp:[m[K In constructor ‘[01m[Kusb_cam::HobotUsbCamNode::HobotUsbCamNode(const rclcpp::NodeOptions&)[m[K’:
[60.322s] [01m[K/cc_ws/tros_ws/src/box/hobot_sensor/hobot_usb_cam/include/hobot_usb_cam/hobot_usb_cam_node.hpp:89:67:[m[K [01;35m[Kwarning: [m[K‘[01m[Kusb_cam::HobotUsbCamNode::m_compressed_image_publisher[m[K’ will be initialized after [[01;35m[K-Wreorder[m[K]
[60.322s]    89 |   rclcpp::Publisher<sensor_msgs::msg::CompressedImage>::SharedPtr [01;35m[Km_compressed_image_publisher[m[K;
[60.323s]       |                                                                   [01;35m[K^~~~~~~~~~~~~~~~~~~~~~~~~~~~[m[K
[60.323s] [01m[K/cc_ws/tros_ws/src/box/hobot_sensor/hobot_usb_cam/include/hobot_usb_cam/hobot_usb_cam_node.hpp:88:57:[m[K [01;35m[Kwarning: [m[K  ‘[01m[Krclcpp::Publisher<sensor_msgs::msg::Image_<std::allocator<void> > >::SharedPtr usb_cam::HobotUsbCamNode::m_image_publisher[m[K’ [[01;35m[K-Wreorder[m[K]
[60.323s]    88 |   rclcpp::Publisher<sensor_msgs::msg::Image>::SharedPtr [01;35m[Km_image_publisher[m[K;
[60.323s]       |                                                         [01;35m[K^~~~~~~~~~~~~~~~~[m[K
[60.324s] [01m[K/cc_ws/tros_ws/src/box/hobot_sensor/hobot_usb_cam/src/hobot_usb_cam_node.cpp:44:1:[m[K [01;35m[Kwarning: [m[K  when initialized here [[01;35m[K-Wreorder[m[K]
[60.324s]    44 | [01;35m[KHobotUsbCamNode[m[K::HobotUsbCamNode(const rclcpp::NodeOptions & node_options)
[60.324s]       | [01;35m[K^~~~~~~~~~~~~~~[m[K
[60.514s] In file included from [01m[K/opt/ros/humble/include/rclcpp/rclcpp/logging.hpp:24[m[K,
[60.515s]                  from [01m[K/opt/ros/humble/include/rclcpp/rclcpp/client.hpp:40[m[K,
[60.515s]                  from [01m[K/opt/ros/humble/include/rclcpp/rclcpp/callback_group.hpp:24[m[K,
[60.515s]                  from [01m[K/opt/ros/humble/include/rclcpp/rclcpp/any_executable.hpp:20[m[K,
[60.516s]                  from [01m[K/opt/ros/humble/include/rclcpp/rclcpp/memory_strategy.hpp:25[m[K,
[60.516s]                  from [01m[K/opt/ros/humble/include/rclcpp/rclcpp/memory_strategies.hpp:18[m[K,
[60.517s]                  from [01m[K/opt/ros/humble/include/rclcpp/rclcpp/executor_options.hpp:20[m[K,
[60.517s]                  from [01m[K/opt/ros/humble/include/rclcpp/rclcpp/executor.hpp:37[m[K,
[60.517s]                  from [01m[K/opt/ros/humble/include/rclcpp/rclcpp/executors/multi_threaded_executor.hpp:25[m[K,
[60.518s]                  from [01m[K/opt/ros/humble/include/rclcpp/rclcpp/executors.hpp:21[m[K,
[60.518s]                  from [01m[K/opt/ros/humble/include/rclcpp/rclcpp/rclcpp.hpp:155[m[K,
[60.518s]                  from [01m[K/cc_ws/tros_ws/src/box/hobot_sensor/hobot_usb_cam/include/hobot_usb_cam/hobot_usb_cam_node.hpp:40[m[K,
[60.519s]                  from [01m[K/cc_ws/tros_ws/src/box/hobot_sensor/hobot_usb_cam/src/hobot_usb_cam_node.cpp:36[m[K:
[60.519s] [01m[K/cc_ws/tros_ws/src/box/hobot_sensor/hobot_usb_cam/src/hobot_usb_cam_node.cpp:[m[K In member function ‘[01m[Kvoid usb_cam::HobotUsbCamNode::assign_params(const std::vector<rclcpp::Parameter>&)[m[K’:
[60.520s] [01m[K/cc_ws/tros_ws/src/box/hobot_sensor/hobot_usb_cam/src/hobot_usb_cam_node.cpp:259:39:[m[K [01;35m[Kwarning: [m[Kformat ‘[01m[K%d[m[K’ expects argument of type ‘[01m[Kint[m[K’, but argument 5 has type ‘[01m[Kint64_t[m[K’ {aka ‘[01m[Klong int[m[K’} [[01;35m[K-Wformat=[m[K]
[60.520s]   259 |       RCLCPP_WARN(this->get_logger(), [01;35m[K"framerate: %d"[m[K, [32m[Kparameter.as_int()[m[K);
[60.520s]       |                                       [01;35m[K^~~~~~~~~~~~~~~[m[K  [32m[K~~~~~~~~~~~~~~~~~~[m[K
[60.521s]       |                                                                        [32m[K|[m[K
[60.521s]       |                                                                        [32m[Kint64_t {aka long int}[m[K
[60.522s] [01m[K/cc_ws/tros_ws/src/box/hobot_sensor/hobot_usb_cam/src/hobot_usb_cam_node.cpp:259:52:[m[K [01;36m[Knote: [m[Kformat string is defined here
[60.522s]   259 |       RCLCPP_WARN(this->get_logger(), "framerate: [01;36m[K%d[m[K", parameter.as_int());
[60.522s]       |                                                   [01;36m[K~^[m[K
[60.523s]       |                                                    [01;36m[K|[m[K
[60.523s]       |                                                    [01;36m[Kint[m[K
[60.524s]       |                                                   [32m[K%ld[m[K
[60.567s] In file included from [01m[K/opt/ros/humble/include/rclcpp/rclcpp/logging.hpp:24[m[K,
[60.567s]                  from [01m[K/opt/ros/humble/include/rclcpp/rclcpp/client.hpp:40[m[K,
[60.567s]                  from [01m[K/opt/ros/humble/include/rclcpp/rclcpp/callback_group.hpp:24[m[K,
[60.568s]                  from [01m[K/opt/ros/humble/include/rclcpp/rclcpp/any_executable.hpp:20[m[K,
[60.568s]                  from [01m[K/opt/ros/humble/include/rclcpp/rclcpp/memory_strategy.hpp:25[m[K,
[60.569s]                  from [01m[K/opt/ros/humble/include/rclcpp/rclcpp/memory_strategies.hpp:18[m[K,
[60.569s]                  from [01m[K/opt/ros/humble/include/rclcpp/rclcpp/executor_options.hpp:20[m[K,
[60.569s]                  from [01m[K/opt/ros/humble/include/rclcpp/rclcpp/executor.hpp:37[m[K,
[60.570s]                  from [01m[K/opt/ros/humble/include/rclcpp/rclcpp/executors/multi_threaded_executor.hpp:25[m[K,
[60.570s]                  from [01m[K/opt/ros/humble/include/rclcpp/rclcpp/executors.hpp:21[m[K,
[60.570s]                  from [01m[K/opt/ros/humble/include/rclcpp/rclcpp/rclcpp.hpp:155[m[K,
[60.571s]                  from [01m[K/cc_ws/tros_ws/src/box/hobot_sensor/hobot_usb_cam/include/hobot_usb_cam/hobot_usb_cam_node.hpp:40[m[K,
[60.571s]                  from [01m[K/cc_ws/tros_ws/src/box/hobot_sensor/hobot_usb_cam/src/hobot_usb_cam_node.cpp:36[m[K:
[60.572s] [01m[K/cc_ws/tros_ws/src/box/hobot_sensor/hobot_usb_cam/src/hobot_usb_cam_node.cpp:[m[K In member function ‘[01m[Kbool usb_cam::HobotUsbCamNode::take_and_send_image()[m[K’:
[60.572s] [01m[K/cc_ws/tros_ws/src/box/hobot_sensor/hobot_usb_cam/src/hobot_usb_cam_node.cpp:391:35:[m[K [01;35m[Kwarning: [m[Kformat ‘[01m[K%d[m[K’ expects argument of type ‘[01m[Kint[m[K’, but argument 5 has type ‘[01m[Ksize_t[m[K’ {aka ‘[01m[Klong unsigned int[m[K’} [[01;35m[K-Wformat=[m[K]
[60.572s]   391 |   RCLCPP_INFO(this->get_logger(), [01;35m[K"take_and_send_image,size:%d"[m[K, [32m[Km_camera->get_image_data_size()[m[K);
[60.573s]       |                                   [01;35m[K^~~~~~~~~~~~~~~~~~~~~~~~~~~~~[m[K  [32m[K~~~~~~~~~~~~~~~~~~~~~~~~~~~~~~~[m[K
[60.573s]       |                                                                                               [32m[K|[m[K
[60.573s]       |                                                                                               [32m[Ksize_t {aka long unsigned int}[m[K
[60.574s] [01m[K/cc_ws/tros_ws/src/box/hobot_sensor/hobot_usb_cam/src/hobot_usb_cam_node.cpp:391:62:[m[K [01;36m[Knote: [m[Kformat string is defined here
[60.574s]   391 |   RCLCPP_INFO(this->get_logger(), "take_and_send_image,size:[01;36m[K%d[m[K", m_camera->get_image_data_size());
[60.575s]       |                                                             [01;36m[K~^[m[K
[60.575s]       |                                                              [01;36m[K|[m[K
[60.575s]       |                                                              [01;36m[Kint[m[K
[60.576s]       |                                                             [32m[K%ld[m[K
[75.660s] [100%] [32m[1mLinking CXX executable hobot_usb_cam[0m
[80.042s] [100%] Built target hobot_usb_cam
[80.079s] Invoked command in '/cc_ws/tros_ws/build/hobot_usb_cam' returned '0': AMENT_PREFIX_PATH=/cc_ws/tros_ws/install:${AMENT_PREFIX_PATH} CMAKE_PREFIX_PATH=/cc_ws/tros_ws/install:/opt/ros/humble LD_LIBRARY_PATH=/cc_ws/tros_ws/install/lib:/opt/ros/humble/opt/rviz_ogre_vendor/lib:/opt/ros/humble/lib/aarch64-linux-gnu:/opt/ros/humble/lib:/cc_ws/userdata/hobot/opt/hobot/deps PYTHONPATH=/cc_ws/tros_ws/install/local/lib/python3.10/dist-packages:${PYTHONPATH} /usr/bin/cmake --build /cc_ws/tros_ws/build/hobot_usb_cam -- -j12 -l12
[80.526s] Invoking command in '/cc_ws/tros_ws/build/hobot_usb_cam': AMENT_PREFIX_PATH=/cc_ws/tros_ws/install:${AMENT_PREFIX_PATH} CMAKE_PREFIX_PATH=/cc_ws/tros_ws/install:/opt/ros/humble LD_LIBRARY_PATH=/cc_ws/tros_ws/install/lib:/opt/ros/humble/opt/rviz_ogre_vendor/lib:/opt/ros/humble/lib/aarch64-linux-gnu:/opt/ros/humble/lib:/cc_ws/userdata/hobot/opt/hobot/deps PYTHONPATH=/cc_ws/tros_ws/install/local/lib/python3.10/dist-packages:${PYTHONPATH} /usr/bin/cmake --install /cc_ws/tros_ws/build/hobot_usb_cam
[90.130s] -- Install configuration: ""
[90.130s] -- Installing: /cc_ws/tros_ws/install/lib/hobot_usb_cam/hobot_usb_cam
[90.130s] -- Set runtime path of "/cc_ws/tros_ws/install/lib/hobot_usb_cam/hobot_usb_cam" to ""
[90.130s] -- Installing: /cc_ws/tros_ws/install/share/hobot_usb_cam//launch
[90.133s] -- Installing: /cc_ws/tros_ws/install/share/hobot_usb_cam//launch/hobot_usb_cam_websocket.launch.py
[90.134s] -- Installing: /cc_ws/tros_ws/install/share/hobot_usb_cam//launch/hobot_usb_cam.launch.py
[90.134s] -- Installing: /cc_ws/tros_ws/install/share/ament_index/resource_index/package_run_dependencies/hobot_usb_cam
[90.134s] -- Installing: /cc_ws/tros_ws/install/share/ament_index/resource_index/parent_prefix_path/hobot_usb_cam
[90.134s] -- Installing: /cc_ws/tros_ws/install/share/hobot_usb_cam/environment/ament_prefix_path.sh
[90.135s] -- Installing: /cc_ws/tros_ws/install/share/hobot_usb_cam/environment/ament_prefix_path.dsv
[90.135s] -- Installing: /cc_ws/tros_ws/install/share/hobot_usb_cam/environment/path.sh
[90.135s] -- Installing: /cc_ws/tros_ws/install/share/hobot_usb_cam/environment/path.dsv
[90.135s] -- Installing: /cc_ws/tros_ws/install/share/hobot_usb_cam/local_setup.bash
[90.135s] -- Installing: /cc_ws/tros_ws/install/share/hobot_usb_cam/local_setup.sh
[90.136s] -- Installing: /cc_ws/tros_ws/install/share/hobot_usb_cam/local_setup.zsh
[90.136s] -- Installing: /cc_ws/tros_ws/install/share/hobot_usb_cam/local_setup.dsv
[90.136s] -- Installing: /cc_ws/tros_ws/install/share/hobot_usb_cam/package.dsv
[90.136s] -- Installing: /cc_ws/tros_ws/install/share/ament_index/resource_index/packages/hobot_usb_cam
[90.136s] -- Installing: /cc_ws/tros_ws/install/share/hobot_usb_cam/cmake/hobot_usb_camConfig.cmake
[90.136s] -- Installing: /cc_ws/tros_ws/install/share/hobot_usb_cam/cmake/hobot_usb_camConfig-version.cmake
[90.137s] -- Installing: /cc_ws/tros_ws/install/share/hobot_usb_cam/package.xml
[90.179s] Invoked command in '/cc_ws/tros_ws/build/hobot_usb_cam' returned '0': AMENT_PREFIX_PATH=/cc_ws/tros_ws/install:${AMENT_PREFIX_PATH} CMAKE_PREFIX_PATH=/cc_ws/tros_ws/install:/opt/ros/humble LD_LIBRARY_PATH=/cc_ws/tros_ws/install/lib:/opt/ros/humble/opt/rviz_ogre_vendor/lib:/opt/ros/humble/lib/aarch64-linux-gnu:/opt/ros/humble/lib:/cc_ws/userdata/hobot/opt/hobot/deps PYTHONPATH=/cc_ws/tros_ws/install/local/lib/python3.10/dist-packages:${PYTHONPATH} /usr/bin/cmake --install /cc_ws/tros_ws/build/hobot_usb_cam
