[0.054s] Invoking command in '/cc_ws/tros_ws/build/dnn_node': CMAKE_PREFIX_PATH=/opt/ros/humble /usr/bin/cmake /cc_ws/tros_ws/src/box/hobot_dnn/dnn_node -DCMAKE_EXPORT_COMPILE_COMMANDS=ON --no-warn-unused-cli -DCMAKE_TOOLCHAIN_FILE=/cc_ws/tros_ws/robot_dev_config/aarch64_toolchainfile.cmake -DPLATFORM_X5=ON -DTHIRDPARTY=ON -DBUILD_TESTING=OFF -DCMAKE_BUILD_RPATH=/cc_ws/tros_ws/build/poco_vendor/poco_external_project_install/lib/;/cc_ws/tros_ws/build/libyaml_vendor/libyaml_install/lib/ -DCMAKE_INSTALL_PREFIX=/cc_ws/tros_ws/install
[0.164s] Not searching for unused variables given on the command line.
[0.164s] -- Found ament_cmake: 1.3.8 (/opt/ros/humble/share/ament_cmake/cmake)
[0.436s] [33mCMake Warning (dev) at /opt/ros/humble/share/ament_cmake_test/cmake/ament_cmake_test-extras.cmake:19 (option):
[0.436s]   Policy CMP0077 is not set: option() honors normal variables.  Run "cmake
[0.437s]   --help-policy CMP0077" for policy details.  Use the cmake_policy command to
[0.437s]   set the policy and suppress this warning.
[0.437s] 
[0.437s]   For compatibility with older versions of CMake, option is clearing the
[0.437s]   normal variable 'BUILD_TESTING'.
[0.438s] Call Stack (most recent call first):
[0.438s]   /opt/ros/humble/share/ament_cmake_test/cmake/ament_cmake_testConfig.cmake:41 (include)
[0.438s]   /opt/ros/humble/share/ament_cmake/cmake/ament_cmake_export_dependencies-extras.cmake:21 (find_package)
[0.438s]   /opt/ros/humble/share/ament_cmake/cmake/ament_cmakeConfig.cmake:41 (include)
[0.438s]   CMakeLists.txt:33 (find_package)
[0.439s] This warning is for project developers.  Use -Wno-dev to suppress it.
[0.439s] [0m
[0.439s] -- Found rclcpp: 16.0.8 (/opt/ros/humble/share/rclcpp/cmake)
[0.513s] -- Found rosidl_generator_c: 3.1.5 (/opt/ros/humble/share/rosidl_generator_c/cmake)
[0.521s] -- Found rosidl_adapter: 3.1.5 (/opt/ros/humble/share/rosidl_adapter/cmake)
[0.540s] -- Found rosidl_generator_cpp: 3.1.5 (/opt/ros/humble/share/rosidl_generator_cpp/cmake)
[0.577s] -- Using all available rosidl_typesupport_c: rosidl_typesupport_fastrtps_c;rosidl_typesupport_introspection_c
[0.630s] -- Using all available rosidl_typesupport_cpp: rosidl_typesupport_fastrtps_cpp;rosidl_typesupport_introspection_cpp
[0.832s] -- Found rmw_implementation_cmake: 6.1.1 (/opt/ros/humble/share/rmw_implementation_cmake/cmake)
[0.836s] -- Found rmw_fastrtps_cpp: 6.2.6 (/opt/ros/humble/share/rmw_fastrtps_cpp/cmake)
[1.251s] -- Using RMW implementation 'rmw_fastrtps_cpp' as default
[1.967s] [0mbuild platform X5[0m
[1.968s] [0mPREFIX_PATH is libdnn[0m
[1.968s] [0mSYS_ROOT is /cc_ws/tros_ws/robot_dev_config/../../sysroot_docker[0m
[2.284s] -- Configuring done
[2.349s] -- Generating done
[2.361s] -- Build files have been written to: /cc_ws/tros_ws/build/dnn_node
[2.415s] Invoked command in '/cc_ws/tros_ws/build/dnn_node' returned '0': CMAKE_PREFIX_PATH=/opt/ros/humble /usr/bin/cmake /cc_ws/tros_ws/src/box/hobot_dnn/dnn_node -DCMAKE_EXPORT_COMPILE_COMMANDS=ON --no-warn-unused-cli -DCMAKE_TOOLCHAIN_FILE=/cc_ws/tros_ws/robot_dev_config/aarch64_toolchainfile.cmake -DPLATFORM_X5=ON -DTHIRDPARTY=ON -DBUILD_TESTING=OFF -DCMAKE_BUILD_RPATH=/cc_ws/tros_ws/build/poco_vendor/poco_external_project_install/lib/;/cc_ws/tros_ws/build/libyaml_vendor/libyaml_install/lib/ -DCMAKE_INSTALL_PREFIX=/cc_ws/tros_ws/install
[2.416s] Invoking command in '/cc_ws/tros_ws/build/dnn_node': CMAKE_PREFIX_PATH=/opt/ros/humble /usr/bin/cmake --build /cc_ws/tros_ws/build/dnn_node -- -j12 -l12
[2.597s] [35m[1mConsolidate compiler generated dependencies of target dnn_node[0m
[2.866s] [100%] Built target dnn_node
[2.895s] Invoked command in '/cc_ws/tros_ws/build/dnn_node' returned '0': CMAKE_PREFIX_PATH=/opt/ros/humble /usr/bin/cmake --build /cc_ws/tros_ws/build/dnn_node -- -j12 -l12
[3.622s] Invoking command in '/cc_ws/tros_ws/build/dnn_node': CMAKE_PREFIX_PATH=/opt/ros/humble /usr/bin/cmake --install /cc_ws/tros_ws/build/dnn_node
[3.642s] -- Install configuration: ""
[3.642s] -- Up-to-date: /cc_ws/tros_ws/install/lib/libdnn_node.so
[3.659s] -- Up-to-date: /cc_ws/tros_ws/install/include/dnn_node/dnn_node.h
[3.659s] -- Up-to-date: /cc_ws/tros_ws/install/include/dnn_node/dnn_node_data.h
[3.662s] -- Up-to-date: /cc_ws/tros_ws/install/include/dnn_node/util/image_proc.h
[3.663s] -- Up-to-date: /cc_ws/tros_ws/install/include/dnn_node/util/output_parser/
[3.663s] -- Up-to-date: /cc_ws/tros_ws/install/include/dnn_node/util/output_parser//perception_common.h
[3.663s] -- Up-to-date: /cc_ws/tros_ws/install/include/dnn_node/util/output_parser//segmentation
[3.663s] -- Up-to-date: /cc_ws/tros_ws/install/include/dnn_node/util/output_parser//segmentation/ptq_yolo8_seg_output_parser.h
[3.664s] -- Up-to-date: /cc_ws/tros_ws/install/include/dnn_node/util/output_parser//segmentation/ptq_unet_output_parser.h
[3.664s] -- Up-to-date: /cc_ws/tros_ws/install/include/dnn_node/util/output_parser//segmentation/ptq_stdc_output_parser.h
[3.664s] -- Up-to-date: /cc_ws/tros_ws/install/include/dnn_node/util/output_parser//utils.h
[3.664s] -- Up-to-date: /cc_ws/tros_ws/install/include/dnn_node/util/output_parser//classification
[3.664s] -- Up-to-date: /cc_ws/tros_ws/install/include/dnn_node/util/output_parser//classification/ptq_classification_output_parser.h
[3.665s] -- Up-to-date: /cc_ws/tros_ws/install/include/dnn_node/util/output_parser//detection
[3.665s] -- Up-to-date: /cc_ws/tros_ws/install/include/dnn_node/util/output_parser//detection/ptq_yolo3_darknet_output_parser.h
[3.665s] -- Up-to-date: /cc_ws/tros_ws/install/include/dnn_node/util/output_parser//detection/ptq_yolo2_output_parser.h
[3.665s] -- Up-to-date: /cc_ws/tros_ws/install/include/dnn_node/util/output_parser//detection/ptq_yolo10_output_parser.h
[3.666s] -- Up-to-date: /cc_ws/tros_ws/install/include/dnn_node/util/output_parser//detection/fcos_output_parser.h
[3.666s] -- Up-to-date: /cc_ws/tros_ws/install/include/dnn_node/util/output_parser//detection/ptq_ssd_output_parser.h
[3.666s] -- Up-to-date: /cc_ws/tros_ws/install/include/dnn_node/util/output_parser//detection/ptq_yolov5x_output_parser.h
[3.666s] -- Up-to-date: /cc_ws/tros_ws/install/include/dnn_node/util/output_parser//detection/ptq_yolo5_output_parser.h
[3.667s] -- Up-to-date: /cc_ws/tros_ws/install/include/dnn_node/util/output_parser//detection/ptq_yolo8_output_parser.h
[3.667s] -- Up-to-date: /cc_ws/tros_ws/install/include/dnn_node/util/output_parser//detection/fasterrcnn_output_parser.h
[3.667s] -- Up-to-date: /cc_ws/tros_ws/install/include/dnn_node/util/output_parser//detection/nms.h
[3.667s] -- Up-to-date: /cc_ws/tros_ws/install/include/dnn_node/util/output_parser//detection/ptq_efficientdet_output_parser.h
[3.667s] -- Up-to-date: /cc_ws/tros_ws/install/include/easy_dnn/
[3.668s] -- Up-to-date: /cc_ws/tros_ws/install/include/easy_dnn//model_roi_infer_task.h
[3.668s] -- Up-to-date: /cc_ws/tros_ws/install/include/easy_dnn//task.h
[3.670s] -- Up-to-date: /cc_ws/tros_ws/install/include/easy_dnn//model.h
[3.670s] -- Up-to-date: /cc_ws/tros_ws/install/include/easy_dnn//model_infer_task.h
[3.670s] -- Up-to-date: /cc_ws/tros_ws/install/include/easy_dnn//common.h
[3.670s] -- Up-to-date: /cc_ws/tros_ws/install/include/easy_dnn//input_process.h
[3.671s] -- Up-to-date: /cc_ws/tros_ws/install/include/easy_dnn//data_structure.h
[3.671s] -- Up-to-date: /cc_ws/tros_ws/install/lib/libdnn_node.so
[3.671s] -- Up-to-date: /cc_ws/tros_ws/install/share/dnn_node/environment/library_path.sh
[3.671s] -- Installing: /cc_ws/tros_ws/install/share/dnn_node/environment/library_path.dsv
[3.671s] -- Up-to-date: /cc_ws/tros_ws/install/share/ament_index/resource_index/package_run_dependencies/dnn_node
[3.672s] -- Up-to-date: /cc_ws/tros_ws/install/share/ament_index/resource_index/parent_prefix_path/dnn_node
[3.672s] -- Up-to-date: /cc_ws/tros_ws/install/share/dnn_node/environment/ament_prefix_path.sh
[3.672s] -- Installing: /cc_ws/tros_ws/install/share/dnn_node/environment/ament_prefix_path.dsv
[3.672s] -- Up-to-date: /cc_ws/tros_ws/install/share/dnn_node/environment/path.sh
[3.672s] -- Installing: /cc_ws/tros_ws/install/share/dnn_node/environment/path.dsv
[3.673s] -- Up-to-date: /cc_ws/tros_ws/install/share/dnn_node/local_setup.bash
[3.673s] -- Up-to-date: /cc_ws/tros_ws/install/share/dnn_node/local_setup.sh
[3.673s] -- Up-to-date: /cc_ws/tros_ws/install/share/dnn_node/local_setup.zsh
[3.673s] -- Installing: /cc_ws/tros_ws/install/share/dnn_node/local_setup.dsv
[3.673s] -- Installing: /cc_ws/tros_ws/install/share/dnn_node/package.dsv
[3.674s] -- Up-to-date: /cc_ws/tros_ws/install/share/ament_index/resource_index/packages/dnn_node
[3.674s] -- Up-to-date: /cc_ws/tros_ws/install/share/dnn_node/cmake/dnn_nodeExport.cmake
[3.674s] -- Up-to-date: /cc_ws/tros_ws/install/share/dnn_node/cmake/dnn_nodeExport-noconfig.cmake
[3.674s] -- Up-to-date: /cc_ws/tros_ws/install/share/dnn_node/cmake/ament_cmake_export_include_directories-extras.cmake
[3.674s] -- Up-to-date: /cc_ws/tros_ws/install/share/dnn_node/cmake/ament_cmake_export_libraries-extras.cmake
[3.683s] -- Up-to-date: /cc_ws/tros_ws/install/share/dnn_node/cmake/ament_cmake_export_targets-extras.cmake
[3.683s] -- Up-to-date: /cc_ws/tros_ws/install/share/dnn_node/cmake/dnn_nodeConfig.cmake
[3.684s] -- Up-to-date: /cc_ws/tros_ws/install/share/dnn_node/cmake/dnn_nodeConfig-version.cmake
[3.684s] -- Up-to-date: /cc_ws/tros_ws/install/share/dnn_node/package.xml
[3.734s] Invoked command in '/cc_ws/tros_ws/build/dnn_node' returned '0': CMAKE_PREFIX_PATH=/opt/ros/humble /usr/bin/cmake --install /cc_ws/tros_ws/build/dnn_node
