Not searching for unused variables given on the command line.
-- The C compiler identification is GNU 11.4.0
-- The CXX compiler identification is GNU 11.4.0
-- Detecting C compiler ABI info
-- Detecting C compiler ABI info - done
-- Check for working C compiler: /usr/bin/aarch64-linux-gnu-gcc - skipped
-- Detecting C compile features
-- Detecting C compile features - done
-- Detecting CXX compiler ABI info
-- Detecting CXX compiler ABI info - done
-- Check for working CXX compiler: /usr/bin/aarch64-linux-gnu-g++ - skipped
-- Detecting CXX compile features
-- Detecting CXX compile features - done
-- Found ament_cmake: 1.3.8 (/opt/ros/humble/share/ament_cmake/cmake)
-- Found Python3: /usr/bin/python3 (found version "3.10.12") found components: Interpreter 
[33mCMake Warning (dev) at /opt/ros/humble/share/ament_cmake_test/cmake/ament_cmake_test-extras.cmake:19 (option):
  Policy CMP0077 is not set: option() honors normal variables.  Run "cmake
  --help-policy CMP0077" for policy details.  Use the cmake_policy command to
  set the policy and suppress this warning.

  For compatibility with older versions of CMake, option is clearing the
  normal variable 'BUILD_TESTING'.
Call Stack (most recent call first):
  /opt/ros/humble/share/ament_cmake_test/cmake/ament_cmake_testConfig.cmake:41 (include)
  /opt/ros/humble/share/ament_cmake/cmake/ament_cmake_export_dependencies-extras.cmake:21 (find_package)
  /opt/ros/humble/share/ament_cmake/cmake/ament_cmakeConfig.cmake:41 (include)
  CMakeLists.txt:33 (find_package)
This warning is for project developers.  Use -Wno-dev to suppress it.
[0m
-- Found std_msgs: 4.2.3 (/opt/ros/humble/share/std_msgs/cmake)
-- Found rosidl_generator_c: 3.1.5 (/opt/ros/humble/share/rosidl_generator_c/cmake)
-- Found rosidl_adapter: 3.1.5 (/opt/ros/humble/share/rosidl_adapter/cmake)
-- Found rosidl_generator_cpp: 3.1.5 (/opt/ros/humble/share/rosidl_generator_cpp/cmake)
-- Using all available rosidl_typesupport_c: rosidl_typesupport_fastrtps_c;rosidl_typesupport_introspection_c
-- Using all available rosidl_typesupport_cpp: rosidl_typesupport_fastrtps_cpp;rosidl_typesupport_introspection_cpp
-- Found geometry_msgs: 4.2.3 (/opt/ros/humble/share/geometry_msgs/cmake)
-- Found sensor_msgs: 4.2.3 (/opt/ros/humble/share/sensor_msgs/cmake)
-- Found rosidl_default_generators: 1.2.0 (/opt/ros/humble/share/rosidl_default_generators/cmake)
-- Found ament_cmake_ros: 0.10.0 (/opt/ros/humble/share/ament_cmake_ros/cmake)
-- Using all available rosidl_typesupport_c: rosidl_typesupport_fastrtps_c;rosidl_typesupport_introspection_c
-- Using all available rosidl_typesupport_cpp: rosidl_typesupport_fastrtps_cpp;rosidl_typesupport_introspection_cpp
-- Found PythonInterp: /usr/bin/python3 (found suitable version "3.10.12", minimum required is "3.6") 
-- Found python_cmake_module: 0.10.0 (/opt/ros/humble/share/python_cmake_module/cmake)
-- Found PythonLibs: /cc_ws/tros_ws/robot_dev_config/../../sysroot_docker/usr/lib/aarch64-linux-gnu/libpython3.10.so (found suitable version "3.10.12", minimum required is "3.5") 
-- Using PYTHON_EXECUTABLE: /usr/bin/python3
-- Using PYTHON_INCLUDE_DIRS: /cc_ws/tros_ws/robot_dev_config/../../sysroot_docker/usr/include/python3.10
-- Using PYTHON_LIBRARIES: /cc_ws/tros_ws/robot_dev_config/../../sysroot_docker/usr/lib/aarch64-linux-gnu/libpython3.10.so
-- Found PythonExtra: .so  
-- Using numpy include directory: /usr/local/lib/python3.10/dist-packages/numpy/core/include
-- Configuring done
-- Generating done
-- Build files have been written to: /cc_ws/tros_ws/build/ai_msgs
[  1%] [34m[1mGenerating C code for ROS interfaces[0m
[  1%] [34m[1mGenerating C++ code for ROS interfaces[0m
[  1%] Built target ament_cmake_python_copy_ai_msgs
running egg_info
creating ai_msgs.egg-info
writing ai_msgs.egg-info/PKG-INFO
writing dependency_links to ai_msgs.egg-info/dependency_links.txt
writing top-level names to ai_msgs.egg-info/top_level.txt
writing manifest file 'ai_msgs.egg-info/SOURCES.txt'
reading manifest file 'ai_msgs.egg-info/SOURCES.txt'
writing manifest file 'ai_msgs.egg-info/SOURCES.txt'
[  1%] Built target ament_cmake_python_build_ai_msgs_egg
[  1%] Built target ai_msgs__cpp
[  2%] [32mBuilding C object CMakeFiles/ai_msgs__rosidl_generator_c.dir/rosidl_generator_c/ai_msgs/msg/detail/attribute__functions.c.o[0m
[  3%] [32mBuilding C object CMakeFiles/ai_msgs__rosidl_generator_c.dir/rosidl_generator_c/ai_msgs/msg/detail/perception_targets__functions.c.o[0m
[  4%] [32mBuilding C object CMakeFiles/ai_msgs__rosidl_generator_c.dir/rosidl_generator_c/ai_msgs/msg/detail/perception_info__functions.c.o[0m
[  5%] [32mBuilding C object CMakeFiles/ai_msgs__rosidl_generator_c.dir/rosidl_generator_c/ai_msgs/msg/detail/capture_targets__functions.c.o[0m
[  6%] [32mBuilding C object CMakeFiles/ai_msgs__rosidl_generator_c.dir/rosidl_generator_c/ai_msgs/msg/detail/perf__functions.c.o[0m
[  7%] [32mBuilding C object CMakeFiles/ai_msgs__rosidl_generator_c.dir/rosidl_generator_c/ai_msgs/msg/detail/target__functions.c.o[0m
[  8%] [32mBuilding C object CMakeFiles/ai_msgs__rosidl_generator_c.dir/rosidl_generator_c/ai_msgs/msg/detail/roi__functions.c.o[0m
[  9%] [32mBuilding C object CMakeFiles/ai_msgs__rosidl_generator_c.dir/rosidl_generator_c/ai_msgs/msg/detail/point__functions.c.o[0m
[ 10%] [32mBuilding C object CMakeFiles/ai_msgs__rosidl_generator_c.dir/rosidl_generator_c/ai_msgs/msg/detail/capture__functions.c.o[0m
[ 11%] [32mBuilding C object CMakeFiles/ai_msgs__rosidl_generator_c.dir/rosidl_generator_c/ai_msgs/msg/detail/db_result__functions.c.o[0m
[ 12%] [32m[1mLinking C shared library libai_msgs__rosidl_generator_c.so[0m
[ 12%] Built target ai_msgs__rosidl_generator_c
[ 13%] [34m[1mGenerating C++ introspection for ROS interfaces[0m
[ 14%] [32mBuilding CXX object CMakeFiles/ai_msgs__rosidl_typesupport_introspection_cpp.dir/rosidl_typesupport_introspection_cpp/ai_msgs/msg/detail/attribute__type_support.cpp.o[0m
[ 15%] [32mBuilding CXX object CMakeFiles/ai_msgs__rosidl_typesupport_introspection_cpp.dir/rosidl_typesupport_introspection_cpp/ai_msgs/msg/detail/perf__type_support.cpp.o[0m
[ 16%] [32mBuilding CXX object CMakeFiles/ai_msgs__rosidl_typesupport_introspection_cpp.dir/rosidl_typesupport_introspection_cpp/ai_msgs/msg/detail/capture_targets__type_support.cpp.o[0m
[ 17%] [32mBuilding CXX object CMakeFiles/ai_msgs__rosidl_typesupport_introspection_cpp.dir/rosidl_typesupport_introspection_cpp/ai_msgs/msg/detail/perception_targets__type_support.cpp.o[0m
[ 18%] [32mBuilding CXX object CMakeFiles/ai_msgs__rosidl_typesupport_introspection_cpp.dir/rosidl_typesupport_introspection_cpp/ai_msgs/msg/detail/perception_info__type_support.cpp.o[0m
[ 19%] [32mBuilding CXX object CMakeFiles/ai_msgs__rosidl_typesupport_introspection_cpp.dir/rosidl_typesupport_introspection_cpp/ai_msgs/msg/detail/target__type_support.cpp.o[0m
[ 20%] [32mBuilding CXX object CMakeFiles/ai_msgs__rosidl_typesupport_introspection_cpp.dir/rosidl_typesupport_introspection_cpp/ai_msgs/msg/detail/roi__type_support.cpp.o[0m
[ 21%] [32mBuilding CXX object CMakeFiles/ai_msgs__rosidl_typesupport_introspection_cpp.dir/rosidl_typesupport_introspection_cpp/ai_msgs/msg/detail/point__type_support.cpp.o[0m
[ 22%] [32mBuilding CXX object CMakeFiles/ai_msgs__rosidl_typesupport_introspection_cpp.dir/rosidl_typesupport_introspection_cpp/ai_msgs/msg/detail/capture__type_support.cpp.o[0m
[ 23%] [32mBuilding CXX object CMakeFiles/ai_msgs__rosidl_typesupport_introspection_cpp.dir/rosidl_typesupport_introspection_cpp/ai_msgs/msg/detail/db_result__type_support.cpp.o[0m
[ 24%] [32m[1mLinking CXX shared library libai_msgs__rosidl_typesupport_introspection_cpp.so[0m
[ 24%] Built target ai_msgs__rosidl_typesupport_introspection_cpp
[ 25%] [34m[1mGenerating C type support dispatch for ROS interfaces[0m
[ 26%] [32mBuilding CXX object CMakeFiles/ai_msgs__rosidl_typesupport_c.dir/rosidl_typesupport_c/ai_msgs/msg/attribute__type_support.cpp.o[0m
[ 27%] [32mBuilding CXX object CMakeFiles/ai_msgs__rosidl_typesupport_c.dir/rosidl_typesupport_c/ai_msgs/msg/capture_targets__type_support.cpp.o[0m
[ 27%] [32mBuilding CXX object CMakeFiles/ai_msgs__rosidl_typesupport_c.dir/rosidl_typesupport_c/ai_msgs/msg/perception_targets__type_support.cpp.o[0m
[ 28%] [32mBuilding CXX object CMakeFiles/ai_msgs__rosidl_typesupport_c.dir/rosidl_typesupport_c/ai_msgs/msg/perception_info__type_support.cpp.o[0m
[ 29%] [32mBuilding CXX object CMakeFiles/ai_msgs__rosidl_typesupport_c.dir/rosidl_typesupport_c/ai_msgs/msg/perf__type_support.cpp.o[0m
[ 30%] [32mBuilding CXX object CMakeFiles/ai_msgs__rosidl_typesupport_c.dir/rosidl_typesupport_c/ai_msgs/msg/target__type_support.cpp.o[0m
[ 31%] [32mBuilding CXX object CMakeFiles/ai_msgs__rosidl_typesupport_c.dir/rosidl_typesupport_c/ai_msgs/msg/roi__type_support.cpp.o[0m
[ 32%] [32mBuilding CXX object CMakeFiles/ai_msgs__rosidl_typesupport_c.dir/rosidl_typesupport_c/ai_msgs/msg/point__type_support.cpp.o[0m
[ 33%] [32mBuilding CXX object CMakeFiles/ai_msgs__rosidl_typesupport_c.dir/rosidl_typesupport_c/ai_msgs/msg/capture__type_support.cpp.o[0m
[ 34%] [32mBuilding CXX object CMakeFiles/ai_msgs__rosidl_typesupport_c.dir/rosidl_typesupport_c/ai_msgs/msg/db_result__type_support.cpp.o[0m
[ 35%] [32m[1mLinking CXX shared library libai_msgs__rosidl_typesupport_c.so[0m
[ 35%] Built target ai_msgs__rosidl_typesupport_c
[ 36%] [34m[1mGenerating C introspection for ROS interfaces[0m
[ 37%] [32mBuilding C object CMakeFiles/ai_msgs__rosidl_typesupport_introspection_c.dir/rosidl_typesupport_introspection_c/ai_msgs/msg/detail/attribute__type_support.c.o[0m
[ 38%] [32mBuilding C object CMakeFiles/ai_msgs__rosidl_typesupport_introspection_c.dir/rosidl_typesupport_introspection_c/ai_msgs/msg/detail/perception_targets__type_support.c.o[0m
[ 39%] [32mBuilding C object CMakeFiles/ai_msgs__rosidl_typesupport_introspection_c.dir/rosidl_typesupport_introspection_c/ai_msgs/msg/detail/perception_info__type_support.c.o[0m
[ 40%] [32mBuilding C object CMakeFiles/ai_msgs__rosidl_typesupport_introspection_c.dir/rosidl_typesupport_introspection_c/ai_msgs/msg/detail/capture_targets__type_support.c.o[0m
[ 41%] [32mBuilding C object CMakeFiles/ai_msgs__rosidl_typesupport_introspection_c.dir/rosidl_typesupport_introspection_c/ai_msgs/msg/detail/perf__type_support.c.o[0m
[ 42%] [32mBuilding C object CMakeFiles/ai_msgs__rosidl_typesupport_introspection_c.dir/rosidl_typesupport_introspection_c/ai_msgs/msg/detail/target__type_support.c.o[0m
[ 43%] [32mBuilding C object CMakeFiles/ai_msgs__rosidl_typesupport_introspection_c.dir/rosidl_typesupport_introspection_c/ai_msgs/msg/detail/roi__type_support.c.o[0m
[ 44%] [32mBuilding C object CMakeFiles/ai_msgs__rosidl_typesupport_introspection_c.dir/rosidl_typesupport_introspection_c/ai_msgs/msg/detail/point__type_support.c.o[0m
[ 45%] [32mBuilding C object CMakeFiles/ai_msgs__rosidl_typesupport_introspection_c.dir/rosidl_typesupport_introspection_c/ai_msgs/msg/detail/capture__type_support.c.o[0m
[ 46%] [32mBuilding C object CMakeFiles/ai_msgs__rosidl_typesupport_introspection_c.dir/rosidl_typesupport_introspection_c/ai_msgs/msg/detail/db_result__type_support.c.o[0m
[ 47%] [32m[1mLinking C shared library libai_msgs__rosidl_typesupport_introspection_c.so[0m
[ 47%] Built target ai_msgs__rosidl_typesupport_introspection_c
[ 48%] [34m[1mGenerating C type support for eProsima Fast-RTPS[0m
[ 49%] [32mBuilding CXX object CMakeFiles/ai_msgs__rosidl_typesupport_fastrtps_c.dir/rosidl_typesupport_fastrtps_c/ai_msgs/msg/detail/attribute__type_support_c.cpp.o[0m
[ 50%] [32mBuilding CXX object CMakeFiles/ai_msgs__rosidl_typesupport_fastrtps_c.dir/rosidl_typesupport_fastrtps_c/ai_msgs/msg/detail/perception_info__type_support_c.cpp.o[0m
[ 51%] [32mBuilding CXX object CMakeFiles/ai_msgs__rosidl_typesupport_fastrtps_c.dir/rosidl_typesupport_fastrtps_c/ai_msgs/msg/detail/perception_targets__type_support_c.cpp.o[0m
[ 52%] [32mBuilding CXX object CMakeFiles/ai_msgs__rosidl_typesupport_fastrtps_c.dir/rosidl_typesupport_fastrtps_c/ai_msgs/msg/detail/capture_targets__type_support_c.cpp.o[0m
[ 53%] [32mBuilding CXX object CMakeFiles/ai_msgs__rosidl_typesupport_fastrtps_c.dir/rosidl_typesupport_fastrtps_c/ai_msgs/msg/detail/perf__type_support_c.cpp.o[0m
[ 54%] [32mBuilding CXX object CMakeFiles/ai_msgs__rosidl_typesupport_fastrtps_c.dir/rosidl_typesupport_fastrtps_c/ai_msgs/msg/detail/target__type_support_c.cpp.o[0m
[ 55%] [32mBuilding CXX object CMakeFiles/ai_msgs__rosidl_typesupport_fastrtps_c.dir/rosidl_typesupport_fastrtps_c/ai_msgs/msg/detail/roi__type_support_c.cpp.o[0m
[ 56%] [32mBuilding CXX object CMakeFiles/ai_msgs__rosidl_typesupport_fastrtps_c.dir/rosidl_typesupport_fastrtps_c/ai_msgs/msg/detail/point__type_support_c.cpp.o[0m
[ 57%] [32mBuilding CXX object CMakeFiles/ai_msgs__rosidl_typesupport_fastrtps_c.dir/rosidl_typesupport_fastrtps_c/ai_msgs/msg/detail/capture__type_support_c.cpp.o[0m
[ 58%] [32mBuilding CXX object CMakeFiles/ai_msgs__rosidl_typesupport_fastrtps_c.dir/rosidl_typesupport_fastrtps_c/ai_msgs/msg/detail/db_result__type_support_c.cpp.o[0m
[ 59%] [32m[1mLinking CXX shared library libai_msgs__rosidl_typesupport_fastrtps_c.so[0m
[ 59%] Built target ai_msgs__rosidl_typesupport_fastrtps_c
[ 60%] [34m[1mGenerating C++ type support for eProsima Fast-RTPS[0m
[ 61%] [32mBuilding CXX object CMakeFiles/ai_msgs__rosidl_typesupport_fastrtps_cpp.dir/rosidl_typesupport_fastrtps_cpp/ai_msgs/msg/detail/dds_fastrtps/attribute__type_support.cpp.o[0m
[ 62%] [32mBuilding CXX object CMakeFiles/ai_msgs__rosidl_typesupport_fastrtps_cpp.dir/rosidl_typesupport_fastrtps_cpp/ai_msgs/msg/detail/dds_fastrtps/perception_info__type_support.cpp.o[0m
[ 63%] [32mBuilding CXX object CMakeFiles/ai_msgs__rosidl_typesupport_fastrtps_cpp.dir/rosidl_typesupport_fastrtps_cpp/ai_msgs/msg/detail/dds_fastrtps/perception_targets__type_support.cpp.o[0m
[ 64%] [32mBuilding CXX object CMakeFiles/ai_msgs__rosidl_typesupport_fastrtps_cpp.dir/rosidl_typesupport_fastrtps_cpp/ai_msgs/msg/detail/dds_fastrtps/capture_targets__type_support.cpp.o[0m
[ 65%] [32mBuilding CXX object CMakeFiles/ai_msgs__rosidl_typesupport_fastrtps_cpp.dir/rosidl_typesupport_fastrtps_cpp/ai_msgs/msg/detail/dds_fastrtps/perf__type_support.cpp.o[0m
[ 66%] [32mBuilding CXX object CMakeFiles/ai_msgs__rosidl_typesupport_fastrtps_cpp.dir/rosidl_typesupport_fastrtps_cpp/ai_msgs/msg/detail/dds_fastrtps/target__type_support.cpp.o[0m
[ 67%] [32mBuilding CXX object CMakeFiles/ai_msgs__rosidl_typesupport_fastrtps_cpp.dir/rosidl_typesupport_fastrtps_cpp/ai_msgs/msg/detail/dds_fastrtps/roi__type_support.cpp.o[0m
[ 68%] [32mBuilding CXX object CMakeFiles/ai_msgs__rosidl_typesupport_fastrtps_cpp.dir/rosidl_typesupport_fastrtps_cpp/ai_msgs/msg/detail/dds_fastrtps/point__type_support.cpp.o[0m
[ 68%] [32mBuilding CXX object CMakeFiles/ai_msgs__rosidl_typesupport_fastrtps_cpp.dir/rosidl_typesupport_fastrtps_cpp/ai_msgs/msg/detail/dds_fastrtps/capture__type_support.cpp.o[0m
[ 69%] [32mBuilding CXX object CMakeFiles/ai_msgs__rosidl_typesupport_fastrtps_cpp.dir/rosidl_typesupport_fastrtps_cpp/ai_msgs/msg/detail/dds_fastrtps/db_result__type_support.cpp.o[0m
[ 70%] [32m[1mLinking CXX shared library libai_msgs__rosidl_typesupport_fastrtps_cpp.so[0m
[ 70%] Built target ai_msgs__rosidl_typesupport_fastrtps_cpp
[ 71%] [34m[1mGenerating C++ type support dispatch for ROS interfaces[0m
[ 72%] [32mBuilding CXX object CMakeFiles/ai_msgs__rosidl_typesupport_cpp.dir/rosidl_typesupport_cpp/ai_msgs/msg/attribute__type_support.cpp.o[0m
[ 73%] [32mBuilding CXX object CMakeFiles/ai_msgs__rosidl_typesupport_cpp.dir/rosidl_typesupport_cpp/ai_msgs/msg/perception_info__type_support.cpp.o[0m
[ 74%] [32mBuilding CXX object CMakeFiles/ai_msgs__rosidl_typesupport_cpp.dir/rosidl_typesupport_cpp/ai_msgs/msg/perception_targets__type_support.cpp.o[0m
[ 75%] [32mBuilding CXX object CMakeFiles/ai_msgs__rosidl_typesupport_cpp.dir/rosidl_typesupport_cpp/ai_msgs/msg/capture_targets__type_support.cpp.o[0m
[ 76%] [32mBuilding CXX object CMakeFiles/ai_msgs__rosidl_typesupport_cpp.dir/rosidl_typesupport_cpp/ai_msgs/msg/perf__type_support.cpp.o[0m
[ 77%] [32mBuilding CXX object CMakeFiles/ai_msgs__rosidl_typesupport_cpp.dir/rosidl_typesupport_cpp/ai_msgs/msg/target__type_support.cpp.o[0m
[ 78%] [32mBuilding CXX object CMakeFiles/ai_msgs__rosidl_typesupport_cpp.dir/rosidl_typesupport_cpp/ai_msgs/msg/roi__type_support.cpp.o[0m
[ 79%] [32mBuilding CXX object CMakeFiles/ai_msgs__rosidl_typesupport_cpp.dir/rosidl_typesupport_cpp/ai_msgs/msg/point__type_support.cpp.o[0m
[ 80%] [32mBuilding CXX object CMakeFiles/ai_msgs__rosidl_typesupport_cpp.dir/rosidl_typesupport_cpp/ai_msgs/msg/capture__type_support.cpp.o[0m
[ 81%] [32mBuilding CXX object CMakeFiles/ai_msgs__rosidl_typesupport_cpp.dir/rosidl_typesupport_cpp/ai_msgs/msg/db_result__type_support.cpp.o[0m
[ 82%] [32m[1mLinking CXX shared library libai_msgs__rosidl_typesupport_cpp.so[0m
[ 82%] Built target ai_msgs__rosidl_typesupport_cpp
[ 82%] Built target ai_msgs
[ 83%] [34m[1mGenerating Python code for ROS interfaces[0m
[ 83%] Built target ai_msgs__py
[ 84%] [32mBuilding C object CMakeFiles/ai_msgs__rosidl_generator_py.dir/rosidl_generator_py/ai_msgs/msg/_attribute_s.c.o[0m
[ 85%] [32mBuilding C object CMakeFiles/ai_msgs__rosidl_generator_py.dir/rosidl_generator_py/ai_msgs/msg/_perception_info_s.c.o[0m
[ 86%] [32mBuilding C object CMakeFiles/ai_msgs__rosidl_generator_py.dir/rosidl_generator_py/ai_msgs/msg/_perception_targets_s.c.o[0m
[ 87%] [32mBuilding C object CMakeFiles/ai_msgs__rosidl_generator_py.dir/rosidl_generator_py/ai_msgs/msg/_capture_targets_s.c.o[0m
[ 88%] [32mBuilding C object CMakeFiles/ai_msgs__rosidl_generator_py.dir/rosidl_generator_py/ai_msgs/msg/_perf_s.c.o[0m
[ 89%] [32mBuilding C object CMakeFiles/ai_msgs__rosidl_generator_py.dir/rosidl_generator_py/ai_msgs/msg/_target_s.c.o[0m
[ 90%] [32mBuilding C object CMakeFiles/ai_msgs__rosidl_generator_py.dir/rosidl_generator_py/ai_msgs/msg/_roi_s.c.o[0m
[ 91%] [32mBuilding C object CMakeFiles/ai_msgs__rosidl_generator_py.dir/rosidl_generator_py/ai_msgs/msg/_point_s.c.o[0m
[ 92%] [32mBuilding C object CMakeFiles/ai_msgs__rosidl_generator_py.dir/rosidl_generator_py/ai_msgs/msg/_capture_s.c.o[0m
[ 93%] [32mBuilding C object CMakeFiles/ai_msgs__rosidl_generator_py.dir/rosidl_generator_py/ai_msgs/msg/_db_result_s.c.o[0m
[ 94%] [32m[1mLinking C shared library rosidl_generator_py/ai_msgs/libai_msgs__rosidl_generator_py.so[0m
[ 94%] Built target ai_msgs__rosidl_generator_py
[ 95%] [32mBuilding C object CMakeFiles/ai_msgs__rosidl_typesupport_fastrtps_c__pyext.dir/rosidl_generator_py/ai_msgs/_ai_msgs_s.ep.rosidl_typesupport_fastrtps_c.c.o[0m
[ 96%] [32m[1mLinking C shared library rosidl_generator_py/ai_msgs/ai_msgs_s__rosidl_typesupport_fastrtps_c.cpython-310-aarch64-linux-gnu.so[0m
[ 96%] Built target ai_msgs__rosidl_typesupport_fastrtps_c__pyext
[ 97%] [32mBuilding C object CMakeFiles/ai_msgs__rosidl_typesupport_c__pyext.dir/rosidl_generator_py/ai_msgs/_ai_msgs_s.ep.rosidl_typesupport_c.c.o[0m
[ 98%] [32m[1mLinking C shared library rosidl_generator_py/ai_msgs/ai_msgs_s__rosidl_typesupport_c.cpython-310-aarch64-linux-gnu.so[0m
[ 98%] Built target ai_msgs__rosidl_typesupport_c__pyext
[ 99%] [32mBuilding C object CMakeFiles/ai_msgs__rosidl_typesupport_introspection_c__pyext.dir/rosidl_generator_py/ai_msgs/_ai_msgs_s.ep.rosidl_typesupport_introspection_c.c.o[0m
[100%] [32m[1mLinking C shared library rosidl_generator_py/ai_msgs/ai_msgs_s__rosidl_typesupport_introspection_c.cpython-310-aarch64-linux-gnu.so[0m
[100%] Built target ai_msgs__rosidl_typesupport_introspection_c__pyext
-- Install configuration: ""
-- Installing: /cc_ws/tros_ws/install/share/ament_index/resource_index/rosidl_interfaces/ai_msgs
-- Installing: /cc_ws/tros_ws/install/include/ai_msgs/ai_msgs
-- Installing: /cc_ws/tros_ws/install/include/ai_msgs/ai_msgs/msg
-- Installing: /cc_ws/tros_ws/install/include/ai_msgs/ai_msgs/msg/capture.h
-- Installing: /cc_ws/tros_ws/install/include/ai_msgs/ai_msgs/msg/rosidl_generator_c__visibility_control.h
-- Installing: /cc_ws/tros_ws/install/include/ai_msgs/ai_msgs/msg/point.h
-- Installing: /cc_ws/tros_ws/install/include/ai_msgs/ai_msgs/msg/target.h
-- Installing: /cc_ws/tros_ws/install/include/ai_msgs/ai_msgs/msg/db_result.h
-- Installing: /cc_ws/tros_ws/install/include/ai_msgs/ai_msgs/msg/roi.h
-- Installing: /cc_ws/tros_ws/install/include/ai_msgs/ai_msgs/msg/perception_targets.h
-- Installing: /cc_ws/tros_ws/install/include/ai_msgs/ai_msgs/msg/attribute.h
-- Installing: /cc_ws/tros_ws/install/include/ai_msgs/ai_msgs/msg/perf.h
-- Installing: /cc_ws/tros_ws/install/include/ai_msgs/ai_msgs/msg/detail
-- Installing: /cc_ws/tros_ws/install/include/ai_msgs/ai_msgs/msg/detail/attribute__type_support.h
-- Installing: /cc_ws/tros_ws/install/include/ai_msgs/ai_msgs/msg/detail/perception_info__type_support.h
-- Installing: /cc_ws/tros_ws/install/include/ai_msgs/ai_msgs/msg/detail/target__functions.h
-- Installing: /cc_ws/tros_ws/install/include/ai_msgs/ai_msgs/msg/detail/target__functions.c
-- Installing: /cc_ws/tros_ws/install/include/ai_msgs/ai_msgs/msg/detail/capture_targets__functions.c
-- Installing: /cc_ws/tros_ws/install/include/ai_msgs/ai_msgs/msg/detail/perception_targets__functions.c
-- Installing: /cc_ws/tros_ws/install/include/ai_msgs/ai_msgs/msg/detail/capture__type_support.h
-- Installing: /cc_ws/tros_ws/install/include/ai_msgs/ai_msgs/msg/detail/db_result__functions.h
-- Installing: /cc_ws/tros_ws/install/include/ai_msgs/ai_msgs/msg/detail/roi__functions.h
-- Installing: /cc_ws/tros_ws/install/include/ai_msgs/ai_msgs/msg/detail/db_result__struct.h
-- Installing: /cc_ws/tros_ws/install/include/ai_msgs/ai_msgs/msg/detail/capture_targets__functions.h
-- Installing: /cc_ws/tros_ws/install/include/ai_msgs/ai_msgs/msg/detail/db_result__type_support.h
-- Installing: /cc_ws/tros_ws/install/include/ai_msgs/ai_msgs/msg/detail/point__functions.c
-- Installing: /cc_ws/tros_ws/install/include/ai_msgs/ai_msgs/msg/detail/capture_targets__type_support.h
-- Installing: /cc_ws/tros_ws/install/include/ai_msgs/ai_msgs/msg/detail/attribute__functions.c
-- Installing: /cc_ws/tros_ws/install/include/ai_msgs/ai_msgs/msg/detail/perf__functions.h
-- Installing: /cc_ws/tros_ws/install/include/ai_msgs/ai_msgs/msg/detail/roi__functions.c
-- Installing: /cc_ws/tros_ws/install/include/ai_msgs/ai_msgs/msg/detail/perf__type_support.h
-- Installing: /cc_ws/tros_ws/install/include/ai_msgs/ai_msgs/msg/detail/db_result__functions.c
-- Installing: /cc_ws/tros_ws/install/include/ai_msgs/ai_msgs/msg/detail/perception_targets__functions.h
-- Installing: /cc_ws/tros_ws/install/include/ai_msgs/ai_msgs/msg/detail/perception_info__functions.h
-- Installing: /cc_ws/tros_ws/install/include/ai_msgs/ai_msgs/msg/detail/point__functions.h
-- Installing: /cc_ws/tros_ws/install/include/ai_msgs/ai_msgs/msg/detail/capture__functions.h
-- Installing: /cc_ws/tros_ws/install/include/ai_msgs/ai_msgs/msg/detail/capture_targets__struct.h
-- Installing: /cc_ws/tros_ws/install/include/ai_msgs/ai_msgs/msg/detail/capture__struct.h
-- Installing: /cc_ws/tros_ws/install/include/ai_msgs/ai_msgs/msg/detail/perception_targets__struct.h
-- Installing: /cc_ws/tros_ws/install/include/ai_msgs/ai_msgs/msg/detail/perf__struct.h
-- Installing: /cc_ws/tros_ws/install/include/ai_msgs/ai_msgs/msg/detail/roi__struct.h
-- Installing: /cc_ws/tros_ws/install/include/ai_msgs/ai_msgs/msg/detail/attribute__struct.h
-- Installing: /cc_ws/tros_ws/install/include/ai_msgs/ai_msgs/msg/detail/target__type_support.h
-- Installing: /cc_ws/tros_ws/install/include/ai_msgs/ai_msgs/msg/detail/capture__functions.c
-- Installing: /cc_ws/tros_ws/install/include/ai_msgs/ai_msgs/msg/detail/perception_info__functions.c
-- Installing: /cc_ws/tros_ws/install/include/ai_msgs/ai_msgs/msg/detail/target__struct.h
-- Installing: /cc_ws/tros_ws/install/include/ai_msgs/ai_msgs/msg/detail/perception_targets__type_support.h
-- Installing: /cc_ws/tros_ws/install/include/ai_msgs/ai_msgs/msg/detail/attribute__functions.h
-- Installing: /cc_ws/tros_ws/install/include/ai_msgs/ai_msgs/msg/detail/perception_info__struct.h
-- Installing: /cc_ws/tros_ws/install/include/ai_msgs/ai_msgs/msg/detail/roi__type_support.h
-- Installing: /cc_ws/tros_ws/install/include/ai_msgs/ai_msgs/msg/detail/perf__functions.c
-- Installing: /cc_ws/tros_ws/install/include/ai_msgs/ai_msgs/msg/detail/point__type_support.h
-- Installing: /cc_ws/tros_ws/install/include/ai_msgs/ai_msgs/msg/detail/point__struct.h
-- Installing: /cc_ws/tros_ws/install/include/ai_msgs/ai_msgs/msg/capture_targets.h
-- Installing: /cc_ws/tros_ws/install/include/ai_msgs/ai_msgs/msg/perception_info.h
-- Installing: /cc_ws/tros_ws/install/share/ai_msgs/environment/library_path.sh
-- Installing: /cc_ws/tros_ws/install/share/ai_msgs/environment/library_path.dsv
-- Installing: /cc_ws/tros_ws/install/lib/libai_msgs__rosidl_generator_c.so
-- Set runtime path of "/cc_ws/tros_ws/install/lib/libai_msgs__rosidl_generator_c.so" to ""
-- Up-to-date: /cc_ws/tros_ws/install/include/ai_msgs/ai_msgs
-- Up-to-date: /cc_ws/tros_ws/install/include/ai_msgs/ai_msgs/msg
-- Installing: /cc_ws/tros_ws/install/include/ai_msgs/ai_msgs/msg/rosidl_typesupport_fastrtps_c__visibility_control.h
-- Up-to-date: /cc_ws/tros_ws/install/include/ai_msgs/ai_msgs/msg/detail
-- Installing: /cc_ws/tros_ws/install/include/ai_msgs/ai_msgs/msg/detail/perception_targets__rosidl_typesupport_fastrtps_c.h
-- Installing: /cc_ws/tros_ws/install/include/ai_msgs/ai_msgs/msg/detail/capture_targets__rosidl_typesupport_fastrtps_c.h
-- Installing: /cc_ws/tros_ws/install/include/ai_msgs/ai_msgs/msg/detail/perception_info__rosidl_typesupport_fastrtps_c.h
-- Installing: /cc_ws/tros_ws/install/include/ai_msgs/ai_msgs/msg/detail/target__rosidl_typesupport_fastrtps_c.h
-- Installing: /cc_ws/tros_ws/install/include/ai_msgs/ai_msgs/msg/detail/roi__rosidl_typesupport_fastrtps_c.h
-- Installing: /cc_ws/tros_ws/install/include/ai_msgs/ai_msgs/msg/detail/perf__rosidl_typesupport_fastrtps_c.h
-- Installing: /cc_ws/tros_ws/install/include/ai_msgs/ai_msgs/msg/detail/point__rosidl_typesupport_fastrtps_c.h
-- Installing: /cc_ws/tros_ws/install/include/ai_msgs/ai_msgs/msg/detail/attribute__rosidl_typesupport_fastrtps_c.h
-- Installing: /cc_ws/tros_ws/install/include/ai_msgs/ai_msgs/msg/detail/db_result__rosidl_typesupport_fastrtps_c.h
-- Installing: /cc_ws/tros_ws/install/include/ai_msgs/ai_msgs/msg/detail/capture__rosidl_typesupport_fastrtps_c.h
-- Installing: /cc_ws/tros_ws/install/lib/libai_msgs__rosidl_typesupport_fastrtps_c.so
-- Set runtime path of "/cc_ws/tros_ws/install/lib/libai_msgs__rosidl_typesupport_fastrtps_c.so" to ""
-- Up-to-date: /cc_ws/tros_ws/install/include/ai_msgs/ai_msgs
-- Up-to-date: /cc_ws/tros_ws/install/include/ai_msgs/ai_msgs/msg
-- Installing: /cc_ws/tros_ws/install/include/ai_msgs/ai_msgs/msg/attribute.hpp
-- Installing: /cc_ws/tros_ws/install/include/ai_msgs/ai_msgs/msg/point.hpp
-- Installing: /cc_ws/tros_ws/install/include/ai_msgs/ai_msgs/msg/perf.hpp
-- Installing: /cc_ws/tros_ws/install/include/ai_msgs/ai_msgs/msg/perception_targets.hpp
-- Installing: /cc_ws/tros_ws/install/include/ai_msgs/ai_msgs/msg/db_result.hpp
-- Installing: /cc_ws/tros_ws/install/include/ai_msgs/ai_msgs/msg/capture.hpp
-- Up-to-date: /cc_ws/tros_ws/install/include/ai_msgs/ai_msgs/msg/detail
-- Installing: /cc_ws/tros_ws/install/include/ai_msgs/ai_msgs/msg/detail/roi__builder.hpp
-- Installing: /cc_ws/tros_ws/install/include/ai_msgs/ai_msgs/msg/detail/roi__traits.hpp
-- Installing: /cc_ws/tros_ws/install/include/ai_msgs/ai_msgs/msg/detail/db_result__struct.hpp
-- Installing: /cc_ws/tros_ws/install/include/ai_msgs/ai_msgs/msg/detail/capture__traits.hpp
-- Installing: /cc_ws/tros_ws/install/include/ai_msgs/ai_msgs/msg/detail/capture_targets__traits.hpp
-- Installing: /cc_ws/tros_ws/install/include/ai_msgs/ai_msgs/msg/detail/perception_info__builder.hpp
-- Installing: /cc_ws/tros_ws/install/include/ai_msgs/ai_msgs/msg/detail/point__traits.hpp
-- Installing: /cc_ws/tros_ws/install/include/ai_msgs/ai_msgs/msg/detail/attribute__builder.hpp
-- Installing: /cc_ws/tros_ws/install/include/ai_msgs/ai_msgs/msg/detail/db_result__builder.hpp
-- Installing: /cc_ws/tros_ws/install/include/ai_msgs/ai_msgs/msg/detail/point__struct.hpp
-- Installing: /cc_ws/tros_ws/install/include/ai_msgs/ai_msgs/msg/detail/target__traits.hpp
-- Installing: /cc_ws/tros_ws/install/include/ai_msgs/ai_msgs/msg/detail/perception_info__struct.hpp
-- Installing: /cc_ws/tros_ws/install/include/ai_msgs/ai_msgs/msg/detail/roi__struct.hpp
-- Installing: /cc_ws/tros_ws/install/include/ai_msgs/ai_msgs/msg/detail/capture__builder.hpp
-- Installing: /cc_ws/tros_ws/install/include/ai_msgs/ai_msgs/msg/detail/point__builder.hpp
-- Installing: /cc_ws/tros_ws/install/include/ai_msgs/ai_msgs/msg/detail/target__builder.hpp
-- Installing: /cc_ws/tros_ws/install/include/ai_msgs/ai_msgs/msg/detail/capture_targets__struct.hpp
-- Installing: /cc_ws/tros_ws/install/include/ai_msgs/ai_msgs/msg/detail/db_result__traits.hpp
-- Installing: /cc_ws/tros_ws/install/include/ai_msgs/ai_msgs/msg/detail/perception_targets__traits.hpp
-- Installing: /cc_ws/tros_ws/install/include/ai_msgs/ai_msgs/msg/detail/attribute__traits.hpp
-- Installing: /cc_ws/tros_ws/install/include/ai_msgs/ai_msgs/msg/detail/perf__struct.hpp
-- Installing: /cc_ws/tros_ws/install/include/ai_msgs/ai_msgs/msg/detail/target__struct.hpp
-- Installing: /cc_ws/tros_ws/install/include/ai_msgs/ai_msgs/msg/detail/attribute__struct.hpp
-- Installing: /cc_ws/tros_ws/install/include/ai_msgs/ai_msgs/msg/detail/perf__traits.hpp
-- Installing: /cc_ws/tros_ws/install/include/ai_msgs/ai_msgs/msg/detail/perf__builder.hpp
-- Installing: /cc_ws/tros_ws/install/include/ai_msgs/ai_msgs/msg/detail/capture_targets__builder.hpp
-- Installing: /cc_ws/tros_ws/install/include/ai_msgs/ai_msgs/msg/detail/perception_targets__builder.hpp
-- Installing: /cc_ws/tros_ws/install/include/ai_msgs/ai_msgs/msg/detail/capture__struct.hpp
-- Installing: /cc_ws/tros_ws/install/include/ai_msgs/ai_msgs/msg/detail/perception_targets__struct.hpp
-- Installing: /cc_ws/tros_ws/install/include/ai_msgs/ai_msgs/msg/detail/perception_info__traits.hpp
-- Installing: /cc_ws/tros_ws/install/include/ai_msgs/ai_msgs/msg/target.hpp
-- Installing: /cc_ws/tros_ws/install/include/ai_msgs/ai_msgs/msg/perception_info.hpp
-- Installing: /cc_ws/tros_ws/install/include/ai_msgs/ai_msgs/msg/capture_targets.hpp
-- Installing: /cc_ws/tros_ws/install/include/ai_msgs/ai_msgs/msg/roi.hpp
-- Up-to-date: /cc_ws/tros_ws/install/include/ai_msgs/ai_msgs
-- Up-to-date: /cc_ws/tros_ws/install/include/ai_msgs/ai_msgs/msg
-- Up-to-date: /cc_ws/tros_ws/install/include/ai_msgs/ai_msgs/msg/detail
-- Installing: /cc_ws/tros_ws/install/include/ai_msgs/ai_msgs/msg/detail/attribute__rosidl_typesupport_fastrtps_cpp.hpp
-- Installing: /cc_ws/tros_ws/install/include/ai_msgs/ai_msgs/msg/detail/point__rosidl_typesupport_fastrtps_cpp.hpp
-- Installing: /cc_ws/tros_ws/install/include/ai_msgs/ai_msgs/msg/detail/capture__rosidl_typesupport_fastrtps_cpp.hpp
-- Installing: /cc_ws/tros_ws/install/include/ai_msgs/ai_msgs/msg/detail/roi__rosidl_typesupport_fastrtps_cpp.hpp
-- Installing: /cc_ws/tros_ws/install/include/ai_msgs/ai_msgs/msg/detail/perception_info__rosidl_typesupport_fastrtps_cpp.hpp
-- Installing: /cc_ws/tros_ws/install/include/ai_msgs/ai_msgs/msg/detail/db_result__rosidl_typesupport_fastrtps_cpp.hpp
-- Installing: /cc_ws/tros_ws/install/include/ai_msgs/ai_msgs/msg/detail/perf__rosidl_typesupport_fastrtps_cpp.hpp
-- Installing: /cc_ws/tros_ws/install/include/ai_msgs/ai_msgs/msg/detail/capture_targets__rosidl_typesupport_fastrtps_cpp.hpp
-- Installing: /cc_ws/tros_ws/install/include/ai_msgs/ai_msgs/msg/detail/target__rosidl_typesupport_fastrtps_cpp.hpp
-- Installing: /cc_ws/tros_ws/install/include/ai_msgs/ai_msgs/msg/detail/perception_targets__rosidl_typesupport_fastrtps_cpp.hpp
-- Installing: /cc_ws/tros_ws/install/include/ai_msgs/ai_msgs/msg/detail/dds_fastrtps
-- Installing: /cc_ws/tros_ws/install/include/ai_msgs/ai_msgs/msg/rosidl_typesupport_fastrtps_cpp__visibility_control.h
-- Installing: /cc_ws/tros_ws/install/lib/libai_msgs__rosidl_typesupport_fastrtps_cpp.so
-- Set runtime path of "/cc_ws/tros_ws/install/lib/libai_msgs__rosidl_typesupport_fastrtps_cpp.so" to ""
-- Up-to-date: /cc_ws/tros_ws/install/include/ai_msgs/ai_msgs
-- Up-to-date: /cc_ws/tros_ws/install/include/ai_msgs/ai_msgs/msg
-- Installing: /cc_ws/tros_ws/install/include/ai_msgs/ai_msgs/msg/rosidl_typesupport_introspection_c__visibility_control.h
-- Up-to-date: /cc_ws/tros_ws/install/include/ai_msgs/ai_msgs/msg/detail
-- Installing: /cc_ws/tros_ws/install/include/ai_msgs/ai_msgs/msg/detail/capture__type_support.c
-- Installing: /cc_ws/tros_ws/install/include/ai_msgs/ai_msgs/msg/detail/perf__rosidl_typesupport_introspection_c.h
-- Installing: /cc_ws/tros_ws/install/include/ai_msgs/ai_msgs/msg/detail/capture__rosidl_typesupport_introspection_c.h
-- Installing: /cc_ws/tros_ws/install/include/ai_msgs/ai_msgs/msg/detail/capture_targets__rosidl_typesupport_introspection_c.h
-- Installing: /cc_ws/tros_ws/install/include/ai_msgs/ai_msgs/msg/detail/perf__type_support.c
-- Installing: /cc_ws/tros_ws/install/include/ai_msgs/ai_msgs/msg/detail/target__rosidl_typesupport_introspection_c.h
-- Installing: /cc_ws/tros_ws/install/include/ai_msgs/ai_msgs/msg/detail/point__rosidl_typesupport_introspection_c.h
-- Installing: /cc_ws/tros_ws/install/include/ai_msgs/ai_msgs/msg/detail/db_result__type_support.c
-- Installing: /cc_ws/tros_ws/install/include/ai_msgs/ai_msgs/msg/detail/perception_targets__type_support.c
-- Installing: /cc_ws/tros_ws/install/include/ai_msgs/ai_msgs/msg/detail/target__type_support.c
-- Installing: /cc_ws/tros_ws/install/include/ai_msgs/ai_msgs/msg/detail/perception_info__rosidl_typesupport_introspection_c.h
-- Installing: /cc_ws/tros_ws/install/include/ai_msgs/ai_msgs/msg/detail/roi__rosidl_typesupport_introspection_c.h
-- Installing: /cc_ws/tros_ws/install/include/ai_msgs/ai_msgs/msg/detail/perception_targets__rosidl_typesupport_introspection_c.h
-- Installing: /cc_ws/tros_ws/install/include/ai_msgs/ai_msgs/msg/detail/point__type_support.c
-- Installing: /cc_ws/tros_ws/install/include/ai_msgs/ai_msgs/msg/detail/perception_info__type_support.c
-- Installing: /cc_ws/tros_ws/install/include/ai_msgs/ai_msgs/msg/detail/attribute__type_support.c
-- Installing: /cc_ws/tros_ws/install/include/ai_msgs/ai_msgs/msg/detail/roi__type_support.c
-- Installing: /cc_ws/tros_ws/install/include/ai_msgs/ai_msgs/msg/detail/db_result__rosidl_typesupport_introspection_c.h
-- Installing: /cc_ws/tros_ws/install/include/ai_msgs/ai_msgs/msg/detail/capture_targets__type_support.c
-- Installing: /cc_ws/tros_ws/install/include/ai_msgs/ai_msgs/msg/detail/attribute__rosidl_typesupport_introspection_c.h
-- Installing: /cc_ws/tros_ws/install/lib/libai_msgs__rosidl_typesupport_introspection_c.so
-- Set runtime path of "/cc_ws/tros_ws/install/lib/libai_msgs__rosidl_typesupport_introspection_c.so" to ""
-- Installing: /cc_ws/tros_ws/install/lib/libai_msgs__rosidl_typesupport_c.so
-- Set runtime path of "/cc_ws/tros_ws/install/lib/libai_msgs__rosidl_typesupport_c.so" to ""
-- Up-to-date: /cc_ws/tros_ws/install/include/ai_msgs/ai_msgs
-- Up-to-date: /cc_ws/tros_ws/install/include/ai_msgs/ai_msgs/msg
-- Up-to-date: /cc_ws/tros_ws/install/include/ai_msgs/ai_msgs/msg/detail
-- Installing: /cc_ws/tros_ws/install/include/ai_msgs/ai_msgs/msg/detail/db_result__rosidl_typesupport_introspection_cpp.hpp
-- Installing: /cc_ws/tros_ws/install/include/ai_msgs/ai_msgs/msg/detail/roi__type_support.cpp
-- Installing: /cc_ws/tros_ws/install/include/ai_msgs/ai_msgs/msg/detail/perception_targets__type_support.cpp
-- Installing: /cc_ws/tros_ws/install/include/ai_msgs/ai_msgs/msg/detail/db_result__type_support.cpp
-- Installing: /cc_ws/tros_ws/install/include/ai_msgs/ai_msgs/msg/detail/attribute__type_support.cpp
-- Installing: /cc_ws/tros_ws/install/include/ai_msgs/ai_msgs/msg/detail/capture_targets__type_support.cpp
-- Installing: /cc_ws/tros_ws/install/include/ai_msgs/ai_msgs/msg/detail/capture__type_support.cpp
-- Installing: /cc_ws/tros_ws/install/include/ai_msgs/ai_msgs/msg/detail/point__rosidl_typesupport_introspection_cpp.hpp
-- Installing: /cc_ws/tros_ws/install/include/ai_msgs/ai_msgs/msg/detail/point__type_support.cpp
-- Installing: /cc_ws/tros_ws/install/include/ai_msgs/ai_msgs/msg/detail/perception_info__type_support.cpp
-- Installing: /cc_ws/tros_ws/install/include/ai_msgs/ai_msgs/msg/detail/target__rosidl_typesupport_introspection_cpp.hpp
-- Installing: /cc_ws/tros_ws/install/include/ai_msgs/ai_msgs/msg/detail/roi__rosidl_typesupport_introspection_cpp.hpp
-- Installing: /cc_ws/tros_ws/install/include/ai_msgs/ai_msgs/msg/detail/perception_info__rosidl_typesupport_introspection_cpp.hpp
-- Installing: /cc_ws/tros_ws/install/include/ai_msgs/ai_msgs/msg/detail/perf__type_support.cpp
-- Installing: /cc_ws/tros_ws/install/include/ai_msgs/ai_msgs/msg/detail/capture_targets__rosidl_typesupport_introspection_cpp.hpp
-- Installing: /cc_ws/tros_ws/install/include/ai_msgs/ai_msgs/msg/detail/perception_targets__rosidl_typesupport_introspection_cpp.hpp
-- Installing: /cc_ws/tros_ws/install/include/ai_msgs/ai_msgs/msg/detail/capture__rosidl_typesupport_introspection_cpp.hpp
-- Installing: /cc_ws/tros_ws/install/include/ai_msgs/ai_msgs/msg/detail/attribute__rosidl_typesupport_introspection_cpp.hpp
-- Installing: /cc_ws/tros_ws/install/include/ai_msgs/ai_msgs/msg/detail/perf__rosidl_typesupport_introspection_cpp.hpp
-- Installing: /cc_ws/tros_ws/install/include/ai_msgs/ai_msgs/msg/detail/target__type_support.cpp
-- Installing: /cc_ws/tros_ws/install/lib/libai_msgs__rosidl_typesupport_introspection_cpp.so
-- Set runtime path of "/cc_ws/tros_ws/install/lib/libai_msgs__rosidl_typesupport_introspection_cpp.so" to ""
-- Installing: /cc_ws/tros_ws/install/lib/libai_msgs__rosidl_typesupport_cpp.so
-- Set runtime path of "/cc_ws/tros_ws/install/lib/libai_msgs__rosidl_typesupport_cpp.so" to ""
-- Installing: /cc_ws/tros_ws/install/share/ai_msgs/environment/pythonpath.sh
-- Installing: /cc_ws/tros_ws/install/share/ai_msgs/environment/pythonpath.dsv
-- Installing: /cc_ws/tros_ws/install/local/lib/python3.10/dist-packages/ai_msgs-2.0.1-py3.10.egg-info
-- Installing: /cc_ws/tros_ws/install/local/lib/python3.10/dist-packages/ai_msgs-2.0.1-py3.10.egg-info/SOURCES.txt
-- Installing: /cc_ws/tros_ws/install/local/lib/python3.10/dist-packages/ai_msgs-2.0.1-py3.10.egg-info/PKG-INFO
-- Installing: /cc_ws/tros_ws/install/local/lib/python3.10/dist-packages/ai_msgs-2.0.1-py3.10.egg-info/dependency_links.txt
-- Installing: /cc_ws/tros_ws/install/local/lib/python3.10/dist-packages/ai_msgs-2.0.1-py3.10.egg-info/top_level.txt
-- Installing: /cc_ws/tros_ws/install/local/lib/python3.10/dist-packages/ai_msgs
-- Installing: /cc_ws/tros_ws/install/local/lib/python3.10/dist-packages/ai_msgs/_ai_msgs_s.ep.rosidl_typesupport_fastrtps_c.c
-- Installing: /cc_ws/tros_ws/install/local/lib/python3.10/dist-packages/ai_msgs/_ai_msgs_s.ep.rosidl_typesupport_c.c
-- Installing: /cc_ws/tros_ws/install/local/lib/python3.10/dist-packages/ai_msgs/msg
-- Installing: /cc_ws/tros_ws/install/local/lib/python3.10/dist-packages/ai_msgs/msg/_perception_info.py
-- Installing: /cc_ws/tros_ws/install/local/lib/python3.10/dist-packages/ai_msgs/msg/_perception_targets_s.c
-- Installing: /cc_ws/tros_ws/install/local/lib/python3.10/dist-packages/ai_msgs/msg/_target.py
-- Installing: /cc_ws/tros_ws/install/local/lib/python3.10/dist-packages/ai_msgs/msg/_perf.py
-- Installing: /cc_ws/tros_ws/install/local/lib/python3.10/dist-packages/ai_msgs/msg/_db_result_s.c
-- Installing: /cc_ws/tros_ws/install/local/lib/python3.10/dist-packages/ai_msgs/msg/_capture_s.c
-- Installing: /cc_ws/tros_ws/install/local/lib/python3.10/dist-packages/ai_msgs/msg/_capture_targets.py
-- Installing: /cc_ws/tros_ws/install/local/lib/python3.10/dist-packages/ai_msgs/msg/_perception_info_s.c
-- Installing: /cc_ws/tros_ws/install/local/lib/python3.10/dist-packages/ai_msgs/msg/_point.py
-- Installing: /cc_ws/tros_ws/install/local/lib/python3.10/dist-packages/ai_msgs/msg/_attribute_s.c
-- Installing: /cc_ws/tros_ws/install/local/lib/python3.10/dist-packages/ai_msgs/msg/_db_result.py
-- Installing: /cc_ws/tros_ws/install/local/lib/python3.10/dist-packages/ai_msgs/msg/__init__.py
-- Installing: /cc_ws/tros_ws/install/local/lib/python3.10/dist-packages/ai_msgs/msg/_point_s.c
-- Installing: /cc_ws/tros_ws/install/local/lib/python3.10/dist-packages/ai_msgs/msg/_perception_targets.py
-- Installing: /cc_ws/tros_ws/install/local/lib/python3.10/dist-packages/ai_msgs/msg/_roi_s.c
-- Installing: /cc_ws/tros_ws/install/local/lib/python3.10/dist-packages/ai_msgs/msg/_capture_targets_s.c
-- Installing: /cc_ws/tros_ws/install/local/lib/python3.10/dist-packages/ai_msgs/msg/_capture.py
-- Installing: /cc_ws/tros_ws/install/local/lib/python3.10/dist-packages/ai_msgs/msg/_attribute.py
-- Installing: /cc_ws/tros_ws/install/local/lib/python3.10/dist-packages/ai_msgs/msg/_target_s.c
-- Installing: /cc_ws/tros_ws/install/local/lib/python3.10/dist-packages/ai_msgs/msg/_roi.py
-- Installing: /cc_ws/tros_ws/install/local/lib/python3.10/dist-packages/ai_msgs/msg/_perf_s.c
-- Installing: /cc_ws/tros_ws/install/local/lib/python3.10/dist-packages/ai_msgs/_ai_msgs_s.ep.rosidl_typesupport_introspection_c.c
-- Installing: /cc_ws/tros_ws/install/local/lib/python3.10/dist-packages/ai_msgs/ai_msgs_s__rosidl_typesupport_c.cpython-310-aarch64-linux-gnu.so
-- Installing: /cc_ws/tros_ws/install/local/lib/python3.10/dist-packages/ai_msgs/__init__.py
-- Installing: /cc_ws/tros_ws/install/local/lib/python3.10/dist-packages/ai_msgs/ai_msgs_s__rosidl_typesupport_fastrtps_c.cpython-310-aarch64-linux-gnu.so
-- Installing: /cc_ws/tros_ws/install/local/lib/python3.10/dist-packages/ai_msgs/libai_msgs__rosidl_generator_py.so
-- Installing: /cc_ws/tros_ws/install/local/lib/python3.10/dist-packages/ai_msgs/ai_msgs_s__rosidl_typesupport_introspection_c.cpython-310-aarch64-linux-gnu.so
Listing '/cc_ws/tros_ws/install/local/lib/python3.10/dist-packages/ai_msgs'...
Compiling '/cc_ws/tros_ws/install/local/lib/python3.10/dist-packages/ai_msgs/__init__.py'...
Listing '/cc_ws/tros_ws/install/local/lib/python3.10/dist-packages/ai_msgs/msg'...
Compiling '/cc_ws/tros_ws/install/local/lib/python3.10/dist-packages/ai_msgs/msg/__init__.py'...
Compiling '/cc_ws/tros_ws/install/local/lib/python3.10/dist-packages/ai_msgs/msg/_attribute.py'...
Compiling '/cc_ws/tros_ws/install/local/lib/python3.10/dist-packages/ai_msgs/msg/_capture.py'...
Compiling '/cc_ws/tros_ws/install/local/lib/python3.10/dist-packages/ai_msgs/msg/_capture_targets.py'...
Compiling '/cc_ws/tros_ws/install/local/lib/python3.10/dist-packages/ai_msgs/msg/_db_result.py'...
Compiling '/cc_ws/tros_ws/install/local/lib/python3.10/dist-packages/ai_msgs/msg/_perception_info.py'...
Compiling '/cc_ws/tros_ws/install/local/lib/python3.10/dist-packages/ai_msgs/msg/_perception_targets.py'...
Compiling '/cc_ws/tros_ws/install/local/lib/python3.10/dist-packages/ai_msgs/msg/_perf.py'...
Compiling '/cc_ws/tros_ws/install/local/lib/python3.10/dist-packages/ai_msgs/msg/_point.py'...
Compiling '/cc_ws/tros_ws/install/local/lib/python3.10/dist-packages/ai_msgs/msg/_roi.py'...
Compiling '/cc_ws/tros_ws/install/local/lib/python3.10/dist-packages/ai_msgs/msg/_target.py'...
-- Installing: /cc_ws/tros_ws/install/local/lib/python3.10/dist-packages/ai_msgs/ai_msgs_s__rosidl_typesupport_fastrtps_c.cpython-310-aarch64-linux-gnu.so
-- Set runtime path of "/cc_ws/tros_ws/install/local/lib/python3.10/dist-packages/ai_msgs/ai_msgs_s__rosidl_typesupport_fastrtps_c.cpython-310-aarch64-linux-gnu.so" to ""
-- Installing: /cc_ws/tros_ws/install/local/lib/python3.10/dist-packages/ai_msgs/ai_msgs_s__rosidl_typesupport_introspection_c.cpython-310-aarch64-linux-gnu.so
-- Set runtime path of "/cc_ws/tros_ws/install/local/lib/python3.10/dist-packages/ai_msgs/ai_msgs_s__rosidl_typesupport_introspection_c.cpython-310-aarch64-linux-gnu.so" to ""
-- Installing: /cc_ws/tros_ws/install/local/lib/python3.10/dist-packages/ai_msgs/ai_msgs_s__rosidl_typesupport_c.cpython-310-aarch64-linux-gnu.so
-- Set runtime path of "/cc_ws/tros_ws/install/local/lib/python3.10/dist-packages/ai_msgs/ai_msgs_s__rosidl_typesupport_c.cpython-310-aarch64-linux-gnu.so" to ""
-- Installing: /cc_ws/tros_ws/install/lib/libai_msgs__rosidl_generator_py.so
-- Set runtime path of "/cc_ws/tros_ws/install/lib/libai_msgs__rosidl_generator_py.so" to ""
-- Installing: /cc_ws/tros_ws/install/share/ai_msgs/msg/Attribute.idl
-- Installing: /cc_ws/tros_ws/install/share/ai_msgs/msg/DBResult.idl
-- Installing: /cc_ws/tros_ws/install/share/ai_msgs/msg/Capture.idl
-- Installing: /cc_ws/tros_ws/install/share/ai_msgs/msg/Point.idl
-- Installing: /cc_ws/tros_ws/install/share/ai_msgs/msg/Roi.idl
-- Installing: /cc_ws/tros_ws/install/share/ai_msgs/msg/Target.idl
-- Installing: /cc_ws/tros_ws/install/share/ai_msgs/msg/Perf.idl
-- Installing: /cc_ws/tros_ws/install/share/ai_msgs/msg/CaptureTargets.idl
-- Installing: /cc_ws/tros_ws/install/share/ai_msgs/msg/PerceptionTargets.idl
-- Installing: /cc_ws/tros_ws/install/share/ai_msgs/msg/PerceptionInfo.idl
-- Installing: /cc_ws/tros_ws/install/share/ai_msgs/msg/Attribute.msg
-- Installing: /cc_ws/tros_ws/install/share/ai_msgs/msg/DBResult.msg
-- Installing: /cc_ws/tros_ws/install/share/ai_msgs/msg/Capture.msg
-- Installing: /cc_ws/tros_ws/install/share/ai_msgs/msg/Point.msg
-- Installing: /cc_ws/tros_ws/install/share/ai_msgs/msg/Roi.msg
-- Installing: /cc_ws/tros_ws/install/share/ai_msgs/msg/Target.msg
-- Installing: /cc_ws/tros_ws/install/share/ai_msgs/msg/Perf.msg
-- Installing: /cc_ws/tros_ws/install/share/ai_msgs/msg/CaptureTargets.msg
-- Installing: /cc_ws/tros_ws/install/share/ai_msgs/msg/PerceptionTargets.msg
-- Installing: /cc_ws/tros_ws/install/share/ai_msgs/msg/PerceptionInfo.msg
-- Installing: /cc_ws/tros_ws/install/share/ament_index/resource_index/package_run_dependencies/ai_msgs
-- Installing: /cc_ws/tros_ws/install/share/ament_index/resource_index/parent_prefix_path/ai_msgs
-- Installing: /cc_ws/tros_ws/install/share/ai_msgs/environment/ament_prefix_path.sh
-- Installing: /cc_ws/tros_ws/install/share/ai_msgs/environment/ament_prefix_path.dsv
-- Installing: /cc_ws/tros_ws/install/share/ai_msgs/environment/path.sh
-- Installing: /cc_ws/tros_ws/install/share/ai_msgs/environment/path.dsv
-- Installing: /cc_ws/tros_ws/install/share/ai_msgs/local_setup.bash
-- Installing: /cc_ws/tros_ws/install/share/ai_msgs/local_setup.sh
-- Installing: /cc_ws/tros_ws/install/share/ai_msgs/local_setup.zsh
-- Installing: /cc_ws/tros_ws/install/share/ai_msgs/local_setup.dsv
-- Installing: /cc_ws/tros_ws/install/share/ai_msgs/package.dsv
-- Installing: /cc_ws/tros_ws/install/share/ament_index/resource_index/packages/ai_msgs
-- Installing: /cc_ws/tros_ws/install/share/ai_msgs/cmake/export_ai_msgs__rosidl_generator_cExport.cmake
-- Installing: /cc_ws/tros_ws/install/share/ai_msgs/cmake/export_ai_msgs__rosidl_generator_cExport-noconfig.cmake
-- Installing: /cc_ws/tros_ws/install/share/ai_msgs/cmake/export_ai_msgs__rosidl_typesupport_fastrtps_cExport.cmake
-- Installing: /cc_ws/tros_ws/install/share/ai_msgs/cmake/export_ai_msgs__rosidl_typesupport_fastrtps_cExport-noconfig.cmake
-- Installing: /cc_ws/tros_ws/install/share/ai_msgs/cmake/export_ai_msgs__rosidl_generator_cppExport.cmake
-- Installing: /cc_ws/tros_ws/install/share/ai_msgs/cmake/export_ai_msgs__rosidl_typesupport_fastrtps_cppExport.cmake
-- Installing: /cc_ws/tros_ws/install/share/ai_msgs/cmake/export_ai_msgs__rosidl_typesupport_fastrtps_cppExport-noconfig.cmake
-- Installing: /cc_ws/tros_ws/install/share/ai_msgs/cmake/ai_msgs__rosidl_typesupport_introspection_cExport.cmake
-- Installing: /cc_ws/tros_ws/install/share/ai_msgs/cmake/ai_msgs__rosidl_typesupport_introspection_cExport-noconfig.cmake
-- Installing: /cc_ws/tros_ws/install/share/ai_msgs/cmake/ai_msgs__rosidl_typesupport_cExport.cmake
-- Installing: /cc_ws/tros_ws/install/share/ai_msgs/cmake/ai_msgs__rosidl_typesupport_cExport-noconfig.cmake
-- Installing: /cc_ws/tros_ws/install/share/ai_msgs/cmake/ai_msgs__rosidl_typesupport_introspection_cppExport.cmake
-- Installing: /cc_ws/tros_ws/install/share/ai_msgs/cmake/ai_msgs__rosidl_typesupport_introspection_cppExport-noconfig.cmake
-- Installing: /cc_ws/tros_ws/install/share/ai_msgs/cmake/ai_msgs__rosidl_typesupport_cppExport.cmake
-- Installing: /cc_ws/tros_ws/install/share/ai_msgs/cmake/ai_msgs__rosidl_typesupport_cppExport-noconfig.cmake
-- Installing: /cc_ws/tros_ws/install/share/ai_msgs/cmake/export_ai_msgs__rosidl_generator_pyExport.cmake
-- Installing: /cc_ws/tros_ws/install/share/ai_msgs/cmake/export_ai_msgs__rosidl_generator_pyExport-noconfig.cmake
-- Installing: /cc_ws/tros_ws/install/share/ai_msgs/cmake/rosidl_cmake-extras.cmake
-- Installing: /cc_ws/tros_ws/install/share/ai_msgs/cmake/ament_cmake_export_dependencies-extras.cmake
-- Installing: /cc_ws/tros_ws/install/share/ai_msgs/cmake/ament_cmake_export_include_directories-extras.cmake
-- Installing: /cc_ws/tros_ws/install/share/ai_msgs/cmake/ament_cmake_export_libraries-extras.cmake
-- Installing: /cc_ws/tros_ws/install/share/ai_msgs/cmake/ament_cmake_export_targets-extras.cmake
-- Installing: /cc_ws/tros_ws/install/share/ai_msgs/cmake/rosidl_cmake_export_typesupport_targets-extras.cmake
-- Installing: /cc_ws/tros_ws/install/share/ai_msgs/cmake/rosidl_cmake_export_typesupport_libraries-extras.cmake
-- Installing: /cc_ws/tros_ws/install/share/ai_msgs/cmake/ai_msgsConfig.cmake
-- Installing: /cc_ws/tros_ws/install/share/ai_msgs/cmake/ai_msgsConfig-version.cmake
-- Installing: /cc_ws/tros_ws/install/share/ai_msgs/package.xml
