Not searching for unused variables given on the command line.
-- The C compiler identification is GNU 11.4.0
-- The CXX compiler identification is GNU 11.4.0
-- Detecting C compiler ABI info
-- Detecting C compiler ABI info - done
-- Check for working C compiler: /usr/bin/aarch64-linux-gnu-gcc - skipped
-- Detecting C compile features
-- Detecting C compile features - done
-- Detecting CXX compiler ABI info
-- Detecting CXX compiler ABI info - done
-- Check for working CXX compiler: /usr/bin/aarch64-linux-gnu-g++ - skipped
-- Detecting CXX compile features
-- Detecting CXX compile features - done
-- Found OpenMP_C: -fopenmp (found version "4.5") 
-- Found OpenMP_CXX: -fopenmp (found version "4.5") 
-- Found OpenMP: TRUE (found version "4.5")  
-- Found ament_cmake: 1.3.8 (/opt/ros/humble/share/ament_cmake/cmake)
-- Found Python3: /usr/bin/python3 (found version "3.10.12") found components: Interpreter 
-- Found rclcpp: 16.0.8 (/opt/ros/humble/share/rclcpp/cmake)
-- Found rosidl_generator_c: 3.1.5 (/opt/ros/humble/share/rosidl_generator_c/cmake)
-- Found rosidl_adapter: 3.1.5 (/opt/ros/humble/share/rosidl_adapter/cmake)
-- Found rosidl_generator_cpp: 3.1.5 (/opt/ros/humble/share/rosidl_generator_cpp/cmake)
-- Using all available rosidl_typesupport_c: rosidl_typesupport_fastrtps_c;rosidl_typesupport_introspection_c
-- Using all available rosidl_typesupport_cpp: rosidl_typesupport_fastrtps_cpp;rosidl_typesupport_introspection_cpp
-- Found rmw_implementation_cmake: 6.1.1 (/opt/ros/humble/share/rmw_implementation_cmake/cmake)
-- Found rmw_fastrtps_cpp: 6.2.6 (/opt/ros/humble/share/rmw_fastrtps_cpp/cmake)
-- Found OpenSSL: /cc_ws/tros_ws/robot_dev_config/../../sysroot_docker/usr/lib/aarch64-linux-gnu/libcrypto.so (found version "3.0.2")  
-- Found FastRTPS: /opt/ros/humble/include  
-- Using RMW implementation 'rmw_fastrtps_cpp' as default
-- Looking for pthread.h
-- Looking for pthread.h - found
-- Performing Test CMAKE_HAVE_LIBC_PTHREAD
-- Performing Test CMAKE_HAVE_LIBC_PTHREAD - Success
-- Found Threads: TRUE  
-- Found sensor_msgs: 4.2.3 (/opt/ros/humble/share/sensor_msgs/cmake)
-- Found nav_msgs: 4.2.3 (/opt/ros/humble/share/nav_msgs/cmake)
-- Found visualization_msgs: 4.2.3 (/opt/ros/humble/share/visualization_msgs/cmake)
-- Found cv_bridge: 3.2.1 (/opt/ros/humble/share/cv_bridge/cmake)
-- Checking for module 'eigen3'
--   No package 'eigen3' found
-- Found Eigen: /cc_ws/tros_ws/robot_dev_config/../../sysroot_docker/usr/include/eigen3 (Required is at least version "3.1") 
-- Eigen found (include: /cc_ws/tros_ws/robot_dev_config/../../sysroot_docker/usr/include/eigen3, version: 3.4.0)
-- Found Boost: /cc_ws/tros_ws/robot_dev_config/../../sysroot_docker/usr/lib/aarch64-linux-gnu/cmake/Boost-1.74.0/BoostConfig.cmake (found suitable version "1.74.0", minimum required is "1.65.0") found components: system filesystem date_time iostreams serialization 
-- Checking for module 'flann'
--   Found flann, version 1.9.1
-- Found FLANN: /cc_ws/tros_ws/robot_dev_config/../../sysroot_docker/usr/lib/aarch64-linux-gnu/libflann_cpp.so  
-- FLANN found (include: /cc_ws/tros_ws/robot_dev_config/../../sysroot_docker/usr/include, lib: /cc_ws/tros_ws/robot_dev_config/../../sysroot_docker/usr/lib/aarch64-linux-gnu/libflann_cpp.so)
-- The imported target "VTK::WrapHierarchy" references the file
   "/cc_ws/sysroot_docker/usr/bin/vtkWrapHierarchy-9.1"
but this file does not exist.  Possible reasons include:
* The file was deleted, renamed, or moved to another location.
* An install or uninstall procedure did not complete successfully.
* The installation package was faulty and contained
   "/cc_ws/sysroot_docker/usr/lib/aarch64-linux-gnu/cmake/vtk-9.1/VTK-targets.cmake"
but not all the files it references.

-- The imported target "VTK::WrapPython" references the file
   "/cc_ws/sysroot_docker/usr/bin/vtkWrapPython-9.1"
but this file does not exist.  Possible reasons include:
* The file was deleted, renamed, or moved to another location.
* An install or uninstall procedure did not complete successfully.
* The installation package was faulty and contained
   "/cc_ws/sysroot_docker/usr/lib/aarch64-linux-gnu/cmake/vtk-9.1/VTK-targets.cmake"
but not all the files it references.

-- The imported target "VTK::WrapPythonInit" references the file
   "/cc_ws/sysroot_docker/usr/bin/vtkWrapPythonInit-9.1"
but this file does not exist.  Possible reasons include:
* The file was deleted, renamed, or moved to another location.
* An install or uninstall procedure did not complete successfully.
* The installation package was faulty and contained
   "/cc_ws/sysroot_docker/usr/lib/aarch64-linux-gnu/cmake/vtk-9.1/VTK-targets.cmake"
but not all the files it references.

-- The imported target "VTK::ParseJava" references the file
   "/cc_ws/sysroot_docker/usr/bin/vtkParseJava-9.1"
but this file does not exist.  Possible reasons include:
* The file was deleted, renamed, or moved to another location.
* An install or uninstall procedure did not complete successfully.
* The installation package was faulty and contained
   "/cc_ws/sysroot_docker/usr/lib/aarch64-linux-gnu/cmake/vtk-9.1/VTK-targets.cmake"
but not all the files it references.

-- The imported target "VTK::WrapJava" references the file
   "/cc_ws/sysroot_docker/usr/bin/vtkWrapJava-9.1"
but this file does not exist.  Possible reasons include:
* The file was deleted, renamed, or moved to another location.
* An install or uninstall procedure did not complete successfully.
* The installation package was faulty and contained
   "/cc_ws/sysroot_docker/usr/lib/aarch64-linux-gnu/cmake/vtk-9.1/VTK-targets.cmake"
but not all the files it references.

-- The imported target "VTK::vtkProbeOpenGLVersion" references the file
   "/cc_ws/sysroot_docker/usr/bin/vtkProbeOpenGLVersion-9.1"
but this file does not exist.  Possible reasons include:
* The file was deleted, renamed, or moved to another location.
* An install or uninstall procedure did not complete successfully.
* The installation package was faulty and contained
   "/cc_ws/sysroot_docker/usr/lib/aarch64-linux-gnu/cmake/vtk-9.1/VTK-targets.cmake"
but not all the files it references.

-- Found GLEW: /cc_ws/tros_ws/robot_dev_config/../../sysroot_docker/usr/lib/aarch64-linux-gnu/libGLEW.so  
-- Found OpenGL: /cc_ws/tros_ws/robot_dev_config/../../sysroot_docker/usr/lib/aarch64-linux-gnu/libOpenGL.so  found components: OpenGL GLX 
-- Checking for module 'mpi-c'
--   No package 'mpi-c' found
-- Could NOT find MPI_C (missing: MPI_C_LIB_NAMES MPI_C_HEADER_DIR MPI_C_WORKS) 
-- Could NOT find MPI (missing: MPI_C_FOUND C) 
-- Found JsonCpp: /cc_ws/tros_ws/robot_dev_config/../../sysroot_docker/usr/lib/aarch64-linux-gnu/libjsoncpp.so (found suitable version "1.9.5", minimum required is "0.7.0") 
-- Found ZLIB: /cc_ws/tros_ws/robot_dev_config/../../sysroot_docker/usr/lib/aarch64-linux-gnu/libz.so (found version "1.2.11") 
-- Found PNG: /cc_ws/tros_ws/robot_dev_config/../../sysroot_docker/usr/lib/aarch64-linux-gnu/libpng.so (found version "1.6.37") 
-- Found Eigen3: /cc_ws/tros_ws/robot_dev_config/../../sysroot_docker/usr/include/eigen3 (found version "3.4.0") 
-- Found X11: /cc_ws/tros_ws/robot_dev_config/../../sysroot_docker/usr/include   
-- Looking for XOpenDisplay in /cc_ws/tros_ws/robot_dev_config/../../sysroot_docker/usr/lib/aarch64-linux-gnu/libX11.so;/cc_ws/tros_ws/robot_dev_config/../../sysroot_docker/usr/lib/aarch64-linux-gnu/libXext.so
-- Looking for XOpenDisplay in /cc_ws/tros_ws/robot_dev_config/../../sysroot_docker/usr/lib/aarch64-linux-gnu/libX11.so;/cc_ws/tros_ws/robot_dev_config/../../sysroot_docker/usr/lib/aarch64-linux-gnu/libXext.so - found
-- Looking for gethostbyname
-- Looking for gethostbyname - found
-- Looking for connect
-- Looking for connect - found
-- Looking for remove
-- Looking for remove - found
-- Looking for shmat
-- Looking for shmat - found
-- Looking for IceConnectionNumber in ICE
-- Looking for IceConnectionNumber in ICE - found
-- Found EXPAT: /cc_ws/tros_ws/robot_dev_config/../../sysroot_docker/usr/lib/aarch64-linux-gnu/libexpat.a (found version "2.4.7") 
-- Found double-conversion: /cc_ws/tros_ws/robot_dev_config/../../sysroot_docker/usr/lib/aarch64-linux-gnu/libdouble-conversion.so  
-- Found LZ4: /cc_ws/tros_ws/robot_dev_config/../../sysroot_docker/usr/lib/aarch64-linux-gnu/liblz4.so (found version "1.9.3") 
-- Found LZMA: /cc_ws/tros_ws/robot_dev_config/../../sysroot_docker/usr/lib/aarch64-linux-gnu/liblzma.a (found version "5.2.5") 
-- Found JPEG: /cc_ws/tros_ws/robot_dev_config/../../sysroot_docker/usr/lib/aarch64-linux-gnu/libjpeg.so (found version "80") 
-- Found TIFF: /cc_ws/tros_ws/robot_dev_config/../../sysroot_docker/usr/lib/aarch64-linux-gnu/libtiff.so (found version "4.3.0")  
-- Found Freetype: /cc_ws/tros_ws/robot_dev_config/../../sysroot_docker/usr/lib/aarch64-linux-gnu/libfreetype.so (found version "2.11.1") 
-- Found utf8cpp: /cc_ws/tros_ws/robot_dev_config/../../sysroot_docker/usr/include/utf8cpp  
-- Checking for module 'libusb-1.0'
--   Found libusb-1.0, version 1.0.25
-- Found libusb: /cc_ws/tros_ws/robot_dev_config/../../sysroot_docker/usr/lib/aarch64-linux-gnu/libusb-1.0.so  
-- Found OpenNI: /cc_ws/tros_ws/robot_dev_config/../../sysroot_docker/usr/lib/libOpenNI.so;libusb::libusb (found version "1.5.4.0") 
-- OpenNI found (version: 1.5.4.0, include: /cc_ws/tros_ws/robot_dev_config/../../sysroot_docker/usr/include/ni, lib: /cc_ws/tros_ws/robot_dev_config/../../sysroot_docker/usr/lib/libOpenNI.so;libusb::libusb)
-- Found OpenNI2: /cc_ws/tros_ws/robot_dev_config/../../sysroot_docker/usr/lib/aarch64-linux-gnu/libOpenNI2.so;libusb::libusb (found version "2.2.0.33") 
-- OpenNI2 found (version: 2.2.0.33, include: /cc_ws/tros_ws/robot_dev_config/../../sysroot_docker/usr/include/openni2, lib: /cc_ws/tros_ws/robot_dev_config/../../sysroot_docker/usr/lib/aarch64-linux-gnu/libOpenNI2.so;libusb::libusb)
-- Checking for module 'mpi-c'
--   No package 'mpi-c' found
-- Could NOT find MPI_C (missing: MPI_C_LIB_NAMES MPI_C_HEADER_DIR MPI_C_WORKS) 
-- Could NOT find MPI (missing: MPI_C_FOUND C) 
-- Checking for module 'eigen3'
--   No package 'eigen3' found
-- Eigen found (include: /cc_ws/tros_ws/robot_dev_config/../../sysroot_docker/usr/include/eigen3, version: 3.4.0)
-- OpenNI found (version: 1.5.4.0, include: /cc_ws/tros_ws/robot_dev_config/../../sysroot_docker/usr/include/ni, lib: /cc_ws/tros_ws/robot_dev_config/../../sysroot_docker/usr/lib/libOpenNI.so;libusb::libusb)
-- OpenNI2 found (version: 2.2.0.33, include: /cc_ws/tros_ws/robot_dev_config/../../sysroot_docker/usr/include/openni2, lib: /cc_ws/tros_ws/robot_dev_config/../../sysroot_docker/usr/lib/aarch64-linux-gnu/libOpenNI2.so;libusb::libusb)
-- Checking for module 'mpi-c'
--   No package 'mpi-c' found
-- Could NOT find MPI_C (missing: MPI_C_LIB_NAMES MPI_C_HEADER_DIR MPI_C_WORKS) 
-- Could NOT find MPI (missing: MPI_C_FOUND C) 
-- Found Qhull version 8.0.2
-- Checking for module 'mpi-c'
--   No package 'mpi-c' found
-- Could NOT find MPI_C (missing: MPI_C_LIB_NAMES MPI_C_HEADER_DIR MPI_C_WORKS) 
-- Could NOT find MPI (missing: MPI_C_FOUND C) 
-- OpenNI found (version: 1.5.4.0, include: /cc_ws/tros_ws/robot_dev_config/../../sysroot_docker/usr/include/ni, lib: /cc_ws/tros_ws/robot_dev_config/../../sysroot_docker/usr/lib/libOpenNI.so;libusb::libusb)
-- Checking for module 'mpi-c'
--   No package 'mpi-c' found
-- Could NOT find MPI_C (missing: MPI_C_LIB_NAMES MPI_C_HEADER_DIR MPI_C_WORKS) 
-- Could NOT find MPI (missing: MPI_C_FOUND C) 
-- looking for PCL_COMMON
-- Could NOT find PCL_COMMON (missing: PCL_COMMON_LIBRARY PCL_COMMON_INCLUDE_DIR) 
-- looking for PCL_KDTREE
-- Could NOT find PCL_KDTREE (missing: PCL_KDTREE_LIBRARY PCL_KDTREE_INCLUDE_DIR) 
-- looking for PCL_OCTREE
-- Could NOT find PCL_OCTREE (missing: PCL_OCTREE_LIBRARY PCL_OCTREE_INCLUDE_DIR) 
-- looking for PCL_SEARCH
-- Could NOT find PCL_SEARCH (missing: PCL_SEARCH_LIBRARY PCL_SEARCH_INCLUDE_DIR) 
-- looking for PCL_SAMPLE_CONSENSUS
-- Could NOT find PCL_SAMPLE_CONSENSUS (missing: PCL_SAMPLE_CONSENSUS_LIBRARY PCL_SAMPLE_CONSENSUS_INCLUDE_DIR) 
-- looking for PCL_FILTERS
-- Could NOT find PCL_FILTERS (missing: PCL_FILTERS_LIBRARY PCL_FILTERS_INCLUDE_DIR) 
-- looking for PCL_2D
-- Could NOT find PCL_2D (missing: PCL_2D_INCLUDE_DIR) 
-- looking for PCL_GEOMETRY
-- Could NOT find PCL_GEOMETRY (missing: PCL_GEOMETRY_INCLUDE_DIR) 
-- looking for PCL_IO
-- Could NOT find PCL_IO (missing: PCL_IO_LIBRARY PCL_IO_INCLUDE_DIR) 
-- looking for PCL_FEATURES
-- Could NOT find PCL_FEATURES (missing: PCL_FEATURES_LIBRARY PCL_FEATURES_INCLUDE_DIR) 
-- looking for PCL_ML
-- Could NOT find PCL_ML (missing: PCL_ML_LIBRARY PCL_ML_INCLUDE_DIR) 
-- looking for PCL_SEGMENTATION
-- Could NOT find PCL_SEGMENTATION (missing: PCL_SEGMENTATION_LIBRARY PCL_SEGMENTATION_INCLUDE_DIR) 
-- looking for PCL_VISUALIZATION
-- Could NOT find PCL_VISUALIZATION (missing: PCL_VISUALIZATION_LIBRARY PCL_VISUALIZATION_INCLUDE_DIR) 
-- looking for PCL_SURFACE
-- Could NOT find PCL_SURFACE (missing: PCL_SURFACE_LIBRARY PCL_SURFACE_INCLUDE_DIR) 
-- looking for PCL_REGISTRATION
-- Could NOT find PCL_REGISTRATION (missing: PCL_REGISTRATION_LIBRARY PCL_REGISTRATION_INCLUDE_DIR) 
-- looking for PCL_KEYPOINTS
-- Could NOT find PCL_KEYPOINTS (missing: PCL_KEYPOINTS_LIBRARY PCL_KEYPOINTS_INCLUDE_DIR) 
-- looking for PCL_TRACKING
-- Could NOT find PCL_TRACKING (missing: PCL_TRACKING_LIBRARY PCL_TRACKING_INCLUDE_DIR) 
-- looking for PCL_RECOGNITION
-- Could NOT find PCL_RECOGNITION (missing: PCL_RECOGNITION_LIBRARY PCL_RECOGNITION_INCLUDE_DIR) 
-- looking for PCL_STEREO
-- Could NOT find PCL_STEREO (missing: PCL_STEREO_LIBRARY PCL_STEREO_INCLUDE_DIR) 
-- looking for PCL_APPS
-- Could NOT find PCL_APPS (missing: PCL_APPS_LIBRARY PCL_APPS_INCLUDE_DIR) 
-- looking for PCL_IN_HAND_SCANNER
-- Could NOT find PCL_IN_HAND_SCANNER (missing: PCL_IN_HAND_SCANNER_INCLUDE_DIR) 
-- looking for PCL_MODELER
-- Could NOT find PCL_MODELER (missing: PCL_MODELER_INCLUDE_DIR) 
-- looking for PCL_POINT_CLOUD_EDITOR
-- Could NOT find PCL_POINT_CLOUD_EDITOR (missing: PCL_POINT_CLOUD_EDITOR_INCLUDE_DIR) 
-- looking for PCL_OUTOFCORE
-- Could NOT find PCL_OUTOFCORE (missing: PCL_OUTOFCORE_LIBRARY PCL_OUTOFCORE_INCLUDE_DIR) 
-- looking for PCL_PEOPLE
-- Could NOT find PCL_PEOPLE (missing: PCL_PEOPLE_LIBRARY PCL_PEOPLE_INCLUDE_DIR) 
-- Found PCL: Boost::system;Boost::filesystem;Boost::date_time;Boost::iostreams;Boost::serialization;/cc_ws/tros_ws/robot_dev_config/../../sysroot_docker/usr/lib/libOpenNI.so;libusb::libusb;/cc_ws/tros_ws/robot_dev_config/../../sysroot_docker/usr/lib/aarch64-linux-gnu/libOpenNI2.so;libusb::libusb;VTK::ChartsCore;VTK::CommonColor;VTK::CommonComputationalGeometry;VTK::CommonCore;VTK::CommonDataModel;VTK::CommonExecutionModel;VTK::CommonMath;VTK::CommonMisc;VTK::CommonTransforms;VTK::FiltersCore;VTK::FiltersExtraction;VTK::FiltersGeneral;VTK::FiltersGeometry;VTK::FiltersModeling;VTK::FiltersSources;VTK::ImagingCore;VTK::ImagingSources;VTK::InteractionImage;VTK::InteractionStyle;VTK::InteractionWidgets;VTK::IOCore;VTK::IOGeometry;VTK::IOImage;VTK::IOLegacy;VTK::IOPLY;VTK::RenderingAnnotation;VTK::RenderingCore;VTK::RenderingContext2D;VTK::RenderingLOD;VTK::RenderingFreeType;VTK::ViewsCore;VTK::ViewsContext2D;VTK::RenderingOpenGL2;VTK::GUISupportQt;FLANN::FLANN;QHULL::QHULL  
-- Found pcl_conversions: 2.4.0 (/opt/ros/humble/share/pcl_conversions/cmake)
-- Found tf2: 0.25.6 (/opt/ros/humble/share/tf2/cmake)
-- Found tf2_ros: 0.25.6 (/opt/ros/humble/share/tf2_ros/cmake)
-- Found tf2_geometry_msgs: 0.25.6 (/opt/ros/humble/share/tf2_geometry_msgs/cmake)
-- Found eigen3_cmake_module: 0.1.1 (/opt/ros/humble/share/eigen3_cmake_module/cmake)
-- Found Eigen3: TRUE (found version "3.4.0") 
-- Ensuring Eigen3 include directory is part of orocos-kdl CMake target
-- Found OpenCV: /cc_ws/sysroot_docker/usr_x5 (found version "4.5.4") 
-- Configuring done
-- Generating done
-- Build files have been written to: /cc_ws/tros_ws/build/ground_robot_planner
[  5%] [32mBuilding CXX object CMakeFiles/ground_robot_planner_lib.dir/src/grid_map.cpp.o[0m
[ 11%] [32mBuilding CXX object CMakeFiles/ground_robot_planner_lib.dir/src/controller.cpp.o[0m
[ 17%] [32mBuilding CXX object CMakeFiles/ground_robot_planner_lib.dir/src/dwa.cpp.o[0m
[ 23%] [32mBuilding CXX object CMakeFiles/ground_robot_planner_lib.dir/src/ray_caster.cpp.o[0m
[ 29%] [32mBuilding CXX object CMakeFiles/ground_robot_planner_lib.dir/src/navigation_manager.cpp.o[0m
[ 35%] [32mBuilding CXX object CMakeFiles/ground_robot_planner_lib.dir/src/state_manager.cpp.o[0m
[ 41%] [32mBuilding CXX object CMakeFiles/ground_robot_planner_lib.dir/src/statistics_manager.cpp.o[0m
[ 47%] [32mBuilding CXX object CMakeFiles/ground_robot_planner_lib.dir/src/parameter_manager.cpp.o[0m
[ 52%] [32mBuilding CXX object CMakeFiles/ground_robot_planner_lib.dir/src/path_follower.cpp.o[0m
[ 58%] [32mBuilding CXX object CMakeFiles/ground_robot_planner_lib.dir/src/astar_planner.cpp.o[0m
[ 64%] [32m[1mLinking CXX static library libground_robot_planner_lib.a[0m
[ 64%] Built target ground_robot_planner_lib
[ 70%] [32mBuilding CXX object CMakeFiles/controller_node.dir/src/controller_node.cpp.o[0m
[ 76%] [32m[1mLinking CXX executable controller_node[0m
[ 76%] Built target controller_node
[ 82%] [32mBuilding CXX object CMakeFiles/grid_map_node.dir/src/grid_map_node.cpp.o[0m
[ 88%] [32m[1mLinking CXX executable grid_map_node[0m
[ 88%] Built target grid_map_node
[ 94%] [32mBuilding CXX object CMakeFiles/navigation_manager_node.dir/src/navigation_manager_node.cpp.o[0m
[100%] [32m[1mLinking CXX executable navigation_manager_node[0m
[100%] Built target navigation_manager_node
-- Install configuration: ""
-- Installing: /cc_ws/tros_ws/install/lib/ground_robot_planner/controller_node
-- Set runtime path of "/cc_ws/tros_ws/install/lib/ground_robot_planner/controller_node" to ""
-- Installing: /cc_ws/tros_ws/install/lib/ground_robot_planner/grid_map_node
-- Set runtime path of "/cc_ws/tros_ws/install/lib/ground_robot_planner/grid_map_node" to ""
-- Installing: /cc_ws/tros_ws/install/share/ground_robot_planner/launch
-- Installing: /cc_ws/tros_ws/install/share/ground_robot_planner/launch/test_controller_without_rviz_test_sg.py
-- Installing: /cc_ws/tros_ws/install/share/ground_robot_planner/launch/test_controller_without_rviz_suanli.py
-- Installing: /cc_ws/tros_ws/install/share/ground_robot_planner/launch/test_navigation_manager.py
-- Installing: /cc_ws/tros_ws/install/share/ground_robot_planner/launch/test_controller_without_rviz.py
-- Installing: /cc_ws/tros_ws/install/share/ground_robot_planner/launch/test_controller_without_rviz_test_jmw1.py
-- Installing: /cc_ws/tros_ws/install/share/ground_robot_planner/launch/test_controller1.py
-- Installing: /cc_ws/tros_ws/install/share/ground_robot_planner/launch/nav_stereo.py
-- Installing: /cc_ws/tros_ws/install/share/ground_robot_planner/launch/test_controller_without_rviz_g1.py
-- Installing: /cc_ws/tros_ws/install/share/ground_robot_planner/launch/test_controller_without_rviz_b2.py
-- Installing: /cc_ws/tros_ws/install/share/ground_robot_planner/launch/test_controller_big1.py
-- Installing: /cc_ws/tros_ws/install/share/ground_robot_planner/launch/test_controller_without_rviz_test.py
-- Installing: /cc_ws/tros_ws/install/share/ground_robot_planner/launch/launch_planner.py
-- Installing: /cc_ws/tros_ws/install/share/ground_robot_planner/launch/dwa_test.launch.py
-- Installing: /cc_ws/tros_ws/install/share/ground_robot_planner/launch/test_gridmap.py
-- Installing: /cc_ws/tros_ws/install/share/ground_robot_planner/launch/test_controller_without_rviz_test.py.bak
-- Installing: /cc_ws/tros_ws/install/share/ground_robot_planner/launch/test_controller_without_rviz_b2_update.py
-- Installing: /cc_ws/tros_ws/install/share/ground_robot_planner/launch/test_controller.py
-- Installing: /cc_ws/tros_ws/install/share/ground_robot_planner/config
-- Installing: /cc_ws/tros_ws/install/share/ground_robot_planner/config/rviz.rviz
-- Installing: /cc_ws/tros_ws/install/share/ground_robot_planner/config/rviz2.rviz
-- Installing: /cc_ws/tros_ws/install/share/ground_robot_planner/config/planner_params.yaml
-- Installing: /cc_ws/tros_ws/install/share/ground_robot_planner/config/trajectory_sampler_params.yaml
-- Installing: /cc_ws/tros_ws/install/share/ground_robot_planner/config/dwa_params.yaml
-- Installing: /cc_ws/tros_ws/install/share/ground_robot_planner/config/controller_visualization.rviz
-- Installing: /cc_ws/tros_ws/install/include/ground_robot_planner
-- Installing: /cc_ws/tros_ws/install/include/ground_robot_planner/dwa.h
-- Installing: /cc_ws/tros_ws/install/include/ground_robot_planner/statistics_manager.h
-- Installing: /cc_ws/tros_ws/install/include/ground_robot_planner/path_follower.h
-- Installing: /cc_ws/tros_ws/install/include/ground_robot_planner/astar_planner.h
-- Installing: /cc_ws/tros_ws/install/include/ground_robot_planner/controller.h
-- Installing: /cc_ws/tros_ws/install/include/ground_robot_planner/ray_caster.h
-- Installing: /cc_ws/tros_ws/install/include/ground_robot_planner/grid_map.h
-- Installing: /cc_ws/tros_ws/install/include/ground_robot_planner/state_manager.h
-- Installing: /cc_ws/tros_ws/install/include/ground_robot_planner/navigation_manager.h
-- Installing: /cc_ws/tros_ws/install/include/ground_robot_planner/parameter_manager.h
-- Installing: /cc_ws/tros_ws/install/lib/libground_robot_planner_lib.a
-- Installing: /cc_ws/tros_ws/install/share/ament_index/resource_index/package_run_dependencies/ground_robot_planner
-- Installing: /cc_ws/tros_ws/install/share/ament_index/resource_index/parent_prefix_path/ground_robot_planner
-- Installing: /cc_ws/tros_ws/install/share/ground_robot_planner/environment/ament_prefix_path.sh
-- Installing: /cc_ws/tros_ws/install/share/ground_robot_planner/environment/ament_prefix_path.dsv
-- Installing: /cc_ws/tros_ws/install/share/ground_robot_planner/environment/path.sh
-- Installing: /cc_ws/tros_ws/install/share/ground_robot_planner/environment/path.dsv
-- Installing: /cc_ws/tros_ws/install/share/ground_robot_planner/local_setup.bash
-- Installing: /cc_ws/tros_ws/install/share/ground_robot_planner/local_setup.sh
-- Installing: /cc_ws/tros_ws/install/share/ground_robot_planner/local_setup.zsh
-- Installing: /cc_ws/tros_ws/install/share/ground_robot_planner/local_setup.dsv
-- Installing: /cc_ws/tros_ws/install/share/ground_robot_planner/package.dsv
-- Installing: /cc_ws/tros_ws/install/share/ament_index/resource_index/packages/ground_robot_planner
-- Installing: /cc_ws/tros_ws/install/share/ground_robot_planner/cmake/ground_robot_plannerConfig.cmake
-- Installing: /cc_ws/tros_ws/install/share/ground_robot_planner/cmake/ground_robot_plannerConfig-version.cmake
-- Installing: /cc_ws/tros_ws/install/share/ground_robot_planner/package.xml
