[0.172s] Invoking command in '/cc_ws/tros_ws/build/face_age_detection': AMENT_PREFIX_PATH=/cc_ws/tros_ws/install:${AMENT_PREFIX_PATH} CMAKE_PREFIX_PATH=/cc_ws/tros_ws/install:/opt/ros/humble LD_LIBRARY_PATH=/cc_ws/tros_ws/install/lib:/opt/ros/humble/opt/rviz_ogre_vendor/lib:/opt/ros/humble/lib/aarch64-linux-gnu:/opt/ros/humble/lib:/cc_ws/userdata/hobot/opt/hobot/deps PYTHONPATH=/cc_ws/tros_ws/install/lib/python3.10/site-packages:/cc_ws/tros_ws/install/local/lib/python3.10/dist-packages:${PYTHONPATH} /usr/bin/cmake /cc_ws/tros_ws/src/box/hobot_perception/face_age_detection -DCMAKE_EXPORT_COMPILE_COMMANDS=ON --no-warn-unused-cli -DCMAKE_TOOLCHAIN_FILE=/cc_ws/tros_ws/robot_dev_config/aarch64_toolchainfile.cmake -DPLATFORM_X5=ON -DTHIRDPARTY=ON -DBUILD_TESTING=OFF -DCMAKE_BUILD_RPATH=/cc_ws/tros_ws/build/poco_vendor/poco_external_project_install/lib/;/cc_ws/tros_ws/build/libyaml_vendor/libyaml_install/lib/ -DCMAKE_INSTALL_PREFIX=/cc_ws/tros_ws/install
[1.537s] Not searching for unused variables given on the command line.
[1.537s] -- Found ament_cmake: 1.3.8 (/opt/ros/humble/share/ament_cmake/cmake)
[1.542s] -- Found rclcpp: 16.0.8 (/opt/ros/humble/share/rclcpp/cmake)
[1.542s] -- Found rosidl_generator_c: 3.1.5 (/opt/ros/humble/share/rosidl_generator_c/cmake)
[1.542s] -- Found rosidl_adapter: 3.1.5 (/opt/ros/humble/share/rosidl_adapter/cmake)
[1.542s] -- Found rosidl_generator_cpp: 3.1.5 (/opt/ros/humble/share/rosidl_generator_cpp/cmake)
[1.542s] -- Using all available rosidl_typesupport_c: rosidl_typesupport_fastrtps_c;rosidl_typesupport_introspection_c
[1.543s] -- Using all available rosidl_typesupport_cpp: rosidl_typesupport_fastrtps_cpp;rosidl_typesupport_introspection_cpp
[1.543s] -- Found rmw_implementation_cmake: 6.1.1 (/opt/ros/humble/share/rmw_implementation_cmake/cmake)
[1.543s] -- Found rmw_fastrtps_cpp: 6.2.6 (/opt/ros/humble/share/rmw_fastrtps_cpp/cmake)
[1.543s] [0m=> build for platform X5[0m
[1.543s] [0m=> SYS_ROOT is /cc_ws/tros_ws/robot_dev_config/../../sysroot_docker[0m
[1.544s] [33mCMake Warning (dev) at /opt/ros/humble/share/ament_cmake_test/cmake/ament_cmake_test-extras.cmake:19 (option):
[1.544s]   Policy CMP0077 is not set: option() honors normal variables.  Run "cmake
[1.544s]   --help-policy CMP0077" for policy details.  Use the cmake_policy command to
[1.544s]   set the policy and suppress this warning.
[1.544s] 
[1.545s]   For compatibility with older versions of CMake, option is clearing the
[1.545s]   normal variable 'BUILD_TESTING'.
[1.545s] Call Stack (most recent call first):
[1.545s]   /opt/ros/humble/share/ament_cmake_test/cmake/ament_cmake_testConfig.cmake:41 (include)
[1.545s]   /opt/ros/humble/share/ament_cmake/cmake/ament_cmake_export_dependencies-extras.cmake:21 (find_package)
[1.546s]   /opt/ros/humble/share/ament_cmake/cmake/ament_cmakeConfig.cmake:41 (include)
[1.546s]   CMakeLists.txt:48 (find_package)
[1.546s] This warning is for project developers.  Use -Wno-dev to suppress it.
[1.546s] [0m
[1.894s] -- Using RMW implementation 'rmw_fastrtps_cpp' as default
[2.546s] -- Found sensor_msgs: 4.2.3 (/opt/ros/humble/share/sensor_msgs/cmake)
[3.095s] -- Found dnn_node: 2.5.4 (/cc_ws/tros_ws/robot_dev_config/../install/share/dnn_node/cmake)
[3.097s] -- Found ai_msgs: 2.0.1 (/cc_ws/tros_ws/robot_dev_config/../install/share/ai_msgs/cmake)
[3.436s] -- Found hbm_img_msgs: 2.0.0 (/cc_ws/tros_ws/robot_dev_config/../install/share/hbm_img_msgs/cmake)
[3.991s] -- Configuring done
[4.135s] -- Generating done
[4.144s] -- Build files have been written to: /cc_ws/tros_ws/build/face_age_detection
[4.216s] Invoked command in '/cc_ws/tros_ws/build/face_age_detection' returned '0': AMENT_PREFIX_PATH=/cc_ws/tros_ws/install:${AMENT_PREFIX_PATH} CMAKE_PREFIX_PATH=/cc_ws/tros_ws/install:/opt/ros/humble LD_LIBRARY_PATH=/cc_ws/tros_ws/install/lib:/opt/ros/humble/opt/rviz_ogre_vendor/lib:/opt/ros/humble/lib/aarch64-linux-gnu:/opt/ros/humble/lib:/cc_ws/userdata/hobot/opt/hobot/deps PYTHONPATH=/cc_ws/tros_ws/install/lib/python3.10/site-packages:/cc_ws/tros_ws/install/local/lib/python3.10/dist-packages:${PYTHONPATH} /usr/bin/cmake /cc_ws/tros_ws/src/box/hobot_perception/face_age_detection -DCMAKE_EXPORT_COMPILE_COMMANDS=ON --no-warn-unused-cli -DCMAKE_TOOLCHAIN_FILE=/cc_ws/tros_ws/robot_dev_config/aarch64_toolchainfile.cmake -DPLATFORM_X5=ON -DTHIRDPARTY=ON -DBUILD_TESTING=OFF -DCMAKE_BUILD_RPATH=/cc_ws/tros_ws/build/poco_vendor/poco_external_project_install/lib/;/cc_ws/tros_ws/build/libyaml_vendor/libyaml_install/lib/ -DCMAKE_INSTALL_PREFIX=/cc_ws/tros_ws/install
[4.226s] Invoking command in '/cc_ws/tros_ws/build/face_age_detection': AMENT_PREFIX_PATH=/cc_ws/tros_ws/install:${AMENT_PREFIX_PATH} CMAKE_PREFIX_PATH=/cc_ws/tros_ws/install:/opt/ros/humble LD_LIBRARY_PATH=/cc_ws/tros_ws/install/lib:/opt/ros/humble/opt/rviz_ogre_vendor/lib:/opt/ros/humble/lib/aarch64-linux-gnu:/opt/ros/humble/lib:/cc_ws/userdata/hobot/opt/hobot/deps PYTHONPATH=/cc_ws/tros_ws/install/lib/python3.10/site-packages:/cc_ws/tros_ws/install/local/lib/python3.10/dist-packages:${PYTHONPATH} /usr/bin/cmake --build /cc_ws/tros_ws/build/face_age_detection -- -j12 -l12
[4.487s] [35m[1mConsolidate compiler generated dependencies of target face_age_detection[0m
[4.671s] [100%] Built target face_age_detection
[4.791s] Invoked command in '/cc_ws/tros_ws/build/face_age_detection' returned '0': AMENT_PREFIX_PATH=/cc_ws/tros_ws/install:${AMENT_PREFIX_PATH} CMAKE_PREFIX_PATH=/cc_ws/tros_ws/install:/opt/ros/humble LD_LIBRARY_PATH=/cc_ws/tros_ws/install/lib:/opt/ros/humble/opt/rviz_ogre_vendor/lib:/opt/ros/humble/lib/aarch64-linux-gnu:/opt/ros/humble/lib:/cc_ws/userdata/hobot/opt/hobot/deps PYTHONPATH=/cc_ws/tros_ws/install/lib/python3.10/site-packages:/cc_ws/tros_ws/install/local/lib/python3.10/dist-packages:${PYTHONPATH} /usr/bin/cmake --build /cc_ws/tros_ws/build/face_age_detection -- -j12 -l12
[5.095s] Invoking command in '/cc_ws/tros_ws/build/face_age_detection': AMENT_PREFIX_PATH=/cc_ws/tros_ws/install:${AMENT_PREFIX_PATH} CMAKE_PREFIX_PATH=/cc_ws/tros_ws/install:/opt/ros/humble LD_LIBRARY_PATH=/cc_ws/tros_ws/install/lib:/opt/ros/humble/opt/rviz_ogre_vendor/lib:/opt/ros/humble/lib/aarch64-linux-gnu:/opt/ros/humble/lib:/cc_ws/userdata/hobot/opt/hobot/deps PYTHONPATH=/cc_ws/tros_ws/install/lib/python3.10/site-packages:/cc_ws/tros_ws/install/local/lib/python3.10/dist-packages:${PYTHONPATH} /usr/bin/cmake --install /cc_ws/tros_ws/build/face_age_detection
[5.443s] -- Install configuration: ""
[5.443s] -- Up-to-date: /cc_ws/tros_ws/install/lib/face_age_detection/face_age_detection
[5.443s] -- Up-to-date: /cc_ws/tros_ws/install/share/face_age_detection/launch
[5.444s] -- Up-to-date: /cc_ws/tros_ws/install/share/face_age_detection/launch/body_det_face_age_det.launch.py
[5.444s] -- Up-to-date: /cc_ws/tros_ws/install/share/face_age_detection/launch/age_gesture_fusion.launch.py
[5.444s] -- Up-to-date: /cc_ws/tros_ws/install/share/face_age_detection/launch/face_age_det_node.launch.py
[5.444s] -- Up-to-date: /cc_ws/tros_ws/install/share/face_age_detection/launch/body_det_face_age_det_fb.launch.py
[5.445s] -- Up-to-date: /cc_ws/tros_ws/install/share/face_age_detection/config/
[5.445s] -- Up-to-date: /cc_ws/tros_ws/install/share/face_age_detection/config//faceAge.hbm
[5.445s] -- Up-to-date: /cc_ws/tros_ws/install/share/ament_index/resource_index/package_run_dependencies/face_age_detection
[5.445s] -- Up-to-date: /cc_ws/tros_ws/install/share/ament_index/resource_index/parent_prefix_path/face_age_detection
[5.446s] -- Up-to-date: /cc_ws/tros_ws/install/share/face_age_detection/environment/ament_prefix_path.sh
[5.446s] -- Installing: /cc_ws/tros_ws/install/share/face_age_detection/environment/ament_prefix_path.dsv
[5.446s] -- Up-to-date: /cc_ws/tros_ws/install/share/face_age_detection/environment/path.sh
[5.446s] -- Installing: /cc_ws/tros_ws/install/share/face_age_detection/environment/path.dsv
[5.446s] -- Up-to-date: /cc_ws/tros_ws/install/share/face_age_detection/local_setup.bash
[5.447s] -- Up-to-date: /cc_ws/tros_ws/install/share/face_age_detection/local_setup.sh
[5.447s] -- Up-to-date: /cc_ws/tros_ws/install/share/face_age_detection/local_setup.zsh
[5.447s] -- Installing: /cc_ws/tros_ws/install/share/face_age_detection/local_setup.dsv
[5.447s] -- Installing: /cc_ws/tros_ws/install/share/face_age_detection/package.dsv
[5.448s] -- Up-to-date: /cc_ws/tros_ws/install/share/ament_index/resource_index/packages/face_age_detection
[5.448s] -- Up-to-date: /cc_ws/tros_ws/install/share/face_age_detection/cmake/face_age_detectionConfig.cmake
[5.448s] -- Up-to-date: /cc_ws/tros_ws/install/share/face_age_detection/cmake/face_age_detectionConfig-version.cmake
[5.448s] -- Up-to-date: /cc_ws/tros_ws/install/share/face_age_detection/package.xml
[5.478s] Invoked command in '/cc_ws/tros_ws/build/face_age_detection' returned '0': AMENT_PREFIX_PATH=/cc_ws/tros_ws/install:${AMENT_PREFIX_PATH} CMAKE_PREFIX_PATH=/cc_ws/tros_ws/install:/opt/ros/humble LD_LIBRARY_PATH=/cc_ws/tros_ws/install/lib:/opt/ros/humble/opt/rviz_ogre_vendor/lib:/opt/ros/humble/lib/aarch64-linux-gnu:/opt/ros/humble/lib:/cc_ws/userdata/hobot/opt/hobot/deps PYTHONPATH=/cc_ws/tros_ws/install/lib/python3.10/site-packages:/cc_ws/tros_ws/install/local/lib/python3.10/dist-packages:${PYTHONPATH} /usr/bin/cmake --install /cc_ws/tros_ws/build/face_age_detection
