Not searching for unused variables given on the command line.
-- The C compiler identification is GNU 11.4.0
-- The CXX compiler identification is GNU 11.4.0
-- Detecting C compiler ABI info
-- Detecting C compiler ABI info - done
-- Check for working C compiler: /usr/bin/aarch64-linux-gnu-gcc - skipped
-- Detecting C compile features
-- Detecting C compile features - done
-- Detecting CXX compiler ABI info
-- Detecting CXX compiler ABI info - done
-- Check for working CXX compiler: /usr/bin/aarch64-linux-gnu-g++ - skipped
-- Detecting CXX compile features
-- Detecting CXX compile features - done
-- Found ament_cmake: 1.3.8 (/opt/ros/humble/share/ament_cmake/cmake)
-- Found Python3: /usr/bin/python3 (found version "3.10.12") found components: Interpreter 
-- Found rclcpp: 16.0.8 (/opt/ros/humble/share/rclcpp/cmake)
-- Found rosidl_generator_c: 3.1.5 (/opt/ros/humble/share/rosidl_generator_c/cmake)
-- Found rosidl_adapter: 3.1.5 (/opt/ros/humble/share/rosidl_adapter/cmake)
-- Found rosidl_generator_cpp: 3.1.5 (/opt/ros/humble/share/rosidl_generator_cpp/cmake)
-- Using all available rosidl_typesupport_c: rosidl_typesupport_fastrtps_c;rosidl_typesupport_introspection_c
-- Using all available rosidl_typesupport_cpp: rosidl_typesupport_fastrtps_cpp;rosidl_typesupport_introspection_cpp
-- Found rmw_implementation_cmake: 6.1.1 (/opt/ros/humble/share/rmw_implementation_cmake/cmake)
-- Found rmw_fastrtps_cpp: 6.2.6 (/opt/ros/humble/share/rmw_fastrtps_cpp/cmake)
-- Found OpenSSL: /cc_ws/tros_ws/robot_dev_config/../../sysroot_docker/usr/lib/aarch64-linux-gnu/libcrypto.so (found version "3.0.2")  
-- Found FastRTPS: /opt/ros/humble/include  
-- Using RMW implementation 'rmw_fastrtps_cpp' as default
-- Looking for pthread.h
-- Looking for pthread.h - found
-- Performing Test CMAKE_HAVE_LIBC_PTHREAD
-- Performing Test CMAKE_HAVE_LIBC_PTHREAD - Success
-- Found Threads: TRUE  
-- Found sensor_msgs: 4.2.3 (/opt/ros/humble/share/sensor_msgs/cmake)
-- Found ai_msgs: 2.0.1 (/cc_ws/tros_ws/robot_dev_config/../install/share/ai_msgs/cmake)
-- Found dnn_node: 2.5.4 (/cc_ws/tros_ws/robot_dev_config/../install/share/dnn_node/cmake)
-- Found hobot_cv: 2.3.2 (/cc_ws/tros_ws/robot_dev_config/../install/share/hobot_cv/cmake)
-- Found cv_bridge: 3.2.1 (/opt/ros/humble/share/cv_bridge/cmake)
-- Found OpenCV: /cc_ws/sysroot_docker/usr_x5 (found suitable version "4.5.4", minimum required is "4") 
-- Found rclcpp_components: 16.0.8 (/opt/ros/humble/share/rclcpp_components/cmake)
-- Found hbm_img_msgs: 2.0.0 (/cc_ws/tros_ws/robot_dev_config/../install/share/hbm_img_msgs/cmake)
-- Configuring done
-- Generating done
-- Build files have been written to: /cc_ws/tros_ws/build/dnn_node_example
[ 16%] [32mBuilding CXX object CMakeFiles/dnn_node_example_component.dir/src/dnn_example_node.cpp.o[0m
[ 33%] [32mBuilding CXX object CMakeFiles/dnn_node_example_component.dir/src/post_process/post_process_unet.cpp.o[0m
[ 50%] [32mBuilding CXX object CMakeFiles/dnn_node_example_component.dir/src/image_utils.cpp.o[0m
[ 66%] [32m[1mLinking CXX shared library libdnn_node_example_component.so[0m
[ 66%] Built target dnn_node_example_component
[ 83%] [32mBuilding CXX object CMakeFiles/example.dir/rclcpp_components/node_main_example.cpp.o[0m
[100%] [32m[1mLinking CXX executable example[0m
[100%] Built target example
-- Install configuration: ""
-- Installing: /cc_ws/tros_ws/install/lib/dnn_node_example/example
-- Set runtime path of "/cc_ws/tros_ws/install/lib/dnn_node_example/example" to ""
-- Installing: /cc_ws/tros_ws/install/lib/libdnn_node_example_component.so
-- Set runtime path of "/cc_ws/tros_ws/install/lib/libdnn_node_example_component.so" to ""
-- Installing: /cc_ws/tros_ws/install/share/dnn_node_example/launch
-- Installing: /cc_ws/tros_ws/install/share/dnn_node_example/launch/dnn_node_example_feedback.launch.py
-- Installing: /cc_ws/tros_ws/install/share/dnn_node_example/launch/dnn_node_example_feedback_h264.launch.py
-- Installing: /cc_ws/tros_ws/install/share/dnn_node_example/launch/dnn_node_example_mipi_component.launch.py
-- Installing: /cc_ws/tros_ws/install/share/dnn_node_example/launch/dnn_node_example.launch.py
-- Installing: /cc_ws/tros_ws/install/lib/dnn_node_example/config/
-- Installing: /cc_ws/tros_ws/install/lib/dnn_node_example/config//fcosworkconfig.json
-- Installing: /cc_ws/tros_ws/install/lib/dnn_node_example/config//mobilenet_ssd_workconfig.json
-- Installing: /cc_ws/tros_ws/install/lib/dnn_node_example/config//yolov10workconfig.json
-- Installing: /cc_ws/tros_ws/install/lib/dnn_node_example/config//efficientnet_lite0_workconfig.json
-- Installing: /cc_ws/tros_ws/install/lib/dnn_node_example/config//mobilenetv2workconfig.json
-- Installing: /cc_ws/tros_ws/install/lib/dnn_node_example/config//yolov11workconfig.json
-- Installing: /cc_ws/tros_ws/install/lib/dnn_node_example/config//yolov2workconfig.json
-- Installing: /cc_ws/tros_ws/install/lib/dnn_node_example/config//stdc_workconfig.json
-- Installing: /cc_ws/tros_ws/install/lib/dnn_node_example/config//yolov8workconfig.json
-- Installing: /cc_ws/tros_ws/install/lib/dnn_node_example/config//yolov5workconfig.json
-- Installing: /cc_ws/tros_ws/install/lib/dnn_node_example/config//fcosb3workconfig.json
-- Installing: /cc_ws/tros_ws/install/lib/dnn_node_example/config//yolov8segworkconfig.json
-- Installing: /cc_ws/tros_ws/install/lib/dnn_node_example/config//yolov3workconfig.json
-- Installing: /cc_ws/tros_ws/install/lib/dnn_node_example/config//mobilenet_unet_workconfig.json
-- Installing: /cc_ws/tros_ws/install/lib/dnn_node_example/config//yolov12workconfig.json
-- Up-to-date: /cc_ws/tros_ws/install/lib/dnn_node_example/config/
-- Installing: /cc_ws/tros_ws/install/lib/dnn_node_example/config//coco.list
-- Installing: /cc_ws/tros_ws/install/lib/dnn_node_example/config//960_544.nv12
-- Installing: /cc_ws/tros_ws/install/lib/dnn_node_example/config//test.jpg
-- Installing: /cc_ws/tros_ws/install/lib/dnn_node_example/config//raw_unet.jpg
-- Installing: /cc_ws/tros_ws/install/lib/dnn_node_example/config//target.jpg
-- Installing: /cc_ws/tros_ws/install/lib/dnn_node_example/config//imagenet.list
-- Installing: /cc_ws/tros_ws/install/lib/dnn_node_example/config//target_class.jpg
-- Installing: /cc_ws/tros_ws/install/share/ament_index/resource_index/package_run_dependencies/dnn_node_example
-- Installing: /cc_ws/tros_ws/install/share/ament_index/resource_index/parent_prefix_path/dnn_node_example
-- Installing: /cc_ws/tros_ws/install/share/dnn_node_example/environment/ament_prefix_path.sh
-- Installing: /cc_ws/tros_ws/install/share/dnn_node_example/environment/ament_prefix_path.dsv
-- Installing: /cc_ws/tros_ws/install/share/dnn_node_example/environment/path.sh
-- Installing: /cc_ws/tros_ws/install/share/dnn_node_example/environment/path.dsv
-- Installing: /cc_ws/tros_ws/install/share/dnn_node_example/local_setup.bash
-- Installing: /cc_ws/tros_ws/install/share/dnn_node_example/local_setup.sh
-- Installing: /cc_ws/tros_ws/install/share/dnn_node_example/local_setup.zsh
-- Installing: /cc_ws/tros_ws/install/share/dnn_node_example/local_setup.dsv
-- Installing: /cc_ws/tros_ws/install/share/dnn_node_example/package.dsv
-- Installing: /cc_ws/tros_ws/install/share/ament_index/resource_index/packages/dnn_node_example
-- Installing: /cc_ws/tros_ws/install/share/ament_index/resource_index/rclcpp_components/dnn_node_example
-- Installing: /cc_ws/tros_ws/install/share/dnn_node_example/cmake/dnn_node_exampleConfig.cmake
-- Installing: /cc_ws/tros_ws/install/share/dnn_node_example/cmake/dnn_node_exampleConfig-version.cmake
-- Installing: /cc_ws/tros_ws/install/share/dnn_node_example/package.xml
