Not searching for unused variables given on the command line.
-- The C compiler identification is GNU 11.4.0
-- The CXX compiler identification is GNU 11.4.0
-- Detecting C compiler ABI info
-- Detecting C compiler ABI info - done
-- Check for working C compiler: /usr/bin/aarch64-linux-gnu-gcc - skipped
-- Detecting C compile features
-- Detecting C compile features - done
-- Detecting CXX compiler ABI info
-- Detecting CXX compiler ABI info - done
-- Check for working CXX compiler: /usr/bin/aarch64-linux-gnu-g++ - skipped
-- Detecting CXX compile features
-- Detecting CXX compile features - done
-- Found ament_cmake: 1.3.8 (/opt/ros/humble/share/ament_cmake/cmake)
-- Found Python3: /usr/bin/python3 (found version "3.10.12") found components: Interpreter 
-- Found rclcpp: 16.0.8 (/opt/ros/humble/share/rclcpp/cmake)
-- Found rosidl_generator_c: 3.1.5 (/opt/ros/humble/share/rosidl_generator_c/cmake)
-- Found rosidl_adapter: 3.1.5 (/opt/ros/humble/share/rosidl_adapter/cmake)
-- Found rosidl_generator_cpp: 3.1.5 (/opt/ros/humble/share/rosidl_generator_cpp/cmake)
-- Using all available rosidl_typesupport_c: rosidl_typesupport_fastrtps_c;rosidl_typesupport_introspection_c
-- Using all available rosidl_typesupport_cpp: rosidl_typesupport_fastrtps_cpp;rosidl_typesupport_introspection_cpp
-- Found rmw_implementation_cmake: 6.1.1 (/opt/ros/humble/share/rmw_implementation_cmake/cmake)
-- Found rmw_fastrtps_cpp: 6.2.6 (/opt/ros/humble/share/rmw_fastrtps_cpp/cmake)
-- Found OpenSSL: /cc_ws/tros_ws/robot_dev_config/../../sysroot_docker/usr/lib/aarch64-linux-gnu/libcrypto.so (found version "3.0.2")  
-- Found FastRTPS: /opt/ros/humble/include  
-- Using RMW implementation 'rmw_fastrtps_cpp' as default
-- Looking for pthread.h
-- Looking for pthread.h - found
-- Performing Test CMAKE_HAVE_LIBC_PTHREAD
-- Performing Test CMAKE_HAVE_LIBC_PTHREAD - Success
-- Found Threads: TRUE  
-- Found sensor_msgs: 4.2.3 (/opt/ros/humble/share/sensor_msgs/cmake)
-- Found ai_msgs: 2.0.1 (/cc_ws/tros_ws/robot_dev_config/../install/share/ai_msgs/cmake)
-- Found dnn_node: 2.5.4 (/cc_ws/tros_ws/robot_dev_config/../install/share/dnn_node/cmake)
-- Found hobot_cv: 2.3.2 (/cc_ws/tros_ws/robot_dev_config/../install/share/hobot_cv/cmake)
-- Found cv_bridge: 3.2.1 (/opt/ros/humble/share/cv_bridge/cmake)
-- Found OpenCV: /cc_ws/sysroot_docker/usr_x5 (found suitable version "4.5.4", minimum required is "4") 
-- Found rclcpp_components: 16.0.8 (/opt/ros/humble/share/rclcpp_components/cmake)
-- Found hbm_img_msgs: 2.0.0 (/cc_ws/tros_ws/robot_dev_config/../install/share/hbm_img_msgs/cmake)
[33mCMake Warning (dev) at /opt/ros/humble/share/ament_cmake_test/cmake/ament_cmake_test-extras.cmake:19 (option):
  Policy CMP0077 is not set: option() honors normal variables.  Run "cmake
  --help-policy CMP0077" for policy details.  Use the cmake_policy command to
  set the policy and suppress this warning.

  For compatibility with older versions of CMake, option is clearing the
  normal variable 'BUILD_TESTING'.
Call Stack (most recent call first):
  /opt/ros/humble/share/ament_cmake_test/cmake/ament_cmake_testConfig.cmake:41 (include)
  /opt/ros/humble/share/ament_cmake/cmake/ament_cmake_export_dependencies-extras.cmake:21 (find_package)
  /opt/ros/humble/share/ament_cmake/cmake/ament_cmakeConfig.cmake:41 (include)
  CMakeLists.txt:33 (find_package)
This warning is for project developers.  Use -Wno-dev to suppress it.
[0m
[0musing shared mem[0m
[0mbuild platform X5[0m
[0mPREFIX_PATH is x5[0m
[0mSYS_ROOT is /cc_ws/tros_ws/robot_dev_config/../../sysroot_docker[0m
-- Configuring done
-- Generating done
-- Build files have been written to: /cc_ws/tros_ws/build/dnn_node_example
[ 16%] [32mBuilding CXX object CMakeFiles/dnn_node_example_component.dir/src/dnn_example_node.cpp.o[0m
In file included from [01m[K/opt/ros/humble/include/rclcpp/rclcpp/logging.hpp:24[m[K,
                 from [01m[K/opt/ros/humble/include/rclcpp/rclcpp/client.hpp:40[m[K,
                 from [01m[K/opt/ros/humble/include/rclcpp/rclcpp/callback_group.hpp:24[m[K,
                 from [01m[K/opt/ros/humble/include/rclcpp/rclcpp/any_executable.hpp:20[m[K,
                 from [01m[K/opt/ros/humble/include/rclcpp/rclcpp/memory_strategy.hpp:25[m[K,
                 from [01m[K/opt/ros/humble/include/rclcpp/rclcpp/memory_strategies.hpp:18[m[K,
                 from [01m[K/opt/ros/humble/include/rclcpp/rclcpp/executor_options.hpp:20[m[K,
                 from [01m[K/opt/ros/humble/include/rclcpp/rclcpp/executor.hpp:37[m[K,
                 from [01m[K/opt/ros/humble/include/rclcpp/rclcpp/executors/multi_threaded_executor.hpp:25[m[K,
                 from [01m[K/opt/ros/humble/include/rclcpp/rclcpp/executors.hpp:21[m[K,
                 from [01m[K/opt/ros/humble/include/rclcpp/rclcpp/rclcpp.hpp:155[m[K,
                 from [01m[K/cc_ws/tros_ws/install/include/dnn_node/dnn_node_data.h:23[m[K,
                 from [01m[K/cc_ws/tros_ws/install/include/dnn_node/dnn_node.h:22[m[K,
                 from [01m[K/cc_ws/tros_ws/src/box/hobot_dnn/dnn_node_example/include/dnn_example_node.h:23[m[K,
                 from [01m[K/cc_ws/tros_ws/src/box/hobot_dnn/dnn_node_example/src/dnn_example_node.cpp:15[m[K:
[01m[K/cc_ws/tros_ws/src/box/hobot_dnn/dnn_node_example/src/dnn_example_node.cpp:[m[K In member function ‘[01m[Kint DnnExampleNode::LoadConfig()[m[K’:
[01m[K/cc_ws/tros_ws/src/box/hobot_dnn/dnn_node_example/src/dnn_example_node.cpp:397:39:[m[K [01;35m[Kwarning: [m[Kformat ‘[01m[K%d[m[K’ expects argument of type ‘[01m[Kint[m[K’, but argument 5 has type ‘[01m[Kstd::vector<std::__cxx11::basic_string<char>, std::allocator<std::__cxx11::basic_string<char> > >::size_type[m[K’ {aka ‘[01m[Klong unsigned int[m[K’} [[01;35m[K-Wformat=[m[K]
  397 |       RCLCPP_WARN(this->get_logger(), [01;35m[K"Load [%d] class types from file [%s]"[m[K,
      |                                       [01;35m[K^~~~~~~~~~~~~~~~~~~~~~~~~~~~~~~~~~~~~~[m[K
  398 |         [32m[Kperception_info_msg_->class_names.size()[m[K, cls_name_file.c_str());
      |         [32m[K~~~~~~~~~~~~~~~~~~~~~~~~~~~~~~~~~~~~~~~~[m[K
      |                                               [32m[K|[m[K
      |                                               [32m[Kstd::vector<std::__cxx11::basic_string<char>, std::allocator<std::__cxx11::basic_string<char> > >::size_type {aka long unsigned int}[m[K
[01m[K/cc_ws/tros_ws/src/box/hobot_dnn/dnn_node_example/src/dnn_example_node.cpp:397:47:[m[K [01;36m[Knote: [m[Kformat string is defined here
  397 |       RCLCPP_WARN(this->get_logger(), "Load [[01;36m[K%d[m[K] class types from file [%s]",
      |                                              [01;36m[K~^[m[K
      |                                               [01;36m[K|[m[K
      |                                               [01;36m[Kint[m[K
      |                                              [32m[K%ld[m[K
In file included from [01m[K/opt/ros/humble/include/rclcpp/rclcpp/logging.hpp:24[m[K,
                 from [01m[K/opt/ros/humble/include/rclcpp/rclcpp/client.hpp:40[m[K,
                 from [01m[K/opt/ros/humble/include/rclcpp/rclcpp/callback_group.hpp:24[m[K,
                 from [01m[K/opt/ros/humble/include/rclcpp/rclcpp/any_executable.hpp:20[m[K,
                 from [01m[K/opt/ros/humble/include/rclcpp/rclcpp/memory_strategy.hpp:25[m[K,
                 from [01m[K/opt/ros/humble/include/rclcpp/rclcpp/memory_strategies.hpp:18[m[K,
                 from [01m[K/opt/ros/humble/include/rclcpp/rclcpp/executor_options.hpp:20[m[K,
                 from [01m[K/opt/ros/humble/include/rclcpp/rclcpp/executor.hpp:37[m[K,
                 from [01m[K/opt/ros/humble/include/rclcpp/rclcpp/executors/multi_threaded_executor.hpp:25[m[K,
                 from [01m[K/opt/ros/humble/include/rclcpp/rclcpp/executors.hpp:21[m[K,
                 from [01m[K/opt/ros/humble/include/rclcpp/rclcpp/rclcpp.hpp:155[m[K,
                 from [01m[K/cc_ws/tros_ws/install/include/dnn_node/dnn_node_data.h:23[m[K,
                 from [01m[K/cc_ws/tros_ws/install/include/dnn_node/dnn_node.h:22[m[K,
                 from [01m[K/cc_ws/tros_ws/src/box/hobot_dnn/dnn_node_example/include/dnn_example_node.h:23[m[K,
                 from [01m[K/cc_ws/tros_ws/src/box/hobot_dnn/dnn_node_example/src/dnn_example_node.cpp:15[m[K:
[01m[K/cc_ws/tros_ws/src/box/hobot_dnn/dnn_node_example/src/dnn_example_node.cpp:[m[K In member function ‘[01m[Kvirtual int DnnExampleNode::PostProcess(const std::shared_ptr<hobot::dnn_node::DnnNodeOutput>&)[m[K’:
[01m[K/cc_ws/tros_ws/src/box/hobot_dnn/dnn_node_example/src/dnn_example_node.cpp:539:40:[m[K [01;35m[Kwarning: [m[Kformat ‘[01m[K%d[m[K’ expects argument of type ‘[01m[Kint[m[K’, but argument 5 has type ‘[01m[KDnnParserType[m[K’ [[01;35m[K-Wformat=[m[K]
  539 |       RCLCPP_ERROR(this->get_logger(), [01;35m[K"Inlvaid parser: %d"[m[K, [32m[Kparser[m[K);
      |                                        [01;35m[K^~~~~~~~~~~~~~~~~~~~[m[K  [32m[K~~~~~~[m[K
      |                                                              [32m[K|[m[K
      |                                                              [32m[KDnnParserType[m[K
[01m[K/cc_ws/tros_ws/src/box/hobot_dnn/dnn_node_example/src/dnn_example_node.cpp:539:58:[m[K [01;36m[Knote: [m[Kformat string is defined here
  539 |       RCLCPP_ERROR(this->get_logger(), "Inlvaid parser: [01;36m[K%d[m[K", parser);
      |                                                         [01;36m[K~^[m[K
      |                                                          [01;36m[K|[m[K
      |                                                          [01;36m[Kint[m[K
In file included from [01m[K/opt/ros/humble/include/rclcpp/rclcpp/logging.hpp:24[m[K,
                 from [01m[K/opt/ros/humble/include/rclcpp/rclcpp/client.hpp:40[m[K,
                 from [01m[K/opt/ros/humble/include/rclcpp/rclcpp/callback_group.hpp:24[m[K,
                 from [01m[K/opt/ros/humble/include/rclcpp/rclcpp/any_executable.hpp:20[m[K,
                 from [01m[K/opt/ros/humble/include/rclcpp/rclcpp/memory_strategy.hpp:25[m[K,
                 from [01m[K/opt/ros/humble/include/rclcpp/rclcpp/memory_strategies.hpp:18[m[K,
                 from [01m[K/opt/ros/humble/include/rclcpp/rclcpp/executor_options.hpp:20[m[K,
                 from [01m[K/opt/ros/humble/include/rclcpp/rclcpp/executor.hpp:37[m[K,
                 from [01m[K/opt/ros/humble/include/rclcpp/rclcpp/executors/multi_threaded_executor.hpp:25[m[K,
                 from [01m[K/opt/ros/humble/include/rclcpp/rclcpp/executors.hpp:21[m[K,
                 from [01m[K/opt/ros/humble/include/rclcpp/rclcpp/rclcpp.hpp:155[m[K,
                 from [01m[K/cc_ws/tros_ws/install/include/dnn_node/dnn_node_data.h:23[m[K,
                 from [01m[K/cc_ws/tros_ws/install/include/dnn_node/dnn_node.h:22[m[K,
                 from [01m[K/cc_ws/tros_ws/src/box/hobot_dnn/dnn_node_example/include/dnn_example_node.h:23[m[K,
                 from [01m[K/cc_ws/tros_ws/src/box/hobot_dnn/dnn_node_example/src/dnn_example_node.cpp:15[m[K:
[01m[K/cc_ws/tros_ws/src/box/hobot_dnn/dnn_node_example/src/dnn_example_node.cpp:557:15:[m[K [01;35m[Kwarning: [m[Kformat ‘[01m[K%d[m[K’ expects argument of type ‘[01m[Kint[m[K’, but argument 5 has type ‘[01m[Kstd::vector<hobot::dnn_node::output_parser::Detection>::size_type[m[K’ {aka ‘[01m[Klong unsigned int[m[K’} [[01;35m[K-Wformat=[m[K]
  557 |               [01;35m[K"out box size: %d"[m[K,
      |               [01;35m[K^~~~~~~~~~~~~~~~~~[m[K
  558 |               [32m[Kdet_result->perception.det.size()[m[K);
      |               [32m[K~~~~~~~~~~~~~~~~~~~~~~~~~~~~~~~~~[m[K
      |                                              [32m[K|[m[K
      |                                              [32m[Kstd::vector<hobot::dnn_node::output_parser::Detection>::size_type {aka long unsigned int}[m[K
[01m[K/cc_ws/tros_ws/src/box/hobot_dnn/dnn_node_example/src/dnn_example_node.cpp:557:31:[m[K [01;36m[Knote: [m[Kformat string is defined here
  557 |               "out box size: [01;36m[K%d[m[K",
      |                              [01;36m[K~^[m[K
      |                               [01;36m[K|[m[K
      |                               [01;36m[Kint[m[K
      |                              [32m[K%ld[m[K
In file included from [01m[K/opt/ros/humble/include/rclcpp/rclcpp/logging.hpp:24[m[K,
                 from [01m[K/opt/ros/humble/include/rclcpp/rclcpp/client.hpp:40[m[K,
                 from [01m[K/opt/ros/humble/include/rclcpp/rclcpp/callback_group.hpp:24[m[K,
                 from [01m[K/opt/ros/humble/include/rclcpp/rclcpp/any_executable.hpp:20[m[K,
                 from [01m[K/opt/ros/humble/include/rclcpp/rclcpp/memory_strategy.hpp:25[m[K,
                 from [01m[K/opt/ros/humble/include/rclcpp/rclcpp/memory_strategies.hpp:18[m[K,
                 from [01m[K/opt/ros/humble/include/rclcpp/rclcpp/executor_options.hpp:20[m[K,
                 from [01m[K/opt/ros/humble/include/rclcpp/rclcpp/executor.hpp:37[m[K,
                 from [01m[K/opt/ros/humble/include/rclcpp/rclcpp/executors/multi_threaded_executor.hpp:25[m[K,
                 from [01m[K/opt/ros/humble/include/rclcpp/rclcpp/executors.hpp:21[m[K,
                 from [01m[K/opt/ros/humble/include/rclcpp/rclcpp/rclcpp.hpp:155[m[K,
                 from [01m[K/cc_ws/tros_ws/install/include/dnn_node/dnn_node_data.h:23[m[K,
                 from [01m[K/cc_ws/tros_ws/install/include/dnn_node/dnn_node.h:22[m[K,
                 from [01m[K/cc_ws/tros_ws/src/box/hobot_dnn/dnn_node_example/include/dnn_example_node.h:23[m[K,
                 from [01m[K/cc_ws/tros_ws/src/box/hobot_dnn/dnn_node_example/src/dnn_example_node.cpp:15[m[K:
[01m[K/cc_ws/tros_ws/src/box/hobot_dnn/dnn_node_example/src/dnn_example_node.cpp:591:15:[m[K [01;35m[Kwarning: [m[Kformat ‘[01m[K%d[m[K’ expects argument of type ‘[01m[Kint[m[K’, but argument 5 has type ‘[01m[Kstd::vector<hobot::dnn_node::output_parser::Classification>::size_type[m[K’ {aka ‘[01m[Klong unsigned int[m[K’} [[01;35m[K-Wformat=[m[K]
  591 |               [01;35m[K"out cls size: %d"[m[K,
      |               [01;35m[K^~~~~~~~~~~~~~~~~~[m[K
  592 |               [32m[Kdet_result->perception.cls.size()[m[K);
      |               [32m[K~~~~~~~~~~~~~~~~~~~~~~~~~~~~~~~~~[m[K
      |                                              [32m[K|[m[K
      |                                              [32m[Kstd::vector<hobot::dnn_node::output_parser::Classification>::size_type {aka long unsigned int}[m[K
[01m[K/cc_ws/tros_ws/src/box/hobot_dnn/dnn_node_example/src/dnn_example_node.cpp:591:31:[m[K [01;36m[Knote: [m[Kformat string is defined here
  591 |               "out cls size: [01;36m[K%d[m[K",
      |                              [01;36m[K~^[m[K
      |                               [01;36m[K|[m[K
      |                               [01;36m[Kint[m[K
      |                              [32m[K%ld[m[K
In file included from [01m[K/opt/ros/humble/include/rclcpp/rclcpp/logging.hpp:24[m[K,
                 from [01m[K/opt/ros/humble/include/rclcpp/rclcpp/client.hpp:40[m[K,
                 from [01m[K/opt/ros/humble/include/rclcpp/rclcpp/callback_group.hpp:24[m[K,
                 from [01m[K/opt/ros/humble/include/rclcpp/rclcpp/any_executable.hpp:20[m[K,
                 from [01m[K/opt/ros/humble/include/rclcpp/rclcpp/memory_strategy.hpp:25[m[K,
                 from [01m[K/opt/ros/humble/include/rclcpp/rclcpp/memory_strategies.hpp:18[m[K,
                 from [01m[K/opt/ros/humble/include/rclcpp/rclcpp/executor_options.hpp:20[m[K,
                 from [01m[K/opt/ros/humble/include/rclcpp/rclcpp/executor.hpp:37[m[K,
                 from [01m[K/opt/ros/humble/include/rclcpp/rclcpp/executors/multi_threaded_executor.hpp:25[m[K,
                 from [01m[K/opt/ros/humble/include/rclcpp/rclcpp/executors.hpp:21[m[K,
                 from [01m[K/opt/ros/humble/include/rclcpp/rclcpp/rclcpp.hpp:155[m[K,
                 from [01m[K/cc_ws/tros_ws/install/include/dnn_node/dnn_node_data.h:23[m[K,
                 from [01m[K/cc_ws/tros_ws/install/include/dnn_node/dnn_node.h:22[m[K,
                 from [01m[K/cc_ws/tros_ws/src/box/hobot_dnn/dnn_node_example/include/dnn_example_node.h:23[m[K,
                 from [01m[K/cc_ws/tros_ws/src/box/hobot_dnn/dnn_node_example/src/dnn_example_node.cpp:15[m[K:
[01m[K/cc_ws/tros_ws/src/box/hobot_dnn/dnn_node_example/src/dnn_example_node.cpp:626:17:[m[K [01;35m[Kwarning: [m[Kformat ‘[01m[K%d[m[K’ expects argument of type ‘[01m[Kint[m[K’, but argument 5 has type ‘[01m[Kstd::vector<float, std::allocator<float> >::size_type[m[K’ {aka ‘[01m[Klong unsigned int[m[K’} [[01;35m[K-Wformat=[m[K]
  626 |                 [01;35m[K"features size: %d, width: %d, height: %d, num_classes: %d, step: %d"[m[K,
      |                 [01;35m[K^~~~~~~~~~~~~~~~~~~~~~~~~~~~~~~~~~~~~~~~~~~~~~~~~~~~~~~~~~~~~~~~~~~~~[m[K
  627 |                 [32m[Kcapture.features.size()[m[K,
      |                 [32m[K~~~~~~~~~~~~~~~~~~~~~~~[m[K
      |                                      [32m[K|[m[K
      |                                      [32m[Kstd::vector<float, std::allocator<float> >::size_type {aka long unsigned int}[m[K
[01m[K/cc_ws/tros_ws/src/box/hobot_dnn/dnn_node_example/src/dnn_example_node.cpp:626:34:[m[K [01;36m[Knote: [m[Kformat string is defined here
  626 |                 "features size: [01;36m[K%d[m[K, width: %d, height: %d, num_classes: %d, step: %d",
      |                                 [01;36m[K~^[m[K
      |                                  [01;36m[K|[m[K
      |                                  [01;36m[Kint[m[K
      |                                 [32m[K%ld[m[K
[01m[K/cc_ws/tros_ws/src/box/hobot_dnn/dnn_node_example/src/dnn_example_node.cpp:675:33:[m[K [01;35m[Kwarning: [m[Kcomparison of unsigned expression in ‘[01m[K< 0[m[K’ is always false [[01;35m[K-Wtype-limits[m[K]
  675 |           if ([01;35m[Kroi.rect.x_offset < 0[m[K) roi.rect.x_offset = 0;
      |               [01;35m[K~~~~~~~~~~~~~~~~~~^~~[m[K
[01m[K/cc_ws/tros_ws/src/box/hobot_dnn/dnn_node_example/src/dnn_example_node.cpp:676:33:[m[K [01;35m[Kwarning: [m[Kcomparison of unsigned expression in ‘[01m[K< 0[m[K’ is always false [[01;35m[K-Wtype-limits[m[K]
  676 |           if ([01;35m[Kroi.rect.y_offset < 0[m[K) roi.rect.y_offset = 0;
      |               [01;35m[K~~~~~~~~~~~~~~~~~~^~~[m[K
[01m[K/cc_ws/tros_ws/src/box/hobot_dnn/dnn_node_example/src/dnn_example_node.cpp:677:33:[m[K [01;35m[Kwarning: [m[Kcomparison of integer expressions of different signedness: ‘[01m[Ksensor_msgs::msg::RegionOfInterest_<std::allocator<void> >::_x_offset_type[m[K’ {aka ‘[01m[Kunsigned int[m[K’} and ‘[01m[Kint[m[K’ [[01;35m[K-Wsign-compare[m[K]
  677 |           if ([01;35m[Kroi.rect.x_offset >= parser_output->img_w[m[K) roi.rect.x_offset = parser_output->img_w - 1;
      |               [01;35m[K~~~~~~~~~~~~~~~~~~^~~~~~~~~~~~~~~~~~~~~~~[m[K
[01m[K/cc_ws/tros_ws/src/box/hobot_dnn/dnn_node_example/src/dnn_example_node.cpp:678:33:[m[K [01;35m[Kwarning: [m[Kcomparison of integer expressions of different signedness: ‘[01m[Ksensor_msgs::msg::RegionOfInterest_<std::allocator<void> >::_y_offset_type[m[K’ {aka ‘[01m[Kunsigned int[m[K’} and ‘[01m[Kint[m[K’ [[01;35m[K-Wsign-compare[m[K]
  678 |           if ([01;35m[Kroi.rect.y_offset >= parser_output->img_h[m[K) roi.rect.y_offset = parser_output->img_h - 1;
      |               [01;35m[K~~~~~~~~~~~~~~~~~~^~~~~~~~~~~~~~~~~~~~~~~[m[K
[01m[K/cc_ws/tros_ws/src/box/hobot_dnn/dnn_node_example/src/dnn_example_node.cpp:680:50:[m[K [01;35m[Kwarning: [m[Kcomparison of integer expressions of different signedness: ‘[01m[Ksensor_msgs::msg::RegionOfInterest_<std::allocator<void> >::_x_offset_type[m[K’ {aka ‘[01m[Kunsigned int[m[K’} and ‘[01m[Kint[m[K’ [[01;35m[K-Wsign-compare[m[K]
  680 |           if ([01;35m[Kroi.rect.x_offset + roi.rect.width >= parser_output->img_w[m[K) {
      |               [01;35m[K~~~~~~~~~~~~~~~~~~~~~~~~~~~~~~~~~~~^~~~~~~~~~~~~~~~~~~~~~~[m[K
[01m[K/cc_ws/tros_ws/src/box/hobot_dnn/dnn_node_example/src/dnn_example_node.cpp:683:51:[m[K [01;35m[Kwarning: [m[Kcomparison of integer expressions of different signedness: ‘[01m[Ksensor_msgs::msg::RegionOfInterest_<std::allocator<void> >::_y_offset_type[m[K’ {aka ‘[01m[Kunsigned int[m[K’} and ‘[01m[Kint[m[K’ [[01;35m[K-Wsign-compare[m[K]
  683 |           if ([01;35m[Kroi.rect.y_offset + roi.rect.height >= parser_output->img_h[m[K) {
      |               [01;35m[K~~~~~~~~~~~~~~~~~~~~~~~~~~~~~~~~~~~~^~~~~~~~~~~~~~~~~~~~~~~[m[K
[01m[K/cc_ws/tros_ws/src/box/hobot_dnn/dnn_node_example/src/dnn_example_node.cpp:[m[K In member function ‘[01m[Kint DnnExampleNode::FeedFromLocal()[m[K’:
[01m[K/cc_ws/tros_ws/src/box/hobot_dnn/dnn_node_example/src/dnn_example_node.cpp:878:23:[m[K [01;35m[Kwarning: [m[Kcomparison of integer expressions of different signedness: ‘[01m[Kuint32_t[m[K’ {aka ‘[01m[Kunsigned int[m[K’} and ‘[01m[KhbDNNStatus[m[K’ [[01;35m[K-Wsign-compare[m[K]
  878 |   if (ret != 0 && [01;35m[Kret != HB_DNN_TASK_NUM_EXCEED_LIMIT[m[K) {
      |                   [01;35m[K~~~~^~~~~~~~~~~~~~~~~~~~~~~~~~~~~~~[m[K
In file included from [01m[K/opt/ros/humble/include/rclcpp/rclcpp/logging.hpp:24[m[K,
                 from [01m[K/opt/ros/humble/include/rclcpp/rclcpp/client.hpp:40[m[K,
                 from [01m[K/opt/ros/humble/include/rclcpp/rclcpp/callback_group.hpp:24[m[K,
                 from [01m[K/opt/ros/humble/include/rclcpp/rclcpp/any_executable.hpp:20[m[K,
                 from [01m[K/opt/ros/humble/include/rclcpp/rclcpp/memory_strategy.hpp:25[m[K,
                 from [01m[K/opt/ros/humble/include/rclcpp/rclcpp/memory_strategies.hpp:18[m[K,
                 from [01m[K/opt/ros/humble/include/rclcpp/rclcpp/executor_options.hpp:20[m[K,
                 from [01m[K/opt/ros/humble/include/rclcpp/rclcpp/executor.hpp:37[m[K,
                 from [01m[K/opt/ros/humble/include/rclcpp/rclcpp/executors/multi_threaded_executor.hpp:25[m[K,
                 from [01m[K/opt/ros/humble/include/rclcpp/rclcpp/executors.hpp:21[m[K,
                 from [01m[K/opt/ros/humble/include/rclcpp/rclcpp/rclcpp.hpp:155[m[K,
                 from [01m[K/cc_ws/tros_ws/install/include/dnn_node/dnn_node_data.h:23[m[K,
                 from [01m[K/cc_ws/tros_ws/install/include/dnn_node/dnn_node.h:22[m[K,
                 from [01m[K/cc_ws/tros_ws/src/box/hobot_dnn/dnn_node_example/include/dnn_example_node.h:23[m[K,
                 from [01m[K/cc_ws/tros_ws/src/box/hobot_dnn/dnn_node_example/src/dnn_example_node.cpp:15[m[K:
[01m[K/cc_ws/tros_ws/src/box/hobot_dnn/dnn_node_example/src/dnn_example_node.cpp:[m[K In member function ‘[01m[Kvoid DnnExampleNode::RosImgProcess(sensor_msgs::msg::Image_<std::allocator<void> >::ConstSharedPtr)[m[K’:
[01m[K/cc_ws/tros_ws/src/box/hobot_dnn/dnn_node_example/src/dnn_example_node.cpp:935:20:[m[K [01;35m[Kwarning: [m[Kformat ‘[01m[K%d[m[K’ expects argument of type ‘[01m[Kint[m[K’, but argument 5 has type ‘[01m[Klong int[m[K’ [[01;35m[K-Wformat=[m[K]
  935 |                    [01;35m[K"after cvtColorForDisplay cost ms: %d"[m[K,
      |                    [01;35m[K^~~~~~~~~~~~~~~~~~~~~~~~~~~~~~~~~~~~~~[m[K
  936 |                    [32m[Kinterval[m[K);
      |                    [32m[K~~~~~~~~[m[K
      |                    [32m[K|[m[K
      |                    [32m[Klong int[m[K
[01m[K/cc_ws/tros_ws/src/box/hobot_dnn/dnn_node_example/src/dnn_example_node.cpp:935:56:[m[K [01;36m[Knote: [m[Kformat string is defined here
  935 |                    "after cvtColorForDisplay cost ms: [01;36m[K%d[m[K",
      |                                                       [01;36m[K~^[m[K
      |                                                        [01;36m[K|[m[K
      |                                                        [01;36m[Kint[m[K
      |                                                       [32m[K%ld[m[K
In file included from [01m[K/opt/ros/humble/include/rclcpp/rclcpp/logging.hpp:24[m[K,
                 from [01m[K/opt/ros/humble/include/rclcpp/rclcpp/client.hpp:40[m[K,
                 from [01m[K/opt/ros/humble/include/rclcpp/rclcpp/callback_group.hpp:24[m[K,
                 from [01m[K/opt/ros/humble/include/rclcpp/rclcpp/any_executable.hpp:20[m[K,
                 from [01m[K/opt/ros/humble/include/rclcpp/rclcpp/memory_strategy.hpp:25[m[K,
                 from [01m[K/opt/ros/humble/include/rclcpp/rclcpp/memory_strategies.hpp:18[m[K,
                 from [01m[K/opt/ros/humble/include/rclcpp/rclcpp/executor_options.hpp:20[m[K,
                 from [01m[K/opt/ros/humble/include/rclcpp/rclcpp/executor.hpp:37[m[K,
                 from [01m[K/opt/ros/humble/include/rclcpp/rclcpp/executors/multi_threaded_executor.hpp:25[m[K,
                 from [01m[K/opt/ros/humble/include/rclcpp/rclcpp/executors.hpp:21[m[K,
                 from [01m[K/opt/ros/humble/include/rclcpp/rclcpp/rclcpp.hpp:155[m[K,
                 from [01m[K/cc_ws/tros_ws/install/include/dnn_node/dnn_node_data.h:23[m[K,
                 from [01m[K/cc_ws/tros_ws/install/include/dnn_node/dnn_node.h:22[m[K,
                 from [01m[K/cc_ws/tros_ws/src/box/hobot_dnn/dnn_node_example/include/dnn_example_node.h:23[m[K,
                 from [01m[K/cc_ws/tros_ws/src/box/hobot_dnn/dnn_node_example/src/dnn_example_node.cpp:15[m[K:
[01m[K/cc_ws/tros_ws/src/box/hobot_dnn/dnn_node_example/src/dnn_example_node.cpp:959:20:[m[K [01;35m[Kwarning: [m[Kformat ‘[01m[K%d[m[K’ expects argument of type ‘[01m[Kint[m[K’, but argument 5 has type ‘[01m[Klong int[m[K’ [[01;35m[K-Wformat=[m[K]
  959 |                    [01;35m[K"after cvtColorForDisplay cost ms: %d"[m[K,
      |                    [01;35m[K^~~~~~~~~~~~~~~~~~~~~~~~~~~~~~~~~~~~~~[m[K
  960 |                    [32m[Kinterval[m[K);
      |                    [32m[K~~~~~~~~[m[K
      |                    [32m[K|[m[K
      |                    [32m[Klong int[m[K
[01m[K/cc_ws/tros_ws/src/box/hobot_dnn/dnn_node_example/src/dnn_example_node.cpp:959:56:[m[K [01;36m[Knote: [m[Kformat string is defined here
  959 |                    "after cvtColorForDisplay cost ms: [01;36m[K%d[m[K",
      |                                                       [01;36m[K~^[m[K
      |                                                        [01;36m[K|[m[K
      |                                                        [01;36m[Kint[m[K
      |                                                       [32m[K%ld[m[K
In file included from [01m[K/opt/ros/humble/include/rclcpp/rclcpp/logging.hpp:24[m[K,
                 from [01m[K/opt/ros/humble/include/rclcpp/rclcpp/client.hpp:40[m[K,
                 from [01m[K/opt/ros/humble/include/rclcpp/rclcpp/callback_group.hpp:24[m[K,
                 from [01m[K/opt/ros/humble/include/rclcpp/rclcpp/any_executable.hpp:20[m[K,
                 from [01m[K/opt/ros/humble/include/rclcpp/rclcpp/memory_strategy.hpp:25[m[K,
                 from [01m[K/opt/ros/humble/include/rclcpp/rclcpp/memory_strategies.hpp:18[m[K,
                 from [01m[K/opt/ros/humble/include/rclcpp/rclcpp/executor_options.hpp:20[m[K,
                 from [01m[K/opt/ros/humble/include/rclcpp/rclcpp/executor.hpp:37[m[K,
                 from [01m[K/opt/ros/humble/include/rclcpp/rclcpp/executors/multi_threaded_executor.hpp:25[m[K,
                 from [01m[K/opt/ros/humble/include/rclcpp/rclcpp/executors.hpp:21[m[K,
                 from [01m[K/opt/ros/humble/include/rclcpp/rclcpp/rclcpp.hpp:155[m[K,
                 from [01m[K/cc_ws/tros_ws/install/include/dnn_node/dnn_node_data.h:23[m[K,
                 from [01m[K/cc_ws/tros_ws/install/include/dnn_node/dnn_node.h:22[m[K,
                 from [01m[K/cc_ws/tros_ws/src/box/hobot_dnn/dnn_node_example/include/dnn_example_node.h:23[m[K,
                 from [01m[K/cc_ws/tros_ws/src/box/hobot_dnn/dnn_node_example/src/dnn_example_node.cpp:15[m[K:
[01m[K/cc_ws/tros_ws/src/box/hobot_dnn/dnn_node_example/src/dnn_example_node.cpp:1022:18:[m[K [01;35m[Kwarning: [m[Kformat ‘[01m[K%d[m[K’ expects argument of type ‘[01m[Kint[m[K’, but argument 5 has type ‘[01m[Klong int[m[K’ [[01;35m[K-Wformat=[m[K]
 1022 |                  [01;35m[K"after GetNV12Pyramid cost ms: %d"[m[K,
      |                  [01;35m[K^~~~~~~~~~~~~~~~~~~~~~~~~~~~~~~~~~[m[K
 1023 |                  [32m[Kinterval[m[K);
      |                  [32m[K~~~~~~~~[m[K
      |                  [32m[K|[m[K
      |                  [32m[Klong int[m[K
[01m[K/cc_ws/tros_ws/src/box/hobot_dnn/dnn_node_example/src/dnn_example_node.cpp:1022:50:[m[K [01;36m[Knote: [m[Kformat string is defined here
 1022 |                  "after GetNV12Pyramid cost ms: [01;36m[K%d[m[K",
      |                                                 [01;36m[K~^[m[K
      |                                                  [01;36m[K|[m[K
      |                                                  [01;36m[Kint[m[K
      |                                                 [32m[K%ld[m[K
In file included from [01m[K/opt/ros/humble/include/rclcpp/rclcpp/logging.hpp:24[m[K,
                 from [01m[K/opt/ros/humble/include/rclcpp/rclcpp/client.hpp:40[m[K,
                 from [01m[K/opt/ros/humble/include/rclcpp/rclcpp/callback_group.hpp:24[m[K,
                 from [01m[K/opt/ros/humble/include/rclcpp/rclcpp/any_executable.hpp:20[m[K,
                 from [01m[K/opt/ros/humble/include/rclcpp/rclcpp/memory_strategy.hpp:25[m[K,
                 from [01m[K/opt/ros/humble/include/rclcpp/rclcpp/memory_strategies.hpp:18[m[K,
                 from [01m[K/opt/ros/humble/include/rclcpp/rclcpp/executor_options.hpp:20[m[K,
                 from [01m[K/opt/ros/humble/include/rclcpp/rclcpp/executor.hpp:37[m[K,
                 from [01m[K/opt/ros/humble/include/rclcpp/rclcpp/executors/multi_threaded_executor.hpp:25[m[K,
                 from [01m[K/opt/ros/humble/include/rclcpp/rclcpp/executors.hpp:21[m[K,
                 from [01m[K/opt/ros/humble/include/rclcpp/rclcpp/rclcpp.hpp:155[m[K,
                 from [01m[K/cc_ws/tros_ws/install/include/dnn_node/dnn_node_data.h:23[m[K,
                 from [01m[K/cc_ws/tros_ws/install/include/dnn_node/dnn_node.h:22[m[K,
                 from [01m[K/cc_ws/tros_ws/src/box/hobot_dnn/dnn_node_example/include/dnn_example_node.h:23[m[K,
                 from [01m[K/cc_ws/tros_ws/src/box/hobot_dnn/dnn_node_example/src/dnn_example_node.cpp:15[m[K:
[01m[K/cc_ws/tros_ws/src/box/hobot_dnn/dnn_node_example/src/dnn_example_node.cpp:[m[K In member function ‘[01m[Kvoid DnnExampleNode::SharedMemImgProcess(hbm_img_msgs::msg::HbmMsg1080P_<std::allocator<void> >::ConstSharedPtr)[m[K’:
[01m[K/cc_ws/tros_ws/src/box/hobot_dnn/dnn_node_example/src/dnn_example_node.cpp:1160:18:[m[K [01;35m[Kwarning: [m[Kformat ‘[01m[K%d[m[K’ expects argument of type ‘[01m[Kint[m[K’, but argument 5 has type ‘[01m[Klong int[m[K’ [[01;35m[K-Wformat=[m[K]
 1160 |                  [01;35m[K"after GetNV12Pyramid cost ms: %d"[m[K,
      |                  [01;35m[K^~~~~~~~~~~~~~~~~~~~~~~~~~~~~~~~~~[m[K
 1161 |                  [32m[Kinterval[m[K);
      |                  [32m[K~~~~~~~~[m[K
      |                  [32m[K|[m[K
      |                  [32m[Klong int[m[K
[01m[K/cc_ws/tros_ws/src/box/hobot_dnn/dnn_node_example/src/dnn_example_node.cpp:1160:50:[m[K [01;36m[Knote: [m[Kformat string is defined here
 1160 |                  "after GetNV12Pyramid cost ms: [01;36m[K%d[m[K",
      |                                                 [01;36m[K~^[m[K
      |                                                  [01;36m[K|[m[K
      |                                                  [01;36m[Kint[m[K
      |                                                 [32m[K%ld[m[K
In file included from [01m[K/opt/ros/humble/include/rclcpp/rclcpp/logging.hpp:24[m[K,
                 from [01m[K/opt/ros/humble/include/rclcpp/rclcpp/client.hpp:40[m[K,
                 from [01m[K/opt/ros/humble/include/rclcpp/rclcpp/callback_group.hpp:24[m[K,
                 from [01m[K/opt/ros/humble/include/rclcpp/rclcpp/any_executable.hpp:20[m[K,
                 from [01m[K/opt/ros/humble/include/rclcpp/rclcpp/memory_strategy.hpp:25[m[K,
                 from [01m[K/opt/ros/humble/include/rclcpp/rclcpp/memory_strategies.hpp:18[m[K,
                 from [01m[K/opt/ros/humble/include/rclcpp/rclcpp/executor_options.hpp:20[m[K,
                 from [01m[K/opt/ros/humble/include/rclcpp/rclcpp/executor.hpp:37[m[K,
                 from [01m[K/opt/ros/humble/include/rclcpp/rclcpp/executors/multi_threaded_executor.hpp:25[m[K,
                 from [01m[K/opt/ros/humble/include/rclcpp/rclcpp/executors.hpp:21[m[K,
                 from [01m[K/opt/ros/humble/include/rclcpp/rclcpp/rclcpp.hpp:155[m[K,
                 from [01m[K/cc_ws/tros_ws/install/include/dnn_node/dnn_node_data.h:23[m[K,
                 from [01m[K/cc_ws/tros_ws/install/include/dnn_node/dnn_node.h:22[m[K,
                 from [01m[K/cc_ws/tros_ws/src/box/hobot_dnn/dnn_node_example/include/dnn_example_node.h:23[m[K,
                 from [01m[K/cc_ws/tros_ws/src/box/hobot_dnn/dnn_node_example/src/dnn_example_node.cpp:15[m[K:
[01m[K/cc_ws/tros_ws/src/box/hobot_dnn/dnn_node_example/src/dnn_example_node.cpp:1196:29:[m[K [01;35m[Kwarning: [m[Kformat ‘[01m[K%d[m[K’ expects argument of type ‘[01m[Kint[m[K’, but argument 5 has type ‘[01m[Klong int[m[K’ [[01;35m[K-Wformat=[m[K]
 1196 |         this->get_logger(), [01;35m[K"after Predict cost ms: %d"[m[K, [32m[Kinterval[m[K);
      |                             [01;35m[K^~~~~~~~~~~~~~~~~~~~~~~~~~~[m[K  [32m[K~~~~~~~~[m[K
      |                                                          [32m[K|[m[K
      |                                                          [32m[Klong int[m[K
[01m[K/cc_ws/tros_ws/src/box/hobot_dnn/dnn_node_example/src/dnn_example_node.cpp:1196:54:[m[K [01;36m[Knote: [m[Kformat string is defined here
 1196 |         this->get_logger(), "after Predict cost ms: [01;36m[K%d[m[K", interval);
      |                                                     [01;36m[K~^[m[K
      |                                                      [01;36m[K|[m[K
      |                                                      [01;36m[Kint[m[K
      |                                                     [32m[K%ld[m[K
In file included from [01m[K/cc_ws/tros_ws/src/box/hobot_dnn/dnn_node_example/include/dnn_example_node.h:32[m[K,
                 from [01m[K/cc_ws/tros_ws/src/box/hobot_dnn/dnn_node_example/src/dnn_example_node.cpp:15[m[K:
[01m[K/cc_ws/tros_ws/src/box/hobot_dnn/dnn_node_example/include/image_utils.h:[m[K At global scope:
[01m[K/cc_ws/tros_ws/src/box/hobot_dnn/dnn_node_example/include/image_utils.h:38:16:[m[K [01;35m[Kwarning: [m[K‘[01m[Kbgr_putpalette[m[K’ defined but not used [[01;35m[K-Wunused-variable[m[K]
   38 | static uint8_t [01;35m[Kbgr_putpalette[m[K[] = {
      |                [01;35m[K^~~~~~~~~~~~~~[m[K
[ 33%] [32mBuilding CXX object CMakeFiles/dnn_node_example_component.dir/src/post_process/post_process_unet.cpp.o[0m
In file included from [01m[K/cc_ws/tros_ws/src/box/hobot_dnn/dnn_node_example/include/dnn_example_node.h:32[m[K,
                 from [01m[K/cc_ws/tros_ws/src/box/hobot_dnn/dnn_node_example/src/post_process/post_process_unet.cpp:27[m[K:
[01m[K/cc_ws/tros_ws/src/box/hobot_dnn/dnn_node_example/include/image_utils.h:38:16:[m[K [01;35m[Kwarning: [m[K‘[01m[Kbgr_putpalette[m[K’ defined but not used [[01;35m[K-Wunused-variable[m[K]
   38 | static uint8_t [01;35m[Kbgr_putpalette[m[K[] = {
      |                [01;35m[K^~~~~~~~~~~~~~[m[K
[ 50%] [32mBuilding CXX object CMakeFiles/dnn_node_example_component.dir/src/image_utils.cpp.o[0m
In file included from [01m[K/opt/ros/humble/include/rclcpp/rclcpp/logging.hpp:24[m[K,
                 from [01m[K/opt/ros/humble/include/rclcpp/rclcpp/client.hpp:40[m[K,
                 from [01m[K/opt/ros/humble/include/rclcpp/rclcpp/callback_group.hpp:24[m[K,
                 from [01m[K/opt/ros/humble/include/rclcpp/rclcpp/any_executable.hpp:20[m[K,
                 from [01m[K/opt/ros/humble/include/rclcpp/rclcpp/memory_strategy.hpp:25[m[K,
                 from [01m[K/opt/ros/humble/include/rclcpp/rclcpp/memory_strategies.hpp:18[m[K,
                 from [01m[K/opt/ros/humble/include/rclcpp/rclcpp/executor_options.hpp:20[m[K,
                 from [01m[K/opt/ros/humble/include/rclcpp/rclcpp/executor.hpp:37[m[K,
                 from [01m[K/opt/ros/humble/include/rclcpp/rclcpp/executors/multi_threaded_executor.hpp:25[m[K,
                 from [01m[K/opt/ros/humble/include/rclcpp/rclcpp/executors.hpp:21[m[K,
                 from [01m[K/opt/ros/humble/include/rclcpp/rclcpp/rclcpp.hpp:155[m[K,
                 from [01m[K/cc_ws/tros_ws/install/include/dnn_node/dnn_node_data.h:23[m[K,
                 from [01m[K/cc_ws/tros_ws/src/box/hobot_dnn/dnn_node_example/include/image_utils.h:23[m[K,
                 from [01m[K/cc_ws/tros_ws/src/box/hobot_dnn/dnn_node_example/src/image_utils.cpp:15[m[K:
[01m[K/cc_ws/tros_ws/src/box/hobot_dnn/dnn_node_example/src/image_utils.cpp:[m[K In static member function ‘[01m[Kstatic int ImageUtils::Render(const std::shared_ptr<hobot::easy_dnn::NV12PyramidInput>&, const UniquePtr&, int, int)[m[K’:
[01m[K/cc_ws/tros_ws/src/box/hobot_dnn/dnn_node_example/src/image_utils.cpp:48:15:[m[K [01;35m[Kwarning: [m[Kformat ‘[01m[K%d[m[K’ expects argument of type ‘[01m[Kint[m[K’, but argument 5 has type ‘[01m[Kstd::vector<ai_msgs::msg::Target_<std::allocator<void> >, std::allocator<ai_msgs::msg::Target_<std::allocator<void> > > >::size_type[m[K’ {aka ‘[01m[Klong unsigned int[m[K’} [[01;35m[K-Wformat=[m[K]
   48 |               [01;35m[K"target size: %d"[m[K,
      |               [01;35m[K^~~~~~~~~~~~~~~~~[m[K
   49 |               [32m[Kai_msg->targets.size()[m[K);
      |               [32m[K~~~~~~~~~~~~~~~~~~~~~~[m[K
      |                                   [32m[K|[m[K
      |                                   [32m[Kstd::vector<ai_msgs::msg::Target_<std::allocator<void> >, std::allocator<ai_msgs::msg::Target_<std::allocator<void> > > >::size_type {aka long unsigned int}[m[K
[01m[K/cc_ws/tros_ws/src/box/hobot_dnn/dnn_node_example/src/image_utils.cpp:48:30:[m[K [01;36m[Knote: [m[Kformat string is defined here
   48 |               "target size: [01;36m[K%d[m[K",
      |                             [01;36m[K~^[m[K
      |                              [01;36m[K|[m[K
      |                              [01;36m[Kint[m[K
      |                             [32m[K%ld[m[K
In file included from [01m[K/opt/ros/humble/include/rclcpp/rclcpp/logging.hpp:24[m[K,
                 from [01m[K/opt/ros/humble/include/rclcpp/rclcpp/client.hpp:40[m[K,
                 from [01m[K/opt/ros/humble/include/rclcpp/rclcpp/callback_group.hpp:24[m[K,
                 from [01m[K/opt/ros/humble/include/rclcpp/rclcpp/any_executable.hpp:20[m[K,
                 from [01m[K/opt/ros/humble/include/rclcpp/rclcpp/memory_strategy.hpp:25[m[K,
                 from [01m[K/opt/ros/humble/include/rclcpp/rclcpp/memory_strategies.hpp:18[m[K,
                 from [01m[K/opt/ros/humble/include/rclcpp/rclcpp/executor_options.hpp:20[m[K,
                 from [01m[K/opt/ros/humble/include/rclcpp/rclcpp/executor.hpp:37[m[K,
                 from [01m[K/opt/ros/humble/include/rclcpp/rclcpp/executors/multi_threaded_executor.hpp:25[m[K,
                 from [01m[K/opt/ros/humble/include/rclcpp/rclcpp/executors.hpp:21[m[K,
                 from [01m[K/opt/ros/humble/include/rclcpp/rclcpp/rclcpp.hpp:155[m[K,
                 from [01m[K/cc_ws/tros_ws/install/include/dnn_node/dnn_node_data.h:23[m[K,
                 from [01m[K/cc_ws/tros_ws/src/box/hobot_dnn/dnn_node_example/include/image_utils.h:23[m[K,
                 from [01m[K/cc_ws/tros_ws/src/box/hobot_dnn/dnn_node_example/src/image_utils.cpp:15[m[K:
[01m[K/cc_ws/tros_ws/src/box/hobot_dnn/dnn_node_example/src/image_utils.cpp:53:17:[m[K [01;35m[Kwarning: [m[Kformat ‘[01m[K%d[m[K’ expects argument of type ‘[01m[Kint[m[K’, but argument 6 has type ‘[01m[Kstd::vector<ai_msgs::msg::Roi_<std::allocator<void> >, std::allocator<ai_msgs::msg::Roi_<std::allocator<void> > > >::size_type[m[K’ {aka ‘[01m[Klong unsigned int[m[K’} [[01;35m[K-Wformat=[m[K]
   53 |                 [01;35m[K"target type: %s, rois.size: %d"[m[K,
      |                 [01;35m[K^~~~~~~~~~~~~~~~~~~~~~~~~~~~~~~~[m[K
   54 |                 target.type.c_str(),
   55 |                 [32m[Ktarget.rois.size()[m[K);
      |                 [32m[K~~~~~~~~~~~~~~~~~~[m[K
      |                                 [32m[K|[m[K
      |                                 [32m[Kstd::vector<ai_msgs::msg::Roi_<std::allocator<void> >, std::allocator<ai_msgs::msg::Roi_<std::allocator<void> > > >::size_type {aka long unsigned int}[m[K
[01m[K/cc_ws/tros_ws/src/box/hobot_dnn/dnn_node_example/src/image_utils.cpp:53:47:[m[K [01;36m[Knote: [m[Kformat string is defined here
   53 |                 "target type: %s, rois.size: [01;36m[K%d[m[K",
      |                                              [01;36m[K~^[m[K
      |                                               [01;36m[K|[m[K
      |                                               [01;36m[Kint[m[K
      |                                              [32m[K%ld[m[K
[ 66%] [32m[1mLinking CXX shared library libdnn_node_example_component.so[0m
[ 66%] Built target dnn_node_example_component
[ 83%] [32mBuilding CXX object CMakeFiles/example.dir/rclcpp_components/node_main_example.cpp.o[0m
[100%] [32m[1mLinking CXX executable example[0m
[100%] Built target example
-- Install configuration: ""
-- Installing: /cc_ws/tros_ws/install/lib/dnn_node_example/example
-- Set runtime path of "/cc_ws/tros_ws/install/lib/dnn_node_example/example" to ""
-- Installing: /cc_ws/tros_ws/install/lib/libdnn_node_example_component.so
-- Set runtime path of "/cc_ws/tros_ws/install/lib/libdnn_node_example_component.so" to ""
-- Installing: /cc_ws/tros_ws/install/share/dnn_node_example/launch
-- Installing: /cc_ws/tros_ws/install/share/dnn_node_example/launch/dnn_node_example_feedback.launch.py
-- Installing: /cc_ws/tros_ws/install/share/dnn_node_example/launch/dnn_node_example_feedback_h264.launch.py
-- Installing: /cc_ws/tros_ws/install/share/dnn_node_example/launch/dnn_node_example_mipi_component.launch.py
-- Installing: /cc_ws/tros_ws/install/share/dnn_node_example/launch/dnn_node_example.launch.py
-- Installing: /cc_ws/tros_ws/install/lib/dnn_node_example/config/
-- Installing: /cc_ws/tros_ws/install/lib/dnn_node_example/config//fcosworkconfig.json
-- Installing: /cc_ws/tros_ws/install/lib/dnn_node_example/config//mobilenet_ssd_workconfig.json
-- Installing: /cc_ws/tros_ws/install/lib/dnn_node_example/config//yolov10workconfig.json
-- Installing: /cc_ws/tros_ws/install/lib/dnn_node_example/config//efficientnet_lite0_workconfig.json
-- Installing: /cc_ws/tros_ws/install/lib/dnn_node_example/config//mobilenetv2workconfig.json
-- Installing: /cc_ws/tros_ws/install/lib/dnn_node_example/config//yolov11workconfig.json
-- Installing: /cc_ws/tros_ws/install/lib/dnn_node_example/config//yolov2workconfig.json
-- Installing: /cc_ws/tros_ws/install/lib/dnn_node_example/config//stdc_workconfig.json
-- Installing: /cc_ws/tros_ws/install/lib/dnn_node_example/config//yolov8workconfig.json
-- Installing: /cc_ws/tros_ws/install/lib/dnn_node_example/config//yolov5workconfig.json
-- Installing: /cc_ws/tros_ws/install/lib/dnn_node_example/config//fcosb3workconfig.json
-- Installing: /cc_ws/tros_ws/install/lib/dnn_node_example/config//yolov8segworkconfig.json
-- Installing: /cc_ws/tros_ws/install/lib/dnn_node_example/config//yolov3workconfig.json
-- Installing: /cc_ws/tros_ws/install/lib/dnn_node_example/config//mobilenet_unet_workconfig.json
-- Installing: /cc_ws/tros_ws/install/lib/dnn_node_example/config//yolov12workconfig.json
-- Up-to-date: /cc_ws/tros_ws/install/lib/dnn_node_example/config/
-- Installing: /cc_ws/tros_ws/install/lib/dnn_node_example/config//coco.list
-- Installing: /cc_ws/tros_ws/install/lib/dnn_node_example/config//960_544.nv12
-- Installing: /cc_ws/tros_ws/install/lib/dnn_node_example/config//test.jpg
-- Installing: /cc_ws/tros_ws/install/lib/dnn_node_example/config//raw_unet.jpg
-- Installing: /cc_ws/tros_ws/install/lib/dnn_node_example/config//target.jpg
-- Installing: /cc_ws/tros_ws/install/lib/dnn_node_example/config//imagenet.list
-- Installing: /cc_ws/tros_ws/install/lib/dnn_node_example/config//target_class.jpg
-- Installing: /cc_ws/tros_ws/install/share/ament_index/resource_index/package_run_dependencies/dnn_node_example
-- Installing: /cc_ws/tros_ws/install/share/ament_index/resource_index/parent_prefix_path/dnn_node_example
-- Installing: /cc_ws/tros_ws/install/share/dnn_node_example/environment/ament_prefix_path.sh
-- Installing: /cc_ws/tros_ws/install/share/dnn_node_example/environment/ament_prefix_path.dsv
-- Installing: /cc_ws/tros_ws/install/share/dnn_node_example/environment/path.sh
-- Installing: /cc_ws/tros_ws/install/share/dnn_node_example/environment/path.dsv
-- Installing: /cc_ws/tros_ws/install/share/dnn_node_example/local_setup.bash
-- Installing: /cc_ws/tros_ws/install/share/dnn_node_example/local_setup.sh
-- Installing: /cc_ws/tros_ws/install/share/dnn_node_example/local_setup.zsh
-- Installing: /cc_ws/tros_ws/install/share/dnn_node_example/local_setup.dsv
-- Installing: /cc_ws/tros_ws/install/share/dnn_node_example/package.dsv
-- Installing: /cc_ws/tros_ws/install/share/ament_index/resource_index/packages/dnn_node_example
-- Installing: /cc_ws/tros_ws/install/share/ament_index/resource_index/rclcpp_components/dnn_node_example
-- Installing: /cc_ws/tros_ws/install/share/dnn_node_example/cmake/dnn_node_exampleConfig.cmake
-- Installing: /cc_ws/tros_ws/install/share/dnn_node_example/cmake/dnn_node_exampleConfig-version.cmake
-- Installing: /cc_ws/tros_ws/install/share/dnn_node_example/package.xml
