[0.327s] Invoking command in '/cc_ws/tros_ws/build/dnn_node_example': AMENT_PREFIX_PATH=/cc_ws/tros_ws/install:${AMENT_PREFIX_PATH} CMAKE_PREFIX_PATH=/cc_ws/tros_ws/install:/opt/ros/humble LD_LIBRARY_PATH=/cc_ws/tros_ws/install/lib:/opt/ros/humble/opt/rviz_ogre_vendor/lib:/opt/ros/humble/lib/aarch64-linux-gnu:/opt/ros/humble/lib:/cc_ws/userdata/hobot/opt/hobot/deps PYTHONPATH=/cc_ws/tros_ws/install/lib/python3.10/site-packages:/cc_ws/tros_ws/install/local/lib/python3.10/dist-packages:${PYTHONPATH} /usr/bin/cmake /cc_ws/tros_ws/src/box/hobot_dnn/dnn_node_example -DCMAKE_EXPORT_COMPILE_COMMANDS=ON --no-warn-unused-cli -DCMAKE_TOOLCHAIN_FILE=/cc_ws/tros_ws/robot_dev_config/aarch64_toolchainfile.cmake -DPLATFORM_X5=ON -DTHIRDPARTY=ON -DBUILD_TESTING=OFF -DCMAKE_BUILD_RPATH=/cc_ws/tros_ws/build/poco_vendor/poco_external_project_install/lib/;/cc_ws/tros_ws/build/libyaml_vendor/libyaml_install/lib/ -DCMAKE_INSTALL_PREFIX=/cc_ws/tros_ws/install
[7.492s] Not searching for unused variables given on the command line.
[7.493s] -- The C compiler identification is GNU 11.4.0
[7.493s] -- The CXX compiler identification is GNU 11.4.0
[7.493s] -- Detecting C compiler ABI info
[7.493s] -- Detecting C compiler ABI info - done
[7.494s] -- Check for working C compiler: /usr/bin/aarch64-linux-gnu-gcc - skipped
[7.494s] -- Detecting C compile features
[7.494s] -- Detecting C compile features - done
[7.494s] -- Detecting CXX compiler ABI info
[7.495s] -- Detecting CXX compiler ABI info - done
[7.495s] -- Check for working CXX compiler: /usr/bin/aarch64-linux-gnu-g++ - skipped
[7.495s] -- Detecting CXX compile features
[7.495s] -- Detecting CXX compile features - done
[7.495s] -- Found ament_cmake: 1.3.8 (/opt/ros/humble/share/ament_cmake/cmake)
[7.496s] -- Found Python3: /usr/bin/python3 (found version "3.10.12") found components: Interpreter 
[7.496s] -- Found rclcpp: 16.0.8 (/opt/ros/humble/share/rclcpp/cmake)
[7.496s] -- Found rosidl_generator_c: 3.1.5 (/opt/ros/humble/share/rosidl_generator_c/cmake)
[7.496s] -- Found rosidl_adapter: 3.1.5 (/opt/ros/humble/share/rosidl_adapter/cmake)
[7.497s] -- Found rosidl_generator_cpp: 3.1.5 (/opt/ros/humble/share/rosidl_generator_cpp/cmake)
[7.497s] -- Using all available rosidl_typesupport_c: rosidl_typesupport_fastrtps_c;rosidl_typesupport_introspection_c
[7.497s] -- Using all available rosidl_typesupport_cpp: rosidl_typesupport_fastrtps_cpp;rosidl_typesupport_introspection_cpp
[7.497s] -- Found rmw_implementation_cmake: 6.1.1 (/opt/ros/humble/share/rmw_implementation_cmake/cmake)
[7.498s] -- Found rmw_fastrtps_cpp: 6.2.6 (/opt/ros/humble/share/rmw_fastrtps_cpp/cmake)
[7.498s] -- Found OpenSSL: /cc_ws/tros_ws/robot_dev_config/../../sysroot_docker/usr/lib/aarch64-linux-gnu/libcrypto.so (found version "3.0.2")  
[7.498s] -- Found FastRTPS: /opt/ros/humble/include  
[7.498s] -- Using RMW implementation 'rmw_fastrtps_cpp' as default
[7.498s] -- Looking for pthread.h
[7.499s] -- Looking for pthread.h - found
[7.499s] -- Performing Test CMAKE_HAVE_LIBC_PTHREAD
[7.524s] -- Performing Test CMAKE_HAVE_LIBC_PTHREAD - Success
[7.524s] -- Found Threads: TRUE  
[7.524s] -- Found sensor_msgs: 4.2.3 (/opt/ros/humble/share/sensor_msgs/cmake)
[7.524s] -- Found ai_msgs: 2.0.1 (/cc_ws/tros_ws/robot_dev_config/../install/share/ai_msgs/cmake)
[7.525s] -- Found dnn_node: 2.5.4 (/cc_ws/tros_ws/robot_dev_config/../install/share/dnn_node/cmake)
[7.525s] -- Found hobot_cv: 2.3.2 (/cc_ws/tros_ws/robot_dev_config/../install/share/hobot_cv/cmake)
[7.525s] -- Found cv_bridge: 3.2.1 (/opt/ros/humble/share/cv_bridge/cmake)
[7.525s] -- Found OpenCV: /cc_ws/sysroot_docker/usr_x5 (found suitable version "4.5.4", minimum required is "4") 
[7.525s] -- Found rclcpp_components: 16.0.8 (/opt/ros/humble/share/rclcpp_components/cmake)
[7.526s] -- Found hbm_img_msgs: 2.0.0 (/cc_ws/tros_ws/robot_dev_config/../install/share/hbm_img_msgs/cmake)
[7.526s] [33mCMake Warning (dev) at /opt/ros/humble/share/ament_cmake_test/cmake/ament_cmake_test-extras.cmake:19 (option):
[7.526s]   Policy CMP0077 is not set: option() honors normal variables.  Run "cmake
[7.526s]   --help-policy CMP0077" for policy details.  Use the cmake_policy command to
[7.527s]   set the policy and suppress this warning.
[7.527s] 
[7.527s]   For compatibility with older versions of CMake, option is clearing the
[7.527s]   normal variable 'BUILD_TESTING'.
[7.528s] Call Stack (most recent call first):
[7.528s]   /opt/ros/humble/share/ament_cmake_test/cmake/ament_cmake_testConfig.cmake:41 (include)
[7.528s]   /opt/ros/humble/share/ament_cmake/cmake/ament_cmake_export_dependencies-extras.cmake:21 (find_package)
[7.528s]   /opt/ros/humble/share/ament_cmake/cmake/ament_cmakeConfig.cmake:41 (include)
[7.528s]   CMakeLists.txt:33 (find_package)
[7.529s] This warning is for project developers.  Use -Wno-dev to suppress it.
[7.532s] [0m
[7.532s] [0musing shared mem[0m
[7.533s] [0mbuild platform X5[0m
[7.533s] [0mPREFIX_PATH is x5[0m
[7.533s] [0mSYS_ROOT is /cc_ws/tros_ws/robot_dev_config/../../sysroot_docker[0m
[7.682s] -- Configuring done
[7.777s] -- Generating done
[7.786s] -- Build files have been written to: /cc_ws/tros_ws/build/dnn_node_example
[7.831s] Invoked command in '/cc_ws/tros_ws/build/dnn_node_example' returned '0': AMENT_PREFIX_PATH=/cc_ws/tros_ws/install:${AMENT_PREFIX_PATH} CMAKE_PREFIX_PATH=/cc_ws/tros_ws/install:/opt/ros/humble LD_LIBRARY_PATH=/cc_ws/tros_ws/install/lib:/opt/ros/humble/opt/rviz_ogre_vendor/lib:/opt/ros/humble/lib/aarch64-linux-gnu:/opt/ros/humble/lib:/cc_ws/userdata/hobot/opt/hobot/deps PYTHONPATH=/cc_ws/tros_ws/install/lib/python3.10/site-packages:/cc_ws/tros_ws/install/local/lib/python3.10/dist-packages:${PYTHONPATH} /usr/bin/cmake /cc_ws/tros_ws/src/box/hobot_dnn/dnn_node_example -DCMAKE_EXPORT_COMPILE_COMMANDS=ON --no-warn-unused-cli -DCMAKE_TOOLCHAIN_FILE=/cc_ws/tros_ws/robot_dev_config/aarch64_toolchainfile.cmake -DPLATFORM_X5=ON -DTHIRDPARTY=ON -DBUILD_TESTING=OFF -DCMAKE_BUILD_RPATH=/cc_ws/tros_ws/build/poco_vendor/poco_external_project_install/lib/;/cc_ws/tros_ws/build/libyaml_vendor/libyaml_install/lib/ -DCMAKE_INSTALL_PREFIX=/cc_ws/tros_ws/install
[7.832s] Invoking command in '/cc_ws/tros_ws/build/dnn_node_example': AMENT_PREFIX_PATH=/cc_ws/tros_ws/install:${AMENT_PREFIX_PATH} CMAKE_PREFIX_PATH=/cc_ws/tros_ws/install:/opt/ros/humble LD_LIBRARY_PATH=/cc_ws/tros_ws/install/lib:/opt/ros/humble/opt/rviz_ogre_vendor/lib:/opt/ros/humble/lib/aarch64-linux-gnu:/opt/ros/humble/lib:/cc_ws/userdata/hobot/opt/hobot/deps PYTHONPATH=/cc_ws/tros_ws/install/lib/python3.10/site-packages:/cc_ws/tros_ws/install/local/lib/python3.10/dist-packages:${PYTHONPATH} /usr/bin/cmake --build /cc_ws/tros_ws/build/dnn_node_example -- -j12 -l12
[56.783s] [ 16%] [32mBuilding CXX object CMakeFiles/dnn_node_example_component.dir/src/dnn_example_node.cpp.o[0m
[56.792s] In file included from [01m[K/opt/ros/humble/include/rclcpp/rclcpp/logging.hpp:24[m[K,
[56.792s]                  from [01m[K/opt/ros/humble/include/rclcpp/rclcpp/client.hpp:40[m[K,
[56.792s]                  from [01m[K/opt/ros/humble/include/rclcpp/rclcpp/callback_group.hpp:24[m[K,
[56.792s]                  from [01m[K/opt/ros/humble/include/rclcpp/rclcpp/any_executable.hpp:20[m[K,
[56.793s]                  from [01m[K/opt/ros/humble/include/rclcpp/rclcpp/memory_strategy.hpp:25[m[K,
[56.793s]                  from [01m[K/opt/ros/humble/include/rclcpp/rclcpp/memory_strategies.hpp:18[m[K,
[56.793s]                  from [01m[K/opt/ros/humble/include/rclcpp/rclcpp/executor_options.hpp:20[m[K,
[56.793s]                  from [01m[K/opt/ros/humble/include/rclcpp/rclcpp/executor.hpp:37[m[K,
[56.793s]                  from [01m[K/opt/ros/humble/include/rclcpp/rclcpp/executors/multi_threaded_executor.hpp:25[m[K,
[56.794s]                  from [01m[K/opt/ros/humble/include/rclcpp/rclcpp/executors.hpp:21[m[K,
[56.794s]                  from [01m[K/opt/ros/humble/include/rclcpp/rclcpp/rclcpp.hpp:155[m[K,
[56.794s]                  from [01m[K/cc_ws/tros_ws/install/include/dnn_node/dnn_node_data.h:23[m[K,
[56.794s]                  from [01m[K/cc_ws/tros_ws/install/include/dnn_node/dnn_node.h:22[m[K,
[56.794s]                  from [01m[K/cc_ws/tros_ws/src/box/hobot_dnn/dnn_node_example/include/dnn_example_node.h:23[m[K,
[56.795s]                  from [01m[K/cc_ws/tros_ws/src/box/hobot_dnn/dnn_node_example/src/dnn_example_node.cpp:15[m[K:
[56.795s] [01m[K/cc_ws/tros_ws/src/box/hobot_dnn/dnn_node_example/src/dnn_example_node.cpp:[m[K In member function ‘[01m[Kint DnnExampleNode::LoadConfig()[m[K’:
[56.795s] [01m[K/cc_ws/tros_ws/src/box/hobot_dnn/dnn_node_example/src/dnn_example_node.cpp:397:39:[m[K [01;35m[Kwarning: [m[Kformat ‘[01m[K%d[m[K’ expects argument of type ‘[01m[Kint[m[K’, but argument 5 has type ‘[01m[Kstd::vector<std::__cxx11::basic_string<char>, std::allocator<std::__cxx11::basic_string<char> > >::size_type[m[K’ {aka ‘[01m[Klong unsigned int[m[K’} [[01;35m[K-Wformat=[m[K]
[56.795s]   397 |       RCLCPP_WARN(this->get_logger(), [01;35m[K"Load [%d] class types from file [%s]"[m[K,
[56.795s]       |                                       [01;35m[K^~~~~~~~~~~~~~~~~~~~~~~~~~~~~~~~~~~~~~[m[K
[56.795s]   398 |         [32m[Kperception_info_msg_->class_names.size()[m[K, cls_name_file.c_str());
[56.796s]       |         [32m[K~~~~~~~~~~~~~~~~~~~~~~~~~~~~~~~~~~~~~~~~[m[K
[56.796s]       |                                               [32m[K|[m[K
[56.796s]       |                                               [32m[Kstd::vector<std::__cxx11::basic_string<char>, std::allocator<std::__cxx11::basic_string<char> > >::size_type {aka long unsigned int}[m[K
[56.796s] [01m[K/cc_ws/tros_ws/src/box/hobot_dnn/dnn_node_example/src/dnn_example_node.cpp:397:47:[m[K [01;36m[Knote: [m[Kformat string is defined here
[56.796s]   397 |       RCLCPP_WARN(this->get_logger(), "Load [[01;36m[K%d[m[K] class types from file [%s]",
[56.797s]       |                                              [01;36m[K~^[m[K
[56.797s]       |                                               [01;36m[K|[m[K
[56.797s]       |                                               [01;36m[Kint[m[K
[56.797s]       |                                              [32m[K%ld[m[K
[56.797s] In file included from [01m[K/opt/ros/humble/include/rclcpp/rclcpp/logging.hpp:24[m[K,
[56.798s]                  from [01m[K/opt/ros/humble/include/rclcpp/rclcpp/client.hpp:40[m[K,
[56.798s]                  from [01m[K/opt/ros/humble/include/rclcpp/rclcpp/callback_group.hpp:24[m[K,
[56.798s]                  from [01m[K/opt/ros/humble/include/rclcpp/rclcpp/any_executable.hpp:20[m[K,
[56.798s]                  from [01m[K/opt/ros/humble/include/rclcpp/rclcpp/memory_strategy.hpp:25[m[K,
[56.798s]                  from [01m[K/opt/ros/humble/include/rclcpp/rclcpp/memory_strategies.hpp:18[m[K,
[56.798s]                  from [01m[K/opt/ros/humble/include/rclcpp/rclcpp/executor_options.hpp:20[m[K,
[56.799s]                  from [01m[K/opt/ros/humble/include/rclcpp/rclcpp/executor.hpp:37[m[K,
[56.799s]                  from [01m[K/opt/ros/humble/include/rclcpp/rclcpp/executors/multi_threaded_executor.hpp:25[m[K,
[56.799s]                  from [01m[K/opt/ros/humble/include/rclcpp/rclcpp/executors.hpp:21[m[K,
[56.799s]                  from [01m[K/opt/ros/humble/include/rclcpp/rclcpp/rclcpp.hpp:155[m[K,
[56.799s]                  from [01m[K/cc_ws/tros_ws/install/include/dnn_node/dnn_node_data.h:23[m[K,
[56.799s]                  from [01m[K/cc_ws/tros_ws/install/include/dnn_node/dnn_node.h:22[m[K,
[56.800s]                  from [01m[K/cc_ws/tros_ws/src/box/hobot_dnn/dnn_node_example/include/dnn_example_node.h:23[m[K,
[56.800s]                  from [01m[K/cc_ws/tros_ws/src/box/hobot_dnn/dnn_node_example/src/dnn_example_node.cpp:15[m[K:
[56.800s] [01m[K/cc_ws/tros_ws/src/box/hobot_dnn/dnn_node_example/src/dnn_example_node.cpp:[m[K In member function ‘[01m[Kvirtual int DnnExampleNode::PostProcess(const std::shared_ptr<hobot::dnn_node::DnnNodeOutput>&)[m[K’:
[56.800s] [01m[K/cc_ws/tros_ws/src/box/hobot_dnn/dnn_node_example/src/dnn_example_node.cpp:539:40:[m[K [01;35m[Kwarning: [m[Kformat ‘[01m[K%d[m[K’ expects argument of type ‘[01m[Kint[m[K’, but argument 5 has type ‘[01m[KDnnParserType[m[K’ [[01;35m[K-Wformat=[m[K]
[56.800s]   539 |       RCLCPP_ERROR(this->get_logger(), [01;35m[K"Inlvaid parser: %d"[m[K, [32m[Kparser[m[K);
[56.800s]       |                                        [01;35m[K^~~~~~~~~~~~~~~~~~~~[m[K  [32m[K~~~~~~[m[K
[56.801s]       |                                                              [32m[K|[m[K
[56.801s]       |                                                              [32m[KDnnParserType[m[K
[56.801s] [01m[K/cc_ws/tros_ws/src/box/hobot_dnn/dnn_node_example/src/dnn_example_node.cpp:539:58:[m[K [01;36m[Knote: [m[Kformat string is defined here
[56.801s]   539 |       RCLCPP_ERROR(this->get_logger(), "Inlvaid parser: [01;36m[K%d[m[K", parser);
[56.801s]       |                                                         [01;36m[K~^[m[K
[56.801s]       |                                                          [01;36m[K|[m[K
[56.802s]       |                                                          [01;36m[Kint[m[K
[56.802s] In file included from [01m[K/opt/ros/humble/include/rclcpp/rclcpp/logging.hpp:24[m[K,
[56.802s]                  from [01m[K/opt/ros/humble/include/rclcpp/rclcpp/client.hpp:40[m[K,
[56.802s]                  from [01m[K/opt/ros/humble/include/rclcpp/rclcpp/callback_group.hpp:24[m[K,
[56.802s]                  from [01m[K/opt/ros/humble/include/rclcpp/rclcpp/any_executable.hpp:20[m[K,
[56.802s]                  from [01m[K/opt/ros/humble/include/rclcpp/rclcpp/memory_strategy.hpp:25[m[K,
[56.803s]                  from [01m[K/opt/ros/humble/include/rclcpp/rclcpp/memory_strategies.hpp:18[m[K,
[56.803s]                  from [01m[K/opt/ros/humble/include/rclcpp/rclcpp/executor_options.hpp:20[m[K,
[56.803s]                  from [01m[K/opt/ros/humble/include/rclcpp/rclcpp/executor.hpp:37[m[K,
[56.803s]                  from [01m[K/opt/ros/humble/include/rclcpp/rclcpp/executors/multi_threaded_executor.hpp:25[m[K,
[56.803s]                  from [01m[K/opt/ros/humble/include/rclcpp/rclcpp/executors.hpp:21[m[K,
[56.803s]                  from [01m[K/opt/ros/humble/include/rclcpp/rclcpp/rclcpp.hpp:155[m[K,
[56.804s]                  from [01m[K/cc_ws/tros_ws/install/include/dnn_node/dnn_node_data.h:23[m[K,
[56.804s]                  from [01m[K/cc_ws/tros_ws/install/include/dnn_node/dnn_node.h:22[m[K,
[56.804s]                  from [01m[K/cc_ws/tros_ws/src/box/hobot_dnn/dnn_node_example/include/dnn_example_node.h:23[m[K,
[56.804s]                  from [01m[K/cc_ws/tros_ws/src/box/hobot_dnn/dnn_node_example/src/dnn_example_node.cpp:15[m[K:
[56.804s] [01m[K/cc_ws/tros_ws/src/box/hobot_dnn/dnn_node_example/src/dnn_example_node.cpp:557:15:[m[K [01;35m[Kwarning: [m[Kformat ‘[01m[K%d[m[K’ expects argument of type ‘[01m[Kint[m[K’, but argument 5 has type ‘[01m[Kstd::vector<hobot::dnn_node::output_parser::Detection>::size_type[m[K’ {aka ‘[01m[Klong unsigned int[m[K’} [[01;35m[K-Wformat=[m[K]
[56.804s]   557 |               [01;35m[K"out box size: %d"[m[K,
[56.805s]       |               [01;35m[K^~~~~~~~~~~~~~~~~~[m[K
[56.805s]   558 |               [32m[Kdet_result->perception.det.size()[m[K);
[56.808s]       |               [32m[K~~~~~~~~~~~~~~~~~~~~~~~~~~~~~~~~~[m[K
[56.808s]       |                                              [32m[K|[m[K
[56.808s]       |                                              [32m[Kstd::vector<hobot::dnn_node::output_parser::Detection>::size_type {aka long unsigned int}[m[K
[56.808s] [01m[K/cc_ws/tros_ws/src/box/hobot_dnn/dnn_node_example/src/dnn_example_node.cpp:557:31:[m[K [01;36m[Knote: [m[Kformat string is defined here
[56.809s]   557 |               "out box size: [01;36m[K%d[m[K",
[56.809s]       |                              [01;36m[K~^[m[K
[56.809s]       |                               [01;36m[K|[m[K
[56.809s]       |                               [01;36m[Kint[m[K
[56.810s]       |                              [32m[K%ld[m[K
[56.810s] In file included from [01m[K/opt/ros/humble/include/rclcpp/rclcpp/logging.hpp:24[m[K,
[56.810s]                  from [01m[K/opt/ros/humble/include/rclcpp/rclcpp/client.hpp:40[m[K,
[56.810s]                  from [01m[K/opt/ros/humble/include/rclcpp/rclcpp/callback_group.hpp:24[m[K,
[56.810s]                  from [01m[K/opt/ros/humble/include/rclcpp/rclcpp/any_executable.hpp:20[m[K,
[56.811s]                  from [01m[K/opt/ros/humble/include/rclcpp/rclcpp/memory_strategy.hpp:25[m[K,
[56.811s]                  from [01m[K/opt/ros/humble/include/rclcpp/rclcpp/memory_strategies.hpp:18[m[K,
[56.811s]                  from [01m[K/opt/ros/humble/include/rclcpp/rclcpp/executor_options.hpp:20[m[K,
[56.811s]                  from [01m[K/opt/ros/humble/include/rclcpp/rclcpp/executor.hpp:37[m[K,
[56.811s]                  from [01m[K/opt/ros/humble/include/rclcpp/rclcpp/executors/multi_threaded_executor.hpp:25[m[K,
[56.812s]                  from [01m[K/opt/ros/humble/include/rclcpp/rclcpp/executors.hpp:21[m[K,
[56.812s]                  from [01m[K/opt/ros/humble/include/rclcpp/rclcpp/rclcpp.hpp:155[m[K,
[56.812s]                  from [01m[K/cc_ws/tros_ws/install/include/dnn_node/dnn_node_data.h:23[m[K,
[56.812s]                  from [01m[K/cc_ws/tros_ws/install/include/dnn_node/dnn_node.h:22[m[K,
[56.813s]                  from [01m[K/cc_ws/tros_ws/src/box/hobot_dnn/dnn_node_example/include/dnn_example_node.h:23[m[K,
[56.813s]                  from [01m[K/cc_ws/tros_ws/src/box/hobot_dnn/dnn_node_example/src/dnn_example_node.cpp:15[m[K:
[56.813s] [01m[K/cc_ws/tros_ws/src/box/hobot_dnn/dnn_node_example/src/dnn_example_node.cpp:591:15:[m[K [01;35m[Kwarning: [m[Kformat ‘[01m[K%d[m[K’ expects argument of type ‘[01m[Kint[m[K’, but argument 5 has type ‘[01m[Kstd::vector<hobot::dnn_node::output_parser::Classification>::size_type[m[K’ {aka ‘[01m[Klong unsigned int[m[K’} [[01;35m[K-Wformat=[m[K]
[56.813s]   591 |               [01;35m[K"out cls size: %d"[m[K,
[56.813s]       |               [01;35m[K^~~~~~~~~~~~~~~~~~[m[K
[56.814s]   592 |               [32m[Kdet_result->perception.cls.size()[m[K);
[56.814s]       |               [32m[K~~~~~~~~~~~~~~~~~~~~~~~~~~~~~~~~~[m[K
[56.814s]       |                                              [32m[K|[m[K
[56.814s]       |                                              [32m[Kstd::vector<hobot::dnn_node::output_parser::Classification>::size_type {aka long unsigned int}[m[K
[56.815s] [01m[K/cc_ws/tros_ws/src/box/hobot_dnn/dnn_node_example/src/dnn_example_node.cpp:591:31:[m[K [01;36m[Knote: [m[Kformat string is defined here
[56.815s]   591 |               "out cls size: [01;36m[K%d[m[K",
[56.815s]       |                              [01;36m[K~^[m[K
[56.815s]       |                               [01;36m[K|[m[K
[56.816s]       |                               [01;36m[Kint[m[K
[56.816s]       |                              [32m[K%ld[m[K
[56.816s] In file included from [01m[K/opt/ros/humble/include/rclcpp/rclcpp/logging.hpp:24[m[K,
[56.816s]                  from [01m[K/opt/ros/humble/include/rclcpp/rclcpp/client.hpp:40[m[K,
[56.816s]                  from [01m[K/opt/ros/humble/include/rclcpp/rclcpp/callback_group.hpp:24[m[K,
[56.817s]                  from [01m[K/opt/ros/humble/include/rclcpp/rclcpp/any_executable.hpp:20[m[K,
[56.817s]                  from [01m[K/opt/ros/humble/include/rclcpp/rclcpp/memory_strategy.hpp:25[m[K,
[56.817s]                  from [01m[K/opt/ros/humble/include/rclcpp/rclcpp/memory_strategies.hpp:18[m[K,
[56.817s]                  from [01m[K/opt/ros/humble/include/rclcpp/rclcpp/executor_options.hpp:20[m[K,
[56.817s]                  from [01m[K/opt/ros/humble/include/rclcpp/rclcpp/executor.hpp:37[m[K,
[56.818s]                  from [01m[K/opt/ros/humble/include/rclcpp/rclcpp/executors/multi_threaded_executor.hpp:25[m[K,
[56.818s]                  from [01m[K/opt/ros/humble/include/rclcpp/rclcpp/executors.hpp:21[m[K,
[56.818s]                  from [01m[K/opt/ros/humble/include/rclcpp/rclcpp/rclcpp.hpp:155[m[K,
[56.818s]                  from [01m[K/cc_ws/tros_ws/install/include/dnn_node/dnn_node_data.h:23[m[K,
[56.819s]                  from [01m[K/cc_ws/tros_ws/install/include/dnn_node/dnn_node.h:22[m[K,
[56.819s]                  from [01m[K/cc_ws/tros_ws/src/box/hobot_dnn/dnn_node_example/include/dnn_example_node.h:23[m[K,
[56.819s]                  from [01m[K/cc_ws/tros_ws/src/box/hobot_dnn/dnn_node_example/src/dnn_example_node.cpp:15[m[K:
[56.819s] [01m[K/cc_ws/tros_ws/src/box/hobot_dnn/dnn_node_example/src/dnn_example_node.cpp:626:17:[m[K [01;35m[Kwarning: [m[Kformat ‘[01m[K%d[m[K’ expects argument of type ‘[01m[Kint[m[K’, but argument 5 has type ‘[01m[Kstd::vector<float, std::allocator<float> >::size_type[m[K’ {aka ‘[01m[Klong unsigned int[m[K’} [[01;35m[K-Wformat=[m[K]
[56.819s]   626 |                 [01;35m[K"features size: %d, width: %d, height: %d, num_classes: %d, step: %d"[m[K,
[56.820s]       |                 [01;35m[K^~~~~~~~~~~~~~~~~~~~~~~~~~~~~~~~~~~~~~~~~~~~~~~~~~~~~~~~~~~~~~~~~~~~~[m[K
[56.820s]   627 |                 [32m[Kcapture.features.size()[m[K,
[56.820s]       |                 [32m[K~~~~~~~~~~~~~~~~~~~~~~~[m[K
[56.820s]       |                                      [32m[K|[m[K
[56.821s]       |                                      [32m[Kstd::vector<float, std::allocator<float> >::size_type {aka long unsigned int}[m[K
[56.821s] [01m[K/cc_ws/tros_ws/src/box/hobot_dnn/dnn_node_example/src/dnn_example_node.cpp:626:34:[m[K [01;36m[Knote: [m[Kformat string is defined here
[56.821s]   626 |                 "features size: [01;36m[K%d[m[K, width: %d, height: %d, num_classes: %d, step: %d",
[56.821s]       |                                 [01;36m[K~^[m[K
[56.821s]       |                                  [01;36m[K|[m[K
[56.822s]       |                                  [01;36m[Kint[m[K
[56.822s]       |                                 [32m[K%ld[m[K
[56.822s] [01m[K/cc_ws/tros_ws/src/box/hobot_dnn/dnn_node_example/src/dnn_example_node.cpp:675:33:[m[K [01;35m[Kwarning: [m[Kcomparison of unsigned expression in ‘[01m[K< 0[m[K’ is always false [[01;35m[K-Wtype-limits[m[K]
[56.822s]   675 |           if ([01;35m[Kroi.rect.x_offset < 0[m[K) roi.rect.x_offset = 0;
[56.823s]       |               [01;35m[K~~~~~~~~~~~~~~~~~~^~~[m[K
[56.823s] [01m[K/cc_ws/tros_ws/src/box/hobot_dnn/dnn_node_example/src/dnn_example_node.cpp:676:33:[m[K [01;35m[Kwarning: [m[Kcomparison of unsigned expression in ‘[01m[K< 0[m[K’ is always false [[01;35m[K-Wtype-limits[m[K]
[56.823s]   676 |           if ([01;35m[Kroi.rect.y_offset < 0[m[K) roi.rect.y_offset = 0;
[56.823s]       |               [01;35m[K~~~~~~~~~~~~~~~~~~^~~[m[K
[56.823s] [01m[K/cc_ws/tros_ws/src/box/hobot_dnn/dnn_node_example/src/dnn_example_node.cpp:677:33:[m[K [01;35m[Kwarning: [m[Kcomparison of integer expressions of different signedness: ‘[01m[Ksensor_msgs::msg::RegionOfInterest_<std::allocator<void> >::_x_offset_type[m[K’ {aka ‘[01m[Kunsigned int[m[K’} and ‘[01m[Kint[m[K’ [[01;35m[K-Wsign-compare[m[K]
[56.824s]   677 |           if ([01;35m[Kroi.rect.x_offset >= parser_output->img_w[m[K) roi.rect.x_offset = parser_output->img_w - 1;
[56.824s]       |               [01;35m[K~~~~~~~~~~~~~~~~~~^~~~~~~~~~~~~~~~~~~~~~~[m[K
[56.824s] [01m[K/cc_ws/tros_ws/src/box/hobot_dnn/dnn_node_example/src/dnn_example_node.cpp:678:33:[m[K [01;35m[Kwarning: [m[Kcomparison of integer expressions of different signedness: ‘[01m[Ksensor_msgs::msg::RegionOfInterest_<std::allocator<void> >::_y_offset_type[m[K’ {aka ‘[01m[Kunsigned int[m[K’} and ‘[01m[Kint[m[K’ [[01;35m[K-Wsign-compare[m[K]
[56.824s]   678 |           if ([01;35m[Kroi.rect.y_offset >= parser_output->img_h[m[K) roi.rect.y_offset = parser_output->img_h - 1;
[56.824s]       |               [01;35m[K~~~~~~~~~~~~~~~~~~^~~~~~~~~~~~~~~~~~~~~~~[m[K
[56.825s] [01m[K/cc_ws/tros_ws/src/box/hobot_dnn/dnn_node_example/src/dnn_example_node.cpp:680:50:[m[K [01;35m[Kwarning: [m[Kcomparison of integer expressions of different signedness: ‘[01m[Ksensor_msgs::msg::RegionOfInterest_<std::allocator<void> >::_x_offset_type[m[K’ {aka ‘[01m[Kunsigned int[m[K’} and ‘[01m[Kint[m[K’ [[01;35m[K-Wsign-compare[m[K]
[56.825s]   680 |           if ([01;35m[Kroi.rect.x_offset + roi.rect.width >= parser_output->img_w[m[K) {
[56.826s]       |               [01;35m[K~~~~~~~~~~~~~~~~~~~~~~~~~~~~~~~~~~~^~~~~~~~~~~~~~~~~~~~~~~[m[K
[56.829s] [01m[K/cc_ws/tros_ws/src/box/hobot_dnn/dnn_node_example/src/dnn_example_node.cpp:683:51:[m[K [01;35m[Kwarning: [m[Kcomparison of integer expressions of different signedness: ‘[01m[Ksensor_msgs::msg::RegionOfInterest_<std::allocator<void> >::_y_offset_type[m[K’ {aka ‘[01m[Kunsigned int[m[K’} and ‘[01m[Kint[m[K’ [[01;35m[K-Wsign-compare[m[K]
[56.829s]   683 |           if ([01;35m[Kroi.rect.y_offset + roi.rect.height >= parser_output->img_h[m[K) {
[56.829s]       |               [01;35m[K~~~~~~~~~~~~~~~~~~~~~~~~~~~~~~~~~~~~^~~~~~~~~~~~~~~~~~~~~~~[m[K
[56.880s] [01m[K/cc_ws/tros_ws/src/box/hobot_dnn/dnn_node_example/src/dnn_example_node.cpp:[m[K In member function ‘[01m[Kint DnnExampleNode::FeedFromLocal()[m[K’:
[56.880s] [01m[K/cc_ws/tros_ws/src/box/hobot_dnn/dnn_node_example/src/dnn_example_node.cpp:878:23:[m[K [01;35m[Kwarning: [m[Kcomparison of integer expressions of different signedness: ‘[01m[Kuint32_t[m[K’ {aka ‘[01m[Kunsigned int[m[K’} and ‘[01m[KhbDNNStatus[m[K’ [[01;35m[K-Wsign-compare[m[K]
[56.880s]   878 |   if (ret != 0 && [01;35m[Kret != HB_DNN_TASK_NUM_EXCEED_LIMIT[m[K) {
[56.880s]       |                   [01;35m[K~~~~^~~~~~~~~~~~~~~~~~~~~~~~~~~~~~~[m[K
[56.937s] In file included from [01m[K/opt/ros/humble/include/rclcpp/rclcpp/logging.hpp:24[m[K,
[56.938s]                  from [01m[K/opt/ros/humble/include/rclcpp/rclcpp/client.hpp:40[m[K,
[56.938s]                  from [01m[K/opt/ros/humble/include/rclcpp/rclcpp/callback_group.hpp:24[m[K,
[56.938s]                  from [01m[K/opt/ros/humble/include/rclcpp/rclcpp/any_executable.hpp:20[m[K,
[56.938s]                  from [01m[K/opt/ros/humble/include/rclcpp/rclcpp/memory_strategy.hpp:25[m[K,
[56.939s]                  from [01m[K/opt/ros/humble/include/rclcpp/rclcpp/memory_strategies.hpp:18[m[K,
[56.939s]                  from [01m[K/opt/ros/humble/include/rclcpp/rclcpp/executor_options.hpp:20[m[K,
[56.939s]                  from [01m[K/opt/ros/humble/include/rclcpp/rclcpp/executor.hpp:37[m[K,
[56.940s]                  from [01m[K/opt/ros/humble/include/rclcpp/rclcpp/executors/multi_threaded_executor.hpp:25[m[K,
[56.940s]                  from [01m[K/opt/ros/humble/include/rclcpp/rclcpp/executors.hpp:21[m[K,
[56.940s]                  from [01m[K/opt/ros/humble/include/rclcpp/rclcpp/rclcpp.hpp:155[m[K,
[56.941s]                  from [01m[K/cc_ws/tros_ws/install/include/dnn_node/dnn_node_data.h:23[m[K,
[56.946s]                  from [01m[K/cc_ws/tros_ws/install/include/dnn_node/dnn_node.h:22[m[K,
[56.947s]                  from [01m[K/cc_ws/tros_ws/src/box/hobot_dnn/dnn_node_example/include/dnn_example_node.h:23[m[K,
[56.947s]                  from [01m[K/cc_ws/tros_ws/src/box/hobot_dnn/dnn_node_example/src/dnn_example_node.cpp:15[m[K:
[56.947s] [01m[K/cc_ws/tros_ws/src/box/hobot_dnn/dnn_node_example/src/dnn_example_node.cpp:[m[K In member function ‘[01m[Kvoid DnnExampleNode::RosImgProcess(sensor_msgs::msg::Image_<std::allocator<void> >::ConstSharedPtr)[m[K’:
[56.947s] [01m[K/cc_ws/tros_ws/src/box/hobot_dnn/dnn_node_example/src/dnn_example_node.cpp:935:20:[m[K [01;35m[Kwarning: [m[Kformat ‘[01m[K%d[m[K’ expects argument of type ‘[01m[Kint[m[K’, but argument 5 has type ‘[01m[Klong int[m[K’ [[01;35m[K-Wformat=[m[K]
[56.947s]   935 |                    [01;35m[K"after cvtColorForDisplay cost ms: %d"[m[K,
[56.948s]       |                    [01;35m[K^~~~~~~~~~~~~~~~~~~~~~~~~~~~~~~~~~~~~~[m[K
[56.948s]   936 |                    [32m[Kinterval[m[K);
[56.948s]       |                    [32m[K~~~~~~~~[m[K
[56.948s]       |                    [32m[K|[m[K
[56.948s]       |                    [32m[Klong int[m[K
[56.949s] [01m[K/cc_ws/tros_ws/src/box/hobot_dnn/dnn_node_example/src/dnn_example_node.cpp:935:56:[m[K [01;36m[Knote: [m[Kformat string is defined here
[56.949s]   935 |                    "after cvtColorForDisplay cost ms: [01;36m[K%d[m[K",
[56.950s]       |                                                       [01;36m[K~^[m[K
[56.950s]       |                                                        [01;36m[K|[m[K
[56.950s]       |                                                        [01;36m[Kint[m[K
[56.950s]       |                                                       [32m[K%ld[m[K
[56.955s] In file included from [01m[K/opt/ros/humble/include/rclcpp/rclcpp/logging.hpp:24[m[K,
[56.955s]                  from [01m[K/opt/ros/humble/include/rclcpp/rclcpp/client.hpp:40[m[K,
[56.955s]                  from [01m[K/opt/ros/humble/include/rclcpp/rclcpp/callback_group.hpp:24[m[K,
[56.956s]                  from [01m[K/opt/ros/humble/include/rclcpp/rclcpp/any_executable.hpp:20[m[K,
[56.956s]                  from [01m[K/opt/ros/humble/include/rclcpp/rclcpp/memory_strategy.hpp:25[m[K,
[56.956s]                  from [01m[K/opt/ros/humble/include/rclcpp/rclcpp/memory_strategies.hpp:18[m[K,
[56.957s]                  from [01m[K/opt/ros/humble/include/rclcpp/rclcpp/executor_options.hpp:20[m[K,
[56.957s]                  from [01m[K/opt/ros/humble/include/rclcpp/rclcpp/executor.hpp:37[m[K,
[56.958s]                  from [01m[K/opt/ros/humble/include/rclcpp/rclcpp/executors/multi_threaded_executor.hpp:25[m[K,
[56.958s]                  from [01m[K/opt/ros/humble/include/rclcpp/rclcpp/executors.hpp:21[m[K,
[56.958s]                  from [01m[K/opt/ros/humble/include/rclcpp/rclcpp/rclcpp.hpp:155[m[K,
[56.959s]                  from [01m[K/cc_ws/tros_ws/install/include/dnn_node/dnn_node_data.h:23[m[K,
[56.959s]                  from [01m[K/cc_ws/tros_ws/install/include/dnn_node/dnn_node.h:22[m[K,
[56.960s]                  from [01m[K/cc_ws/tros_ws/src/box/hobot_dnn/dnn_node_example/include/dnn_example_node.h:23[m[K,
[56.960s]                  from [01m[K/cc_ws/tros_ws/src/box/hobot_dnn/dnn_node_example/src/dnn_example_node.cpp:15[m[K:
[56.960s] [01m[K/cc_ws/tros_ws/src/box/hobot_dnn/dnn_node_example/src/dnn_example_node.cpp:959:20:[m[K [01;35m[Kwarning: [m[Kformat ‘[01m[K%d[m[K’ expects argument of type ‘[01m[Kint[m[K’, but argument 5 has type ‘[01m[Klong int[m[K’ [[01;35m[K-Wformat=[m[K]
[56.961s]   959 |                    [01;35m[K"after cvtColorForDisplay cost ms: %d"[m[K,
[56.962s]       |                    [01;35m[K^~~~~~~~~~~~~~~~~~~~~~~~~~~~~~~~~~~~~~[m[K
[56.962s]   960 |                    [32m[Kinterval[m[K);
[56.962s]       |                    [32m[K~~~~~~~~[m[K
[56.963s]       |                    [32m[K|[m[K
[56.963s]       |                    [32m[Klong int[m[K
[56.964s] [01m[K/cc_ws/tros_ws/src/box/hobot_dnn/dnn_node_example/src/dnn_example_node.cpp:959:56:[m[K [01;36m[Knote: [m[Kformat string is defined here
[56.964s]   959 |                    "after cvtColorForDisplay cost ms: [01;36m[K%d[m[K",
[56.965s]       |                                                       [01;36m[K~^[m[K
[56.965s]       |                                                        [01;36m[K|[m[K
[56.966s]       |                                                        [01;36m[Kint[m[K
[56.966s]       |                                                       [32m[K%ld[m[K
[56.983s] In file included from [01m[K/opt/ros/humble/include/rclcpp/rclcpp/logging.hpp:24[m[K,
[56.984s]                  from [01m[K/opt/ros/humble/include/rclcpp/rclcpp/client.hpp:40[m[K,
[56.985s]                  from [01m[K/opt/ros/humble/include/rclcpp/rclcpp/callback_group.hpp:24[m[K,
[56.985s]                  from [01m[K/opt/ros/humble/include/rclcpp/rclcpp/any_executable.hpp:20[m[K,
[56.985s]                  from [01m[K/opt/ros/humble/include/rclcpp/rclcpp/memory_strategy.hpp:25[m[K,
[56.985s]                  from [01m[K/opt/ros/humble/include/rclcpp/rclcpp/memory_strategies.hpp:18[m[K,
[56.986s]                  from [01m[K/opt/ros/humble/include/rclcpp/rclcpp/executor_options.hpp:20[m[K,
[56.986s]                  from [01m[K/opt/ros/humble/include/rclcpp/rclcpp/executor.hpp:37[m[K,
[56.986s]                  from [01m[K/opt/ros/humble/include/rclcpp/rclcpp/executors/multi_threaded_executor.hpp:25[m[K,
[56.986s]                  from [01m[K/opt/ros/humble/include/rclcpp/rclcpp/executors.hpp:21[m[K,
[56.986s]                  from [01m[K/opt/ros/humble/include/rclcpp/rclcpp/rclcpp.hpp:155[m[K,
[56.987s]                  from [01m[K/cc_ws/tros_ws/install/include/dnn_node/dnn_node_data.h:23[m[K,
[56.987s]                  from [01m[K/cc_ws/tros_ws/install/include/dnn_node/dnn_node.h:22[m[K,
[56.987s]                  from [01m[K/cc_ws/tros_ws/src/box/hobot_dnn/dnn_node_example/include/dnn_example_node.h:23[m[K,
[56.987s]                  from [01m[K/cc_ws/tros_ws/src/box/hobot_dnn/dnn_node_example/src/dnn_example_node.cpp:15[m[K:
[56.988s] [01m[K/cc_ws/tros_ws/src/box/hobot_dnn/dnn_node_example/src/dnn_example_node.cpp:1022:18:[m[K [01;35m[Kwarning: [m[Kformat ‘[01m[K%d[m[K’ expects argument of type ‘[01m[Kint[m[K’, but argument 5 has type ‘[01m[Klong int[m[K’ [[01;35m[K-Wformat=[m[K]
[56.988s]  1022 |                  [01;35m[K"after GetNV12Pyramid cost ms: %d"[m[K,
[56.988s]       |                  [01;35m[K^~~~~~~~~~~~~~~~~~~~~~~~~~~~~~~~~~[m[K
[56.988s]  1023 |                  [32m[Kinterval[m[K);
[56.988s]       |                  [32m[K~~~~~~~~[m[K
[56.989s]       |                  [32m[K|[m[K
[56.989s]       |                  [32m[Klong int[m[K
[56.989s] [01m[K/cc_ws/tros_ws/src/box/hobot_dnn/dnn_node_example/src/dnn_example_node.cpp:1022:50:[m[K [01;36m[Knote: [m[Kformat string is defined here
[56.989s]  1022 |                  "after GetNV12Pyramid cost ms: [01;36m[K%d[m[K",
[56.990s]       |                                                 [01;36m[K~^[m[K
[56.990s]       |                                                  [01;36m[K|[m[K
[56.990s]       |                                                  [01;36m[Kint[m[K
[56.990s]       |                                                 [32m[K%ld[m[K
[57.040s] In file included from [01m[K/opt/ros/humble/include/rclcpp/rclcpp/logging.hpp:24[m[K,
[57.041s]                  from [01m[K/opt/ros/humble/include/rclcpp/rclcpp/client.hpp:40[m[K,
[57.044s]                  from [01m[K/opt/ros/humble/include/rclcpp/rclcpp/callback_group.hpp:24[m[K,
[57.045s]                  from [01m[K/opt/ros/humble/include/rclcpp/rclcpp/any_executable.hpp:20[m[K,
[57.045s]                  from [01m[K/opt/ros/humble/include/rclcpp/rclcpp/memory_strategy.hpp:25[m[K,
[57.046s]                  from [01m[K/opt/ros/humble/include/rclcpp/rclcpp/memory_strategies.hpp:18[m[K,
[57.048s]                  from [01m[K/opt/ros/humble/include/rclcpp/rclcpp/executor_options.hpp:20[m[K,
[57.048s]                  from [01m[K/opt/ros/humble/include/rclcpp/rclcpp/executor.hpp:37[m[K,
[57.048s]                  from [01m[K/opt/ros/humble/include/rclcpp/rclcpp/executors/multi_threaded_executor.hpp:25[m[K,
[57.049s]                  from [01m[K/opt/ros/humble/include/rclcpp/rclcpp/executors.hpp:21[m[K,
[57.049s]                  from [01m[K/opt/ros/humble/include/rclcpp/rclcpp/rclcpp.hpp:155[m[K,
[57.050s]                  from [01m[K/cc_ws/tros_ws/install/include/dnn_node/dnn_node_data.h:23[m[K,
[57.050s]                  from [01m[K/cc_ws/tros_ws/install/include/dnn_node/dnn_node.h:22[m[K,
[57.051s]                  from [01m[K/cc_ws/tros_ws/src/box/hobot_dnn/dnn_node_example/include/dnn_example_node.h:23[m[K,
[57.051s]                  from [01m[K/cc_ws/tros_ws/src/box/hobot_dnn/dnn_node_example/src/dnn_example_node.cpp:15[m[K:
[57.051s] [01m[K/cc_ws/tros_ws/src/box/hobot_dnn/dnn_node_example/src/dnn_example_node.cpp:[m[K In member function ‘[01m[Kvoid DnnExampleNode::SharedMemImgProcess(hbm_img_msgs::msg::HbmMsg1080P_<std::allocator<void> >::ConstSharedPtr)[m[K’:
[57.052s] [01m[K/cc_ws/tros_ws/src/box/hobot_dnn/dnn_node_example/src/dnn_example_node.cpp:1160:18:[m[K [01;35m[Kwarning: [m[Kformat ‘[01m[K%d[m[K’ expects argument of type ‘[01m[Kint[m[K’, but argument 5 has type ‘[01m[Klong int[m[K’ [[01;35m[K-Wformat=[m[K]
[57.052s]  1160 |                  [01;35m[K"after GetNV12Pyramid cost ms: %d"[m[K,
[57.053s]       |                  [01;35m[K^~~~~~~~~~~~~~~~~~~~~~~~~~~~~~~~~~[m[K
[57.053s]  1161 |                  [32m[Kinterval[m[K);
[57.053s]       |                  [32m[K~~~~~~~~[m[K
[57.054s]       |                  [32m[K|[m[K
[57.054s]       |                  [32m[Klong int[m[K
[57.055s] [01m[K/cc_ws/tros_ws/src/box/hobot_dnn/dnn_node_example/src/dnn_example_node.cpp:1160:50:[m[K [01;36m[Knote: [m[Kformat string is defined here
[57.055s]  1160 |                  "after GetNV12Pyramid cost ms: [01;36m[K%d[m[K",
[57.055s]       |                                                 [01;36m[K~^[m[K
[57.056s]       |                                                  [01;36m[K|[m[K
[57.056s]       |                                                  [01;36m[Kint[m[K
[57.056s]       |                                                 [32m[K%ld[m[K
[57.069s] In file included from [01m[K/opt/ros/humble/include/rclcpp/rclcpp/logging.hpp:24[m[K,
[57.070s]                  from [01m[K/opt/ros/humble/include/rclcpp/rclcpp/client.hpp:40[m[K,
[57.070s]                  from [01m[K/opt/ros/humble/include/rclcpp/rclcpp/callback_group.hpp:24[m[K,
[57.070s]                  from [01m[K/opt/ros/humble/include/rclcpp/rclcpp/any_executable.hpp:20[m[K,
[57.070s]                  from [01m[K/opt/ros/humble/include/rclcpp/rclcpp/memory_strategy.hpp:25[m[K,
[57.071s]                  from [01m[K/opt/ros/humble/include/rclcpp/rclcpp/memory_strategies.hpp:18[m[K,
[57.071s]                  from [01m[K/opt/ros/humble/include/rclcpp/rclcpp/executor_options.hpp:20[m[K,
[57.071s]                  from [01m[K/opt/ros/humble/include/rclcpp/rclcpp/executor.hpp:37[m[K,
[57.071s]                  from [01m[K/opt/ros/humble/include/rclcpp/rclcpp/executors/multi_threaded_executor.hpp:25[m[K,
[57.072s]                  from [01m[K/opt/ros/humble/include/rclcpp/rclcpp/executors.hpp:21[m[K,
[57.072s]                  from [01m[K/opt/ros/humble/include/rclcpp/rclcpp/rclcpp.hpp:155[m[K,
[57.072s]                  from [01m[K/cc_ws/tros_ws/install/include/dnn_node/dnn_node_data.h:23[m[K,
[57.072s]                  from [01m[K/cc_ws/tros_ws/install/include/dnn_node/dnn_node.h:22[m[K,
[57.072s]                  from [01m[K/cc_ws/tros_ws/src/box/hobot_dnn/dnn_node_example/include/dnn_example_node.h:23[m[K,
[57.083s]                  from [01m[K/cc_ws/tros_ws/src/box/hobot_dnn/dnn_node_example/src/dnn_example_node.cpp:15[m[K:
[57.083s] [01m[K/cc_ws/tros_ws/src/box/hobot_dnn/dnn_node_example/src/dnn_example_node.cpp:1196:29:[m[K [01;35m[Kwarning: [m[Kformat ‘[01m[K%d[m[K’ expects argument of type ‘[01m[Kint[m[K’, but argument 5 has type ‘[01m[Klong int[m[K’ [[01;35m[K-Wformat=[m[K]
[57.084s]  1196 |         this->get_logger(), [01;35m[K"after Predict cost ms: %d"[m[K, [32m[Kinterval[m[K);
[57.084s]       |                             [01;35m[K^~~~~~~~~~~~~~~~~~~~~~~~~~~[m[K  [32m[K~~~~~~~~[m[K
[57.084s]       |                                                          [32m[K|[m[K
[57.084s]       |                                                          [32m[Klong int[m[K
[57.085s] [01m[K/cc_ws/tros_ws/src/box/hobot_dnn/dnn_node_example/src/dnn_example_node.cpp:1196:54:[m[K [01;36m[Knote: [m[Kformat string is defined here
[57.085s]  1196 |         this->get_logger(), "after Predict cost ms: [01;36m[K%d[m[K", interval);
[57.085s]       |                                                     [01;36m[K~^[m[K
[57.085s]       |                                                      [01;36m[K|[m[K
[57.085s]       |                                                      [01;36m[Kint[m[K
[57.086s]       |                                                     [32m[K%ld[m[K
[73.109s] In file included from [01m[K/cc_ws/tros_ws/src/box/hobot_dnn/dnn_node_example/include/dnn_example_node.h:32[m[K,
[73.109s]                  from [01m[K/cc_ws/tros_ws/src/box/hobot_dnn/dnn_node_example/src/dnn_example_node.cpp:15[m[K:
[73.110s] [01m[K/cc_ws/tros_ws/src/box/hobot_dnn/dnn_node_example/include/image_utils.h:[m[K At global scope:
[73.110s] [01m[K/cc_ws/tros_ws/src/box/hobot_dnn/dnn_node_example/include/image_utils.h:38:16:[m[K [01;35m[Kwarning: [m[K‘[01m[Kbgr_putpalette[m[K’ defined but not used [[01;35m[K-Wunused-variable[m[K]
[73.110s]    38 | static uint8_t [01;35m[Kbgr_putpalette[m[K[] = {
[73.110s]       |                [01;35m[K^~~~~~~~~~~~~~[m[K
[98.697s] [ 33%] [32mBuilding CXX object CMakeFiles/dnn_node_example_component.dir/src/post_process/post_process_unet.cpp.o[0m
[116.144s] In file included from [01m[K/cc_ws/tros_ws/src/box/hobot_dnn/dnn_node_example/include/dnn_example_node.h:32[m[K,
[116.144s]                  from [01m[K/cc_ws/tros_ws/src/box/hobot_dnn/dnn_node_example/src/post_process/post_process_unet.cpp:27[m[K:
[116.144s] [01m[K/cc_ws/tros_ws/src/box/hobot_dnn/dnn_node_example/include/image_utils.h:38:16:[m[K [01;35m[Kwarning: [m[K‘[01m[Kbgr_putpalette[m[K’ defined but not used [[01;35m[K-Wunused-variable[m[K]
[116.144s]    38 | static uint8_t [01;35m[Kbgr_putpalette[m[K[] = {
[116.145s]       |                [01;35m[K^~~~~~~~~~~~~~[m[K
[116.752s] [ 50%] [32mBuilding CXX object CMakeFiles/dnn_node_example_component.dir/src/image_utils.cpp.o[0m
[132.097s] In file included from [01m[K/opt/ros/humble/include/rclcpp/rclcpp/logging.hpp:24[m[K,
[132.098s]                  from [01m[K/opt/ros/humble/include/rclcpp/rclcpp/client.hpp:40[m[K,
[132.098s]                  from [01m[K/opt/ros/humble/include/rclcpp/rclcpp/callback_group.hpp:24[m[K,
[132.098s]                  from [01m[K/opt/ros/humble/include/rclcpp/rclcpp/any_executable.hpp:20[m[K,
[132.098s]                  from [01m[K/opt/ros/humble/include/rclcpp/rclcpp/memory_strategy.hpp:25[m[K,
[132.098s]                  from [01m[K/opt/ros/humble/include/rclcpp/rclcpp/memory_strategies.hpp:18[m[K,
[132.099s]                  from [01m[K/opt/ros/humble/include/rclcpp/rclcpp/executor_options.hpp:20[m[K,
[132.099s]                  from [01m[K/opt/ros/humble/include/rclcpp/rclcpp/executor.hpp:37[m[K,
[132.099s]                  from [01m[K/opt/ros/humble/include/rclcpp/rclcpp/executors/multi_threaded_executor.hpp:25[m[K,
[132.099s]                  from [01m[K/opt/ros/humble/include/rclcpp/rclcpp/executors.hpp:21[m[K,
[132.100s]                  from [01m[K/opt/ros/humble/include/rclcpp/rclcpp/rclcpp.hpp:155[m[K,
[132.100s]                  from [01m[K/cc_ws/tros_ws/install/include/dnn_node/dnn_node_data.h:23[m[K,
[132.100s]                  from [01m[K/cc_ws/tros_ws/src/box/hobot_dnn/dnn_node_example/include/image_utils.h:23[m[K,
[132.100s]                  from [01m[K/cc_ws/tros_ws/src/box/hobot_dnn/dnn_node_example/src/image_utils.cpp:15[m[K:
[132.100s] [01m[K/cc_ws/tros_ws/src/box/hobot_dnn/dnn_node_example/src/image_utils.cpp:[m[K In static member function ‘[01m[Kstatic int ImageUtils::Render(const std::shared_ptr<hobot::easy_dnn::NV12PyramidInput>&, const UniquePtr&, int, int)[m[K’:
[132.101s] [01m[K/cc_ws/tros_ws/src/box/hobot_dnn/dnn_node_example/src/image_utils.cpp:48:15:[m[K [01;35m[Kwarning: [m[Kformat ‘[01m[K%d[m[K’ expects argument of type ‘[01m[Kint[m[K’, but argument 5 has type ‘[01m[Kstd::vector<ai_msgs::msg::Target_<std::allocator<void> >, std::allocator<ai_msgs::msg::Target_<std::allocator<void> > > >::size_type[m[K’ {aka ‘[01m[Klong unsigned int[m[K’} [[01;35m[K-Wformat=[m[K]
[132.101s]    48 |               [01;35m[K"target size: %d"[m[K,
[132.101s]       |               [01;35m[K^~~~~~~~~~~~~~~~~[m[K
[132.101s]    49 |               [32m[Kai_msg->targets.size()[m[K);
[132.101s]       |               [32m[K~~~~~~~~~~~~~~~~~~~~~~[m[K
[132.102s]       |                                   [32m[K|[m[K
[132.102s]       |                                   [32m[Kstd::vector<ai_msgs::msg::Target_<std::allocator<void> >, std::allocator<ai_msgs::msg::Target_<std::allocator<void> > > >::size_type {aka long unsigned int}[m[K
[132.102s] [01m[K/cc_ws/tros_ws/src/box/hobot_dnn/dnn_node_example/src/image_utils.cpp:48:30:[m[K [01;36m[Knote: [m[Kformat string is defined here
[132.102s]    48 |               "target size: [01;36m[K%d[m[K",
[132.102s]       |                             [01;36m[K~^[m[K
[132.103s]       |                              [01;36m[K|[m[K
[132.103s]       |                              [01;36m[Kint[m[K
[132.103s]       |                             [32m[K%ld[m[K
[132.103s] In file included from [01m[K/opt/ros/humble/include/rclcpp/rclcpp/logging.hpp:24[m[K,
[132.103s]                  from [01m[K/opt/ros/humble/include/rclcpp/rclcpp/client.hpp:40[m[K,
[132.103s]                  from [01m[K/opt/ros/humble/include/rclcpp/rclcpp/callback_group.hpp:24[m[K,
[132.104s]                  from [01m[K/opt/ros/humble/include/rclcpp/rclcpp/any_executable.hpp:20[m[K,
[132.104s]                  from [01m[K/opt/ros/humble/include/rclcpp/rclcpp/memory_strategy.hpp:25[m[K,
[132.104s]                  from [01m[K/opt/ros/humble/include/rclcpp/rclcpp/memory_strategies.hpp:18[m[K,
[132.104s]                  from [01m[K/opt/ros/humble/include/rclcpp/rclcpp/executor_options.hpp:20[m[K,
[132.104s]                  from [01m[K/opt/ros/humble/include/rclcpp/rclcpp/executor.hpp:37[m[K,
[132.104s]                  from [01m[K/opt/ros/humble/include/rclcpp/rclcpp/executors/multi_threaded_executor.hpp:25[m[K,
[132.105s]                  from [01m[K/opt/ros/humble/include/rclcpp/rclcpp/executors.hpp:21[m[K,
[132.105s]                  from [01m[K/opt/ros/humble/include/rclcpp/rclcpp/rclcpp.hpp:155[m[K,
[132.105s]                  from [01m[K/cc_ws/tros_ws/install/include/dnn_node/dnn_node_data.h:23[m[K,
[132.105s]                  from [01m[K/cc_ws/tros_ws/src/box/hobot_dnn/dnn_node_example/include/image_utils.h:23[m[K,
[132.105s]                  from [01m[K/cc_ws/tros_ws/src/box/hobot_dnn/dnn_node_example/src/image_utils.cpp:15[m[K:
[132.105s] [01m[K/cc_ws/tros_ws/src/box/hobot_dnn/dnn_node_example/src/image_utils.cpp:53:17:[m[K [01;35m[Kwarning: [m[Kformat ‘[01m[K%d[m[K’ expects argument of type ‘[01m[Kint[m[K’, but argument 6 has type ‘[01m[Kstd::vector<ai_msgs::msg::Roi_<std::allocator<void> >, std::allocator<ai_msgs::msg::Roi_<std::allocator<void> > > >::size_type[m[K’ {aka ‘[01m[Klong unsigned int[m[K’} [[01;35m[K-Wformat=[m[K]
[132.106s]    53 |                 [01;35m[K"target type: %s, rois.size: %d"[m[K,
[132.106s]       |                 [01;35m[K^~~~~~~~~~~~~~~~~~~~~~~~~~~~~~~~[m[K
[132.106s]    54 |                 target.type.c_str(),
[132.106s]    55 |                 [32m[Ktarget.rois.size()[m[K);
[132.106s]       |                 [32m[K~~~~~~~~~~~~~~~~~~[m[K
[132.106s]       |                                 [32m[K|[m[K
[132.107s]       |                                 [32m[Kstd::vector<ai_msgs::msg::Roi_<std::allocator<void> >, std::allocator<ai_msgs::msg::Roi_<std::allocator<void> > > >::size_type {aka long unsigned int}[m[K
[132.107s] [01m[K/cc_ws/tros_ws/src/box/hobot_dnn/dnn_node_example/src/image_utils.cpp:53:47:[m[K [01;36m[Knote: [m[Kformat string is defined here
[132.107s]    53 |                 "target type: %s, rois.size: [01;36m[K%d[m[K",
[132.107s]       |                                              [01;36m[K~^[m[K
[132.107s]       |                                               [01;36m[K|[m[K
[132.107s]       |                                               [01;36m[Kint[m[K
[132.108s]       |                                              [32m[K%ld[m[K
[136.272s] [ 66%] [32m[1mLinking CXX shared library libdnn_node_example_component.so[0m
[140.127s] [ 66%] Built target dnn_node_example_component
[140.267s] [ 83%] [32mBuilding CXX object CMakeFiles/example.dir/rclcpp_components/node_main_example.cpp.o[0m
[157.104s] [100%] [32m[1mLinking CXX executable example[0m
[157.611s] [100%] Built target example
[157.748s] Invoked command in '/cc_ws/tros_ws/build/dnn_node_example' returned '0': AMENT_PREFIX_PATH=/cc_ws/tros_ws/install:${AMENT_PREFIX_PATH} CMAKE_PREFIX_PATH=/cc_ws/tros_ws/install:/opt/ros/humble LD_LIBRARY_PATH=/cc_ws/tros_ws/install/lib:/opt/ros/humble/opt/rviz_ogre_vendor/lib:/opt/ros/humble/lib/aarch64-linux-gnu:/opt/ros/humble/lib:/cc_ws/userdata/hobot/opt/hobot/deps PYTHONPATH=/cc_ws/tros_ws/install/lib/python3.10/site-packages:/cc_ws/tros_ws/install/local/lib/python3.10/dist-packages:${PYTHONPATH} /usr/bin/cmake --build /cc_ws/tros_ws/build/dnn_node_example -- -j12 -l12
[158.370s] Invoking command in '/cc_ws/tros_ws/build/dnn_node_example': AMENT_PREFIX_PATH=/cc_ws/tros_ws/install:${AMENT_PREFIX_PATH} CMAKE_PREFIX_PATH=/cc_ws/tros_ws/install:/opt/ros/humble LD_LIBRARY_PATH=/cc_ws/tros_ws/install/lib:/opt/ros/humble/opt/rviz_ogre_vendor/lib:/opt/ros/humble/lib/aarch64-linux-gnu:/opt/ros/humble/lib:/cc_ws/userdata/hobot/opt/hobot/deps PYTHONPATH=/cc_ws/tros_ws/install/lib/python3.10/site-packages:/cc_ws/tros_ws/install/local/lib/python3.10/dist-packages:${PYTHONPATH} /usr/bin/cmake --install /cc_ws/tros_ws/build/dnn_node_example
[158.439s] -- Install configuration: ""
[158.439s] -- Installing: /cc_ws/tros_ws/install/lib/dnn_node_example/example
[158.446s] -- Set runtime path of "/cc_ws/tros_ws/install/lib/dnn_node_example/example" to ""
[158.447s] -- Installing: /cc_ws/tros_ws/install/lib/libdnn_node_example_component.so
[158.569s] -- Set runtime path of "/cc_ws/tros_ws/install/lib/libdnn_node_example_component.so" to ""
[158.569s] -- Installing: /cc_ws/tros_ws/install/share/dnn_node_example/launch
[158.570s] -- Installing: /cc_ws/tros_ws/install/share/dnn_node_example/launch/dnn_node_example_feedback.launch.py
[158.667s] -- Installing: /cc_ws/tros_ws/install/share/dnn_node_example/launch/dnn_node_example_feedback_h264.launch.py
[158.674s] -- Installing: /cc_ws/tros_ws/install/share/dnn_node_example/launch/dnn_node_example_mipi_component.launch.py
[158.675s] -- Installing: /cc_ws/tros_ws/install/share/dnn_node_example/launch/dnn_node_example.launch.py
[158.675s] -- Installing: /cc_ws/tros_ws/install/lib/dnn_node_example/config/
[158.675s] -- Installing: /cc_ws/tros_ws/install/lib/dnn_node_example/config//fcosworkconfig.json
[158.676s] -- Installing: /cc_ws/tros_ws/install/lib/dnn_node_example/config//mobilenet_ssd_workconfig.json
[158.676s] -- Installing: /cc_ws/tros_ws/install/lib/dnn_node_example/config//yolov10workconfig.json
[158.676s] -- Installing: /cc_ws/tros_ws/install/lib/dnn_node_example/config//efficientnet_lite0_workconfig.json
[158.676s] -- Installing: /cc_ws/tros_ws/install/lib/dnn_node_example/config//mobilenetv2workconfig.json
[158.676s] -- Installing: /cc_ws/tros_ws/install/lib/dnn_node_example/config//yolov11workconfig.json
[158.677s] -- Installing: /cc_ws/tros_ws/install/lib/dnn_node_example/config//yolov2workconfig.json
[158.677s] -- Installing: /cc_ws/tros_ws/install/lib/dnn_node_example/config//stdc_workconfig.json
[158.677s] -- Installing: /cc_ws/tros_ws/install/lib/dnn_node_example/config//yolov8workconfig.json
[158.677s] -- Installing: /cc_ws/tros_ws/install/lib/dnn_node_example/config//yolov5workconfig.json
[158.678s] -- Installing: /cc_ws/tros_ws/install/lib/dnn_node_example/config//fcosb3workconfig.json
[158.678s] -- Installing: /cc_ws/tros_ws/install/lib/dnn_node_example/config//yolov8segworkconfig.json
[158.681s] -- Installing: /cc_ws/tros_ws/install/lib/dnn_node_example/config//yolov3workconfig.json
[158.681s] -- Installing: /cc_ws/tros_ws/install/lib/dnn_node_example/config//mobilenet_unet_workconfig.json
[158.681s] -- Installing: /cc_ws/tros_ws/install/lib/dnn_node_example/config//yolov12workconfig.json
[158.682s] -- Up-to-date: /cc_ws/tros_ws/install/lib/dnn_node_example/config/
[158.682s] -- Installing: /cc_ws/tros_ws/install/lib/dnn_node_example/config//coco.list
[158.707s] -- Installing: /cc_ws/tros_ws/install/lib/dnn_node_example/config//960_544.nv12
[158.737s] -- Installing: /cc_ws/tros_ws/install/lib/dnn_node_example/config//test.jpg
[158.757s] -- Installing: /cc_ws/tros_ws/install/lib/dnn_node_example/config//raw_unet.jpg
[158.777s] -- Installing: /cc_ws/tros_ws/install/lib/dnn_node_example/config//target.jpg
[158.791s] -- Installing: /cc_ws/tros_ws/install/lib/dnn_node_example/config//imagenet.list
[158.791s] -- Installing: /cc_ws/tros_ws/install/lib/dnn_node_example/config//target_class.jpg
[158.795s] -- Installing: /cc_ws/tros_ws/install/share/ament_index/resource_index/package_run_dependencies/dnn_node_example
[158.810s] -- Installing: /cc_ws/tros_ws/install/share/ament_index/resource_index/parent_prefix_path/dnn_node_example
[158.810s] -- Installing: /cc_ws/tros_ws/install/share/dnn_node_example/environment/ament_prefix_path.sh
[158.810s] -- Installing: /cc_ws/tros_ws/install/share/dnn_node_example/environment/ament_prefix_path.dsv
[158.810s] -- Installing: /cc_ws/tros_ws/install/share/dnn_node_example/environment/path.sh
[158.811s] -- Installing: /cc_ws/tros_ws/install/share/dnn_node_example/environment/path.dsv
[158.825s] -- Installing: /cc_ws/tros_ws/install/share/dnn_node_example/local_setup.bash
[158.825s] -- Installing: /cc_ws/tros_ws/install/share/dnn_node_example/local_setup.sh
[158.847s] -- Installing: /cc_ws/tros_ws/install/share/dnn_node_example/local_setup.zsh
[158.847s] -- Installing: /cc_ws/tros_ws/install/share/dnn_node_example/local_setup.dsv
[158.847s] -- Installing: /cc_ws/tros_ws/install/share/dnn_node_example/package.dsv
[158.847s] -- Installing: /cc_ws/tros_ws/install/share/ament_index/resource_index/packages/dnn_node_example
[158.848s] -- Installing: /cc_ws/tros_ws/install/share/ament_index/resource_index/rclcpp_components/dnn_node_example
[158.866s] -- Installing: /cc_ws/tros_ws/install/share/dnn_node_example/cmake/dnn_node_exampleConfig.cmake
[158.867s] -- Installing: /cc_ws/tros_ws/install/share/dnn_node_example/cmake/dnn_node_exampleConfig-version.cmake
[158.867s] -- Installing: /cc_ws/tros_ws/install/share/dnn_node_example/package.xml
[159.229s] Invoked command in '/cc_ws/tros_ws/build/dnn_node_example' returned '0': AMENT_PREFIX_PATH=/cc_ws/tros_ws/install:${AMENT_PREFIX_PATH} CMAKE_PREFIX_PATH=/cc_ws/tros_ws/install:/opt/ros/humble LD_LIBRARY_PATH=/cc_ws/tros_ws/install/lib:/opt/ros/humble/opt/rviz_ogre_vendor/lib:/opt/ros/humble/lib/aarch64-linux-gnu:/opt/ros/humble/lib:/cc_ws/userdata/hobot/opt/hobot/deps PYTHONPATH=/cc_ws/tros_ws/install/lib/python3.10/site-packages:/cc_ws/tros_ws/install/local/lib/python3.10/dist-packages:${PYTHONPATH} /usr/bin/cmake --install /cc_ws/tros_ws/build/dnn_node_example
