[0.543s] Invoking command in '/cc_ws/tros_ws/build/dnn_node_example': AMENT_PREFIX_PATH=/cc_ws/tros_ws/install:${AMENT_PREFIX_PATH} CMAKE_PREFIX_PATH=/cc_ws/tros_ws/install:/opt/ros/humble LD_LIBRARY_PATH=/cc_ws/tros_ws/install/lib:/opt/ros/humble/opt/rviz_ogre_vendor/lib:/opt/ros/humble/lib/aarch64-linux-gnu:/opt/ros/humble/lib:/cc_ws/userdata/hobot/opt/hobot/deps PYTHONPATH=/cc_ws/tros_ws/install/lib/python3.10/site-packages:/cc_ws/tros_ws/install/local/lib/python3.10/dist-packages:${PYTHONPATH} /usr/bin/cmake /cc_ws/tros_ws/src/box/hobot_dnn/dnn_node_example -DCMAKE_EXPORT_COMPILE_COMMANDS=ON --no-warn-unused-cli -DCMAKE_TOOLCHAIN_FILE=/cc_ws/tros_ws/robot_dev_config/aarch64_toolchainfile.cmake -DPLATFORM_X5=ON -DTHIRDPARTY=ON -DBUILD_TESTING=OFF -DCMAKE_BUILD_RPATH=/cc_ws/tros_ws/build/poco_vendor/poco_external_project_install/lib/;/cc_ws/tros_ws/build/libyaml_vendor/libyaml_install/lib/ -DCMAKE_INSTALL_PREFIX=/cc_ws/tros_ws/install
[0.642s] Not searching for unused variables given on the command line.
[0.642s] -- Found ament_cmake: 1.3.8 (/opt/ros/humble/share/ament_cmake/cmake)
[1.142s] [33mCMake Warning (dev) at /opt/ros/humble/share/ament_cmake_test/cmake/ament_cmake_test-extras.cmake:19 (option):
[1.142s]   Policy CMP0077 is not set: option() honors normal variables.  Run "cmake
[1.143s]   --help-policy CMP0077" for policy details.  Use the cmake_policy command to
[1.143s]   set the policy and suppress this warning.
[1.143s] 
[1.143s]   For compatibility with older versions of CMake, option is clearing the
[1.143s]   normal variable 'BUILD_TESTING'.
[1.143s] Call Stack (most recent call first):
[1.143s]   /opt/ros/humble/share/ament_cmake_test/cmake/ament_cmake_testConfig.cmake:41 (include)
[1.143s]   /opt/ros/humble/share/ament_cmake/cmake/ament_cmake_export_dependencies-extras.cmake:21 (find_package)
[1.144s]   /opt/ros/humble/share/ament_cmake/cmake/ament_cmakeConfig.cmake:41 (include)
[1.151s]   CMakeLists.txt:33 (find_package)
[1.151s] This warning is for project developers.  Use -Wno-dev to suppress it.
[1.151s] [0m
[1.152s] -- Found rclcpp: 16.0.8 (/opt/ros/humble/share/rclcpp/cmake)
[1.363s] -- Found rosidl_generator_c: 3.1.5 (/opt/ros/humble/share/rosidl_generator_c/cmake)
[1.381s] -- Found rosidl_adapter: 3.1.5 (/opt/ros/humble/share/rosidl_adapter/cmake)
[1.436s] -- Found rosidl_generator_cpp: 3.1.5 (/opt/ros/humble/share/rosidl_generator_cpp/cmake)
[1.573s] -- Using all available rosidl_typesupport_c: rosidl_typesupport_fastrtps_c;rosidl_typesupport_introspection_c
[1.800s] -- Using all available rosidl_typesupport_cpp: rosidl_typesupport_fastrtps_cpp;rosidl_typesupport_introspection_cpp
[2.255s] -- Found rmw_implementation_cmake: 6.1.1 (/opt/ros/humble/share/rmw_implementation_cmake/cmake)
[2.258s] -- Found rmw_fastrtps_cpp: 6.2.6 (/opt/ros/humble/share/rmw_fastrtps_cpp/cmake)
[3.207s] -- Using RMW implementation 'rmw_fastrtps_cpp' as default
[4.149s] -- Found sensor_msgs: 4.2.3 (/opt/ros/humble/share/sensor_msgs/cmake)
[5.143s] -- Found ai_msgs: 2.0.1 (/cc_ws/tros_ws/robot_dev_config/../install/share/ai_msgs/cmake)
[6.019s] -- Found dnn_node: 2.5.4 (/cc_ws/tros_ws/robot_dev_config/../install/share/dnn_node/cmake)
[6.026s] -- Found hobot_cv: 2.3.2 (/cc_ws/tros_ws/robot_dev_config/../install/share/hobot_cv/cmake)
[6.028s] -- Found cv_bridge: 3.2.1 (/opt/ros/humble/share/cv_bridge/cmake)
[6.100s] -- Found rclcpp_components: 16.0.8 (/opt/ros/humble/share/rclcpp_components/cmake)
[6.733s] [0musing shared mem[0m
[6.738s] -- Found hbm_img_msgs: 2.0.0 (/cc_ws/tros_ws/robot_dev_config/../install/share/hbm_img_msgs/cmake)
[7.037s] [0mbuild platform X5[0m
[7.037s] [0mPREFIX_PATH is x5[0m
[7.037s] [0mSYS_ROOT is /cc_ws/tros_ws/robot_dev_config/../../sysroot_docker[0m
[7.722s] -- Configuring done
[8.004s] -- Generating done
[8.012s] -- Build files have been written to: /cc_ws/tros_ws/build/dnn_node_example
[8.136s] Invoked command in '/cc_ws/tros_ws/build/dnn_node_example' returned '0': AMENT_PREFIX_PATH=/cc_ws/tros_ws/install:${AMENT_PREFIX_PATH} CMAKE_PREFIX_PATH=/cc_ws/tros_ws/install:/opt/ros/humble LD_LIBRARY_PATH=/cc_ws/tros_ws/install/lib:/opt/ros/humble/opt/rviz_ogre_vendor/lib:/opt/ros/humble/lib/aarch64-linux-gnu:/opt/ros/humble/lib:/cc_ws/userdata/hobot/opt/hobot/deps PYTHONPATH=/cc_ws/tros_ws/install/lib/python3.10/site-packages:/cc_ws/tros_ws/install/local/lib/python3.10/dist-packages:${PYTHONPATH} /usr/bin/cmake /cc_ws/tros_ws/src/box/hobot_dnn/dnn_node_example -DCMAKE_EXPORT_COMPILE_COMMANDS=ON --no-warn-unused-cli -DCMAKE_TOOLCHAIN_FILE=/cc_ws/tros_ws/robot_dev_config/aarch64_toolchainfile.cmake -DPLATFORM_X5=ON -DTHIRDPARTY=ON -DBUILD_TESTING=OFF -DCMAKE_BUILD_RPATH=/cc_ws/tros_ws/build/poco_vendor/poco_external_project_install/lib/;/cc_ws/tros_ws/build/libyaml_vendor/libyaml_install/lib/ -DCMAKE_INSTALL_PREFIX=/cc_ws/tros_ws/install
[8.137s] Invoking command in '/cc_ws/tros_ws/build/dnn_node_example': AMENT_PREFIX_PATH=/cc_ws/tros_ws/install:${AMENT_PREFIX_PATH} CMAKE_PREFIX_PATH=/cc_ws/tros_ws/install:/opt/ros/humble LD_LIBRARY_PATH=/cc_ws/tros_ws/install/lib:/opt/ros/humble/opt/rviz_ogre_vendor/lib:/opt/ros/humble/lib/aarch64-linux-gnu:/opt/ros/humble/lib:/cc_ws/userdata/hobot/opt/hobot/deps PYTHONPATH=/cc_ws/tros_ws/install/lib/python3.10/site-packages:/cc_ws/tros_ws/install/local/lib/python3.10/dist-packages:${PYTHONPATH} /usr/bin/cmake --build /cc_ws/tros_ws/build/dnn_node_example -- -j12 -l12
[11.373s] [35m[1mConsolidate compiler generated dependencies of target example[0m
[11.373s] [ 33%] Built target example
[11.373s] [35m[1mConsolidate compiler generated dependencies of target dnn_node_example_component[0m
[11.374s] [100%] Built target dnn_node_example_component
[11.424s] Invoked command in '/cc_ws/tros_ws/build/dnn_node_example' returned '0': AMENT_PREFIX_PATH=/cc_ws/tros_ws/install:${AMENT_PREFIX_PATH} CMAKE_PREFIX_PATH=/cc_ws/tros_ws/install:/opt/ros/humble LD_LIBRARY_PATH=/cc_ws/tros_ws/install/lib:/opt/ros/humble/opt/rviz_ogre_vendor/lib:/opt/ros/humble/lib/aarch64-linux-gnu:/opt/ros/humble/lib:/cc_ws/userdata/hobot/opt/hobot/deps PYTHONPATH=/cc_ws/tros_ws/install/lib/python3.10/site-packages:/cc_ws/tros_ws/install/local/lib/python3.10/dist-packages:${PYTHONPATH} /usr/bin/cmake --build /cc_ws/tros_ws/build/dnn_node_example -- -j12 -l12
[12.078s] Invoking command in '/cc_ws/tros_ws/build/dnn_node_example': AMENT_PREFIX_PATH=/cc_ws/tros_ws/install:${AMENT_PREFIX_PATH} CMAKE_PREFIX_PATH=/cc_ws/tros_ws/install:/opt/ros/humble LD_LIBRARY_PATH=/cc_ws/tros_ws/install/lib:/opt/ros/humble/opt/rviz_ogre_vendor/lib:/opt/ros/humble/lib/aarch64-linux-gnu:/opt/ros/humble/lib:/cc_ws/userdata/hobot/opt/hobot/deps PYTHONPATH=/cc_ws/tros_ws/install/lib/python3.10/site-packages:/cc_ws/tros_ws/install/local/lib/python3.10/dist-packages:${PYTHONPATH} /usr/bin/cmake --install /cc_ws/tros_ws/build/dnn_node_example
[12.158s] -- Install configuration: ""
[12.177s] -- Up-to-date: /cc_ws/tros_ws/install/lib/dnn_node_example/example
[12.181s] -- Up-to-date: /cc_ws/tros_ws/install/lib/libdnn_node_example_component.so
[12.181s] -- Up-to-date: /cc_ws/tros_ws/install/share/dnn_node_example/launch
[12.181s] -- Up-to-date: /cc_ws/tros_ws/install/share/dnn_node_example/launch/dnn_node_example_feedback.launch.py
[12.181s] -- Up-to-date: /cc_ws/tros_ws/install/share/dnn_node_example/launch/dnn_node_example_feedback_h264.launch.py
[12.181s] -- Up-to-date: /cc_ws/tros_ws/install/share/dnn_node_example/launch/dnn_node_example_mipi_component.launch.py
[12.181s] -- Up-to-date: /cc_ws/tros_ws/install/share/dnn_node_example/launch/dnn_node_example.launch.py
[12.181s] -- Up-to-date: /cc_ws/tros_ws/install/lib/dnn_node_example/config/
[12.182s] -- Up-to-date: /cc_ws/tros_ws/install/lib/dnn_node_example/config//fcosworkconfig.json
[12.182s] -- Up-to-date: /cc_ws/tros_ws/install/lib/dnn_node_example/config//mobilenet_ssd_workconfig.json
[12.182s] -- Up-to-date: /cc_ws/tros_ws/install/lib/dnn_node_example/config//yolov10workconfig.json
[12.182s] -- Up-to-date: /cc_ws/tros_ws/install/lib/dnn_node_example/config//efficientnet_lite0_workconfig.json
[12.182s] -- Up-to-date: /cc_ws/tros_ws/install/lib/dnn_node_example/config//mobilenetv2workconfig.json
[12.182s] -- Up-to-date: /cc_ws/tros_ws/install/lib/dnn_node_example/config//yolov11workconfig.json
[12.182s] -- Up-to-date: /cc_ws/tros_ws/install/lib/dnn_node_example/config//yolov2workconfig.json
[12.182s] -- Up-to-date: /cc_ws/tros_ws/install/lib/dnn_node_example/config//stdc_workconfig.json
[12.183s] -- Up-to-date: /cc_ws/tros_ws/install/lib/dnn_node_example/config//yolov8workconfig.json
[12.183s] -- Up-to-date: /cc_ws/tros_ws/install/lib/dnn_node_example/config//yolov5workconfig.json
[12.188s] -- Up-to-date: /cc_ws/tros_ws/install/lib/dnn_node_example/config//fcosb3workconfig.json
[12.191s] -- Up-to-date: /cc_ws/tros_ws/install/lib/dnn_node_example/config//yolov8segworkconfig.json
[12.191s] -- Up-to-date: /cc_ws/tros_ws/install/lib/dnn_node_example/config//yolov3workconfig.json
[12.210s] -- Up-to-date: /cc_ws/tros_ws/install/lib/dnn_node_example/config//mobilenet_unet_workconfig.json
[12.210s] -- Up-to-date: /cc_ws/tros_ws/install/lib/dnn_node_example/config//yolov12workconfig.json
[12.210s] -- Up-to-date: /cc_ws/tros_ws/install/lib/dnn_node_example/config/
[12.210s] -- Up-to-date: /cc_ws/tros_ws/install/lib/dnn_node_example/config//coco.list
[12.210s] -- Up-to-date: /cc_ws/tros_ws/install/lib/dnn_node_example/config//960_544.nv12
[12.211s] -- Up-to-date: /cc_ws/tros_ws/install/lib/dnn_node_example/config//test.jpg
[12.211s] -- Up-to-date: /cc_ws/tros_ws/install/lib/dnn_node_example/config//raw_unet.jpg
[12.211s] -- Up-to-date: /cc_ws/tros_ws/install/lib/dnn_node_example/config//target.jpg
[12.211s] -- Up-to-date: /cc_ws/tros_ws/install/lib/dnn_node_example/config//imagenet.list
[12.211s] -- Up-to-date: /cc_ws/tros_ws/install/lib/dnn_node_example/config//target_class.jpg
[12.211s] -- Up-to-date: /cc_ws/tros_ws/install/share/ament_index/resource_index/package_run_dependencies/dnn_node_example
[12.222s] -- Up-to-date: /cc_ws/tros_ws/install/share/ament_index/resource_index/parent_prefix_path/dnn_node_example
[12.222s] -- Up-to-date: /cc_ws/tros_ws/install/share/dnn_node_example/environment/ament_prefix_path.sh
[12.222s] -- Installing: /cc_ws/tros_ws/install/share/dnn_node_example/environment/ament_prefix_path.dsv
[12.231s] -- Up-to-date: /cc_ws/tros_ws/install/share/dnn_node_example/environment/path.sh
[12.234s] -- Installing: /cc_ws/tros_ws/install/share/dnn_node_example/environment/path.dsv
[12.234s] -- Up-to-date: /cc_ws/tros_ws/install/share/dnn_node_example/local_setup.bash
[12.234s] -- Up-to-date: /cc_ws/tros_ws/install/share/dnn_node_example/local_setup.sh
[12.235s] -- Up-to-date: /cc_ws/tros_ws/install/share/dnn_node_example/local_setup.zsh
[12.235s] -- Installing: /cc_ws/tros_ws/install/share/dnn_node_example/local_setup.dsv
[12.235s] -- Installing: /cc_ws/tros_ws/install/share/dnn_node_example/package.dsv
[12.235s] -- Up-to-date: /cc_ws/tros_ws/install/share/ament_index/resource_index/packages/dnn_node_example
[12.235s] -- Up-to-date: /cc_ws/tros_ws/install/share/ament_index/resource_index/rclcpp_components/dnn_node_example
[12.235s] -- Up-to-date: /cc_ws/tros_ws/install/share/dnn_node_example/cmake/dnn_node_exampleConfig.cmake
[12.235s] -- Up-to-date: /cc_ws/tros_ws/install/share/dnn_node_example/cmake/dnn_node_exampleConfig-version.cmake
[12.235s] -- Up-to-date: /cc_ws/tros_ws/install/share/dnn_node_example/package.xml
[12.353s] Invoked command in '/cc_ws/tros_ws/build/dnn_node_example' returned '0': AMENT_PREFIX_PATH=/cc_ws/tros_ws/install:${AMENT_PREFIX_PATH} CMAKE_PREFIX_PATH=/cc_ws/tros_ws/install:/opt/ros/humble LD_LIBRARY_PATH=/cc_ws/tros_ws/install/lib:/opt/ros/humble/opt/rviz_ogre_vendor/lib:/opt/ros/humble/lib/aarch64-linux-gnu:/opt/ros/humble/lib:/cc_ws/userdata/hobot/opt/hobot/deps PYTHONPATH=/cc_ws/tros_ws/install/lib/python3.10/site-packages:/cc_ws/tros_ws/install/local/lib/python3.10/dist-packages:${PYTHONPATH} /usr/bin/cmake --install /cc_ws/tros_ws/build/dnn_node_example
