[0.093s] Invoking command in '/cc_ws/tros_ws/build/orb_slam3': AMENT_PREFIX_PATH=/cc_ws/tros_ws/install:${AMENT_PREFIX_PATH} CMAKE_PREFIX_PATH=/cc_ws/tros_ws/install:/opt/ros/humble LD_LIBRARY_PATH=/cc_ws/tros_ws/install/lib:/opt/ros/humble/opt/rviz_ogre_vendor/lib:/opt/ros/humble/lib/aarch64-linux-gnu:/opt/ros/humble/lib:/cc_ws/userdata/hobot/opt/hobot/deps PYTHONPATH=/cc_ws/tros_ws/install/lib/python3.10/site-packages:${PYTHONPATH} /usr/bin/cmake /cc_ws/tros_ws/src/box/orb_slam3/ORB_SLAM3 -DCMAKE_EXPORT_COMPILE_COMMANDS=ON --no-warn-unused-cli -DCMAKE_TOOLCHAIN_FILE=/cc_ws/tros_ws/robot_dev_config/aarch64_toolchainfile.cmake -DPLATFORM_X5=ON -DTHIRDPARTY=ON -DBUILD_TESTING=OFF -DCMAKE_BUILD_RPATH=/cc_ws/tros_ws/build/poco_vendor/poco_external_project_install/lib/;/cc_ws/tros_ws/build/libyaml_vendor/libyaml_install/lib/ -DCMAKE_INSTALL_PREFIX=/cc_ws/tros_ws/install
[0.106s] Not searching for unused variables given on the command line.
[0.118s] [0mBuild type: Release[0m
[0.119s] [0mENABLE_VIEWER: OFF[0m
[0.119s] -- Found ament_cmake: 1.3.8 (/opt/ros/humble/share/ament_cmake/cmake)
[0.351s] [33mCMake Warning (dev) at /opt/ros/humble/share/ament_cmake_test/cmake/ament_cmake_test-extras.cmake:19 (option):
[0.351s]   Policy CMP0077 is not set: option() honors normal variables.  Run "cmake
[0.351s]   --help-policy CMP0077" for policy details.  Use the cmake_policy command to
[0.351s]   set the policy and suppress this warning.
[0.351s] 
[0.352s]   For compatibility with older versions of CMake, option is clearing the
[0.352s]   normal variable 'BUILD_TESTING'.
[0.352s] Call Stack (most recent call first):
[0.352s]   /opt/ros/humble/share/ament_cmake_test/cmake/ament_cmake_testConfig.cmake:41 (include)
[0.352s]   /opt/ros/humble/share/ament_cmake/cmake/ament_cmake_export_dependencies-extras.cmake:21 (find_package)
[0.352s]   /opt/ros/humble/share/ament_cmake/cmake/ament_cmakeConfig.cmake:41 (include)
[0.352s]   CMakeLists.txt:29 (find_package)
[0.353s] This warning is for project developers.  Use -Wno-dev to suppress it.
[0.353s] [0m
[0.355s] -- Found rclcpp: 16.0.8 (/opt/ros/humble/share/rclcpp/cmake)
[0.414s] -- Found rosidl_generator_c: 3.1.5 (/opt/ros/humble/share/rosidl_generator_c/cmake)
[0.421s] -- Found rosidl_adapter: 3.1.5 (/opt/ros/humble/share/rosidl_adapter/cmake)
[0.435s] -- Found rosidl_generator_cpp: 3.1.5 (/opt/ros/humble/share/rosidl_generator_cpp/cmake)
[0.460s] -- Using all available rosidl_typesupport_c: rosidl_typesupport_fastrtps_c;rosidl_typesupport_introspection_c
[0.545s] -- Using all available rosidl_typesupport_cpp: rosidl_typesupport_fastrtps_cpp;rosidl_typesupport_introspection_cpp
[0.675s] -- Found rmw_implementation_cmake: 6.1.1 (/opt/ros/humble/share/rmw_implementation_cmake/cmake)
[0.676s] -- Found rmw_fastrtps_cpp: 6.2.6 (/opt/ros/humble/share/rmw_fastrtps_cpp/cmake)
[0.896s] -- Using RMW implementation 'rmw_fastrtps_cpp' as default
[1.311s] -- Found dnn_node: 2.5.4 (/cc_ws/tros_ws/robot_dev_config/../install/share/dnn_node/cmake)
[1.315s] -- Found sensor_msgs: 4.2.3 (/opt/ros/humble/share/sensor_msgs/cmake)
[1.553s] -- Found nav_msgs: 4.2.3 (/opt/ros/humble/share/nav_msgs/cmake)
[1.750s] -- Found rclcpp_components: 16.0.8 (/opt/ros/humble/share/rclcpp_components/cmake)
[1.958s] -- Found cv_bridge: 3.2.1 (/opt/ros/humble/share/cv_bridge/cmake)
[2.001s] -- Found tf2: 0.25.6 (/opt/ros/humble/share/tf2/cmake)
[2.039s] -- Found tf2_ros: 0.25.6 (/opt/ros/humble/share/tf2_ros/cmake)
[2.668s] -- Found tf2_geometry_msgs: 0.25.6 (/opt/ros/humble/share/tf2_geometry_msgs/cmake)
[2.678s] -- Found eigen3_cmake_module: 0.1.1 (/opt/ros/humble/share/eigen3_cmake_module/cmake)
[2.684s] -- Found Eigen3: TRUE (found version "3.4.0") 
[2.684s] -- Ensuring Eigen3 include directory is part of orocos-kdl CMake target
[2.705s] -- Using flag -std=c++17.
[2.710s] [0mdnn_node_includes: [0m
[2.710s] [0mdnn_node_includes: /cc_ws/tros_ws/install/include[0m
[2.736s] [0mOPENCV VERSION:[0m
[2.736s] [0m4.5.4[0m
[2.737s] [33mCMake Warning at CMakeLists.txt:95 (find_package):
[2.737s]   By not providing "Findrealsense2.cmake" in CMAKE_MODULE_PATH this project
[2.737s]   has asked CMake to find a package configuration file provided by
[2.737s]   "realsense2", but CMake did not find one.
[2.737s] 
[2.737s]   Could not find a package configuration file provided by "realsense2" with
[2.737s]   any of the following names:
[2.737s] 
[2.737s]     realsense2Config.cmake
[2.738s]     realsense2-config.cmake
[2.738s] 
[2.738s]   Add the installation prefix of "realsense2" to CMAKE_PREFIX_PATH or set
[2.738s]   "realsense2_DIR" to a directory containing one of the above files.  If
[2.738s]   "realsense2" provides a separate development package or SDK, be sure it has
[2.738s]   been installed.
[2.738s] 
[2.738s] [0m
[2.738s] [0mCMake Deprecation Warning at Thirdparty/g2o/CMakeLists.txt:1 (CMAKE_MINIMUM_REQUIRED):
[2.739s]   Compatibility with CMake < 2.8.12 will be removed from a future version of
[2.739s]   CMake.
[2.739s] 
[2.739s]   Update the VERSION argument <min> value or use a ...<max> suffix to tell
[2.739s]   CMake that the project does not need compatibility with older versions.
[2.739s] 
[2.739s] [0m
[2.739s] -- BUILD TYPE:Release
[2.739s] -- Compiling on Unix
[2.741s] -- Found Eigen3: TRUE (found suitable version "3.4.0", minimum required is "3.1.0") 
[2.747s] [0mCMake Deprecation Warning at Thirdparty/DBoW2/CMakeLists.txt:1 (cmake_minimum_required):
[2.747s]   Compatibility with CMake < 2.8.12 will be removed from a future version of
[2.747s]   CMake.
[2.748s] 
[2.748s]   Update the VERSION argument <min> value or use a ...<max> suffix to tell
[2.748s]   CMake that the project does not need compatibility with older versions.
[2.748s] 
[2.748s] [0m
[2.767s] [0mOpenCV_LIBS: opencv_calib3d;opencv_core;opencv_dnn;opencv_features2d;opencv_flann;opencv_highgui;opencv_imgcodecs;opencv_imgproc;opencv_ml;opencv_objdetect;opencv_photo;opencv_stitching;opencv_video;opencv_videoio;opencv_alphamat;opencv_aruco;opencv_barcode;opencv_bgsegm;opencv_bioinspired;opencv_ccalib;opencv_datasets;opencv_dnn_objdetect;opencv_dnn_superres;opencv_dpm;opencv_face;opencv_freetype;opencv_fuzzy;opencv_hdf;opencv_hfs;opencv_img_hash;opencv_intensity_transform;opencv_line_descriptor;opencv_mcc;opencv_optflow;opencv_phase_unwrapping;opencv_plot;opencv_quality;opencv_rapid;opencv_reg;opencv_rgbd;opencv_saliency;opencv_shape;opencv_stereo;opencv_structured_light;opencv_superres;opencv_surface_matching;opencv_text;opencv_tracking;opencv_videostab;opencv_viz;opencv_wechat_qrcode;opencv_ximgproc;opencv_xobjdetect;opencv_xphoto;opencv_calib3d;opencv_core;opencv_dnn;opencv_features2d;opencv_flann;opencv_highgui;opencv_imgcodecs;opencv_imgproc;opencv_ml;opencv_objdetect;opencv_photo;opencv_stitching;opencv_video;opencv_videoio;opencv_alphamat;opencv_aruco;opencv_barcode;opencv_bgsegm;opencv_bioinspired;opencv_ccalib;opencv_datasets;opencv_dnn_objdetect;opencv_dnn_superres;opencv_dpm;opencv_face;opencv_freetype;opencv_fuzzy;opencv_hdf;opencv_hfs;opencv_img_hash;opencv_intensity_transform;opencv_line_descriptor;opencv_mcc;opencv_optflow;opencv_phase_unwrapping;opencv_plot;opencv_quality;opencv_rapid;opencv_reg;opencv_rgbd;opencv_saliency;opencv_shape;opencv_stereo;opencv_structured_light;opencv_superres;opencv_surface_matching;opencv_text;opencv_tracking;opencv_videostab;opencv_viz;opencv_wechat_qrcode;opencv_ximgproc;opencv_xobjdetect;opencv_xphoto[0m
[2.767s] [0mPangolin_LIBRARIES: [0m
[2.767s] [0mTORCH_LIBRARIES: [0m
[2.963s] -- Configuring done
[3.909s] -- Generating done
[3.921s] -- Build files have been written to: /cc_ws/tros_ws/build/orb_slam3
[3.968s] Invoked command in '/cc_ws/tros_ws/build/orb_slam3' returned '0': AMENT_PREFIX_PATH=/cc_ws/tros_ws/install:${AMENT_PREFIX_PATH} CMAKE_PREFIX_PATH=/cc_ws/tros_ws/install:/opt/ros/humble LD_LIBRARY_PATH=/cc_ws/tros_ws/install/lib:/opt/ros/humble/opt/rviz_ogre_vendor/lib:/opt/ros/humble/lib/aarch64-linux-gnu:/opt/ros/humble/lib:/cc_ws/userdata/hobot/opt/hobot/deps PYTHONPATH=/cc_ws/tros_ws/install/lib/python3.10/site-packages:${PYTHONPATH} /usr/bin/cmake /cc_ws/tros_ws/src/box/orb_slam3/ORB_SLAM3 -DCMAKE_EXPORT_COMPILE_COMMANDS=ON --no-warn-unused-cli -DCMAKE_TOOLCHAIN_FILE=/cc_ws/tros_ws/robot_dev_config/aarch64_toolchainfile.cmake -DPLATFORM_X5=ON -DTHIRDPARTY=ON -DBUILD_TESTING=OFF -DCMAKE_BUILD_RPATH=/cc_ws/tros_ws/build/poco_vendor/poco_external_project_install/lib/;/cc_ws/tros_ws/build/libyaml_vendor/libyaml_install/lib/ -DCMAKE_INSTALL_PREFIX=/cc_ws/tros_ws/install
[3.968s] Invoking command in '/cc_ws/tros_ws/build/orb_slam3': AMENT_PREFIX_PATH=/cc_ws/tros_ws/install:${AMENT_PREFIX_PATH} CMAKE_PREFIX_PATH=/cc_ws/tros_ws/install:/opt/ros/humble LD_LIBRARY_PATH=/cc_ws/tros_ws/install/lib:/opt/ros/humble/opt/rviz_ogre_vendor/lib:/opt/ros/humble/lib/aarch64-linux-gnu:/opt/ros/humble/lib:/cc_ws/userdata/hobot/opt/hobot/deps PYTHONPATH=/cc_ws/tros_ws/install/lib/python3.10/site-packages:${PYTHONPATH} /usr/bin/cmake --build /cc_ws/tros_ws/build/orb_slam3 -- -j12 -l12
[4.099s] [35m[1mConsolidate compiler generated dependencies of target DBoW2[0m
[4.099s] [  6%] Built target DBoW2
[4.099s] [35m[1mConsolidate compiler generated dependencies of target g2o[0m
[4.265s] [ 36%] Built target g2o
[4.392s] [35m[1mConsolidate compiler generated dependencies of target orb_slam3[0m
[4.691s] [ 65%] Built target orb_slam3
[4.708s] [35m[1mConsolidate compiler generated dependencies of target rgbd_tum[0m
[4.719s] [35m[1mConsolidate compiler generated dependencies of target stereo_kitti[0m
[4.719s] [35m[1mConsolidate compiler generated dependencies of target stereo_euroc[0m
[4.765s] [35m[1mConsolidate compiler generated dependencies of target mono_tum[0m
[4.776s] [35m[1mConsolidate compiler generated dependencies of target stereo_tum_vi[0m
[4.783s] [ 67%] Built target rgbd_tum
[4.783s] [35m[1mConsolidate compiler generated dependencies of target stereo_realsense_D435i_image[0m
[4.819s] [35m[1mConsolidate compiler generated dependencies of target mono_kitti[0m
[4.819s] [35m[1mConsolidate compiler generated dependencies of target mono_euroc[0m
[4.845s] [35m[1mConsolidate compiler generated dependencies of target mono_realsense_D435i_image[0m
[4.849s] [35m[1mConsolidate compiler generated dependencies of target mono_tum_vi[0m
[4.895s] [ 69%] Built target stereo_euroc
[4.895s] [ 71%] Built target mono_tum
[4.902s] [ 73%] Built target stereo_kitti
[4.902s] [ 75%] Built target stereo_tum_vi
[4.904s] [ 77%] Built target stereo_realsense_D435i_image
[4.915s] [ 79%] Built target mono_kitti
[4.925s] [35m[1mConsolidate compiler generated dependencies of target mono_inertial_euroc[0m
[4.930s] [ 81%] Built target mono_euroc
[4.934s] [ 83%] Built target mono_realsense_D435i_image
[4.946s] [35m[1mConsolidate compiler generated dependencies of target mono_inertial_tum_vi[0m
[4.971s] [ 85%] Built target mono_tum_vi
[5.011s] [35m[1mConsolidate compiler generated dependencies of target mono_inertial_realsense_D435i_image[0m
[5.013s] [35m[1mConsolidate compiler generated dependencies of target stereo_inertial_euroc[0m
[5.032s] [ 87%] Built target mono_inertial_euroc
[5.048s] [35m[1mConsolidate compiler generated dependencies of target stereo_inertial_tum_vi[0m
[5.062s] [35m[1mConsolidate compiler generated dependencies of target create_vocabulary[0m
[5.070s] [35m[1mConsolidate compiler generated dependencies of target stereo_inertial_realsense_D435i_image[0m
[5.081s] [35m[1mConsolidate compiler generated dependencies of target mono_euroc_old[0m
[5.085s] [ 89%] Built target mono_inertial_tum_vi
[5.121s] [ 91%] Built target mono_inertial_realsense_D435i_image
[5.139s] [ 94%] Built target mono_euroc_old
[5.141s] [ 94%] Built target stereo_inertial_euroc
[5.141s] [ 96%] Built target create_vocabulary
[5.142s] [ 98%] Built target stereo_inertial_tum_vi
[5.148s] [100%] Built target stereo_inertial_realsense_D435i_image
[5.216s] Invoked command in '/cc_ws/tros_ws/build/orb_slam3' returned '0': AMENT_PREFIX_PATH=/cc_ws/tros_ws/install:${AMENT_PREFIX_PATH} CMAKE_PREFIX_PATH=/cc_ws/tros_ws/install:/opt/ros/humble LD_LIBRARY_PATH=/cc_ws/tros_ws/install/lib:/opt/ros/humble/opt/rviz_ogre_vendor/lib:/opt/ros/humble/lib/aarch64-linux-gnu:/opt/ros/humble/lib:/cc_ws/userdata/hobot/opt/hobot/deps PYTHONPATH=/cc_ws/tros_ws/install/lib/python3.10/site-packages:${PYTHONPATH} /usr/bin/cmake --build /cc_ws/tros_ws/build/orb_slam3 -- -j12 -l12
[5.918s] Invoking command in '/cc_ws/tros_ws/build/orb_slam3': AMENT_PREFIX_PATH=/cc_ws/tros_ws/install:${AMENT_PREFIX_PATH} CMAKE_PREFIX_PATH=/cc_ws/tros_ws/install:/opt/ros/humble LD_LIBRARY_PATH=/cc_ws/tros_ws/install/lib:/opt/ros/humble/opt/rviz_ogre_vendor/lib:/opt/ros/humble/lib/aarch64-linux-gnu:/opt/ros/humble/lib:/cc_ws/userdata/hobot/opt/hobot/deps PYTHONPATH=/cc_ws/tros_ws/install/lib/python3.10/site-packages:${PYTHONPATH} /usr/bin/cmake --install /cc_ws/tros_ws/build/orb_slam3
[8.652s] -- Install configuration: "Release"
[8.652s] -- Up-to-date: /cc_ws/tros_ws/install/include/orb_slam3/
[8.652s] -- Up-to-date: /cc_ws/tros_ws/install/include/orb_slam3//LocalMapping.h
[8.653s] -- Up-to-date: /cc_ws/tros_ws/install/include/orb_slam3//Frame.h
[8.653s] -- Up-to-date: /cc_ws/tros_ws/install/include/orb_slam3//System.h
[8.653s] -- Up-to-date: /cc_ws/tros_ws/install/include/orb_slam3//FrameDrawer.h
[8.653s] -- Up-to-date: /cc_ws/tros_ws/install/include/orb_slam3//Map.h
[8.653s] -- Up-to-date: /cc_ws/tros_ws/install/include/orb_slam3//ImuTypes.h
[8.654s] -- Up-to-date: /cc_ws/tros_ws/install/include/orb_slam3//Atlas.h
[8.654s] -- Up-to-date: /cc_ws/tros_ws/install/include/orb_slam3//ORBextractor.h
[8.654s] -- Up-to-date: /cc_ws/tros_ws/install/include/orb_slam3//TwoViewReconstruction.h
[8.654s] -- Up-to-date: /cc_ws/tros_ws/install/include/orb_slam3//MLPnPsolver.h
[8.655s] -- Up-to-date: /cc_ws/tros_ws/install/include/orb_slam3//Config.h
[8.655s] -- Up-to-date: /cc_ws/tros_ws/install/include/orb_slam3//ORBVocabulary.h
[8.657s] -- Up-to-date: /cc_ws/tros_ws/install/include/orb_slam3//Optimizer.h
[8.658s] -- Up-to-date: /cc_ws/tros_ws/install/include/orb_slam3//KeyFrameDatabase.h
[8.658s] -- Up-to-date: /cc_ws/tros_ws/install/include/orb_slam3//MapPoint.h
[8.658s] -- Up-to-date: /cc_ws/tros_ws/install/include/orb_slam3//Viewer.h
[8.658s] -- Up-to-date: /cc_ws/tros_ws/install/include/orb_slam3//SerializationUtils.h
[8.659s] -- Up-to-date: /cc_ws/tros_ws/install/include/orb_slam3//ORBmatcher.h
[8.659s] -- Up-to-date: /cc_ws/tros_ws/install/include/orb_slam3//CameraModels
[8.659s] -- Up-to-date: /cc_ws/tros_ws/install/include/orb_slam3//CameraModels/KannalaBrandt8.h
[8.672s] -- Up-to-date: /cc_ws/tros_ws/install/include/orb_slam3//CameraModels/Pinhole.h
[8.676s] -- Up-to-date: /cc_ws/tros_ws/install/include/orb_slam3//CameraModels/GeometricCamera.h
[8.676s] -- Up-to-date: /cc_ws/tros_ws/install/include/orb_slam3//Sim3Solver.h
[8.676s] -- Up-to-date: /cc_ws/tros_ws/install/include/orb_slam3//G2oTypes.h
[8.677s] -- Up-to-date: /cc_ws/tros_ws/install/include/orb_slam3//GeometricTools.h
[8.679s] -- Up-to-date: /cc_ws/tros_ws/install/include/orb_slam3//Settings.h
[8.679s] -- Up-to-date: /cc_ws/tros_ws/install/include/orb_slam3//MapDrawer.h
[8.680s] -- Up-to-date: /cc_ws/tros_ws/install/include/orb_slam3//KeyFrame.h
[8.681s] -- Up-to-date: /cc_ws/tros_ws/install/include/orb_slam3//Tracking.h
[8.682s] -- Up-to-date: /cc_ws/tros_ws/install/include/orb_slam3//SuperPointExtractor.h
[8.682s] -- Up-to-date: /cc_ws/tros_ws/install/include/orb_slam3//OptimizableTypes.h
[8.682s] -- Up-to-date: /cc_ws/tros_ws/install/include/orb_slam3//threadpool.h
[8.682s] -- Up-to-date: /cc_ws/tros_ws/install/include/orb_slam3//LoopClosing.h
[8.682s] -- Up-to-date: /cc_ws/tros_ws/install/include/orb_slam3//Converter.h
[8.683s] -- Up-to-date: /cc_ws/tros_ws/install/include/orb_slam3/Thirdparty/
[8.683s] -- Up-to-date: /cc_ws/tros_ws/install/include/orb_slam3/Thirdparty//Sophus
[8.683s] -- Up-to-date: /cc_ws/tros_ws/install/include/orb_slam3/Thirdparty//Sophus/.gitignore
[8.683s] -- Up-to-date: /cc_ws/tros_ws/install/include/orb_slam3/Thirdparty//Sophus/doxyrest-config.lua
[8.684s] -- Up-to-date: /cc_ws/tros_ws/install/include/orb_slam3/Thirdparty//Sophus/examples
[8.684s] -- Up-to-date: /cc_ws/tros_ws/install/include/orb_slam3/Thirdparty//Sophus/examples/CMakeLists.txt
[8.684s] -- Up-to-date: /cc_ws/tros_ws/install/include/orb_slam3/Thirdparty//Sophus/examples/HelloSO3.cpp
[8.684s] -- Up-to-date: /cc_ws/tros_ws/install/include/orb_slam3/Thirdparty//Sophus/test
[8.685s] -- Up-to-date: /cc_ws/tros_ws/install/include/orb_slam3/Thirdparty//Sophus/test/CMakeLists.txt
[8.685s] -- Up-to-date: /cc_ws/tros_ws/install/include/orb_slam3/Thirdparty//Sophus/test/core
[8.685s] -- Up-to-date: /cc_ws/tros_ws/install/include/orb_slam3/Thirdparty//Sophus/test/core/test_sim2.cpp
[8.686s] -- Up-to-date: /cc_ws/tros_ws/install/include/orb_slam3/Thirdparty//Sophus/test/core/test_so3.cpp
[8.687s] -- Up-to-date: /cc_ws/tros_ws/install/include/orb_slam3/Thirdparty//Sophus/test/core/test_common.cpp
[8.687s] -- Up-to-date: /cc_ws/tros_ws/install/include/orb_slam3/Thirdparty//Sophus/test/core/test_se2.cpp
[8.693s] -- Up-to-date: /cc_ws/tros_ws/install/include/orb_slam3/Thirdparty//Sophus/test/core/test_se3.cpp
[8.694s] -- Up-to-date: /cc_ws/tros_ws/install/include/orb_slam3/Thirdparty//Sophus/test/core/test_velocities.cpp
[8.699s] -- Up-to-date: /cc_ws/tros_ws/install/include/orb_slam3/Thirdparty//Sophus/test/core/CMakeLists.txt
[8.699s] -- Up-to-date: /cc_ws/tros_ws/install/include/orb_slam3/Thirdparty//Sophus/test/core/test_rxso2.cpp
[8.699s] -- Up-to-date: /cc_ws/tros_ws/install/include/orb_slam3/Thirdparty//Sophus/test/core/test_sim3.cpp
[8.706s] -- Up-to-date: /cc_ws/tros_ws/install/include/orb_slam3/Thirdparty//Sophus/test/core/test_rxso3.cpp
[8.706s] -- Up-to-date: /cc_ws/tros_ws/install/include/orb_slam3/Thirdparty//Sophus/test/core/test_geometry.cpp
[8.708s] -- Up-to-date: /cc_ws/tros_ws/install/include/orb_slam3/Thirdparty//Sophus/test/core/test_so2.cpp
[8.708s] -- Up-to-date: /cc_ws/tros_ws/install/include/orb_slam3/Thirdparty//Sophus/test/core/tests.hpp
[8.718s] -- Up-to-date: /cc_ws/tros_ws/install/include/orb_slam3/Thirdparty//Sophus/test/ceres
[8.718s] -- Up-to-date: /cc_ws/tros_ws/install/include/orb_slam3/Thirdparty//Sophus/test/ceres/CMakeLists.txt
[8.718s] -- Up-to-date: /cc_ws/tros_ws/install/include/orb_slam3/Thirdparty//Sophus/test/ceres/local_parameterization_se3.hpp
[8.719s] -- Up-to-date: /cc_ws/tros_ws/install/include/orb_slam3/Thirdparty//Sophus/test/ceres/test_ceres_se3.cpp
[8.719s] -- Up-to-date: /cc_ws/tros_ws/install/include/orb_slam3/Thirdparty//Sophus/.clang-format
[8.719s] -- Up-to-date: /cc_ws/tros_ws/install/include/orb_slam3/Thirdparty//Sophus/py
[8.719s] -- Up-to-date: /cc_ws/tros_ws/install/include/orb_slam3/Thirdparty//Sophus/py/run_tests.sh
[8.719s] -- Up-to-date: /cc_ws/tros_ws/install/include/orb_slam3/Thirdparty//Sophus/py/sophus
[8.720s] -- Up-to-date: /cc_ws/tros_ws/install/include/orb_slam3/Thirdparty//Sophus/py/sophus/dual_quaternion.py
[8.739s] -- Up-to-date: /cc_ws/tros_ws/install/include/orb_slam3/Thirdparty//Sophus/py/sophus/so3_codegen.py
[8.739s] -- Up-to-date: /cc_ws/tros_ws/install/include/orb_slam3/Thirdparty//Sophus/py/sophus/so2.py
[8.740s] -- Up-to-date: /cc_ws/tros_ws/install/include/orb_slam3/Thirdparty//Sophus/py/sophus/matrix.py
[8.740s] -- Up-to-date: /cc_ws/tros_ws/install/include/orb_slam3/Thirdparty//Sophus/py/sophus/__init__.py
[8.740s] -- Up-to-date: /cc_ws/tros_ws/install/include/orb_slam3/Thirdparty//Sophus/py/sophus/quaternion.py
[8.740s] -- Up-to-date: /cc_ws/tros_ws/install/include/orb_slam3/Thirdparty//Sophus/py/sophus/so3.py
[8.741s] -- Up-to-date: /cc_ws/tros_ws/install/include/orb_slam3/Thirdparty//Sophus/py/sophus/se3.py
[8.741s] -- Up-to-date: /cc_ws/tros_ws/install/include/orb_slam3/Thirdparty//Sophus/py/sophus/cse_codegen.py
[8.741s] -- Up-to-date: /cc_ws/tros_ws/install/include/orb_slam3/Thirdparty//Sophus/py/sophus/complex.py
[8.741s] -- Up-to-date: /cc_ws/tros_ws/install/include/orb_slam3/Thirdparty//Sophus/py/sophus/se2.py
[8.741s] -- Up-to-date: /cc_ws/tros_ws/install/include/orb_slam3/Thirdparty//Sophus/py/cpp_gencode
[8.742s] -- Up-to-date: /cc_ws/tros_ws/install/include/orb_slam3/Thirdparty//Sophus/py/cpp_gencode/Se3_Dx_exp_x.cpp
[8.742s] -- Up-to-date: /cc_ws/tros_ws/install/include/orb_slam3/Thirdparty//Sophus/py/cpp_gencode/So2_Dx_exp_x.cpp
[8.742s] -- Up-to-date: /cc_ws/tros_ws/install/include/orb_slam3/Thirdparty//Sophus/py/cpp_gencode/Se2_Dx_exp_x.cpp
[8.742s] -- Up-to-date: /cc_ws/tros_ws/install/include/orb_slam3/Thirdparty//Sophus/py/cpp_gencode/Se2_Dx_this_mul_exp_x_at_0.cpp
[8.743s] -- Up-to-date: /cc_ws/tros_ws/install/include/orb_slam3/Thirdparty//Sophus/py/cpp_gencode/So2_Dx_this_mul_exp_x_at_0.cpp
[8.743s] -- Up-to-date: /cc_ws/tros_ws/install/include/orb_slam3/Thirdparty//Sophus/py/cpp_gencode/So3_Dx_this_mul_exp_x_at_0.cpp
[8.743s] -- Up-to-date: /cc_ws/tros_ws/install/include/orb_slam3/Thirdparty//Sophus/py/cpp_gencode/So3_Dx_exp_x.cpp
[8.743s] -- Up-to-date: /cc_ws/tros_ws/install/include/orb_slam3/Thirdparty//Sophus/py/cpp_gencode/Se3_Dx_this_mul_exp_x_at_0.cpp
[8.744s] -- Up-to-date: /cc_ws/tros_ws/install/include/orb_slam3/Thirdparty//Sophus/CMakeLists.txt
[8.744s] -- Up-to-date: /cc_ws/tros_ws/install/include/orb_slam3/Thirdparty//Sophus/run_format.sh
[8.745s] -- Up-to-date: /cc_ws/tros_ws/install/include/orb_slam3/Thirdparty//Sophus/README.rst
[8.745s] -- Up-to-date: /cc_ws/tros_ws/install/include/orb_slam3/Thirdparty//Sophus/package.xml
[8.746s] -- Up-to-date: /cc_ws/tros_ws/install/include/orb_slam3/Thirdparty//Sophus/scripts
[8.746s] -- Up-to-date: /cc_ws/tros_ws/install/include/orb_slam3/Thirdparty//Sophus/scripts/install_linux_deps.sh
[8.746s] -- Up-to-date: /cc_ws/tros_ws/install/include/orb_slam3/Thirdparty//Sophus/scripts/run_cpp_tests.sh
[8.746s] -- Up-to-date: /cc_ws/tros_ws/install/include/orb_slam3/Thirdparty//Sophus/scripts/install_docs_deps.sh
[8.747s] -- Up-to-date: /cc_ws/tros_ws/install/include/orb_slam3/Thirdparty//Sophus/scripts/install_osx_deps.sh
[8.747s] -- Up-to-date: /cc_ws/tros_ws/install/include/orb_slam3/Thirdparty//Sophus/rst-dir
[8.747s] -- Up-to-date: /cc_ws/tros_ws/install/include/orb_slam3/Thirdparty//Sophus/rst-dir/pysophus.rst
[8.747s] -- Up-to-date: /cc_ws/tros_ws/install/include/orb_slam3/Thirdparty//Sophus/rst-dir/page_index.rst
[8.748s] -- Up-to-date: /cc_ws/tros_ws/install/include/orb_slam3/Thirdparty//Sophus/rst-dir/conf.py
[8.748s] -- Up-to-date: /cc_ws/tros_ws/install/include/orb_slam3/Thirdparty//Sophus/appveyor.yml
[8.748s] -- Up-to-date: /cc_ws/tros_ws/install/include/orb_slam3/Thirdparty//Sophus/SophusConfig.cmake.in
[8.748s] -- Up-to-date: /cc_ws/tros_ws/install/include/orb_slam3/Thirdparty//Sophus/make_docs.sh
[8.749s] -- Up-to-date: /cc_ws/tros_ws/install/include/orb_slam3/Thirdparty//Sophus/LICENSE.txt
[8.749s] -- Up-to-date: /cc_ws/tros_ws/install/include/orb_slam3/Thirdparty//Sophus/sophus
[8.749s] -- Up-to-date: /cc_ws/tros_ws/install/include/orb_slam3/Thirdparty//Sophus/sophus/so3.hpp
[8.749s] -- Up-to-date: /cc_ws/tros_ws/install/include/orb_slam3/Thirdparty//Sophus/sophus/types.hpp
[8.749s] -- Up-to-date: /cc_ws/tros_ws/install/include/orb_slam3/Thirdparty//Sophus/sophus/example_ensure_handler.cpp
[8.750s] -- Up-to-date: /cc_ws/tros_ws/install/include/orb_slam3/Thirdparty//Sophus/sophus/rotation_matrix.hpp
[8.750s] -- Up-to-date: /cc_ws/tros_ws/install/include/orb_slam3/Thirdparty//Sophus/sophus/so2.hpp
[8.750s] -- Up-to-date: /cc_ws/tros_ws/install/include/orb_slam3/Thirdparty//Sophus/sophus/common.hpp
[8.750s] -- Up-to-date: /cc_ws/tros_ws/install/include/orb_slam3/Thirdparty//Sophus/sophus/se2.hpp
[8.751s] -- Up-to-date: /cc_ws/tros_ws/install/include/orb_slam3/Thirdparty//Sophus/sophus/test_macros.hpp
[8.751s] -- Up-to-date: /cc_ws/tros_ws/install/include/orb_slam3/Thirdparty//Sophus/sophus/num_diff.hpp
[8.751s] -- Up-to-date: /cc_ws/tros_ws/install/include/orb_slam3/Thirdparty//Sophus/sophus/sim_details.hpp
[8.751s] -- Up-to-date: /cc_ws/tros_ws/install/include/orb_slam3/Thirdparty//Sophus/sophus/se3.hpp
[8.751s] -- Up-to-date: /cc_ws/tros_ws/install/include/orb_slam3/Thirdparty//Sophus/sophus/rxso2.hpp
[8.752s] -- Up-to-date: /cc_ws/tros_ws/install/include/orb_slam3/Thirdparty//Sophus/sophus/sim3.hpp
[8.752s] -- Up-to-date: /cc_ws/tros_ws/install/include/orb_slam3/Thirdparty//Sophus/sophus/rxso3.hpp
[8.752s] -- Up-to-date: /cc_ws/tros_ws/install/include/orb_slam3/Thirdparty//Sophus/sophus/sim2.hpp
[8.752s] -- Up-to-date: /cc_ws/tros_ws/install/include/orb_slam3/Thirdparty//Sophus/sophus/interpolate.hpp
[8.753s] -- Up-to-date: /cc_ws/tros_ws/install/include/orb_slam3/Thirdparty//Sophus/sophus/interpolate_details.hpp
[8.753s] -- Up-to-date: /cc_ws/tros_ws/install/include/orb_slam3/Thirdparty//Sophus/sophus/average.hpp
[8.753s] -- Up-to-date: /cc_ws/tros_ws/install/include/orb_slam3/Thirdparty//Sophus/sophus/formatstring.hpp
[8.753s] -- Up-to-date: /cc_ws/tros_ws/install/include/orb_slam3/Thirdparty//Sophus/sophus/geometry.hpp
[8.753s] -- Up-to-date: /cc_ws/tros_ws/install/include/orb_slam3/Thirdparty//Sophus/sophus/velocities.hpp
[8.754s] -- Up-to-date: /cc_ws/tros_ws/install/include/orb_slam3/Thirdparty//Sophus/.travis.yml
[8.754s] -- Up-to-date: /cc_ws/tros_ws/install/include/orb_slam3/Thirdparty//g2o
[8.754s] -- Up-to-date: /cc_ws/tros_ws/install/include/orb_slam3/Thirdparty//g2o/config.h
[8.754s] -- Up-to-date: /cc_ws/tros_ws/install/include/orb_slam3/Thirdparty//g2o/CMakeLists.txt
[8.754s] -- Up-to-date: /cc_ws/tros_ws/install/include/orb_slam3/Thirdparty//g2o/license-bsd.txt
[8.755s] -- Up-to-date: /cc_ws/tros_ws/install/include/orb_slam3/Thirdparty//g2o/README.txt
[8.755s] -- Up-to-date: /cc_ws/tros_ws/install/include/orb_slam3/Thirdparty//g2o/lib
[8.755s] -- Up-to-date: /cc_ws/tros_ws/install/include/orb_slam3/Thirdparty//g2o/lib/libg2o.so
[8.784s] -- Up-to-date: /cc_ws/tros_ws/install/include/orb_slam3/Thirdparty//g2o/g2o
[8.785s] -- Up-to-date: /cc_ws/tros_ws/install/include/orb_slam3/Thirdparty//g2o/g2o/solvers
[8.785s] -- Up-to-date: /cc_ws/tros_ws/install/include/orb_slam3/Thirdparty//g2o/g2o/solvers/linear_solver_dense.h
[8.785s] -- Up-to-date: /cc_ws/tros_ws/install/include/orb_slam3/Thirdparty//g2o/g2o/solvers/linear_solver_eigen.h
[8.785s] -- Up-to-date: /cc_ws/tros_ws/install/include/orb_slam3/Thirdparty//g2o/g2o/types
[8.786s] -- Up-to-date: /cc_ws/tros_ws/install/include/orb_slam3/Thirdparty//g2o/g2o/types/sim3.h
[8.786s] -- Up-to-date: /cc_ws/tros_ws/install/include/orb_slam3/Thirdparty//g2o/g2o/types/types_six_dof_expmap.cpp
[8.786s] -- Up-to-date: /cc_ws/tros_ws/install/include/orb_slam3/Thirdparty//g2o/g2o/types/se3mat.h
[8.786s] -- Up-to-date: /cc_ws/tros_ws/install/include/orb_slam3/Thirdparty//g2o/g2o/types/se3_ops.hpp
[8.786s] -- Up-to-date: /cc_ws/tros_ws/install/include/orb_slam3/Thirdparty//g2o/g2o/types/types_seven_dof_expmap.cpp
[8.787s] -- Up-to-date: /cc_ws/tros_ws/install/include/orb_slam3/Thirdparty//g2o/g2o/types/types_six_dof_expmap.h
[8.787s] -- Up-to-date: /cc_ws/tros_ws/install/include/orb_slam3/Thirdparty//g2o/g2o/types/se3_ops.h
[8.787s] -- Up-to-date: /cc_ws/tros_ws/install/include/orb_slam3/Thirdparty//g2o/g2o/types/se3mat.cpp
[8.800s] -- Up-to-date: /cc_ws/tros_ws/install/include/orb_slam3/Thirdparty//g2o/g2o/types/types_seven_dof_expmap.h
[8.800s] -- Up-to-date: /cc_ws/tros_ws/install/include/orb_slam3/Thirdparty//g2o/g2o/types/types_sba.cpp
[8.800s] -- Up-to-date: /cc_ws/tros_ws/install/include/orb_slam3/Thirdparty//g2o/g2o/types/se3quat.h
[8.800s] -- Up-to-date: /cc_ws/tros_ws/install/include/orb_slam3/Thirdparty//g2o/g2o/types/types_sba.h
[8.801s] -- Up-to-date: /cc_ws/tros_ws/install/include/orb_slam3/Thirdparty//g2o/g2o/stuff
[8.801s] -- Up-to-date: /cc_ws/tros_ws/install/include/orb_slam3/Thirdparty//g2o/g2o/stuff/color_macros.h
[8.801s] -- Up-to-date: /cc_ws/tros_ws/install/include/orb_slam3/Thirdparty//g2o/g2o/stuff/string_tools.cpp
[8.801s] -- Up-to-date: /cc_ws/tros_ws/install/include/orb_slam3/Thirdparty//g2o/g2o/stuff/misc.h
[8.801s] -- Up-to-date: /cc_ws/tros_ws/install/include/orb_slam3/Thirdparty//g2o/g2o/stuff/macros.h
[8.802s] -- Up-to-date: /cc_ws/tros_ws/install/include/orb_slam3/Thirdparty//g2o/g2o/stuff/os_specific.c
[8.802s] -- Up-to-date: /cc_ws/tros_ws/install/include/orb_slam3/Thirdparty//g2o/g2o/stuff/os_specific.h
[8.802s] -- Up-to-date: /cc_ws/tros_ws/install/include/orb_slam3/Thirdparty//g2o/g2o/stuff/timeutil.h
[8.802s] -- Up-to-date: /cc_ws/tros_ws/install/include/orb_slam3/Thirdparty//g2o/g2o/stuff/string_tools.h
[8.803s] -- Up-to-date: /cc_ws/tros_ws/install/include/orb_slam3/Thirdparty//g2o/g2o/stuff/property.h
[8.803s] -- Up-to-date: /cc_ws/tros_ws/install/include/orb_slam3/Thirdparty//g2o/g2o/stuff/property.cpp
[8.803s] -- Up-to-date: /cc_ws/tros_ws/install/include/orb_slam3/Thirdparty//g2o/g2o/stuff/timeutil.cpp
[8.835s] -- Up-to-date: /cc_ws/tros_ws/install/include/orb_slam3/Thirdparty//g2o/g2o/core
[8.835s] -- Up-to-date: /cc_ws/tros_ws/install/include/orb_slam3/Thirdparty//g2o/g2o/core/sparse_optimizer.h
[8.836s] -- Up-to-date: /cc_ws/tros_ws/install/include/orb_slam3/Thirdparty//g2o/g2o/core/parameter.cpp
[8.836s] -- Up-to-date: /cc_ws/tros_ws/install/include/orb_slam3/Thirdparty//g2o/g2o/core/robust_kernel.cpp
[8.849s] -- Up-to-date: /cc_ws/tros_ws/install/include/orb_slam3/Thirdparty//g2o/g2o/core/sparse_optimizer.cpp
[8.850s] -- Up-to-date: /cc_ws/tros_ws/install/include/orb_slam3/Thirdparty//g2o/g2o/core/robust_kernel.h
[8.850s] -- Up-to-date: /cc_ws/tros_ws/install/include/orb_slam3/Thirdparty//g2o/g2o/core/optimization_algorithm_gauss_newton.cpp
[8.850s] -- Up-to-date: /cc_ws/tros_ws/install/include/orb_slam3/Thirdparty//g2o/g2o/core/optimization_algorithm_factory.cpp
[8.850s] -- Up-to-date: /cc_ws/tros_ws/install/include/orb_slam3/Thirdparty//g2o/g2o/core/base_binary_edge.h
[8.850s] -- Up-to-date: /cc_ws/tros_ws/install/include/orb_slam3/Thirdparty//g2o/g2o/core/optimization_algorithm_property.h
[8.851s] -- Up-to-date: /cc_ws/tros_ws/install/include/orb_slam3/Thirdparty//g2o/g2o/core/factory.cpp
[8.851s] -- Up-to-date: /cc_ws/tros_ws/install/include/orb_slam3/Thirdparty//g2o/g2o/core/optimization_algorithm_with_hessian.h
[8.851s] -- Up-to-date: /cc_ws/tros_ws/install/include/orb_slam3/Thirdparty//g2o/g2o/core/hyper_graph_action.h
[8.851s] -- Up-to-date: /cc_ws/tros_ws/install/include/orb_slam3/Thirdparty//g2o/g2o/core/sparse_block_matrix.hpp
[8.851s] -- Up-to-date: /cc_ws/tros_ws/install/include/orb_slam3/Thirdparty//g2o/g2o/core/base_binary_edge.hpp
[8.852s] -- Up-to-date: /cc_ws/tros_ws/install/include/orb_slam3/Thirdparty//g2o/g2o/core/optimization_algorithm.h
[8.852s] -- Up-to-date: /cc_ws/tros_ws/install/include/orb_slam3/Thirdparty//g2o/g2o/core/base_unary_edge.h
[8.852s] -- Up-to-date: /cc_ws/tros_ws/install/include/orb_slam3/Thirdparty//g2o/g2o/core/sparse_block_matrix_ccs.h
[8.852s] -- Up-to-date: /cc_ws/tros_ws/install/include/orb_slam3/Thirdparty//g2o/g2o/core/block_solver.h
[8.853s] -- Up-to-date: /cc_ws/tros_ws/install/include/orb_slam3/Thirdparty//g2o/g2o/core/sparse_block_matrix.h
[8.853s] -- Up-to-date: /cc_ws/tros_ws/install/include/orb_slam3/Thirdparty//g2o/g2o/core/parameter_container.cpp
[8.853s] -- Up-to-date: /cc_ws/tros_ws/install/include/orb_slam3/Thirdparty//g2o/g2o/core/robust_kernel_impl.cpp
[8.853s] -- Up-to-date: /cc_ws/tros_ws/install/include/orb_slam3/Thirdparty//g2o/g2o/core/optimization_algorithm_dogleg.h
[8.853s] -- Up-to-date: /cc_ws/tros_ws/install/include/orb_slam3/Thirdparty//g2o/g2o/core/base_vertex.h
[8.854s] -- Up-to-date: /cc_ws/tros_ws/install/include/orb_slam3/Thirdparty//g2o/g2o/core/optimizable_graph.h
[8.854s] -- Up-to-date: /cc_ws/tros_ws/install/include/orb_slam3/Thirdparty//g2o/g2o/core/matrix_structure.cpp
[8.854s] -- Up-to-date: /cc_ws/tros_ws/install/include/orb_slam3/Thirdparty//g2o/g2o/core/optimization_algorithm_with_hessian.cpp
[8.854s] -- Up-to-date: /cc_ws/tros_ws/install/include/orb_slam3/Thirdparty//g2o/g2o/core/marginal_covariance_cholesky.h
[8.854s] -- Up-to-date: /cc_ws/tros_ws/install/include/orb_slam3/Thirdparty//g2o/g2o/core/eigen_types.h
[8.854s] -- Up-to-date: /cc_ws/tros_ws/install/include/orb_slam3/Thirdparty//g2o/g2o/core/optimization_algorithm_levenberg.h
[8.855s] -- Up-to-date: /cc_ws/tros_ws/install/include/orb_slam3/Thirdparty//g2o/g2o/core/matrix_structure.h
[8.858s] -- Up-to-date: /cc_ws/tros_ws/install/include/orb_slam3/Thirdparty//g2o/g2o/core/sparse_block_matrix_test.cpp
[8.858s] -- Up-to-date: /cc_ws/tros_ws/install/include/orb_slam3/Thirdparty//g2o/g2o/core/optimization_algorithm_factory.h
[8.858s] -- Up-to-date: /cc_ws/tros_ws/install/include/orb_slam3/Thirdparty//g2o/g2o/core/jacobian_workspace.h
[8.859s] -- Up-to-date: /cc_ws/tros_ws/install/include/orb_slam3/Thirdparty//g2o/g2o/core/robust_kernel_factory.cpp
[8.859s] -- Up-to-date: /cc_ws/tros_ws/install/include/orb_slam3/Thirdparty//g2o/g2o/core/estimate_propagator.h
[8.878s] -- Up-to-date: /cc_ws/tros_ws/install/include/orb_slam3/Thirdparty//g2o/g2o/core/hyper_graph.cpp
[8.879s] -- Up-to-date: /cc_ws/tros_ws/install/include/orb_slam3/Thirdparty//g2o/g2o/core/sparse_block_matrix_diagonal.h
[8.879s] -- Up-to-date: /cc_ws/tros_ws/install/include/orb_slam3/Thirdparty//g2o/g2o/core/solver.cpp
[8.879s] -- Up-to-date: /cc_ws/tros_ws/install/include/orb_slam3/Thirdparty//g2o/g2o/core/hyper_graph_action.cpp
[8.879s] -- Up-to-date: /cc_ws/tros_ws/install/include/orb_slam3/Thirdparty//g2o/g2o/core/estimate_propagator.cpp
[8.880s] -- Up-to-date: /cc_ws/tros_ws/install/include/orb_slam3/Thirdparty//g2o/g2o/core/jacobian_workspace.cpp
[8.880s] -- Up-to-date: /cc_ws/tros_ws/install/include/orb_slam3/Thirdparty//g2o/g2o/core/batch_stats.cpp
[8.880s] -- Up-to-date: /cc_ws/tros_ws/install/include/orb_slam3/Thirdparty//g2o/g2o/core/optimization_algorithm.cpp
[8.880s] -- Up-to-date: /cc_ws/tros_ws/install/include/orb_slam3/Thirdparty//g2o/g2o/core/cache.cpp
[8.881s] -- Up-to-date: /cc_ws/tros_ws/install/include/orb_slam3/Thirdparty//g2o/g2o/core/robust_kernel_factory.h
[8.881s] -- Up-to-date: /cc_ws/tros_ws/install/include/orb_slam3/Thirdparty//g2o/g2o/core/optimization_algorithm_dogleg.cpp
[8.881s] -- Up-to-date: /cc_ws/tros_ws/install/include/orb_slam3/Thirdparty//g2o/g2o/core/matrix_operations.h
[8.881s] -- Up-to-date: /cc_ws/tros_ws/install/include/orb_slam3/Thirdparty//g2o/g2o/core/robust_kernel_impl.h
[8.881s] -- Up-to-date: /cc_ws/tros_ws/install/include/orb_slam3/Thirdparty//g2o/g2o/core/solver.h
[8.882s] -- Up-to-date: /cc_ws/tros_ws/install/include/orb_slam3/Thirdparty//g2o/g2o/core/marginal_covariance_cholesky.cpp
[8.882s] -- Up-to-date: /cc_ws/tros_ws/install/include/orb_slam3/Thirdparty//g2o/g2o/core/parameter_container.h
[8.882s] -- Up-to-date: /cc_ws/tros_ws/install/include/orb_slam3/Thirdparty//g2o/g2o/core/linear_solver.h
[8.882s] -- Up-to-date: /cc_ws/tros_ws/install/include/orb_slam3/Thirdparty//g2o/g2o/core/batch_stats.h
[8.883s] -- Up-to-date: /cc_ws/tros_ws/install/include/orb_slam3/Thirdparty//g2o/g2o/core/factory.h
[8.883s] -- Up-to-date: /cc_ws/tros_ws/install/include/orb_slam3/Thirdparty//g2o/g2o/core/optimizable_graph.cpp
[8.883s] -- Up-to-date: /cc_ws/tros_ws/install/include/orb_slam3/Thirdparty//g2o/g2o/core/openmp_mutex.h
[8.883s] -- Up-to-date: /cc_ws/tros_ws/install/include/orb_slam3/Thirdparty//g2o/g2o/core/base_unary_edge.hpp
[8.883s] -- Up-to-date: /cc_ws/tros_ws/install/include/orb_slam3/Thirdparty//g2o/g2o/core/base_vertex.hpp
[8.884s] -- Up-to-date: /cc_ws/tros_ws/install/include/orb_slam3/Thirdparty//g2o/g2o/core/creators.h
[8.884s] -- Up-to-date: /cc_ws/tros_ws/install/include/orb_slam3/Thirdparty//g2o/g2o/core/base_multi_edge.h
[8.884s] -- Up-to-date: /cc_ws/tros_ws/install/include/orb_slam3/Thirdparty//g2o/g2o/core/parameter.h
[8.900s] -- Up-to-date: /cc_ws/tros_ws/install/include/orb_slam3/Thirdparty//g2o/g2o/core/optimization_algorithm_levenberg.cpp
[8.900s] -- Up-to-date: /cc_ws/tros_ws/install/include/orb_slam3/Thirdparty//g2o/g2o/core/hyper_graph.h
[8.900s] -- Up-to-date: /cc_ws/tros_ws/install/include/orb_slam3/Thirdparty//g2o/g2o/core/block_solver.hpp
[8.900s] -- Up-to-date: /cc_ws/tros_ws/install/include/orb_slam3/Thirdparty//g2o/g2o/core/hyper_dijkstra.cpp
[8.900s] -- Up-to-date: /cc_ws/tros_ws/install/include/orb_slam3/Thirdparty//g2o/g2o/core/optimization_algorithm_gauss_newton.h
[8.901s] -- Up-to-date: /cc_ws/tros_ws/install/include/orb_slam3/Thirdparty//g2o/g2o/core/hyper_dijkstra.h
[8.901s] -- Up-to-date: /cc_ws/tros_ws/install/include/orb_slam3/Thirdparty//g2o/g2o/core/base_multi_edge.hpp
[8.901s] -- Up-to-date: /cc_ws/tros_ws/install/include/orb_slam3/Thirdparty//g2o/g2o/core/cache.h
[8.902s] -- Up-to-date: /cc_ws/tros_ws/install/include/orb_slam3/Thirdparty//g2o/g2o/core/base_edge.h
[8.902s] -- Up-to-date: /cc_ws/tros_ws/install/include/orb_slam3/Thirdparty//g2o/config.h.in
[8.902s] -- Up-to-date: /cc_ws/tros_ws/install/include/orb_slam3/Thirdparty//DBoW2
[8.902s] -- Up-to-date: /cc_ws/tros_ws/install/include/orb_slam3/Thirdparty//DBoW2/CMakeLists.txt
[8.903s] -- Up-to-date: /cc_ws/tros_ws/install/include/orb_slam3/Thirdparty//DBoW2/README.txt
[8.903s] -- Up-to-date: /cc_ws/tros_ws/install/include/orb_slam3/Thirdparty//DBoW2/DUtils
[8.903s] -- Up-to-date: /cc_ws/tros_ws/install/include/orb_slam3/Thirdparty//DBoW2/DUtils/Timestamp.cpp
[8.903s] -- Up-to-date: /cc_ws/tros_ws/install/include/orb_slam3/Thirdparty//DBoW2/DUtils/Random.cpp
[8.904s] -- Up-to-date: /cc_ws/tros_ws/install/include/orb_slam3/Thirdparty//DBoW2/DUtils/Timestamp.h
[8.904s] -- Up-to-date: /cc_ws/tros_ws/install/include/orb_slam3/Thirdparty//DBoW2/DUtils/Random.h
[8.904s] -- Up-to-date: /cc_ws/tros_ws/install/include/orb_slam3/Thirdparty//DBoW2/DBoW2
[8.904s] -- Up-to-date: /cc_ws/tros_ws/install/include/orb_slam3/Thirdparty//DBoW2/DBoW2/FORB.h
[8.904s] -- Up-to-date: /cc_ws/tros_ws/install/include/orb_slam3/Thirdparty//DBoW2/DBoW2/FeatureVector.cpp
[8.905s] -- Up-to-date: /cc_ws/tros_ws/install/include/orb_slam3/Thirdparty//DBoW2/DBoW2/TemplatedVocabulary.h
[8.905s] -- Up-to-date: /cc_ws/tros_ws/install/include/orb_slam3/Thirdparty//DBoW2/DBoW2/BowVector.h
[8.905s] -- Up-to-date: /cc_ws/tros_ws/install/include/orb_slam3/Thirdparty//DBoW2/DBoW2/ScoringObject.cpp
[8.905s] -- Up-to-date: /cc_ws/tros_ws/install/include/orb_slam3/Thirdparty//DBoW2/DBoW2/BowVector.cpp
[8.905s] -- Up-to-date: /cc_ws/tros_ws/install/include/orb_slam3/Thirdparty//DBoW2/DBoW2/FORB.cpp
[8.906s] -- Up-to-date: /cc_ws/tros_ws/install/include/orb_slam3/Thirdparty//DBoW2/DBoW2/ScoringObject.h
[8.910s] -- Up-to-date: /cc_ws/tros_ws/install/include/orb_slam3/Thirdparty//DBoW2/DBoW2/FeatureVector.h
[8.910s] -- Up-to-date: /cc_ws/tros_ws/install/include/orb_slam3/Thirdparty//DBoW2/DBoW2/FClass.h
[8.910s] -- Up-to-date: /cc_ws/tros_ws/install/lib/liborb_slam3.so
[8.911s] -- Up-to-date: /cc_ws/tros_ws/install/lib/libDBoW2.so
[8.912s] -- Up-to-date: /cc_ws/tros_ws/install/lib/libg2o.so
[8.912s] -- Up-to-date: /cc_ws/tros_ws/install/share/orb_slam3/Examples
[8.924s] -- Up-to-date: /cc_ws/tros_ws/install/share/orb_slam3/Examples/RGB-D-Inertial
[8.924s] -- Up-to-date: /cc_ws/tros_ws/install/share/orb_slam3/Examples/RGB-D-Inertial/RealSense_D435i.yaml
[8.925s] -- Up-to-date: /cc_ws/tros_ws/install/share/orb_slam3/Examples/RGB-D-Inertial/rgbd_inertial_realsense_D435i.cc
[8.925s] -- Up-to-date: /cc_ws/tros_ws/install/share/orb_slam3/Examples/Monocular-Inertial
[8.925s] -- Up-to-date: /cc_ws/tros_ws/install/share/orb_slam3/Examples/Monocular-Inertial/EuRoC_TimeStamps
[8.925s] -- Up-to-date: /cc_ws/tros_ws/install/share/orb_slam3/Examples/Monocular-Inertial/EuRoC_TimeStamps/V202.txt
[8.926s] -- Up-to-date: /cc_ws/tros_ws/install/share/orb_slam3/Examples/Monocular-Inertial/EuRoC_TimeStamps/MH03.txt
[8.926s] -- Up-to-date: /cc_ws/tros_ws/install/share/orb_slam3/Examples/Monocular-Inertial/EuRoC_TimeStamps/V101.txt
[8.926s] -- Up-to-date: /cc_ws/tros_ws/install/share/orb_slam3/Examples/Monocular-Inertial/EuRoC_TimeStamps/MH05.txt
[8.926s] -- Up-to-date: /cc_ws/tros_ws/install/share/orb_slam3/Examples/Monocular-Inertial/EuRoC_TimeStamps/V201.txt
[8.927s] -- Up-to-date: /cc_ws/tros_ws/install/share/orb_slam3/Examples/Monocular-Inertial/EuRoC_TimeStamps/MH01.txt
[8.927s] -- Up-to-date: /cc_ws/tros_ws/install/share/orb_slam3/Examples/Monocular-Inertial/EuRoC_TimeStamps/V102.txt
[8.927s] -- Up-to-date: /cc_ws/tros_ws/install/share/orb_slam3/Examples/Monocular-Inertial/EuRoC_TimeStamps/MH04.txt
[8.928s] -- Up-to-date: /cc_ws/tros_ws/install/share/orb_slam3/Examples/Monocular-Inertial/EuRoC_TimeStamps/V103.txt
[8.928s] -- Up-to-date: /cc_ws/tros_ws/install/share/orb_slam3/Examples/Monocular-Inertial/EuRoC_TimeStamps/MH02.txt
[8.928s] -- Up-to-date: /cc_ws/tros_ws/install/share/orb_slam3/Examples/Monocular-Inertial/EuRoC_TimeStamps/V203.txt
[8.928s] -- Up-to-date: /cc_ws/tros_ws/install/share/orb_slam3/Examples/Monocular-Inertial/TUM_TimeStamps
[8.929s] -- Up-to-date: /cc_ws/tros_ws/install/share/orb_slam3/Examples/Monocular-Inertial/TUM_TimeStamps/dataset-outdoors4_512.txt
[8.929s] -- Up-to-date: /cc_ws/tros_ws/install/share/orb_slam3/Examples/Monocular-Inertial/TUM_TimeStamps/dataset-magistrale2_512.txt
[8.929s] -- Up-to-date: /cc_ws/tros_ws/install/share/orb_slam3/Examples/Monocular-Inertial/TUM_TimeStamps/dataset-corridor1_512.txt
[8.929s] -- Up-to-date: /cc_ws/tros_ws/install/share/orb_slam3/Examples/Monocular-Inertial/TUM_TimeStamps/dataset-room1_512.txt
[8.930s] -- Up-to-date: /cc_ws/tros_ws/install/share/orb_slam3/Examples/Monocular-Inertial/TUM_TimeStamps/dataset-corridor2_1024.txt
[8.930s] -- Up-to-date: /cc_ws/tros_ws/install/share/orb_slam3/Examples/Monocular-Inertial/TUM_TimeStamps/dataset-magistrale4_512.txt
[8.930s] -- Up-to-date: /cc_ws/tros_ws/install/share/orb_slam3/Examples/Monocular-Inertial/TUM_TimeStamps/dataset-corridor2_512.txt
[8.930s] -- Up-to-date: /cc_ws/tros_ws/install/share/orb_slam3/Examples/Monocular-Inertial/TUM_TimeStamps/dataset-slides3_512.txt
[8.931s] -- Up-to-date: /cc_ws/tros_ws/install/share/orb_slam3/Examples/Monocular-Inertial/TUM_TimeStamps/dataset-magistrale3_512.txt
[8.931s] -- Up-to-date: /cc_ws/tros_ws/install/share/orb_slam3/Examples/Monocular-Inertial/TUM_TimeStamps/dataset-slides2_512.txt
[8.931s] -- Up-to-date: /cc_ws/tros_ws/install/share/orb_slam3/Examples/Monocular-Inertial/TUM_TimeStamps/dataset-corridor3_512.txt
[8.931s] -- Up-to-date: /cc_ws/tros_ws/install/share/orb_slam3/Examples/Monocular-Inertial/TUM_TimeStamps/dataset-outdoors3_512.txt
[8.931s] -- Up-to-date: /cc_ws/tros_ws/install/share/orb_slam3/Examples/Monocular-Inertial/TUM_TimeStamps/dataset-slides1_512.txt
[8.932s] -- Up-to-date: /cc_ws/tros_ws/install/share/orb_slam3/Examples/Monocular-Inertial/TUM_TimeStamps/dataset-corridor5_512.txt
[8.932s] -- Up-to-date: /cc_ws/tros_ws/install/share/orb_slam3/Examples/Monocular-Inertial/TUM_TimeStamps/dataset-magistrale1_512.txt
[8.932s] -- Up-to-date: /cc_ws/tros_ws/install/share/orb_slam3/Examples/Monocular-Inertial/TUM_TimeStamps/dataset-magistrale6_512.txt
[8.932s] -- Up-to-date: /cc_ws/tros_ws/install/share/orb_slam3/Examples/Monocular-Inertial/TUM_TimeStamps/dataset-outdoors7_512.txt
[8.933s] -- Up-to-date: /cc_ws/tros_ws/install/share/orb_slam3/Examples/Monocular-Inertial/TUM_TimeStamps/dataset-outdoors1_512.txt
[8.933s] -- Up-to-date: /cc_ws/tros_ws/install/share/orb_slam3/Examples/Monocular-Inertial/TUM_TimeStamps/dataset-corridor4_512.txt
[8.933s] -- Up-to-date: /cc_ws/tros_ws/install/share/orb_slam3/Examples/Monocular-Inertial/TUM_TimeStamps/dataset-outdoors2_512.txt
[8.933s] -- Up-to-date: /cc_ws/tros_ws/install/share/orb_slam3/Examples/Monocular-Inertial/TUM_TimeStamps/dataset-outdoors8_512.txt
[8.934s] -- Up-to-date: /cc_ws/tros_ws/install/share/orb_slam3/Examples/Monocular-Inertial/TUM_TimeStamps/dataset-room6_512.txt
[8.934s] -- Up-to-date: /cc_ws/tros_ws/install/share/orb_slam3/Examples/Monocular-Inertial/TUM_TimeStamps/dataset-room5_512.txt
[8.934s] -- Up-to-date: /cc_ws/tros_ws/install/share/orb_slam3/Examples/Monocular-Inertial/TUM_TimeStamps/dataset-outdoors5_512.txt
[8.934s] -- Up-to-date: /cc_ws/tros_ws/install/share/orb_slam3/Examples/Monocular-Inertial/TUM_TimeStamps/dataset-magistrale5_512.txt
[8.934s] -- Up-to-date: /cc_ws/tros_ws/install/share/orb_slam3/Examples/Monocular-Inertial/TUM_TimeStamps/dataset-room4_512.txt
[8.935s] -- Up-to-date: /cc_ws/tros_ws/install/share/orb_slam3/Examples/Monocular-Inertial/TUM_TimeStamps/dataset-room3_512.txt
[8.935s] -- Up-to-date: /cc_ws/tros_ws/install/share/orb_slam3/Examples/Monocular-Inertial/TUM_TimeStamps/dataset-room2_512.txt
[8.935s] -- Up-to-date: /cc_ws/tros_ws/install/share/orb_slam3/Examples/Monocular-Inertial/TUM_TimeStamps/dataset-outdoors6_512.txt
[8.935s] -- Up-to-date: /cc_ws/tros_ws/install/share/orb_slam3/Examples/Monocular-Inertial/TUM-VI_far.yaml
[8.936s] -- Up-to-date: /cc_ws/tros_ws/install/share/orb_slam3/Examples/Monocular-Inertial/RealSense_D435i.yaml
[8.936s] -- Up-to-date: /cc_ws/tros_ws/install/share/orb_slam3/Examples/Monocular-Inertial/mono_inertial_tum_vi
[8.936s] -- Up-to-date: /cc_ws/tros_ws/install/share/orb_slam3/Examples/Monocular-Inertial/mono_inertial_tum_vi.cc
[8.936s] -- Up-to-date: /cc_ws/tros_ws/install/share/orb_slam3/Examples/Monocular-Inertial/TUM-VI.yaml
[8.936s] -- Up-to-date: /cc_ws/tros_ws/install/share/orb_slam3/Examples/Monocular-Inertial/mono_inertial_realsense_D435i_image.cc
[8.937s] -- Up-to-date: /cc_ws/tros_ws/install/share/orb_slam3/Examples/Monocular-Inertial/TUM_IMU
[8.937s] -- Up-to-date: /cc_ws/tros_ws/install/share/orb_slam3/Examples/Monocular-Inertial/TUM_IMU/dataset-outdoors4_512.txt
[8.937s] -- Up-to-date: /cc_ws/tros_ws/install/share/orb_slam3/Examples/Monocular-Inertial/TUM_IMU/dataset-magistrale2_512.txt
[8.937s] -- Up-to-date: /cc_ws/tros_ws/install/share/orb_slam3/Examples/Monocular-Inertial/TUM_IMU/dataset-corridor1_512.txt
[8.938s] -- Up-to-date: /cc_ws/tros_ws/install/share/orb_slam3/Examples/Monocular-Inertial/TUM_IMU/dataset-room1_512.txt
[8.938s] -- Up-to-date: /cc_ws/tros_ws/install/share/orb_slam3/Examples/Monocular-Inertial/TUM_IMU/dataset-corridor2_1024.txt
[8.938s] -- Up-to-date: /cc_ws/tros_ws/install/share/orb_slam3/Examples/Monocular-Inertial/TUM_IMU/dataset-magistrale4_512.txt
[8.938s] -- Up-to-date: /cc_ws/tros_ws/install/share/orb_slam3/Examples/Monocular-Inertial/TUM_IMU/dataset-corridor2_512.txt
[8.939s] -- Up-to-date: /cc_ws/tros_ws/install/share/orb_slam3/Examples/Monocular-Inertial/TUM_IMU/dataset-slides3_512.txt
[8.939s] -- Up-to-date: /cc_ws/tros_ws/install/share/orb_slam3/Examples/Monocular-Inertial/TUM_IMU/dataset-magistrale3_512.txt
[8.939s] -- Up-to-date: /cc_ws/tros_ws/install/share/orb_slam3/Examples/Monocular-Inertial/TUM_IMU/dataset-slides2_512.txt
[8.951s] -- Up-to-date: /cc_ws/tros_ws/install/share/orb_slam3/Examples/Monocular-Inertial/TUM_IMU/dataset-corridor3_512.txt
[8.952s] -- Up-to-date: /cc_ws/tros_ws/install/share/orb_slam3/Examples/Monocular-Inertial/TUM_IMU/dataset-outdoors3_512.txt
[8.952s] -- Up-to-date: /cc_ws/tros_ws/install/share/orb_slam3/Examples/Monocular-Inertial/TUM_IMU/dataset-slides1_512.txt
[8.953s] -- Up-to-date: /cc_ws/tros_ws/install/share/orb_slam3/Examples/Monocular-Inertial/TUM_IMU/dataset-corridor5_512.txt
[8.953s] -- Up-to-date: /cc_ws/tros_ws/install/share/orb_slam3/Examples/Monocular-Inertial/TUM_IMU/dataset-magistrale1_512.txt
[8.953s] -- Up-to-date: /cc_ws/tros_ws/install/share/orb_slam3/Examples/Monocular-Inertial/TUM_IMU/dataset-magistrale6_512.txt
[8.953s] -- Up-to-date: /cc_ws/tros_ws/install/share/orb_slam3/Examples/Monocular-Inertial/TUM_IMU/dataset-outdoors7_512.txt
[8.954s] -- Up-to-date: /cc_ws/tros_ws/install/share/orb_slam3/Examples/Monocular-Inertial/TUM_IMU/dataset-outdoors1_512.txt
[8.954s] -- Up-to-date: /cc_ws/tros_ws/install/share/orb_slam3/Examples/Monocular-Inertial/TUM_IMU/dataset-corridor4_512.txt
[8.954s] -- Up-to-date: /cc_ws/tros_ws/install/share/orb_slam3/Examples/Monocular-Inertial/TUM_IMU/dataset-outdoors2_512.txt
[8.954s] -- Up-to-date: /cc_ws/tros_ws/install/share/orb_slam3/Examples/Monocular-Inertial/TUM_IMU/dataset-outdoors8_512.txt
[8.954s] -- Up-to-date: /cc_ws/tros_ws/install/share/orb_slam3/Examples/Monocular-Inertial/TUM_IMU/dataset-room6_512.txt
[8.955s] -- Up-to-date: /cc_ws/tros_ws/install/share/orb_slam3/Examples/Monocular-Inertial/TUM_IMU/dataset-room5_512.txt
[8.955s] -- Up-to-date: /cc_ws/tros_ws/install/share/orb_slam3/Examples/Monocular-Inertial/TUM_IMU/dataset-outdoors5_512.txt
[8.955s] -- Up-to-date: /cc_ws/tros_ws/install/share/orb_slam3/Examples/Monocular-Inertial/TUM_IMU/dataset-magistrale5_512.txt
[8.955s] -- Up-to-date: /cc_ws/tros_ws/install/share/orb_slam3/Examples/Monocular-Inertial/TUM_IMU/dataset-room4_512.txt
[8.956s] -- Up-to-date: /cc_ws/tros_ws/install/share/orb_slam3/Examples/Monocular-Inertial/TUM_IMU/dataset-room3_512.txt
[8.956s] -- Up-to-date: /cc_ws/tros_ws/install/share/orb_slam3/Examples/Monocular-Inertial/TUM_IMU/dataset-room2_512.txt
[8.956s] -- Up-to-date: /cc_ws/tros_ws/install/share/orb_slam3/Examples/Monocular-Inertial/TUM_IMU/dataset-outdoors6_512.txt
[8.957s] -- Up-to-date: /cc_ws/tros_ws/install/share/orb_slam3/Examples/Monocular-Inertial/mono_inertial_euroc
[8.957s] -- Up-to-date: /cc_ws/tros_ws/install/share/orb_slam3/Examples/Monocular-Inertial/EuRoC_IMU
[8.957s] -- Up-to-date: /cc_ws/tros_ws/install/share/orb_slam3/Examples/Monocular-Inertial/EuRoC_IMU/V202.txt
[8.957s] -- Up-to-date: /cc_ws/tros_ws/install/share/orb_slam3/Examples/Monocular-Inertial/EuRoC_IMU/MH03.txt
[8.957s] -- Up-to-date: /cc_ws/tros_ws/install/share/orb_slam3/Examples/Monocular-Inertial/EuRoC_IMU/V101.txt
[8.958s] -- Up-to-date: /cc_ws/tros_ws/install/share/orb_slam3/Examples/Monocular-Inertial/EuRoC_IMU/MH05.txt
[8.958s] -- Up-to-date: /cc_ws/tros_ws/install/share/orb_slam3/Examples/Monocular-Inertial/EuRoC_IMU/V201.txt
[8.958s] -- Up-to-date: /cc_ws/tros_ws/install/share/orb_slam3/Examples/Monocular-Inertial/EuRoC_IMU/MH01.txt
[8.958s] -- Up-to-date: /cc_ws/tros_ws/install/share/orb_slam3/Examples/Monocular-Inertial/EuRoC_IMU/V102.txt
[8.959s] -- Up-to-date: /cc_ws/tros_ws/install/share/orb_slam3/Examples/Monocular-Inertial/EuRoC_IMU/MH04.txt
[8.959s] -- Up-to-date: /cc_ws/tros_ws/install/share/orb_slam3/Examples/Monocular-Inertial/EuRoC_IMU/V103.txt
[8.959s] -- Up-to-date: /cc_ws/tros_ws/install/share/orb_slam3/Examples/Monocular-Inertial/EuRoC_IMU/MH02.txt
[8.959s] -- Up-to-date: /cc_ws/tros_ws/install/share/orb_slam3/Examples/Monocular-Inertial/EuRoC_IMU/V203.txt
[8.963s] -- Up-to-date: /cc_ws/tros_ws/install/share/orb_slam3/Examples/Monocular-Inertial/mono_inertial_realsense_D435i.cc
[8.963s] -- Up-to-date: /cc_ws/tros_ws/install/share/orb_slam3/Examples/Monocular-Inertial/mono_inertial_realsense_D435i_image
[8.963s] -- Up-to-date: /cc_ws/tros_ws/install/share/orb_slam3/Examples/Monocular-Inertial/mono_inertial_realsense_t265.cc
[8.963s] -- Up-to-date: /cc_ws/tros_ws/install/share/orb_slam3/Examples/Monocular-Inertial/RealSense_T265.yaml
[8.964s] -- Up-to-date: /cc_ws/tros_ws/install/share/orb_slam3/Examples/Monocular-Inertial/EuRoC.yaml
[8.964s] -- Up-to-date: /cc_ws/tros_ws/install/share/orb_slam3/Examples/Monocular-Inertial/mono_inertial_euroc.cc
[8.964s] -- Up-to-date: /cc_ws/tros_ws/install/share/orb_slam3/Examples/REAMDME.md
[8.964s] -- Up-to-date: /cc_ws/tros_ws/install/share/orb_slam3/Examples/Monocular
[8.965s] -- Up-to-date: /cc_ws/tros_ws/install/share/orb_slam3/Examples/Monocular/mono_euroc
[8.965s] -- Up-to-date: /cc_ws/tros_ws/install/share/orb_slam3/Examples/Monocular/KITTI04-12.yaml
[8.965s] -- Up-to-date: /cc_ws/tros_ws/install/share/orb_slam3/Examples/Monocular/mono_realsense_D435i_image
[8.965s] -- Up-to-date: /cc_ws/tros_ws/install/share/orb_slam3/Examples/Monocular/EuRoC_TimeStamps
[8.965s] -- Up-to-date: /cc_ws/tros_ws/install/share/orb_slam3/Examples/Monocular/EuRoC_TimeStamps/V202.txt
[8.966s] -- Up-to-date: /cc_ws/tros_ws/install/share/orb_slam3/Examples/Monocular/EuRoC_TimeStamps/MH03.txt
[8.966s] -- Up-to-date: /cc_ws/tros_ws/install/share/orb_slam3/Examples/Monocular/EuRoC_TimeStamps/V101.txt
[8.966s] -- Up-to-date: /cc_ws/tros_ws/install/share/orb_slam3/Examples/Monocular/EuRoC_TimeStamps/MH05.txt
[8.966s] -- Up-to-date: /cc_ws/tros_ws/install/share/orb_slam3/Examples/Monocular/EuRoC_TimeStamps/V201.txt
[8.966s] -- Up-to-date: /cc_ws/tros_ws/install/share/orb_slam3/Examples/Monocular/EuRoC_TimeStamps/MH01.txt
[8.967s] -- Up-to-date: /cc_ws/tros_ws/install/share/orb_slam3/Examples/Monocular/EuRoC_TimeStamps/V102.txt
[8.967s] -- Up-to-date: /cc_ws/tros_ws/install/share/orb_slam3/Examples/Monocular/EuRoC_TimeStamps/MH04.txt
[8.967s] -- Up-to-date: /cc_ws/tros_ws/install/share/orb_slam3/Examples/Monocular/EuRoC_TimeStamps/V103.txt
[8.967s] -- Up-to-date: /cc_ws/tros_ws/install/share/orb_slam3/Examples/Monocular/EuRoC_TimeStamps/MH02.txt
[8.968s] -- Up-to-date: /cc_ws/tros_ws/install/share/orb_slam3/Examples/Monocular/EuRoC_TimeStamps/V203.txt
[8.968s] -- Up-to-date: /cc_ws/tros_ws/install/share/orb_slam3/Examples/Monocular/TUM3.yaml
[8.968s] -- Up-to-date: /cc_ws/tros_ws/install/share/orb_slam3/Examples/Monocular/TUM_TimeStamps
[8.969s] -- Up-to-date: /cc_ws/tros_ws/install/share/orb_slam3/Examples/Monocular/TUM_TimeStamps/dataset-outdoors4_512.txt
[8.969s] -- Up-to-date: /cc_ws/tros_ws/install/share/orb_slam3/Examples/Monocular/TUM_TimeStamps/dataset-magistrale2_512.txt
[8.970s] -- Up-to-date: /cc_ws/tros_ws/install/share/orb_slam3/Examples/Monocular/TUM_TimeStamps/dataset-corridor1_512.txt
[8.970s] -- Up-to-date: /cc_ws/tros_ws/install/share/orb_slam3/Examples/Monocular/TUM_TimeStamps/dataset-room1_512.txt
[8.970s] -- Up-to-date: /cc_ws/tros_ws/install/share/orb_slam3/Examples/Monocular/TUM_TimeStamps/dataset-corridor2_1024.txt
[8.970s] -- Up-to-date: /cc_ws/tros_ws/install/share/orb_slam3/Examples/Monocular/TUM_TimeStamps/dataset-magistrale4_512.txt
[8.971s] -- Up-to-date: /cc_ws/tros_ws/install/share/orb_slam3/Examples/Monocular/TUM_TimeStamps/dataset-corridor2_512.txt
[8.971s] -- Up-to-date: /cc_ws/tros_ws/install/share/orb_slam3/Examples/Monocular/TUM_TimeStamps/dataset-slides3_512.txt
[8.971s] -- Up-to-date: /cc_ws/tros_ws/install/share/orb_slam3/Examples/Monocular/TUM_TimeStamps/dataset-magistrale3_512.txt
[8.971s] -- Up-to-date: /cc_ws/tros_ws/install/share/orb_slam3/Examples/Monocular/TUM_TimeStamps/dataset-slides2_512.txt
[8.972s] -- Up-to-date: /cc_ws/tros_ws/install/share/orb_slam3/Examples/Monocular/TUM_TimeStamps/dataset-corridor3_512.txt
[8.972s] -- Up-to-date: /cc_ws/tros_ws/install/share/orb_slam3/Examples/Monocular/TUM_TimeStamps/dataset-outdoors3_512.txt
[8.972s] -- Up-to-date: /cc_ws/tros_ws/install/share/orb_slam3/Examples/Monocular/TUM_TimeStamps/dataset-slides1_512.txt
[8.972s] -- Up-to-date: /cc_ws/tros_ws/install/share/orb_slam3/Examples/Monocular/TUM_TimeStamps/dataset-corridor5_512.txt
[8.973s] -- Up-to-date: /cc_ws/tros_ws/install/share/orb_slam3/Examples/Monocular/TUM_TimeStamps/dataset-magistrale1_512.txt
[8.973s] -- Up-to-date: /cc_ws/tros_ws/install/share/orb_slam3/Examples/Monocular/TUM_TimeStamps/dataset-magistrale6_512.txt
[8.973s] -- Up-to-date: /cc_ws/tros_ws/install/share/orb_slam3/Examples/Monocular/TUM_TimeStamps/dataset-outdoors7_512.txt
[8.973s] -- Up-to-date: /cc_ws/tros_ws/install/share/orb_slam3/Examples/Monocular/TUM_TimeStamps/dataset-outdoors1_512.txt
[8.973s] -- Up-to-date: /cc_ws/tros_ws/install/share/orb_slam3/Examples/Monocular/TUM_TimeStamps/dataset-corridor4_512.txt
[8.974s] -- Up-to-date: /cc_ws/tros_ws/install/share/orb_slam3/Examples/Monocular/TUM_TimeStamps/dataset-outdoors2_512.txt
[8.974s] -- Up-to-date: /cc_ws/tros_ws/install/share/orb_slam3/Examples/Monocular/TUM_TimeStamps/dataset-outdoors8_512.txt
[8.974s] -- Up-to-date: /cc_ws/tros_ws/install/share/orb_slam3/Examples/Monocular/TUM_TimeStamps/dataset-room6_512.txt
[8.974s] -- Up-to-date: /cc_ws/tros_ws/install/share/orb_slam3/Examples/Monocular/TUM_TimeStamps/dataset-room5_512.txt
[8.975s] -- Up-to-date: /cc_ws/tros_ws/install/share/orb_slam3/Examples/Monocular/TUM_TimeStamps/dataset-outdoors5_512.txt
[8.975s] -- Up-to-date: /cc_ws/tros_ws/install/share/orb_slam3/Examples/Monocular/TUM_TimeStamps/dataset-magistrale5_512.txt
[8.975s] -- Up-to-date: /cc_ws/tros_ws/install/share/orb_slam3/Examples/Monocular/TUM_TimeStamps/dataset-room4_512.txt
[8.975s] -- Up-to-date: /cc_ws/tros_ws/install/share/orb_slam3/Examples/Monocular/TUM_TimeStamps/dataset-room3_512.txt
[8.976s] -- Up-to-date: /cc_ws/tros_ws/install/share/orb_slam3/Examples/Monocular/TUM_TimeStamps/dataset-room2_512.txt
[8.976s] -- Up-to-date: /cc_ws/tros_ws/install/share/orb_slam3/Examples/Monocular/TUM_TimeStamps/dataset-outdoors6_512.txt
[8.976s] -- Up-to-date: /cc_ws/tros_ws/install/share/orb_slam3/Examples/Monocular/mono_tum_vi
[8.976s] -- Up-to-date: /cc_ws/tros_ws/install/share/orb_slam3/Examples/Monocular/mono_realsense_D435i.cc
[8.977s] -- Up-to-date: /cc_ws/tros_ws/install/share/orb_slam3/Examples/Monocular/RealSense_D435i.yaml
[8.977s] -- Up-to-date: /cc_ws/tros_ws/install/share/orb_slam3/Examples/Monocular/mono_realsense_D435i_image.cc
[8.980s] -- Up-to-date: /cc_ws/tros_ws/install/share/orb_slam3/Examples/Monocular/TUM-VI.yaml
[8.981s] -- Up-to-date: /cc_ws/tros_ws/install/share/orb_slam3/Examples/Monocular/mono_euroc.cc
[8.981s] -- Up-to-date: /cc_ws/tros_ws/install/share/orb_slam3/Examples/Monocular/mono_kitti.cc
[8.981s] -- Up-to-date: /cc_ws/tros_ws/install/share/orb_slam3/Examples/Monocular/mono_tum.cc
[8.982s] -- Up-to-date: /cc_ws/tros_ws/install/share/orb_slam3/Examples/Monocular/mono_kitti
[8.982s] -- Up-to-date: /cc_ws/tros_ws/install/share/orb_slam3/Examples/Monocular/mono_tum
[8.982s] -- Up-to-date: /cc_ws/tros_ws/install/share/orb_slam3/Examples/Monocular/KITTI03.yaml
[8.982s] -- Up-to-date: /cc_ws/tros_ws/install/share/orb_slam3/Examples/Monocular/RealSense_T265.yaml
[8.983s] -- Up-to-date: /cc_ws/tros_ws/install/share/orb_slam3/Examples/Monocular/KITTI00-02.yaml
[8.983s] -- Up-to-date: /cc_ws/tros_ws/install/share/orb_slam3/Examples/Monocular/EuRoC.yaml
[8.983s] -- Up-to-date: /cc_ws/tros_ws/install/share/orb_slam3/Examples/Monocular/mono_tum_vi.cc
[8.983s] -- Up-to-date: /cc_ws/tros_ws/install/share/orb_slam3/Examples/Monocular/mono_realsense_t265.cc
[8.984s] -- Up-to-date: /cc_ws/tros_ws/install/share/orb_slam3/Examples/Monocular/TUM1.yaml
[8.984s] -- Up-to-date: /cc_ws/tros_ws/install/share/orb_slam3/Examples/Monocular/TUM2.yaml
[8.984s] -- Up-to-date: /cc_ws/tros_ws/install/share/orb_slam3/Examples/Calibration
[8.985s] -- Up-to-date: /cc_ws/tros_ws/install/share/orb_slam3/Examples/Calibration/recorder_realsense_D435i.cc
[8.986s] -- Up-to-date: /cc_ws/tros_ws/install/share/orb_slam3/Examples/Calibration/python_scripts
[8.986s] -- Up-to-date: /cc_ws/tros_ws/install/share/orb_slam3/Examples/Calibration/python_scripts/process_imu.py
[8.987s] -- Up-to-date: /cc_ws/tros_ws/install/share/orb_slam3/Examples/Calibration/create_vocabulary.cc
[8.987s] -- Up-to-date: /cc_ws/tros_ws/install/share/orb_slam3/Examples/Calibration/recorder_realsense_T265.cc
[8.987s] -- Up-to-date: /cc_ws/tros_ws/install/share/orb_slam3/Examples/Calibration/create_vocabulary
[8.987s] -- Up-to-date: /cc_ws/tros_ws/install/share/orb_slam3/Examples/Calibration/recorder_empty
[8.988s] -- Up-to-date: /cc_ws/tros_ws/install/share/orb_slam3/Examples/Calibration/recorder_empty/april_6x6_80x80cm_larues.yaml
[8.988s] -- Up-to-date: /cc_ws/tros_ws/install/share/orb_slam3/Examples/Stereo-Inertial
[8.988s] -- Up-to-date: /cc_ws/tros_ws/install/share/orb_slam3/Examples/Stereo-Inertial/stereo_inertial_euroc
[8.988s] -- Up-to-date: /cc_ws/tros_ws/install/share/orb_slam3/Examples/Stereo-Inertial/EuRoC_TimeStamps
[8.989s] -- Up-to-date: /cc_ws/tros_ws/install/share/orb_slam3/Examples/Stereo-Inertial/EuRoC_TimeStamps/V202.txt
[8.989s] -- Up-to-date: /cc_ws/tros_ws/install/share/orb_slam3/Examples/Stereo-Inertial/EuRoC_TimeStamps/MH03.txt
[8.989s] -- Up-to-date: /cc_ws/tros_ws/install/share/orb_slam3/Examples/Stereo-Inertial/EuRoC_TimeStamps/V101.txt
[8.989s] -- Up-to-date: /cc_ws/tros_ws/install/share/orb_slam3/Examples/Stereo-Inertial/EuRoC_TimeStamps/MH05.txt
[8.990s] -- Up-to-date: /cc_ws/tros_ws/install/share/orb_slam3/Examples/Stereo-Inertial/EuRoC_TimeStamps/V201.txt
[8.990s] -- Up-to-date: /cc_ws/tros_ws/install/share/orb_slam3/Examples/Stereo-Inertial/EuRoC_TimeStamps/MH01.txt
[8.990s] -- Up-to-date: /cc_ws/tros_ws/install/share/orb_slam3/Examples/Stereo-Inertial/EuRoC_TimeStamps/V102.txt
[8.990s] -- Up-to-date: /cc_ws/tros_ws/install/share/orb_slam3/Examples/Stereo-Inertial/EuRoC_TimeStamps/MH04.txt
[8.991s] -- Up-to-date: /cc_ws/tros_ws/install/share/orb_slam3/Examples/Stereo-Inertial/EuRoC_TimeStamps/V203_2.txt
[8.991s] -- Up-to-date: /cc_ws/tros_ws/install/share/orb_slam3/Examples/Stereo-Inertial/EuRoC_TimeStamps/V103.txt
[8.991s] -- Up-to-date: /cc_ws/tros_ws/install/share/orb_slam3/Examples/Stereo-Inertial/EuRoC_TimeStamps/MH02.txt
[9.000s] -- Up-to-date: /cc_ws/tros_ws/install/share/orb_slam3/Examples/Stereo-Inertial/EuRoC_TimeStamps/V203.txt
[9.000s] -- Up-to-date: /cc_ws/tros_ws/install/share/orb_slam3/Examples/Stereo-Inertial/TUM_TimeStamps
[9.000s] -- Up-to-date: /cc_ws/tros_ws/install/share/orb_slam3/Examples/Stereo-Inertial/TUM_TimeStamps/dataset-outdoors4_512.txt
[9.000s] -- Up-to-date: /cc_ws/tros_ws/install/share/orb_slam3/Examples/Stereo-Inertial/TUM_TimeStamps/dataset-magistrale2_512.txt
[9.001s] -- Up-to-date: /cc_ws/tros_ws/install/share/orb_slam3/Examples/Stereo-Inertial/TUM_TimeStamps/dataset-corridor1_512.txt
[9.001s] -- Up-to-date: /cc_ws/tros_ws/install/share/orb_slam3/Examples/Stereo-Inertial/TUM_TimeStamps/dataset-room1_512.txt
[9.001s] -- Up-to-date: /cc_ws/tros_ws/install/share/orb_slam3/Examples/Stereo-Inertial/TUM_TimeStamps/dataset-corridor2_1024.txt
[9.001s] -- Up-to-date: /cc_ws/tros_ws/install/share/orb_slam3/Examples/Stereo-Inertial/TUM_TimeStamps/dataset-magistrale4_512.txt
[9.002s] -- Up-to-date: /cc_ws/tros_ws/install/share/orb_slam3/Examples/Stereo-Inertial/TUM_TimeStamps/dataset-corridor2_512.txt
[9.002s] -- Up-to-date: /cc_ws/tros_ws/install/share/orb_slam3/Examples/Stereo-Inertial/TUM_TimeStamps/dataset-slides3_512.txt
[9.002s] -- Up-to-date: /cc_ws/tros_ws/install/share/orb_slam3/Examples/Stereo-Inertial/TUM_TimeStamps/dataset-magistrale3_512.txt
[9.002s] -- Up-to-date: /cc_ws/tros_ws/install/share/orb_slam3/Examples/Stereo-Inertial/TUM_TimeStamps/dataset-slides2_512.txt
[9.002s] -- Up-to-date: /cc_ws/tros_ws/install/share/orb_slam3/Examples/Stereo-Inertial/TUM_TimeStamps/dataset-corridor3_512.txt
[9.003s] -- Up-to-date: /cc_ws/tros_ws/install/share/orb_slam3/Examples/Stereo-Inertial/TUM_TimeStamps/dataset-outdoors3_512.txt
[9.003s] -- Up-to-date: /cc_ws/tros_ws/install/share/orb_slam3/Examples/Stereo-Inertial/TUM_TimeStamps/dataset-slides1_512.txt
[9.003s] -- Up-to-date: /cc_ws/tros_ws/install/share/orb_slam3/Examples/Stereo-Inertial/TUM_TimeStamps/dataset-corridor5_512.txt
[9.007s] -- Up-to-date: /cc_ws/tros_ws/install/share/orb_slam3/Examples/Stereo-Inertial/TUM_TimeStamps/dataset-magistrale1_512.txt
[9.008s] -- Up-to-date: /cc_ws/tros_ws/install/share/orb_slam3/Examples/Stereo-Inertial/TUM_TimeStamps/dataset-magistrale6_512.txt
[9.008s] -- Up-to-date: /cc_ws/tros_ws/install/share/orb_slam3/Examples/Stereo-Inertial/TUM_TimeStamps/dataset-outdoors7_512.txt
[9.008s] -- Up-to-date: /cc_ws/tros_ws/install/share/orb_slam3/Examples/Stereo-Inertial/TUM_TimeStamps/dataset-outdoors1_512.txt
[9.009s] -- Up-to-date: /cc_ws/tros_ws/install/share/orb_slam3/Examples/Stereo-Inertial/TUM_TimeStamps/dataset-corridor4_512.txt
[9.009s] -- Up-to-date: /cc_ws/tros_ws/install/share/orb_slam3/Examples/Stereo-Inertial/TUM_TimeStamps/dataset-outdoors2_512.txt
[9.009s] -- Up-to-date: /cc_ws/tros_ws/install/share/orb_slam3/Examples/Stereo-Inertial/TUM_TimeStamps/dataset-outdoors8_512.txt
[9.009s] -- Up-to-date: /cc_ws/tros_ws/install/share/orb_slam3/Examples/Stereo-Inertial/TUM_TimeStamps/dataset-room6_512.txt
[9.010s] -- Up-to-date: /cc_ws/tros_ws/install/share/orb_slam3/Examples/Stereo-Inertial/TUM_TimeStamps/dataset-room5_512.txt
[9.010s] -- Up-to-date: /cc_ws/tros_ws/install/share/orb_slam3/Examples/Stereo-Inertial/TUM_TimeStamps/dataset-outdoors5_512.txt
[9.010s] -- Up-to-date: /cc_ws/tros_ws/install/share/orb_slam3/Examples/Stereo-Inertial/TUM_TimeStamps/dataset-magistrale5_512.txt
[9.010s] -- Up-to-date: /cc_ws/tros_ws/install/share/orb_slam3/Examples/Stereo-Inertial/TUM_TimeStamps/dataset-room4_512.txt
[9.010s] -- Up-to-date: /cc_ws/tros_ws/install/share/orb_slam3/Examples/Stereo-Inertial/TUM_TimeStamps/dataset-room3_512.txt
[9.011s] -- Up-to-date: /cc_ws/tros_ws/install/share/orb_slam3/Examples/Stereo-Inertial/TUM_TimeStamps/dataset-room2_512.txt
[9.011s] -- Up-to-date: /cc_ws/tros_ws/install/share/orb_slam3/Examples/Stereo-Inertial/TUM_TimeStamps/dataset-outdoors6_512.txt
[9.011s] -- Up-to-date: /cc_ws/tros_ws/install/share/orb_slam3/Examples/Stereo-Inertial/stereo_inertial_realsense_D435i_image
[9.011s] -- Up-to-date: /cc_ws/tros_ws/install/share/orb_slam3/Examples/Stereo-Inertial/TUM-VI_far.yaml
[9.011s] -- Up-to-date: /cc_ws/tros_ws/install/share/orb_slam3/Examples/Stereo-Inertial/stereo_inertial_euroc.cc
[9.012s] -- Up-to-date: /cc_ws/tros_ws/install/share/orb_slam3/Examples/Stereo-Inertial/RealSense_D435i.yaml
[9.012s] -- Up-to-date: /cc_ws/tros_ws/install/share/orb_slam3/Examples/Stereo-Inertial/stereo_inertial_realsense_D435i_image.cc
[9.012s] -- Up-to-date: /cc_ws/tros_ws/install/share/orb_slam3/Examples/Stereo-Inertial/TUM-VI.yaml
[9.012s] -- Up-to-date: /cc_ws/tros_ws/install/share/orb_slam3/Examples/Stereo-Inertial/TUM_IMU
[9.013s] -- Up-to-date: /cc_ws/tros_ws/install/share/orb_slam3/Examples/Stereo-Inertial/TUM_IMU/dataset-outdoors4_512.txt
[9.013s] -- Up-to-date: /cc_ws/tros_ws/install/share/orb_slam3/Examples/Stereo-Inertial/TUM_IMU/dataset-magistrale2_512.txt
[9.013s] -- Up-to-date: /cc_ws/tros_ws/install/share/orb_slam3/Examples/Stereo-Inertial/TUM_IMU/dataset-corridor1_512.txt
[9.013s] -- Up-to-date: /cc_ws/tros_ws/install/share/orb_slam3/Examples/Stereo-Inertial/TUM_IMU/dataset-room1_512.txt
[9.013s] -- Up-to-date: /cc_ws/tros_ws/install/share/orb_slam3/Examples/Stereo-Inertial/TUM_IMU/dataset-corridor2_1024.txt
[9.014s] -- Up-to-date: /cc_ws/tros_ws/install/share/orb_slam3/Examples/Stereo-Inertial/TUM_IMU/dataset-magistrale4_512.txt
[9.014s] -- Up-to-date: /cc_ws/tros_ws/install/share/orb_slam3/Examples/Stereo-Inertial/TUM_IMU/dataset-corridor2_512.txt
[9.014s] -- Up-to-date: /cc_ws/tros_ws/install/share/orb_slam3/Examples/Stereo-Inertial/TUM_IMU/dataset-slides3_512.txt
[9.014s] -- Up-to-date: /cc_ws/tros_ws/install/share/orb_slam3/Examples/Stereo-Inertial/TUM_IMU/dataset-magistrale3_512.txt
[9.015s] -- Up-to-date: /cc_ws/tros_ws/install/share/orb_slam3/Examples/Stereo-Inertial/TUM_IMU/dataset-slides2_512.txt
[9.015s] -- Up-to-date: /cc_ws/tros_ws/install/share/orb_slam3/Examples/Stereo-Inertial/TUM_IMU/dataset-corridor3_512.txt
[9.015s] -- Up-to-date: /cc_ws/tros_ws/install/share/orb_slam3/Examples/Stereo-Inertial/TUM_IMU/dataset-outdoors3_512.txt
[9.015s] -- Up-to-date: /cc_ws/tros_ws/install/share/orb_slam3/Examples/Stereo-Inertial/TUM_IMU/dataset-slides1_512.txt
[9.015s] -- Up-to-date: /cc_ws/tros_ws/install/share/orb_slam3/Examples/Stereo-Inertial/TUM_IMU/dataset-corridor5_512.txt
[9.016s] -- Up-to-date: /cc_ws/tros_ws/install/share/orb_slam3/Examples/Stereo-Inertial/TUM_IMU/dataset-magistrale1_512.txt
[9.016s] -- Up-to-date: /cc_ws/tros_ws/install/share/orb_slam3/Examples/Stereo-Inertial/TUM_IMU/dataset-magistrale6_512.txt
[9.016s] -- Up-to-date: /cc_ws/tros_ws/install/share/orb_slam3/Examples/Stereo-Inertial/TUM_IMU/dataset-outdoors7_512.txt
[9.016s] -- Up-to-date: /cc_ws/tros_ws/install/share/orb_slam3/Examples/Stereo-Inertial/TUM_IMU/dataset-outdoors1_512.txt
[9.017s] -- Up-to-date: /cc_ws/tros_ws/install/share/orb_slam3/Examples/Stereo-Inertial/TUM_IMU/dataset-corridor4_512.txt
[9.017s] -- Up-to-date: /cc_ws/tros_ws/install/share/orb_slam3/Examples/Stereo-Inertial/TUM_IMU/dataset-outdoors2_512.txt
[9.017s] -- Up-to-date: /cc_ws/tros_ws/install/share/orb_slam3/Examples/Stereo-Inertial/TUM_IMU/dataset-outdoors8_512.txt
[9.018s] -- Up-to-date: /cc_ws/tros_ws/install/share/orb_slam3/Examples/Stereo-Inertial/TUM_IMU/dataset-room6_512.txt
[9.018s] -- Up-to-date: /cc_ws/tros_ws/install/share/orb_slam3/Examples/Stereo-Inertial/TUM_IMU/dataset-room5_512.txt
[9.018s] -- Up-to-date: /cc_ws/tros_ws/install/share/orb_slam3/Examples/Stereo-Inertial/TUM_IMU/dataset-outdoors5_512.txt
[9.018s] -- Up-to-date: /cc_ws/tros_ws/install/share/orb_slam3/Examples/Stereo-Inertial/TUM_IMU/dataset-magistrale5_512.txt
[9.019s] -- Up-to-date: /cc_ws/tros_ws/install/share/orb_slam3/Examples/Stereo-Inertial/TUM_IMU/dataset-room4_512.txt
[9.019s] -- Up-to-date: /cc_ws/tros_ws/install/share/orb_slam3/Examples/Stereo-Inertial/TUM_IMU/dataset-room3_512.txt
[9.019s] -- Up-to-date: /cc_ws/tros_ws/install/share/orb_slam3/Examples/Stereo-Inertial/TUM_IMU/dataset-room2_512.txt
[9.019s] -- Up-to-date: /cc_ws/tros_ws/install/share/orb_slam3/Examples/Stereo-Inertial/TUM_IMU/dataset-outdoors6_512.txt
[9.020s] -- Up-to-date: /cc_ws/tros_ws/install/share/orb_slam3/Examples/Stereo-Inertial/stereo_inertial_tum_vi.cc
[9.020s] -- Up-to-date: /cc_ws/tros_ws/install/share/orb_slam3/Examples/Stereo-Inertial/stereo_inertial_realsense_t265.cc
[9.020s] -- Up-to-date: /cc_ws/tros_ws/install/share/orb_slam3/Examples/Stereo-Inertial/stereo_inertial_tum_vi
[9.021s] -- Up-to-date: /cc_ws/tros_ws/install/share/orb_slam3/Examples/Stereo-Inertial/stereo_inertial_realsense_D435i.cc
[9.033s] -- Up-to-date: /cc_ws/tros_ws/install/share/orb_slam3/Examples/Stereo-Inertial/EuRoC_IMU
[9.033s] -- Up-to-date: /cc_ws/tros_ws/install/share/orb_slam3/Examples/Stereo-Inertial/EuRoC_IMU/V202.txt
[9.033s] -- Up-to-date: /cc_ws/tros_ws/install/share/orb_slam3/Examples/Stereo-Inertial/EuRoC_IMU/MH03.txt
[9.033s] -- Up-to-date: /cc_ws/tros_ws/install/share/orb_slam3/Examples/Stereo-Inertial/EuRoC_IMU/V101.txt
[9.034s] -- Up-to-date: /cc_ws/tros_ws/install/share/orb_slam3/Examples/Stereo-Inertial/EuRoC_IMU/MH05.txt
[9.034s] -- Up-to-date: /cc_ws/tros_ws/install/share/orb_slam3/Examples/Stereo-Inertial/EuRoC_IMU/V201.txt
[9.034s] -- Up-to-date: /cc_ws/tros_ws/install/share/orb_slam3/Examples/Stereo-Inertial/EuRoC_IMU/MH01.txt
[9.034s] -- Up-to-date: /cc_ws/tros_ws/install/share/orb_slam3/Examples/Stereo-Inertial/EuRoC_IMU/V102.txt
[9.035s] -- Up-to-date: /cc_ws/tros_ws/install/share/orb_slam3/Examples/Stereo-Inertial/EuRoC_IMU/MH04.txt
[9.035s] -- Up-to-date: /cc_ws/tros_ws/install/share/orb_slam3/Examples/Stereo-Inertial/EuRoC_IMU/V103.txt
[9.035s] -- Up-to-date: /cc_ws/tros_ws/install/share/orb_slam3/Examples/Stereo-Inertial/EuRoC_IMU/MH02.txt
[9.035s] -- Up-to-date: /cc_ws/tros_ws/install/share/orb_slam3/Examples/Stereo-Inertial/EuRoC_IMU/V203.txt
[9.036s] -- Up-to-date: /cc_ws/tros_ws/install/share/orb_slam3/Examples/Stereo-Inertial/RealSense_T265.yaml
[9.036s] -- Up-to-date: /cc_ws/tros_ws/install/share/orb_slam3/Examples/Stereo-Inertial/EuRoC.yaml
[9.036s] -- Up-to-date: /cc_ws/tros_ws/install/share/orb_slam3/Examples/RGB-D
[9.036s] -- Up-to-date: /cc_ws/tros_ws/install/share/orb_slam3/Examples/RGB-D/rgbd_tum
[9.037s] -- Up-to-date: /cc_ws/tros_ws/install/share/orb_slam3/Examples/RGB-D/TUM3.yaml
[9.037s] -- Up-to-date: /cc_ws/tros_ws/install/share/orb_slam3/Examples/RGB-D/rgbd_realsense_D435i.cc
[9.037s] -- Up-to-date: /cc_ws/tros_ws/install/share/orb_slam3/Examples/RGB-D/RealSense_D435i.yaml
[9.037s] -- Up-to-date: /cc_ws/tros_ws/install/share/orb_slam3/Examples/RGB-D/associations
[9.038s] -- Up-to-date: /cc_ws/tros_ws/install/share/orb_slam3/Examples/RGB-D/associations/fr2_desk.txt
[9.038s] -- Up-to-date: /cc_ws/tros_ws/install/share/orb_slam3/Examples/RGB-D/associations/fr3_nstr_tex_near.txt
[9.038s] -- Up-to-date: /cc_ws/tros_ws/install/share/orb_slam3/Examples/RGB-D/associations/fr1_desk.txt
[9.038s] -- Up-to-date: /cc_ws/tros_ws/install/share/orb_slam3/Examples/RGB-D/associations/fr1_desk2.txt
[9.038s] -- Up-to-date: /cc_ws/tros_ws/install/share/orb_slam3/Examples/RGB-D/associations/fr3_str_tex_near.txt
[9.039s] -- Up-to-date: /cc_ws/tros_ws/install/share/orb_slam3/Examples/RGB-D/associations/fr3_office.txt
[9.039s] -- Up-to-date: /cc_ws/tros_ws/install/share/orb_slam3/Examples/RGB-D/associations/fr3_office_val.txt
[9.039s] -- Up-to-date: /cc_ws/tros_ws/install/share/orb_slam3/Examples/RGB-D/associations/fr1_room.txt
[9.039s] -- Up-to-date: /cc_ws/tros_ws/install/share/orb_slam3/Examples/RGB-D/associations/fr2_xyz.txt
[9.040s] -- Up-to-date: /cc_ws/tros_ws/install/share/orb_slam3/Examples/RGB-D/associations/fr3_str_tex_far.txt
[9.040s] -- Up-to-date: /cc_ws/tros_ws/install/share/orb_slam3/Examples/RGB-D/associations/fr1_xyz.txt
[9.040s] -- Up-to-date: /cc_ws/tros_ws/install/share/orb_slam3/Examples/RGB-D/rgbd_tum.cc
[9.040s] -- Up-to-date: /cc_ws/tros_ws/install/share/orb_slam3/Examples/RGB-D/TUM1.yaml
[9.040s] -- Up-to-date: /cc_ws/tros_ws/install/share/orb_slam3/Examples/RGB-D/TUM2.yaml
[9.041s] -- Up-to-date: /cc_ws/tros_ws/install/share/orb_slam3/Examples/Stereo
[9.041s] -- Up-to-date: /cc_ws/tros_ws/install/share/orb_slam3/Examples/Stereo/KITTI04-12.yaml
[9.041s] -- Up-to-date: /cc_ws/tros_ws/install/share/orb_slam3/Examples/Stereo/EuRoC_TimeStamps
[9.041s] -- Up-to-date: /cc_ws/tros_ws/install/share/orb_slam3/Examples/Stereo/EuRoC_TimeStamps/V202.txt
[9.042s] -- Up-to-date: /cc_ws/tros_ws/install/share/orb_slam3/Examples/Stereo/EuRoC_TimeStamps/MH03.txt
[9.042s] -- Up-to-date: /cc_ws/tros_ws/install/share/orb_slam3/Examples/Stereo/EuRoC_TimeStamps/V101.txt
[9.042s] -- Up-to-date: /cc_ws/tros_ws/install/share/orb_slam3/Examples/Stereo/EuRoC_TimeStamps/MH05.txt
[9.042s] -- Up-to-date: /cc_ws/tros_ws/install/share/orb_slam3/Examples/Stereo/EuRoC_TimeStamps/V201.txt
[9.043s] -- Up-to-date: /cc_ws/tros_ws/install/share/orb_slam3/Examples/Stereo/EuRoC_TimeStamps/MH01.txt
[9.043s] -- Up-to-date: /cc_ws/tros_ws/install/share/orb_slam3/Examples/Stereo/EuRoC_TimeStamps/V102.txt
[9.043s] -- Up-to-date: /cc_ws/tros_ws/install/share/orb_slam3/Examples/Stereo/EuRoC_TimeStamps/MH04.txt
[9.043s] -- Up-to-date: /cc_ws/tros_ws/install/share/orb_slam3/Examples/Stereo/EuRoC_TimeStamps/V103.txt
[9.043s] -- Up-to-date: /cc_ws/tros_ws/install/share/orb_slam3/Examples/Stereo/EuRoC_TimeStamps/MH02.txt
[9.044s] -- Up-to-date: /cc_ws/tros_ws/install/share/orb_slam3/Examples/Stereo/EuRoC_TimeStamps/V203.txt
[9.044s] -- Up-to-date: /cc_ws/tros_ws/install/share/orb_slam3/Examples/Stereo/stereo_kitti.cc
[9.044s] -- Up-to-date: /cc_ws/tros_ws/install/share/orb_slam3/Examples/Stereo/TUM_TimeStamps
[9.044s] -- Up-to-date: /cc_ws/tros_ws/install/share/orb_slam3/Examples/Stereo/TUM_TimeStamps/dataset-outdoors4_512.txt
[9.045s] -- Up-to-date: /cc_ws/tros_ws/install/share/orb_slam3/Examples/Stereo/TUM_TimeStamps/dataset-magistrale2_512.txt
[9.045s] -- Up-to-date: /cc_ws/tros_ws/install/share/orb_slam3/Examples/Stereo/TUM_TimeStamps/dataset-corridor1_512.txt
[9.045s] -- Up-to-date: /cc_ws/tros_ws/install/share/orb_slam3/Examples/Stereo/TUM_TimeStamps/dataset-room1_512.txt
[9.045s] -- Up-to-date: /cc_ws/tros_ws/install/share/orb_slam3/Examples/Stereo/TUM_TimeStamps/dataset-corridor2_1024.txt
[9.045s] -- Up-to-date: /cc_ws/tros_ws/install/share/orb_slam3/Examples/Stereo/TUM_TimeStamps/dataset-magistrale4_512.txt
[9.046s] -- Up-to-date: /cc_ws/tros_ws/install/share/orb_slam3/Examples/Stereo/TUM_TimeStamps/dataset-corridor2_512.txt
[9.046s] -- Up-to-date: /cc_ws/tros_ws/install/share/orb_slam3/Examples/Stereo/TUM_TimeStamps/dataset-slides3_512.txt
[9.046s] -- Up-to-date: /cc_ws/tros_ws/install/share/orb_slam3/Examples/Stereo/TUM_TimeStamps/dataset-magistrale3_512.txt
[9.046s] -- Up-to-date: /cc_ws/tros_ws/install/share/orb_slam3/Examples/Stereo/TUM_TimeStamps/dataset-slides2_512.txt
[9.046s] -- Up-to-date: /cc_ws/tros_ws/install/share/orb_slam3/Examples/Stereo/TUM_TimeStamps/dataset-corridor3_512.txt
[9.047s] -- Up-to-date: /cc_ws/tros_ws/install/share/orb_slam3/Examples/Stereo/TUM_TimeStamps/dataset-outdoors3_512.txt
[9.047s] -- Up-to-date: /cc_ws/tros_ws/install/share/orb_slam3/Examples/Stereo/TUM_TimeStamps/dataset-slides1_512.txt
[9.047s] -- Up-to-date: /cc_ws/tros_ws/install/share/orb_slam3/Examples/Stereo/TUM_TimeStamps/dataset-corridor5_512.txt
[9.055s] -- Up-to-date: /cc_ws/tros_ws/install/share/orb_slam3/Examples/Stereo/TUM_TimeStamps/dataset-magistrale1_512.txt
[9.056s] -- Up-to-date: /cc_ws/tros_ws/install/share/orb_slam3/Examples/Stereo/TUM_TimeStamps/dataset-magistrale6_512.txt
[9.056s] -- Up-to-date: /cc_ws/tros_ws/install/share/orb_slam3/Examples/Stereo/TUM_TimeStamps/dataset-outdoors7_512.txt
[9.056s] -- Up-to-date: /cc_ws/tros_ws/install/share/orb_slam3/Examples/Stereo/TUM_TimeStamps/dataset-outdoors1_512.txt
[9.057s] -- Up-to-date: /cc_ws/tros_ws/install/share/orb_slam3/Examples/Stereo/TUM_TimeStamps/dataset-corridor4_512.txt
[9.057s] -- Up-to-date: /cc_ws/tros_ws/install/share/orb_slam3/Examples/Stereo/TUM_TimeStamps/dataset-outdoors2_512.txt
[9.057s] -- Up-to-date: /cc_ws/tros_ws/install/share/orb_slam3/Examples/Stereo/TUM_TimeStamps/dataset-outdoors8_512.txt
[9.058s] -- Up-to-date: /cc_ws/tros_ws/install/share/orb_slam3/Examples/Stereo/TUM_TimeStamps/dataset-room6_512.txt
[9.058s] -- Up-to-date: /cc_ws/tros_ws/install/share/orb_slam3/Examples/Stereo/TUM_TimeStamps/dataset-room5_512.txt
[9.058s] -- Up-to-date: /cc_ws/tros_ws/install/share/orb_slam3/Examples/Stereo/TUM_TimeStamps/dataset-outdoors5_512.txt
[9.058s] -- Up-to-date: /cc_ws/tros_ws/install/share/orb_slam3/Examples/Stereo/TUM_TimeStamps/dataset-magistrale5_512.txt
[9.058s] -- Up-to-date: /cc_ws/tros_ws/install/share/orb_slam3/Examples/Stereo/TUM_TimeStamps/dataset-room4_512.txt
[9.059s] -- Up-to-date: /cc_ws/tros_ws/install/share/orb_slam3/Examples/Stereo/TUM_TimeStamps/dataset-room3_512.txt
[9.059s] -- Up-to-date: /cc_ws/tros_ws/install/share/orb_slam3/Examples/Stereo/TUM_TimeStamps/dataset-room2_512.txt
[9.059s] -- Up-to-date: /cc_ws/tros_ws/install/share/orb_slam3/Examples/Stereo/TUM_TimeStamps/dataset-outdoors6_512.txt
[9.059s] -- Up-to-date: /cc_ws/tros_ws/install/share/orb_slam3/Examples/Stereo/stereo_tum_vi.cc
[9.060s] -- Up-to-date: /cc_ws/tros_ws/install/share/orb_slam3/Examples/Stereo/stereo_tum_vi
[9.060s] -- Up-to-date: /cc_ws/tros_ws/install/share/orb_slam3/Examples/Stereo/RealSense_D435i.yaml
[9.060s] -- Up-to-date: /cc_ws/tros_ws/install/share/orb_slam3/Examples/Stereo/stereo_euroc.cc
[9.060s] -- Up-to-date: /cc_ws/tros_ws/install/share/orb_slam3/Examples/Stereo/stereo_realsense_t265.cc
[9.061s] -- Up-to-date: /cc_ws/tros_ws/install/share/orb_slam3/Examples/Stereo/stereo_realsense_D435i.cc
[9.061s] -- Up-to-date: /cc_ws/tros_ws/install/share/orb_slam3/Examples/Stereo/TUM-VI.yaml
[9.061s] -- Up-to-date: /cc_ws/tros_ws/install/share/orb_slam3/Examples/Stereo/stereo_kitti
[9.061s] -- Up-to-date: /cc_ws/tros_ws/install/share/orb_slam3/Examples/Stereo/KITTI03.yaml
[9.061s] -- Up-to-date: /cc_ws/tros_ws/install/share/orb_slam3/Examples/Stereo/RealSense_T265.yaml
[9.062s] -- Up-to-date: /cc_ws/tros_ws/install/share/orb_slam3/Examples/Stereo/KITTI00-02.yaml
[9.062s] -- Up-to-date: /cc_ws/tros_ws/install/share/orb_slam3/Examples/Stereo/stereo_realsense_D435i_image
[9.062s] -- Up-to-date: /cc_ws/tros_ws/install/share/orb_slam3/Examples/Stereo/EuRoC.yaml
[9.062s] -- Up-to-date: /cc_ws/tros_ws/install/share/orb_slam3/Examples/Stereo/stereo_realsense_D435i_image.cc
[9.062s] -- Up-to-date: /cc_ws/tros_ws/install/share/orb_slam3/Examples/Stereo/stereo_euroc
[9.063s] -- Up-to-date: /cc_ws/tros_ws/install/share/orb_slam3/config
[9.063s] -- Up-to-date: /cc_ws/tros_ws/install/share/orb_slam3/config/Stub
[9.063s] -- Up-to-date: /cc_ws/tros_ws/install/share/orb_slam3/Vocabulary
[9.065s] -- Up-to-date: /cc_ws/tros_ws/install/share/orb_slam3/Vocabulary/ORBvoc.txt.tar.gz
[9.066s] -- Up-to-date: /cc_ws/tros_ws/install/share/orb_slam3/environment/library_path.sh
[9.066s] -- Installing: /cc_ws/tros_ws/install/share/orb_slam3/environment/library_path.dsv
[9.066s] -- Up-to-date: /cc_ws/tros_ws/install/share/ament_index/resource_index/package_run_dependencies/orb_slam3
[9.067s] -- Up-to-date: /cc_ws/tros_ws/install/share/ament_index/resource_index/parent_prefix_path/orb_slam3
[9.067s] -- Up-to-date: /cc_ws/tros_ws/install/share/orb_slam3/environment/ament_prefix_path.sh
[9.067s] -- Installing: /cc_ws/tros_ws/install/share/orb_slam3/environment/ament_prefix_path.dsv
[9.067s] -- Up-to-date: /cc_ws/tros_ws/install/share/orb_slam3/environment/path.sh
[9.067s] -- Installing: /cc_ws/tros_ws/install/share/orb_slam3/environment/path.dsv
[9.068s] -- Up-to-date: /cc_ws/tros_ws/install/share/orb_slam3/local_setup.bash
[9.068s] -- Up-to-date: /cc_ws/tros_ws/install/share/orb_slam3/local_setup.sh
[9.068s] -- Up-to-date: /cc_ws/tros_ws/install/share/orb_slam3/local_setup.zsh
[9.068s] -- Installing: /cc_ws/tros_ws/install/share/orb_slam3/local_setup.dsv
[9.069s] -- Installing: /cc_ws/tros_ws/install/share/orb_slam3/package.dsv
[9.069s] -- Up-to-date: /cc_ws/tros_ws/install/share/ament_index/resource_index/packages/orb_slam3
[9.069s] -- Up-to-date: /cc_ws/tros_ws/install/share/orb_slam3/cmake/ament_cmake_export_libraries-extras.cmake
[9.069s] -- Up-to-date: /cc_ws/tros_ws/install/share/orb_slam3/cmake/ament_cmake_export_dependencies-extras.cmake
[9.070s] -- Up-to-date: /cc_ws/tros_ws/install/share/orb_slam3/cmake/orb_slam3Config.cmake
[9.070s] -- Up-to-date: /cc_ws/tros_ws/install/share/orb_slam3/cmake/orb_slam3Config-version.cmake
[9.070s] -- Up-to-date: /cc_ws/tros_ws/install/share/orb_slam3/package.xml
[9.071s] Invoked command in '/cc_ws/tros_ws/build/orb_slam3' returned '0': AMENT_PREFIX_PATH=/cc_ws/tros_ws/install:${AMENT_PREFIX_PATH} CMAKE_PREFIX_PATH=/cc_ws/tros_ws/install:/opt/ros/humble LD_LIBRARY_PATH=/cc_ws/tros_ws/install/lib:/opt/ros/humble/opt/rviz_ogre_vendor/lib:/opt/ros/humble/lib/aarch64-linux-gnu:/opt/ros/humble/lib:/cc_ws/userdata/hobot/opt/hobot/deps PYTHONPATH=/cc_ws/tros_ws/install/lib/python3.10/site-packages:${PYTHONPATH} /usr/bin/cmake --install /cc_ws/tros_ws/build/orb_slam3
