[0.381s] Invoking command in '/cc_ws/tros_ws/build/trigger_node_example': AMENT_PREFIX_PATH=/cc_ws/tros_ws/install:${AMENT_PREFIX_PATH} CMAKE_PREFIX_PATH=/cc_ws/tros_ws/install:/opt/ros/humble LD_LIBRARY_PATH=/cc_ws/tros_ws/install/lib:/opt/ros/humble/opt/rviz_ogre_vendor/lib:/opt/ros/humble/lib/aarch64-linux-gnu:/opt/ros/humble/lib:/cc_ws/userdata/hobot/opt/hobot/deps PYTHONPATH=/cc_ws/tros_ws/install/lib/python3.10/site-packages:/cc_ws/tros_ws/install/local/lib/python3.10/dist-packages:${PYTHONPATH} /usr/bin/cmake /cc_ws/tros_ws/src/box/hobot_trigger/trigger_node_example -DCMAKE_EXPORT_COMPILE_COMMANDS=ON --no-warn-unused-cli -DCMAKE_TOOLCHAIN_FILE=/cc_ws/tros_ws/robot_dev_config/aarch64_toolchainfile.cmake -DPLATFORM_X5=ON -DTHIRDPARTY=ON -DBUILD_TESTING=OFF -DCMAKE_BUILD_RPATH=/cc_ws/tros_ws/build/poco_vendor/poco_external_project_install/lib/;/cc_ws/tros_ws/build/libyaml_vendor/libyaml_install/lib/ -DCMAKE_INSTALL_PREFIX=/cc_ws/tros_ws/install
[2.300s] Not searching for unused variables given on the command line.
[2.300s] -- Found ament_cmake: 1.3.8 (/opt/ros/humble/share/ament_cmake/cmake)
[2.300s] -- Found ai_msgs: 2.0.1 (/cc_ws/tros_ws/robot_dev_config/../install/share/ai_msgs/cmake)
[2.300s] -- Found rosidl_generator_c: 3.1.5 (/opt/ros/humble/share/rosidl_generator_c/cmake)
[2.301s] -- Found rosidl_adapter: 3.1.5 (/opt/ros/humble/share/rosidl_adapter/cmake)
[2.301s] -- Found rosidl_generator_cpp: 3.1.5 (/opt/ros/humble/share/rosidl_generator_cpp/cmake)
[2.307s] -- Using all available rosidl_typesupport_c: rosidl_typesupport_fastrtps_c;rosidl_typesupport_introspection_c
[2.308s] -- Using all available rosidl_typesupport_cpp: rosidl_typesupport_fastrtps_cpp;rosidl_typesupport_introspection_cpp
[2.308s] [33mCMake Warning (dev) at /opt/ros/humble/share/ament_cmake_test/cmake/ament_cmake_test-extras.cmake:19 (option):
[2.308s]   Policy CMP0077 is not set: option() honors normal variables.  Run "cmake
[2.309s]   --help-policy CMP0077" for policy details.  Use the cmake_policy command to
[2.309s]   set the policy and suppress this warning.
[2.309s] 
[2.309s]   For compatibility with older versions of CMake, option is clearing the
[2.310s]   normal variable 'BUILD_TESTING'.
[2.310s] Call Stack (most recent call first):
[2.310s]   /opt/ros/humble/share/ament_cmake_test/cmake/ament_cmake_testConfig.cmake:41 (include)
[2.311s]   /opt/ros/humble/share/ament_cmake/cmake/ament_cmake_export_dependencies-extras.cmake:21 (find_package)
[2.311s]   /opt/ros/humble/share/ament_cmake/cmake/ament_cmakeConfig.cmake:41 (include)
[2.311s]   CMakeLists.txt:19 (find_package)
[2.311s] This warning is for project developers.  Use -Wno-dev to suppress it.
[2.312s] [0m
[4.084s] -- Found rclcpp: 16.0.8 (/opt/ros/humble/share/rclcpp/cmake)
[4.519s] -- Found rmw_implementation_cmake: 6.1.1 (/opt/ros/humble/share/rmw_implementation_cmake/cmake)
[4.534s] -- Found rmw_fastrtps_cpp: 6.2.6 (/opt/ros/humble/share/rmw_fastrtps_cpp/cmake)
[5.422s] -- Using RMW implementation 'rmw_fastrtps_cpp' as default
[6.785s] -- Found rosbag2_cpp: 0.15.9 (/opt/ros/humble/share/rosbag2_cpp/cmake)
[7.004s] -- Found trigger_node: 2.1.0 (/cc_ws/tros_ws/robot_dev_config/../install/share/trigger_node/cmake)
[7.021s] [0minvalid platform, build platform X3 default[0m
[7.022s] [0mPREFIX_PATH is x3[0m
[7.022s] [0mSYS_ROOT is /cc_ws/tros_ws/robot_dev_config/../../sysroot_docker[0m
[7.417s] -- Configuring done
[7.494s] -- Generating done
[7.499s] -- Build files have been written to: /cc_ws/tros_ws/build/trigger_node_example
[7.546s] Invoked command in '/cc_ws/tros_ws/build/trigger_node_example' returned '0': AMENT_PREFIX_PATH=/cc_ws/tros_ws/install:${AMENT_PREFIX_PATH} CMAKE_PREFIX_PATH=/cc_ws/tros_ws/install:/opt/ros/humble LD_LIBRARY_PATH=/cc_ws/tros_ws/install/lib:/opt/ros/humble/opt/rviz_ogre_vendor/lib:/opt/ros/humble/lib/aarch64-linux-gnu:/opt/ros/humble/lib:/cc_ws/userdata/hobot/opt/hobot/deps PYTHONPATH=/cc_ws/tros_ws/install/lib/python3.10/site-packages:/cc_ws/tros_ws/install/local/lib/python3.10/dist-packages:${PYTHONPATH} /usr/bin/cmake /cc_ws/tros_ws/src/box/hobot_trigger/trigger_node_example -DCMAKE_EXPORT_COMPILE_COMMANDS=ON --no-warn-unused-cli -DCMAKE_TOOLCHAIN_FILE=/cc_ws/tros_ws/robot_dev_config/aarch64_toolchainfile.cmake -DPLATFORM_X5=ON -DTHIRDPARTY=ON -DBUILD_TESTING=OFF -DCMAKE_BUILD_RPATH=/cc_ws/tros_ws/build/poco_vendor/poco_external_project_install/lib/;/cc_ws/tros_ws/build/libyaml_vendor/libyaml_install/lib/ -DCMAKE_INSTALL_PREFIX=/cc_ws/tros_ws/install
[7.547s] Invoking command in '/cc_ws/tros_ws/build/trigger_node_example': AMENT_PREFIX_PATH=/cc_ws/tros_ws/install:${AMENT_PREFIX_PATH} CMAKE_PREFIX_PATH=/cc_ws/tros_ws/install:/opt/ros/humble LD_LIBRARY_PATH=/cc_ws/tros_ws/install/lib:/opt/ros/humble/opt/rviz_ogre_vendor/lib:/opt/ros/humble/lib/aarch64-linux-gnu:/opt/ros/humble/lib:/cc_ws/userdata/hobot/opt/hobot/deps PYTHONPATH=/cc_ws/tros_ws/install/lib/python3.10/site-packages:/cc_ws/tros_ws/install/local/lib/python3.10/dist-packages:${PYTHONPATH} /usr/bin/cmake --build /cc_ws/tros_ws/build/trigger_node_example -- -j12 -l12
[9.803s] [35m[1mConsolidate compiler generated dependencies of target trigger_node_example[0m
[9.804s] [ 33%] [32m[1mLinking CXX executable trigger_node_example[0m
[9.894s] [100%] Built target trigger_node_example
[9.924s] Invoked command in '/cc_ws/tros_ws/build/trigger_node_example' returned '0': AMENT_PREFIX_PATH=/cc_ws/tros_ws/install:${AMENT_PREFIX_PATH} CMAKE_PREFIX_PATH=/cc_ws/tros_ws/install:/opt/ros/humble LD_LIBRARY_PATH=/cc_ws/tros_ws/install/lib:/opt/ros/humble/opt/rviz_ogre_vendor/lib:/opt/ros/humble/lib/aarch64-linux-gnu:/opt/ros/humble/lib:/cc_ws/userdata/hobot/opt/hobot/deps PYTHONPATH=/cc_ws/tros_ws/install/lib/python3.10/site-packages:/cc_ws/tros_ws/install/local/lib/python3.10/dist-packages:${PYTHONPATH} /usr/bin/cmake --build /cc_ws/tros_ws/build/trigger_node_example -- -j12 -l12
[10.177s] Invoking command in '/cc_ws/tros_ws/build/trigger_node_example': AMENT_PREFIX_PATH=/cc_ws/tros_ws/install:${AMENT_PREFIX_PATH} CMAKE_PREFIX_PATH=/cc_ws/tros_ws/install:/opt/ros/humble LD_LIBRARY_PATH=/cc_ws/tros_ws/install/lib:/opt/ros/humble/opt/rviz_ogre_vendor/lib:/opt/ros/humble/lib/aarch64-linux-gnu:/opt/ros/humble/lib:/cc_ws/userdata/hobot/opt/hobot/deps PYTHONPATH=/cc_ws/tros_ws/install/lib/python3.10/site-packages:/cc_ws/tros_ws/install/local/lib/python3.10/dist-packages:${PYTHONPATH} /usr/bin/cmake --install /cc_ws/tros_ws/build/trigger_node_example
[10.651s] -- Install configuration: ""
[10.651s] -- Installing: /cc_ws/tros_ws/install/lib/trigger_node_example/trigger_node_example
[10.652s] -- Set runtime path of "/cc_ws/tros_ws/install/lib/trigger_node_example/trigger_node_example" to ""
[10.652s] -- Up-to-date: /cc_ws/tros_ws/install/lib/trigger_node_example/config/
[10.652s] -- Up-to-date: /cc_ws/tros_ws/install/lib/trigger_node_example/config//trigger_config.json
[10.652s] -- Up-to-date: /cc_ws/tros_ws/install/share/trigger_node_example/launch
[10.653s] -- Up-to-date: /cc_ws/tros_ws/install/share/trigger_node_example/launch/hobot_trigger_example.launch.py
[10.653s] -- Up-to-date: /cc_ws/tros_ws/install/share/ament_index/resource_index/package_run_dependencies/trigger_node_example
[10.653s] -- Up-to-date: /cc_ws/tros_ws/install/share/ament_index/resource_index/parent_prefix_path/trigger_node_example
[10.653s] -- Up-to-date: /cc_ws/tros_ws/install/share/trigger_node_example/environment/ament_prefix_path.sh
[10.654s] -- Installing: /cc_ws/tros_ws/install/share/trigger_node_example/environment/ament_prefix_path.dsv
[10.654s] -- Up-to-date: /cc_ws/tros_ws/install/share/trigger_node_example/environment/path.sh
[10.654s] -- Installing: /cc_ws/tros_ws/install/share/trigger_node_example/environment/path.dsv
[10.654s] -- Up-to-date: /cc_ws/tros_ws/install/share/trigger_node_example/local_setup.bash
[10.654s] -- Up-to-date: /cc_ws/tros_ws/install/share/trigger_node_example/local_setup.sh
[10.655s] -- Up-to-date: /cc_ws/tros_ws/install/share/trigger_node_example/local_setup.zsh
[10.655s] -- Installing: /cc_ws/tros_ws/install/share/trigger_node_example/local_setup.dsv
[10.655s] -- Installing: /cc_ws/tros_ws/install/share/trigger_node_example/package.dsv
[10.678s] -- Up-to-date: /cc_ws/tros_ws/install/share/ament_index/resource_index/packages/trigger_node_example
[10.678s] -- Up-to-date: /cc_ws/tros_ws/install/share/trigger_node_example/cmake/trigger_node_exampleConfig.cmake
[10.679s] -- Up-to-date: /cc_ws/tros_ws/install/share/trigger_node_example/cmake/trigger_node_exampleConfig-version.cmake
[10.679s] -- Up-to-date: /cc_ws/tros_ws/install/share/trigger_node_example/package.xml
[10.680s] Invoked command in '/cc_ws/tros_ws/build/trigger_node_example' returned '0': AMENT_PREFIX_PATH=/cc_ws/tros_ws/install:${AMENT_PREFIX_PATH} CMAKE_PREFIX_PATH=/cc_ws/tros_ws/install:/opt/ros/humble LD_LIBRARY_PATH=/cc_ws/tros_ws/install/lib:/opt/ros/humble/opt/rviz_ogre_vendor/lib:/opt/ros/humble/lib/aarch64-linux-gnu:/opt/ros/humble/lib:/cc_ws/userdata/hobot/opt/hobot/deps PYTHONPATH=/cc_ws/tros_ws/install/lib/python3.10/site-packages:/cc_ws/tros_ws/install/local/lib/python3.10/dist-packages:${PYTHONPATH} /usr/bin/cmake --install /cc_ws/tros_ws/build/trigger_node_example
