[0.228s] Invoking command in '/cc_ws/tros_ws/build/mono_mobilesam': AMENT_PREFIX_PATH=/cc_ws/tros_ws/install:${AMENT_PREFIX_PATH} CMAKE_PREFIX_PATH=/cc_ws/tros_ws/install:/opt/ros/humble LD_LIBRARY_PATH=/cc_ws/tros_ws/install/lib:/opt/ros/humble/opt/rviz_ogre_vendor/lib:/opt/ros/humble/lib/aarch64-linux-gnu:/opt/ros/humble/lib:/cc_ws/userdata/hobot/opt/hobot/deps PYTHONPATH=/cc_ws/tros_ws/install/lib/python3.10/site-packages:/cc_ws/tros_ws/install/local/lib/python3.10/dist-packages:${PYTHONPATH} /usr/bin/cmake /cc_ws/tros_ws/src/box/hobot_perception/mono_mobilesam -DCMAKE_EXPORT_COMPILE_COMMANDS=ON --no-warn-unused-cli -DCMAKE_TOOLCHAIN_FILE=/cc_ws/tros_ws/robot_dev_config/aarch64_toolchainfile.cmake -DPLATFORM_X5=ON -DTHIRDPARTY=ON -DBUILD_TESTING=OFF -DCMAKE_BUILD_RPATH=/cc_ws/tros_ws/build/poco_vendor/poco_external_project_install/lib/;/cc_ws/tros_ws/build/libyaml_vendor/libyaml_install/lib/ -DCMAKE_INSTALL_PREFIX=/cc_ws/tros_ws/install
[1.767s] Not searching for unused variables given on the command line.
[1.767s] -- Found ament_cmake: 1.3.8 (/opt/ros/humble/share/ament_cmake/cmake)
[1.767s] -- Found rclcpp: 16.0.8 (/opt/ros/humble/share/rclcpp/cmake)
[1.768s] -- Found rosidl_generator_c: 3.1.5 (/opt/ros/humble/share/rosidl_generator_c/cmake)
[1.768s] -- Found rosidl_adapter: 3.1.5 (/opt/ros/humble/share/rosidl_adapter/cmake)
[1.768s] -- Found rosidl_generator_cpp: 3.1.5 (/opt/ros/humble/share/rosidl_generator_cpp/cmake)
[1.768s] -- Using all available rosidl_typesupport_c: rosidl_typesupport_fastrtps_c;rosidl_typesupport_introspection_c
[1.769s] -- Using all available rosidl_typesupport_cpp: rosidl_typesupport_fastrtps_cpp;rosidl_typesupport_introspection_cpp
[1.769s] [33mCMake Warning (dev) at /opt/ros/humble/share/ament_cmake_test/cmake/ament_cmake_test-extras.cmake:19 (option):
[1.769s]   Policy CMP0077 is not set: option() honors normal variables.  Run "cmake
[1.769s]   --help-policy CMP0077" for policy details.  Use the cmake_policy command to
[1.769s]   set the policy and suppress this warning.
[1.770s] 
[1.770s]   For compatibility with older versions of CMake, option is clearing the
[1.770s]   normal variable 'BUILD_TESTING'.
[1.770s] Call Stack (most recent call first):
[1.770s]   /opt/ros/humble/share/ament_cmake_test/cmake/ament_cmake_testConfig.cmake:41 (include)
[1.771s]   /opt/ros/humble/share/ament_cmake/cmake/ament_cmake_export_dependencies-extras.cmake:21 (find_package)
[1.771s]   /opt/ros/humble/share/ament_cmake/cmake/ament_cmakeConfig.cmake:41 (include)
[1.771s]   CMakeLists.txt:33 (find_package)
[1.771s] This warning is for project developers.  Use -Wno-dev to suppress it.
[1.772s] [0m
[2.030s] -- Found rmw_implementation_cmake: 6.1.1 (/opt/ros/humble/share/rmw_implementation_cmake/cmake)
[2.036s] -- Found rmw_fastrtps_cpp: 6.2.6 (/opt/ros/humble/share/rmw_fastrtps_cpp/cmake)
[2.721s] -- Using RMW implementation 'rmw_fastrtps_cpp' as default
[4.017s] -- Found ai_msgs: 2.0.1 (/cc_ws/tros_ws/robot_dev_config/../install/share/ai_msgs/cmake)
[5.978s] -- Found cv_bridge: 3.2.1 (/opt/ros/humble/share/cv_bridge/cmake)
[6.053s] -- Found dnn_node: 2.5.4 (/cc_ws/tros_ws/robot_dev_config/../install/share/dnn_node/cmake)
[6.061s] -- Found hbm_img_msgs: 2.0.0 (/cc_ws/tros_ws/robot_dev_config/../install/share/hbm_img_msgs/cmake)
[6.280s] [0mbuild platform X5[0m
[6.280s] [0mCMAKE_SYSROOT is /cc_ws/tros_ws/robot_dev_config/../../sysroot_docker[0m
[6.815s] -- Configuring done
[6.959s] -- Generating done
[6.970s] -- Build files have been written to: /cc_ws/tros_ws/build/mono_mobilesam
[7.052s] Invoked command in '/cc_ws/tros_ws/build/mono_mobilesam' returned '0': AMENT_PREFIX_PATH=/cc_ws/tros_ws/install:${AMENT_PREFIX_PATH} CMAKE_PREFIX_PATH=/cc_ws/tros_ws/install:/opt/ros/humble LD_LIBRARY_PATH=/cc_ws/tros_ws/install/lib:/opt/ros/humble/opt/rviz_ogre_vendor/lib:/opt/ros/humble/lib/aarch64-linux-gnu:/opt/ros/humble/lib:/cc_ws/userdata/hobot/opt/hobot/deps PYTHONPATH=/cc_ws/tros_ws/install/lib/python3.10/site-packages:/cc_ws/tros_ws/install/local/lib/python3.10/dist-packages:${PYTHONPATH} /usr/bin/cmake /cc_ws/tros_ws/src/box/hobot_perception/mono_mobilesam -DCMAKE_EXPORT_COMPILE_COMMANDS=ON --no-warn-unused-cli -DCMAKE_TOOLCHAIN_FILE=/cc_ws/tros_ws/robot_dev_config/aarch64_toolchainfile.cmake -DPLATFORM_X5=ON -DTHIRDPARTY=ON -DBUILD_TESTING=OFF -DCMAKE_BUILD_RPATH=/cc_ws/tros_ws/build/poco_vendor/poco_external_project_install/lib/;/cc_ws/tros_ws/build/libyaml_vendor/libyaml_install/lib/ -DCMAKE_INSTALL_PREFIX=/cc_ws/tros_ws/install
[7.061s] Invoking command in '/cc_ws/tros_ws/build/mono_mobilesam': AMENT_PREFIX_PATH=/cc_ws/tros_ws/install:${AMENT_PREFIX_PATH} CMAKE_PREFIX_PATH=/cc_ws/tros_ws/install:/opt/ros/humble LD_LIBRARY_PATH=/cc_ws/tros_ws/install/lib:/opt/ros/humble/opt/rviz_ogre_vendor/lib:/opt/ros/humble/lib/aarch64-linux-gnu:/opt/ros/humble/lib:/cc_ws/userdata/hobot/opt/hobot/deps PYTHONPATH=/cc_ws/tros_ws/install/lib/python3.10/site-packages:/cc_ws/tros_ws/install/local/lib/python3.10/dist-packages:${PYTHONPATH} /usr/bin/cmake --build /cc_ws/tros_ws/build/mono_mobilesam -- -j12 -l12
[7.463s] [35m[1mConsolidate compiler generated dependencies of target mono_mobilesam[0m
[7.701s] [ 16%] [32m[1mLinking CXX executable mono_mobilesam[0m
[13.923s] [100%] Built target mono_mobilesam
[14.019s] Invoked command in '/cc_ws/tros_ws/build/mono_mobilesam' returned '0': AMENT_PREFIX_PATH=/cc_ws/tros_ws/install:${AMENT_PREFIX_PATH} CMAKE_PREFIX_PATH=/cc_ws/tros_ws/install:/opt/ros/humble LD_LIBRARY_PATH=/cc_ws/tros_ws/install/lib:/opt/ros/humble/opt/rviz_ogre_vendor/lib:/opt/ros/humble/lib/aarch64-linux-gnu:/opt/ros/humble/lib:/cc_ws/userdata/hobot/opt/hobot/deps PYTHONPATH=/cc_ws/tros_ws/install/lib/python3.10/site-packages:/cc_ws/tros_ws/install/local/lib/python3.10/dist-packages:${PYTHONPATH} /usr/bin/cmake --build /cc_ws/tros_ws/build/mono_mobilesam -- -j12 -l12
[14.166s] Invoking command in '/cc_ws/tros_ws/build/mono_mobilesam': AMENT_PREFIX_PATH=/cc_ws/tros_ws/install:${AMENT_PREFIX_PATH} CMAKE_PREFIX_PATH=/cc_ws/tros_ws/install:/opt/ros/humble LD_LIBRARY_PATH=/cc_ws/tros_ws/install/lib:/opt/ros/humble/opt/rviz_ogre_vendor/lib:/opt/ros/humble/lib/aarch64-linux-gnu:/opt/ros/humble/lib:/cc_ws/userdata/hobot/opt/hobot/deps PYTHONPATH=/cc_ws/tros_ws/install/lib/python3.10/site-packages:/cc_ws/tros_ws/install/local/lib/python3.10/dist-packages:${PYTHONPATH} /usr/bin/cmake --install /cc_ws/tros_ws/build/mono_mobilesam
[14.200s] -- Install configuration: ""
[14.201s] -- Installing: /cc_ws/tros_ws/install/lib/mono_mobilesam/mono_mobilesam
[14.214s] -- Set runtime path of "/cc_ws/tros_ws/install/lib/mono_mobilesam/mono_mobilesam" to ""
[14.215s] -- Up-to-date: /cc_ws/tros_ws/install/lib/mono_mobilesam/config/
[14.217s] -- Up-to-date: /cc_ws/tros_ws/install/lib/mono_mobilesam/config//mobilesam_encoder_384.bin
[14.219s] -- Up-to-date: /cc_ws/tros_ws/install/lib/mono_mobilesam/config//mobilesam_decoder_384.bin
[14.223s] -- Up-to-date: /cc_ws/tros_ws/install/lib/mono_mobilesam/config/00131.jpg
[14.225s] -- Up-to-date: /cc_ws/tros_ws/install/share/mono_mobilesam/launch
[14.227s] -- Up-to-date: /cc_ws/tros_ws/install/share/mono_mobilesam/launch/sam.launch.py
[14.228s] -- Up-to-date: /cc_ws/tros_ws/install/share/mono_mobilesam/launch/sam_with_yolo_world.launch.py
[14.230s] -- Up-to-date: /cc_ws/tros_ws/install/share/ament_index/resource_index/package_run_dependencies/mono_mobilesam
[14.233s] -- Up-to-date: /cc_ws/tros_ws/install/share/ament_index/resource_index/parent_prefix_path/mono_mobilesam
[14.237s] -- Up-to-date: /cc_ws/tros_ws/install/share/mono_mobilesam/environment/ament_prefix_path.sh
[14.239s] -- Installing: /cc_ws/tros_ws/install/share/mono_mobilesam/environment/ament_prefix_path.dsv
[14.241s] -- Up-to-date: /cc_ws/tros_ws/install/share/mono_mobilesam/environment/path.sh
[14.243s] -- Installing: /cc_ws/tros_ws/install/share/mono_mobilesam/environment/path.dsv
[14.244s] -- Up-to-date: /cc_ws/tros_ws/install/share/mono_mobilesam/local_setup.bash
[14.246s] -- Up-to-date: /cc_ws/tros_ws/install/share/mono_mobilesam/local_setup.sh
[14.258s] -- Up-to-date: /cc_ws/tros_ws/install/share/mono_mobilesam/local_setup.zsh
[14.260s] -- Installing: /cc_ws/tros_ws/install/share/mono_mobilesam/local_setup.dsv
[14.263s] -- Installing: /cc_ws/tros_ws/install/share/mono_mobilesam/package.dsv
[14.266s] -- Up-to-date: /cc_ws/tros_ws/install/share/ament_index/resource_index/packages/mono_mobilesam
[14.267s] -- Up-to-date: /cc_ws/tros_ws/install/share/mono_mobilesam/cmake/mono_mobilesamConfig.cmake
[14.272s] -- Up-to-date: /cc_ws/tros_ws/install/share/mono_mobilesam/cmake/mono_mobilesamConfig-version.cmake
[14.273s] -- Up-to-date: /cc_ws/tros_ws/install/share/mono_mobilesam/package.xml
[14.282s] Invoked command in '/cc_ws/tros_ws/build/mono_mobilesam' returned '0': AMENT_PREFIX_PATH=/cc_ws/tros_ws/install:${AMENT_PREFIX_PATH} CMAKE_PREFIX_PATH=/cc_ws/tros_ws/install:/opt/ros/humble LD_LIBRARY_PATH=/cc_ws/tros_ws/install/lib:/opt/ros/humble/opt/rviz_ogre_vendor/lib:/opt/ros/humble/lib/aarch64-linux-gnu:/opt/ros/humble/lib:/cc_ws/userdata/hobot/opt/hobot/deps PYTHONPATH=/cc_ws/tros_ws/install/lib/python3.10/site-packages:/cc_ws/tros_ws/install/local/lib/python3.10/dist-packages:${PYTHONPATH} /usr/bin/cmake --install /cc_ws/tros_ws/build/mono_mobilesam
