[33mCMake Warning (dev) at /opt/ros/humble/share/ament_cmake_test/cmake/ament_cmake_test-extras.cmake:19 (option):
  Policy CMP0077 is not set: option() honors normal variables.  Run "cmake
  --help-policy CMP0077" for policy details.  Use the cmake_policy command to
  set the policy and suppress this warning.

  For compatibility with older versions of CMake, option is clearing the
  normal variable 'BUILD_TESTING'.
Call Stack (most recent call first):
  /opt/ros/humble/share/ament_cmake_test/cmake/ament_cmake_testConfig.cmake:41 (include)
  /opt/ros/humble/share/ament_cmake/cmake/ament_cmake_export_dependencies-extras.cmake:21 (find_package)
  /opt/ros/humble/share/ament_cmake/cmake/ament_cmakeConfig.cmake:41 (include)
  CMakeLists.txt:35 (find_package)
This warning is for project developers.  Use -Wno-dev to suppress it.
[0m
[0mbuild platform X5[0m
[0mCMAKE_SYSROOT is /cc_ws/tros_ws/robot_dev_config/../../sysroot_docker[0m
[01m[K/cc_ws/tros_ws/src/box/hobot_perception/mono3d_indoor_detection/src/centernet_3d_output_parser.cpp:[m[K In function ‘[01m[Kint ConvertOutputToFloat(void*, void*, const std::shared_ptr<hobot::easy_dnn::DNNTensor>&, int)[m[K’:
[01m[K/cc_ws/tros_ws/src/box/hobot_perception/mono3d_indoor_detection/src/centernet_3d_output_parser.cpp:73:37:[m[K [01;35m[Kwarning: [m[Kunused parameter ‘[01m[Kout_index[m[K’ [[01;35m[K-Wunused-parameter[m[K]
   73 |                                 [01;35m[Kint out_index[m[K) {
      |                                 [01;35m[K~~~~^~~~~~~~~[m[K
[01m[K/cc_ws/tros_ws/src/box/hobot_perception/mono3d_indoor_detection/src/centernet_3d_output_parser.cpp:[m[K In member function ‘[01m[Kvoid CenterNet3DOutputParser::ParameterInit(std::vector<std::shared_ptr<hobot::easy_dnn::DNNTensor> >&)[m[K’:
[01m[K/cc_ws/tros_ws/src/box/hobot_perception/mono3d_indoor_detection/src/centernet_3d_output_parser.cpp:234:28:[m[K [01;35m[Kwarning: [m[Kunused variable ‘[01m[Kchannel_shift[m[K’ [[01;35m[K-Wunused-variable[m[K]
  234 |         for (unsigned char [01;35m[Kchannel_shift[m[K : output_shifts_[layer]) {
      |                            [01;35m[K^~~~~~~~~~~~~[m[K
[01m[K/cc_ws/tros_ws/src/box/hobot_perception/mono3d_indoor_detection/src/centernet_3d_output_parser.cpp:[m[K In member function ‘[01m[Kint CenterNet3DOutputParser::PostProcess(std::vector<std::shared_ptr<hobot::easy_dnn::DNNTensor> >&, std::vector<BBox3D>&)[m[K’:
[01m[K/cc_ws/tros_ws/src/box/hobot_perception/mono3d_indoor_detection/src/centernet_3d_output_parser.cpp:290:42:[m[K [01;35m[Kwarning: [m[Kcomparison of integer expressions of different signedness: ‘[01m[Ksize_t[m[K’ {aka ‘[01m[Klong unsigned int[m[K’} and ‘[01m[K__gnu_cxx::__alloc_traits<std::allocator<int>, int>::value_type[m[K’ {aka ‘[01m[Kint[m[K’} [[01;35m[K-Wsign-compare[m[K]
  290 |         for (size_t channel = 0; channel < channel_size_[layer]; ++channel) {
In file included from [01m[K/opt/ros/humble/include/rclcpp/rclcpp/logging.hpp:24[m[K,
                 from [01m[K/opt/ros/humble/include/rclcpp/rclcpp/client.hpp:40[m[K,
                 from [01m[K/opt/ros/humble/include/rclcpp/rclcpp/callback_group.hpp:24[m[K,
                 from [01m[K/opt/ros/humble/include/rclcpp/rclcpp/any_executable.hpp:20[m[K,
                 from [01m[K/opt/ros/humble/include/rclcpp/rclcpp/memory_strategy.hpp:25[m[K,
                 from [01m[K/opt/ros/humble/include/rclcpp/rclcpp/memory_strategies.hpp:18[m[K,
                 from [01m[K/opt/ros/humble/include/rclcpp/rclcpp/executor_options.hpp:20[m[K,
                 from [01m[K/opt/ros/humble/include/rclcpp/rclcpp/executor.hpp:37[m[K,
                 from [01m[K/opt/ros/humble/include/rclcpp/rclcpp/executors/multi_threaded_executor.hpp:25[m[K,
                 from [01m[K/opt/ros/humble/include/rclcpp/rclcpp/executors.hpp:21[m[K,
                 from [01m[K/opt/ros/humble/include/rclcpp/rclcpp/rclcpp.hpp:155[m[K,
                 from [01m[K/cc_ws/tros_ws/src/box/hobot_perception/mono3d_indoor_detection/include/centernet_3d_detection_node.h:24[m[K,
                 from [01m[K/cc_ws/tros_ws/src/box/hobot_perception/mono3d_indoor_detection/src/centernet_3d_detection_node.cpp:15[m[K:
[01m[K/cc_ws/tros_ws/src/box/hobot_perception/mono3d_indoor_detection/src/centernet_3d_detection_node.cpp:[m[K In member function ‘[01m[Kvirtual int CenterNet3DDetectionNode::PostProcess(const std::shared_ptr<hobot::dnn_node::DnnNodeOutput>&)[m[K’:
[01m[K/cc_ws/tros_ws/src/box/hobot_perception/mono3d_indoor_detection/src/centernet_3d_detection_node.cpp:243:63:[m[K [01;35m[Kwarning: [m[Kformat ‘[01m[K%d[m[K’ expects argument of type ‘[01m[Kint[m[K’, but argument 5 has type ‘[01m[Kstd::vector<BBox3D>::size_type[m[K’ {aka ‘[01m[Klong unsigned int[m[K’} [[01;35m[K-Wformat=[m[K]
  243 |   RCLCPP_DEBUG(rclcpp::get_logger("mono3d_indoor_detection"), [01;35m[K"parser results size: %d"[m[K, [32m[Kdet_result->boxes.size()[m[K);
      |                                                               [01;35m[K^~~~~~~~~~~~~~~~~~~~~~~~~[m[K  [32m[K~~~~~~~~~~~~~~~~~~~~~~~~[m[K
      |                                                                                                                [32m[K|[m[K
      |                                                                                                                [32m[Kstd::vector<BBox3D>::size_type {aka long unsigned int}[m[K
[01m[K/cc_ws/tros_ws/src/box/hobot_perception/mono3d_indoor_detection/src/centernet_3d_detection_node.cpp:243:86:[m[K [01;36m[Knote: [m[Kformat string is defined here
  243 |   RCLCPP_DEBUG(rclcpp::get_logger("mono3d_indoor_detection"), "parser results size: [01;36m[K%d[m[K", det_result->boxes.size());
      |                                                                                     [01;36m[K~^[m[K
      |                                                                                      [01;36m[K|[m[K
      |                                                                                      [01;36m[Kint[m[K
      |                                                                                     [32m[K%ld[m[K
In file included from [01m[K/opt/ros/humble/include/rclcpp/rclcpp/logging.hpp:24[m[K,
                 from [01m[K/opt/ros/humble/include/rclcpp/rclcpp/client.hpp:40[m[K,
                 from [01m[K/opt/ros/humble/include/rclcpp/rclcpp/callback_group.hpp:24[m[K,
                 from [01m[K/opt/ros/humble/include/rclcpp/rclcpp/any_executable.hpp:20[m[K,
                 from [01m[K/opt/ros/humble/include/rclcpp/rclcpp/memory_strategy.hpp:25[m[K,
                 from [01m[K/opt/ros/humble/include/rclcpp/rclcpp/memory_strategies.hpp:18[m[K,
                 from [01m[K/opt/ros/humble/include/rclcpp/rclcpp/executor_options.hpp:20[m[K,
                 from [01m[K/opt/ros/humble/include/rclcpp/rclcpp/executor.hpp:37[m[K,
                 from [01m[K/opt/ros/humble/include/rclcpp/rclcpp/executors/multi_threaded_executor.hpp:25[m[K,
                 from [01m[K/opt/ros/humble/include/rclcpp/rclcpp/executors.hpp:21[m[K,
                 from [01m[K/opt/ros/humble/include/rclcpp/rclcpp/rclcpp.hpp:155[m[K,
                 from [01m[K/cc_ws/tros_ws/src/box/hobot_perception/mono3d_indoor_detection/include/centernet_3d_detection_node.h:24[m[K,
                 from [01m[K/cc_ws/tros_ws/src/box/hobot_perception/mono3d_indoor_detection/src/centernet_3d_detection_node.cpp:15[m[K:
[01m[K/cc_ws/tros_ws/src/box/hobot_perception/mono3d_indoor_detection/src/centernet_3d_detection_node.cpp:273:65:[m[K [01;35m[Kwarning: [m[Kformat ‘[01m[K%d[m[K’ expects argument of type ‘[01m[Kint[m[K’, but argument 5 has type ‘[01m[Kstd::vector<BBox3D>::size_type[m[K’ {aka ‘[01m[Klong unsigned int[m[K’} [[01;35m[K-Wformat=[m[K]
  273 |     RCLCPP_DEBUG(rclcpp::get_logger("mono3d_indoor_detection"), [01;35m[K"out box size: %d"[m[K,
      |                                                                 [01;35m[K^~~~~~~~~~~~~~~~~~[m[K
  274 |                 [32m[Kdet_result->boxes.size()[m[K);
      |                 [32m[K~~~~~~~~~~~~~~~~~~~~~~~~[m[K                         
      |                                       [32m[K|[m[K
      |                                       [32m[Kstd::vector<BBox3D>::size_type {aka long unsigned int}[m[K
[01m[K/cc_ws/tros_ws/src/box/hobot_perception/mono3d_indoor_detection/src/centernet_3d_detection_node.cpp:273:81:[m[K [01;36m[Knote: [m[Kformat string is defined here
  273 |     RCLCPP_DEBUG(rclcpp::get_logger("mono3d_indoor_detection"), "out box size: [01;36m[K%d[m[K",
      |                                                                                [01;36m[K~^[m[K
      |                                                                                 [01;36m[K|[m[K
      |                                                                                 [01;36m[Kint[m[K
      |                                                                                [32m[K%ld[m[K
[01m[K/cc_ws/tros_ws/src/box/hobot_perception/mono3d_indoor_detection/src/centernet_3d_detection_node.cpp:242:7:[m[K [01;35m[Kwarning: [m[Kunused variable ‘[01m[Kret[m[K’ [[01;35m[K-Wunused-variable[m[K]
  242 |   int [01;35m[Kret[m[K = out_parser_->PostProcess(centernet_3d_output->output_tensors, det_result->boxes);
      |       [01;35m[K^~~[m[K
In file included from [01m[K/opt/ros/humble/include/rclcpp/rclcpp/logging.hpp:24[m[K,
                 from [01m[K/opt/ros/humble/include/rclcpp/rclcpp/client.hpp:40[m[K,
                 from [01m[K/opt/ros/humble/include/rclcpp/rclcpp/callback_group.hpp:24[m[K,
                 from [01m[K/opt/ros/humble/include/rclcpp/rclcpp/any_executable.hpp:20[m[K,
                 from [01m[K/opt/ros/humble/include/rclcpp/rclcpp/memory_strategy.hpp:25[m[K,
                 from [01m[K/opt/ros/humble/include/rclcpp/rclcpp/memory_strategies.hpp:18[m[K,
                 from [01m[K/opt/ros/humble/include/rclcpp/rclcpp/executor_options.hpp:20[m[K,
                 from [01m[K/opt/ros/humble/include/rclcpp/rclcpp/executor.hpp:37[m[K,
                 from [01m[K/opt/ros/humble/include/rclcpp/rclcpp/executors/multi_threaded_executor.hpp:25[m[K,
                 from [01m[K/opt/ros/humble/include/rclcpp/rclcpp/executors.hpp:21[m[K,
                 from [01m[K/opt/ros/humble/include/rclcpp/rclcpp/rclcpp.hpp:155[m[K,
                 from [01m[K/cc_ws/tros_ws/src/box/hobot_perception/mono3d_indoor_detection/include/centernet_3d_detection_node.h:24[m[K,
                 from [01m[K/cc_ws/tros_ws/src/box/hobot_perception/mono3d_indoor_detection/src/centernet_3d_detection_node.cpp:15[m[K:
[01m[K/cc_ws/tros_ws/src/box/hobot_perception/mono3d_indoor_detection/src/centernet_3d_detection_node.cpp:[m[K In member function ‘[01m[Kvoid CenterNet3DDetectionNode::RosImgProcess(sensor_msgs::msg::Image_<std::allocator<void> >::ConstSharedPtr)[m[K’:
[01m[K/cc_ws/tros_ws/src/box/hobot_perception/mono3d_indoor_detection/src/centernet_3d_detection_node.cpp:496:18:[m[K [01;35m[Kwarning: [m[Kformat ‘[01m[K%d[m[K’ expects argument of type ‘[01m[Kint[m[K’, but argument 5 has type ‘[01m[Klong int[m[K’ [[01;35m[K-Wformat=[m[K]
  496 |                  [01;35m[K"after GetNV12Pyramid cost ms: %d"[m[K, [32m[Kinterval[m[K);
      |                  [01;35m[K^~~~~~~~~~~~~~~~~~~~~~~~~~~~~~~~~~[m[K  [32m[K~~~~~~~~[m[K
      |                                                      [32m[K|[m[K
      |                                                      [32m[Klong int[m[K
[01m[K/cc_ws/tros_ws/src/box/hobot_perception/mono3d_indoor_detection/src/centernet_3d_detection_node.cpp:496:50:[m[K [01;36m[Knote: [m[Kformat string is defined here
  496 |                  "after GetNV12Pyramid cost ms: [01;36m[K%d[m[K", interval);
      |                                                 [01;36m[K~^[m[K
      |                                                  [01;36m[K|[m[K
      |                                                  [01;36m[Kint[m[K
      |                                                 [32m[K%ld[m[K
In file included from [01m[K/opt/ros/humble/include/rclcpp/rclcpp/logging.hpp:24[m[K,
                 from [01m[K/opt/ros/humble/include/rclcpp/rclcpp/client.hpp:40[m[K,
                 from [01m[K/opt/ros/humble/include/rclcpp/rclcpp/callback_group.hpp:24[m[K,
                 from [01m[K/opt/ros/humble/include/rclcpp/rclcpp/any_executable.hpp:20[m[K,
                 from [01m[K/opt/ros/humble/include/rclcpp/rclcpp/memory_strategy.hpp:25[m[K,
                 from [01m[K/opt/ros/humble/include/rclcpp/rclcpp/memory_strategies.hpp:18[m[K,
                 from [01m[K/opt/ros/humble/include/rclcpp/rclcpp/executor_options.hpp:20[m[K,
                 from [01m[K/opt/ros/humble/include/rclcpp/rclcpp/executor.hpp:37[m[K,
                 from [01m[K/opt/ros/humble/include/rclcpp/rclcpp/executors/multi_threaded_executor.hpp:25[m[K,
                 from [01m[K/opt/ros/humble/include/rclcpp/rclcpp/executors.hpp:21[m[K,
                 from [01m[K/opt/ros/humble/include/rclcpp/rclcpp/rclcpp.hpp:155[m[K,
                 from [01m[K/cc_ws/tros_ws/src/box/hobot_perception/mono3d_indoor_detection/include/centernet_3d_detection_node.h:24[m[K,
                 from [01m[K/cc_ws/tros_ws/src/box/hobot_perception/mono3d_indoor_detection/src/centernet_3d_detection_node.cpp:15[m[K:
[01m[K/cc_ws/tros_ws/src/box/hobot_perception/mono3d_indoor_detection/src/centernet_3d_detection_node.cpp:528:18:[m[K [01;35m[Kwarning: [m[Kformat ‘[01m[K%d[m[K’ expects argument of type ‘[01m[Kint[m[K’, but argument 5 has type ‘[01m[Klong int[m[K’ [[01;35m[K-Wformat=[m[K]
  528 |                  [01;35m[K"after Predict cost ms: %d"[m[K, [32m[Kinterval[m[K);
      |                  [01;35m[K^~~~~~~~~~~~~~~~~~~~~~~~~~~[m[K  [32m[K~~~~~~~~[m[K
      |                                               [32m[K|[m[K
      |                                               [32m[Klong int[m[K
[01m[K/cc_ws/tros_ws/src/box/hobot_perception/mono3d_indoor_detection/src/centernet_3d_detection_node.cpp:528:43:[m[K [01;36m[Knote: [m[Kformat string is defined here
  528 |                  "after Predict cost ms: [01;36m[K%d[m[K", interval);
      |                                          [01;36m[K~^[m[K
      |                                           [01;36m[K|[m[K
      |                                           [01;36m[Kint[m[K
      |                                          [32m[K%ld[m[K
In file included from [01m[K/opt/ros/humble/include/rclcpp/rclcpp/logging.hpp:24[m[K,
                 from [01m[K/opt/ros/humble/include/rclcpp/rclcpp/client.hpp:40[m[K,
                 from [01m[K/opt/ros/humble/include/rclcpp/rclcpp/callback_group.hpp:24[m[K,
                 from [01m[K/opt/ros/humble/include/rclcpp/rclcpp/any_executable.hpp:20[m[K,
                 from [01m[K/opt/ros/humble/include/rclcpp/rclcpp/memory_strategy.hpp:25[m[K,
                 from [01m[K/opt/ros/humble/include/rclcpp/rclcpp/memory_strategies.hpp:18[m[K,
                 from [01m[K/opt/ros/humble/include/rclcpp/rclcpp/executor_options.hpp:20[m[K,
                 from [01m[K/opt/ros/humble/include/rclcpp/rclcpp/executor.hpp:37[m[K,
                 from [01m[K/opt/ros/humble/include/rclcpp/rclcpp/executors/multi_threaded_executor.hpp:25[m[K,
                 from [01m[K/opt/ros/humble/include/rclcpp/rclcpp/executors.hpp:21[m[K,
                 from [01m[K/opt/ros/humble/include/rclcpp/rclcpp/rclcpp.hpp:155[m[K,
                 from [01m[K/cc_ws/tros_ws/src/box/hobot_perception/mono3d_indoor_detection/include/centernet_3d_detection_node.h:24[m[K,
                 from [01m[K/cc_ws/tros_ws/src/box/hobot_perception/mono3d_indoor_detection/src/centernet_3d_detection_node.cpp:15[m[K:
[01m[K/cc_ws/tros_ws/src/box/hobot_perception/mono3d_indoor_detection/src/centernet_3d_detection_node.cpp:[m[K In member function ‘[01m[Kvoid CenterNet3DDetectionNode::SharedMemImgProcess(hbm_img_msgs::msg::HbmMsg1080P_<std::allocator<void> >::ConstSharedPtr)[m[K’:
[01m[K/cc_ws/tros_ws/src/box/hobot_perception/mono3d_indoor_detection/src/centernet_3d_detection_node.cpp:610:17:[m[K [01;35m[Kwarning: [m[Kformat ‘[01m[K%s[m[K’ expects argument of type ‘[01m[Kchar*[m[K’, but argument 5 has type ‘[01m[Kconst _encoding_type[m[K’ {aka ‘[01m[Kconst std::array<unsigned char, 12>[m[K’} [[01;35m[K-Wformat=[m[K]
  610 |                 [01;35m[K"share mem unsupported img encoding: %s"[m[K, [32m[Kimg_msg->encoding[m[K);
      |                 [01;35m[K^~~~~~~~~~~~~~~~~~~~~~~~~~~~~~~~~~~~~~~~[m[K  [32m[K~~~~~~~~~~~~~~~~~[m[K
      |                                                                    [32m[K|[m[K
      |                                                                    [32m[Kconst _encoding_type {aka const std::array<unsigned char, 12>}[m[K
[01m[K/cc_ws/tros_ws/src/box/hobot_perception/mono3d_indoor_detection/src/centernet_3d_detection_node.cpp:610:55:[m[K [01;36m[Knote: [m[Kformat string is defined here
  610 |                 "share mem unsupported img encoding: [01;36m[K%s[m[K", img_msg->encoding);
      |                                                      [01;36m[K~^[m[K
      |                                                       [01;36m[K|[m[K
      |                                                       [01;36m[Kchar*[m[K
In file included from [01m[K/opt/ros/humble/include/rclcpp/rclcpp/logging.hpp:24[m[K,
                 from [01m[K/opt/ros/humble/include/rclcpp/rclcpp/client.hpp:40[m[K,
                 from [01m[K/opt/ros/humble/include/rclcpp/rclcpp/callback_group.hpp:24[m[K,
                 from [01m[K/opt/ros/humble/include/rclcpp/rclcpp/any_executable.hpp:20[m[K,
                 from [01m[K/opt/ros/humble/include/rclcpp/rclcpp/memory_strategy.hpp:25[m[K,
                 from [01m[K/opt/ros/humble/include/rclcpp/rclcpp/memory_strategies.hpp:18[m[K,
                 from [01m[K/opt/ros/humble/include/rclcpp/rclcpp/executor_options.hpp:20[m[K,
                 from [01m[K/opt/ros/humble/include/rclcpp/rclcpp/executor.hpp:37[m[K,
                 from [01m[K/opt/ros/humble/include/rclcpp/rclcpp/executors/multi_threaded_executor.hpp:25[m[K,
                 from [01m[K/opt/ros/humble/include/rclcpp/rclcpp/executors.hpp:21[m[K,
                 from [01m[K/opt/ros/humble/include/rclcpp/rclcpp/rclcpp.hpp:155[m[K,
                 from [01m[K/cc_ws/tros_ws/src/box/hobot_perception/mono3d_indoor_detection/include/centernet_3d_detection_node.h:24[m[K,
                 from [01m[K/cc_ws/tros_ws/src/box/hobot_perception/mono3d_indoor_detection/src/centernet_3d_detection_node.cpp:15[m[K:
[01m[K/cc_ws/tros_ws/src/box/hobot_perception/mono3d_indoor_detection/src/centernet_3d_detection_node.cpp:625:18:[m[K [01;35m[Kwarning: [m[Kformat ‘[01m[K%d[m[K’ expects argument of type ‘[01m[Kint[m[K’, but argument 5 has type ‘[01m[Klong int[m[K’ [[01;35m[K-Wformat=[m[K]
  625 |                  [01;35m[K"after GetNV12Pyramid cost ms: %d"[m[K, [32m[Kinterval[m[K);
      |                  [01;35m[K^~~~~~~~~~~~~~~~~~~~~~~~~~~~~~~~~~[m[K  [32m[K~~~~~~~~[m[K
      |                                                      [32m[K|[m[K
      |                                                      [32m[Klong int[m[K
[01m[K/cc_ws/tros_ws/src/box/hobot_perception/mono3d_indoor_detection/src/centernet_3d_detection_node.cpp:625:50:[m[K [01;36m[Knote: [m[Kformat string is defined here
  625 |                  "after GetNV12Pyramid cost ms: [01;36m[K%d[m[K", interval);
      |                                                 [01;36m[K~^[m[K
      |                                                  [01;36m[K|[m[K
      |                                                  [01;36m[Kint[m[K
      |                                                 [32m[K%ld[m[K
In file included from [01m[K/opt/ros/humble/include/rclcpp/rclcpp/logging.hpp:24[m[K,
                 from [01m[K/opt/ros/humble/include/rclcpp/rclcpp/client.hpp:40[m[K,
                 from [01m[K/opt/ros/humble/include/rclcpp/rclcpp/callback_group.hpp:24[m[K,
                 from [01m[K/opt/ros/humble/include/rclcpp/rclcpp/any_executable.hpp:20[m[K,
                 from [01m[K/opt/ros/humble/include/rclcpp/rclcpp/memory_strategy.hpp:25[m[K,
                 from [01m[K/opt/ros/humble/include/rclcpp/rclcpp/memory_strategies.hpp:18[m[K,
                 from [01m[K/opt/ros/humble/include/rclcpp/rclcpp/executor_options.hpp:20[m[K,
                 from [01m[K/opt/ros/humble/include/rclcpp/rclcpp/executor.hpp:37[m[K,
                 from [01m[K/opt/ros/humble/include/rclcpp/rclcpp/executors/multi_threaded_executor.hpp:25[m[K,
                 from [01m[K/opt/ros/humble/include/rclcpp/rclcpp/executors.hpp:21[m[K,
                 from [01m[K/opt/ros/humble/include/rclcpp/rclcpp/rclcpp.hpp:155[m[K,
                 from [01m[K/cc_ws/tros_ws/src/box/hobot_perception/mono3d_indoor_detection/include/centernet_3d_detection_node.h:24[m[K,
                 from [01m[K/cc_ws/tros_ws/src/box/hobot_perception/mono3d_indoor_detection/src/centernet_3d_detection_node.cpp:15[m[K:
[01m[K/cc_ws/tros_ws/src/box/hobot_perception/mono3d_indoor_detection/src/centernet_3d_detection_node.cpp:655:18:[m[K [01;35m[Kwarning: [m[Kformat ‘[01m[K%d[m[K’ expects argument of type ‘[01m[Kint[m[K’, but argument 5 has type ‘[01m[Klong int[m[K’ [[01;35m[K-Wformat=[m[K]
  655 |                  [01;35m[K"after Predict cost ms: %d"[m[K, [32m[Kinterval[m[K);
      |                  [01;35m[K^~~~~~~~~~~~~~~~~~~~~~~~~~~[m[K  [32m[K~~~~~~~~[m[K
      |                                               [32m[K|[m[K
      |                                               [32m[Klong int[m[K
[01m[K/cc_ws/tros_ws/src/box/hobot_perception/mono3d_indoor_detection/src/centernet_3d_detection_node.cpp:655:43:[m[K [01;36m[Knote: [m[Kformat string is defined here
  655 |                  "after Predict cost ms: [01;36m[K%d[m[K", interval);
      |                                          [01;36m[K~^[m[K
      |                                           [01;36m[K|[m[K
      |                                           [01;36m[Kint[m[K
      |                                          [32m[K%ld[m[K
