[0.108s] Invoking command in '/cc_ws/tros_ws/build/ground_robot_planner': CMAKE_PREFIX_PATH=/opt/ros/humble /usr/bin/cmake /cc_ws/tros_ws/src/dm_unitree/GroundRobotPlanner_ros2/src/ground_robot_planner -DCMAKE_EXPORT_COMPILE_COMMANDS=ON --no-warn-unused-cli -DCMAKE_TOOLCHAIN_FILE=/cc_ws/tros_ws/robot_dev_config/aarch64_toolchainfile.cmake -DPLATFORM_X5=ON -DTHIRDPARTY=ON -DBUILD_TESTING=OFF -DCMAKE_BUILD_RPATH=/cc_ws/tros_ws/build/poco_vendor/poco_external_project_install/lib/;/cc_ws/tros_ws/build/libyaml_vendor/libyaml_install/lib/ -DCMAKE_INSTALL_PREFIX=/cc_ws/tros_ws/install
[0.134s] Not searching for unused variables given on the command line.
[0.149s] -- Found ament_cmake: 1.3.8 (/opt/ros/humble/share/ament_cmake/cmake)
[0.351s] -- Found rclcpp: 16.0.8 (/opt/ros/humble/share/rclcpp/cmake)
[0.351s] [33mCMake Warning (dev) at /opt/ros/humble/share/ament_cmake_test/cmake/ament_cmake_test-extras.cmake:19 (option):
[0.351s]   Policy CMP0077 is not set: option() honors normal variables.  Run "cmake
[0.351s]   --help-policy CMP0077" for policy details.  Use the cmake_policy command to
[0.352s]   set the policy and suppress this warning.
[0.352s] 
[0.352s]   For compatibility with older versions of CMake, option is clearing the
[0.352s]   normal variable 'BUILD_TESTING'.
[0.352s] Call Stack (most recent call first):
[0.352s]   /opt/ros/humble/share/ament_cmake_test/cmake/ament_cmake_testConfig.cmake:41 (include)
[0.352s]   /opt/ros/humble/share/ament_cmake/cmake/ament_cmake_export_dependencies-extras.cmake:21 (find_package)
[0.352s]   /opt/ros/humble/share/ament_cmake/cmake/ament_cmakeConfig.cmake:41 (include)
[0.352s]   CMakeLists.txt:25 (find_package)
[0.352s] This warning is for project developers.  Use -Wno-dev to suppress it.
[0.352s] [0m
[0.415s] -- Found rosidl_generator_c: 3.1.5 (/opt/ros/humble/share/rosidl_generator_c/cmake)
[0.420s] -- Found rosidl_adapter: 3.1.5 (/opt/ros/humble/share/rosidl_adapter/cmake)
[0.433s] -- Found rosidl_generator_cpp: 3.1.5 (/opt/ros/humble/share/rosidl_generator_cpp/cmake)
[0.458s] -- Using all available rosidl_typesupport_c: rosidl_typesupport_fastrtps_c;rosidl_typesupport_introspection_c
[0.497s] -- Using all available rosidl_typesupport_cpp: rosidl_typesupport_fastrtps_cpp;rosidl_typesupport_introspection_cpp
[0.638s] -- Found rmw_implementation_cmake: 6.1.1 (/opt/ros/humble/share/rmw_implementation_cmake/cmake)
[0.640s] -- Found rmw_fastrtps_cpp: 6.2.6 (/opt/ros/humble/share/rmw_fastrtps_cpp/cmake)
[0.941s] -- Using RMW implementation 'rmw_fastrtps_cpp' as default
[1.307s] -- Found sensor_msgs: 4.2.3 (/opt/ros/humble/share/sensor_msgs/cmake)
[1.626s] -- Found nav_msgs: 4.2.3 (/opt/ros/humble/share/nav_msgs/cmake)
[1.831s] -- Found visualization_msgs: 4.2.3 (/opt/ros/humble/share/visualization_msgs/cmake)
[2.053s] -- Found cv_bridge: 3.2.1 (/opt/ros/humble/share/cv_bridge/cmake)
[2.097s] -- Checking for module 'eigen3'
[2.100s] --   No package 'eigen3' found
[2.102s] -- Eigen found (include: /cc_ws/tros_ws/robot_dev_config/../../sysroot_docker/usr/include/eigen3, version: 3.4.0)
[2.164s] -- FLANN found (include: /cc_ws/tros_ws/robot_dev_config/../../sysroot_docker/usr/include, lib: /cc_ws/tros_ws/robot_dev_config/../../sysroot_docker/usr/lib/aarch64-linux-gnu/libflann_cpp.so)
[2.181s] -- The imported target "VTK::WrapHierarchy" references the file
[2.182s]    "/cc_ws/sysroot_docker/usr/bin/vtkWrapHierarchy-9.1"
[2.182s] but this file does not exist.  Possible reasons include:
[2.182s] * The file was deleted, renamed, or moved to another location.
[2.182s] * An install or uninstall procedure did not complete successfully.
[2.182s] * The installation package was faulty and contained
[2.182s]    "/cc_ws/sysroot_docker/usr/lib/aarch64-linux-gnu/cmake/vtk-9.1/VTK-targets.cmake"
[2.182s] but not all the files it references.
[2.183s] 
[2.183s] -- The imported target "VTK::WrapPython" references the file
[2.183s]    "/cc_ws/sysroot_docker/usr/bin/vtkWrapPython-9.1"
[2.183s] but this file does not exist.  Possible reasons include:
[2.183s] * The file was deleted, renamed, or moved to another location.
[2.183s] * An install or uninstall procedure did not complete successfully.
[2.183s] * The installation package was faulty and contained
[2.183s]    "/cc_ws/sysroot_docker/usr/lib/aarch64-linux-gnu/cmake/vtk-9.1/VTK-targets.cmake"
[2.183s] but not all the files it references.
[2.184s] 
[2.184s] -- The imported target "VTK::WrapPythonInit" references the file
[2.184s]    "/cc_ws/sysroot_docker/usr/bin/vtkWrapPythonInit-9.1"
[2.184s] but this file does not exist.  Possible reasons include:
[2.184s] * The file was deleted, renamed, or moved to another location.
[2.184s] * An install or uninstall procedure did not complete successfully.
[2.184s] * The installation package was faulty and contained
[2.184s]    "/cc_ws/sysroot_docker/usr/lib/aarch64-linux-gnu/cmake/vtk-9.1/VTK-targets.cmake"
[2.184s] but not all the files it references.
[2.184s] 
[2.185s] -- The imported target "VTK::ParseJava" references the file
[2.185s]    "/cc_ws/sysroot_docker/usr/bin/vtkParseJava-9.1"
[2.185s] but this file does not exist.  Possible reasons include:
[2.185s] * The file was deleted, renamed, or moved to another location.
[2.185s] * An install or uninstall procedure did not complete successfully.
[2.185s] * The installation package was faulty and contained
[2.185s]    "/cc_ws/sysroot_docker/usr/lib/aarch64-linux-gnu/cmake/vtk-9.1/VTK-targets.cmake"
[2.185s] but not all the files it references.
[2.185s] 
[2.185s] -- The imported target "VTK::WrapJava" references the file
[2.186s]    "/cc_ws/sysroot_docker/usr/bin/vtkWrapJava-9.1"
[2.186s] but this file does not exist.  Possible reasons include:
[2.186s] * The file was deleted, renamed, or moved to another location.
[2.186s] * An install or uninstall procedure did not complete successfully.
[2.186s] * The installation package was faulty and contained
[2.186s]    "/cc_ws/sysroot_docker/usr/lib/aarch64-linux-gnu/cmake/vtk-9.1/VTK-targets.cmake"
[2.186s] but not all the files it references.
[2.186s] 
[2.186s] -- The imported target "VTK::vtkProbeOpenGLVersion" references the file
[2.186s]    "/cc_ws/sysroot_docker/usr/bin/vtkProbeOpenGLVersion-9.1"
[2.187s] but this file does not exist.  Possible reasons include:
[2.187s] * The file was deleted, renamed, or moved to another location.
[2.187s] * An install or uninstall procedure did not complete successfully.
[2.187s] * The installation package was faulty and contained
[2.187s]    "/cc_ws/sysroot_docker/usr/lib/aarch64-linux-gnu/cmake/vtk-9.1/VTK-targets.cmake"
[2.187s] but not all the files it references.
[2.187s] 
[2.351s] -- Checking for module 'mpi-c'
[2.353s] --   No package 'mpi-c' found
[2.406s] -- Could NOT find MPI_C (missing: MPI_C_LIB_NAMES MPI_C_HEADER_DIR MPI_C_WORKS) 
[2.406s] -- Could NOT find MPI (missing: MPI_C_FOUND C) 
[2.457s] -- Found Eigen3: /cc_ws/tros_ws/robot_dev_config/../../sysroot_docker/usr/include/eigen3 (found version "3.4.0") 
[2.687s] -- OpenNI found (version: 1.5.4.0, include: /cc_ws/tros_ws/robot_dev_config/../../sysroot_docker/usr/include/ni, lib: /cc_ws/tros_ws/robot_dev_config/../../sysroot_docker/usr/lib/libOpenNI.so;libusb::libusb)
[2.701s] -- OpenNI2 found (version: 2.2.0.33, include: /cc_ws/tros_ws/robot_dev_config/../../sysroot_docker/usr/include/openni2, lib: /cc_ws/tros_ws/robot_dev_config/../../sysroot_docker/usr/lib/aarch64-linux-gnu/libOpenNI2.so;libusb::libusb)
[2.701s] [0m** WARNING ** io features related to pcap will be disabled[0m
[2.836s] -- Checking for module 'mpi-c'
[2.849s] --   No package 'mpi-c' found
[2.942s] -- Could NOT find MPI_C (missing: MPI_C_LIB_NAMES MPI_C_HEADER_DIR MPI_C_WORKS) 
[2.942s] -- Could NOT find MPI (missing: MPI_C_FOUND C) 
[3.271s] -- Checking for module 'eigen3'
[3.272s] --   No package 'eigen3' found
[3.272s] -- Eigen found (include: /cc_ws/tros_ws/robot_dev_config/../../sysroot_docker/usr/include/eigen3, version: 3.4.0)
[3.288s] -- OpenNI found (version: 1.5.4.0, include: /cc_ws/tros_ws/robot_dev_config/../../sysroot_docker/usr/include/ni, lib: /cc_ws/tros_ws/robot_dev_config/../../sysroot_docker/usr/lib/libOpenNI.so;libusb::libusb)
[3.331s] -- OpenNI2 found (version: 2.2.0.33, include: /cc_ws/tros_ws/robot_dev_config/../../sysroot_docker/usr/include/openni2, lib: /cc_ws/tros_ws/robot_dev_config/../../sysroot_docker/usr/lib/aarch64-linux-gnu/libOpenNI2.so;libusb::libusb)
[3.459s] -- Checking for module 'mpi-c'
[3.467s] --   No package 'mpi-c' found
[3.554s] -- Could NOT find MPI_C (missing: MPI_C_LIB_NAMES MPI_C_HEADER_DIR MPI_C_WORKS) 
[3.554s] -- Could NOT find MPI (missing: MPI_C_FOUND C) 
[3.833s] -- Found Qhull version 8.0.2
[3.994s] -- Checking for module 'mpi-c'
[3.994s] --   No package 'mpi-c' found
[4.126s] -- Could NOT find MPI_C (missing: MPI_C_LIB_NAMES MPI_C_HEADER_DIR MPI_C_WORKS) 
[4.126s] -- Could NOT find MPI (missing: MPI_C_FOUND C) 
[4.434s] -- OpenNI found (version: 1.5.4.0, include: /cc_ws/tros_ws/robot_dev_config/../../sysroot_docker/usr/include/ni, lib: /cc_ws/tros_ws/robot_dev_config/../../sysroot_docker/usr/lib/libOpenNI.so;libusb::libusb)
[4.650s] -- Checking for module 'mpi-c'
[4.670s] --   No package 'mpi-c' found
[4.788s] -- Could NOT find MPI_C (missing: MPI_C_LIB_NAMES MPI_C_HEADER_DIR MPI_C_WORKS) 
[4.789s] -- Could NOT find MPI (missing: MPI_C_FOUND C) 
[5.208s] -- looking for PCL_COMMON
[5.209s] -- Could NOT find PCL_COMMON (missing: PCL_COMMON_LIBRARY PCL_COMMON_INCLUDE_DIR) 
[5.209s] -- looking for PCL_KDTREE
[5.210s] -- Could NOT find PCL_KDTREE (missing: PCL_KDTREE_LIBRARY PCL_KDTREE_INCLUDE_DIR) 
[5.210s] -- looking for PCL_OCTREE
[5.211s] -- Could NOT find PCL_OCTREE (missing: PCL_OCTREE_LIBRARY PCL_OCTREE_INCLUDE_DIR) 
[5.211s] -- looking for PCL_SEARCH
[5.212s] -- Could NOT find PCL_SEARCH (missing: PCL_SEARCH_LIBRARY PCL_SEARCH_INCLUDE_DIR) 
[5.212s] -- looking for PCL_SAMPLE_CONSENSUS
[5.213s] -- Could NOT find PCL_SAMPLE_CONSENSUS (missing: PCL_SAMPLE_CONSENSUS_LIBRARY PCL_SAMPLE_CONSENSUS_INCLUDE_DIR) 
[5.213s] -- looking for PCL_FILTERS
[5.214s] -- Could NOT find PCL_FILTERS (missing: PCL_FILTERS_LIBRARY PCL_FILTERS_INCLUDE_DIR) 
[5.214s] -- looking for PCL_2D
[5.215s] -- Could NOT find PCL_2D (missing: PCL_2D_INCLUDE_DIR) 
[5.215s] -- looking for PCL_GEOMETRY
[5.215s] -- Could NOT find PCL_GEOMETRY (missing: PCL_GEOMETRY_INCLUDE_DIR) 
[5.216s] -- looking for PCL_IO
[5.216s] -- Could NOT find PCL_IO (missing: PCL_IO_LIBRARY PCL_IO_INCLUDE_DIR) 
[5.217s] -- looking for PCL_FEATURES
[5.217s] -- Could NOT find PCL_FEATURES (missing: PCL_FEATURES_LIBRARY PCL_FEATURES_INCLUDE_DIR) 
[5.217s] -- looking for PCL_ML
[5.218s] -- Could NOT find PCL_ML (missing: PCL_ML_LIBRARY PCL_ML_INCLUDE_DIR) 
[5.218s] -- looking for PCL_SEGMENTATION
[5.219s] -- Could NOT find PCL_SEGMENTATION (missing: PCL_SEGMENTATION_LIBRARY PCL_SEGMENTATION_INCLUDE_DIR) 
[5.219s] -- looking for PCL_VISUALIZATION
[5.220s] -- Could NOT find PCL_VISUALIZATION (missing: PCL_VISUALIZATION_LIBRARY PCL_VISUALIZATION_INCLUDE_DIR) 
[5.220s] -- looking for PCL_SURFACE
[5.221s] -- Could NOT find PCL_SURFACE (missing: PCL_SURFACE_LIBRARY PCL_SURFACE_INCLUDE_DIR) 
[5.221s] -- looking for PCL_REGISTRATION
[5.222s] -- Could NOT find PCL_REGISTRATION (missing: PCL_REGISTRATION_LIBRARY PCL_REGISTRATION_INCLUDE_DIR) 
[5.222s] -- looking for PCL_KEYPOINTS
[5.223s] -- Could NOT find PCL_KEYPOINTS (missing: PCL_KEYPOINTS_LIBRARY PCL_KEYPOINTS_INCLUDE_DIR) 
[5.223s] -- looking for PCL_TRACKING
[5.224s] -- Could NOT find PCL_TRACKING (missing: PCL_TRACKING_LIBRARY PCL_TRACKING_INCLUDE_DIR) 
[5.225s] -- looking for PCL_RECOGNITION
[5.226s] -- Could NOT find PCL_RECOGNITION (missing: PCL_RECOGNITION_LIBRARY PCL_RECOGNITION_INCLUDE_DIR) 
[5.226s] -- looking for PCL_STEREO
[5.229s] -- Could NOT find PCL_STEREO (missing: PCL_STEREO_LIBRARY PCL_STEREO_INCLUDE_DIR) 
[5.229s] -- looking for PCL_APPS
[5.236s] -- Could NOT find PCL_APPS (missing: PCL_APPS_LIBRARY PCL_APPS_INCLUDE_DIR) 
[5.237s] -- looking for PCL_IN_HAND_SCANNER
[5.238s] -- Could NOT find PCL_IN_HAND_SCANNER (missing: PCL_IN_HAND_SCANNER_INCLUDE_DIR) 
[5.238s] -- looking for PCL_MODELER
[5.238s] -- Could NOT find PCL_MODELER (missing: PCL_MODELER_INCLUDE_DIR) 
[5.238s] -- looking for PCL_POINT_CLOUD_EDITOR
[5.239s] -- Could NOT find PCL_POINT_CLOUD_EDITOR (missing: PCL_POINT_CLOUD_EDITOR_INCLUDE_DIR) 
[5.239s] -- looking for PCL_OUTOFCORE
[5.239s] -- Could NOT find PCL_OUTOFCORE (missing: PCL_OUTOFCORE_LIBRARY PCL_OUTOFCORE_INCLUDE_DIR) 
[5.239s] -- looking for PCL_PEOPLE
[5.239s] -- Could NOT find PCL_PEOPLE (missing: PCL_PEOPLE_LIBRARY PCL_PEOPLE_INCLUDE_DIR) 
[5.240s] -- Found pcl_conversions: 2.4.0 (/opt/ros/humble/share/pcl_conversions/cmake)
[5.560s] -- Found tf2: 0.25.6 (/opt/ros/humble/share/tf2/cmake)
[5.587s] -- Found tf2_ros: 0.25.6 (/opt/ros/humble/share/tf2_ros/cmake)
[6.220s] -- Found tf2_geometry_msgs: 0.25.6 (/opt/ros/humble/share/tf2_geometry_msgs/cmake)
[6.228s] -- Found eigen3_cmake_module: 0.1.1 (/opt/ros/humble/share/eigen3_cmake_module/cmake)
[6.231s] -- Found Eigen3: TRUE (found version "3.4.0") 
[6.231s] -- Ensuring Eigen3 include directory is part of orocos-kdl CMake target
[6.592s] -- Configuring done
[6.752s] -- Generating done
[6.757s] -- Build files have been written to: /cc_ws/tros_ws/build/ground_robot_planner
[6.787s] Invoked command in '/cc_ws/tros_ws/build/ground_robot_planner' returned '0': CMAKE_PREFIX_PATH=/opt/ros/humble /usr/bin/cmake /cc_ws/tros_ws/src/dm_unitree/GroundRobotPlanner_ros2/src/ground_robot_planner -DCMAKE_EXPORT_COMPILE_COMMANDS=ON --no-warn-unused-cli -DCMAKE_TOOLCHAIN_FILE=/cc_ws/tros_ws/robot_dev_config/aarch64_toolchainfile.cmake -DPLATFORM_X5=ON -DTHIRDPARTY=ON -DBUILD_TESTING=OFF -DCMAKE_BUILD_RPATH=/cc_ws/tros_ws/build/poco_vendor/poco_external_project_install/lib/;/cc_ws/tros_ws/build/libyaml_vendor/libyaml_install/lib/ -DCMAKE_INSTALL_PREFIX=/cc_ws/tros_ws/install
[6.788s] Invoking command in '/cc_ws/tros_ws/build/ground_robot_planner': CMAKE_PREFIX_PATH=/opt/ros/humble /usr/bin/cmake --build /cc_ws/tros_ws/build/ground_robot_planner -- -j12 -l12
[7.841s] [35m[1mConsolidate compiler generated dependencies of target ground_robot_planner_lib[0m
[7.842s] [ 64%] Built target ground_robot_planner_lib
[7.842s] [35m[1mConsolidate compiler generated dependencies of target controller_node[0m
[7.843s] [35m[1mConsolidate compiler generated dependencies of target navigation_manager_node[0m
[7.867s] [ 76%] Built target controller_node
[7.867s] [35m[1mConsolidate compiler generated dependencies of target grid_map_node[0m
[7.867s] [ 88%] Built target navigation_manager_node
[7.868s] [100%] Built target grid_map_node
[7.920s] Invoked command in '/cc_ws/tros_ws/build/ground_robot_planner' returned '0': CMAKE_PREFIX_PATH=/opt/ros/humble /usr/bin/cmake --build /cc_ws/tros_ws/build/ground_robot_planner -- -j12 -l12
[8.544s] Invoking command in '/cc_ws/tros_ws/build/ground_robot_planner': CMAKE_PREFIX_PATH=/opt/ros/humble /usr/bin/cmake --install /cc_ws/tros_ws/build/ground_robot_planner
[8.571s] -- Install configuration: ""
[8.571s] -- Up-to-date: /cc_ws/tros_ws/install/lib/ground_robot_planner/controller_node
[8.572s] -- Up-to-date: /cc_ws/tros_ws/install/lib/ground_robot_planner/grid_map_node
[8.572s] -- Up-to-date: /cc_ws/tros_ws/install/share/ground_robot_planner/launch
[8.572s] -- Up-to-date: /cc_ws/tros_ws/install/share/ground_robot_planner/launch/nav_stereo_without.py
[8.572s] -- Up-to-date: /cc_ws/tros_ws/install/share/ground_robot_planner/config
[8.572s] -- Up-to-date: /cc_ws/tros_ws/install/share/ground_robot_planner/config/planner_params.yaml
[8.572s] -- Up-to-date: /cc_ws/tros_ws/install/share/ground_robot_planner/config/trajectory_sampler_params.yaml
[8.572s] -- Up-to-date: /cc_ws/tros_ws/install/share/ground_robot_planner/config/dwa_params.yaml
[8.572s] -- Up-to-date: /cc_ws/tros_ws/install/include/ground_robot_planner
[8.573s] -- Up-to-date: /cc_ws/tros_ws/install/include/ground_robot_planner/dwa.h
[8.573s] -- Up-to-date: /cc_ws/tros_ws/install/include/ground_robot_planner/statistics_manager.h
[8.573s] -- Up-to-date: /cc_ws/tros_ws/install/include/ground_robot_planner/path_follower.h
[8.573s] -- Up-to-date: /cc_ws/tros_ws/install/include/ground_robot_planner/astar_planner.h
[8.573s] -- Up-to-date: /cc_ws/tros_ws/install/include/ground_robot_planner/controller.h
[8.573s] -- Up-to-date: /cc_ws/tros_ws/install/include/ground_robot_planner/ray_caster.h
[8.573s] -- Up-to-date: /cc_ws/tros_ws/install/include/ground_robot_planner/grid_map.h
[8.573s] -- Up-to-date: /cc_ws/tros_ws/install/include/ground_robot_planner/state_manager.h
[8.574s] -- Up-to-date: /cc_ws/tros_ws/install/include/ground_robot_planner/navigation_manager.h
[8.574s] -- Up-to-date: /cc_ws/tros_ws/install/include/ground_robot_planner/parameter_manager.h
[8.574s] -- Up-to-date: /cc_ws/tros_ws/install/lib/libground_robot_planner_lib.a
[8.574s] -- Up-to-date: /cc_ws/tros_ws/install/share/ament_index/resource_index/package_run_dependencies/ground_robot_planner
[8.574s] -- Up-to-date: /cc_ws/tros_ws/install/share/ament_index/resource_index/parent_prefix_path/ground_robot_planner
[8.574s] -- Up-to-date: /cc_ws/tros_ws/install/share/ground_robot_planner/environment/ament_prefix_path.sh
[8.574s] -- Installing: /cc_ws/tros_ws/install/share/ground_robot_planner/environment/ament_prefix_path.dsv
[8.575s] -- Up-to-date: /cc_ws/tros_ws/install/share/ground_robot_planner/environment/path.sh
[8.575s] -- Installing: /cc_ws/tros_ws/install/share/ground_robot_planner/environment/path.dsv
[8.575s] -- Up-to-date: /cc_ws/tros_ws/install/share/ground_robot_planner/local_setup.bash
[8.575s] -- Up-to-date: /cc_ws/tros_ws/install/share/ground_robot_planner/local_setup.sh
[8.575s] -- Up-to-date: /cc_ws/tros_ws/install/share/ground_robot_planner/local_setup.zsh
[8.575s] -- Installing: /cc_ws/tros_ws/install/share/ground_robot_planner/local_setup.dsv
[8.576s] -- Installing: /cc_ws/tros_ws/install/share/ground_robot_planner/package.dsv
[8.576s] -- Up-to-date: /cc_ws/tros_ws/install/share/ament_index/resource_index/packages/ground_robot_planner
[8.576s] -- Up-to-date: /cc_ws/tros_ws/install/share/ground_robot_planner/cmake/ground_robot_plannerConfig.cmake
[8.576s] -- Up-to-date: /cc_ws/tros_ws/install/share/ground_robot_planner/cmake/ground_robot_plannerConfig-version.cmake
[8.576s] -- Up-to-date: /cc_ws/tros_ws/install/share/ground_robot_planner/package.xml
[8.587s] Invoked command in '/cc_ws/tros_ws/build/ground_robot_planner' returned '0': CMAKE_PREFIX_PATH=/opt/ros/humble /usr/bin/cmake --install /cc_ws/tros_ws/build/ground_robot_planner
