[0.693s] Invoking command in '/cc_ws/tros_ws/build/mono_edgesam': AMENT_PREFIX_PATH=/cc_ws/tros_ws/install:${AMENT_PREFIX_PATH} CMAKE_PREFIX_PATH=/cc_ws/tros_ws/install:/opt/ros/humble LD_LIBRARY_PATH=/cc_ws/tros_ws/install/lib:/opt/ros/humble/opt/rviz_ogre_vendor/lib:/opt/ros/humble/lib/aarch64-linux-gnu:/opt/ros/humble/lib:/cc_ws/userdata/hobot/opt/hobot/deps PYTHONPATH=/cc_ws/tros_ws/install/lib/python3.10/site-packages:/cc_ws/tros_ws/install/local/lib/python3.10/dist-packages:${PYTHONPATH} /usr/bin/cmake /cc_ws/tros_ws/src/box/hobot_perception/mono_edgesam -DCMAKE_EXPORT_COMPILE_COMMANDS=ON --no-warn-unused-cli -DCMAKE_TOOLCHAIN_FILE=/cc_ws/tros_ws/robot_dev_config/aarch64_toolchainfile.cmake -DPLATFORM_X5=ON -DTHIRDPARTY=ON -DBUILD_TESTING=OFF -DCMAKE_BUILD_RPATH=/cc_ws/tros_ws/build/poco_vendor/poco_external_project_install/lib/;/cc_ws/tros_ws/build/libyaml_vendor/libyaml_install/lib/ -DCMAKE_INSTALL_PREFIX=/cc_ws/tros_ws/install
[0.742s] Not searching for unused variables given on the command line.
[0.780s] -- Found ament_cmake: 1.3.8 (/opt/ros/humble/share/ament_cmake/cmake)
[1.487s] [33mCMake Warning (dev) at /opt/ros/humble/share/ament_cmake_test/cmake/ament_cmake_test-extras.cmake:19 (option):
[1.487s]   Policy CMP0077 is not set: option() honors normal variables.  Run "cmake
[1.487s]   --help-policy CMP0077" for policy details.  Use the cmake_policy command to
[1.488s]   set the policy and suppress this warning.
[1.488s] 
[1.488s]   For compatibility with older versions of CMake, option is clearing the
[1.488s]   normal variable 'BUILD_TESTING'.
[1.488s] Call Stack (most recent call first):
[1.489s]   /opt/ros/humble/share/ament_cmake_test/cmake/ament_cmake_testConfig.cmake:41 (include)
[1.489s]   /opt/ros/humble/share/ament_cmake/cmake/ament_cmake_export_dependencies-extras.cmake:21 (find_package)
[1.489s]   /opt/ros/humble/share/ament_cmake/cmake/ament_cmakeConfig.cmake:41 (include)
[1.490s]   CMakeLists.txt:33 (find_package)
[1.491s] This warning is for project developers.  Use -Wno-dev to suppress it.
[1.491s] [0m
[1.498s] -- Found rclcpp: 16.0.8 (/opt/ros/humble/share/rclcpp/cmake)
[1.604s] -- Found rosidl_generator_c: 3.1.5 (/opt/ros/humble/share/rosidl_generator_c/cmake)
[1.621s] -- Found rosidl_adapter: 3.1.5 (/opt/ros/humble/share/rosidl_adapter/cmake)
[1.649s] -- Found rosidl_generator_cpp: 3.1.5 (/opt/ros/humble/share/rosidl_generator_cpp/cmake)
[1.700s] -- Using all available rosidl_typesupport_c: rosidl_typesupport_fastrtps_c;rosidl_typesupport_introspection_c
[1.762s] -- Using all available rosidl_typesupport_cpp: rosidl_typesupport_fastrtps_cpp;rosidl_typesupport_introspection_cpp
[1.934s] -- Found rmw_implementation_cmake: 6.1.1 (/opt/ros/humble/share/rmw_implementation_cmake/cmake)
[1.937s] -- Found rmw_fastrtps_cpp: 6.2.6 (/opt/ros/humble/share/rmw_fastrtps_cpp/cmake)
[2.505s] -- Using RMW implementation 'rmw_fastrtps_cpp' as default
[3.484s] -- Found ai_msgs: 2.0.1 (/cc_ws/tros_ws/robot_dev_config/../install/share/ai_msgs/cmake)
[4.465s] -- Found cv_bridge: 3.2.1 (/opt/ros/humble/share/cv_bridge/cmake)
[4.506s] -- Found dnn_node: 2.5.4 (/cc_ws/tros_ws/robot_dev_config/../install/share/dnn_node/cmake)
[4.512s] -- Found hobot_cv: 2.3.2 (/cc_ws/tros_ws/robot_dev_config/../install/share/hobot_cv/cmake)
[4.517s] -- Found hbm_img_msgs: 2.0.0 (/cc_ws/tros_ws/robot_dev_config/../install/share/hbm_img_msgs/cmake)
[4.598s] [0mbuild platform X5[0m
[4.599s] [0mCMAKE_SYSROOT is /cc_ws/tros_ws/robot_dev_config/../../sysroot_docker[0m
[4.932s] -- Configuring done
[5.030s] -- Generating done
[5.030s] -- Build files have been written to: /cc_ws/tros_ws/build/mono_edgesam
[5.060s] Invoked command in '/cc_ws/tros_ws/build/mono_edgesam' returned '0': AMENT_PREFIX_PATH=/cc_ws/tros_ws/install:${AMENT_PREFIX_PATH} CMAKE_PREFIX_PATH=/cc_ws/tros_ws/install:/opt/ros/humble LD_LIBRARY_PATH=/cc_ws/tros_ws/install/lib:/opt/ros/humble/opt/rviz_ogre_vendor/lib:/opt/ros/humble/lib/aarch64-linux-gnu:/opt/ros/humble/lib:/cc_ws/userdata/hobot/opt/hobot/deps PYTHONPATH=/cc_ws/tros_ws/install/lib/python3.10/site-packages:/cc_ws/tros_ws/install/local/lib/python3.10/dist-packages:${PYTHONPATH} /usr/bin/cmake /cc_ws/tros_ws/src/box/hobot_perception/mono_edgesam -DCMAKE_EXPORT_COMPILE_COMMANDS=ON --no-warn-unused-cli -DCMAKE_TOOLCHAIN_FILE=/cc_ws/tros_ws/robot_dev_config/aarch64_toolchainfile.cmake -DPLATFORM_X5=ON -DTHIRDPARTY=ON -DBUILD_TESTING=OFF -DCMAKE_BUILD_RPATH=/cc_ws/tros_ws/build/poco_vendor/poco_external_project_install/lib/;/cc_ws/tros_ws/build/libyaml_vendor/libyaml_install/lib/ -DCMAKE_INSTALL_PREFIX=/cc_ws/tros_ws/install
[5.061s] Invoking command in '/cc_ws/tros_ws/build/mono_edgesam': AMENT_PREFIX_PATH=/cc_ws/tros_ws/install:${AMENT_PREFIX_PATH} CMAKE_PREFIX_PATH=/cc_ws/tros_ws/install:/opt/ros/humble LD_LIBRARY_PATH=/cc_ws/tros_ws/install/lib:/opt/ros/humble/opt/rviz_ogre_vendor/lib:/opt/ros/humble/lib/aarch64-linux-gnu:/opt/ros/humble/lib:/cc_ws/userdata/hobot/opt/hobot/deps PYTHONPATH=/cc_ws/tros_ws/install/lib/python3.10/site-packages:/cc_ws/tros_ws/install/local/lib/python3.10/dist-packages:${PYTHONPATH} /usr/bin/cmake --build /cc_ws/tros_ws/build/mono_edgesam -- -j12 -l12
[5.228s] [35m[1mConsolidate compiler generated dependencies of target mono_edgesam[0m
[5.392s] [100%] Built target mono_edgesam
[5.450s] Invoked command in '/cc_ws/tros_ws/build/mono_edgesam' returned '0': AMENT_PREFIX_PATH=/cc_ws/tros_ws/install:${AMENT_PREFIX_PATH} CMAKE_PREFIX_PATH=/cc_ws/tros_ws/install:/opt/ros/humble LD_LIBRARY_PATH=/cc_ws/tros_ws/install/lib:/opt/ros/humble/opt/rviz_ogre_vendor/lib:/opt/ros/humble/lib/aarch64-linux-gnu:/opt/ros/humble/lib:/cc_ws/userdata/hobot/opt/hobot/deps PYTHONPATH=/cc_ws/tros_ws/install/lib/python3.10/site-packages:/cc_ws/tros_ws/install/local/lib/python3.10/dist-packages:${PYTHONPATH} /usr/bin/cmake --build /cc_ws/tros_ws/build/mono_edgesam -- -j12 -l12
[5.878s] Invoking command in '/cc_ws/tros_ws/build/mono_edgesam': AMENT_PREFIX_PATH=/cc_ws/tros_ws/install:${AMENT_PREFIX_PATH} CMAKE_PREFIX_PATH=/cc_ws/tros_ws/install:/opt/ros/humble LD_LIBRARY_PATH=/cc_ws/tros_ws/install/lib:/opt/ros/humble/opt/rviz_ogre_vendor/lib:/opt/ros/humble/lib/aarch64-linux-gnu:/opt/ros/humble/lib:/cc_ws/userdata/hobot/opt/hobot/deps PYTHONPATH=/cc_ws/tros_ws/install/lib/python3.10/site-packages:/cc_ws/tros_ws/install/local/lib/python3.10/dist-packages:${PYTHONPATH} /usr/bin/cmake --install /cc_ws/tros_ws/build/mono_edgesam
[5.909s] -- Install configuration: ""
[5.914s] -- Up-to-date: /cc_ws/tros_ws/install/lib/mono_edgesam/mono_edgesam
[5.914s] -- Up-to-date: /cc_ws/tros_ws/install/lib/mono_edgesam/config/
[5.914s] -- Up-to-date: /cc_ws/tros_ws/install/lib/mono_edgesam/config//edgesam_encoder_512.bin
[5.914s] -- Up-to-date: /cc_ws/tros_ws/install/lib/mono_edgesam/config//edgesam_decoder_1024.bin
[5.915s] -- Up-to-date: /cc_ws/tros_ws/install/lib/mono_edgesam/config//edgesam_encoder_1024.bin
[5.915s] -- Up-to-date: /cc_ws/tros_ws/install/lib/mono_edgesam/config//edgesam_decoder_512.bin
[5.915s] -- Up-to-date: /cc_ws/tros_ws/install/lib/mono_edgesam/config/4.jpg
[5.918s] -- Up-to-date: /cc_ws/tros_ws/install/share/mono_edgesam/launch
[5.918s] -- Up-to-date: /cc_ws/tros_ws/install/share/mono_edgesam/launch/sam_with_dosod.launch.py
[5.918s] -- Up-to-date: /cc_ws/tros_ws/install/share/mono_edgesam/launch/sam_with_dosod_no_setrocam.launch.py
[5.918s] -- Up-to-date: /cc_ws/tros_ws/install/share/mono_edgesam/launch/sam.launch.py
[5.918s] -- Up-to-date: /cc_ws/tros_ws/install/share/ament_index/resource_index/package_run_dependencies/mono_edgesam
[5.918s] -- Up-to-date: /cc_ws/tros_ws/install/share/ament_index/resource_index/parent_prefix_path/mono_edgesam
[5.919s] -- Up-to-date: /cc_ws/tros_ws/install/share/mono_edgesam/environment/ament_prefix_path.sh
[5.919s] -- Installing: /cc_ws/tros_ws/install/share/mono_edgesam/environment/ament_prefix_path.dsv
[5.919s] -- Up-to-date: /cc_ws/tros_ws/install/share/mono_edgesam/environment/path.sh
[5.919s] -- Installing: /cc_ws/tros_ws/install/share/mono_edgesam/environment/path.dsv
[5.919s] -- Up-to-date: /cc_ws/tros_ws/install/share/mono_edgesam/local_setup.bash
[5.919s] -- Up-to-date: /cc_ws/tros_ws/install/share/mono_edgesam/local_setup.sh
[5.919s] -- Up-to-date: /cc_ws/tros_ws/install/share/mono_edgesam/local_setup.zsh
[5.920s] -- Installing: /cc_ws/tros_ws/install/share/mono_edgesam/local_setup.dsv
[5.920s] -- Installing: /cc_ws/tros_ws/install/share/mono_edgesam/package.dsv
[5.920s] -- Up-to-date: /cc_ws/tros_ws/install/share/ament_index/resource_index/packages/mono_edgesam
[5.920s] -- Up-to-date: /cc_ws/tros_ws/install/share/mono_edgesam/cmake/mono_edgesamConfig.cmake
[5.920s] -- Up-to-date: /cc_ws/tros_ws/install/share/mono_edgesam/cmake/mono_edgesamConfig-version.cmake
[5.920s] -- Up-to-date: /cc_ws/tros_ws/install/share/mono_edgesam/package.xml
[5.924s] Invoked command in '/cc_ws/tros_ws/build/mono_edgesam' returned '0': AMENT_PREFIX_PATH=/cc_ws/tros_ws/install:${AMENT_PREFIX_PATH} CMAKE_PREFIX_PATH=/cc_ws/tros_ws/install:/opt/ros/humble LD_LIBRARY_PATH=/cc_ws/tros_ws/install/lib:/opt/ros/humble/opt/rviz_ogre_vendor/lib:/opt/ros/humble/lib/aarch64-linux-gnu:/opt/ros/humble/lib:/cc_ws/userdata/hobot/opt/hobot/deps PYTHONPATH=/cc_ws/tros_ws/install/lib/python3.10/site-packages:/cc_ws/tros_ws/install/local/lib/python3.10/dist-packages:${PYTHONPATH} /usr/bin/cmake --install /cc_ws/tros_ws/build/mono_edgesam
