[0.092s] Invoking command in '/cc_ws/tros_ws/build/img_msgs': CMAKE_PREFIX_PATH=/opt/ros/humble /usr/bin/cmake /cc_ws/tros_ws/src/box/hobot_msgs/img_msgs -DCMAKE_EXPORT_COMPILE_COMMANDS=ON --no-warn-unused-cli -DCMAKE_TOOLCHAIN_FILE=/cc_ws/tros_ws/robot_dev_config/aarch64_toolchainfile.cmake -DPLATFORM_X5=ON -DTHIRDPARTY=ON -DBUILD_TESTING=OFF -DCMAKE_BUILD_RPATH=/cc_ws/tros_ws/build/poco_vendor/poco_external_project_install/lib/;/cc_ws/tros_ws/build/libyaml_vendor/libyaml_install/lib/ -DCMAKE_INSTALL_PREFIX=/cc_ws/tros_ws/install
[0.194s] Not searching for unused variables given on the command line.
[0.194s] -- Found ament_cmake: 1.3.8 (/opt/ros/humble/share/ament_cmake/cmake)
[0.857s] [33mCMake Warning (dev) at /opt/ros/humble/share/ament_cmake_test/cmake/ament_cmake_test-extras.cmake:19 (option):
[0.867s]   Policy CMP0077 is not set: option() honors normal variables.  Run "cmake
[0.867s]   --help-policy CMP0077" for policy details.  Use the cmake_policy command to
[0.867s]   set the policy and suppress this warning.
[0.867s] 
[0.868s]   For compatibility with older versions of CMake, option is clearing the
[0.868s]   normal variable 'BUILD_TESTING'.
[0.868s] Call Stack (most recent call first):
[0.868s]   /opt/ros/humble/share/ament_cmake_test/cmake/ament_cmake_testConfig.cmake:41 (include)
[0.868s]   /opt/ros/humble/share/ament_cmake/cmake/ament_cmake_export_dependencies-extras.cmake:21 (find_package)
[0.869s]   /opt/ros/humble/share/ament_cmake/cmake/ament_cmakeConfig.cmake:41 (include)
[0.869s]   CMakeLists.txt:36 (find_package)
[0.869s] This warning is for project developers.  Use -Wno-dev to suppress it.
[0.869s] [0m
[0.873s] -- Found builtin_interfaces: 1.2.1 (/opt/ros/humble/share/builtin_interfaces/cmake)
[0.996s] -- Found rosidl_generator_c: 3.1.5 (/opt/ros/humble/share/rosidl_generator_c/cmake)
[1.005s] -- Found rosidl_adapter: 3.1.5 (/opt/ros/humble/share/rosidl_adapter/cmake)
[1.025s] -- Found rosidl_generator_cpp: 3.1.5 (/opt/ros/humble/share/rosidl_generator_cpp/cmake)
[1.071s] -- Using all available rosidl_typesupport_c: rosidl_typesupport_fastrtps_c;rosidl_typesupport_introspection_c
[1.129s] -- Using all available rosidl_typesupport_cpp: rosidl_typesupport_fastrtps_cpp;rosidl_typesupport_introspection_cpp
[1.208s] -- Found rosidl_default_generators: 1.2.0 (/opt/ros/humble/share/rosidl_default_generators/cmake)
[2.033s] -- Found ament_cmake_ros: 0.10.0 (/opt/ros/humble/share/ament_cmake_ros/cmake)
[3.116s] -- Using all available rosidl_typesupport_c: rosidl_typesupport_fastrtps_c;rosidl_typesupport_introspection_c
[3.469s] -- Using all available rosidl_typesupport_cpp: rosidl_typesupport_fastrtps_cpp;rosidl_typesupport_introspection_cpp
[3.561s] -- Found python_cmake_module: 0.10.0 (/opt/ros/humble/share/python_cmake_module/cmake)
[3.625s] -- Using PYTHON_EXECUTABLE: /usr/bin/python3
[3.625s] -- Using PYTHON_INCLUDE_DIRS: /cc_ws/tros_ws/robot_dev_config/../../sysroot_docker/usr/include/python3.10
[3.626s] -- Using PYTHON_LIBRARIES: /cc_ws/tros_ws/robot_dev_config/../../sysroot_docker/usr/lib/aarch64-linux-gnu/libpython3.10.so
[4.296s] -- Using numpy include directory: /usr/local/lib/python3.10/dist-packages/numpy/core/include
[4.412s] -- Configuring done
[4.597s] -- Generating done
[4.622s] -- Build files have been written to: /cc_ws/tros_ws/build/img_msgs
[4.735s] Invoked command in '/cc_ws/tros_ws/build/img_msgs' returned '0': CMAKE_PREFIX_PATH=/opt/ros/humble /usr/bin/cmake /cc_ws/tros_ws/src/box/hobot_msgs/img_msgs -DCMAKE_EXPORT_COMPILE_COMMANDS=ON --no-warn-unused-cli -DCMAKE_TOOLCHAIN_FILE=/cc_ws/tros_ws/robot_dev_config/aarch64_toolchainfile.cmake -DPLATFORM_X5=ON -DTHIRDPARTY=ON -DBUILD_TESTING=OFF -DCMAKE_BUILD_RPATH=/cc_ws/tros_ws/build/poco_vendor/poco_external_project_install/lib/;/cc_ws/tros_ws/build/libyaml_vendor/libyaml_install/lib/ -DCMAKE_INSTALL_PREFIX=/cc_ws/tros_ws/install
[4.737s] Invoking command in '/cc_ws/tros_ws/build/img_msgs': CMAKE_PREFIX_PATH=/opt/ros/humble /usr/bin/cmake --build /cc_ws/tros_ws/build/img_msgs -- -j12 -l12
[5.626s] [35m[1mConsolidate compiler generated dependencies of target img_msgs__rosidl_generator_c[0m
[5.627s] [  9%] Built target img_msgs__rosidl_generator_c
[5.627s] [ 12%] Built target img_msgs__cpp
[5.627s] [35m[1mConsolidate compiler generated dependencies of target img_msgs__rosidl_typesupport_fastrtps_c[0m
[5.627s] [ 12%] Built target ament_cmake_python_copy_img_msgs
[5.628s] [35m[1mConsolidate compiler generated dependencies of target img_msgs__rosidl_typesupport_introspection_c[0m
[5.628s] [35m[1mConsolidate compiler generated dependencies of target img_msgs__rosidl_typesupport_fastrtps_cpp[0m
[5.628s] [ 22%] Built target img_msgs__rosidl_typesupport_fastrtps_c
[5.628s] [ 32%] Built target img_msgs__rosidl_typesupport_introspection_c
[5.629s] [ 41%] Built target img_msgs__rosidl_typesupport_fastrtps_cpp
[5.629s] [35m[1mConsolidate compiler generated dependencies of target img_msgs__rosidl_typesupport_cpp[0m
[5.629s] [ 51%] Built target img_msgs__rosidl_typesupport_cpp
[5.629s] [35m[1mConsolidate compiler generated dependencies of target img_msgs__rosidl_typesupport_introspection_cpp[0m
[5.629s] [35m[1mConsolidate compiler generated dependencies of target img_msgs__rosidl_typesupport_c[0m
[5.630s] [ 61%] Built target img_msgs__rosidl_typesupport_c
[5.635s] [ 70%] Built target img_msgs__rosidl_typesupport_introspection_cpp
[5.635s] [ 70%] Built target img_msgs
[5.635s] [ 74%] Built target img_msgs__py
[5.635s] [35m[1mConsolidate compiler generated dependencies of target img_msgs__rosidl_generator_py[0m
[5.643s] [ 80%] Built target img_msgs__rosidl_generator_py
[5.707s] [35m[1mConsolidate compiler generated dependencies of target img_msgs__rosidl_typesupport_fastrtps_c__pyext[0m
[5.724s] [ 87%] Built target img_msgs__rosidl_typesupport_fastrtps_c__pyext
[5.743s] [35m[1mConsolidate compiler generated dependencies of target img_msgs__rosidl_typesupport_introspection_c__pyext[0m
[5.805s] [35m[1mConsolidate compiler generated dependencies of target img_msgs__rosidl_typesupport_c__pyext[0m
[5.819s] [ 93%] Built target img_msgs__rosidl_typesupport_introspection_c__pyext
[5.867s] [100%] Built target img_msgs__rosidl_typesupport_c__pyext
[6.101s] running egg_info
[6.105s] writing img_msgs.egg-info/PKG-INFO
[6.106s] writing dependency_links to img_msgs.egg-info/dependency_links.txt
[6.107s] writing top-level names to img_msgs.egg-info/top_level.txt
[6.117s] reading manifest file 'img_msgs.egg-info/SOURCES.txt'
[6.126s] writing manifest file 'img_msgs.egg-info/SOURCES.txt'
[6.230s] [100%] Built target ament_cmake_python_build_img_msgs_egg
[6.277s] Invoked command in '/cc_ws/tros_ws/build/img_msgs' returned '0': CMAKE_PREFIX_PATH=/opt/ros/humble /usr/bin/cmake --build /cc_ws/tros_ws/build/img_msgs -- -j12 -l12
[6.578s] Invoking command in '/cc_ws/tros_ws/build/img_msgs': CMAKE_PREFIX_PATH=/opt/ros/humble /usr/bin/cmake --install /cc_ws/tros_ws/build/img_msgs
[6.643s] -- Install configuration: ""
[6.643s] -- Up-to-date: /cc_ws/tros_ws/install/share/ament_index/resource_index/rosidl_interfaces/img_msgs
[6.643s] -- Up-to-date: /cc_ws/tros_ws/install/include/img_msgs/img_msgs
[6.643s] -- Up-to-date: /cc_ws/tros_ws/install/include/img_msgs/img_msgs/msg
[6.644s] -- Up-to-date: /cc_ws/tros_ws/install/include/img_msgs/img_msgs/msg/rosidl_generator_c__visibility_control.h
[6.644s] -- Up-to-date: /cc_ws/tros_ws/install/include/img_msgs/img_msgs/msg/h26_x_frame.h
[6.645s] -- Up-to-date: /cc_ws/tros_ws/install/include/img_msgs/img_msgs/msg/detail
[6.645s] -- Up-to-date: /cc_ws/tros_ws/install/include/img_msgs/img_msgs/msg/detail/h26_x_frame__functions.c
[6.645s] -- Up-to-date: /cc_ws/tros_ws/install/include/img_msgs/img_msgs/msg/detail/h26_x_frame__struct.h
[6.645s] -- Up-to-date: /cc_ws/tros_ws/install/include/img_msgs/img_msgs/msg/detail/h26_x_frame__type_support.h
[6.646s] -- Up-to-date: /cc_ws/tros_ws/install/include/img_msgs/img_msgs/msg/detail/h26_x_frame__functions.h
[6.646s] -- Up-to-date: /cc_ws/tros_ws/install/share/img_msgs/environment/library_path.sh
[6.646s] -- Installing: /cc_ws/tros_ws/install/share/img_msgs/environment/library_path.dsv
[6.660s] -- Up-to-date: /cc_ws/tros_ws/install/lib/libimg_msgs__rosidl_generator_c.so
[6.661s] -- Up-to-date: /cc_ws/tros_ws/install/include/img_msgs/img_msgs
[6.661s] -- Up-to-date: /cc_ws/tros_ws/install/include/img_msgs/img_msgs/msg
[6.666s] -- Up-to-date: /cc_ws/tros_ws/install/include/img_msgs/img_msgs/msg/rosidl_typesupport_fastrtps_c__visibility_control.h
[6.666s] -- Up-to-date: /cc_ws/tros_ws/install/include/img_msgs/img_msgs/msg/detail
[6.666s] -- Up-to-date: /cc_ws/tros_ws/install/include/img_msgs/img_msgs/msg/detail/h26_x_frame__rosidl_typesupport_fastrtps_c.h
[6.672s] -- Up-to-date: /cc_ws/tros_ws/install/lib/libimg_msgs__rosidl_typesupport_fastrtps_c.so
[6.672s] -- Up-to-date: /cc_ws/tros_ws/install/include/img_msgs/img_msgs
[6.673s] -- Up-to-date: /cc_ws/tros_ws/install/include/img_msgs/img_msgs/msg
[6.673s] -- Up-to-date: /cc_ws/tros_ws/install/include/img_msgs/img_msgs/msg/h26_x_frame.hpp
[6.673s] -- Up-to-date: /cc_ws/tros_ws/install/include/img_msgs/img_msgs/msg/detail
[6.673s] -- Up-to-date: /cc_ws/tros_ws/install/include/img_msgs/img_msgs/msg/detail/h26_x_frame__traits.hpp
[6.674s] -- Up-to-date: /cc_ws/tros_ws/install/include/img_msgs/img_msgs/msg/detail/h26_x_frame__builder.hpp
[6.674s] -- Up-to-date: /cc_ws/tros_ws/install/include/img_msgs/img_msgs/msg/detail/h26_x_frame__struct.hpp
[6.674s] -- Up-to-date: /cc_ws/tros_ws/install/include/img_msgs/img_msgs
[6.674s] -- Up-to-date: /cc_ws/tros_ws/install/include/img_msgs/img_msgs/msg
[6.674s] -- Up-to-date: /cc_ws/tros_ws/install/include/img_msgs/img_msgs/msg/detail
[6.675s] -- Up-to-date: /cc_ws/tros_ws/install/include/img_msgs/img_msgs/msg/detail/h26_x_frame__rosidl_typesupport_fastrtps_cpp.hpp
[6.675s] -- Up-to-date: /cc_ws/tros_ws/install/include/img_msgs/img_msgs/msg/detail/dds_fastrtps
[6.675s] -- Up-to-date: /cc_ws/tros_ws/install/include/img_msgs/img_msgs/msg/rosidl_typesupport_fastrtps_cpp__visibility_control.h
[6.688s] -- Up-to-date: /cc_ws/tros_ws/install/lib/libimg_msgs__rosidl_typesupport_fastrtps_cpp.so
[6.688s] -- Up-to-date: /cc_ws/tros_ws/install/include/img_msgs/img_msgs
[6.688s] -- Up-to-date: /cc_ws/tros_ws/install/include/img_msgs/img_msgs/msg
[6.689s] -- Up-to-date: /cc_ws/tros_ws/install/include/img_msgs/img_msgs/msg/rosidl_typesupport_introspection_c__visibility_control.h
[6.689s] -- Up-to-date: /cc_ws/tros_ws/install/include/img_msgs/img_msgs/msg/detail
[6.689s] -- Up-to-date: /cc_ws/tros_ws/install/include/img_msgs/img_msgs/msg/detail/h26_x_frame__rosidl_typesupport_introspection_c.h
[6.689s] -- Up-to-date: /cc_ws/tros_ws/install/include/img_msgs/img_msgs/msg/detail/h26_x_frame__type_support.c
[6.690s] -- Up-to-date: /cc_ws/tros_ws/install/lib/libimg_msgs__rosidl_typesupport_introspection_c.so
[6.692s] -- Up-to-date: /cc_ws/tros_ws/install/lib/libimg_msgs__rosidl_typesupport_c.so
[6.695s] -- Up-to-date: /cc_ws/tros_ws/install/include/img_msgs/img_msgs
[6.696s] -- Up-to-date: /cc_ws/tros_ws/install/include/img_msgs/img_msgs/msg
[6.696s] -- Up-to-date: /cc_ws/tros_ws/install/include/img_msgs/img_msgs/msg/detail
[6.697s] -- Up-to-date: /cc_ws/tros_ws/install/include/img_msgs/img_msgs/msg/detail/h26_x_frame__type_support.cpp
[6.697s] -- Up-to-date: /cc_ws/tros_ws/install/include/img_msgs/img_msgs/msg/detail/h26_x_frame__rosidl_typesupport_introspection_cpp.hpp
[6.707s] -- Up-to-date: /cc_ws/tros_ws/install/lib/libimg_msgs__rosidl_typesupport_introspection_cpp.so
[6.707s] -- Up-to-date: /cc_ws/tros_ws/install/lib/libimg_msgs__rosidl_typesupport_cpp.so
[6.707s] -- Up-to-date: /cc_ws/tros_ws/install/share/img_msgs/environment/pythonpath.sh
[6.708s] -- Installing: /cc_ws/tros_ws/install/share/img_msgs/environment/pythonpath.dsv
[6.708s] -- Up-to-date: /cc_ws/tros_ws/install/local/lib/python3.10/dist-packages/img_msgs-2.0.0-py3.10.egg-info
[6.712s] -- Installing: /cc_ws/tros_ws/install/local/lib/python3.10/dist-packages/img_msgs-2.0.0-py3.10.egg-info/SOURCES.txt
[6.712s] -- Installing: /cc_ws/tros_ws/install/local/lib/python3.10/dist-packages/img_msgs-2.0.0-py3.10.egg-info/PKG-INFO
[6.712s] -- Installing: /cc_ws/tros_ws/install/local/lib/python3.10/dist-packages/img_msgs-2.0.0-py3.10.egg-info/dependency_links.txt
[6.713s] -- Installing: /cc_ws/tros_ws/install/local/lib/python3.10/dist-packages/img_msgs-2.0.0-py3.10.egg-info/top_level.txt
[6.713s] -- Up-to-date: /cc_ws/tros_ws/install/local/lib/python3.10/dist-packages/img_msgs
[6.714s] -- Up-to-date: /cc_ws/tros_ws/install/local/lib/python3.10/dist-packages/img_msgs/_img_msgs_s.ep.rosidl_typesupport_fastrtps_c.c
[6.714s] -- Up-to-date: /cc_ws/tros_ws/install/local/lib/python3.10/dist-packages/img_msgs/img_msgs_s__rosidl_typesupport_introspection_c.cpython-310-aarch64-linux-gnu.so
[6.714s] -- Up-to-date: /cc_ws/tros_ws/install/local/lib/python3.10/dist-packages/img_msgs/_img_msgs_s.ep.rosidl_typesupport_c.c
[6.714s] -- Up-to-date: /cc_ws/tros_ws/install/local/lib/python3.10/dist-packages/img_msgs/img_msgs_s__rosidl_typesupport_c.cpython-310-aarch64-linux-gnu.so
[6.714s] -- Up-to-date: /cc_ws/tros_ws/install/local/lib/python3.10/dist-packages/img_msgs/msg
[6.715s] -- Up-to-date: /cc_ws/tros_ws/install/local/lib/python3.10/dist-packages/img_msgs/msg/__init__.py
[6.715s] -- Up-to-date: /cc_ws/tros_ws/install/local/lib/python3.10/dist-packages/img_msgs/msg/_h26_x_frame.py
[6.715s] -- Up-to-date: /cc_ws/tros_ws/install/local/lib/python3.10/dist-packages/img_msgs/msg/_h26_x_frame_s.c
[6.715s] -- Up-to-date: /cc_ws/tros_ws/install/local/lib/python3.10/dist-packages/img_msgs/img_msgs_s__rosidl_typesupport_fastrtps_c.cpython-310-aarch64-linux-gnu.so
[6.716s] -- Up-to-date: /cc_ws/tros_ws/install/local/lib/python3.10/dist-packages/img_msgs/_img_msgs_s.ep.rosidl_typesupport_introspection_c.c
[6.716s] -- Installing: /cc_ws/tros_ws/install/local/lib/python3.10/dist-packages/img_msgs/__init__.py
[6.716s] -- Up-to-date: /cc_ws/tros_ws/install/local/lib/python3.10/dist-packages/img_msgs/libimg_msgs__rosidl_generator_py.so
[7.005s] Listing '/cc_ws/tros_ws/install/local/lib/python3.10/dist-packages/img_msgs'...
[7.005s] Compiling '/cc_ws/tros_ws/install/local/lib/python3.10/dist-packages/img_msgs/__init__.py'...
[7.005s] Listing '/cc_ws/tros_ws/install/local/lib/python3.10/dist-packages/img_msgs/msg'...
[7.056s] -- Up-to-date: /cc_ws/tros_ws/install/local/lib/python3.10/dist-packages/img_msgs/img_msgs_s__rosidl_typesupport_fastrtps_c.cpython-310-aarch64-linux-gnu.so
[7.061s] -- Up-to-date: /cc_ws/tros_ws/install/local/lib/python3.10/dist-packages/img_msgs/img_msgs_s__rosidl_typesupport_introspection_c.cpython-310-aarch64-linux-gnu.so
[7.074s] -- Up-to-date: /cc_ws/tros_ws/install/local/lib/python3.10/dist-packages/img_msgs/img_msgs_s__rosidl_typesupport_c.cpython-310-aarch64-linux-gnu.so
[7.074s] -- Up-to-date: /cc_ws/tros_ws/install/lib/libimg_msgs__rosidl_generator_py.so
[7.074s] -- Up-to-date: /cc_ws/tros_ws/install/share/img_msgs/msg/H26XFrame.idl
[7.075s] -- Up-to-date: /cc_ws/tros_ws/install/share/img_msgs/msg/H26XFrame.msg
[7.075s] -- Up-to-date: /cc_ws/tros_ws/install/share/ament_index/resource_index/package_run_dependencies/img_msgs
[7.075s] -- Up-to-date: /cc_ws/tros_ws/install/share/ament_index/resource_index/parent_prefix_path/img_msgs
[7.075s] -- Up-to-date: /cc_ws/tros_ws/install/share/img_msgs/environment/ament_prefix_path.sh
[7.075s] -- Installing: /cc_ws/tros_ws/install/share/img_msgs/environment/ament_prefix_path.dsv
[7.076s] -- Up-to-date: /cc_ws/tros_ws/install/share/img_msgs/environment/path.sh
[7.076s] -- Installing: /cc_ws/tros_ws/install/share/img_msgs/environment/path.dsv
[7.077s] -- Up-to-date: /cc_ws/tros_ws/install/share/img_msgs/local_setup.bash
[7.077s] -- Up-to-date: /cc_ws/tros_ws/install/share/img_msgs/local_setup.sh
[7.077s] -- Up-to-date: /cc_ws/tros_ws/install/share/img_msgs/local_setup.zsh
[7.078s] -- Installing: /cc_ws/tros_ws/install/share/img_msgs/local_setup.dsv
[7.078s] -- Installing: /cc_ws/tros_ws/install/share/img_msgs/package.dsv
[7.078s] -- Up-to-date: /cc_ws/tros_ws/install/share/ament_index/resource_index/packages/img_msgs
[7.078s] -- Up-to-date: /cc_ws/tros_ws/install/share/img_msgs/cmake/export_img_msgs__rosidl_generator_cExport.cmake
[7.079s] -- Up-to-date: /cc_ws/tros_ws/install/share/img_msgs/cmake/export_img_msgs__rosidl_generator_cExport-noconfig.cmake
[7.081s] -- Up-to-date: /cc_ws/tros_ws/install/share/img_msgs/cmake/export_img_msgs__rosidl_typesupport_fastrtps_cExport.cmake
[7.082s] -- Up-to-date: /cc_ws/tros_ws/install/share/img_msgs/cmake/export_img_msgs__rosidl_typesupport_fastrtps_cExport-noconfig.cmake
[7.082s] -- Up-to-date: /cc_ws/tros_ws/install/share/img_msgs/cmake/export_img_msgs__rosidl_generator_cppExport.cmake
[7.082s] -- Up-to-date: /cc_ws/tros_ws/install/share/img_msgs/cmake/export_img_msgs__rosidl_typesupport_fastrtps_cppExport.cmake
[7.082s] -- Up-to-date: /cc_ws/tros_ws/install/share/img_msgs/cmake/export_img_msgs__rosidl_typesupport_fastrtps_cppExport-noconfig.cmake
[7.083s] -- Up-to-date: /cc_ws/tros_ws/install/share/img_msgs/cmake/img_msgs__rosidl_typesupport_introspection_cExport.cmake
[7.083s] -- Up-to-date: /cc_ws/tros_ws/install/share/img_msgs/cmake/img_msgs__rosidl_typesupport_introspection_cExport-noconfig.cmake
[7.083s] -- Up-to-date: /cc_ws/tros_ws/install/share/img_msgs/cmake/img_msgs__rosidl_typesupport_cExport.cmake
[7.084s] -- Up-to-date: /cc_ws/tros_ws/install/share/img_msgs/cmake/img_msgs__rosidl_typesupport_cExport-noconfig.cmake
[7.086s] -- Up-to-date: /cc_ws/tros_ws/install/share/img_msgs/cmake/img_msgs__rosidl_typesupport_introspection_cppExport.cmake
[7.086s] -- Up-to-date: /cc_ws/tros_ws/install/share/img_msgs/cmake/img_msgs__rosidl_typesupport_introspection_cppExport-noconfig.cmake
[7.087s] -- Up-to-date: /cc_ws/tros_ws/install/share/img_msgs/cmake/img_msgs__rosidl_typesupport_cppExport.cmake
[7.087s] -- Up-to-date: /cc_ws/tros_ws/install/share/img_msgs/cmake/img_msgs__rosidl_typesupport_cppExport-noconfig.cmake
[7.087s] -- Up-to-date: /cc_ws/tros_ws/install/share/img_msgs/cmake/export_img_msgs__rosidl_generator_pyExport.cmake
[7.087s] -- Up-to-date: /cc_ws/tros_ws/install/share/img_msgs/cmake/export_img_msgs__rosidl_generator_pyExport-noconfig.cmake
[7.088s] -- Up-to-date: /cc_ws/tros_ws/install/share/img_msgs/cmake/rosidl_cmake-extras.cmake
[7.088s] -- Up-to-date: /cc_ws/tros_ws/install/share/img_msgs/cmake/ament_cmake_export_dependencies-extras.cmake
[7.088s] -- Up-to-date: /cc_ws/tros_ws/install/share/img_msgs/cmake/ament_cmake_export_include_directories-extras.cmake
[7.106s] -- Up-to-date: /cc_ws/tros_ws/install/share/img_msgs/cmake/ament_cmake_export_libraries-extras.cmake
[7.107s] -- Up-to-date: /cc_ws/tros_ws/install/share/img_msgs/cmake/ament_cmake_export_targets-extras.cmake
[7.107s] -- Up-to-date: /cc_ws/tros_ws/install/share/img_msgs/cmake/rosidl_cmake_export_typesupport_targets-extras.cmake
[7.107s] -- Up-to-date: /cc_ws/tros_ws/install/share/img_msgs/cmake/rosidl_cmake_export_typesupport_libraries-extras.cmake
[7.107s] -- Up-to-date: /cc_ws/tros_ws/install/share/img_msgs/cmake/img_msgsConfig.cmake
[7.107s] -- Up-to-date: /cc_ws/tros_ws/install/share/img_msgs/cmake/img_msgsConfig-version.cmake
[7.108s] -- Up-to-date: /cc_ws/tros_ws/install/share/img_msgs/package.xml
[7.109s] Invoked command in '/cc_ws/tros_ws/build/img_msgs' returned '0': CMAKE_PREFIX_PATH=/opt/ros/humble /usr/bin/cmake --install /cc_ws/tros_ws/build/img_msgs
