[0.100s] Invoking command in '/cc_ws/tros_ws/build/audio_msg': CMAKE_PREFIX_PATH=/opt/ros/humble /usr/bin/cmake /cc_ws/tros_ws/src/box/hobot_msgs/audio_msg -DCMAKE_EXPORT_COMPILE_COMMANDS=ON --no-warn-unused-cli -DCMAKE_TOOLCHAIN_FILE=/cc_ws/tros_ws/robot_dev_config/aarch64_toolchainfile.cmake -DPLATFORM_X5=ON -DTHIRDPARTY=ON -DBUILD_TESTING=OFF -DCMAKE_BUILD_RPATH=/cc_ws/tros_ws/build/poco_vendor/poco_external_project_install/lib/;/cc_ws/tros_ws/build/libyaml_vendor/libyaml_install/lib/ -DCMAKE_INSTALL_PREFIX=/cc_ws/tros_ws/install
[2.374s] Not searching for unused variables given on the command line.
[2.374s] -- Found ament_cmake: 1.3.8 (/opt/ros/humble/share/ament_cmake/cmake)
[2.374s] -- Found std_msgs: 4.2.3 (/opt/ros/humble/share/std_msgs/cmake)
[2.375s] -- Found rosidl_generator_c: 3.1.5 (/opt/ros/humble/share/rosidl_generator_c/cmake)
[2.375s] -- Found rosidl_adapter: 3.1.5 (/opt/ros/humble/share/rosidl_adapter/cmake)
[2.375s] -- Found rosidl_generator_cpp: 3.1.5 (/opt/ros/humble/share/rosidl_generator_cpp/cmake)
[2.375s] -- Using all available rosidl_typesupport_c: rosidl_typesupport_fastrtps_c;rosidl_typesupport_introspection_c
[2.375s] -- Using all available rosidl_typesupport_cpp: rosidl_typesupport_fastrtps_cpp;rosidl_typesupport_introspection_cpp
[2.376s] -- Found geometry_msgs: 4.2.3 (/opt/ros/humble/share/geometry_msgs/cmake)
[2.376s] -- Found rosidl_default_generators: 1.2.0 (/opt/ros/humble/share/rosidl_default_generators/cmake)
[2.376s] [33mCMake Warning (dev) at /opt/ros/humble/share/ament_cmake_test/cmake/ament_cmake_test-extras.cmake:19 (option):
[2.376s]   Policy CMP0077 is not set: option() honors normal variables.  Run "cmake
[2.377s]   --help-policy CMP0077" for policy details.  Use the cmake_policy command to
[2.377s]   set the policy and suppress this warning.
[2.377s] 
[2.378s]   For compatibility with older versions of CMake, option is clearing the
[2.378s]   normal variable 'BUILD_TESTING'.
[2.378s] Call Stack (most recent call first):
[2.378s]   /opt/ros/humble/share/ament_cmake_test/cmake/ament_cmake_testConfig.cmake:41 (include)
[2.379s]   /opt/ros/humble/share/ament_cmake/cmake/ament_cmake_export_dependencies-extras.cmake:21 (find_package)
[2.379s]   /opt/ros/humble/share/ament_cmake/cmake/ament_cmakeConfig.cmake:41 (include)
[2.379s]   CMakeLists.txt:33 (find_package)
[2.379s] This warning is for project developers.  Use -Wno-dev to suppress it.
[2.379s] [0m
[2.427s] -- Found ament_cmake_ros: 0.10.0 (/opt/ros/humble/share/ament_cmake_ros/cmake)
[4.099s] -- Using all available rosidl_typesupport_c: rosidl_typesupport_fastrtps_c;rosidl_typesupport_introspection_c
[4.954s] -- Using all available rosidl_typesupport_cpp: rosidl_typesupport_fastrtps_cpp;rosidl_typesupport_introspection_cpp
[5.006s] -- Found python_cmake_module: 0.10.0 (/opt/ros/humble/share/python_cmake_module/cmake)
[5.080s] -- Using PYTHON_EXECUTABLE: /usr/bin/python3
[5.080s] -- Using PYTHON_INCLUDE_DIRS: /cc_ws/tros_ws/robot_dev_config/../../sysroot_docker/usr/include/python3.10
[5.081s] -- Using PYTHON_LIBRARIES: /cc_ws/tros_ws/robot_dev_config/../../sysroot_docker/usr/lib/aarch64-linux-gnu/libpython3.10.so
[5.703s] -- Using numpy include directory: /usr/local/lib/python3.10/dist-packages/numpy/core/include
[5.785s] -- Configuring done
[6.117s] -- Generating done
[6.126s] -- Build files have been written to: /cc_ws/tros_ws/build/audio_msg
[6.156s] Invoked command in '/cc_ws/tros_ws/build/audio_msg' returned '0': CMAKE_PREFIX_PATH=/opt/ros/humble /usr/bin/cmake /cc_ws/tros_ws/src/box/hobot_msgs/audio_msg -DCMAKE_EXPORT_COMPILE_COMMANDS=ON --no-warn-unused-cli -DCMAKE_TOOLCHAIN_FILE=/cc_ws/tros_ws/robot_dev_config/aarch64_toolchainfile.cmake -DPLATFORM_X5=ON -DTHIRDPARTY=ON -DBUILD_TESTING=OFF -DCMAKE_BUILD_RPATH=/cc_ws/tros_ws/build/poco_vendor/poco_external_project_install/lib/;/cc_ws/tros_ws/build/libyaml_vendor/libyaml_install/lib/ -DCMAKE_INSTALL_PREFIX=/cc_ws/tros_ws/install
[6.157s] Invoking command in '/cc_ws/tros_ws/build/audio_msg': CMAKE_PREFIX_PATH=/opt/ros/humble /usr/bin/cmake --build /cc_ws/tros_ws/build/audio_msg -- -j12 -l12
[6.409s] [35m[1mConsolidate compiler generated dependencies of target audio_msg__rosidl_generator_c[0m
[6.476s] [ 11%] Built target audio_msg__rosidl_generator_c
[6.526s] [ 12%] Built target audio_msg__cpp
[6.635s] [35m[1mConsolidate compiler generated dependencies of target audio_msg__rosidl_typesupport_c[0m
[6.636s] [35m[1mConsolidate compiler generated dependencies of target audio_msg__rosidl_typesupport_fastrtps_c[0m
[6.637s] [35m[1mConsolidate compiler generated dependencies of target audio_msg__rosidl_typesupport_fastrtps_cpp[0m
[6.637s] [35m[1mConsolidate compiler generated dependencies of target audio_msg__rosidl_typesupport_cpp[0m
[6.637s] [35m[1mConsolidate compiler generated dependencies of target audio_msg__rosidl_typesupport_introspection_c[0m
[6.638s] [35m[1mConsolidate compiler generated dependencies of target audio_msg__rosidl_typesupport_introspection_cpp[0m
[6.638s] [ 23%] Built target audio_msg__rosidl_typesupport_c
[6.660s] [ 23%] Built target ament_cmake_python_copy_audio_msg
[6.671s] [ 34%] Built target audio_msg__rosidl_typesupport_fastrtps_c
[6.702s] [ 46%] Built target audio_msg__rosidl_typesupport_fastrtps_cpp
[6.705s] [ 57%] Built target audio_msg__rosidl_typesupport_introspection_c
[6.719s] [ 68%] Built target audio_msg__rosidl_typesupport_introspection_cpp
[6.744s] [ 79%] Built target audio_msg__rosidl_typesupport_cpp
[6.865s] [ 79%] Built target audio_msg
[6.986s] [ 80%] Built target audio_msg__py
[7.015s] [35m[1mConsolidate compiler generated dependencies of target audio_msg__rosidl_generator_py[0m
[7.063s] [ 90%] Built target audio_msg__rosidl_generator_py
[7.089s] [35m[1mConsolidate compiler generated dependencies of target audio_msg__rosidl_typesupport_fastrtps_c__pyext[0m
[7.114s] [35m[1mConsolidate compiler generated dependencies of target audio_msg__rosidl_typesupport_c__pyext[0m
[7.118s] [35m[1mConsolidate compiler generated dependencies of target audio_msg__rosidl_typesupport_introspection_c__pyext[0m
[7.174s] [ 93%] Built target audio_msg__rosidl_typesupport_fastrtps_c__pyext
[7.177s] [100%] Built target audio_msg__rosidl_typesupport_c__pyext
[7.179s] [ 96%] Built target audio_msg__rosidl_typesupport_introspection_c__pyext
[7.500s] running egg_info
[7.500s] writing audio_msg.egg-info/PKG-INFO
[7.501s] writing dependency_links to audio_msg.egg-info/dependency_links.txt
[7.502s] writing top-level names to audio_msg.egg-info/top_level.txt
[7.502s] reading manifest file 'audio_msg.egg-info/SOURCES.txt'
[7.502s] writing manifest file 'audio_msg.egg-info/SOURCES.txt'
[7.565s] [100%] Built target ament_cmake_python_build_audio_msg_egg
[7.699s] Invoked command in '/cc_ws/tros_ws/build/audio_msg' returned '0': CMAKE_PREFIX_PATH=/opt/ros/humble /usr/bin/cmake --build /cc_ws/tros_ws/build/audio_msg -- -j12 -l12
[9.194s] Invoking command in '/cc_ws/tros_ws/build/audio_msg': CMAKE_PREFIX_PATH=/opt/ros/humble /usr/bin/cmake --install /cc_ws/tros_ws/build/audio_msg
[9.974s] -- Install configuration: ""
[9.974s] -- Up-to-date: /cc_ws/tros_ws/install/share/ament_index/resource_index/rosidl_interfaces/audio_msg
[9.975s] -- Up-to-date: /cc_ws/tros_ws/install/include/audio_msg/audio_msg
[9.975s] -- Up-to-date: /cc_ws/tros_ws/install/include/audio_msg/audio_msg/msg
[9.975s] -- Up-to-date: /cc_ws/tros_ws/install/include/audio_msg/audio_msg/msg/audio_frame.h
[9.975s] -- Up-to-date: /cc_ws/tros_ws/install/include/audio_msg/audio_msg/msg/audio_frame_type.h
[9.975s] -- Up-to-date: /cc_ws/tros_ws/install/include/audio_msg/audio_msg/msg/smart_audio_frame_type.h
[9.976s] -- Up-to-date: /cc_ws/tros_ws/install/include/audio_msg/audio_msg/msg/rosidl_generator_c__visibility_control.h
[9.976s] -- Up-to-date: /cc_ws/tros_ws/install/include/audio_msg/audio_msg/msg/smart_audio_data.h
[9.976s] -- Up-to-date: /cc_ws/tros_ws/install/include/audio_msg/audio_msg/msg/detail
[9.978s] -- Up-to-date: /cc_ws/tros_ws/install/include/audio_msg/audio_msg/msg/detail/audio_frame__struct.h
[9.978s] -- Up-to-date: /cc_ws/tros_ws/install/include/audio_msg/audio_msg/msg/detail/audio_event_type__struct.h
[9.979s] -- Up-to-date: /cc_ws/tros_ws/install/include/audio_msg/audio_msg/msg/detail/audio_frame__functions.h
[9.979s] -- Up-to-date: /cc_ws/tros_ws/install/include/audio_msg/audio_msg/msg/detail/audio_event_type__type_support.h
[9.980s] -- Up-to-date: /cc_ws/tros_ws/install/include/audio_msg/audio_msg/msg/detail/audio_event_type__functions.c
[9.980s] -- Up-to-date: /cc_ws/tros_ws/install/include/audio_msg/audio_msg/msg/detail/smart_audio_data__functions.h
[9.980s] -- Up-to-date: /cc_ws/tros_ws/install/include/audio_msg/audio_msg/msg/detail/audio_frame__type_support.h
[9.980s] -- Up-to-date: /cc_ws/tros_ws/install/include/audio_msg/audio_msg/msg/detail/smart_audio_frame_type__struct.h
[9.981s] -- Up-to-date: /cc_ws/tros_ws/install/include/audio_msg/audio_msg/msg/detail/smart_audio_data__type_support.h
[9.983s] -- Up-to-date: /cc_ws/tros_ws/install/include/audio_msg/audio_msg/msg/detail/audio_event_type__functions.h
[9.984s] -- Up-to-date: /cc_ws/tros_ws/install/include/audio_msg/audio_msg/msg/detail/smart_audio_frame_type__functions.c
[9.987s] -- Up-to-date: /cc_ws/tros_ws/install/include/audio_msg/audio_msg/msg/detail/audio_frame_type__functions.c
[9.989s] -- Up-to-date: /cc_ws/tros_ws/install/include/audio_msg/audio_msg/msg/detail/audio_frame_type__functions.h
[9.990s] -- Up-to-date: /cc_ws/tros_ws/install/include/audio_msg/audio_msg/msg/detail/smart_audio_data__functions.c
[9.990s] -- Up-to-date: /cc_ws/tros_ws/install/include/audio_msg/audio_msg/msg/detail/smart_audio_frame_type__type_support.h
[9.990s] -- Up-to-date: /cc_ws/tros_ws/install/include/audio_msg/audio_msg/msg/detail/audio_frame_type__type_support.h
[9.990s] -- Up-to-date: /cc_ws/tros_ws/install/include/audio_msg/audio_msg/msg/detail/smart_audio_data__struct.h
[9.990s] -- Up-to-date: /cc_ws/tros_ws/install/include/audio_msg/audio_msg/msg/detail/smart_audio_frame_type__functions.h
[9.991s] -- Up-to-date: /cc_ws/tros_ws/install/include/audio_msg/audio_msg/msg/detail/audio_frame_type__struct.h
[9.991s] -- Up-to-date: /cc_ws/tros_ws/install/include/audio_msg/audio_msg/msg/detail/audio_frame__functions.c
[9.991s] -- Up-to-date: /cc_ws/tros_ws/install/include/audio_msg/audio_msg/msg/audio_event_type.h
[9.991s] -- Up-to-date: /cc_ws/tros_ws/install/share/audio_msg/environment/library_path.sh
[9.991s] -- Installing: /cc_ws/tros_ws/install/share/audio_msg/environment/library_path.dsv
[9.992s] -- Up-to-date: /cc_ws/tros_ws/install/lib/libaudio_msg__rosidl_generator_c.so
[9.992s] -- Up-to-date: /cc_ws/tros_ws/install/include/audio_msg/audio_msg
[9.992s] -- Up-to-date: /cc_ws/tros_ws/install/include/audio_msg/audio_msg/msg
[9.992s] -- Up-to-date: /cc_ws/tros_ws/install/include/audio_msg/audio_msg/msg/rosidl_typesupport_fastrtps_c__visibility_control.h
[9.992s] -- Up-to-date: /cc_ws/tros_ws/install/include/audio_msg/audio_msg/msg/detail
[9.993s] -- Up-to-date: /cc_ws/tros_ws/install/include/audio_msg/audio_msg/msg/detail/audio_frame_type__rosidl_typesupport_fastrtps_c.h
[9.993s] -- Up-to-date: /cc_ws/tros_ws/install/include/audio_msg/audio_msg/msg/detail/smart_audio_frame_type__rosidl_typesupport_fastrtps_c.h
[9.993s] -- Up-to-date: /cc_ws/tros_ws/install/include/audio_msg/audio_msg/msg/detail/audio_event_type__rosidl_typesupport_fastrtps_c.h
[9.995s] -- Up-to-date: /cc_ws/tros_ws/install/include/audio_msg/audio_msg/msg/detail/audio_frame__rosidl_typesupport_fastrtps_c.h
[9.995s] -- Up-to-date: /cc_ws/tros_ws/install/include/audio_msg/audio_msg/msg/detail/smart_audio_data__rosidl_typesupport_fastrtps_c.h
[10.003s] -- Up-to-date: /cc_ws/tros_ws/install/lib/libaudio_msg__rosidl_typesupport_fastrtps_c.so
[10.003s] -- Up-to-date: /cc_ws/tros_ws/install/include/audio_msg/audio_msg
[10.003s] -- Up-to-date: /cc_ws/tros_ws/install/include/audio_msg/audio_msg/msg
[10.016s] -- Up-to-date: /cc_ws/tros_ws/install/include/audio_msg/audio_msg/msg/audio_event_type.hpp
[10.017s] -- Up-to-date: /cc_ws/tros_ws/install/include/audio_msg/audio_msg/msg/audio_frame.hpp
[10.017s] -- Up-to-date: /cc_ws/tros_ws/install/include/audio_msg/audio_msg/msg/audio_frame_type.hpp
[10.017s] -- Up-to-date: /cc_ws/tros_ws/install/include/audio_msg/audio_msg/msg/detail
[10.017s] -- Up-to-date: /cc_ws/tros_ws/install/include/audio_msg/audio_msg/msg/detail/audio_event_type__traits.hpp
[10.018s] -- Up-to-date: /cc_ws/tros_ws/install/include/audio_msg/audio_msg/msg/detail/smart_audio_frame_type__traits.hpp
[10.018s] -- Up-to-date: /cc_ws/tros_ws/install/include/audio_msg/audio_msg/msg/detail/smart_audio_frame_type__struct.hpp
[10.018s] -- Up-to-date: /cc_ws/tros_ws/install/include/audio_msg/audio_msg/msg/detail/audio_frame_type__struct.hpp
[10.018s] -- Up-to-date: /cc_ws/tros_ws/install/include/audio_msg/audio_msg/msg/detail/audio_frame_type__traits.hpp
[10.018s] -- Up-to-date: /cc_ws/tros_ws/install/include/audio_msg/audio_msg/msg/detail/audio_frame__struct.hpp
[10.019s] -- Up-to-date: /cc_ws/tros_ws/install/include/audio_msg/audio_msg/msg/detail/audio_event_type__builder.hpp
[10.019s] -- Up-to-date: /cc_ws/tros_ws/install/include/audio_msg/audio_msg/msg/detail/smart_audio_frame_type__builder.hpp
[10.019s] -- Up-to-date: /cc_ws/tros_ws/install/include/audio_msg/audio_msg/msg/detail/audio_event_type__struct.hpp
[10.019s] -- Up-to-date: /cc_ws/tros_ws/install/include/audio_msg/audio_msg/msg/detail/smart_audio_data__struct.hpp
[10.019s] -- Up-to-date: /cc_ws/tros_ws/install/include/audio_msg/audio_msg/msg/detail/audio_frame_type__builder.hpp
[10.020s] -- Up-to-date: /cc_ws/tros_ws/install/include/audio_msg/audio_msg/msg/detail/smart_audio_data__builder.hpp
[10.020s] -- Up-to-date: /cc_ws/tros_ws/install/include/audio_msg/audio_msg/msg/detail/audio_frame__traits.hpp
[10.020s] -- Up-to-date: /cc_ws/tros_ws/install/include/audio_msg/audio_msg/msg/detail/smart_audio_data__traits.hpp
[10.020s] -- Up-to-date: /cc_ws/tros_ws/install/include/audio_msg/audio_msg/msg/detail/audio_frame__builder.hpp
[10.020s] -- Up-to-date: /cc_ws/tros_ws/install/include/audio_msg/audio_msg/msg/smart_audio_frame_type.hpp
[10.021s] -- Up-to-date: /cc_ws/tros_ws/install/include/audio_msg/audio_msg/msg/smart_audio_data.hpp
[10.021s] -- Up-to-date: /cc_ws/tros_ws/install/include/audio_msg/audio_msg
[10.021s] -- Up-to-date: /cc_ws/tros_ws/install/include/audio_msg/audio_msg/msg
[10.021s] -- Up-to-date: /cc_ws/tros_ws/install/include/audio_msg/audio_msg/msg/detail
[10.021s] -- Up-to-date: /cc_ws/tros_ws/install/include/audio_msg/audio_msg/msg/detail/audio_frame__rosidl_typesupport_fastrtps_cpp.hpp
[10.027s] -- Up-to-date: /cc_ws/tros_ws/install/include/audio_msg/audio_msg/msg/detail/audio_frame_type__rosidl_typesupport_fastrtps_cpp.hpp
[10.027s] -- Up-to-date: /cc_ws/tros_ws/install/include/audio_msg/audio_msg/msg/detail/smart_audio_frame_type__rosidl_typesupport_fastrtps_cpp.hpp
[10.027s] -- Up-to-date: /cc_ws/tros_ws/install/include/audio_msg/audio_msg/msg/detail/audio_event_type__rosidl_typesupport_fastrtps_cpp.hpp
[10.027s] -- Up-to-date: /cc_ws/tros_ws/install/include/audio_msg/audio_msg/msg/detail/smart_audio_data__rosidl_typesupport_fastrtps_cpp.hpp
[10.028s] -- Up-to-date: /cc_ws/tros_ws/install/include/audio_msg/audio_msg/msg/detail/dds_fastrtps
[10.028s] -- Up-to-date: /cc_ws/tros_ws/install/include/audio_msg/audio_msg/msg/rosidl_typesupport_fastrtps_cpp__visibility_control.h
[10.028s] -- Up-to-date: /cc_ws/tros_ws/install/lib/libaudio_msg__rosidl_typesupport_fastrtps_cpp.so
[10.028s] -- Up-to-date: /cc_ws/tros_ws/install/include/audio_msg/audio_msg
[10.028s] -- Up-to-date: /cc_ws/tros_ws/install/include/audio_msg/audio_msg/msg
[10.029s] -- Up-to-date: /cc_ws/tros_ws/install/include/audio_msg/audio_msg/msg/rosidl_typesupport_introspection_c__visibility_control.h
[10.030s] -- Up-to-date: /cc_ws/tros_ws/install/include/audio_msg/audio_msg/msg/detail
[10.030s] -- Up-to-date: /cc_ws/tros_ws/install/include/audio_msg/audio_msg/msg/detail/smart_audio_data__type_support.c
[10.030s] -- Up-to-date: /cc_ws/tros_ws/install/include/audio_msg/audio_msg/msg/detail/audio_event_type__rosidl_typesupport_introspection_c.h
[10.030s] -- Up-to-date: /cc_ws/tros_ws/install/include/audio_msg/audio_msg/msg/detail/smart_audio_frame_type__type_support.c
[10.031s] -- Up-to-date: /cc_ws/tros_ws/install/include/audio_msg/audio_msg/msg/detail/audio_frame__rosidl_typesupport_introspection_c.h
[10.031s] -- Up-to-date: /cc_ws/tros_ws/install/include/audio_msg/audio_msg/msg/detail/audio_frame_type__rosidl_typesupport_introspection_c.h
[10.031s] -- Up-to-date: /cc_ws/tros_ws/install/include/audio_msg/audio_msg/msg/detail/audio_frame__type_support.c
[10.031s] -- Up-to-date: /cc_ws/tros_ws/install/include/audio_msg/audio_msg/msg/detail/smart_audio_frame_type__rosidl_typesupport_introspection_c.h
[10.031s] -- Up-to-date: /cc_ws/tros_ws/install/include/audio_msg/audio_msg/msg/detail/smart_audio_data__rosidl_typesupport_introspection_c.h
[10.031s] -- Up-to-date: /cc_ws/tros_ws/install/include/audio_msg/audio_msg/msg/detail/audio_frame_type__type_support.c
[10.032s] -- Up-to-date: /cc_ws/tros_ws/install/include/audio_msg/audio_msg/msg/detail/audio_event_type__type_support.c
[10.032s] -- Up-to-date: /cc_ws/tros_ws/install/lib/libaudio_msg__rosidl_typesupport_introspection_c.so
[10.032s] -- Up-to-date: /cc_ws/tros_ws/install/lib/libaudio_msg__rosidl_typesupport_c.so
[10.032s] -- Up-to-date: /cc_ws/tros_ws/install/include/audio_msg/audio_msg
[10.033s] -- Up-to-date: /cc_ws/tros_ws/install/include/audio_msg/audio_msg/msg
[10.033s] -- Up-to-date: /cc_ws/tros_ws/install/include/audio_msg/audio_msg/msg/detail
[10.033s] -- Up-to-date: /cc_ws/tros_ws/install/include/audio_msg/audio_msg/msg/detail/audio_frame__rosidl_typesupport_introspection_cpp.hpp
[10.033s] -- Up-to-date: /cc_ws/tros_ws/install/include/audio_msg/audio_msg/msg/detail/smart_audio_frame_type__rosidl_typesupport_introspection_cpp.hpp
[10.033s] -- Up-to-date: /cc_ws/tros_ws/install/include/audio_msg/audio_msg/msg/detail/audio_event_type__rosidl_typesupport_introspection_cpp.hpp
[10.034s] -- Up-to-date: /cc_ws/tros_ws/install/include/audio_msg/audio_msg/msg/detail/audio_frame__type_support.cpp
[10.034s] -- Up-to-date: /cc_ws/tros_ws/install/include/audio_msg/audio_msg/msg/detail/audio_event_type__type_support.cpp
[10.034s] -- Up-to-date: /cc_ws/tros_ws/install/include/audio_msg/audio_msg/msg/detail/smart_audio_data__rosidl_typesupport_introspection_cpp.hpp
[10.034s] -- Up-to-date: /cc_ws/tros_ws/install/include/audio_msg/audio_msg/msg/detail/audio_frame_type__rosidl_typesupport_introspection_cpp.hpp
[10.034s] -- Up-to-date: /cc_ws/tros_ws/install/include/audio_msg/audio_msg/msg/detail/audio_frame_type__type_support.cpp
[10.035s] -- Up-to-date: /cc_ws/tros_ws/install/include/audio_msg/audio_msg/msg/detail/smart_audio_frame_type__type_support.cpp
[10.035s] -- Up-to-date: /cc_ws/tros_ws/install/include/audio_msg/audio_msg/msg/detail/smart_audio_data__type_support.cpp
[10.035s] -- Up-to-date: /cc_ws/tros_ws/install/lib/libaudio_msg__rosidl_typesupport_introspection_cpp.so
[10.035s] -- Up-to-date: /cc_ws/tros_ws/install/lib/libaudio_msg__rosidl_typesupport_cpp.so
[10.035s] -- Up-to-date: /cc_ws/tros_ws/install/share/audio_msg/environment/pythonpath.sh
[10.036s] -- Installing: /cc_ws/tros_ws/install/share/audio_msg/environment/pythonpath.dsv
[10.036s] -- Up-to-date: /cc_ws/tros_ws/install/local/lib/python3.10/dist-packages/audio_msg-2.0.1-py3.10.egg-info
[10.036s] -- Installing: /cc_ws/tros_ws/install/local/lib/python3.10/dist-packages/audio_msg-2.0.1-py3.10.egg-info/SOURCES.txt
[10.036s] -- Installing: /cc_ws/tros_ws/install/local/lib/python3.10/dist-packages/audio_msg-2.0.1-py3.10.egg-info/PKG-INFO
[10.036s] -- Installing: /cc_ws/tros_ws/install/local/lib/python3.10/dist-packages/audio_msg-2.0.1-py3.10.egg-info/dependency_links.txt
[10.036s] -- Installing: /cc_ws/tros_ws/install/local/lib/python3.10/dist-packages/audio_msg-2.0.1-py3.10.egg-info/top_level.txt
[10.040s] -- Up-to-date: /cc_ws/tros_ws/install/local/lib/python3.10/dist-packages/audio_msg
[10.041s] -- Up-to-date: /cc_ws/tros_ws/install/local/lib/python3.10/dist-packages/audio_msg/audio_msg_s__rosidl_typesupport_fastrtps_c.cpython-310-aarch64-linux-gnu.so
[10.041s] -- Up-to-date: /cc_ws/tros_ws/install/local/lib/python3.10/dist-packages/audio_msg/audio_msg_s__rosidl_typesupport_c.cpython-310-aarch64-linux-gnu.so
[10.041s] -- Up-to-date: /cc_ws/tros_ws/install/local/lib/python3.10/dist-packages/audio_msg/msg
[10.041s] -- Up-to-date: /cc_ws/tros_ws/install/local/lib/python3.10/dist-packages/audio_msg/msg/_smart_audio_data_s.c
[10.042s] -- Up-to-date: /cc_ws/tros_ws/install/local/lib/python3.10/dist-packages/audio_msg/msg/_smart_audio_frame_type_s.c
[10.042s] -- Up-to-date: /cc_ws/tros_ws/install/local/lib/python3.10/dist-packages/audio_msg/msg/_audio_frame_s.c
[10.042s] -- Up-to-date: /cc_ws/tros_ws/install/local/lib/python3.10/dist-packages/audio_msg/msg/_audio_event_type.py
[10.042s] -- Up-to-date: /cc_ws/tros_ws/install/local/lib/python3.10/dist-packages/audio_msg/msg/__init__.py
[10.042s] -- Up-to-date: /cc_ws/tros_ws/install/local/lib/python3.10/dist-packages/audio_msg/msg/_audio_frame_type.py
[10.043s] -- Up-to-date: /cc_ws/tros_ws/install/local/lib/python3.10/dist-packages/audio_msg/msg/_smart_audio_data.py
[10.043s] -- Up-to-date: /cc_ws/tros_ws/install/local/lib/python3.10/dist-packages/audio_msg/msg/_audio_frame_type_s.c
[10.043s] -- Up-to-date: /cc_ws/tros_ws/install/local/lib/python3.10/dist-packages/audio_msg/msg/_audio_event_type_s.c
[10.043s] -- Up-to-date: /cc_ws/tros_ws/install/local/lib/python3.10/dist-packages/audio_msg/msg/_smart_audio_frame_type.py
[10.043s] -- Up-to-date: /cc_ws/tros_ws/install/local/lib/python3.10/dist-packages/audio_msg/msg/_audio_frame.py
[10.044s] -- Up-to-date: /cc_ws/tros_ws/install/local/lib/python3.10/dist-packages/audio_msg/_audio_msg_s.ep.rosidl_typesupport_introspection_c.c
[10.044s] -- Installing: /cc_ws/tros_ws/install/local/lib/python3.10/dist-packages/audio_msg/__init__.py
[10.044s] -- Up-to-date: /cc_ws/tros_ws/install/local/lib/python3.10/dist-packages/audio_msg/_audio_msg_s.ep.rosidl_typesupport_fastrtps_c.c
[10.044s] -- Up-to-date: /cc_ws/tros_ws/install/local/lib/python3.10/dist-packages/audio_msg/audio_msg_s__rosidl_typesupport_introspection_c.cpython-310-aarch64-linux-gnu.so
[10.044s] -- Up-to-date: /cc_ws/tros_ws/install/local/lib/python3.10/dist-packages/audio_msg/_audio_msg_s.ep.rosidl_typesupport_c.c
[10.045s] -- Up-to-date: /cc_ws/tros_ws/install/local/lib/python3.10/dist-packages/audio_msg/libaudio_msg__rosidl_generator_py.so
[10.045s] Listing '/cc_ws/tros_ws/install/local/lib/python3.10/dist-packages/audio_msg'...
[10.045s] Compiling '/cc_ws/tros_ws/install/local/lib/python3.10/dist-packages/audio_msg/__init__.py'...
[10.045s] Listing '/cc_ws/tros_ws/install/local/lib/python3.10/dist-packages/audio_msg/msg'...
[10.045s] -- Up-to-date: /cc_ws/tros_ws/install/local/lib/python3.10/dist-packages/audio_msg/audio_msg_s__rosidl_typesupport_fastrtps_c.cpython-310-aarch64-linux-gnu.so
[10.046s] -- Up-to-date: /cc_ws/tros_ws/install/local/lib/python3.10/dist-packages/audio_msg/audio_msg_s__rosidl_typesupport_introspection_c.cpython-310-aarch64-linux-gnu.so
[10.046s] -- Up-to-date: /cc_ws/tros_ws/install/local/lib/python3.10/dist-packages/audio_msg/audio_msg_s__rosidl_typesupport_c.cpython-310-aarch64-linux-gnu.so
[10.046s] -- Up-to-date: /cc_ws/tros_ws/install/lib/libaudio_msg__rosidl_generator_py.so
[10.046s] -- Up-to-date: /cc_ws/tros_ws/install/share/audio_msg/msg/AudioFrameType.idl
[10.047s] -- Up-to-date: /cc_ws/tros_ws/install/share/audio_msg/msg/SmartAudioData.idl
[10.047s] -- Up-to-date: /cc_ws/tros_ws/install/share/audio_msg/msg/AudioEventType.idl
[10.047s] -- Up-to-date: /cc_ws/tros_ws/install/share/audio_msg/msg/SmartAudioFrameType.idl
[10.048s] -- Up-to-date: /cc_ws/tros_ws/install/share/audio_msg/msg/AudioFrame.idl
[10.048s] -- Up-to-date: /cc_ws/tros_ws/install/share/audio_msg/msg/AudioFrameType.msg
[10.048s] -- Up-to-date: /cc_ws/tros_ws/install/share/audio_msg/msg/SmartAudioData.msg
[10.048s] -- Up-to-date: /cc_ws/tros_ws/install/share/audio_msg/msg/AudioEventType.msg
[10.048s] -- Up-to-date: /cc_ws/tros_ws/install/share/audio_msg/msg/SmartAudioFrameType.msg
[10.049s] -- Up-to-date: /cc_ws/tros_ws/install/share/audio_msg/msg/AudioFrame.msg
[10.049s] -- Up-to-date: /cc_ws/tros_ws/install/share/ament_index/resource_index/package_run_dependencies/audio_msg
[10.049s] -- Up-to-date: /cc_ws/tros_ws/install/share/ament_index/resource_index/parent_prefix_path/audio_msg
[10.049s] -- Up-to-date: /cc_ws/tros_ws/install/share/audio_msg/environment/ament_prefix_path.sh
[10.049s] -- Installing: /cc_ws/tros_ws/install/share/audio_msg/environment/ament_prefix_path.dsv
[10.050s] -- Up-to-date: /cc_ws/tros_ws/install/share/audio_msg/environment/path.sh
[10.050s] -- Installing: /cc_ws/tros_ws/install/share/audio_msg/environment/path.dsv
[10.050s] -- Up-to-date: /cc_ws/tros_ws/install/share/audio_msg/local_setup.bash
[10.050s] -- Up-to-date: /cc_ws/tros_ws/install/share/audio_msg/local_setup.sh
[10.050s] -- Up-to-date: /cc_ws/tros_ws/install/share/audio_msg/local_setup.zsh
[10.051s] -- Installing: /cc_ws/tros_ws/install/share/audio_msg/local_setup.dsv
[10.051s] -- Installing: /cc_ws/tros_ws/install/share/audio_msg/package.dsv
[10.051s] -- Up-to-date: /cc_ws/tros_ws/install/share/ament_index/resource_index/packages/audio_msg
[10.051s] -- Up-to-date: /cc_ws/tros_ws/install/share/audio_msg/cmake/export_audio_msg__rosidl_generator_cExport.cmake
[10.051s] -- Up-to-date: /cc_ws/tros_ws/install/share/audio_msg/cmake/export_audio_msg__rosidl_generator_cExport-noconfig.cmake
[10.052s] -- Up-to-date: /cc_ws/tros_ws/install/share/audio_msg/cmake/export_audio_msg__rosidl_typesupport_fastrtps_cExport.cmake
[10.052s] -- Up-to-date: /cc_ws/tros_ws/install/share/audio_msg/cmake/export_audio_msg__rosidl_typesupport_fastrtps_cExport-noconfig.cmake
[10.052s] -- Up-to-date: /cc_ws/tros_ws/install/share/audio_msg/cmake/export_audio_msg__rosidl_generator_cppExport.cmake
[10.052s] -- Up-to-date: /cc_ws/tros_ws/install/share/audio_msg/cmake/export_audio_msg__rosidl_typesupport_fastrtps_cppExport.cmake
[10.052s] -- Up-to-date: /cc_ws/tros_ws/install/share/audio_msg/cmake/export_audio_msg__rosidl_typesupport_fastrtps_cppExport-noconfig.cmake
[10.053s] -- Up-to-date: /cc_ws/tros_ws/install/share/audio_msg/cmake/audio_msg__rosidl_typesupport_introspection_cExport.cmake
[10.053s] -- Up-to-date: /cc_ws/tros_ws/install/share/audio_msg/cmake/audio_msg__rosidl_typesupport_introspection_cExport-noconfig.cmake
[10.053s] -- Up-to-date: /cc_ws/tros_ws/install/share/audio_msg/cmake/audio_msg__rosidl_typesupport_cExport.cmake
[10.053s] -- Up-to-date: /cc_ws/tros_ws/install/share/audio_msg/cmake/audio_msg__rosidl_typesupport_cExport-noconfig.cmake
[10.053s] -- Up-to-date: /cc_ws/tros_ws/install/share/audio_msg/cmake/audio_msg__rosidl_typesupport_introspection_cppExport.cmake
[10.053s] -- Up-to-date: /cc_ws/tros_ws/install/share/audio_msg/cmake/audio_msg__rosidl_typesupport_introspection_cppExport-noconfig.cmake
[10.054s] -- Up-to-date: /cc_ws/tros_ws/install/share/audio_msg/cmake/audio_msg__rosidl_typesupport_cppExport.cmake
[10.054s] -- Up-to-date: /cc_ws/tros_ws/install/share/audio_msg/cmake/audio_msg__rosidl_typesupport_cppExport-noconfig.cmake
[10.054s] -- Up-to-date: /cc_ws/tros_ws/install/share/audio_msg/cmake/export_audio_msg__rosidl_generator_pyExport.cmake
[10.054s] -- Up-to-date: /cc_ws/tros_ws/install/share/audio_msg/cmake/export_audio_msg__rosidl_generator_pyExport-noconfig.cmake
[10.054s] -- Up-to-date: /cc_ws/tros_ws/install/share/audio_msg/cmake/rosidl_cmake-extras.cmake
[10.055s] -- Up-to-date: /cc_ws/tros_ws/install/share/audio_msg/cmake/ament_cmake_export_dependencies-extras.cmake
[10.055s] -- Up-to-date: /cc_ws/tros_ws/install/share/audio_msg/cmake/ament_cmake_export_include_directories-extras.cmake
[10.055s] -- Up-to-date: /cc_ws/tros_ws/install/share/audio_msg/cmake/ament_cmake_export_libraries-extras.cmake
[10.055s] -- Up-to-date: /cc_ws/tros_ws/install/share/audio_msg/cmake/ament_cmake_export_targets-extras.cmake
[10.055s] -- Up-to-date: /cc_ws/tros_ws/install/share/audio_msg/cmake/rosidl_cmake_export_typesupport_targets-extras.cmake
[10.056s] -- Up-to-date: /cc_ws/tros_ws/install/share/audio_msg/cmake/rosidl_cmake_export_typesupport_libraries-extras.cmake
[10.056s] -- Up-to-date: /cc_ws/tros_ws/install/share/audio_msg/cmake/audio_msgConfig.cmake
[10.056s] -- Up-to-date: /cc_ws/tros_ws/install/share/audio_msg/cmake/audio_msgConfig-version.cmake
[10.056s] -- Up-to-date: /cc_ws/tros_ws/install/share/audio_msg/package.xml
[10.103s] Invoked command in '/cc_ws/tros_ws/build/audio_msg' returned '0': CMAKE_PREFIX_PATH=/opt/ros/humble /usr/bin/cmake --install /cc_ws/tros_ws/build/audio_msg
