Not searching for unused variables given on the command line.
-- Found ament_cmake: 1.3.8 (/opt/ros/humble/share/ament_cmake/cmake)
-- Found std_msgs: 4.2.3 (/opt/ros/humble/share/std_msgs/cmake)
-- Found rosidl_generator_c: 3.1.5 (/opt/ros/humble/share/rosidl_generator_c/cmake)
-- Found rosidl_adapter: 3.1.5 (/opt/ros/humble/share/rosidl_adapter/cmake)
-- Found rosidl_generator_cpp: 3.1.5 (/opt/ros/humble/share/rosidl_generator_cpp/cmake)
-- Using all available rosidl_typesupport_c: rosidl_typesupport_fastrtps_c;rosidl_typesupport_introspection_c
-- Using all available rosidl_typesupport_cpp: rosidl_typesupport_fastrtps_cpp;rosidl_typesupport_introspection_cpp
-- Found rosidl_default_generators: 1.2.0 (/opt/ros/humble/share/rosidl_default_generators/cmake)
-- Found ament_cmake_ros: 0.10.0 (/opt/ros/humble/share/ament_cmake_ros/cmake)
[33mCMake Warning (dev) at /opt/ros/humble/share/ament_cmake_test/cmake/ament_cmake_test-extras.cmake:19 (option):
  Policy CMP0077 is not set: option() honors normal variables.  Run "cmake
  --help-policy CMP0077" for policy details.  Use the cmake_policy command to
  set the policy and suppress this warning.

  For compatibility with older versions of CMake, option is clearing the
  normal variable 'BUILD_TESTING'.
Call Stack (most recent call first):
  /opt/ros/humble/share/ament_cmake_test/cmake/ament_cmake_testConfig.cmake:41 (include)
  /opt/ros/humble/share/ament_cmake/cmake/ament_cmake_export_dependencies-extras.cmake:21 (find_package)
  /opt/ros/humble/share/ament_cmake/cmake/ament_cmakeConfig.cmake:41 (include)
  CMakeLists.txt:9 (find_package)
This warning is for project developers.  Use -Wno-dev to suppress it.
[0m
-- Using all available rosidl_typesupport_c: rosidl_typesupport_fastrtps_c;rosidl_typesupport_introspection_c
-- Using all available rosidl_typesupport_cpp: rosidl_typesupport_fastrtps_cpp;rosidl_typesupport_introspection_cpp
-- Found python_cmake_module: 0.10.0 (/opt/ros/humble/share/python_cmake_module/cmake)
-- Using PYTHON_EXECUTABLE: /usr/bin/python3
-- Using PYTHON_INCLUDE_DIRS: /cc_ws/tros_ws/robot_dev_config/../../sysroot_docker/usr/include/python3.10
-- Using PYTHON_LIBRARIES: /cc_ws/tros_ws/robot_dev_config/../../sysroot_docker/usr/lib/aarch64-linux-gnu/libpython3.10.so
-- Using numpy include directory: /usr/local/lib/python3.10/dist-packages/numpy/core/include
-- Configuring done
-- Generating done
-- Build files have been written to: /cc_ws/tros_ws/build/tros_perception_fusion_msgs
[35m[1mConsolidate compiler generated dependencies of target tros_perception_fusion_msgs__rosidl_generator_c[0m
[  9%] Built target tros_perception_fusion_msgs__rosidl_generator_c
[ 12%] Built target tros_perception_fusion_msgs__cpp
[ 12%] Built target ament_cmake_python_copy_tros_perception_fusion_msgs
[35m[1mConsolidate compiler generated dependencies of target tros_perception_fusion_msgs__rosidl_typesupport_c[0m
[35m[1mConsolidate compiler generated dependencies of target tros_perception_fusion_msgs__rosidl_typesupport_fastrtps_c[0m
[35m[1mConsolidate compiler generated dependencies of target tros_perception_fusion_msgs__rosidl_typesupport_fastrtps_cpp[0m
[35m[1mConsolidate compiler generated dependencies of target tros_perception_fusion_msgs__rosidl_typesupport_introspection_c[0m
[35m[1mConsolidate compiler generated dependencies of target tros_perception_fusion_msgs__rosidl_typesupport_cpp[0m
[35m[1mConsolidate compiler generated dependencies of target tros_perception_fusion_msgs__rosidl_typesupport_introspection_cpp[0m
[ 22%] Built target tros_perception_fusion_msgs__rosidl_typesupport_c
[ 32%] Built target tros_perception_fusion_msgs__rosidl_typesupport_fastrtps_c
[ 41%] Built target tros_perception_fusion_msgs__rosidl_typesupport_cpp
[ 51%] Built target tros_perception_fusion_msgs__rosidl_typesupport_introspection_c
[ 61%] Built target tros_perception_fusion_msgs__rosidl_typesupport_fastrtps_cpp
[ 70%] Built target tros_perception_fusion_msgs__rosidl_typesupport_introspection_cpp
[ 70%] Built target tros_perception_fusion_msgs
[ 74%] Built target tros_perception_fusion_msgs__py
[35m[1mConsolidate compiler generated dependencies of target tros_perception_fusion_msgs__rosidl_generator_py[0m
[ 80%] Built target tros_perception_fusion_msgs__rosidl_generator_py
[35m[1mConsolidate compiler generated dependencies of target tros_perception_fusion_msgs__rosidl_typesupport_introspection_c__pyext[0m
[35m[1mConsolidate compiler generated dependencies of target tros_perception_fusion_msgs__rosidl_typesupport_fastrtps_c__pyext[0m
[35m[1mConsolidate compiler generated dependencies of target tros_perception_fusion_msgs__rosidl_typesupport_c__pyext[0m
running egg_info
writing tros_perception_fusion_msgs.egg-info/PKG-INFO
writing dependency_links to tros_perception_fusion_msgs.egg-info/dependency_links.txt
[ 87%] Built target tros_perception_fusion_msgs__rosidl_typesupport_introspection_c__pyext
writing top-level names to tros_perception_fusion_msgs.egg-info/top_level.txt
reading manifest file 'tros_perception_fusion_msgs.egg-info/SOURCES.txt'
writing manifest file 'tros_perception_fusion_msgs.egg-info/SOURCES.txt'
[ 93%] Built target tros_perception_fusion_msgs__rosidl_typesupport_fastrtps_c__pyext
[100%] Built target tros_perception_fusion_msgs__rosidl_typesupport_c__pyext
[100%] Built target ament_cmake_python_build_tros_perception_fusion_msgs_egg
-- Install configuration: ""
-- Up-to-date: /cc_ws/tros_ws/install/share/ament_index/resource_index/rosidl_interfaces/tros_perception_fusion_msgs
-- Up-to-date: /cc_ws/tros_ws/install/include/tros_perception_fusion_msgs/tros_perception_fusion_msgs
-- Up-to-date: /cc_ws/tros_ws/install/include/tros_perception_fusion_msgs/tros_perception_fusion_msgs/msg
-- Up-to-date: /cc_ws/tros_ws/install/include/tros_perception_fusion_msgs/tros_perception_fusion_msgs/msg/rosidl_generator_c__visibility_control.h
-- Up-to-date: /cc_ws/tros_ws/install/include/tros_perception_fusion_msgs/tros_perception_fusion_msgs/srv
-- Up-to-date: /cc_ws/tros_ws/install/include/tros_perception_fusion_msgs/tros_perception_fusion_msgs/srv/topic_manage.h
-- Up-to-date: /cc_ws/tros_ws/install/include/tros_perception_fusion_msgs/tros_perception_fusion_msgs/srv/detail
-- Up-to-date: /cc_ws/tros_ws/install/include/tros_perception_fusion_msgs/tros_perception_fusion_msgs/srv/detail/topic_manage__functions.c
-- Up-to-date: /cc_ws/tros_ws/install/include/tros_perception_fusion_msgs/tros_perception_fusion_msgs/srv/detail/topic_manage__struct.h
-- Up-to-date: /cc_ws/tros_ws/install/include/tros_perception_fusion_msgs/tros_perception_fusion_msgs/srv/detail/topic_manage__functions.h
-- Up-to-date: /cc_ws/tros_ws/install/include/tros_perception_fusion_msgs/tros_perception_fusion_msgs/srv/detail/topic_manage__type_support.h
-- Up-to-date: /cc_ws/tros_ws/install/share/tros_perception_fusion_msgs/environment/library_path.sh
-- Installing: /cc_ws/tros_ws/install/share/tros_perception_fusion_msgs/environment/library_path.dsv
-- Up-to-date: /cc_ws/tros_ws/install/lib/libtros_perception_fusion_msgs__rosidl_generator_c.so
-- Up-to-date: /cc_ws/tros_ws/install/include/tros_perception_fusion_msgs/tros_perception_fusion_msgs
-- Up-to-date: /cc_ws/tros_ws/install/include/tros_perception_fusion_msgs/tros_perception_fusion_msgs/msg
-- Up-to-date: /cc_ws/tros_ws/install/include/tros_perception_fusion_msgs/tros_perception_fusion_msgs/msg/rosidl_typesupport_fastrtps_c__visibility_control.h
-- Up-to-date: /cc_ws/tros_ws/install/include/tros_perception_fusion_msgs/tros_perception_fusion_msgs/srv
-- Up-to-date: /cc_ws/tros_ws/install/include/tros_perception_fusion_msgs/tros_perception_fusion_msgs/srv/detail
-- Up-to-date: /cc_ws/tros_ws/install/include/tros_perception_fusion_msgs/tros_perception_fusion_msgs/srv/detail/topic_manage__rosidl_typesupport_fastrtps_c.h
-- Up-to-date: /cc_ws/tros_ws/install/lib/libtros_perception_fusion_msgs__rosidl_typesupport_fastrtps_c.so
-- Up-to-date: /cc_ws/tros_ws/install/include/tros_perception_fusion_msgs/tros_perception_fusion_msgs
-- Up-to-date: /cc_ws/tros_ws/install/include/tros_perception_fusion_msgs/tros_perception_fusion_msgs/srv
-- Up-to-date: /cc_ws/tros_ws/install/include/tros_perception_fusion_msgs/tros_perception_fusion_msgs/srv/topic_manage.hpp
-- Up-to-date: /cc_ws/tros_ws/install/include/tros_perception_fusion_msgs/tros_perception_fusion_msgs/srv/detail
-- Up-to-date: /cc_ws/tros_ws/install/include/tros_perception_fusion_msgs/tros_perception_fusion_msgs/srv/detail/topic_manage__builder.hpp
-- Up-to-date: /cc_ws/tros_ws/install/include/tros_perception_fusion_msgs/tros_perception_fusion_msgs/srv/detail/topic_manage__traits.hpp
-- Up-to-date: /cc_ws/tros_ws/install/include/tros_perception_fusion_msgs/tros_perception_fusion_msgs/srv/detail/topic_manage__struct.hpp
-- Up-to-date: /cc_ws/tros_ws/install/include/tros_perception_fusion_msgs/tros_perception_fusion_msgs
-- Up-to-date: /cc_ws/tros_ws/install/include/tros_perception_fusion_msgs/tros_perception_fusion_msgs/msg
-- Up-to-date: /cc_ws/tros_ws/install/include/tros_perception_fusion_msgs/tros_perception_fusion_msgs/msg/rosidl_typesupport_fastrtps_cpp__visibility_control.h
-- Up-to-date: /cc_ws/tros_ws/install/include/tros_perception_fusion_msgs/tros_perception_fusion_msgs/srv
-- Up-to-date: /cc_ws/tros_ws/install/include/tros_perception_fusion_msgs/tros_perception_fusion_msgs/srv/detail
-- Up-to-date: /cc_ws/tros_ws/install/include/tros_perception_fusion_msgs/tros_perception_fusion_msgs/srv/detail/topic_manage__rosidl_typesupport_fastrtps_cpp.hpp
-- Up-to-date: /cc_ws/tros_ws/install/include/tros_perception_fusion_msgs/tros_perception_fusion_msgs/srv/detail/dds_fastrtps
-- Up-to-date: /cc_ws/tros_ws/install/lib/libtros_perception_fusion_msgs__rosidl_typesupport_fastrtps_cpp.so
-- Up-to-date: /cc_ws/tros_ws/install/include/tros_perception_fusion_msgs/tros_perception_fusion_msgs
-- Up-to-date: /cc_ws/tros_ws/install/include/tros_perception_fusion_msgs/tros_perception_fusion_msgs/msg
-- Up-to-date: /cc_ws/tros_ws/install/include/tros_perception_fusion_msgs/tros_perception_fusion_msgs/msg/rosidl_typesupport_introspection_c__visibility_control.h
-- Up-to-date: /cc_ws/tros_ws/install/include/tros_perception_fusion_msgs/tros_perception_fusion_msgs/srv
-- Up-to-date: /cc_ws/tros_ws/install/include/tros_perception_fusion_msgs/tros_perception_fusion_msgs/srv/detail
-- Up-to-date: /cc_ws/tros_ws/install/include/tros_perception_fusion_msgs/tros_perception_fusion_msgs/srv/detail/topic_manage__rosidl_typesupport_introspection_c.h
-- Up-to-date: /cc_ws/tros_ws/install/include/tros_perception_fusion_msgs/tros_perception_fusion_msgs/srv/detail/topic_manage__type_support.c
-- Up-to-date: /cc_ws/tros_ws/install/lib/libtros_perception_fusion_msgs__rosidl_typesupport_introspection_c.so
-- Up-to-date: /cc_ws/tros_ws/install/lib/libtros_perception_fusion_msgs__rosidl_typesupport_c.so
-- Up-to-date: /cc_ws/tros_ws/install/include/tros_perception_fusion_msgs/tros_perception_fusion_msgs
-- Up-to-date: /cc_ws/tros_ws/install/include/tros_perception_fusion_msgs/tros_perception_fusion_msgs/srv
-- Up-to-date: /cc_ws/tros_ws/install/include/tros_perception_fusion_msgs/tros_perception_fusion_msgs/srv/detail
-- Up-to-date: /cc_ws/tros_ws/install/include/tros_perception_fusion_msgs/tros_perception_fusion_msgs/srv/detail/topic_manage__rosidl_typesupport_introspection_cpp.hpp
-- Up-to-date: /cc_ws/tros_ws/install/include/tros_perception_fusion_msgs/tros_perception_fusion_msgs/srv/detail/topic_manage__type_support.cpp
-- Up-to-date: /cc_ws/tros_ws/install/lib/libtros_perception_fusion_msgs__rosidl_typesupport_introspection_cpp.so
-- Up-to-date: /cc_ws/tros_ws/install/lib/libtros_perception_fusion_msgs__rosidl_typesupport_cpp.so
-- Up-to-date: /cc_ws/tros_ws/install/share/tros_perception_fusion_msgs/environment/pythonpath.sh
-- Installing: /cc_ws/tros_ws/install/share/tros_perception_fusion_msgs/environment/pythonpath.dsv
-- Up-to-date: /cc_ws/tros_ws/install/local/lib/python3.10/dist-packages/tros_perception_fusion_msgs-0.0.1-py3.10.egg-info
-- Installing: /cc_ws/tros_ws/install/local/lib/python3.10/dist-packages/tros_perception_fusion_msgs-0.0.1-py3.10.egg-info/SOURCES.txt
-- Installing: /cc_ws/tros_ws/install/local/lib/python3.10/dist-packages/tros_perception_fusion_msgs-0.0.1-py3.10.egg-info/PKG-INFO
-- Installing: /cc_ws/tros_ws/install/local/lib/python3.10/dist-packages/tros_perception_fusion_msgs-0.0.1-py3.10.egg-info/dependency_links.txt
-- Installing: /cc_ws/tros_ws/install/local/lib/python3.10/dist-packages/tros_perception_fusion_msgs-0.0.1-py3.10.egg-info/top_level.txt
-- Up-to-date: /cc_ws/tros_ws/install/local/lib/python3.10/dist-packages/tros_perception_fusion_msgs
-- Up-to-date: /cc_ws/tros_ws/install/local/lib/python3.10/dist-packages/tros_perception_fusion_msgs/_tros_perception_fusion_msgs_s.ep.rosidl_typesupport_c.c
-- Up-to-date: /cc_ws/tros_ws/install/local/lib/python3.10/dist-packages/tros_perception_fusion_msgs/tros_perception_fusion_msgs_s__rosidl_typesupport_fastrtps_c.cpython-310-aarch64-linux-gnu.so
-- Up-to-date: /cc_ws/tros_ws/install/local/lib/python3.10/dist-packages/tros_perception_fusion_msgs/libtros_perception_fusion_msgs__rosidl_generator_py.so
-- Up-to-date: /cc_ws/tros_ws/install/local/lib/python3.10/dist-packages/tros_perception_fusion_msgs/_tros_perception_fusion_msgs_s.ep.rosidl_typesupport_introspection_c.c
-- Up-to-date: /cc_ws/tros_ws/install/local/lib/python3.10/dist-packages/tros_perception_fusion_msgs/tros_perception_fusion_msgs_s__rosidl_typesupport_c.cpython-310-aarch64-linux-gnu.so
-- Installing: /cc_ws/tros_ws/install/local/lib/python3.10/dist-packages/tros_perception_fusion_msgs/__init__.py
-- Up-to-date: /cc_ws/tros_ws/install/local/lib/python3.10/dist-packages/tros_perception_fusion_msgs/tros_perception_fusion_msgs_s__rosidl_typesupport_introspection_c.cpython-310-aarch64-linux-gnu.so
-- Up-to-date: /cc_ws/tros_ws/install/local/lib/python3.10/dist-packages/tros_perception_fusion_msgs/_tros_perception_fusion_msgs_s.ep.rosidl_typesupport_fastrtps_c.c
-- Up-to-date: /cc_ws/tros_ws/install/local/lib/python3.10/dist-packages/tros_perception_fusion_msgs/srv
-- Up-to-date: /cc_ws/tros_ws/install/local/lib/python3.10/dist-packages/tros_perception_fusion_msgs/srv/__init__.py
-- Up-to-date: /cc_ws/tros_ws/install/local/lib/python3.10/dist-packages/tros_perception_fusion_msgs/srv/_topic_manage.py
-- Up-to-date: /cc_ws/tros_ws/install/local/lib/python3.10/dist-packages/tros_perception_fusion_msgs/srv/_topic_manage_s.c
Listing '/cc_ws/tros_ws/install/local/lib/python3.10/dist-packages/tros_perception_fusion_msgs'...
Compiling '/cc_ws/tros_ws/install/local/lib/python3.10/dist-packages/tros_perception_fusion_msgs/__init__.py'...
Listing '/cc_ws/tros_ws/install/local/lib/python3.10/dist-packages/tros_perception_fusion_msgs/srv'...
-- Up-to-date: /cc_ws/tros_ws/install/local/lib/python3.10/dist-packages/tros_perception_fusion_msgs/tros_perception_fusion_msgs_s__rosidl_typesupport_fastrtps_c.cpython-310-aarch64-linux-gnu.so
-- Up-to-date: /cc_ws/tros_ws/install/local/lib/python3.10/dist-packages/tros_perception_fusion_msgs/tros_perception_fusion_msgs_s__rosidl_typesupport_introspection_c.cpython-310-aarch64-linux-gnu.so
-- Up-to-date: /cc_ws/tros_ws/install/local/lib/python3.10/dist-packages/tros_perception_fusion_msgs/tros_perception_fusion_msgs_s__rosidl_typesupport_c.cpython-310-aarch64-linux-gnu.so
-- Up-to-date: /cc_ws/tros_ws/install/lib/libtros_perception_fusion_msgs__rosidl_generator_py.so
-- Up-to-date: /cc_ws/tros_ws/install/share/tros_perception_fusion_msgs/srv/TopicManage.idl
-- Up-to-date: /cc_ws/tros_ws/install/share/tros_perception_fusion_msgs/srv/TopicManage.srv
-- Up-to-date: /cc_ws/tros_ws/install/share/tros_perception_fusion_msgs/srv/TopicManage_Request.msg
-- Up-to-date: /cc_ws/tros_ws/install/share/tros_perception_fusion_msgs/srv/TopicManage_Response.msg
-- Up-to-date: /cc_ws/tros_ws/install/share/ament_index/resource_index/package_run_dependencies/tros_perception_fusion_msgs
-- Up-to-date: /cc_ws/tros_ws/install/share/ament_index/resource_index/parent_prefix_path/tros_perception_fusion_msgs
-- Up-to-date: /cc_ws/tros_ws/install/share/tros_perception_fusion_msgs/environment/ament_prefix_path.sh
-- Installing: /cc_ws/tros_ws/install/share/tros_perception_fusion_msgs/environment/ament_prefix_path.dsv
-- Up-to-date: /cc_ws/tros_ws/install/share/tros_perception_fusion_msgs/environment/path.sh
-- Installing: /cc_ws/tros_ws/install/share/tros_perception_fusion_msgs/environment/path.dsv
-- Up-to-date: /cc_ws/tros_ws/install/share/tros_perception_fusion_msgs/local_setup.bash
-- Up-to-date: /cc_ws/tros_ws/install/share/tros_perception_fusion_msgs/local_setup.sh
-- Up-to-date: /cc_ws/tros_ws/install/share/tros_perception_fusion_msgs/local_setup.zsh
-- Installing: /cc_ws/tros_ws/install/share/tros_perception_fusion_msgs/local_setup.dsv
-- Installing: /cc_ws/tros_ws/install/share/tros_perception_fusion_msgs/package.dsv
-- Up-to-date: /cc_ws/tros_ws/install/share/ament_index/resource_index/packages/tros_perception_fusion_msgs
-- Up-to-date: /cc_ws/tros_ws/install/share/tros_perception_fusion_msgs/cmake/export_tros_perception_fusion_msgs__rosidl_generator_cExport.cmake
-- Up-to-date: /cc_ws/tros_ws/install/share/tros_perception_fusion_msgs/cmake/export_tros_perception_fusion_msgs__rosidl_generator_cExport-noconfig.cmake
-- Up-to-date: /cc_ws/tros_ws/install/share/tros_perception_fusion_msgs/cmake/export_tros_perception_fusion_msgs__rosidl_typesupport_fastrtps_cExport.cmake
-- Up-to-date: /cc_ws/tros_ws/install/share/tros_perception_fusion_msgs/cmake/export_tros_perception_fusion_msgs__rosidl_typesupport_fastrtps_cExport-noconfig.cmake
-- Up-to-date: /cc_ws/tros_ws/install/share/tros_perception_fusion_msgs/cmake/export_tros_perception_fusion_msgs__rosidl_generator_cppExport.cmake
-- Up-to-date: /cc_ws/tros_ws/install/share/tros_perception_fusion_msgs/cmake/export_tros_perception_fusion_msgs__rosidl_typesupport_fastrtps_cppExport.cmake
-- Up-to-date: /cc_ws/tros_ws/install/share/tros_perception_fusion_msgs/cmake/export_tros_perception_fusion_msgs__rosidl_typesupport_fastrtps_cppExport-noconfig.cmake
-- Up-to-date: /cc_ws/tros_ws/install/share/tros_perception_fusion_msgs/cmake/tros_perception_fusion_msgs__rosidl_typesupport_introspection_cExport.cmake
-- Up-to-date: /cc_ws/tros_ws/install/share/tros_perception_fusion_msgs/cmake/tros_perception_fusion_msgs__rosidl_typesupport_introspection_cExport-noconfig.cmake
-- Up-to-date: /cc_ws/tros_ws/install/share/tros_perception_fusion_msgs/cmake/tros_perception_fusion_msgs__rosidl_typesupport_cExport.cmake
-- Up-to-date: /cc_ws/tros_ws/install/share/tros_perception_fusion_msgs/cmake/tros_perception_fusion_msgs__rosidl_typesupport_cExport-noconfig.cmake
-- Up-to-date: /cc_ws/tros_ws/install/share/tros_perception_fusion_msgs/cmake/tros_perception_fusion_msgs__rosidl_typesupport_introspection_cppExport.cmake
-- Up-to-date: /cc_ws/tros_ws/install/share/tros_perception_fusion_msgs/cmake/tros_perception_fusion_msgs__rosidl_typesupport_introspection_cppExport-noconfig.cmake
-- Up-to-date: /cc_ws/tros_ws/install/share/tros_perception_fusion_msgs/cmake/tros_perception_fusion_msgs__rosidl_typesupport_cppExport.cmake
-- Up-to-date: /cc_ws/tros_ws/install/share/tros_perception_fusion_msgs/cmake/tros_perception_fusion_msgs__rosidl_typesupport_cppExport-noconfig.cmake
-- Up-to-date: /cc_ws/tros_ws/install/share/tros_perception_fusion_msgs/cmake/export_tros_perception_fusion_msgs__rosidl_generator_pyExport.cmake
-- Up-to-date: /cc_ws/tros_ws/install/share/tros_perception_fusion_msgs/cmake/export_tros_perception_fusion_msgs__rosidl_generator_pyExport-noconfig.cmake
-- Up-to-date: /cc_ws/tros_ws/install/share/tros_perception_fusion_msgs/cmake/rosidl_cmake-extras.cmake
-- Up-to-date: /cc_ws/tros_ws/install/share/tros_perception_fusion_msgs/cmake/ament_cmake_export_dependencies-extras.cmake
-- Up-to-date: /cc_ws/tros_ws/install/share/tros_perception_fusion_msgs/cmake/ament_cmake_export_include_directories-extras.cmake
-- Up-to-date: /cc_ws/tros_ws/install/share/tros_perception_fusion_msgs/cmake/ament_cmake_export_libraries-extras.cmake
-- Up-to-date: /cc_ws/tros_ws/install/share/tros_perception_fusion_msgs/cmake/ament_cmake_export_targets-extras.cmake
-- Up-to-date: /cc_ws/tros_ws/install/share/tros_perception_fusion_msgs/cmake/rosidl_cmake_export_typesupport_targets-extras.cmake
-- Up-to-date: /cc_ws/tros_ws/install/share/tros_perception_fusion_msgs/cmake/rosidl_cmake_export_typesupport_libraries-extras.cmake
-- Up-to-date: /cc_ws/tros_ws/install/share/tros_perception_fusion_msgs/cmake/tros_perception_fusion_msgsConfig.cmake
-- Up-to-date: /cc_ws/tros_ws/install/share/tros_perception_fusion_msgs/cmake/tros_perception_fusion_msgsConfig-version.cmake
-- Up-to-date: /cc_ws/tros_ws/install/share/tros_perception_fusion_msgs/package.xml
