[0.120s] Invoking command in '/cc_ws/tros_ws/build/mono3d_indoor_detection': AMENT_PREFIX_PATH=/cc_ws/tros_ws/install:${AMENT_PREFIX_PATH} CMAKE_PREFIX_PATH=/cc_ws/tros_ws/install:/opt/ros/humble LD_LIBRARY_PATH=/cc_ws/tros_ws/install/lib:/opt/ros/humble/opt/rviz_ogre_vendor/lib:/opt/ros/humble/lib/aarch64-linux-gnu:/opt/ros/humble/lib:/cc_ws/userdata/hobot/opt/hobot/deps PYTHONPATH=/cc_ws/tros_ws/install/lib/python3.10/site-packages:/cc_ws/tros_ws/install/local/lib/python3.10/dist-packages:${PYTHONPATH} /usr/bin/cmake /cc_ws/tros_ws/src/box/hobot_perception/mono3d_indoor_detection -DCMAKE_EXPORT_COMPILE_COMMANDS=ON --no-warn-unused-cli -DCMAKE_TOOLCHAIN_FILE=/cc_ws/tros_ws/robot_dev_config/aarch64_toolchainfile.cmake -DPLATFORM_X5=ON -DTHIRDPARTY=ON -DBUILD_TESTING=OFF -DCMAKE_BUILD_RPATH=/cc_ws/tros_ws/build/poco_vendor/poco_external_project_install/lib/;/cc_ws/tros_ws/build/libyaml_vendor/libyaml_install/lib/ -DCMAKE_INSTALL_PREFIX=/cc_ws/tros_ws/install
[0.139s] Not searching for unused variables given on the command line.
[0.159s] -- Found ament_cmake: 1.3.8 (/opt/ros/humble/share/ament_cmake/cmake)
[0.521s] [33mCMake Warning (dev) at /opt/ros/humble/share/ament_cmake_test/cmake/ament_cmake_test-extras.cmake:19 (option):
[0.521s]   Policy CMP0077 is not set: option() honors normal variables.  Run "cmake
[0.521s]   --help-policy CMP0077" for policy details.  Use the cmake_policy command to
[0.522s]   set the policy and suppress this warning.
[0.522s] 
[0.522s]   For compatibility with older versions of CMake, option is clearing the
[0.522s]   normal variable 'BUILD_TESTING'.
[0.523s] Call Stack (most recent call first):
[0.523s]   /opt/ros/humble/share/ament_cmake_test/cmake/ament_cmake_testConfig.cmake:41 (include)
[0.523s]   /opt/ros/humble/share/ament_cmake/cmake/ament_cmake_export_dependencies-extras.cmake:21 (find_package)
[0.523s]   /opt/ros/humble/share/ament_cmake/cmake/ament_cmakeConfig.cmake:41 (include)
[0.523s]   CMakeLists.txt:35 (find_package)
[0.524s] This warning is for project developers.  Use -Wno-dev to suppress it.
[0.524s] [0m
[0.524s] -- Found rclcpp: 16.0.8 (/opt/ros/humble/share/rclcpp/cmake)
[0.624s] -- Found rosidl_generator_c: 3.1.5 (/opt/ros/humble/share/rosidl_generator_c/cmake)
[0.652s] -- Found rosidl_adapter: 3.1.5 (/opt/ros/humble/share/rosidl_adapter/cmake)
[0.657s] -- Found rosidl_generator_cpp: 3.1.5 (/opt/ros/humble/share/rosidl_generator_cpp/cmake)
[0.704s] -- Using all available rosidl_typesupport_c: rosidl_typesupport_fastrtps_c;rosidl_typesupport_introspection_c
[0.768s] -- Using all available rosidl_typesupport_cpp: rosidl_typesupport_fastrtps_cpp;rosidl_typesupport_introspection_cpp
[1.058s] -- Found rmw_implementation_cmake: 6.1.1 (/opt/ros/humble/share/rmw_implementation_cmake/cmake)
[1.067s] -- Found rmw_fastrtps_cpp: 6.2.6 (/opt/ros/humble/share/rmw_fastrtps_cpp/cmake)
[1.451s] -- Using RMW implementation 'rmw_fastrtps_cpp' as default
[1.974s] -- Found ai_msgs: 2.0.1 (/cc_ws/tros_ws/robot_dev_config/../install/share/ai_msgs/cmake)
[2.840s] -- Found dnn_node: 2.5.4 (/cc_ws/tros_ws/robot_dev_config/../install/share/dnn_node/cmake)
[2.868s] -- Found hbm_img_msgs: 2.0.0 (/cc_ws/tros_ws/robot_dev_config/../install/share/hbm_img_msgs/cmake)
[2.982s] [0mbuild platform X5[0m
[2.982s] [0mCMAKE_SYSROOT is /cc_ws/tros_ws/robot_dev_config/../../sysroot_docker[0m
[3.198s] -- Configuring done
[3.289s] -- Generating done
[3.294s] -- Build files have been written to: /cc_ws/tros_ws/build/mono3d_indoor_detection
[3.310s] Invoked command in '/cc_ws/tros_ws/build/mono3d_indoor_detection' returned '0': AMENT_PREFIX_PATH=/cc_ws/tros_ws/install:${AMENT_PREFIX_PATH} CMAKE_PREFIX_PATH=/cc_ws/tros_ws/install:/opt/ros/humble LD_LIBRARY_PATH=/cc_ws/tros_ws/install/lib:/opt/ros/humble/opt/rviz_ogre_vendor/lib:/opt/ros/humble/lib/aarch64-linux-gnu:/opt/ros/humble/lib:/cc_ws/userdata/hobot/opt/hobot/deps PYTHONPATH=/cc_ws/tros_ws/install/lib/python3.10/site-packages:/cc_ws/tros_ws/install/local/lib/python3.10/dist-packages:${PYTHONPATH} /usr/bin/cmake /cc_ws/tros_ws/src/box/hobot_perception/mono3d_indoor_detection -DCMAKE_EXPORT_COMPILE_COMMANDS=ON --no-warn-unused-cli -DCMAKE_TOOLCHAIN_FILE=/cc_ws/tros_ws/robot_dev_config/aarch64_toolchainfile.cmake -DPLATFORM_X5=ON -DTHIRDPARTY=ON -DBUILD_TESTING=OFF -DCMAKE_BUILD_RPATH=/cc_ws/tros_ws/build/poco_vendor/poco_external_project_install/lib/;/cc_ws/tros_ws/build/libyaml_vendor/libyaml_install/lib/ -DCMAKE_INSTALL_PREFIX=/cc_ws/tros_ws/install
[3.314s] Invoking command in '/cc_ws/tros_ws/build/mono3d_indoor_detection': AMENT_PREFIX_PATH=/cc_ws/tros_ws/install:${AMENT_PREFIX_PATH} CMAKE_PREFIX_PATH=/cc_ws/tros_ws/install:/opt/ros/humble LD_LIBRARY_PATH=/cc_ws/tros_ws/install/lib:/opt/ros/humble/opt/rviz_ogre_vendor/lib:/opt/ros/humble/lib/aarch64-linux-gnu:/opt/ros/humble/lib:/cc_ws/userdata/hobot/opt/hobot/deps PYTHONPATH=/cc_ws/tros_ws/install/lib/python3.10/site-packages:/cc_ws/tros_ws/install/local/lib/python3.10/dist-packages:${PYTHONPATH} /usr/bin/cmake --build /cc_ws/tros_ws/build/mono3d_indoor_detection -- -j12 -l12
[3.404s] [35m[1mConsolidate compiler generated dependencies of target mono3d_indoor_detection[0m
[3.461s] [ 66%] Built target mono3d_indoor_detection
[3.476s] [35m[1mConsolidate compiler generated dependencies of target image_publisher[0m
[3.513s] [100%] Built target image_publisher
[3.536s] Invoked command in '/cc_ws/tros_ws/build/mono3d_indoor_detection' returned '0': AMENT_PREFIX_PATH=/cc_ws/tros_ws/install:${AMENT_PREFIX_PATH} CMAKE_PREFIX_PATH=/cc_ws/tros_ws/install:/opt/ros/humble LD_LIBRARY_PATH=/cc_ws/tros_ws/install/lib:/opt/ros/humble/opt/rviz_ogre_vendor/lib:/opt/ros/humble/lib/aarch64-linux-gnu:/opt/ros/humble/lib:/cc_ws/userdata/hobot/opt/hobot/deps PYTHONPATH=/cc_ws/tros_ws/install/lib/python3.10/site-packages:/cc_ws/tros_ws/install/local/lib/python3.10/dist-packages:${PYTHONPATH} /usr/bin/cmake --build /cc_ws/tros_ws/build/mono3d_indoor_detection -- -j12 -l12
[3.592s] Invoking command in '/cc_ws/tros_ws/build/mono3d_indoor_detection': AMENT_PREFIX_PATH=/cc_ws/tros_ws/install:${AMENT_PREFIX_PATH} CMAKE_PREFIX_PATH=/cc_ws/tros_ws/install:/opt/ros/humble LD_LIBRARY_PATH=/cc_ws/tros_ws/install/lib:/opt/ros/humble/opt/rviz_ogre_vendor/lib:/opt/ros/humble/lib/aarch64-linux-gnu:/opt/ros/humble/lib:/cc_ws/userdata/hobot/opt/hobot/deps PYTHONPATH=/cc_ws/tros_ws/install/lib/python3.10/site-packages:/cc_ws/tros_ws/install/local/lib/python3.10/dist-packages:${PYTHONPATH} /usr/bin/cmake --install /cc_ws/tros_ws/build/mono3d_indoor_detection
[3.607s] -- Install configuration: ""
[3.608s] -- Up-to-date: /cc_ws/tros_ws/install/lib/mono3d_indoor_detection/mono3d_indoor_detection
[3.609s] -- Up-to-date: /cc_ws/tros_ws/install/lib/mono3d_indoor_detection/image_publisher
[3.609s] -- Up-to-date: /cc_ws/tros_ws/install/lib/mono3d_indoor_detection/config/
[3.610s] -- Up-to-date: /cc_ws/tros_ws/install/lib/mono3d_indoor_detection/config//centernet.hbm
[3.610s] -- Up-to-date: /cc_ws/tros_ws/install/lib/mono3d_indoor_detection/config//images
[3.610s] -- Up-to-date: /cc_ws/tros_ws/install/lib/mono3d_indoor_detection/config//images/3d_detection.png
[3.610s] -- Up-to-date: /cc_ws/tros_ws/install/lib/mono3d_indoor_detection/config/centernet.yaml
[3.610s] -- Up-to-date: /cc_ws/tros_ws/install/share/mono3d_indoor_detection/launch
[3.611s] -- Up-to-date: /cc_ws/tros_ws/install/share/mono3d_indoor_detection/launch/mono3d_indoor_detection_pipeline.launch.py
[3.611s] -- Up-to-date: /cc_ws/tros_ws/install/share/mono3d_indoor_detection/launch/mono3d_indoor_detection.launch.py
[3.611s] -- Up-to-date: /cc_ws/tros_ws/install/share/ament_index/resource_index/package_run_dependencies/mono3d_indoor_detection
[3.611s] -- Up-to-date: /cc_ws/tros_ws/install/share/ament_index/resource_index/parent_prefix_path/mono3d_indoor_detection
[3.611s] -- Up-to-date: /cc_ws/tros_ws/install/share/mono3d_indoor_detection/environment/ament_prefix_path.sh
[3.611s] -- Installing: /cc_ws/tros_ws/install/share/mono3d_indoor_detection/environment/ament_prefix_path.dsv
[3.612s] -- Up-to-date: /cc_ws/tros_ws/install/share/mono3d_indoor_detection/environment/path.sh
[3.612s] -- Installing: /cc_ws/tros_ws/install/share/mono3d_indoor_detection/environment/path.dsv
[3.612s] -- Up-to-date: /cc_ws/tros_ws/install/share/mono3d_indoor_detection/local_setup.bash
[3.612s] -- Up-to-date: /cc_ws/tros_ws/install/share/mono3d_indoor_detection/local_setup.sh
[3.613s] -- Up-to-date: /cc_ws/tros_ws/install/share/mono3d_indoor_detection/local_setup.zsh
[3.613s] -- Installing: /cc_ws/tros_ws/install/share/mono3d_indoor_detection/local_setup.dsv
[3.613s] -- Installing: /cc_ws/tros_ws/install/share/mono3d_indoor_detection/package.dsv
[3.613s] -- Up-to-date: /cc_ws/tros_ws/install/share/ament_index/resource_index/packages/mono3d_indoor_detection
[3.614s] -- Up-to-date: /cc_ws/tros_ws/install/share/mono3d_indoor_detection/cmake/mono3d_indoor_detectionConfig.cmake
[3.614s] -- Up-to-date: /cc_ws/tros_ws/install/share/mono3d_indoor_detection/cmake/mono3d_indoor_detectionConfig-version.cmake
[3.614s] -- Up-to-date: /cc_ws/tros_ws/install/share/mono3d_indoor_detection/package.xml
[3.618s] Invoked command in '/cc_ws/tros_ws/build/mono3d_indoor_detection' returned '0': AMENT_PREFIX_PATH=/cc_ws/tros_ws/install:${AMENT_PREFIX_PATH} CMAKE_PREFIX_PATH=/cc_ws/tros_ws/install:/opt/ros/humble LD_LIBRARY_PATH=/cc_ws/tros_ws/install/lib:/opt/ros/humble/opt/rviz_ogre_vendor/lib:/opt/ros/humble/lib/aarch64-linux-gnu:/opt/ros/humble/lib:/cc_ws/userdata/hobot/opt/hobot/deps PYTHONPATH=/cc_ws/tros_ws/install/lib/python3.10/site-packages:/cc_ws/tros_ws/install/local/lib/python3.10/dist-packages:${PYTHONPATH} /usr/bin/cmake --install /cc_ws/tros_ws/build/mono3d_indoor_detection
