[0.232s] Invoking command in '/cc_ws/tros_ws/build/tros_perception_fusion': AMENT_PREFIX_PATH=/cc_ws/tros_ws/install:${AMENT_PREFIX_PATH} CMAKE_PREFIX_PATH=/cc_ws/tros_ws/install:/opt/ros/humble LD_LIBRARY_PATH=/cc_ws/tros_ws/install/lib:/opt/ros/humble/opt/rviz_ogre_vendor/lib:/opt/ros/humble/lib/aarch64-linux-gnu:/opt/ros/humble/lib:/cc_ws/userdata/hobot/opt/hobot/deps PYTHONPATH=/cc_ws/tros_ws/install/lib/python3.10/site-packages:/cc_ws/tros_ws/install/local/lib/python3.10/dist-packages:${PYTHONPATH} /usr/bin/cmake /cc_ws/tros_ws/src/box/hobot_perception/tros_perception_fusion/tros_perception_fusion_node -DCMAKE_EXPORT_COMPILE_COMMANDS=ON --no-warn-unused-cli -DCMAKE_TOOLCHAIN_FILE=/cc_ws/tros_ws/robot_dev_config/aarch64_toolchainfile.cmake -DPLATFORM_X5=ON -DTHIRDPARTY=ON -DBUILD_TESTING=OFF -DCMAKE_BUILD_RPATH=/cc_ws/tros_ws/build/poco_vendor/poco_external_project_install/lib/;/cc_ws/tros_ws/build/libyaml_vendor/libyaml_install/lib/ -DCMAKE_INSTALL_PREFIX=/cc_ws/tros_ws/install
[0.257s] Not searching for unused variables given on the command line.
[0.284s] -- Found ament_cmake: 1.3.8 (/opt/ros/humble/share/ament_cmake/cmake)
[1.173s] [33mCMake Warning (dev) at /opt/ros/humble/share/ament_cmake_test/cmake/ament_cmake_test-extras.cmake:19 (option):
[1.174s]   Policy CMP0077 is not set: option() honors normal variables.  Run "cmake
[1.174s]   --help-policy CMP0077" for policy details.  Use the cmake_policy command to
[1.174s]   set the policy and suppress this warning.
[1.174s] 
[1.174s]   For compatibility with older versions of CMake, option is clearing the
[1.174s]   normal variable 'BUILD_TESTING'.
[1.174s] Call Stack (most recent call first):
[1.175s]   /opt/ros/humble/share/ament_cmake_test/cmake/ament_cmake_testConfig.cmake:41 (include)
[1.175s]   /opt/ros/humble/share/ament_cmake/cmake/ament_cmake_export_dependencies-extras.cmake:21 (find_package)
[1.175s]   /opt/ros/humble/share/ament_cmake/cmake/ament_cmakeConfig.cmake:41 (include)
[1.175s]   CMakeLists.txt:9 (find_package)
[1.175s] This warning is for project developers.  Use -Wno-dev to suppress it.
[1.175s] [0m
[1.175s] -- Found rclcpp: 16.0.8 (/opt/ros/humble/share/rclcpp/cmake)
[1.321s] -- Found rosidl_generator_c: 3.1.5 (/opt/ros/humble/share/rosidl_generator_c/cmake)
[1.337s] -- Found rosidl_adapter: 3.1.5 (/opt/ros/humble/share/rosidl_adapter/cmake)
[1.371s] -- Found rosidl_generator_cpp: 3.1.5 (/opt/ros/humble/share/rosidl_generator_cpp/cmake)
[1.443s] -- Using all available rosidl_typesupport_c: rosidl_typesupport_fastrtps_c;rosidl_typesupport_introspection_c
[1.554s] -- Using all available rosidl_typesupport_cpp: rosidl_typesupport_fastrtps_cpp;rosidl_typesupport_introspection_cpp
[2.037s] -- Found rmw_implementation_cmake: 6.1.1 (/opt/ros/humble/share/rmw_implementation_cmake/cmake)
[2.044s] -- Found rmw_fastrtps_cpp: 6.2.6 (/opt/ros/humble/share/rmw_fastrtps_cpp/cmake)
[2.746s] -- Using RMW implementation 'rmw_fastrtps_cpp' as default
[3.592s] -- Found rclcpp_components: 16.0.8 (/opt/ros/humble/share/rclcpp_components/cmake)
[3.837s] -- Found ai_msgs: 2.0.1 (/cc_ws/tros_ws/robot_dev_config/../install/share/ai_msgs/cmake)
[5.695s] -- Found message_filters: 4.3.3 (/opt/ros/humble/share/message_filters/cmake)
[5.720s] -- Found tros_perception_fusion_msgs: 0.0.1 (/cc_ws/tros_ws/robot_dev_config/../install/share/tros_perception_fusion_msgs/cmake)
[6.507s] -- Configuring done
[6.625s] -- Generating done
[6.630s] -- Build files have been written to: /cc_ws/tros_ws/build/tros_perception_fusion
[6.716s] Invoked command in '/cc_ws/tros_ws/build/tros_perception_fusion' returned '0': AMENT_PREFIX_PATH=/cc_ws/tros_ws/install:${AMENT_PREFIX_PATH} CMAKE_PREFIX_PATH=/cc_ws/tros_ws/install:/opt/ros/humble LD_LIBRARY_PATH=/cc_ws/tros_ws/install/lib:/opt/ros/humble/opt/rviz_ogre_vendor/lib:/opt/ros/humble/lib/aarch64-linux-gnu:/opt/ros/humble/lib:/cc_ws/userdata/hobot/opt/hobot/deps PYTHONPATH=/cc_ws/tros_ws/install/lib/python3.10/site-packages:/cc_ws/tros_ws/install/local/lib/python3.10/dist-packages:${PYTHONPATH} /usr/bin/cmake /cc_ws/tros_ws/src/box/hobot_perception/tros_perception_fusion/tros_perception_fusion_node -DCMAKE_EXPORT_COMPILE_COMMANDS=ON --no-warn-unused-cli -DCMAKE_TOOLCHAIN_FILE=/cc_ws/tros_ws/robot_dev_config/aarch64_toolchainfile.cmake -DPLATFORM_X5=ON -DTHIRDPARTY=ON -DBUILD_TESTING=OFF -DCMAKE_BUILD_RPATH=/cc_ws/tros_ws/build/poco_vendor/poco_external_project_install/lib/;/cc_ws/tros_ws/build/libyaml_vendor/libyaml_install/lib/ -DCMAKE_INSTALL_PREFIX=/cc_ws/tros_ws/install
[6.717s] Invoking command in '/cc_ws/tros_ws/build/tros_perception_fusion': AMENT_PREFIX_PATH=/cc_ws/tros_ws/install:${AMENT_PREFIX_PATH} CMAKE_PREFIX_PATH=/cc_ws/tros_ws/install:/opt/ros/humble LD_LIBRARY_PATH=/cc_ws/tros_ws/install/lib:/opt/ros/humble/opt/rviz_ogre_vendor/lib:/opt/ros/humble/lib/aarch64-linux-gnu:/opt/ros/humble/lib:/cc_ws/userdata/hobot/opt/hobot/deps PYTHONPATH=/cc_ws/tros_ws/install/lib/python3.10/site-packages:/cc_ws/tros_ws/install/local/lib/python3.10/dist-packages:${PYTHONPATH} /usr/bin/cmake --build /cc_ws/tros_ws/build/tros_perception_fusion -- -j12 -l12
[7.101s] [35m[1mConsolidate compiler generated dependencies of target tros_perception_fusion_component[0m
[7.120s] [35m[1mConsolidate compiler generated dependencies of target tros_perception_fusion[0m
[7.249s] [ 50%] Built target tros_perception_fusion
[7.283s] [100%] Built target tros_perception_fusion_component
[7.460s] Invoked command in '/cc_ws/tros_ws/build/tros_perception_fusion' returned '0': AMENT_PREFIX_PATH=/cc_ws/tros_ws/install:${AMENT_PREFIX_PATH} CMAKE_PREFIX_PATH=/cc_ws/tros_ws/install:/opt/ros/humble LD_LIBRARY_PATH=/cc_ws/tros_ws/install/lib:/opt/ros/humble/opt/rviz_ogre_vendor/lib:/opt/ros/humble/lib/aarch64-linux-gnu:/opt/ros/humble/lib:/cc_ws/userdata/hobot/opt/hobot/deps PYTHONPATH=/cc_ws/tros_ws/install/lib/python3.10/site-packages:/cc_ws/tros_ws/install/local/lib/python3.10/dist-packages:${PYTHONPATH} /usr/bin/cmake --build /cc_ws/tros_ws/build/tros_perception_fusion -- -j12 -l12
[7.959s] Invoking command in '/cc_ws/tros_ws/build/tros_perception_fusion': AMENT_PREFIX_PATH=/cc_ws/tros_ws/install:${AMENT_PREFIX_PATH} CMAKE_PREFIX_PATH=/cc_ws/tros_ws/install:/opt/ros/humble LD_LIBRARY_PATH=/cc_ws/tros_ws/install/lib:/opt/ros/humble/opt/rviz_ogre_vendor/lib:/opt/ros/humble/lib/aarch64-linux-gnu:/opt/ros/humble/lib:/cc_ws/userdata/hobot/opt/hobot/deps PYTHONPATH=/cc_ws/tros_ws/install/lib/python3.10/site-packages:/cc_ws/tros_ws/install/local/lib/python3.10/dist-packages:${PYTHONPATH} /usr/bin/cmake --install /cc_ws/tros_ws/build/tros_perception_fusion
[8.003s] -- Install configuration: ""
[8.023s] -- Up-to-date: /cc_ws/tros_ws/install/lib/tros_perception_fusion/tros_perception_fusion
[8.024s] -- Up-to-date: /cc_ws/tros_ws/install/lib/libtros_perception_fusion_component.so
[8.025s] -- Up-to-date: /cc_ws/tros_ws/install/lib/tros_perception_fusion/tros_perception_fusion
[8.025s] -- Up-to-date: /cc_ws/tros_ws/install/share/tros_perception_fusion/launch
[8.026s] -- Up-to-date: /cc_ws/tros_ws/install/share/tros_perception_fusion/launch/perc_fusion.launch.py
[8.026s] -- Up-to-date: /cc_ws/tros_ws/install/share/ament_index/resource_index/package_run_dependencies/tros_perception_fusion
[8.027s] -- Up-to-date: /cc_ws/tros_ws/install/share/ament_index/resource_index/parent_prefix_path/tros_perception_fusion
[8.029s] -- Up-to-date: /cc_ws/tros_ws/install/share/tros_perception_fusion/environment/ament_prefix_path.sh
[8.029s] -- Installing: /cc_ws/tros_ws/install/share/tros_perception_fusion/environment/ament_prefix_path.dsv
[8.030s] -- Up-to-date: /cc_ws/tros_ws/install/share/tros_perception_fusion/environment/path.sh
[8.030s] -- Installing: /cc_ws/tros_ws/install/share/tros_perception_fusion/environment/path.dsv
[8.030s] -- Up-to-date: /cc_ws/tros_ws/install/share/tros_perception_fusion/local_setup.bash
[8.031s] -- Up-to-date: /cc_ws/tros_ws/install/share/tros_perception_fusion/local_setup.sh
[8.031s] -- Up-to-date: /cc_ws/tros_ws/install/share/tros_perception_fusion/local_setup.zsh
[8.031s] -- Installing: /cc_ws/tros_ws/install/share/tros_perception_fusion/local_setup.dsv
[8.032s] -- Installing: /cc_ws/tros_ws/install/share/tros_perception_fusion/package.dsv
[8.032s] -- Up-to-date: /cc_ws/tros_ws/install/share/ament_index/resource_index/packages/tros_perception_fusion
[8.033s] -- Up-to-date: /cc_ws/tros_ws/install/share/ament_index/resource_index/rclcpp_components/tros_perception_fusion
[8.039s] -- Up-to-date: /cc_ws/tros_ws/install/share/tros_perception_fusion/cmake/tros_perception_fusionConfig.cmake
[8.039s] -- Up-to-date: /cc_ws/tros_ws/install/share/tros_perception_fusion/cmake/tros_perception_fusionConfig-version.cmake
[8.040s] -- Up-to-date: /cc_ws/tros_ws/install/share/tros_perception_fusion/package.xml
[8.050s] Invoked command in '/cc_ws/tros_ws/build/tros_perception_fusion' returned '0': AMENT_PREFIX_PATH=/cc_ws/tros_ws/install:${AMENT_PREFIX_PATH} CMAKE_PREFIX_PATH=/cc_ws/tros_ws/install:/opt/ros/humble LD_LIBRARY_PATH=/cc_ws/tros_ws/install/lib:/opt/ros/humble/opt/rviz_ogre_vendor/lib:/opt/ros/humble/lib/aarch64-linux-gnu:/opt/ros/humble/lib:/cc_ws/userdata/hobot/opt/hobot/deps PYTHONPATH=/cc_ws/tros_ws/install/lib/python3.10/site-packages:/cc_ws/tros_ws/install/local/lib/python3.10/dist-packages:${PYTHONPATH} /usr/bin/cmake --install /cc_ws/tros_ws/build/tros_perception_fusion
