[0.566s] Invoking command in '/cc_ws/tros_ws/build/mono_edgesam': AMENT_PREFIX_PATH=/cc_ws/tros_ws/install:${AMENT_PREFIX_PATH} CMAKE_PREFIX_PATH=/cc_ws/tros_ws/install:/opt/ros/humble LD_LIBRARY_PATH=/cc_ws/tros_ws/install/lib:/opt/ros/humble/opt/rviz_ogre_vendor/lib:/opt/ros/humble/lib/aarch64-linux-gnu:/opt/ros/humble/lib:/cc_ws/userdata/hobot/opt/hobot/deps PYTHONPATH=/cc_ws/tros_ws/install/lib/python3.10/site-packages:/cc_ws/tros_ws/install/local/lib/python3.10/dist-packages:${PYTHONPATH} /usr/bin/cmake /cc_ws/tros_ws/src/box/hobot_perception/mono_edgesam -DCMAKE_EXPORT_COMPILE_COMMANDS=ON --no-warn-unused-cli -DCMAKE_TOOLCHAIN_FILE=/cc_ws/tros_ws/robot_dev_config/aarch64_toolchainfile.cmake -DPLATFORM_X5=ON -DTHIRDPARTY=ON -DBUILD_TESTING=OFF -DCMAKE_BUILD_RPATH=/cc_ws/tros_ws/build/poco_vendor/poco_external_project_install/lib/;/cc_ws/tros_ws/build/libyaml_vendor/libyaml_install/lib/ -DCMAKE_INSTALL_PREFIX=/cc_ws/tros_ws/install
[2.997s] Not searching for unused variables given on the command line.
[2.997s] -- Found ament_cmake: 1.3.8 (/opt/ros/humble/share/ament_cmake/cmake)
[2.997s] -- Found rclcpp: 16.0.8 (/opt/ros/humble/share/rclcpp/cmake)
[2.997s] -- Found rosidl_generator_c: 3.1.5 (/opt/ros/humble/share/rosidl_generator_c/cmake)
[2.997s] -- Found rosidl_adapter: 3.1.5 (/opt/ros/humble/share/rosidl_adapter/cmake)
[2.997s] -- Found rosidl_generator_cpp: 3.1.5 (/opt/ros/humble/share/rosidl_generator_cpp/cmake)
[2.998s] -- Using all available rosidl_typesupport_c: rosidl_typesupport_fastrtps_c;rosidl_typesupport_introspection_c
[2.998s] -- Using all available rosidl_typesupport_cpp: rosidl_typesupport_fastrtps_cpp;rosidl_typesupport_introspection_cpp
[2.998s] -- Found rmw_implementation_cmake: 6.1.1 (/opt/ros/humble/share/rmw_implementation_cmake/cmake)
[2.998s] -- Found rmw_fastrtps_cpp: 6.2.6 (/opt/ros/humble/share/rmw_fastrtps_cpp/cmake)
[2.998s] -- Using RMW implementation 'rmw_fastrtps_cpp' as default
[3.021s] [33mCMake Warning (dev) at /opt/ros/humble/share/ament_cmake_test/cmake/ament_cmake_test-extras.cmake:19 (option):
[3.021s]   Policy CMP0077 is not set: option() honors normal variables.  Run "cmake
[3.022s]   --help-policy CMP0077" for policy details.  Use the cmake_policy command to
[3.022s]   set the policy and suppress this warning.
[3.022s] 
[3.022s]   For compatibility with older versions of CMake, option is clearing the
[3.022s]   normal variable 'BUILD_TESTING'.
[3.022s] Call Stack (most recent call first):
[3.022s]   /opt/ros/humble/share/ament_cmake_test/cmake/ament_cmake_testConfig.cmake:41 (include)
[3.022s]   /opt/ros/humble/share/ament_cmake/cmake/ament_cmake_export_dependencies-extras.cmake:21 (find_package)
[3.022s]   /opt/ros/humble/share/ament_cmake/cmake/ament_cmakeConfig.cmake:41 (include)
[3.023s]   CMakeLists.txt:33 (find_package)
[3.023s] This warning is for project developers.  Use -Wno-dev to suppress it.
[3.023s] [0m
[3.282s] -- Found ai_msgs: 2.0.1 (/cc_ws/tros_ws/robot_dev_config/../install/share/ai_msgs/cmake)
[5.388s] -- Found cv_bridge: 3.2.1 (/opt/ros/humble/share/cv_bridge/cmake)
[5.483s] -- Found dnn_node: 2.5.4 (/cc_ws/tros_ws/robot_dev_config/../install/share/dnn_node/cmake)
[5.520s] -- Found hobot_cv: 2.3.2 (/cc_ws/tros_ws/robot_dev_config/../install/share/hobot_cv/cmake)
[5.553s] -- Found hbm_img_msgs: 2.0.0 (/cc_ws/tros_ws/robot_dev_config/../install/share/hbm_img_msgs/cmake)
[5.850s] [0mbuild platform X5[0m
[5.850s] [0mCMAKE_SYSROOT is /cc_ws/tros_ws/robot_dev_config/../../sysroot_docker[0m
[6.706s] -- Configuring done
[6.881s] -- Generating done
[6.887s] -- Build files have been written to: /cc_ws/tros_ws/build/mono_edgesam
[6.913s] Invoked command in '/cc_ws/tros_ws/build/mono_edgesam' returned '0': AMENT_PREFIX_PATH=/cc_ws/tros_ws/install:${AMENT_PREFIX_PATH} CMAKE_PREFIX_PATH=/cc_ws/tros_ws/install:/opt/ros/humble LD_LIBRARY_PATH=/cc_ws/tros_ws/install/lib:/opt/ros/humble/opt/rviz_ogre_vendor/lib:/opt/ros/humble/lib/aarch64-linux-gnu:/opt/ros/humble/lib:/cc_ws/userdata/hobot/opt/hobot/deps PYTHONPATH=/cc_ws/tros_ws/install/lib/python3.10/site-packages:/cc_ws/tros_ws/install/local/lib/python3.10/dist-packages:${PYTHONPATH} /usr/bin/cmake /cc_ws/tros_ws/src/box/hobot_perception/mono_edgesam -DCMAKE_EXPORT_COMPILE_COMMANDS=ON --no-warn-unused-cli -DCMAKE_TOOLCHAIN_FILE=/cc_ws/tros_ws/robot_dev_config/aarch64_toolchainfile.cmake -DPLATFORM_X5=ON -DTHIRDPARTY=ON -DBUILD_TESTING=OFF -DCMAKE_BUILD_RPATH=/cc_ws/tros_ws/build/poco_vendor/poco_external_project_install/lib/;/cc_ws/tros_ws/build/libyaml_vendor/libyaml_install/lib/ -DCMAKE_INSTALL_PREFIX=/cc_ws/tros_ws/install
[6.914s] Invoking command in '/cc_ws/tros_ws/build/mono_edgesam': AMENT_PREFIX_PATH=/cc_ws/tros_ws/install:${AMENT_PREFIX_PATH} CMAKE_PREFIX_PATH=/cc_ws/tros_ws/install:/opt/ros/humble LD_LIBRARY_PATH=/cc_ws/tros_ws/install/lib:/opt/ros/humble/opt/rviz_ogre_vendor/lib:/opt/ros/humble/lib/aarch64-linux-gnu:/opt/ros/humble/lib:/cc_ws/userdata/hobot/opt/hobot/deps PYTHONPATH=/cc_ws/tros_ws/install/lib/python3.10/site-packages:/cc_ws/tros_ws/install/local/lib/python3.10/dist-packages:${PYTHONPATH} /usr/bin/cmake --build /cc_ws/tros_ws/build/mono_edgesam -- -j12 -l12
[7.080s] [35m[1mConsolidate compiler generated dependencies of target mono_edgesam[0m
[7.260s] [100%] Built target mono_edgesam
[7.326s] Invoked command in '/cc_ws/tros_ws/build/mono_edgesam' returned '0': AMENT_PREFIX_PATH=/cc_ws/tros_ws/install:${AMENT_PREFIX_PATH} CMAKE_PREFIX_PATH=/cc_ws/tros_ws/install:/opt/ros/humble LD_LIBRARY_PATH=/cc_ws/tros_ws/install/lib:/opt/ros/humble/opt/rviz_ogre_vendor/lib:/opt/ros/humble/lib/aarch64-linux-gnu:/opt/ros/humble/lib:/cc_ws/userdata/hobot/opt/hobot/deps PYTHONPATH=/cc_ws/tros_ws/install/lib/python3.10/site-packages:/cc_ws/tros_ws/install/local/lib/python3.10/dist-packages:${PYTHONPATH} /usr/bin/cmake --build /cc_ws/tros_ws/build/mono_edgesam -- -j12 -l12
[7.544s] Invoking command in '/cc_ws/tros_ws/build/mono_edgesam': AMENT_PREFIX_PATH=/cc_ws/tros_ws/install:${AMENT_PREFIX_PATH} CMAKE_PREFIX_PATH=/cc_ws/tros_ws/install:/opt/ros/humble LD_LIBRARY_PATH=/cc_ws/tros_ws/install/lib:/opt/ros/humble/opt/rviz_ogre_vendor/lib:/opt/ros/humble/lib/aarch64-linux-gnu:/opt/ros/humble/lib:/cc_ws/userdata/hobot/opt/hobot/deps PYTHONPATH=/cc_ws/tros_ws/install/lib/python3.10/site-packages:/cc_ws/tros_ws/install/local/lib/python3.10/dist-packages:${PYTHONPATH} /usr/bin/cmake --install /cc_ws/tros_ws/build/mono_edgesam
[7.576s] -- Install configuration: ""
[7.576s] -- Up-to-date: /cc_ws/tros_ws/install/lib/mono_edgesam/mono_edgesam
[7.582s] -- Up-to-date: /cc_ws/tros_ws/install/lib/mono_edgesam/config/
[7.583s] -- Up-to-date: /cc_ws/tros_ws/install/lib/mono_edgesam/config//edgesam_encoder_512.bin
[7.583s] -- Up-to-date: /cc_ws/tros_ws/install/lib/mono_edgesam/config//edgesam_decoder_1024.bin
[7.583s] -- Up-to-date: /cc_ws/tros_ws/install/lib/mono_edgesam/config//edgesam_encoder_1024.bin
[7.583s] -- Up-to-date: /cc_ws/tros_ws/install/lib/mono_edgesam/config//edgesam_decoder_512.bin
[7.584s] -- Up-to-date: /cc_ws/tros_ws/install/lib/mono_edgesam/config/4.jpg
[7.584s] -- Up-to-date: /cc_ws/tros_ws/install/share/mono_edgesam/launch
[7.585s] -- Up-to-date: /cc_ws/tros_ws/install/share/mono_edgesam/launch/sam_with_dosod.launch.py
[7.585s] -- Up-to-date: /cc_ws/tros_ws/install/share/mono_edgesam/launch/sam_with_dosod_no_setrocam.launch.py
[7.585s] -- Up-to-date: /cc_ws/tros_ws/install/share/mono_edgesam/launch/sam.launch.py
[7.585s] -- Up-to-date: /cc_ws/tros_ws/install/share/ament_index/resource_index/package_run_dependencies/mono_edgesam
[7.586s] -- Up-to-date: /cc_ws/tros_ws/install/share/ament_index/resource_index/parent_prefix_path/mono_edgesam
[7.586s] -- Up-to-date: /cc_ws/tros_ws/install/share/mono_edgesam/environment/ament_prefix_path.sh
[7.586s] -- Installing: /cc_ws/tros_ws/install/share/mono_edgesam/environment/ament_prefix_path.dsv
[7.587s] -- Up-to-date: /cc_ws/tros_ws/install/share/mono_edgesam/environment/path.sh
[7.587s] -- Installing: /cc_ws/tros_ws/install/share/mono_edgesam/environment/path.dsv
[7.587s] -- Up-to-date: /cc_ws/tros_ws/install/share/mono_edgesam/local_setup.bash
[7.588s] -- Up-to-date: /cc_ws/tros_ws/install/share/mono_edgesam/local_setup.sh
[7.588s] -- Up-to-date: /cc_ws/tros_ws/install/share/mono_edgesam/local_setup.zsh
[7.588s] -- Installing: /cc_ws/tros_ws/install/share/mono_edgesam/local_setup.dsv
[7.588s] -- Installing: /cc_ws/tros_ws/install/share/mono_edgesam/package.dsv
[7.589s] -- Up-to-date: /cc_ws/tros_ws/install/share/ament_index/resource_index/packages/mono_edgesam
[7.589s] -- Up-to-date: /cc_ws/tros_ws/install/share/mono_edgesam/cmake/mono_edgesamConfig.cmake
[7.589s] -- Up-to-date: /cc_ws/tros_ws/install/share/mono_edgesam/cmake/mono_edgesamConfig-version.cmake
[7.589s] -- Up-to-date: /cc_ws/tros_ws/install/share/mono_edgesam/package.xml
[7.614s] Invoked command in '/cc_ws/tros_ws/build/mono_edgesam' returned '0': AMENT_PREFIX_PATH=/cc_ws/tros_ws/install:${AMENT_PREFIX_PATH} CMAKE_PREFIX_PATH=/cc_ws/tros_ws/install:/opt/ros/humble LD_LIBRARY_PATH=/cc_ws/tros_ws/install/lib:/opt/ros/humble/opt/rviz_ogre_vendor/lib:/opt/ros/humble/lib/aarch64-linux-gnu:/opt/ros/humble/lib:/cc_ws/userdata/hobot/opt/hobot/deps PYTHONPATH=/cc_ws/tros_ws/install/lib/python3.10/site-packages:/cc_ws/tros_ws/install/local/lib/python3.10/dist-packages:${PYTHONPATH} /usr/bin/cmake --install /cc_ws/tros_ws/build/mono_edgesam
