[0.153s] Invoking command in '/cc_ws/tros_ws/build/hobot_chatbot': CMAKE_PREFIX_PATH=/opt/ros/humble /usr/bin/cmake /cc_ws/tros_ws/src/app/hobot_chatbot -DCMAKE_EXPORT_COMPILE_COMMANDS=ON --no-warn-unused-cli -DCMAKE_TOOLCHAIN_FILE=/cc_ws/tros_ws/robot_dev_config/aarch64_toolchainfile.cmake -DPLATFORM_X5=ON -DTHIRDPARTY=ON -DBUILD_TESTING=OFF -DCMAKE_BUILD_RPATH=/cc_ws/tros_ws/build/poco_vendor/poco_external_project_install/lib/;/cc_ws/tros_ws/build/libyaml_vendor/libyaml_install/lib/ -DCMAKE_INSTALL_PREFIX=/cc_ws/tros_ws/install
[0.199s] Not searching for unused variables given on the command line.
[0.228s] -- Found ament_cmake: 1.3.8 (/opt/ros/humble/share/ament_cmake/cmake)
[0.628s] [33mCMake Warning (dev) at /opt/ros/humble/share/ament_cmake_test/cmake/ament_cmake_test-extras.cmake:19 (option):
[0.629s]   Policy CMP0077 is not set: option() honors normal variables.  Run "cmake
[0.629s]   --help-policy CMP0077" for policy details.  Use the cmake_policy command to
[0.629s]   set the policy and suppress this warning.
[0.629s] 
[0.630s]   For compatibility with older versions of CMake, option is clearing the
[0.630s]   normal variable 'BUILD_TESTING'.
[0.630s] Call Stack (most recent call first):
[0.630s]   /opt/ros/humble/share/ament_cmake_test/cmake/ament_cmake_testConfig.cmake:41 (include)
[0.631s]   /opt/ros/humble/share/ament_cmake/cmake/ament_cmake_export_dependencies-extras.cmake:21 (find_package)
[0.631s]   /opt/ros/humble/share/ament_cmake/cmake/ament_cmakeConfig.cmake:41 (include)
[0.631s]   CMakeLists.txt:19 (find_package)
[0.631s] This warning is for project developers.  Use -Wno-dev to suppress it.
[0.631s] [0m
[1.146s] -- Configuring done
[1.177s] -- Generating done
[1.179s] -- Build files have been written to: /cc_ws/tros_ws/build/hobot_chatbot
[1.289s] Invoked command in '/cc_ws/tros_ws/build/hobot_chatbot' returned '0': CMAKE_PREFIX_PATH=/opt/ros/humble /usr/bin/cmake /cc_ws/tros_ws/src/app/hobot_chatbot -DCMAKE_EXPORT_COMPILE_COMMANDS=ON --no-warn-unused-cli -DCMAKE_TOOLCHAIN_FILE=/cc_ws/tros_ws/robot_dev_config/aarch64_toolchainfile.cmake -DPLATFORM_X5=ON -DTHIRDPARTY=ON -DBUILD_TESTING=OFF -DCMAKE_BUILD_RPATH=/cc_ws/tros_ws/build/poco_vendor/poco_external_project_install/lib/;/cc_ws/tros_ws/build/libyaml_vendor/libyaml_install/lib/ -DCMAKE_INSTALL_PREFIX=/cc_ws/tros_ws/install
[1.290s] Invoking command in '/cc_ws/tros_ws/build/hobot_chatbot': CMAKE_PREFIX_PATH=/opt/ros/humble /usr/bin/cmake --build /cc_ws/tros_ws/build/hobot_chatbot -- -j12 -l12
[1.466s] Invoked command in '/cc_ws/tros_ws/build/hobot_chatbot' returned '0': CMAKE_PREFIX_PATH=/opt/ros/humble /usr/bin/cmake --build /cc_ws/tros_ws/build/hobot_chatbot -- -j12 -l12
[1.713s] Invoking command in '/cc_ws/tros_ws/build/hobot_chatbot': CMAKE_PREFIX_PATH=/opt/ros/humble /usr/bin/cmake --install /cc_ws/tros_ws/build/hobot_chatbot
[2.106s] -- Install configuration: ""
[2.106s] -- Up-to-date: /cc_ws/tros_ws/install/share/hobot_chatbot/launch
[2.106s] -- Up-to-date: /cc_ws/tros_ws/install/share/hobot_chatbot/launch/chatbot.launch.py
[2.107s] -- Up-to-date: /cc_ws/tros_ws/install/share/ament_index/resource_index/package_run_dependencies/hobot_chatbot
[2.107s] -- Up-to-date: /cc_ws/tros_ws/install/share/ament_index/resource_index/parent_prefix_path/hobot_chatbot
[2.107s] -- Up-to-date: /cc_ws/tros_ws/install/share/hobot_chatbot/environment/ament_prefix_path.sh
[2.107s] -- Installing: /cc_ws/tros_ws/install/share/hobot_chatbot/environment/ament_prefix_path.dsv
[2.108s] -- Up-to-date: /cc_ws/tros_ws/install/share/hobot_chatbot/environment/path.sh
[2.108s] -- Installing: /cc_ws/tros_ws/install/share/hobot_chatbot/environment/path.dsv
[2.108s] -- Up-to-date: /cc_ws/tros_ws/install/share/hobot_chatbot/local_setup.bash
[2.108s] -- Up-to-date: /cc_ws/tros_ws/install/share/hobot_chatbot/local_setup.sh
[2.108s] -- Up-to-date: /cc_ws/tros_ws/install/share/hobot_chatbot/local_setup.zsh
[2.109s] -- Installing: /cc_ws/tros_ws/install/share/hobot_chatbot/local_setup.dsv
[2.109s] -- Installing: /cc_ws/tros_ws/install/share/hobot_chatbot/package.dsv
[2.109s] -- Up-to-date: /cc_ws/tros_ws/install/share/ament_index/resource_index/packages/hobot_chatbot
[2.109s] -- Up-to-date: /cc_ws/tros_ws/install/share/hobot_chatbot/cmake/hobot_chatbotConfig.cmake
[2.110s] -- Up-to-date: /cc_ws/tros_ws/install/share/hobot_chatbot/cmake/hobot_chatbotConfig-version.cmake
[2.110s] -- Up-to-date: /cc_ws/tros_ws/install/share/hobot_chatbot/package.xml
[2.191s] Invoked command in '/cc_ws/tros_ws/build/hobot_chatbot' returned '0': CMAKE_PREFIX_PATH=/opt/ros/humble /usr/bin/cmake --install /cc_ws/tros_ws/build/hobot_chatbot
