[0.036s] Invoking command in '/cc_ws/tros_ws/build/hobot_stereonet_utils': CMAKE_PREFIX_PATH=/opt/ros/humble /usr/bin/cmake /cc_ws/tros_ws/src/box/hobot_perception/hobot_stereonet_utils -DCMAKE_EXPORT_COMPILE_COMMANDS=ON --no-warn-unused-cli -DCMAKE_TOOLCHAIN_FILE=/cc_ws/tros_ws/robot_dev_config/aarch64_toolchainfile.cmake -DPLATFORM_X5=ON -DTHIRDPARTY=ON -DBUILD_TESTING=OFF -DCMAKE_BUILD_RPATH=/cc_ws/tros_ws/build/poco_vendor/poco_external_project_install/lib/;/cc_ws/tros_ws/build/libyaml_vendor/libyaml_install/lib/ -DCMAKE_INSTALL_PREFIX=/cc_ws/tros_ws/install
[0.058s] Not searching for unused variables given on the command line.
[0.082s] -- Found ament_cmake: 1.3.8 (/opt/ros/humble/share/ament_cmake/cmake)
[0.368s] [33mCMake Warning (dev) at /opt/ros/humble/share/ament_cmake_test/cmake/ament_cmake_test-extras.cmake:19 (option):
[0.368s]   Policy CMP0077 is not set: option() honors normal variables.  Run "cmake
[0.368s]   --help-policy CMP0077" for policy details.  Use the cmake_policy command to
[0.368s]   set the policy and suppress this warning.
[0.368s] 
[0.368s]   For compatibility with older versions of CMake, option is clearing the
[0.369s]   normal variable 'BUILD_TESTING'.
[0.369s] Call Stack (most recent call first):
[0.369s]   /opt/ros/humble/share/ament_cmake_test/cmake/ament_cmake_testConfig.cmake:41 (include)
[0.369s]   /opt/ros/humble/share/ament_cmake/cmake/ament_cmake_export_dependencies-extras.cmake:21 (find_package)
[0.369s]   /opt/ros/humble/share/ament_cmake/cmake/ament_cmakeConfig.cmake:41 (include)
[0.369s]   CMakeLists.txt:23 (find_package)
[0.369s] This warning is for project developers.  Use -Wno-dev to suppress it.
[0.369s] [0m
[0.371s] -- Found rclcpp: 16.0.8 (/opt/ros/humble/share/rclcpp/cmake)
[0.421s] -- Found rosidl_generator_c: 3.1.5 (/opt/ros/humble/share/rosidl_generator_c/cmake)
[0.427s] -- Found rosidl_adapter: 3.1.5 (/opt/ros/humble/share/rosidl_adapter/cmake)
[0.440s] -- Found rosidl_generator_cpp: 3.1.5 (/opt/ros/humble/share/rosidl_generator_cpp/cmake)
[0.463s] -- Using all available rosidl_typesupport_c: rosidl_typesupport_fastrtps_c;rosidl_typesupport_introspection_c
[0.507s] -- Using all available rosidl_typesupport_cpp: rosidl_typesupport_fastrtps_cpp;rosidl_typesupport_introspection_cpp
[0.641s] -- Found rmw_implementation_cmake: 6.1.1 (/opt/ros/humble/share/rmw_implementation_cmake/cmake)
[0.674s] -- Found rmw_fastrtps_cpp: 6.2.6 (/opt/ros/humble/share/rmw_fastrtps_cpp/cmake)
[0.892s] -- Using RMW implementation 'rmw_fastrtps_cpp' as default
[1.233s] -- Found sensor_msgs: 4.2.3 (/opt/ros/humble/share/sensor_msgs/cmake)
[1.463s] -- Found cv_bridge: 3.2.1 (/opt/ros/humble/share/cv_bridge/cmake)
[1.662s] -- Configuring done
[1.727s] -- Generating done
[1.735s] -- Build files have been written to: /cc_ws/tros_ws/build/hobot_stereonet_utils
[1.758s] Invoked command in '/cc_ws/tros_ws/build/hobot_stereonet_utils' returned '0': CMAKE_PREFIX_PATH=/opt/ros/humble /usr/bin/cmake /cc_ws/tros_ws/src/box/hobot_perception/hobot_stereonet_utils -DCMAKE_EXPORT_COMPILE_COMMANDS=ON --no-warn-unused-cli -DCMAKE_TOOLCHAIN_FILE=/cc_ws/tros_ws/robot_dev_config/aarch64_toolchainfile.cmake -DPLATFORM_X5=ON -DTHIRDPARTY=ON -DBUILD_TESTING=OFF -DCMAKE_BUILD_RPATH=/cc_ws/tros_ws/build/poco_vendor/poco_external_project_install/lib/;/cc_ws/tros_ws/build/libyaml_vendor/libyaml_install/lib/ -DCMAKE_INSTALL_PREFIX=/cc_ws/tros_ws/install
[1.758s] Invoking command in '/cc_ws/tros_ws/build/hobot_stereonet_utils': CMAKE_PREFIX_PATH=/opt/ros/humble /usr/bin/cmake --build /cc_ws/tros_ws/build/hobot_stereonet_utils -- -j12 -l12
[2.216s] [35m[1mConsolidate compiler generated dependencies of target save_stereo_img[0m
[2.217s] [35m[1mConsolidate compiler generated dependencies of target pub_rectify_img[0m
[2.218s] [35m[1mConsolidate compiler generated dependencies of target save_depth_img[0m
[2.218s] [ 16%] [32m[1mLinking CXX executable save_stereo_img[0m
[2.218s] [ 33%] [32m[1mLinking CXX executable pub_rectify_img[0m
[2.218s] [ 50%] [32m[1mLinking CXX executable save_depth_img[0m
[3.258s] [ 66%] Built target pub_rectify_img
[3.608s] [ 83%] Built target save_stereo_img
[3.666s] [100%] Built target save_depth_img
[3.743s] Invoked command in '/cc_ws/tros_ws/build/hobot_stereonet_utils' returned '0': CMAKE_PREFIX_PATH=/opt/ros/humble /usr/bin/cmake --build /cc_ws/tros_ws/build/hobot_stereonet_utils -- -j12 -l12
[3.967s] Invoking command in '/cc_ws/tros_ws/build/hobot_stereonet_utils': CMAKE_PREFIX_PATH=/opt/ros/humble /usr/bin/cmake --install /cc_ws/tros_ws/build/hobot_stereonet_utils
[4.163s] -- Install configuration: ""
[4.163s] -- Installing: /cc_ws/tros_ws/install/lib/hobot_stereonet_utils/save_stereo_img
[4.164s] -- Set runtime path of "/cc_ws/tros_ws/install/lib/hobot_stereonet_utils/save_stereo_img" to ""
[4.164s] -- Installing: /cc_ws/tros_ws/install/lib/hobot_stereonet_utils/save_depth_img
[4.164s] -- Set runtime path of "/cc_ws/tros_ws/install/lib/hobot_stereonet_utils/save_depth_img" to ""
[4.164s] -- Installing: /cc_ws/tros_ws/install/lib/hobot_stereonet_utils/pub_rectify_img
[4.164s] -- Set runtime path of "/cc_ws/tros_ws/install/lib/hobot_stereonet_utils/pub_rectify_img" to ""
[4.164s] -- Up-to-date: /cc_ws/tros_ws/install/share/hobot_stereonet_utils/launch
[4.164s] -- Up-to-date: /cc_ws/tros_ws/install/share/hobot_stereonet_utils/launch/test_rectify_mipi_cam.launch.py
[4.164s] -- Up-to-date: /cc_ws/tros_ws/install/share/hobot_stereonet_utils/launch/test_mipi_cam.launch.py
[4.165s] -- Up-to-date: /cc_ws/tros_ws/install/share/hobot_stereonet_utils/launch/test_rectify_mipi_cam_1280_960.launch.py
[4.165s] -- Up-to-date: /cc_ws/tros_ws/install/share/hobot_stereonet_utils/config
[4.165s] -- Up-to-date: /cc_ws/tros_ws/install/share/hobot_stereonet_utils/config/stereo_8_1_zzk.yaml
[4.165s] -- Up-to-date: /cc_ws/tros_ws/install/share/ament_index/resource_index/package_run_dependencies/hobot_stereonet_utils
[4.165s] -- Up-to-date: /cc_ws/tros_ws/install/share/ament_index/resource_index/parent_prefix_path/hobot_stereonet_utils
[4.165s] -- Up-to-date: /cc_ws/tros_ws/install/share/hobot_stereonet_utils/environment/ament_prefix_path.sh
[4.165s] -- Installing: /cc_ws/tros_ws/install/share/hobot_stereonet_utils/environment/ament_prefix_path.dsv
[4.165s] -- Up-to-date: /cc_ws/tros_ws/install/share/hobot_stereonet_utils/environment/path.sh
[4.166s] -- Installing: /cc_ws/tros_ws/install/share/hobot_stereonet_utils/environment/path.dsv
[4.166s] -- Up-to-date: /cc_ws/tros_ws/install/share/hobot_stereonet_utils/local_setup.bash
[4.166s] -- Up-to-date: /cc_ws/tros_ws/install/share/hobot_stereonet_utils/local_setup.sh
[4.166s] -- Up-to-date: /cc_ws/tros_ws/install/share/hobot_stereonet_utils/local_setup.zsh
[4.166s] -- Installing: /cc_ws/tros_ws/install/share/hobot_stereonet_utils/local_setup.dsv
[4.166s] -- Installing: /cc_ws/tros_ws/install/share/hobot_stereonet_utils/package.dsv
[4.166s] -- Up-to-date: /cc_ws/tros_ws/install/share/ament_index/resource_index/packages/hobot_stereonet_utils
[4.166s] -- Up-to-date: /cc_ws/tros_ws/install/share/hobot_stereonet_utils/cmake/hobot_stereonet_utilsConfig.cmake
[4.167s] -- Up-to-date: /cc_ws/tros_ws/install/share/hobot_stereonet_utils/cmake/hobot_stereonet_utilsConfig-version.cmake
[4.167s] -- Up-to-date: /cc_ws/tros_ws/install/share/hobot_stereonet_utils/package.xml
[4.194s] Invoked command in '/cc_ws/tros_ws/build/hobot_stereonet_utils' returned '0': CMAKE_PREFIX_PATH=/opt/ros/humble /usr/bin/cmake --install /cc_ws/tros_ws/build/hobot_stereonet_utils
