[0.093s] Invoking command in '/cc_ws/tros_ws/build/face_age_detection': AMENT_PREFIX_PATH=/cc_ws/tros_ws/install:${AMENT_PREFIX_PATH} CMAKE_PREFIX_PATH=/cc_ws/tros_ws/install:/opt/ros/humble LD_LIBRARY_PATH=/cc_ws/tros_ws/install/lib:/opt/ros/humble/opt/rviz_ogre_vendor/lib:/opt/ros/humble/lib/aarch64-linux-gnu:/opt/ros/humble/lib:/cc_ws/userdata/hobot/opt/hobot/deps PYTHONPATH=/cc_ws/tros_ws/install/lib/python3.10/site-packages:/cc_ws/tros_ws/install/local/lib/python3.10/dist-packages:${PYTHONPATH} /usr/bin/cmake /cc_ws/tros_ws/src/box/hobot_perception/face_age_detection -DCMAKE_EXPORT_COMPILE_COMMANDS=ON --no-warn-unused-cli -DCMAKE_TOOLCHAIN_FILE=/cc_ws/tros_ws/robot_dev_config/aarch64_toolchainfile.cmake -DPLATFORM_X5=ON -DTHIRDPARTY=ON -DBUILD_TESTING=OFF -DCMAKE_BUILD_RPATH=/cc_ws/tros_ws/build/poco_vendor/poco_external_project_install/lib/;/cc_ws/tros_ws/build/libyaml_vendor/libyaml_install/lib/ -DCMAKE_INSTALL_PREFIX=/cc_ws/tros_ws/install
[0.573s] Not searching for unused variables given on the command line.
[0.573s] -- Found ament_cmake: 1.3.8 (/opt/ros/humble/share/ament_cmake/cmake)
[0.573s] -- Found rclcpp: 16.0.8 (/opt/ros/humble/share/rclcpp/cmake)
[0.573s] -- Found rosidl_generator_c: 3.1.5 (/opt/ros/humble/share/rosidl_generator_c/cmake)
[0.573s] -- Found rosidl_adapter: 3.1.5 (/opt/ros/humble/share/rosidl_adapter/cmake)
[0.573s] -- Found rosidl_generator_cpp: 3.1.5 (/opt/ros/humble/share/rosidl_generator_cpp/cmake)
[0.574s] -- Using all available rosidl_typesupport_c: rosidl_typesupport_fastrtps_c;rosidl_typesupport_introspection_c
[0.574s] -- Using all available rosidl_typesupport_cpp: rosidl_typesupport_fastrtps_cpp;rosidl_typesupport_introspection_cpp
[0.574s] [0m=> build for platform X5[0m
[0.574s] [0m=> SYS_ROOT is /cc_ws/tros_ws/robot_dev_config/../../sysroot_docker[0m
[0.574s] [33mCMake Warning (dev) at /opt/ros/humble/share/ament_cmake_test/cmake/ament_cmake_test-extras.cmake:19 (option):
[0.574s]   Policy CMP0077 is not set: option() honors normal variables.  Run "cmake
[0.574s]   --help-policy CMP0077" for policy details.  Use the cmake_policy command to
[0.575s]   set the policy and suppress this warning.
[0.575s] 
[0.575s]   For compatibility with older versions of CMake, option is clearing the
[0.575s]   normal variable 'BUILD_TESTING'.
[0.575s] Call Stack (most recent call first):
[0.575s]   /opt/ros/humble/share/ament_cmake_test/cmake/ament_cmake_testConfig.cmake:41 (include)
[0.575s]   /opt/ros/humble/share/ament_cmake/cmake/ament_cmake_export_dependencies-extras.cmake:21 (find_package)
[0.575s]   /opt/ros/humble/share/ament_cmake/cmake/ament_cmakeConfig.cmake:41 (include)
[0.576s]   CMakeLists.txt:48 (find_package)
[0.576s] This warning is for project developers.  Use -Wno-dev to suppress it.
[0.576s] [0m
[0.765s] -- Found rmw_implementation_cmake: 6.1.1 (/opt/ros/humble/share/rmw_implementation_cmake/cmake)
[0.786s] -- Found rmw_fastrtps_cpp: 6.2.6 (/opt/ros/humble/share/rmw_fastrtps_cpp/cmake)
[1.078s] -- Using RMW implementation 'rmw_fastrtps_cpp' as default
[1.527s] -- Found sensor_msgs: 4.2.3 (/opt/ros/humble/share/sensor_msgs/cmake)
[1.926s] -- Found dnn_node: 2.5.4 (/cc_ws/tros_ws/robot_dev_config/../install/share/dnn_node/cmake)
[1.930s] -- Found ai_msgs: 2.0.1 (/cc_ws/tros_ws/robot_dev_config/../install/share/ai_msgs/cmake)
[2.228s] -- Found hbm_img_msgs: 2.0.0 (/cc_ws/tros_ws/robot_dev_config/../install/share/hbm_img_msgs/cmake)
[2.821s] -- Configuring done
[2.937s] -- Generating done
[2.941s] -- Build files have been written to: /cc_ws/tros_ws/build/face_age_detection
[3.045s] Invoked command in '/cc_ws/tros_ws/build/face_age_detection' returned '0': AMENT_PREFIX_PATH=/cc_ws/tros_ws/install:${AMENT_PREFIX_PATH} CMAKE_PREFIX_PATH=/cc_ws/tros_ws/install:/opt/ros/humble LD_LIBRARY_PATH=/cc_ws/tros_ws/install/lib:/opt/ros/humble/opt/rviz_ogre_vendor/lib:/opt/ros/humble/lib/aarch64-linux-gnu:/opt/ros/humble/lib:/cc_ws/userdata/hobot/opt/hobot/deps PYTHONPATH=/cc_ws/tros_ws/install/lib/python3.10/site-packages:/cc_ws/tros_ws/install/local/lib/python3.10/dist-packages:${PYTHONPATH} /usr/bin/cmake /cc_ws/tros_ws/src/box/hobot_perception/face_age_detection -DCMAKE_EXPORT_COMPILE_COMMANDS=ON --no-warn-unused-cli -DCMAKE_TOOLCHAIN_FILE=/cc_ws/tros_ws/robot_dev_config/aarch64_toolchainfile.cmake -DPLATFORM_X5=ON -DTHIRDPARTY=ON -DBUILD_TESTING=OFF -DCMAKE_BUILD_RPATH=/cc_ws/tros_ws/build/poco_vendor/poco_external_project_install/lib/;/cc_ws/tros_ws/build/libyaml_vendor/libyaml_install/lib/ -DCMAKE_INSTALL_PREFIX=/cc_ws/tros_ws/install
[3.045s] Invoking command in '/cc_ws/tros_ws/build/face_age_detection': AMENT_PREFIX_PATH=/cc_ws/tros_ws/install:${AMENT_PREFIX_PATH} CMAKE_PREFIX_PATH=/cc_ws/tros_ws/install:/opt/ros/humble LD_LIBRARY_PATH=/cc_ws/tros_ws/install/lib:/opt/ros/humble/opt/rviz_ogre_vendor/lib:/opt/ros/humble/lib/aarch64-linux-gnu:/opt/ros/humble/lib:/cc_ws/userdata/hobot/opt/hobot/deps PYTHONPATH=/cc_ws/tros_ws/install/lib/python3.10/site-packages:/cc_ws/tros_ws/install/local/lib/python3.10/dist-packages:${PYTHONPATH} /usr/bin/cmake --build /cc_ws/tros_ws/build/face_age_detection -- -j12 -l12
[5.609s] [35m[1mConsolidate compiler generated dependencies of target face_age_detection[0m
[5.609s] [ 20%] [32m[1mLinking CXX executable face_age_detection[0m
[13.444s] [100%] Built target face_age_detection
[13.556s] Invoked command in '/cc_ws/tros_ws/build/face_age_detection' returned '0': AMENT_PREFIX_PATH=/cc_ws/tros_ws/install:${AMENT_PREFIX_PATH} CMAKE_PREFIX_PATH=/cc_ws/tros_ws/install:/opt/ros/humble LD_LIBRARY_PATH=/cc_ws/tros_ws/install/lib:/opt/ros/humble/opt/rviz_ogre_vendor/lib:/opt/ros/humble/lib/aarch64-linux-gnu:/opt/ros/humble/lib:/cc_ws/userdata/hobot/opt/hobot/deps PYTHONPATH=/cc_ws/tros_ws/install/lib/python3.10/site-packages:/cc_ws/tros_ws/install/local/lib/python3.10/dist-packages:${PYTHONPATH} /usr/bin/cmake --build /cc_ws/tros_ws/build/face_age_detection -- -j12 -l12
[14.187s] Invoking command in '/cc_ws/tros_ws/build/face_age_detection': AMENT_PREFIX_PATH=/cc_ws/tros_ws/install:${AMENT_PREFIX_PATH} CMAKE_PREFIX_PATH=/cc_ws/tros_ws/install:/opt/ros/humble LD_LIBRARY_PATH=/cc_ws/tros_ws/install/lib:/opt/ros/humble/opt/rviz_ogre_vendor/lib:/opt/ros/humble/lib/aarch64-linux-gnu:/opt/ros/humble/lib:/cc_ws/userdata/hobot/opt/hobot/deps PYTHONPATH=/cc_ws/tros_ws/install/lib/python3.10/site-packages:/cc_ws/tros_ws/install/local/lib/python3.10/dist-packages:${PYTHONPATH} /usr/bin/cmake --install /cc_ws/tros_ws/build/face_age_detection
[14.246s] -- Install configuration: ""
[14.246s] -- Installing: /cc_ws/tros_ws/install/lib/face_age_detection/face_age_detection
[14.277s] -- Set runtime path of "/cc_ws/tros_ws/install/lib/face_age_detection/face_age_detection" to ""
[14.278s] -- Up-to-date: /cc_ws/tros_ws/install/share/face_age_detection/launch
[14.279s] -- Up-to-date: /cc_ws/tros_ws/install/share/face_age_detection/launch/body_det_face_age_det.launch.py
[14.279s] -- Up-to-date: /cc_ws/tros_ws/install/share/face_age_detection/launch/age_gesture_fusion.launch.py
[14.279s] -- Up-to-date: /cc_ws/tros_ws/install/share/face_age_detection/launch/face_age_det_node.launch.py
[14.288s] -- Up-to-date: /cc_ws/tros_ws/install/share/face_age_detection/launch/body_det_face_age_det_fb.launch.py
[14.291s] -- Up-to-date: /cc_ws/tros_ws/install/share/face_age_detection/config/
[14.291s] -- Up-to-date: /cc_ws/tros_ws/install/share/face_age_detection/config//faceAge.hbm
[14.291s] -- Up-to-date: /cc_ws/tros_ws/install/share/ament_index/resource_index/package_run_dependencies/face_age_detection
[14.296s] -- Up-to-date: /cc_ws/tros_ws/install/share/ament_index/resource_index/parent_prefix_path/face_age_detection
[14.297s] -- Up-to-date: /cc_ws/tros_ws/install/share/face_age_detection/environment/ament_prefix_path.sh
[14.313s] -- Installing: /cc_ws/tros_ws/install/share/face_age_detection/environment/ament_prefix_path.dsv
[14.313s] -- Up-to-date: /cc_ws/tros_ws/install/share/face_age_detection/environment/path.sh
[14.313s] -- Installing: /cc_ws/tros_ws/install/share/face_age_detection/environment/path.dsv
[14.314s] -- Up-to-date: /cc_ws/tros_ws/install/share/face_age_detection/local_setup.bash
[14.314s] -- Up-to-date: /cc_ws/tros_ws/install/share/face_age_detection/local_setup.sh
[14.314s] -- Up-to-date: /cc_ws/tros_ws/install/share/face_age_detection/local_setup.zsh
[14.316s] -- Installing: /cc_ws/tros_ws/install/share/face_age_detection/local_setup.dsv
[14.316s] -- Installing: /cc_ws/tros_ws/install/share/face_age_detection/package.dsv
[14.317s] -- Up-to-date: /cc_ws/tros_ws/install/share/ament_index/resource_index/packages/face_age_detection
[14.317s] -- Up-to-date: /cc_ws/tros_ws/install/share/face_age_detection/cmake/face_age_detectionConfig.cmake
[14.317s] -- Up-to-date: /cc_ws/tros_ws/install/share/face_age_detection/cmake/face_age_detectionConfig-version.cmake
[14.317s] -- Up-to-date: /cc_ws/tros_ws/install/share/face_age_detection/package.xml
[14.372s] Invoked command in '/cc_ws/tros_ws/build/face_age_detection' returned '0': AMENT_PREFIX_PATH=/cc_ws/tros_ws/install:${AMENT_PREFIX_PATH} CMAKE_PREFIX_PATH=/cc_ws/tros_ws/install:/opt/ros/humble LD_LIBRARY_PATH=/cc_ws/tros_ws/install/lib:/opt/ros/humble/opt/rviz_ogre_vendor/lib:/opt/ros/humble/lib/aarch64-linux-gnu:/opt/ros/humble/lib:/cc_ws/userdata/hobot/opt/hobot/deps PYTHONPATH=/cc_ws/tros_ws/install/lib/python3.10/site-packages:/cc_ws/tros_ws/install/local/lib/python3.10/dist-packages:${PYTHONPATH} /usr/bin/cmake --install /cc_ws/tros_ws/build/face_age_detection
