[33mCMake Warning (dev) at /opt/ros/humble/share/ament_cmake_test/cmake/ament_cmake_test-extras.cmake:19 (option):
  Policy CMP0077 is not set: option() honors normal variables.  Run "cmake
  --help-policy CMP0077" for policy details.  Use the cmake_policy command to
  set the policy and suppress this warning.

  For compatibility with older versions of CMake, option is clearing the
  normal variable 'BUILD_TESTING'.
Call Stack (most recent call first):
  /opt/ros/humble/share/ament_cmake_test/cmake/ament_cmake_testConfig.cmake:41 (include)
  /opt/ros/humble/share/ament_cmake/cmake/ament_cmake_export_dependencies-extras.cmake:21 (find_package)
  /opt/ros/humble/share/ament_cmake/cmake/ament_cmakeConfig.cmake:41 (include)
  /opt/ros/humble/share/ament_cmake_auto/cmake/ament_cmake_auto-extras.cmake:17 (find_package)
  /opt/ros/humble/share/ament_cmake_auto/cmake/ament_cmake_autoConfig.cmake:41 (include)
  CMakeLists.txt:35 (find_package)
This warning is for project developers.  Use -Wno-dev to suppress it.
[0m
[01m[K/cc_ws/tros_ws/src/box/hobot_sensor/hobot_rtsp_client/src/rtspclient/AudioG711Sink.cpp:[m[K In static member function ‘[01m[Kstatic AudioG711Sink* AudioG711Sink::createNew(UsageEnvironment&, MediaSubsession&, const char*, int, int)[m[K’:
[01m[K/cc_ws/tros_ws/src/box/hobot_sensor/hobot_rtsp_client/src/rtspclient/AudioG711Sink.cpp:44:67:[m[K [01;35m[Kwarning: [m[Kunused parameter ‘[01m[Kbuffer_size[m[K’ [[01;35m[K-Wunused-parameter[m[K]
   44 |                                         char const *streamId, [01;35m[Kint buffer_size[m[K,
      |                                                               [01;35m[K~~~~^~~~~~~~~~~[m[K
[01m[K/cc_ws/tros_ws/src/box/hobot_sensor/hobot_rtsp_client/src/rtspclient/AudioG711Sink.cpp:[m[K In member function ‘[01m[Kvoid AudioG711Sink::afterGettingFrame(unsigned int, unsigned int, timeval, unsigned int)[m[K’:
[01m[K/cc_ws/tros_ws/src/box/hobot_sensor/hobot_rtsp_client/src/rtspclient/AudioG711Sink.cpp:91:48:[m[K [01;35m[Kwarning: [m[Kunused parameter ‘[01m[KframeSize[m[K’ [[01;35m[K-Wunused-parameter[m[K]
   91 | void AudioG711Sink::afterGettingFrame([01;35m[Kunsigned frameSize[m[K,
      |                                       [01;35m[K~~~~~~~~~^~~~~~~~~[m[K
[01m[K/cc_ws/tros_ws/src/box/hobot_sensor/hobot_rtsp_client/src/rtspclient/AudioG711Sink.cpp:92:48:[m[K [01;35m[Kwarning: [m[Kunused parameter ‘[01m[KnumTruncatedBytes[m[K’ [[01;35m[K-Wunused-parameter[m[K]
   92 |                                       [01;35m[Kunsigned numTruncatedBytes[m[K,
      |                                       [01;35m[K~~~~~~~~~^~~~~~~~~~~~~~~~~[m[K
[01m[K/cc_ws/tros_ws/src/box/hobot_sensor/hobot_rtsp_client/src/rtspclient/AudioG711Sink.cpp:93:54:[m[K [01;35m[Kwarning: [m[Kunused parameter ‘[01m[KpresentationTime[m[K’ [[01;35m[K-Wunused-parameter[m[K]
   93 |                                       [01;35m[Kstruct timeval presentationTime[m[K,
      |                                       [01;35m[K~~~~~~~~~~~~~~~^~~~~~~~~~~~~~~~[m[K
In file included from [01m[K/cc_ws/tros_ws/src/box/hobot_sensor/hobot_rtsp_client/include/rtspclient/rtspclient.h:27[m[K,
                 from [01m[K/cc_ws/tros_ws/src/box/hobot_sensor/hobot_rtsp_client/include/hobot_rtsp_client.hpp:38[m[K,
                 from [01m[K/cc_ws/tros_ws/src/box/hobot_sensor/hobot_rtsp_client/include/hobot_rtsp_client_node.hpp:24[m[K,
                 from [01m[K/cc_ws/tros_ws/src/box/hobot_sensor/hobot_rtsp_client/src/hobot_rtsp_client_node.cpp:20[m[K:
[01m[K/cc_ws/tros_ws/src/box/hobot_sensor/hobot_rtsp_client/include/rtspclient/buffmanager.h:[m[K In member function ‘[01m[Kvirtual int rtsp_client::BufferManager::UpdateData(std::shared_ptr<rtsp_client::video_buffer_s>)[m[K’:
[01m[K/cc_ws/tros_ws/src/box/hobot_sensor/hobot_rtsp_client/include/rtspclient/buffmanager.h:71:58:[m[K [01;35m[Kwarning: [m[Kunused parameter ‘[01m[Kframe_ptr[m[K’ [[01;35m[K-Wunused-parameter[m[K]
   71 |   virtual int UpdateData([01;35m[Kstd::shared_ptr<VideoBuffer_ST> frame_ptr[m[K) {
      |                          [01;35m[K~~~~~~~~~~~~~~~~~~~~~~~~~~~~~~~~^~~~~~~~~[m[K
In file included from [01m[K/cc_ws/tros_ws/src/box/hobot_sensor/hobot_rtsp_client/include/rtspclient/rtspclient.h:27[m[K,
                 from [01m[K/cc_ws/tros_ws/src/box/hobot_sensor/hobot_rtsp_client/include/hobot_rtsp_client.hpp:38[m[K,
                 from [01m[K/cc_ws/tros_ws/src/box/hobot_sensor/hobot_rtsp_client/src/hobot_rtsp_client.cpp:40[m[K:
[01m[K/cc_ws/tros_ws/src/box/hobot_sensor/hobot_rtsp_client/include/rtspclient/buffmanager.h:[m[K In member function ‘[01m[Kvirtual int rtsp_client::BufferManager::UpdateData(std::shared_ptr<rtsp_client::video_buffer_s>)[m[K’:
[01m[K/cc_ws/tros_ws/src/box/hobot_sensor/hobot_rtsp_client/include/rtspclient/buffmanager.h:71:58:[m[K [01;35m[Kwarning: [m[Kunused parameter ‘[01m[Kframe_ptr[m[K’ [[01;35m[K-Wunused-parameter[m[K]
   71 |   virtual int UpdateData([01;35m[Kstd::shared_ptr<VideoBuffer_ST> frame_ptr[m[K) {
      |                          [01;35m[K~~~~~~~~~~~~~~~~~~~~~~~~~~~~~~~~^~~~~~~~~[m[K
[01m[K/cc_ws/tros_ws/src/box/hobot_sensor/hobot_rtsp_client/src/hobot_rtsp_client.cpp:[m[K In member function ‘[01m[Kvoid hobot_rtsp_client::RtspClient::connect()[m[K’:
[01m[K/cc_ws/tros_ws/src/box/hobot_sensor/hobot_rtsp_client/src/hobot_rtsp_client.cpp:102:11:[m[K [01;35m[Kwarning: [m[Kunknown escape sequence: '\p'
  102 |   LOGE << [01;35m[K"\n\para_config size : "[m[K << para_config.size();
      |           [01;35m[K^~~~~~~~~~~~~~~~~~~~~~~~[m[K
In file included from [01m[K/cc_ws/tros_ws/src/box/hobot_sensor/hobot_rtsp_client/include/rtspclient/rtspclient.h:27[m[K,
                 from [01m[K/cc_ws/tros_ws/src/box/hobot_sensor/hobot_rtsp_client/include/hobot_rtsp_client.hpp:38[m[K,
                 from [01m[K/cc_ws/tros_ws/src/box/hobot_sensor/hobot_rtsp_client/include/hobot_rtsp_client_node.hpp:24[m[K,
                 from [01m[K/cc_ws/tros_ws/src/box/hobot_sensor/hobot_rtsp_client/src/hobot_rtsp_client_exec.cpp:17[m[K:
[01m[K/cc_ws/tros_ws/src/box/hobot_sensor/hobot_rtsp_client/include/rtspclient/buffmanager.h:[m[K In member function ‘[01m[Kvirtual int rtsp_client::BufferManager::UpdateData(std::shared_ptr<rtsp_client::video_buffer_s>)[m[K’:
[01m[K/cc_ws/tros_ws/src/box/hobot_sensor/hobot_rtsp_client/include/rtspclient/buffmanager.h:71:58:[m[K [01;35m[Kwarning: [m[Kunused parameter ‘[01m[Kframe_ptr[m[K’ [[01;35m[K-Wunused-parameter[m[K]
   71 |   virtual int UpdateData([01;35m[Kstd::shared_ptr<VideoBuffer_ST> frame_ptr[m[K) {
      |                          [01;35m[K~~~~~~~~~~~~~~~~~~~~~~~~~~~~~~~~^~~~~~~~~[m[K
[01m[K/cc_ws/tros_ws/src/box/hobot_sensor/hobot_rtsp_client/src/rtspclient/SPSInfoMgr.cpp:[m[K In member function ‘[01m[Kint vision::SPSInfoMgr::AnalyticsSps_H265(const unsigned char*, int, int&, int&)[m[K’:
[01m[K/cc_ws/tros_ws/src/box/hobot_sensor/hobot_rtsp_client/src/rtspclient/SPSInfoMgr.cpp:68:26:[m[K [01;35m[Kwarning: [m[Kmissing initializer for member ‘[01m[Kvc_params_t::height[m[K’ [[01;35m[K-Wmissing-field-initializers[m[K]
   68 |   vc_params_t params = {0[01;35m[K}[m[K;
      |                          [01;35m[K^[m[K
[01m[K/cc_ws/tros_ws/src/box/hobot_sensor/hobot_rtsp_client/src/rtspclient/SPSInfoMgr.cpp:68:26:[m[K [01;35m[Kwarning: [m[Kmissing initializer for member ‘[01m[Kvc_params_t::profile[m[K’ [[01;35m[K-Wmissing-field-initializers[m[K]
[01m[K/cc_ws/tros_ws/src/box/hobot_sensor/hobot_rtsp_client/src/rtspclient/SPSInfoMgr.cpp:68:26:[m[K [01;35m[Kwarning: [m[Kmissing initializer for member ‘[01m[Kvc_params_t::level[m[K’ [[01;35m[K-Wmissing-field-initializers[m[K]
[01m[K/cc_ws/tros_ws/src/box/hobot_sensor/hobot_rtsp_client/src/rtspclient/SPSInfoMgr.cpp:68:26:[m[K [01;35m[Kwarning: [m[Kmissing initializer for member ‘[01m[Kvc_params_t::nal_length_size[m[K’ [[01;35m[K-Wmissing-field-initializers[m[K]
In file included from [01m[K/cc_ws/tros_ws/src/box/hobot_sensor/hobot_rtsp_client/include/rtspclient/rtspclient.h:27[m[K,
                 from [01m[K/cc_ws/tros_ws/src/box/hobot_sensor/hobot_rtsp_client/src/rtspclient/rtspclient.cpp:14[m[K:
[01m[K/cc_ws/tros_ws/src/box/hobot_sensor/hobot_rtsp_client/include/rtspclient/buffmanager.h:[m[K In member function ‘[01m[Kvirtual int rtsp_client::BufferManager::UpdateData(std::shared_ptr<rtsp_client::video_buffer_s>)[m[K’:
[01m[K/cc_ws/tros_ws/src/box/hobot_sensor/hobot_rtsp_client/include/rtspclient/buffmanager.h:71:58:[m[K [01;35m[Kwarning: [m[Kunused parameter ‘[01m[Kframe_ptr[m[K’ [[01;35m[K-Wunused-parameter[m[K]
   71 |   virtual int UpdateData([01;35m[Kstd::shared_ptr<VideoBuffer_ST> frame_ptr[m[K) {
      |                          [01;35m[K~~~~~~~~~~~~~~~~~~~~~~~~~~~~~~~~^~~~~~~~~[m[K
[01m[K/cc_ws/tros_ws/src/box/hobot_sensor/hobot_rtsp_client/src/rtspclient/rtspclient.cpp:[m[K In function ‘[01m[Kvoid copyUsernameOrPasswordStringFromURL(char*, const char*, unsigned int)[m[K’:
[01m[K/cc_ws/tros_ws/src/box/hobot_sensor/hobot_rtsp_client/src/rtspclient/rtspclient.cpp:149:32:[m[K [01;35m[Kwarning: [m[Kformat ‘[01m[K%hhx[m[K’ expects argument of type ‘[01m[Kunsigned char*[m[K’, but argument 4 has type ‘[01m[Kchar*[m[K’ [[01;35m[K-Wformat=[m[K]
  149 |         sscanf(src + 1, "%n[01;35m[K%2hhx[m[K%n", &nBefore, [32m[Kdest[m[K, &nAfter) == 1) {
      |                            [01;35m[K~~~~^[m[K               [32m[K~~~~[m[K
      |                                [01;35m[K|[m[K               [32m[K|[m[K
      |                                [01;35m[Kunsigned char*[m[K  [32m[Kchar*[m[K
      |                            [32m[K%2hhx[m[K
[01m[K/cc_ws/tros_ws/src/box/hobot_sensor/hobot_rtsp_client/src/rtspclient/rtspclient.cpp:[m[K In function ‘[01m[Kunsigned int getBufferSize_(UsageEnvironment&, int, int)[m[K’:
[01m[K/cc_ws/tros_ws/src/box/hobot_sensor/hobot_rtsp_client/src/rtspclient/rtspclient.cpp:320:50:[m[K [01;35m[Kwarning: [m[Kunused parameter ‘[01m[Kenv[m[K’ [[01;35m[K-Wunused-parameter[m[K]
  320 | static unsigned getBufferSize_([01;35m[KUsageEnvironment &env[m[K, int bufOptName,
      |                                [01;35m[K~~~~~~~~~~~~~~~~~~^~~[m[K
[01m[K/cc_ws/tros_ws/src/box/hobot_sensor/hobot_rtsp_client/src/rtspclient/rtspclient.cpp:[m[K In function ‘[01m[Kvoid shutdownStream(RTSPClient*, int)[m[K’:
[01m[K/cc_ws/tros_ws/src/box/hobot_sensor/hobot_rtsp_client/src/rtspclient/rtspclient.cpp:662:21:[m[K [01;35m[Kwarning: [m[Kunused variable ‘[01m[Kenv[m[K’ [[01;35m[K-Wunused-variable[m[K]
  662 |   UsageEnvironment &[01;35m[Kenv[m[K = rtspClient->envir();  // alias
      |                     [01;35m[K^~~[m[K
[01m[K/cc_ws/tros_ws/src/box/hobot_sensor/hobot_rtsp_client/src/rtspclient/rtspclient.cpp:657:49:[m[K [01;35m[Kwarning: [m[Kunused parameter ‘[01m[KexitCode[m[K’ [[01;35m[K-Wunused-parameter[m[K]
  657 | void shutdownStream(RTSPClient *rtspClient, [01;35m[Kint exitCode[m[K) {
      |                                             [01;35m[K~~~~^~~~~~~~[m[K
In file included from [01m[K/cc_ws/tros_ws/src/box/hobot_sensor/hobot_rtsp_client/include/rtspclient/H265Sink.h:27[m[K,
                 from [01m[K/cc_ws/tros_ws/src/box/hobot_sensor/hobot_rtsp_client/src/rtspclient/H265Sink.cpp:15[m[K:
[01m[K/cc_ws/tros_ws/src/box/hobot_sensor/hobot_rtsp_client/include/rtspclient/buffmanager.h:[m[K In member function ‘[01m[Kvirtual int rtsp_client::BufferManager::UpdateData(std::shared_ptr<rtsp_client::video_buffer_s>)[m[K’:
[01m[K/cc_ws/tros_ws/src/box/hobot_sensor/hobot_rtsp_client/include/rtspclient/buffmanager.h:71:58:[m[K [01;35m[Kwarning: [m[Kunused parameter ‘[01m[Kframe_ptr[m[K’ [[01;35m[K-Wunused-parameter[m[K]
   71 |   virtual int UpdateData([01;35m[Kstd::shared_ptr<VideoBuffer_ST> frame_ptr[m[K) {
      |                          [01;35m[K~~~~~~~~~~~~~~~~~~~~~~~~~~~~~~~~^~~~~~~~~[m[K
[01m[K/cc_ws/tros_ws/src/box/hobot_sensor/hobot_rtsp_client/src/rtspclient/H265Sink.cpp:[m[K In constructor ‘[01m[KH265Sink::H265Sink(UsageEnvironment&, MediaSubsession&, const char*, int, int, std::string, std::string, std::string, std::string)[m[K’:
[01m[K/cc_ws/tros_ws/src/box/hobot_sensor/hobot_rtsp_client/src/rtspclient/H265Sink.cpp:72:7:[m[K [01;35m[Kwarning: [m[Kunused variable ‘[01m[Kret[m[K’ [[01;35m[K-Wunused-variable[m[K]
   72 |   int [01;35m[Kret[m[K = 0;
      |       [01;35m[K^~~[m[K
[01m[K/cc_ws/tros_ws/src/box/hobot_sensor/hobot_rtsp_client/src/rtspclient/H265Sink.cpp:[m[K In member function ‘[01m[Kvoid H265Sink::afterGettingFrame(unsigned int, unsigned int, timeval, unsigned int)[m[K’:
[01m[K/cc_ws/tros_ws/src/box/hobot_sensor/hobot_rtsp_client/src/rtspclient/H265Sink.cpp:194:31:[m[K [01;35m[Kwarning: [m[Kpointer of type ‘[01m[Kvoid *[m[K’ used in arithmetic [[01;35m[K-Wpointer-arith[m[K]
  194 |       memcpy([01;35m[Kframe_ptr_->buff + data_len_[m[K, sps_data_, sps_len_);
      |              [01;35m[K~~~~~~~~~~~~~~~~~^~~~~~~~~~~[m[K
[01m[K/cc_ws/tros_ws/src/box/hobot_sensor/hobot_rtsp_client/src/rtspclient/H265Sink.cpp:196:31:[m[K [01;35m[Kwarning: [m[Kpointer of type ‘[01m[Kvoid *[m[K’ used in arithmetic [[01;35m[K-Wpointer-arith[m[K]
  196 |       memcpy([01;35m[Kframe_ptr_->buff + data_len_[m[K, pps_data_, pps_len_);
      |              [01;35m[K~~~~~~~~~~~~~~~~~^~~~~~~~~~~[m[K
[01m[K/cc_ws/tros_ws/src/box/hobot_sensor/hobot_rtsp_client/src/rtspclient/H265Sink.cpp:199:33:[m[K [01;35m[Kwarning: [m[Kpointer of type ‘[01m[Kvoid *[m[K’ used in arithmetic [[01;35m[K-Wpointer-arith[m[K]
  199 |         memcpy([01;35m[Kframe_ptr_->buff + data_len_[m[K, sei_data_, sei_len_);
      |                [01;35m[K~~~~~~~~~~~~~~~~~^~~~~~~~~~~[m[K
[01m[K/cc_ws/tros_ws/src/box/hobot_sensor/hobot_rtsp_client/src/rtspclient/H265Sink.cpp:202:31:[m[K [01;35m[Kwarning: [m[Kpointer of type ‘[01m[Kvoid *[m[K’ used in arithmetic [[01;35m[K-Wpointer-arith[m[K]
  202 |       memcpy([01;35m[Kframe_ptr_->buff + data_len_[m[K, video_buffer_, frameSize + 4);
      |              [01;35m[K~~~~~~~~~~~~~~~~~^~~~~~~~~~~[m[K
[01m[K/cc_ws/tros_ws/src/box/hobot_sensor/hobot_rtsp_client/src/rtspclient/H265Sink.cpp:241:31:[m[K [01;35m[Kwarning: [m[Kpointer of type ‘[01m[Kvoid *[m[K’ used in arithmetic [[01;35m[K-Wpointer-arith[m[K]
  241 |       memcpy([01;35m[Kframe_ptr_->buff + data_len_[m[K, sps_data_, sps_len_);
      |              [01;35m[K~~~~~~~~~~~~~~~~~^~~~~~~~~~~[m[K
[01m[K/cc_ws/tros_ws/src/box/hobot_sensor/hobot_rtsp_client/src/rtspclient/H265Sink.cpp:243:31:[m[K [01;35m[Kwarning: [m[Kpointer of type ‘[01m[Kvoid *[m[K’ used in arithmetic [[01;35m[K-Wpointer-arith[m[K]
  243 |       memcpy([01;35m[Kframe_ptr_->buff + data_len_[m[K, pps_data_, pps_len_);
      |              [01;35m[K~~~~~~~~~~~~~~~~~^~~~~~~~~~~[m[K
[01m[K/cc_ws/tros_ws/src/box/hobot_sensor/hobot_rtsp_client/src/rtspclient/H265Sink.cpp:246:33:[m[K [01;35m[Kwarning: [m[Kpointer of type ‘[01m[Kvoid *[m[K’ used in arithmetic [[01;35m[K-Wpointer-arith[m[K]
  246 |         memcpy([01;35m[Kframe_ptr_->buff + data_len_[m[K, sei_data_, sei_len_);
      |                [01;35m[K~~~~~~~~~~~~~~~~~^~~~~~~~~~~[m[K
[01m[K/cc_ws/tros_ws/src/box/hobot_sensor/hobot_rtsp_client/src/rtspclient/H265Sink.cpp:249:31:[m[K [01;35m[Kwarning: [m[Kpointer of type ‘[01m[Kvoid *[m[K’ used in arithmetic [[01;35m[K-Wpointer-arith[m[K]
  249 |       memcpy([01;35m[Kframe_ptr_->buff + data_len_[m[K, video_buffer_, frameSize + 4);
      |              [01;35m[K~~~~~~~~~~~~~~~~~^~~~~~~~~~~[m[K
[01m[K/cc_ws/tros_ws/src/box/hobot_sensor/hobot_rtsp_client/src/rtspclient/H265Sink.cpp:142:63:[m[K [01;35m[Kwarning: [m[Kunused parameter ‘[01m[KnumTruncatedBytes[m[K’ [[01;35m[K-Wunused-parameter[m[K]
  142 | void H265Sink::afterGettingFrame(unsigned frameSize, [01;35m[Kunsigned numTruncatedBytes[m[K,
      |                                                      [01;35m[K~~~~~~~~~^~~~~~~~~~~~~~~~~[m[K
In file included from [01m[K/cc_ws/tros_ws/src/box/hobot_sensor/hobot_rtsp_client/include/rtspclient/H264Sink.h:27[m[K,
                 from [01m[K/cc_ws/tros_ws/src/box/hobot_sensor/hobot_rtsp_client/src/rtspclient/H264Sink.cpp:15[m[K:
[01m[K/cc_ws/tros_ws/src/box/hobot_sensor/hobot_rtsp_client/include/rtspclient/buffmanager.h:[m[K In member function ‘[01m[Kvirtual int rtsp_client::BufferManager::UpdateData(std::shared_ptr<rtsp_client::video_buffer_s>)[m[K’:
[01m[K/cc_ws/tros_ws/src/box/hobot_sensor/hobot_rtsp_client/include/rtspclient/buffmanager.h:71:58:[m[K [01;35m[Kwarning: [m[Kunused parameter ‘[01m[Kframe_ptr[m[K’ [[01;35m[K-Wunused-parameter[m[K]
   71 |   virtual int UpdateData([01;35m[Kstd::shared_ptr<VideoBuffer_ST> frame_ptr[m[K) {
      |                          [01;35m[K~~~~~~~~~~~~~~~~~~~~~~~~~~~~~~~~^~~~~~~~~[m[K
[01m[K/cc_ws/tros_ws/src/box/hobot_sensor/hobot_rtsp_client/src/rtspclient/H264Sink.cpp:[m[K In constructor ‘[01m[KH264Sink::H264Sink(UsageEnvironment&, MediaSubsession&, const char*, int, int, std::string)[m[K’:
[01m[K/cc_ws/tros_ws/src/box/hobot_sensor/hobot_rtsp_client/src/rtspclient/H264Sink.cpp:63:7:[m[K [01;35m[Kwarning: [m[Kunused variable ‘[01m[Kret[m[K’ [[01;35m[K-Wunused-variable[m[K]
   63 |   int [01;35m[Kret[m[K = 0;
      |       [01;35m[K^~~[m[K
[01m[K/cc_ws/tros_ws/src/box/hobot_sensor/hobot_rtsp_client/src/rtspclient/H264Sink.cpp:[m[K In member function ‘[01m[Kvoid H264Sink::afterGettingFrame(unsigned int, unsigned int, timeval, unsigned int)[m[K’:
[01m[K/cc_ws/tros_ws/src/box/hobot_sensor/hobot_rtsp_client/src/rtspclient/H264Sink.cpp:169:31:[m[K [01;35m[Kwarning: [m[Kpointer of type ‘[01m[Kvoid *[m[K’ used in arithmetic [[01;35m[K-Wpointer-arith[m[K]
  169 |       memcpy([01;35m[Kframe_ptr_->buff + data_len_[m[K, pps_data_, pps_len_);
      |              [01;35m[K~~~~~~~~~~~~~~~~~^~~~~~~~~~~[m[K
[01m[K/cc_ws/tros_ws/src/box/hobot_sensor/hobot_rtsp_client/src/rtspclient/H264Sink.cpp:171:31:[m[K [01;35m[Kwarning: [m[Kpointer of type ‘[01m[Kvoid *[m[K’ used in arithmetic [[01;35m[K-Wpointer-arith[m[K]
  171 |       memcpy([01;35m[Kframe_ptr_->buff + data_len_[m[K, video_buffer_, frameSize + 4);
      |              [01;35m[K~~~~~~~~~~~~~~~~~^~~~~~~~~~~[m[K
[01m[K/cc_ws/tros_ws/src/box/hobot_sensor/hobot_rtsp_client/src/rtspclient/H264Sink.cpp:208:31:[m[K [01;35m[Kwarning: [m[Kpointer of type ‘[01m[Kvoid *[m[K’ used in arithmetic [[01;35m[K-Wpointer-arith[m[K]
  208 |       memcpy([01;35m[Kframe_ptr_->buff + data_len_[m[K, pps_data_, pps_len_);
      |              [01;35m[K~~~~~~~~~~~~~~~~~^~~~~~~~~~~[m[K
[01m[K/cc_ws/tros_ws/src/box/hobot_sensor/hobot_rtsp_client/src/rtspclient/H264Sink.cpp:210:31:[m[K [01;35m[Kwarning: [m[Kpointer of type ‘[01m[Kvoid *[m[K’ used in arithmetic [[01;35m[K-Wpointer-arith[m[K]
  210 |       memcpy([01;35m[Kframe_ptr_->buff + data_len_[m[K, video_buffer_, frameSize + 4);
      |              [01;35m[K~~~~~~~~~~~~~~~~~^~~~~~~~~~~[m[K
[01m[K/cc_ws/tros_ws/src/box/hobot_sensor/hobot_rtsp_client/src/rtspclient/H264Sink.cpp:120:63:[m[K [01;35m[Kwarning: [m[Kunused parameter ‘[01m[KnumTruncatedBytes[m[K’ [[01;35m[K-Wunused-parameter[m[K]
  120 | void H264Sink::afterGettingFrame(unsigned frameSize, [01;35m[Kunsigned numTruncatedBytes[m[K,
      |                                                      [01;35m[K~~~~~~~~~^~~~~~~~~~~~~~~~~[m[K
