Not searching for unused variables given on the command line.
-- The C compiler identification is GNU 11.4.0
-- The CXX compiler identification is GNU 11.4.0
-- Detecting C compiler ABI info
-- Detecting C compiler ABI info - done
-- Check for working C compiler: /usr/bin/aarch64-linux-gnu-gcc - skipped
-- Detecting C compile features
-- Detecting C compile features - done
-- Detecting CXX compiler ABI info
-- Detecting CXX compiler ABI info - done
-- Check for working CXX compiler: /usr/bin/aarch64-linux-gnu-g++ - skipped
-- Detecting CXX compile features
-- Detecting CXX compile features - done
-- Found ament_cmake_auto: 1.3.8 (/opt/ros/humble/share/ament_cmake_auto/cmake)
-- Found Python3: /usr/bin/python3 (found version "3.10.12") found components: Interpreter 
-- Found rosidl_generator_c: 3.1.5 (/opt/ros/humble/share/rosidl_generator_c/cmake)
-- Found rosidl_adapter: 3.1.5 (/opt/ros/humble/share/rosidl_adapter/cmake)
-- Found rosidl_generator_cpp: 3.1.5 (/opt/ros/humble/share/rosidl_generator_cpp/cmake)
-- Using all available rosidl_typesupport_c: rosidl_typesupport_fastrtps_c;rosidl_typesupport_introspection_c
-- Using all available rosidl_typesupport_cpp: rosidl_typesupport_fastrtps_cpp;rosidl_typesupport_introspection_cpp
-- Found rmw_implementation_cmake: 6.1.1 (/opt/ros/humble/share/rmw_implementation_cmake/cmake)
-- Found rmw_fastrtps_cpp: 6.2.6 (/opt/ros/humble/share/rmw_fastrtps_cpp/cmake)
-- Found OpenSSL: /cc_ws/tros_ws/robot_dev_config/../../sysroot_docker/usr/lib/aarch64-linux-gnu/libcrypto.so (found version "3.0.2")  
-- Found FastRTPS: /opt/ros/humble/include  
-- Using RMW implementation 'rmw_fastrtps_cpp' as default
-- Looking for pthread.h
-- Looking for pthread.h - found
-- Performing Test CMAKE_HAVE_LIBC_PTHREAD
-- Performing Test CMAKE_HAVE_LIBC_PTHREAD - Success
-- Found Threads: TRUE  
-- Configuring done
-- Generating done
-- Build files have been written to: /cc_ws/tros_ws/build/hobot_rtsp_client
[  7%] [32mBuilding CXX object CMakeFiles/hobot_rtsp_client_component.dir/src/rtspclient/AudioG711Sink.cpp.o[0m
[ 14%] [32mBuilding CXX object CMakeFiles/hobot_rtsp_client_component.dir/src/hobot_rtsp_client_node.cpp.o[0m
[ 21%] [32mBuilding CXX object CMakeFiles/hobot_rtsp_client_component.dir/src/hobot_rtsp_client.cpp.o[0m
[ 28%] [32mBuilding CXX object CMakeFiles/hobot_rtsp_client_component.dir/src/hobot_rtsp_client_exec.cpp.o[0m
[ 35%] [32mBuilding CXX object CMakeFiles/hobot_rtsp_client_component.dir/src/rtspclient/SPSInfoMgr.cpp.o[0m
[ 42%] [32mBuilding C object CMakeFiles/hobot_rtsp_client_component.dir/src/rtspclient/sps_pps.c.o[0m
[ 50%] [32mBuilding CXX object CMakeFiles/hobot_rtsp_client_component.dir/src/rtspclient/rtspclient.cpp.o[0m
[ 57%] [32mBuilding CXX object CMakeFiles/hobot_rtsp_client_component.dir/src/rtspclient/hevc_sps.cpp.o[0m
[ 64%] [32mBuilding CXX object CMakeFiles/hobot_rtsp_client_component.dir/src/rtspclient/H265Sink.cpp.o[0m
[ 71%] [32mBuilding CXX object CMakeFiles/hobot_rtsp_client_component.dir/src/rtspclient/H264Sink.cpp.o[0m
[ 78%] [32mBuilding CXX object CMakeFiles/hobot_rtsp_client_component.dir/src/rtspclient/Base64.cpp.o[0m
[ 85%] [32m[1mLinking CXX shared library libhobot_rtsp_client_component.so[0m
[ 85%] Built target hobot_rtsp_client_component
[ 92%] [32mBuilding CXX object CMakeFiles/hobot_rtsp_client.dir/rclcpp_components/node_main_hobot_rtsp_client.cpp.o[0m
[100%] [32m[1mLinking CXX executable hobot_rtsp_client[0m
[100%] Built target hobot_rtsp_client
-- Install configuration: "RelWithDebInfo"
-- Installing: /cc_ws/tros_ws/install/lib/hobot_rtsp_client/hobot_rtsp_client
-- Set runtime path of "/cc_ws/tros_ws/install/lib/hobot_rtsp_client/hobot_rtsp_client" to ""
-- Up-to-date: /cc_ws/tros_ws/install/lib/
-- Installing: /cc_ws/tros_ws/install/lib//libUsageEnvironment.so
-- Installing: /cc_ws/tros_ws/install/lib//libgroupsock.so
-- Installing: /cc_ws/tros_ws/install/lib//libBasicUsageEnvironment.so
-- Installing: /cc_ws/tros_ws/install/lib//libliveMedia.so
-- Up-to-date: /cc_ws/tros_ws/install/lib/hobot_rtsp_client/hobot_rtsp_client
-- Installing: /cc_ws/tros_ws/install/lib/libhobot_rtsp_client_component.so
-- Set runtime path of "/cc_ws/tros_ws/install/lib/libhobot_rtsp_client_component.so" to ""
-- Installing: /cc_ws/tros_ws/install/share/hobot_rtsp_client//launch
-- Installing: /cc_ws/tros_ws/install/share/hobot_rtsp_client//launch/hobot_rtsp_client_ai_websocket.launch.py
-- Installing: /cc_ws/tros_ws/install/share/hobot_rtsp_client//launch/hobot_rtsp_client_ai_websocket_plugin.launch.py
-- Installing: /cc_ws/tros_ws/install/share/hobot_rtsp_client//launch/hobot_rtsp_client.launch.py
-- Installing: /cc_ws/tros_ws/install/share/hobot_rtsp_client//launch/hobot_rtsp_client_websocket.launch.py
-- Installing: /cc_ws/tros_ws/install/share/hobot_rtsp_client//launch/hobot_rtsp_client_ai.launch.py
-- Installing: /cc_ws/tros_ws/install/share/hobot_rtsp_client//launch/hobot_rtsp_client_ai_plugin.launch.py
-- Installing: /cc_ws/tros_ws/install/share/ament_index/resource_index/package_run_dependencies/hobot_rtsp_client
-- Installing: /cc_ws/tros_ws/install/share/ament_index/resource_index/parent_prefix_path/hobot_rtsp_client
-- Installing: /cc_ws/tros_ws/install/share/hobot_rtsp_client/environment/ament_prefix_path.sh
-- Installing: /cc_ws/tros_ws/install/share/hobot_rtsp_client/environment/ament_prefix_path.dsv
-- Installing: /cc_ws/tros_ws/install/share/hobot_rtsp_client/environment/path.sh
-- Installing: /cc_ws/tros_ws/install/share/hobot_rtsp_client/environment/path.dsv
-- Installing: /cc_ws/tros_ws/install/share/hobot_rtsp_client/local_setup.bash
-- Installing: /cc_ws/tros_ws/install/share/hobot_rtsp_client/local_setup.sh
-- Installing: /cc_ws/tros_ws/install/share/hobot_rtsp_client/local_setup.zsh
-- Installing: /cc_ws/tros_ws/install/share/hobot_rtsp_client/local_setup.dsv
-- Installing: /cc_ws/tros_ws/install/share/hobot_rtsp_client/package.dsv
-- Installing: /cc_ws/tros_ws/install/share/ament_index/resource_index/packages/hobot_rtsp_client
-- Installing: /cc_ws/tros_ws/install/share/ament_index/resource_index/rclcpp_components/hobot_rtsp_client
-- Installing: /cc_ws/tros_ws/install/share/hobot_rtsp_client/cmake/hobot_rtsp_clientConfig.cmake
-- Installing: /cc_ws/tros_ws/install/share/hobot_rtsp_client/cmake/hobot_rtsp_clientConfig-version.cmake
-- Installing: /cc_ws/tros_ws/install/share/hobot_rtsp_client/package.xml
