[0.070s] Invoking command in '/cc_ws/tros_ws/build/clip_encode_image': AMENT_PREFIX_PATH=/cc_ws/tros_ws/install:${AMENT_PREFIX_PATH} CMAKE_PREFIX_PATH=/cc_ws/tros_ws/install:/opt/ros/humble LD_LIBRARY_PATH=/cc_ws/tros_ws/install/lib:/opt/ros/humble/opt/rviz_ogre_vendor/lib:/opt/ros/humble/lib/aarch64-linux-gnu:/opt/ros/humble/lib:/cc_ws/userdata/hobot/opt/hobot/deps PYTHONPATH=/cc_ws/tros_ws/install/lib/python3.10/site-packages:/cc_ws/tros_ws/install/local/lib/python3.10/dist-packages:${PYTHONPATH} /usr/bin/cmake /cc_ws/tros_ws/src/box/hobot_clip/clip_encode_image -DCMAKE_EXPORT_COMPILE_COMMANDS=ON --no-warn-unused-cli -DCMAKE_TOOLCHAIN_FILE=/cc_ws/tros_ws/robot_dev_config/aarch64_toolchainfile.cmake -DPLATFORM_X5=ON -DTHIRDPARTY=ON -DBUILD_TESTING=OFF -DCMAKE_BUILD_RPATH=/cc_ws/tros_ws/build/poco_vendor/poco_external_project_install/lib/;/cc_ws/tros_ws/build/libyaml_vendor/libyaml_install/lib/ -DCMAKE_INSTALL_PREFIX=/cc_ws/tros_ws/install
[0.220s] Not searching for unused variables given on the command line.
[0.220s] -- Found ament_cmake: 1.3.8 (/opt/ros/humble/share/ament_cmake/cmake)
[0.410s] [33mCMake Warning (dev) at /opt/ros/humble/share/ament_cmake_test/cmake/ament_cmake_test-extras.cmake:19 (option):
[0.411s]   Policy CMP0077 is not set: option() honors normal variables.  Run "cmake
[0.411s]   --help-policy CMP0077" for policy details.  Use the cmake_policy command to
[0.411s]   set the policy and suppress this warning.
[0.411s] 
[0.412s]   For compatibility with older versions of CMake, option is clearing the
[0.412s]   normal variable 'BUILD_TESTING'.
[0.412s] Call Stack (most recent call first):
[0.412s]   /opt/ros/humble/share/ament_cmake_test/cmake/ament_cmake_testConfig.cmake:41 (include)
[0.412s]   /opt/ros/humble/share/ament_cmake/cmake/ament_cmake_export_dependencies-extras.cmake:21 (find_package)
[0.412s]   /opt/ros/humble/share/ament_cmake/cmake/ament_cmakeConfig.cmake:41 (include)
[0.412s]   CMakeLists.txt:35 (find_package)
[0.412s] This warning is for project developers.  Use -Wno-dev to suppress it.
[0.412s] [0m
[0.417s] -- Found ai_msgs: 2.0.1 (/cc_ws/tros_ws/robot_dev_config/../install/share/ai_msgs/cmake)
[0.477s] -- Found rosidl_generator_c: 3.1.5 (/opt/ros/humble/share/rosidl_generator_c/cmake)
[0.485s] -- Found rosidl_adapter: 3.1.5 (/opt/ros/humble/share/rosidl_adapter/cmake)
[0.515s] -- Found rosidl_generator_cpp: 3.1.5 (/opt/ros/humble/share/rosidl_generator_cpp/cmake)
[0.565s] -- Using all available rosidl_typesupport_c: rosidl_typesupport_fastrtps_c;rosidl_typesupport_introspection_c
[0.626s] -- Using all available rosidl_typesupport_cpp: rosidl_typesupport_fastrtps_cpp;rosidl_typesupport_introspection_cpp
[1.556s] -- Found clip_msgs: 0.3.0 (/cc_ws/tros_ws/robot_dev_config/../install/share/clip_msgs/cmake)
[1.888s] -- Found dnn_node: 2.5.4 (/cc_ws/tros_ws/robot_dev_config/../install/share/dnn_node/cmake)
[1.889s] -- Found hbm_img_msgs: 2.0.0 (/cc_ws/tros_ws/robot_dev_config/../install/share/hbm_img_msgs/cmake)
[1.947s] -- Found rclcpp: 16.0.8 (/opt/ros/humble/share/rclcpp/cmake)
[2.077s] -- Found rmw_implementation_cmake: 6.1.1 (/opt/ros/humble/share/rmw_implementation_cmake/cmake)
[2.088s] -- Found rmw_fastrtps_cpp: 6.2.6 (/opt/ros/humble/share/rmw_fastrtps_cpp/cmake)
[2.328s] -- Using RMW implementation 'rmw_fastrtps_cpp' as default
[2.686s] -- Found rclcpp_action: 16.0.8 (/opt/ros/humble/share/rclcpp_action/cmake)
[2.763s] [0mbuild platform X5[0m
[2.763s] [0mCMAKE_SYSROOT is /cc_ws/tros_ws/robot_dev_config/../../sysroot_docker[0m
[3.089s] -- Configuring done
[3.128s] -- Generating done
[3.134s] -- Build files have been written to: /cc_ws/tros_ws/build/clip_encode_image
[3.154s] Invoked command in '/cc_ws/tros_ws/build/clip_encode_image' returned '0': AMENT_PREFIX_PATH=/cc_ws/tros_ws/install:${AMENT_PREFIX_PATH} CMAKE_PREFIX_PATH=/cc_ws/tros_ws/install:/opt/ros/humble LD_LIBRARY_PATH=/cc_ws/tros_ws/install/lib:/opt/ros/humble/opt/rviz_ogre_vendor/lib:/opt/ros/humble/lib/aarch64-linux-gnu:/opt/ros/humble/lib:/cc_ws/userdata/hobot/opt/hobot/deps PYTHONPATH=/cc_ws/tros_ws/install/lib/python3.10/site-packages:/cc_ws/tros_ws/install/local/lib/python3.10/dist-packages:${PYTHONPATH} /usr/bin/cmake /cc_ws/tros_ws/src/box/hobot_clip/clip_encode_image -DCMAKE_EXPORT_COMPILE_COMMANDS=ON --no-warn-unused-cli -DCMAKE_TOOLCHAIN_FILE=/cc_ws/tros_ws/robot_dev_config/aarch64_toolchainfile.cmake -DPLATFORM_X5=ON -DTHIRDPARTY=ON -DBUILD_TESTING=OFF -DCMAKE_BUILD_RPATH=/cc_ws/tros_ws/build/poco_vendor/poco_external_project_install/lib/;/cc_ws/tros_ws/build/libyaml_vendor/libyaml_install/lib/ -DCMAKE_INSTALL_PREFIX=/cc_ws/tros_ws/install
[3.154s] Invoking command in '/cc_ws/tros_ws/build/clip_encode_image': AMENT_PREFIX_PATH=/cc_ws/tros_ws/install:${AMENT_PREFIX_PATH} CMAKE_PREFIX_PATH=/cc_ws/tros_ws/install:/opt/ros/humble LD_LIBRARY_PATH=/cc_ws/tros_ws/install/lib:/opt/ros/humble/opt/rviz_ogre_vendor/lib:/opt/ros/humble/lib/aarch64-linux-gnu:/opt/ros/humble/lib:/cc_ws/userdata/hobot/opt/hobot/deps PYTHONPATH=/cc_ws/tros_ws/install/lib/python3.10/site-packages:/cc_ws/tros_ws/install/local/lib/python3.10/dist-packages:${PYTHONPATH} /usr/bin/cmake --build /cc_ws/tros_ws/build/clip_encode_image -- -j12 -l12
[4.452s] [35m[1mConsolidate compiler generated dependencies of target clip_encode_image[0m
[4.452s] [ 25%] [32m[1mLinking CXX executable clip_encode_image[0m
[8.724s] [100%] Built target clip_encode_image
[8.844s] Invoked command in '/cc_ws/tros_ws/build/clip_encode_image' returned '0': AMENT_PREFIX_PATH=/cc_ws/tros_ws/install:${AMENT_PREFIX_PATH} CMAKE_PREFIX_PATH=/cc_ws/tros_ws/install:/opt/ros/humble LD_LIBRARY_PATH=/cc_ws/tros_ws/install/lib:/opt/ros/humble/opt/rviz_ogre_vendor/lib:/opt/ros/humble/lib/aarch64-linux-gnu:/opt/ros/humble/lib:/cc_ws/userdata/hobot/opt/hobot/deps PYTHONPATH=/cc_ws/tros_ws/install/lib/python3.10/site-packages:/cc_ws/tros_ws/install/local/lib/python3.10/dist-packages:${PYTHONPATH} /usr/bin/cmake --build /cc_ws/tros_ws/build/clip_encode_image -- -j12 -l12
[9.470s] Invoking command in '/cc_ws/tros_ws/build/clip_encode_image': AMENT_PREFIX_PATH=/cc_ws/tros_ws/install:${AMENT_PREFIX_PATH} CMAKE_PREFIX_PATH=/cc_ws/tros_ws/install:/opt/ros/humble LD_LIBRARY_PATH=/cc_ws/tros_ws/install/lib:/opt/ros/humble/opt/rviz_ogre_vendor/lib:/opt/ros/humble/lib/aarch64-linux-gnu:/opt/ros/humble/lib:/cc_ws/userdata/hobot/opt/hobot/deps PYTHONPATH=/cc_ws/tros_ws/install/lib/python3.10/site-packages:/cc_ws/tros_ws/install/local/lib/python3.10/dist-packages:${PYTHONPATH} /usr/bin/cmake --install /cc_ws/tros_ws/build/clip_encode_image
[10.147s] -- Install configuration: "RelWithDebInfo"
[10.148s] -- Installing: /cc_ws/tros_ws/install/lib/clip_encode_image/clip_encode_image
[10.148s] -- Set runtime path of "/cc_ws/tros_ws/install/lib/clip_encode_image/clip_encode_image" to ""
[10.148s] -- Up-to-date: /cc_ws/tros_ws/install/lib/clip_encode_image/config/
[10.148s] -- Up-to-date: /cc_ws/tros_ws/install/lib/clip_encode_image/config//full_model_11.bin
[10.149s] -- Up-to-date: /cc_ws/tros_ws/install/lib/clip_encode_image/config/CLIP.png
[10.149s] -- Up-to-date: /cc_ws/tros_ws/install/share/ament_index/resource_index/package_run_dependencies/clip_encode_image
[10.149s] -- Up-to-date: /cc_ws/tros_ws/install/share/ament_index/resource_index/parent_prefix_path/clip_encode_image
[10.149s] -- Up-to-date: /cc_ws/tros_ws/install/share/clip_encode_image/environment/ament_prefix_path.sh
[10.150s] -- Installing: /cc_ws/tros_ws/install/share/clip_encode_image/environment/ament_prefix_path.dsv
[10.150s] -- Up-to-date: /cc_ws/tros_ws/install/share/clip_encode_image/environment/path.sh
[10.150s] -- Installing: /cc_ws/tros_ws/install/share/clip_encode_image/environment/path.dsv
[10.151s] -- Up-to-date: /cc_ws/tros_ws/install/share/clip_encode_image/local_setup.bash
[10.151s] -- Up-to-date: /cc_ws/tros_ws/install/share/clip_encode_image/local_setup.sh
[10.152s] -- Up-to-date: /cc_ws/tros_ws/install/share/clip_encode_image/local_setup.zsh
[10.152s] -- Installing: /cc_ws/tros_ws/install/share/clip_encode_image/local_setup.dsv
[10.152s] -- Installing: /cc_ws/tros_ws/install/share/clip_encode_image/package.dsv
[10.152s] -- Up-to-date: /cc_ws/tros_ws/install/share/ament_index/resource_index/packages/clip_encode_image
[10.153s] -- Up-to-date: /cc_ws/tros_ws/install/share/clip_encode_image/cmake/clip_encode_imageConfig.cmake
[10.153s] -- Up-to-date: /cc_ws/tros_ws/install/share/clip_encode_image/cmake/clip_encode_imageConfig-version.cmake
[10.153s] -- Up-to-date: /cc_ws/tros_ws/install/share/clip_encode_image/package.xml
[10.209s] Invoked command in '/cc_ws/tros_ws/build/clip_encode_image' returned '0': AMENT_PREFIX_PATH=/cc_ws/tros_ws/install:${AMENT_PREFIX_PATH} CMAKE_PREFIX_PATH=/cc_ws/tros_ws/install:/opt/ros/humble LD_LIBRARY_PATH=/cc_ws/tros_ws/install/lib:/opt/ros/humble/opt/rviz_ogre_vendor/lib:/opt/ros/humble/lib/aarch64-linux-gnu:/opt/ros/humble/lib:/cc_ws/userdata/hobot/opt/hobot/deps PYTHONPATH=/cc_ws/tros_ws/install/lib/python3.10/site-packages:/cc_ws/tros_ws/install/local/lib/python3.10/dist-packages:${PYTHONPATH} /usr/bin/cmake --install /cc_ws/tros_ws/build/clip_encode_image
