[0.078s] Invoking command in '/cc_ws/tros_ws/build/hobot_stereonet_utils': CMAKE_PREFIX_PATH=/opt/ros/humble /usr/bin/cmake /cc_ws/tros_ws/src/box/hobot_perception/hobot_stereonet_utils -DCMAKE_EXPORT_COMPILE_COMMANDS=ON --no-warn-unused-cli -DCMAKE_TOOLCHAIN_FILE=/cc_ws/tros_ws/robot_dev_config/aarch64_toolchainfile.cmake -DPLATFORM_X5=ON -DTHIRDPARTY=ON -DBUILD_TESTING=OFF -DCMAKE_BUILD_RPATH=/cc_ws/tros_ws/build/poco_vendor/poco_external_project_install/lib/;/cc_ws/tros_ws/build/libyaml_vendor/libyaml_install/lib/ -DCMAKE_INSTALL_PREFIX=/cc_ws/tros_ws/install
[0.532s] Not searching for unused variables given on the command line.
[0.532s] -- Found ament_cmake: 1.3.8 (/opt/ros/humble/share/ament_cmake/cmake)
[0.550s] [33mCMake Warning (dev) at /opt/ros/humble/share/ament_cmake_test/cmake/ament_cmake_test-extras.cmake:19 (option):
[0.551s]   Policy CMP0077 is not set: option() honors normal variables.  Run "cmake
[0.551s]   --help-policy CMP0077" for policy details.  Use the cmake_policy command to
[0.551s]   set the policy and suppress this warning.
[0.551s] 
[0.551s]   For compatibility with older versions of CMake, option is clearing the
[0.553s]   normal variable 'BUILD_TESTING'.
[0.553s] Call Stack (most recent call first):
[0.553s]   /opt/ros/humble/share/ament_cmake_test/cmake/ament_cmake_testConfig.cmake:41 (include)
[0.554s]   /opt/ros/humble/share/ament_cmake/cmake/ament_cmake_export_dependencies-extras.cmake:21 (find_package)
[0.554s]   /opt/ros/humble/share/ament_cmake/cmake/ament_cmakeConfig.cmake:41 (include)
[0.554s]   CMakeLists.txt:23 (find_package)
[0.554s] This warning is for project developers.  Use -Wno-dev to suppress it.
[0.554s] [0m
[0.557s] -- Found rclcpp: 16.0.8 (/opt/ros/humble/share/rclcpp/cmake)
[0.675s] -- Found rosidl_generator_c: 3.1.5 (/opt/ros/humble/share/rosidl_generator_c/cmake)
[0.688s] -- Found rosidl_adapter: 3.1.5 (/opt/ros/humble/share/rosidl_adapter/cmake)
[0.771s] -- Found rosidl_generator_cpp: 3.1.5 (/opt/ros/humble/share/rosidl_generator_cpp/cmake)
[0.773s] -- Using all available rosidl_typesupport_c: rosidl_typesupport_fastrtps_c;rosidl_typesupport_introspection_c
[0.846s] -- Using all available rosidl_typesupport_cpp: rosidl_typesupport_fastrtps_cpp;rosidl_typesupport_introspection_cpp
[1.271s] -- Found rmw_implementation_cmake: 6.1.1 (/opt/ros/humble/share/rmw_implementation_cmake/cmake)
[1.276s] -- Found rmw_fastrtps_cpp: 6.2.6 (/opt/ros/humble/share/rmw_fastrtps_cpp/cmake)
[1.660s] -- Using RMW implementation 'rmw_fastrtps_cpp' as default
[2.384s] -- Found sensor_msgs: 4.2.3 (/opt/ros/humble/share/sensor_msgs/cmake)
[3.083s] -- Found cv_bridge: 3.2.1 (/opt/ros/humble/share/cv_bridge/cmake)
[3.560s] -- Configuring done
[3.659s] -- Generating done
[3.666s] -- Build files have been written to: /cc_ws/tros_ws/build/hobot_stereonet_utils
[3.718s] Invoked command in '/cc_ws/tros_ws/build/hobot_stereonet_utils' returned '0': CMAKE_PREFIX_PATH=/opt/ros/humble /usr/bin/cmake /cc_ws/tros_ws/src/box/hobot_perception/hobot_stereonet_utils -DCMAKE_EXPORT_COMPILE_COMMANDS=ON --no-warn-unused-cli -DCMAKE_TOOLCHAIN_FILE=/cc_ws/tros_ws/robot_dev_config/aarch64_toolchainfile.cmake -DPLATFORM_X5=ON -DTHIRDPARTY=ON -DBUILD_TESTING=OFF -DCMAKE_BUILD_RPATH=/cc_ws/tros_ws/build/poco_vendor/poco_external_project_install/lib/;/cc_ws/tros_ws/build/libyaml_vendor/libyaml_install/lib/ -DCMAKE_INSTALL_PREFIX=/cc_ws/tros_ws/install
[3.719s] Invoking command in '/cc_ws/tros_ws/build/hobot_stereonet_utils': CMAKE_PREFIX_PATH=/opt/ros/humble /usr/bin/cmake --build /cc_ws/tros_ws/build/hobot_stereonet_utils -- -j12 -l12
[4.437s] [35m[1mConsolidate compiler generated dependencies of target save_stereo_img[0m
[4.437s] [35m[1mConsolidate compiler generated dependencies of target save_depth_img[0m
[4.437s] [35m[1mConsolidate compiler generated dependencies of target pub_rectify_img[0m
[4.437s] [ 33%] Built target save_stereo_img
[4.438s] [ 66%] Built target save_depth_img
[4.438s] [100%] Built target pub_rectify_img
[4.511s] Invoked command in '/cc_ws/tros_ws/build/hobot_stereonet_utils' returned '0': CMAKE_PREFIX_PATH=/opt/ros/humble /usr/bin/cmake --build /cc_ws/tros_ws/build/hobot_stereonet_utils -- -j12 -l12
[4.610s] Invoking command in '/cc_ws/tros_ws/build/hobot_stereonet_utils': CMAKE_PREFIX_PATH=/opt/ros/humble /usr/bin/cmake --install /cc_ws/tros_ws/build/hobot_stereonet_utils
[4.646s] -- Install configuration: ""
[4.647s] -- Up-to-date: /cc_ws/tros_ws/install/lib/hobot_stereonet_utils/save_stereo_img
[4.648s] -- Up-to-date: /cc_ws/tros_ws/install/lib/hobot_stereonet_utils/save_depth_img
[4.653s] -- Up-to-date: /cc_ws/tros_ws/install/lib/hobot_stereonet_utils/pub_rectify_img
[4.653s] -- Up-to-date: /cc_ws/tros_ws/install/share/hobot_stereonet_utils/launch
[4.654s] -- Up-to-date: /cc_ws/tros_ws/install/share/hobot_stereonet_utils/launch/test_rectify_mipi_cam.launch.py
[4.654s] -- Up-to-date: /cc_ws/tros_ws/install/share/hobot_stereonet_utils/launch/test_mipi_cam.launch.py
[4.654s] -- Up-to-date: /cc_ws/tros_ws/install/share/hobot_stereonet_utils/launch/test_rectify_mipi_cam_1280_960.launch.py
[4.655s] -- Up-to-date: /cc_ws/tros_ws/install/share/hobot_stereonet_utils/config
[4.655s] -- Up-to-date: /cc_ws/tros_ws/install/share/hobot_stereonet_utils/config/stereo_8_1_zzk.yaml
[4.656s] -- Up-to-date: /cc_ws/tros_ws/install/share/ament_index/resource_index/package_run_dependencies/hobot_stereonet_utils
[4.656s] -- Up-to-date: /cc_ws/tros_ws/install/share/ament_index/resource_index/parent_prefix_path/hobot_stereonet_utils
[4.657s] -- Up-to-date: /cc_ws/tros_ws/install/share/hobot_stereonet_utils/environment/ament_prefix_path.sh
[4.657s] -- Installing: /cc_ws/tros_ws/install/share/hobot_stereonet_utils/environment/ament_prefix_path.dsv
[4.657s] -- Up-to-date: /cc_ws/tros_ws/install/share/hobot_stereonet_utils/environment/path.sh
[4.657s] -- Installing: /cc_ws/tros_ws/install/share/hobot_stereonet_utils/environment/path.dsv
[4.657s] -- Up-to-date: /cc_ws/tros_ws/install/share/hobot_stereonet_utils/local_setup.bash
[4.658s] -- Up-to-date: /cc_ws/tros_ws/install/share/hobot_stereonet_utils/local_setup.sh
[4.658s] -- Up-to-date: /cc_ws/tros_ws/install/share/hobot_stereonet_utils/local_setup.zsh
[4.658s] -- Installing: /cc_ws/tros_ws/install/share/hobot_stereonet_utils/local_setup.dsv
[4.658s] -- Installing: /cc_ws/tros_ws/install/share/hobot_stereonet_utils/package.dsv
[4.658s] -- Up-to-date: /cc_ws/tros_ws/install/share/ament_index/resource_index/packages/hobot_stereonet_utils
[4.665s] -- Up-to-date: /cc_ws/tros_ws/install/share/hobot_stereonet_utils/cmake/hobot_stereonet_utilsConfig.cmake
[4.666s] -- Up-to-date: /cc_ws/tros_ws/install/share/hobot_stereonet_utils/cmake/hobot_stereonet_utilsConfig-version.cmake
[4.666s] -- Up-to-date: /cc_ws/tros_ws/install/share/hobot_stereonet_utils/package.xml
[4.667s] Invoked command in '/cc_ws/tros_ws/build/hobot_stereonet_utils' returned '0': CMAKE_PREFIX_PATH=/opt/ros/humble /usr/bin/cmake --install /cc_ws/tros_ws/build/hobot_stereonet_utils
