[0.037s] Invoking command in '/cc_ws/tros_ws/build/recorder_node': CMAKE_PREFIX_PATH=/opt/ros/humble /usr/bin/cmake /cc_ws/tros_ws/src/box/hobot_trigger/recorder_node -DCMAKE_EXPORT_COMPILE_COMMANDS=ON --no-warn-unused-cli -DCMAKE_TOOLCHAIN_FILE=/cc_ws/tros_ws/robot_dev_config/aarch64_toolchainfile.cmake -DPLATFORM_X5=ON -DTHIRDPARTY=ON -DBUILD_TESTING=OFF -DCMAKE_BUILD_RPATH=/cc_ws/tros_ws/build/poco_vendor/poco_external_project_install/lib/;/cc_ws/tros_ws/build/libyaml_vendor/libyaml_install/lib/ -DCMAKE_INSTALL_PREFIX=/cc_ws/tros_ws/install
[1.093s] Not searching for unused variables given on the command line.
[1.093s] -- The C compiler identification is GNU 11.4.0
[1.093s] -- The CXX compiler identification is GNU 11.4.0
[1.093s] -- Detecting C compiler ABI info
[1.093s] -- Detecting C compiler ABI info - done
[1.093s] -- Check for working C compiler: /usr/bin/aarch64-linux-gnu-gcc - skipped
[1.094s] -- Detecting C compile features
[1.094s] -- Detecting C compile features - done
[1.094s] -- Detecting CXX compiler ABI info
[1.094s] -- Detecting CXX compiler ABI info - done
[1.094s] -- Check for working CXX compiler: /usr/bin/aarch64-linux-gnu-g++ - skipped
[1.094s] -- Detecting CXX compile features
[1.094s] -- Detecting CXX compile features - done
[1.094s] -- Found ament_cmake: 1.3.8 (/opt/ros/humble/share/ament_cmake/cmake)
[1.094s] -- Found Python3: /usr/bin/python3 (found version "3.10.12") found components: Interpreter 
[1.095s] -- Found rclcpp: 16.0.8 (/opt/ros/humble/share/rclcpp/cmake)
[1.095s] -- Found rosidl_generator_c: 3.1.5 (/opt/ros/humble/share/rosidl_generator_c/cmake)
[1.095s] -- Found rosidl_adapter: 3.1.5 (/opt/ros/humble/share/rosidl_adapter/cmake)
[1.095s] -- Found rosidl_generator_cpp: 3.1.5 (/opt/ros/humble/share/rosidl_generator_cpp/cmake)
[1.098s] [33mCMake Warning (dev) at /opt/ros/humble/share/ament_cmake_test/cmake/ament_cmake_test-extras.cmake:19 (option):
[1.098s]   Policy CMP0077 is not set: option() honors normal variables.  Run "cmake
[1.098s]   --help-policy CMP0077" for policy details.  Use the cmake_policy command to
[1.098s]   set the policy and suppress this warning.
[1.098s] 
[1.098s]   For compatibility with older versions of CMake, option is clearing the
[1.098s]   normal variable 'BUILD_TESTING'.
[1.098s] Call Stack (most recent call first):
[1.099s]   /opt/ros/humble/share/ament_cmake_test/cmake/ament_cmake_testConfig.cmake:41 (include)
[1.099s]   /opt/ros/humble/share/ament_cmake/cmake/ament_cmake_export_dependencies-extras.cmake:21 (find_package)
[1.099s]   /opt/ros/humble/share/ament_cmake/cmake/ament_cmakeConfig.cmake:41 (include)
[1.099s]   CMakeLists.txt:19 (find_package)
[1.099s] This warning is for project developers.  Use -Wno-dev to suppress it.
[1.099s] [0m
[1.100s] -- Using all available rosidl_typesupport_c: rosidl_typesupport_fastrtps_c;rosidl_typesupport_introspection_c
[1.152s] -- Using all available rosidl_typesupport_cpp: rosidl_typesupport_fastrtps_cpp;rosidl_typesupport_introspection_cpp
[1.283s] -- Found rmw_implementation_cmake: 6.1.1 (/opt/ros/humble/share/rmw_implementation_cmake/cmake)
[1.285s] -- Found rmw_fastrtps_cpp: 6.2.6 (/opt/ros/humble/share/rmw_fastrtps_cpp/cmake)
[1.461s] -- Found OpenSSL: /cc_ws/tros_ws/robot_dev_config/../../sysroot_docker/usr/lib/aarch64-linux-gnu/libcrypto.so (found version "3.0.2")  
[1.497s] -- Found FastRTPS: /opt/ros/humble/include  
[1.571s] -- Using RMW implementation 'rmw_fastrtps_cpp' as default
[1.588s] -- Looking for pthread.h
[1.734s] -- Looking for pthread.h - found
[1.734s] -- Performing Test CMAKE_HAVE_LIBC_PTHREAD
[1.876s] -- Performing Test CMAKE_HAVE_LIBC_PTHREAD - Success
[1.878s] -- Found Threads: TRUE  
[2.245s] -- Found rosbag2_cpp: 0.15.9 (/opt/ros/humble/share/rosbag2_cpp/cmake)
[2.588s] -- Configuring done
[2.611s] -- Generating done
[2.613s] -- Build files have been written to: /cc_ws/tros_ws/build/recorder_node
[2.666s] Invoked command in '/cc_ws/tros_ws/build/recorder_node' returned '0': CMAKE_PREFIX_PATH=/opt/ros/humble /usr/bin/cmake /cc_ws/tros_ws/src/box/hobot_trigger/recorder_node -DCMAKE_EXPORT_COMPILE_COMMANDS=ON --no-warn-unused-cli -DCMAKE_TOOLCHAIN_FILE=/cc_ws/tros_ws/robot_dev_config/aarch64_toolchainfile.cmake -DPLATFORM_X5=ON -DTHIRDPARTY=ON -DBUILD_TESTING=OFF -DCMAKE_BUILD_RPATH=/cc_ws/tros_ws/build/poco_vendor/poco_external_project_install/lib/;/cc_ws/tros_ws/build/libyaml_vendor/libyaml_install/lib/ -DCMAKE_INSTALL_PREFIX=/cc_ws/tros_ws/install
[2.667s] Invoking command in '/cc_ws/tros_ws/build/recorder_node': CMAKE_PREFIX_PATH=/opt/ros/humble /usr/bin/cmake --build /cc_ws/tros_ws/build/recorder_node -- -j12 -l12
[3.027s] [ 25%] [32mBuilding CXX object CMakeFiles/recorder_node.dir/src/main.cpp.o[0m
[3.027s] [ 50%] [32mBuilding CXX object CMakeFiles/recorder_node.dir/src/util.cpp.o[0m
[3.027s] [ 75%] [32mBuilding CXX object CMakeFiles/recorder_node.dir/src/recorder_node.cpp.o[0m
[38.698s] [01m[K/cc_ws/tros_ws/src/box/hobot_trigger/recorder_node/src/recorder_node.cpp:[m[K In member function ‘[01m[Kint RecorderNode::Read()[m[K’:
[38.698s] [01m[K/cc_ws/tros_ws/src/box/hobot_trigger/recorder_node/src/recorder_node.cpp:121:20:[m[K [01;35m[Kwarning: [m[Kcomparison of integer expressions of different signedness: ‘[01m[Kint[m[K’ and ‘[01m[Kstd::vector<std::__cxx11::basic_string<char> >::size_type[m[K’ {aka ‘[01m[Klong unsigned int[m[K’} [[01;35m[K-Wsign-compare[m[K]
[38.699s]   121 |   for(int i = 0; [01;35m[Ki < rosbag_paths_.size() - 1[m[K; i++){
[38.699s]       |                  [01;35m[K~~^~~~~~~~~~~~~~~~~~~~~~~~~~[m[K
[38.711s] [01m[K/cc_ws/tros_ws/src/box/hobot_trigger/recorder_node/src/recorder_node.cpp:[m[K In member function ‘[01m[Kint RecorderNode::Clean()[m[K’:
[38.712s] [01m[K/cc_ws/tros_ws/src/box/hobot_trigger/recorder_node/src/recorder_node.cpp:154:1:[m[K [01;35m[Kwarning: [m[Kno return statement in function returning non-void [[01;35m[K-Wreturn-type[m[K]
[38.712s]   154 | [01;35m[K}[m[K
[38.712s]       | [01;35m[K^[m[K
[44.014s] [100%] [32m[1mLinking CXX executable recorder_node[0m
[44.596s] [100%] Built target recorder_node
[44.635s] Invoked command in '/cc_ws/tros_ws/build/recorder_node' returned '0': CMAKE_PREFIX_PATH=/opt/ros/humble /usr/bin/cmake --build /cc_ws/tros_ws/build/recorder_node -- -j12 -l12
[44.895s] Invoking command in '/cc_ws/tros_ws/build/recorder_node': CMAKE_PREFIX_PATH=/opt/ros/humble /usr/bin/cmake --install /cc_ws/tros_ws/build/recorder_node
[48.908s] -- Install configuration: ""
[48.908s] -- Installing: /cc_ws/tros_ws/install/lib/recorder_node/recorder_node
[48.909s] -- Set runtime path of "/cc_ws/tros_ws/install/lib/recorder_node/recorder_node" to ""
[48.909s] -- Installing: /cc_ws/tros_ws/install/share/recorder_node/launch
[48.909s] -- Installing: /cc_ws/tros_ws/install/share/recorder_node/launch/hobot_recorder.launch.py
[48.909s] -- Installing: /cc_ws/tros_ws/install/share/ament_index/resource_index/package_run_dependencies/recorder_node
[48.909s] -- Installing: /cc_ws/tros_ws/install/share/ament_index/resource_index/parent_prefix_path/recorder_node
[48.910s] -- Installing: /cc_ws/tros_ws/install/share/recorder_node/environment/ament_prefix_path.sh
[48.910s] -- Installing: /cc_ws/tros_ws/install/share/recorder_node/environment/ament_prefix_path.dsv
[48.910s] -- Installing: /cc_ws/tros_ws/install/share/recorder_node/environment/path.sh
[48.910s] -- Installing: /cc_ws/tros_ws/install/share/recorder_node/environment/path.dsv
[48.910s] -- Installing: /cc_ws/tros_ws/install/share/recorder_node/local_setup.bash
[48.910s] -- Installing: /cc_ws/tros_ws/install/share/recorder_node/local_setup.sh
[48.911s] -- Installing: /cc_ws/tros_ws/install/share/recorder_node/local_setup.zsh
[48.911s] -- Installing: /cc_ws/tros_ws/install/share/recorder_node/local_setup.dsv
[48.911s] -- Installing: /cc_ws/tros_ws/install/share/recorder_node/package.dsv
[48.911s] -- Installing: /cc_ws/tros_ws/install/share/ament_index/resource_index/packages/recorder_node
[48.911s] -- Installing: /cc_ws/tros_ws/install/share/recorder_node/cmake/recorder_nodeConfig.cmake
[48.911s] -- Installing: /cc_ws/tros_ws/install/share/recorder_node/cmake/recorder_nodeConfig-version.cmake
[48.912s] -- Installing: /cc_ws/tros_ws/install/share/recorder_node/package.xml
[48.937s] Invoked command in '/cc_ws/tros_ws/build/recorder_node' returned '0': CMAKE_PREFIX_PATH=/opt/ros/humble /usr/bin/cmake --install /cc_ws/tros_ws/build/recorder_node
