[0.034s] Invoking command in '/cc_ws/tros_ws/build/clip_msgs': CMAKE_PREFIX_PATH=/opt/ros/humble /usr/bin/cmake /cc_ws/tros_ws/src/box/hobot_clip/clip_msgs -DCMAKE_EXPORT_COMPILE_COMMANDS=ON --no-warn-unused-cli -DCMAKE_TOOLCHAIN_FILE=/cc_ws/tros_ws/robot_dev_config/aarch64_toolchainfile.cmake -DPLATFORM_X5=ON -DTHIRDPARTY=ON -DBUILD_TESTING=OFF -DCMAKE_BUILD_RPATH=/cc_ws/tros_ws/build/poco_vendor/poco_external_project_install/lib/;/cc_ws/tros_ws/build/libyaml_vendor/libyaml_install/lib/ -DCMAKE_INSTALL_PREFIX=/cc_ws/tros_ws/install
[0.070s] Not searching for unused variables given on the command line.
[0.085s] -- Found ament_cmake: 1.3.8 (/opt/ros/humble/share/ament_cmake/cmake)
[0.307s] [33mCMake Warning (dev) at /opt/ros/humble/share/ament_cmake_test/cmake/ament_cmake_test-extras.cmake:19 (option):
[0.307s]   Policy CMP0077 is not set: option() honors normal variables.  Run "cmake
[0.307s]   --help-policy CMP0077" for policy details.  Use the cmake_policy command to
[0.307s]   set the policy and suppress this warning.
[0.307s] 
[0.307s]   For compatibility with older versions of CMake, option is clearing the
[0.307s]   normal variable 'BUILD_TESTING'.
[0.308s] Call Stack (most recent call first):
[0.308s]   /opt/ros/humble/share/ament_cmake_test/cmake/ament_cmake_testConfig.cmake:41 (include)
[0.308s]   /opt/ros/humble/share/ament_cmake/cmake/ament_cmake_export_dependencies-extras.cmake:21 (find_package)
[0.308s]   /opt/ros/humble/share/ament_cmake/cmake/ament_cmakeConfig.cmake:41 (include)
[0.308s]   CMakeLists.txt:33 (find_package)
[0.309s] This warning is for project developers.  Use -Wno-dev to suppress it.
[0.309s] [0m
[0.316s] -- Found std_msgs: 4.2.3 (/opt/ros/humble/share/std_msgs/cmake)
[0.357s] -- Found rosidl_generator_c: 3.1.5 (/opt/ros/humble/share/rosidl_generator_c/cmake)
[0.362s] -- Found rosidl_adapter: 3.1.5 (/opt/ros/humble/share/rosidl_adapter/cmake)
[0.376s] -- Found rosidl_generator_cpp: 3.1.5 (/opt/ros/humble/share/rosidl_generator_cpp/cmake)
[0.402s] -- Using all available rosidl_typesupport_c: rosidl_typesupport_fastrtps_c;rosidl_typesupport_introspection_c
[0.438s] -- Using all available rosidl_typesupport_cpp: rosidl_typesupport_fastrtps_cpp;rosidl_typesupport_introspection_cpp
[0.537s] -- Found action_msgs: 1.2.1 (/opt/ros/humble/share/action_msgs/cmake)
[0.659s] -- Found rosidl_default_generators: 1.2.0 (/opt/ros/humble/share/rosidl_default_generators/cmake)
[1.358s] -- Found ament_cmake_ros: 0.10.0 (/opt/ros/humble/share/ament_cmake_ros/cmake)
[2.215s] -- Using all available rosidl_typesupport_c: rosidl_typesupport_fastrtps_c;rosidl_typesupport_introspection_c
[2.479s] -- Using all available rosidl_typesupport_cpp: rosidl_typesupport_fastrtps_cpp;rosidl_typesupport_introspection_cpp
[2.541s] -- Found python_cmake_module: 0.10.0 (/opt/ros/humble/share/python_cmake_module/cmake)
[2.599s] -- Using PYTHON_EXECUTABLE: /usr/bin/python3
[2.600s] -- Using PYTHON_INCLUDE_DIRS: /cc_ws/tros_ws/robot_dev_config/../../sysroot_docker/usr/include/python3.10
[2.600s] -- Using PYTHON_LIBRARIES: /cc_ws/tros_ws/robot_dev_config/../../sysroot_docker/usr/lib/aarch64-linux-gnu/libpython3.10.so
[2.986s] -- Using numpy include directory: /usr/local/lib/python3.10/dist-packages/numpy/core/include
[3.020s] -- Configuring done
[3.149s] -- Generating done
[3.156s] -- Build files have been written to: /cc_ws/tros_ws/build/clip_msgs
[3.173s] Invoked command in '/cc_ws/tros_ws/build/clip_msgs' returned '0': CMAKE_PREFIX_PATH=/opt/ros/humble /usr/bin/cmake /cc_ws/tros_ws/src/box/hobot_clip/clip_msgs -DCMAKE_EXPORT_COMPILE_COMMANDS=ON --no-warn-unused-cli -DCMAKE_TOOLCHAIN_FILE=/cc_ws/tros_ws/robot_dev_config/aarch64_toolchainfile.cmake -DPLATFORM_X5=ON -DTHIRDPARTY=ON -DBUILD_TESTING=OFF -DCMAKE_BUILD_RPATH=/cc_ws/tros_ws/build/poco_vendor/poco_external_project_install/lib/;/cc_ws/tros_ws/build/libyaml_vendor/libyaml_install/lib/ -DCMAKE_INSTALL_PREFIX=/cc_ws/tros_ws/install
[3.174s] Invoking command in '/cc_ws/tros_ws/build/clip_msgs': CMAKE_PREFIX_PATH=/opt/ros/humble /usr/bin/cmake --build /cc_ws/tros_ws/build/clip_msgs -- -j12 -l12
[3.272s] [35m[1mConsolidate compiler generated dependencies of target clip_msgs__rosidl_generator_c[0m
[3.278s] [  2%] Built target clip_msgs__cpp
[3.292s] [ 12%] Built target clip_msgs__rosidl_generator_c
[3.309s] [ 12%] Built target ament_cmake_python_copy_clip_msgs
[3.338s] [35m[1mConsolidate compiler generated dependencies of target clip_msgs__rosidl_typesupport_introspection_cpp[0m
[3.338s] [35m[1mConsolidate compiler generated dependencies of target clip_msgs__rosidl_typesupport_fastrtps_c[0m
[3.339s] [35m[1mConsolidate compiler generated dependencies of target clip_msgs__rosidl_typesupport_cpp[0m
[3.339s] [35m[1mConsolidate compiler generated dependencies of target clip_msgs__rosidl_typesupport_c[0m
[3.339s] [35m[1mConsolidate compiler generated dependencies of target clip_msgs__rosidl_typesupport_introspection_c[0m
[3.364s] [ 23%] Built target clip_msgs__rosidl_typesupport_introspection_cpp
[3.365s] [35m[1mConsolidate compiler generated dependencies of target clip_msgs__rosidl_typesupport_fastrtps_cpp[0m
[3.396s] [ 33%] Built target clip_msgs__rosidl_typesupport_fastrtps_c
[3.396s] [ 43%] Built target clip_msgs__rosidl_typesupport_c
[3.397s] [ 53%] Built target clip_msgs__rosidl_typesupport_cpp
[3.400s] [ 64%] Built target clip_msgs__rosidl_typesupport_introspection_c
[3.434s] [ 74%] Built target clip_msgs__rosidl_typesupport_fastrtps_cpp
[3.460s] [ 74%] Built target clip_msgs
[3.532s] [ 76%] Built target clip_msgs__py
[3.577s] [35m[1mConsolidate compiler generated dependencies of target clip_msgs__rosidl_generator_py[0m
[3.635s] [ 84%] Built target clip_msgs__rosidl_generator_py
[3.661s] [35m[1mConsolidate compiler generated dependencies of target clip_msgs__rosidl_typesupport_c__pyext[0m
[3.664s] [35m[1mConsolidate compiler generated dependencies of target clip_msgs__rosidl_typesupport_fastrtps_c__pyext[0m
[3.675s] [35m[1mConsolidate compiler generated dependencies of target clip_msgs__rosidl_typesupport_introspection_c__pyext[0m
[3.740s] [ 89%] Built target clip_msgs__rosidl_typesupport_c__pyext
[3.744s] [ 94%] Built target clip_msgs__rosidl_typesupport_fastrtps_c__pyext
[3.744s] [100%] Built target clip_msgs__rosidl_typesupport_introspection_c__pyext
[3.768s] running egg_info
[3.769s] writing clip_msgs.egg-info/PKG-INFO
[3.769s] writing dependency_links to clip_msgs.egg-info/dependency_links.txt
[3.769s] writing top-level names to clip_msgs.egg-info/top_level.txt
[3.774s] reading manifest file 'clip_msgs.egg-info/SOURCES.txt'
[3.779s] writing manifest file 'clip_msgs.egg-info/SOURCES.txt'
[3.825s] [100%] Built target ament_cmake_python_build_clip_msgs_egg
[3.842s] Invoked command in '/cc_ws/tros_ws/build/clip_msgs' returned '0': CMAKE_PREFIX_PATH=/opt/ros/humble /usr/bin/cmake --build /cc_ws/tros_ws/build/clip_msgs -- -j12 -l12
[4.110s] Invoking command in '/cc_ws/tros_ws/build/clip_msgs': CMAKE_PREFIX_PATH=/opt/ros/humble /usr/bin/cmake --install /cc_ws/tros_ws/build/clip_msgs
[4.157s] -- Install configuration: ""
[4.157s] -- Up-to-date: /cc_ws/tros_ws/install/share/ament_index/resource_index/rosidl_interfaces/clip_msgs
[4.157s] -- Up-to-date: /cc_ws/tros_ws/install/include/clip_msgs/clip_msgs
[4.158s] -- Up-to-date: /cc_ws/tros_ws/install/include/clip_msgs/clip_msgs/action
[4.158s] -- Up-to-date: /cc_ws/tros_ws/install/include/clip_msgs/clip_msgs/action/detail
[4.162s] -- Up-to-date: /cc_ws/tros_ws/install/include/clip_msgs/clip_msgs/action/detail/get_features__type_support.h
[4.162s] -- Up-to-date: /cc_ws/tros_ws/install/include/clip_msgs/clip_msgs/action/detail/get_features__struct.h
[4.162s] -- Up-to-date: /cc_ws/tros_ws/install/include/clip_msgs/clip_msgs/action/detail/get_features__functions.c
[4.162s] -- Up-to-date: /cc_ws/tros_ws/install/include/clip_msgs/clip_msgs/action/detail/get_features__functions.h
[4.162s] -- Up-to-date: /cc_ws/tros_ws/install/include/clip_msgs/clip_msgs/action/get_features.h
[4.162s] -- Up-to-date: /cc_ws/tros_ws/install/include/clip_msgs/clip_msgs/msg
[4.162s] -- Up-to-date: /cc_ws/tros_ws/install/include/clip_msgs/clip_msgs/msg/rosidl_generator_c__visibility_control.h
[4.163s] -- Up-to-date: /cc_ws/tros_ws/install/include/clip_msgs/clip_msgs/msg/clip_item.h
[4.163s] -- Up-to-date: /cc_ws/tros_ws/install/include/clip_msgs/clip_msgs/msg/detail
[4.163s] -- Up-to-date: /cc_ws/tros_ws/install/include/clip_msgs/clip_msgs/msg/detail/clip_item__struct.h
[4.163s] -- Up-to-date: /cc_ws/tros_ws/install/include/clip_msgs/clip_msgs/msg/detail/clip_item__functions.c
[4.163s] -- Up-to-date: /cc_ws/tros_ws/install/include/clip_msgs/clip_msgs/msg/detail/clip_item__type_support.h
[4.163s] -- Up-to-date: /cc_ws/tros_ws/install/include/clip_msgs/clip_msgs/msg/detail/clip_item__functions.h
[4.163s] -- Up-to-date: /cc_ws/tros_ws/install/share/clip_msgs/environment/library_path.sh
[4.163s] -- Installing: /cc_ws/tros_ws/install/share/clip_msgs/environment/library_path.dsv
[4.163s] -- Up-to-date: /cc_ws/tros_ws/install/lib/libclip_msgs__rosidl_generator_c.so
[4.163s] -- Up-to-date: /cc_ws/tros_ws/install/include/clip_msgs/clip_msgs
[4.163s] -- Up-to-date: /cc_ws/tros_ws/install/include/clip_msgs/clip_msgs/action
[4.164s] -- Up-to-date: /cc_ws/tros_ws/install/include/clip_msgs/clip_msgs/action/detail
[4.164s] -- Up-to-date: /cc_ws/tros_ws/install/include/clip_msgs/clip_msgs/action/detail/get_features__rosidl_typesupport_fastrtps_c.h
[4.164s] -- Up-to-date: /cc_ws/tros_ws/install/include/clip_msgs/clip_msgs/msg
[4.164s] -- Up-to-date: /cc_ws/tros_ws/install/include/clip_msgs/clip_msgs/msg/rosidl_typesupport_fastrtps_c__visibility_control.h
[4.164s] -- Up-to-date: /cc_ws/tros_ws/install/include/clip_msgs/clip_msgs/msg/detail
[4.164s] -- Up-to-date: /cc_ws/tros_ws/install/include/clip_msgs/clip_msgs/msg/detail/clip_item__rosidl_typesupport_fastrtps_c.h
[4.164s] -- Up-to-date: /cc_ws/tros_ws/install/lib/libclip_msgs__rosidl_typesupport_fastrtps_c.so
[4.164s] -- Up-to-date: /cc_ws/tros_ws/install/include/clip_msgs/clip_msgs
[4.164s] -- Up-to-date: /cc_ws/tros_ws/install/include/clip_msgs/clip_msgs/action
[4.164s] -- Up-to-date: /cc_ws/tros_ws/install/include/clip_msgs/clip_msgs/action/get_features.hpp
[4.164s] -- Up-to-date: /cc_ws/tros_ws/install/include/clip_msgs/clip_msgs/action/detail
[4.164s] -- Up-to-date: /cc_ws/tros_ws/install/include/clip_msgs/clip_msgs/action/detail/get_features__traits.hpp
[4.165s] -- Up-to-date: /cc_ws/tros_ws/install/include/clip_msgs/clip_msgs/action/detail/get_features__struct.hpp
[4.165s] -- Up-to-date: /cc_ws/tros_ws/install/include/clip_msgs/clip_msgs/action/detail/get_features__builder.hpp
[4.165s] -- Up-to-date: /cc_ws/tros_ws/install/include/clip_msgs/clip_msgs/msg
[4.165s] -- Up-to-date: /cc_ws/tros_ws/install/include/clip_msgs/clip_msgs/msg/detail
[4.165s] -- Up-to-date: /cc_ws/tros_ws/install/include/clip_msgs/clip_msgs/msg/detail/clip_item__traits.hpp
[4.166s] -- Up-to-date: /cc_ws/tros_ws/install/include/clip_msgs/clip_msgs/msg/detail/clip_item__builder.hpp
[4.166s] -- Up-to-date: /cc_ws/tros_ws/install/include/clip_msgs/clip_msgs/msg/detail/clip_item__struct.hpp
[4.166s] -- Up-to-date: /cc_ws/tros_ws/install/include/clip_msgs/clip_msgs/msg/clip_item.hpp
[4.166s] -- Up-to-date: /cc_ws/tros_ws/install/include/clip_msgs/clip_msgs
[4.167s] -- Up-to-date: /cc_ws/tros_ws/install/include/clip_msgs/clip_msgs/action
[4.167s] -- Up-to-date: /cc_ws/tros_ws/install/include/clip_msgs/clip_msgs/action/detail
[4.167s] -- Up-to-date: /cc_ws/tros_ws/install/include/clip_msgs/clip_msgs/action/detail/get_features__rosidl_typesupport_fastrtps_cpp.hpp
[4.167s] -- Up-to-date: /cc_ws/tros_ws/install/include/clip_msgs/clip_msgs/action/detail/dds_fastrtps
[4.167s] -- Up-to-date: /cc_ws/tros_ws/install/include/clip_msgs/clip_msgs/msg
[4.167s] -- Up-to-date: /cc_ws/tros_ws/install/include/clip_msgs/clip_msgs/msg/detail
[4.167s] -- Up-to-date: /cc_ws/tros_ws/install/include/clip_msgs/clip_msgs/msg/detail/clip_item__rosidl_typesupport_fastrtps_cpp.hpp
[4.167s] -- Up-to-date: /cc_ws/tros_ws/install/include/clip_msgs/clip_msgs/msg/detail/dds_fastrtps
[4.167s] -- Up-to-date: /cc_ws/tros_ws/install/include/clip_msgs/clip_msgs/msg/rosidl_typesupport_fastrtps_cpp__visibility_control.h
[4.167s] -- Up-to-date: /cc_ws/tros_ws/install/lib/libclip_msgs__rosidl_typesupport_fastrtps_cpp.so
[4.168s] -- Up-to-date: /cc_ws/tros_ws/install/include/clip_msgs/clip_msgs
[4.168s] -- Up-to-date: /cc_ws/tros_ws/install/include/clip_msgs/clip_msgs/action
[4.168s] -- Up-to-date: /cc_ws/tros_ws/install/include/clip_msgs/clip_msgs/action/detail
[4.168s] -- Up-to-date: /cc_ws/tros_ws/install/include/clip_msgs/clip_msgs/action/detail/get_features__rosidl_typesupport_introspection_c.h
[4.168s] -- Up-to-date: /cc_ws/tros_ws/install/include/clip_msgs/clip_msgs/action/detail/get_features__type_support.c
[4.168s] -- Up-to-date: /cc_ws/tros_ws/install/include/clip_msgs/clip_msgs/msg
[4.168s] -- Up-to-date: /cc_ws/tros_ws/install/include/clip_msgs/clip_msgs/msg/rosidl_typesupport_introspection_c__visibility_control.h
[4.168s] -- Up-to-date: /cc_ws/tros_ws/install/include/clip_msgs/clip_msgs/msg/detail
[4.169s] -- Up-to-date: /cc_ws/tros_ws/install/include/clip_msgs/clip_msgs/msg/detail/clip_item__type_support.c
[4.169s] -- Up-to-date: /cc_ws/tros_ws/install/include/clip_msgs/clip_msgs/msg/detail/clip_item__rosidl_typesupport_introspection_c.h
[4.169s] -- Up-to-date: /cc_ws/tros_ws/install/lib/libclip_msgs__rosidl_typesupport_introspection_c.so
[4.169s] -- Up-to-date: /cc_ws/tros_ws/install/lib/libclip_msgs__rosidl_typesupport_c.so
[4.170s] -- Up-to-date: /cc_ws/tros_ws/install/include/clip_msgs/clip_msgs
[4.170s] -- Up-to-date: /cc_ws/tros_ws/install/include/clip_msgs/clip_msgs/action
[4.170s] -- Up-to-date: /cc_ws/tros_ws/install/include/clip_msgs/clip_msgs/action/detail
[4.170s] -- Up-to-date: /cc_ws/tros_ws/install/include/clip_msgs/clip_msgs/action/detail/get_features__rosidl_typesupport_introspection_cpp.hpp
[4.170s] -- Up-to-date: /cc_ws/tros_ws/install/include/clip_msgs/clip_msgs/action/detail/get_features__type_support.cpp
[4.171s] -- Up-to-date: /cc_ws/tros_ws/install/include/clip_msgs/clip_msgs/msg
[4.171s] -- Up-to-date: /cc_ws/tros_ws/install/include/clip_msgs/clip_msgs/msg/detail
[4.171s] -- Up-to-date: /cc_ws/tros_ws/install/include/clip_msgs/clip_msgs/msg/detail/clip_item__rosidl_typesupport_introspection_cpp.hpp
[4.171s] -- Up-to-date: /cc_ws/tros_ws/install/include/clip_msgs/clip_msgs/msg/detail/clip_item__type_support.cpp
[4.172s] -- Up-to-date: /cc_ws/tros_ws/install/lib/libclip_msgs__rosidl_typesupport_introspection_cpp.so
[4.174s] -- Up-to-date: /cc_ws/tros_ws/install/lib/libclip_msgs__rosidl_typesupport_cpp.so
[4.175s] -- Up-to-date: /cc_ws/tros_ws/install/share/clip_msgs/environment/pythonpath.sh
[4.175s] -- Installing: /cc_ws/tros_ws/install/share/clip_msgs/environment/pythonpath.dsv
[4.175s] -- Up-to-date: /cc_ws/tros_ws/install/local/lib/python3.10/dist-packages/clip_msgs-0.3.0-py3.10.egg-info
[4.175s] -- Installing: /cc_ws/tros_ws/install/local/lib/python3.10/dist-packages/clip_msgs-0.3.0-py3.10.egg-info/SOURCES.txt
[4.175s] -- Installing: /cc_ws/tros_ws/install/local/lib/python3.10/dist-packages/clip_msgs-0.3.0-py3.10.egg-info/PKG-INFO
[4.175s] -- Installing: /cc_ws/tros_ws/install/local/lib/python3.10/dist-packages/clip_msgs-0.3.0-py3.10.egg-info/dependency_links.txt
[4.175s] -- Installing: /cc_ws/tros_ws/install/local/lib/python3.10/dist-packages/clip_msgs-0.3.0-py3.10.egg-info/top_level.txt
[4.176s] -- Up-to-date: /cc_ws/tros_ws/install/local/lib/python3.10/dist-packages/clip_msgs
[4.176s] -- Up-to-date: /cc_ws/tros_ws/install/local/lib/python3.10/dist-packages/clip_msgs/_clip_msgs_s.ep.rosidl_typesupport_introspection_c.c
[4.176s] -- Up-to-date: /cc_ws/tros_ws/install/local/lib/python3.10/dist-packages/clip_msgs/clip_msgs_s__rosidl_typesupport_introspection_c.cpython-310-aarch64-linux-gnu.so
[4.176s] -- Up-to-date: /cc_ws/tros_ws/install/local/lib/python3.10/dist-packages/clip_msgs/action
[4.176s] -- Up-to-date: /cc_ws/tros_ws/install/local/lib/python3.10/dist-packages/clip_msgs/action/_get_features.py
[4.176s] -- Up-to-date: /cc_ws/tros_ws/install/local/lib/python3.10/dist-packages/clip_msgs/action/_get_features_s.c
[4.180s] -- Up-to-date: /cc_ws/tros_ws/install/local/lib/python3.10/dist-packages/clip_msgs/action/__init__.py
[4.185s] -- Up-to-date: /cc_ws/tros_ws/install/local/lib/python3.10/dist-packages/clip_msgs/_clip_msgs_s.ep.rosidl_typesupport_c.c
[4.185s] -- Up-to-date: /cc_ws/tros_ws/install/local/lib/python3.10/dist-packages/clip_msgs/msg
[4.186s] -- Up-to-date: /cc_ws/tros_ws/install/local/lib/python3.10/dist-packages/clip_msgs/msg/_clip_item_s.c
[4.186s] -- Up-to-date: /cc_ws/tros_ws/install/local/lib/python3.10/dist-packages/clip_msgs/msg/_clip_item.py
[4.186s] -- Up-to-date: /cc_ws/tros_ws/install/local/lib/python3.10/dist-packages/clip_msgs/msg/__init__.py
[4.186s] -- Up-to-date: /cc_ws/tros_ws/install/local/lib/python3.10/dist-packages/clip_msgs/libclip_msgs__rosidl_generator_py.so
[4.186s] -- Up-to-date: /cc_ws/tros_ws/install/local/lib/python3.10/dist-packages/clip_msgs/clip_msgs_s__rosidl_typesupport_fastrtps_c.cpython-310-aarch64-linux-gnu.so
[4.186s] -- Installing: /cc_ws/tros_ws/install/local/lib/python3.10/dist-packages/clip_msgs/__init__.py
[4.186s] -- Up-to-date: /cc_ws/tros_ws/install/local/lib/python3.10/dist-packages/clip_msgs/clip_msgs_s__rosidl_typesupport_c.cpython-310-aarch64-linux-gnu.so
[4.186s] -- Up-to-date: /cc_ws/tros_ws/install/local/lib/python3.10/dist-packages/clip_msgs/_clip_msgs_s.ep.rosidl_typesupport_fastrtps_c.c
[4.196s] Listing '/cc_ws/tros_ws/install/local/lib/python3.10/dist-packages/clip_msgs'...
[4.196s] Compiling '/cc_ws/tros_ws/install/local/lib/python3.10/dist-packages/clip_msgs/__init__.py'...
[4.196s] Listing '/cc_ws/tros_ws/install/local/lib/python3.10/dist-packages/clip_msgs/action'...
[4.196s] Listing '/cc_ws/tros_ws/install/local/lib/python3.10/dist-packages/clip_msgs/msg'...
[4.197s] -- Up-to-date: /cc_ws/tros_ws/install/local/lib/python3.10/dist-packages/clip_msgs/clip_msgs_s__rosidl_typesupport_fastrtps_c.cpython-310-aarch64-linux-gnu.so
[4.198s] -- Up-to-date: /cc_ws/tros_ws/install/local/lib/python3.10/dist-packages/clip_msgs/clip_msgs_s__rosidl_typesupport_introspection_c.cpython-310-aarch64-linux-gnu.so
[4.199s] -- Up-to-date: /cc_ws/tros_ws/install/local/lib/python3.10/dist-packages/clip_msgs/clip_msgs_s__rosidl_typesupport_c.cpython-310-aarch64-linux-gnu.so
[4.200s] -- Up-to-date: /cc_ws/tros_ws/install/lib/libclip_msgs__rosidl_generator_py.so
[4.200s] -- Up-to-date: /cc_ws/tros_ws/install/share/clip_msgs/msg/ClipItem.idl
[4.200s] -- Up-to-date: /cc_ws/tros_ws/install/share/clip_msgs/action/GetFeatures.idl
[4.200s] -- Up-to-date: /cc_ws/tros_ws/install/share/clip_msgs/msg/ClipItem.msg
[4.201s] -- Up-to-date: /cc_ws/tros_ws/install/share/clip_msgs/action/GetFeatures.action
[4.201s] -- Up-to-date: /cc_ws/tros_ws/install/share/ament_index/resource_index/package_run_dependencies/clip_msgs
[4.201s] -- Up-to-date: /cc_ws/tros_ws/install/share/ament_index/resource_index/parent_prefix_path/clip_msgs
[4.201s] -- Up-to-date: /cc_ws/tros_ws/install/share/clip_msgs/environment/ament_prefix_path.sh
[4.201s] -- Installing: /cc_ws/tros_ws/install/share/clip_msgs/environment/ament_prefix_path.dsv
[4.201s] -- Up-to-date: /cc_ws/tros_ws/install/share/clip_msgs/environment/path.sh
[4.201s] -- Installing: /cc_ws/tros_ws/install/share/clip_msgs/environment/path.dsv
[4.201s] -- Up-to-date: /cc_ws/tros_ws/install/share/clip_msgs/local_setup.bash
[4.201s] -- Up-to-date: /cc_ws/tros_ws/install/share/clip_msgs/local_setup.sh
[4.201s] -- Up-to-date: /cc_ws/tros_ws/install/share/clip_msgs/local_setup.zsh
[4.202s] -- Installing: /cc_ws/tros_ws/install/share/clip_msgs/local_setup.dsv
[4.202s] -- Installing: /cc_ws/tros_ws/install/share/clip_msgs/package.dsv
[4.202s] -- Up-to-date: /cc_ws/tros_ws/install/share/ament_index/resource_index/packages/clip_msgs
[4.202s] -- Up-to-date: /cc_ws/tros_ws/install/share/clip_msgs/cmake/export_clip_msgs__rosidl_generator_cExport.cmake
[4.203s] -- Up-to-date: /cc_ws/tros_ws/install/share/clip_msgs/cmake/export_clip_msgs__rosidl_generator_cExport-noconfig.cmake
[4.203s] -- Up-to-date: /cc_ws/tros_ws/install/share/clip_msgs/cmake/export_clip_msgs__rosidl_typesupport_fastrtps_cExport.cmake
[4.203s] -- Up-to-date: /cc_ws/tros_ws/install/share/clip_msgs/cmake/export_clip_msgs__rosidl_typesupport_fastrtps_cExport-noconfig.cmake
[4.203s] -- Up-to-date: /cc_ws/tros_ws/install/share/clip_msgs/cmake/export_clip_msgs__rosidl_generator_cppExport.cmake
[4.203s] -- Up-to-date: /cc_ws/tros_ws/install/share/clip_msgs/cmake/export_clip_msgs__rosidl_typesupport_fastrtps_cppExport.cmake
[4.203s] -- Up-to-date: /cc_ws/tros_ws/install/share/clip_msgs/cmake/export_clip_msgs__rosidl_typesupport_fastrtps_cppExport-noconfig.cmake
[4.204s] -- Up-to-date: /cc_ws/tros_ws/install/share/clip_msgs/cmake/clip_msgs__rosidl_typesupport_introspection_cExport.cmake
[4.204s] -- Up-to-date: /cc_ws/tros_ws/install/share/clip_msgs/cmake/clip_msgs__rosidl_typesupport_introspection_cExport-noconfig.cmake
[4.204s] -- Up-to-date: /cc_ws/tros_ws/install/share/clip_msgs/cmake/clip_msgs__rosidl_typesupport_cExport.cmake
[4.205s] -- Up-to-date: /cc_ws/tros_ws/install/share/clip_msgs/cmake/clip_msgs__rosidl_typesupport_cExport-noconfig.cmake
[4.205s] -- Up-to-date: /cc_ws/tros_ws/install/share/clip_msgs/cmake/clip_msgs__rosidl_typesupport_introspection_cppExport.cmake
[4.205s] -- Up-to-date: /cc_ws/tros_ws/install/share/clip_msgs/cmake/clip_msgs__rosidl_typesupport_introspection_cppExport-noconfig.cmake
[4.205s] -- Up-to-date: /cc_ws/tros_ws/install/share/clip_msgs/cmake/clip_msgs__rosidl_typesupport_cppExport.cmake
[4.205s] -- Up-to-date: /cc_ws/tros_ws/install/share/clip_msgs/cmake/clip_msgs__rosidl_typesupport_cppExport-noconfig.cmake
[4.206s] -- Up-to-date: /cc_ws/tros_ws/install/share/clip_msgs/cmake/export_clip_msgs__rosidl_generator_pyExport.cmake
[4.206s] -- Up-to-date: /cc_ws/tros_ws/install/share/clip_msgs/cmake/export_clip_msgs__rosidl_generator_pyExport-noconfig.cmake
[4.206s] -- Up-to-date: /cc_ws/tros_ws/install/share/clip_msgs/cmake/rosidl_cmake-extras.cmake
[4.207s] -- Up-to-date: /cc_ws/tros_ws/install/share/clip_msgs/cmake/ament_cmake_export_dependencies-extras.cmake
[4.207s] -- Up-to-date: /cc_ws/tros_ws/install/share/clip_msgs/cmake/ament_cmake_export_include_directories-extras.cmake
[4.207s] -- Up-to-date: /cc_ws/tros_ws/install/share/clip_msgs/cmake/ament_cmake_export_libraries-extras.cmake
[4.207s] -- Up-to-date: /cc_ws/tros_ws/install/share/clip_msgs/cmake/ament_cmake_export_targets-extras.cmake
[4.207s] -- Up-to-date: /cc_ws/tros_ws/install/share/clip_msgs/cmake/rosidl_cmake_export_typesupport_targets-extras.cmake
[4.207s] -- Up-to-date: /cc_ws/tros_ws/install/share/clip_msgs/cmake/rosidl_cmake_export_typesupport_libraries-extras.cmake
[4.207s] -- Up-to-date: /cc_ws/tros_ws/install/share/clip_msgs/cmake/clip_msgsConfig.cmake
[4.208s] -- Up-to-date: /cc_ws/tros_ws/install/share/clip_msgs/cmake/clip_msgsConfig-version.cmake
[4.208s] -- Up-to-date: /cc_ws/tros_ws/install/share/clip_msgs/package.xml
[4.210s] Invoked command in '/cc_ws/tros_ws/build/clip_msgs' returned '0': CMAKE_PREFIX_PATH=/opt/ros/humble /usr/bin/cmake --install /cc_ws/tros_ws/build/clip_msgs
