[0.331s] Invoking command in '/cc_ws/tros_ws/build/hand_gesture_detection': AMENT_PREFIX_PATH=/cc_ws/tros_ws/install:${AMENT_PREFIX_PATH} CMAKE_PREFIX_PATH=/cc_ws/tros_ws/install:/opt/ros/humble LD_LIBRARY_PATH=/cc_ws/tros_ws/install/lib:/opt/ros/humble/opt/rviz_ogre_vendor/lib:/opt/ros/humble/lib/aarch64-linux-gnu:/opt/ros/humble/lib:/cc_ws/userdata/hobot/opt/hobot/deps PYTHONPATH=/cc_ws/tros_ws/install/lib/python3.10/site-packages:/cc_ws/tros_ws/install/local/lib/python3.10/dist-packages:${PYTHONPATH} /usr/bin/cmake /cc_ws/tros_ws/src/box/hobot_perception/hand_gesture_detection -DCMAKE_EXPORT_COMPILE_COMMANDS=ON --no-warn-unused-cli -DCMAKE_TOOLCHAIN_FILE=/cc_ws/tros_ws/robot_dev_config/aarch64_toolchainfile.cmake -DPLATFORM_X5=ON -DTHIRDPARTY=ON -DBUILD_TESTING=OFF -DCMAKE_BUILD_RPATH=/cc_ws/tros_ws/build/poco_vendor/poco_external_project_install/lib/;/cc_ws/tros_ws/build/libyaml_vendor/libyaml_install/lib/ -DCMAKE_INSTALL_PREFIX=/cc_ws/tros_ws/install
[0.364s] Not searching for unused variables given on the command line.
[0.393s] -- Found ament_cmake: 1.3.8 (/opt/ros/humble/share/ament_cmake/cmake)
[0.919s] [33mCMake Warning (dev) at /opt/ros/humble/share/ament_cmake_test/cmake/ament_cmake_test-extras.cmake:19 (option):
[0.920s]   Policy CMP0077 is not set: option() honors normal variables.  Run "cmake
[0.920s]   --help-policy CMP0077" for policy details.  Use the cmake_policy command to
[0.920s]   set the policy and suppress this warning.
[0.920s] 
[0.921s]   For compatibility with older versions of CMake, option is clearing the
[0.921s]   normal variable 'BUILD_TESTING'.
[0.921s] Call Stack (most recent call first):
[0.921s]   /opt/ros/humble/share/ament_cmake_test/cmake/ament_cmake_testConfig.cmake:41 (include)
[0.922s]   /opt/ros/humble/share/ament_cmake/cmake/ament_cmake_export_dependencies-extras.cmake:21 (find_package)
[0.922s]   /opt/ros/humble/share/ament_cmake/cmake/ament_cmakeConfig.cmake:41 (include)
[0.922s]   CMakeLists.txt:33 (find_package)
[0.922s] This warning is for project developers.  Use -Wno-dev to suppress it.
[0.923s] [0m
[0.923s] -- Found rclcpp: 16.0.8 (/opt/ros/humble/share/rclcpp/cmake)
[1.032s] -- Found rosidl_generator_c: 3.1.5 (/opt/ros/humble/share/rosidl_generator_c/cmake)
[1.053s] -- Found rosidl_adapter: 3.1.5 (/opt/ros/humble/share/rosidl_adapter/cmake)
[1.092s] -- Found rosidl_generator_cpp: 3.1.5 (/opt/ros/humble/share/rosidl_generator_cpp/cmake)
[1.137s] -- Using all available rosidl_typesupport_c: rosidl_typesupport_fastrtps_c;rosidl_typesupport_introspection_c
[1.212s] -- Using all available rosidl_typesupport_cpp: rosidl_typesupport_fastrtps_cpp;rosidl_typesupport_introspection_cpp
[1.444s] -- Found rmw_implementation_cmake: 6.1.1 (/opt/ros/humble/share/rmw_implementation_cmake/cmake)
[1.445s] -- Found rmw_fastrtps_cpp: 6.2.6 (/opt/ros/humble/share/rmw_fastrtps_cpp/cmake)
[1.850s] -- Using RMW implementation 'rmw_fastrtps_cpp' as default
[2.508s] -- Found ai_msgs: 2.0.1 (/cc_ws/tros_ws/robot_dev_config/../install/share/ai_msgs/cmake)
[3.544s] -- Found dnn_node: 2.5.4 (/cc_ws/tros_ws/robot_dev_config/../install/share/dnn_node/cmake)
[3.552s] [0mbuild platform X5[0m
[3.552s] [0mCMAKE_SYSROOT is /cc_ws/tros_ws/robot_dev_config/../../sysroot_docker[0m
[3.868s] -- Configuring done
[3.928s] -- Generating done
[3.938s] -- Build files have been written to: /cc_ws/tros_ws/build/hand_gesture_detection
[3.978s] Invoked command in '/cc_ws/tros_ws/build/hand_gesture_detection' returned '0': AMENT_PREFIX_PATH=/cc_ws/tros_ws/install:${AMENT_PREFIX_PATH} CMAKE_PREFIX_PATH=/cc_ws/tros_ws/install:/opt/ros/humble LD_LIBRARY_PATH=/cc_ws/tros_ws/install/lib:/opt/ros/humble/opt/rviz_ogre_vendor/lib:/opt/ros/humble/lib/aarch64-linux-gnu:/opt/ros/humble/lib:/cc_ws/userdata/hobot/opt/hobot/deps PYTHONPATH=/cc_ws/tros_ws/install/lib/python3.10/site-packages:/cc_ws/tros_ws/install/local/lib/python3.10/dist-packages:${PYTHONPATH} /usr/bin/cmake /cc_ws/tros_ws/src/box/hobot_perception/hand_gesture_detection -DCMAKE_EXPORT_COMPILE_COMMANDS=ON --no-warn-unused-cli -DCMAKE_TOOLCHAIN_FILE=/cc_ws/tros_ws/robot_dev_config/aarch64_toolchainfile.cmake -DPLATFORM_X5=ON -DTHIRDPARTY=ON -DBUILD_TESTING=OFF -DCMAKE_BUILD_RPATH=/cc_ws/tros_ws/build/poco_vendor/poco_external_project_install/lib/;/cc_ws/tros_ws/build/libyaml_vendor/libyaml_install/lib/ -DCMAKE_INSTALL_PREFIX=/cc_ws/tros_ws/install
[3.979s] Invoking command in '/cc_ws/tros_ws/build/hand_gesture_detection': AMENT_PREFIX_PATH=/cc_ws/tros_ws/install:${AMENT_PREFIX_PATH} CMAKE_PREFIX_PATH=/cc_ws/tros_ws/install:/opt/ros/humble LD_LIBRARY_PATH=/cc_ws/tros_ws/install/lib:/opt/ros/humble/opt/rviz_ogre_vendor/lib:/opt/ros/humble/lib/aarch64-linux-gnu:/opt/ros/humble/lib:/cc_ws/userdata/hobot/opt/hobot/deps PYTHONPATH=/cc_ws/tros_ws/install/lib/python3.10/site-packages:/cc_ws/tros_ws/install/local/lib/python3.10/dist-packages:${PYTHONPATH} /usr/bin/cmake --build /cc_ws/tros_ws/build/hand_gesture_detection -- -j12 -l12
[4.117s] [35m[1mConsolidate compiler generated dependencies of target hand_gesture_detection[0m
[4.216s] [100%] Built target hand_gesture_detection
[4.254s] Invoked command in '/cc_ws/tros_ws/build/hand_gesture_detection' returned '0': AMENT_PREFIX_PATH=/cc_ws/tros_ws/install:${AMENT_PREFIX_PATH} CMAKE_PREFIX_PATH=/cc_ws/tros_ws/install:/opt/ros/humble LD_LIBRARY_PATH=/cc_ws/tros_ws/install/lib:/opt/ros/humble/opt/rviz_ogre_vendor/lib:/opt/ros/humble/lib/aarch64-linux-gnu:/opt/ros/humble/lib:/cc_ws/userdata/hobot/opt/hobot/deps PYTHONPATH=/cc_ws/tros_ws/install/lib/python3.10/site-packages:/cc_ws/tros_ws/install/local/lib/python3.10/dist-packages:${PYTHONPATH} /usr/bin/cmake --build /cc_ws/tros_ws/build/hand_gesture_detection -- -j12 -l12
[4.351s] Invoking command in '/cc_ws/tros_ws/build/hand_gesture_detection': AMENT_PREFIX_PATH=/cc_ws/tros_ws/install:${AMENT_PREFIX_PATH} CMAKE_PREFIX_PATH=/cc_ws/tros_ws/install:/opt/ros/humble LD_LIBRARY_PATH=/cc_ws/tros_ws/install/lib:/opt/ros/humble/opt/rviz_ogre_vendor/lib:/opt/ros/humble/lib/aarch64-linux-gnu:/opt/ros/humble/lib:/cc_ws/userdata/hobot/opt/hobot/deps PYTHONPATH=/cc_ws/tros_ws/install/lib/python3.10/site-packages:/cc_ws/tros_ws/install/local/lib/python3.10/dist-packages:${PYTHONPATH} /usr/bin/cmake --install /cc_ws/tros_ws/build/hand_gesture_detection
[4.371s] -- Install configuration: ""
[4.372s] -- Up-to-date: /cc_ws/tros_ws/install/lib/hand_gesture_detection/hand_gesture_detection
[4.372s] -- Up-to-date: /cc_ws/tros_ws/install/lib/hand_gesture_detection/config/
[4.372s] -- Up-to-date: /cc_ws/tros_ws/install/lib/hand_gesture_detection/config//gestureDet_8x21.hbm
[4.373s] -- Up-to-date: /cc_ws/tros_ws/install/lib/hand_gesture_detection/config//gestureDet_32x21.hbm
[4.373s] -- Up-to-date: /cc_ws/tros_ws/install/lib/hand_gesture_detection/config/person_face_hand.jpg
[4.373s] -- Up-to-date: /cc_ws/tros_ws/install/share/hand_gesture_detection/launch
[4.374s] -- Up-to-date: /cc_ws/tros_ws/install/share/hand_gesture_detection/launch/hand_gesture_detection.launch.py
[4.374s] -- Up-to-date: /cc_ws/tros_ws/install/share/hand_gesture_detection/launch/hand_gesture_fusion_img_fb.launch.py
[4.374s] -- Up-to-date: /cc_ws/tros_ws/install/share/hand_gesture_detection/launch/hand_gesture_fusion.launch.py
[4.375s] -- Up-to-date: /cc_ws/tros_ws/install/share/ament_index/resource_index/package_run_dependencies/hand_gesture_detection
[4.375s] -- Up-to-date: /cc_ws/tros_ws/install/share/ament_index/resource_index/parent_prefix_path/hand_gesture_detection
[4.375s] -- Up-to-date: /cc_ws/tros_ws/install/share/hand_gesture_detection/environment/ament_prefix_path.sh
[4.378s] -- Installing: /cc_ws/tros_ws/install/share/hand_gesture_detection/environment/ament_prefix_path.dsv
[4.379s] -- Up-to-date: /cc_ws/tros_ws/install/share/hand_gesture_detection/environment/path.sh
[4.379s] -- Installing: /cc_ws/tros_ws/install/share/hand_gesture_detection/environment/path.dsv
[4.379s] -- Up-to-date: /cc_ws/tros_ws/install/share/hand_gesture_detection/local_setup.bash
[4.380s] -- Up-to-date: /cc_ws/tros_ws/install/share/hand_gesture_detection/local_setup.sh
[4.380s] -- Up-to-date: /cc_ws/tros_ws/install/share/hand_gesture_detection/local_setup.zsh
[4.385s] -- Installing: /cc_ws/tros_ws/install/share/hand_gesture_detection/local_setup.dsv
[4.385s] -- Installing: /cc_ws/tros_ws/install/share/hand_gesture_detection/package.dsv
[4.385s] -- Up-to-date: /cc_ws/tros_ws/install/share/ament_index/resource_index/packages/hand_gesture_detection
[4.385s] -- Up-to-date: /cc_ws/tros_ws/install/share/hand_gesture_detection/cmake/hand_gesture_detectionConfig.cmake
[4.386s] -- Up-to-date: /cc_ws/tros_ws/install/share/hand_gesture_detection/cmake/hand_gesture_detectionConfig-version.cmake
[4.386s] -- Up-to-date: /cc_ws/tros_ws/install/share/hand_gesture_detection/package.xml
[4.386s] Invoked command in '/cc_ws/tros_ws/build/hand_gesture_detection' returned '0': AMENT_PREFIX_PATH=/cc_ws/tros_ws/install:${AMENT_PREFIX_PATH} CMAKE_PREFIX_PATH=/cc_ws/tros_ws/install:/opt/ros/humble LD_LIBRARY_PATH=/cc_ws/tros_ws/install/lib:/opt/ros/humble/opt/rviz_ogre_vendor/lib:/opt/ros/humble/lib/aarch64-linux-gnu:/opt/ros/humble/lib:/cc_ws/userdata/hobot/opt/hobot/deps PYTHONPATH=/cc_ws/tros_ws/install/lib/python3.10/site-packages:/cc_ws/tros_ws/install/local/lib/python3.10/dist-packages:${PYTHONPATH} /usr/bin/cmake --install /cc_ws/tros_ws/build/hand_gesture_detection
