[0.041s] Invoking command in '/cc_ws/tros_ws/build/hobot_mot': CMAKE_PREFIX_PATH=/opt/ros/humble /usr/bin/cmake /cc_ws/tros_ws/src/box/hobot_perception/mot -DCMAKE_EXPORT_COMPILE_COMMANDS=ON --no-warn-unused-cli -DCMAKE_TOOLCHAIN_FILE=/cc_ws/tros_ws/robot_dev_config/aarch64_toolchainfile.cmake -DPLATFORM_X5=ON -DTHIRDPARTY=ON -DBUILD_TESTING=OFF -DCMAKE_BUILD_RPATH=/cc_ws/tros_ws/build/poco_vendor/poco_external_project_install/lib/;/cc_ws/tros_ws/build/libyaml_vendor/libyaml_install/lib/ -DCMAKE_INSTALL_PREFIX=/cc_ws/tros_ws/install
[0.133s] Not searching for unused variables given on the command line.
[0.134s] -- Found ament_cmake: 1.3.8 (/opt/ros/humble/share/ament_cmake/cmake)
[0.266s] [33mCMake Warning (dev) at /opt/ros/humble/share/ament_cmake_test/cmake/ament_cmake_test-extras.cmake:19 (option):
[0.266s]   Policy CMP0077 is not set: option() honors normal variables.  Run "cmake
[0.267s]   --help-policy CMP0077" for policy details.  Use the cmake_policy command to
[0.267s]   set the policy and suppress this warning.
[0.267s] 
[0.267s]   For compatibility with older versions of CMake, option is clearing the
[0.267s]   normal variable 'BUILD_TESTING'.
[0.267s] Call Stack (most recent call first):
[0.267s]   /opt/ros/humble/share/ament_cmake_test/cmake/ament_cmake_testConfig.cmake:41 (include)
[0.267s]   /opt/ros/humble/share/ament_cmake/cmake/ament_cmake_export_dependencies-extras.cmake:21 (find_package)
[0.268s]   /opt/ros/humble/share/ament_cmake/cmake/ament_cmakeConfig.cmake:41 (include)
[0.268s]   CMakeLists.txt:33 (find_package)
[0.268s] This warning is for project developers.  Use -Wno-dev to suppress it.
[0.268s] [0m
[0.276s] -- Found rclcpp: 16.0.8 (/opt/ros/humble/share/rclcpp/cmake)
[0.315s] -- Found rosidl_generator_c: 3.1.5 (/opt/ros/humble/share/rosidl_generator_c/cmake)
[0.320s] -- Found rosidl_adapter: 3.1.5 (/opt/ros/humble/share/rosidl_adapter/cmake)
[0.336s] -- Found rosidl_generator_cpp: 3.1.5 (/opt/ros/humble/share/rosidl_generator_cpp/cmake)
[0.349s] -- Using all available rosidl_typesupport_c: rosidl_typesupport_fastrtps_c;rosidl_typesupport_introspection_c
[0.380s] -- Using all available rosidl_typesupport_cpp: rosidl_typesupport_fastrtps_cpp;rosidl_typesupport_introspection_cpp
[0.501s] -- Found rmw_implementation_cmake: 6.1.1 (/opt/ros/humble/share/rmw_implementation_cmake/cmake)
[0.503s] -- Found rmw_fastrtps_cpp: 6.2.6 (/opt/ros/humble/share/rmw_fastrtps_cpp/cmake)
[0.694s] -- Using RMW implementation 'rmw_fastrtps_cpp' as default
[1.021s] [0mCMAKE_SYSROOT is /cc_ws/tros_ws/robot_dev_config/../../sysroot_docker[0m
[1.174s] -- Configuring done
[1.202s] -- Generating done
[1.206s] -- Build files have been written to: /cc_ws/tros_ws/build/hobot_mot
[1.227s] Invoked command in '/cc_ws/tros_ws/build/hobot_mot' returned '0': CMAKE_PREFIX_PATH=/opt/ros/humble /usr/bin/cmake /cc_ws/tros_ws/src/box/hobot_perception/mot -DCMAKE_EXPORT_COMPILE_COMMANDS=ON --no-warn-unused-cli -DCMAKE_TOOLCHAIN_FILE=/cc_ws/tros_ws/robot_dev_config/aarch64_toolchainfile.cmake -DPLATFORM_X5=ON -DTHIRDPARTY=ON -DBUILD_TESTING=OFF -DCMAKE_BUILD_RPATH=/cc_ws/tros_ws/build/poco_vendor/poco_external_project_install/lib/;/cc_ws/tros_ws/build/libyaml_vendor/libyaml_install/lib/ -DCMAKE_INSTALL_PREFIX=/cc_ws/tros_ws/install
[1.227s] Invoking command in '/cc_ws/tros_ws/build/hobot_mot': CMAKE_PREFIX_PATH=/opt/ros/humble /usr/bin/cmake --build /cc_ws/tros_ws/build/hobot_mot -- -j12 -l12
[1.347s] [35m[1mConsolidate compiler generated dependencies of target hobot_mot[0m
[1.348s] [100%] Built target hobot_mot
[1.356s] Invoked command in '/cc_ws/tros_ws/build/hobot_mot' returned '0': CMAKE_PREFIX_PATH=/opt/ros/humble /usr/bin/cmake --build /cc_ws/tros_ws/build/hobot_mot -- -j12 -l12
[1.429s] Invoking command in '/cc_ws/tros_ws/build/hobot_mot': CMAKE_PREFIX_PATH=/opt/ros/humble /usr/bin/cmake --install /cc_ws/tros_ws/build/hobot_mot
[1.527s] -- Install configuration: ""
[1.527s] -- Up-to-date: /cc_ws/tros_ws/install/lib/libhobot_mot.so
[1.528s] -- Up-to-date: /cc_ws/tros_ws/install/include/hobot_mot/hobot_mot.h
[1.528s] -- Up-to-date: /cc_ws/tros_ws/install/include/hobot_mot/mot_data_type.h
[1.528s] -- Up-to-date: /cc_ws/tros_ws/install/lib/hobot_mot/config/
[1.528s] -- Up-to-date: /cc_ws/tros_ws/install/lib/hobot_mot/config//iou2_method_param.json
[1.528s] -- Up-to-date: /cc_ws/tros_ws/install/lib/hobot_mot/config//iou2_euclid_method_param.json
[1.528s] -- Up-to-date: /cc_ws/tros_ws/install/lib/hobot_mot/config//iou_method_param.json
[1.528s] -- Up-to-date: /cc_ws/tros_ws/install/lib/hobot_mot/config//reid_method_param.json
[1.528s] -- Up-to-date: /cc_ws/tros_ws/install/lib/libhobot_mot.so
[1.529s] -- Up-to-date: /cc_ws/tros_ws/install/share/hobot_mot/environment/library_path.sh
[1.529s] -- Installing: /cc_ws/tros_ws/install/share/hobot_mot/environment/library_path.dsv
[1.529s] -- Up-to-date: /cc_ws/tros_ws/install/share/ament_index/resource_index/package_run_dependencies/hobot_mot
[1.529s] -- Up-to-date: /cc_ws/tros_ws/install/share/ament_index/resource_index/parent_prefix_path/hobot_mot
[1.529s] -- Up-to-date: /cc_ws/tros_ws/install/share/hobot_mot/environment/ament_prefix_path.sh
[1.529s] -- Installing: /cc_ws/tros_ws/install/share/hobot_mot/environment/ament_prefix_path.dsv
[1.529s] -- Up-to-date: /cc_ws/tros_ws/install/share/hobot_mot/environment/path.sh
[1.529s] -- Installing: /cc_ws/tros_ws/install/share/hobot_mot/environment/path.dsv
[1.530s] -- Up-to-date: /cc_ws/tros_ws/install/share/hobot_mot/local_setup.bash
[1.530s] -- Up-to-date: /cc_ws/tros_ws/install/share/hobot_mot/local_setup.sh
[1.530s] -- Up-to-date: /cc_ws/tros_ws/install/share/hobot_mot/local_setup.zsh
[1.530s] -- Installing: /cc_ws/tros_ws/install/share/hobot_mot/local_setup.dsv
[1.530s] -- Installing: /cc_ws/tros_ws/install/share/hobot_mot/package.dsv
[1.530s] -- Up-to-date: /cc_ws/tros_ws/install/share/ament_index/resource_index/packages/hobot_mot
[1.530s] -- Up-to-date: /cc_ws/tros_ws/install/share/hobot_mot/cmake/hobot_motExport.cmake
[1.530s] -- Up-to-date: /cc_ws/tros_ws/install/share/hobot_mot/cmake/hobot_motExport-noconfig.cmake
[1.531s] -- Up-to-date: /cc_ws/tros_ws/install/share/hobot_mot/cmake/ament_cmake_export_include_directories-extras.cmake
[1.531s] -- Up-to-date: /cc_ws/tros_ws/install/share/hobot_mot/cmake/ament_cmake_export_libraries-extras.cmake
[1.531s] -- Up-to-date: /cc_ws/tros_ws/install/share/hobot_mot/cmake/ament_cmake_export_targets-extras.cmake
[1.531s] -- Up-to-date: /cc_ws/tros_ws/install/share/hobot_mot/cmake/hobot_motConfig.cmake
[1.531s] -- Up-to-date: /cc_ws/tros_ws/install/share/hobot_mot/cmake/hobot_motConfig-version.cmake
[1.531s] -- Up-to-date: /cc_ws/tros_ws/install/share/hobot_mot/package.xml
[1.571s] Invoked command in '/cc_ws/tros_ws/build/hobot_mot' returned '0': CMAKE_PREFIX_PATH=/opt/ros/humble /usr/bin/cmake --install /cc_ws/tros_ws/build/hobot_mot
