[0.051s] Invoking command in '/cc_ws/tros_ws/build/base': CMAKE_PREFIX_PATH=/opt/ros/humble /usr/bin/cmake /cc_ws/tros_ws/tros_arm_build/packages/ros_base -DCMAKE_EXPORT_COMPILE_COMMANDS=ON --no-warn-unused-cli -DCMAKE_TOOLCHAIN_FILE=/cc_ws/tros_ws/robot_dev_config/aarch64_toolchainfile.cmake -DPLATFORM_X5=ON -DTHIRDPARTY=ON -DBUILD_TESTING=OFF -DCMAKE_BUILD_RPATH=/cc_ws/tros_ws/build/poco_vendor/poco_external_project_install/lib/;/cc_ws/tros_ws/build/libyaml_vendor/libyaml_install/lib/ -DCMAKE_INSTALL_PREFIX=/cc_ws/tros_ws/install
[0.179s] Not searching for unused variables given on the command line.
[0.179s] -- Found ament_cmake: 1.3.8 (/opt/ros/humble/share/ament_cmake/cmake)
[0.411s] [33mCMake Warning (dev) at /opt/ros/humble/share/ament_cmake_test/cmake/ament_cmake_test-extras.cmake:19 (option):
[0.412s]   Policy CMP0077 is not set: option() honors normal variables.  Run "cmake
[0.412s]   --help-policy CMP0077" for policy details.  Use the cmake_policy command to
[0.412s]   set the policy and suppress this warning.
[0.412s] 
[0.412s]   For compatibility with older versions of CMake, option is clearing the
[0.413s]   normal variable 'BUILD_TESTING'.
[0.413s] Call Stack (most recent call first):
[0.413s]   /opt/ros/humble/share/ament_cmake_test/cmake/ament_cmake_testConfig.cmake:41 (include)
[0.413s]   /opt/ros/humble/share/ament_cmake/cmake/ament_cmake_export_dependencies-extras.cmake:21 (find_package)
[0.414s]   /opt/ros/humble/share/ament_cmake/cmake/ament_cmakeConfig.cmake:41 (include)
[0.414s]   CMakeLists.txt:4 (find_package)
[0.414s] This warning is for project developers.  Use -Wno-dev to suppress it.
[0.414s] [0m
[0.694s] -- Configuring done
[0.723s] -- Generating done
[0.727s] -- Build files have been written to: /cc_ws/tros_ws/build/base
[0.739s] Invoked command in '/cc_ws/tros_ws/build/base' returned '0': CMAKE_PREFIX_PATH=/opt/ros/humble /usr/bin/cmake /cc_ws/tros_ws/tros_arm_build/packages/ros_base -DCMAKE_EXPORT_COMPILE_COMMANDS=ON --no-warn-unused-cli -DCMAKE_TOOLCHAIN_FILE=/cc_ws/tros_ws/robot_dev_config/aarch64_toolchainfile.cmake -DPLATFORM_X5=ON -DTHIRDPARTY=ON -DBUILD_TESTING=OFF -DCMAKE_BUILD_RPATH=/cc_ws/tros_ws/build/poco_vendor/poco_external_project_install/lib/;/cc_ws/tros_ws/build/libyaml_vendor/libyaml_install/lib/ -DCMAKE_INSTALL_PREFIX=/cc_ws/tros_ws/install
[0.757s] Invoking command in '/cc_ws/tros_ws/build/base': CMAKE_PREFIX_PATH=/opt/ros/humble /usr/bin/cmake --build /cc_ws/tros_ws/build/base -- -j12 -l12
[2.509s] Invoked command in '/cc_ws/tros_ws/build/base' returned '0': CMAKE_PREFIX_PATH=/opt/ros/humble /usr/bin/cmake --build /cc_ws/tros_ws/build/base -- -j12 -l12
[2.643s] Invoking command in '/cc_ws/tros_ws/build/base': CMAKE_PREFIX_PATH=/opt/ros/humble /usr/bin/cmake --install /cc_ws/tros_ws/build/base
[2.913s] -- Install configuration: ""
[2.914s] -- Up-to-date: /cc_ws/tros_ws/install/share/ament_index/resource_index/package_run_dependencies/base
[2.914s] -- Up-to-date: /cc_ws/tros_ws/install/share/ament_index/resource_index/parent_prefix_path/base
[2.914s] -- Up-to-date: /cc_ws/tros_ws/install/share/base/environment/ament_prefix_path.sh
[2.915s] -- Installing: /cc_ws/tros_ws/install/share/base/environment/ament_prefix_path.dsv
[2.915s] -- Up-to-date: /cc_ws/tros_ws/install/share/base/environment/path.sh
[2.915s] -- Installing: /cc_ws/tros_ws/install/share/base/environment/path.dsv
[2.915s] -- Up-to-date: /cc_ws/tros_ws/install/share/base/local_setup.bash
[2.915s] -- Up-to-date: /cc_ws/tros_ws/install/share/base/local_setup.sh
[2.916s] -- Up-to-date: /cc_ws/tros_ws/install/share/base/local_setup.zsh
[2.916s] -- Installing: /cc_ws/tros_ws/install/share/base/local_setup.dsv
[2.916s] -- Installing: /cc_ws/tros_ws/install/share/base/package.dsv
[2.916s] -- Up-to-date: /cc_ws/tros_ws/install/share/ament_index/resource_index/packages/base
[2.917s] -- Up-to-date: /cc_ws/tros_ws/install/share/base/cmake/baseConfig.cmake
[2.917s] -- Up-to-date: /cc_ws/tros_ws/install/share/base/cmake/baseConfig-version.cmake
[2.917s] -- Up-to-date: /cc_ws/tros_ws/install/share/base/package.xml
[2.952s] Invoked command in '/cc_ws/tros_ws/build/base' returned '0': CMAKE_PREFIX_PATH=/opt/ros/humble /usr/bin/cmake --install /cc_ws/tros_ws/build/base
