[0.124s] Invoking command in '/cc_ws/tros_ws/build/elevation_net': AMENT_PREFIX_PATH=/cc_ws/tros_ws/install:${AMENT_PREFIX_PATH} CMAKE_PREFIX_PATH=/cc_ws/tros_ws/install:/opt/ros/humble LD_LIBRARY_PATH=/cc_ws/tros_ws/install/lib:/opt/ros/humble/opt/rviz_ogre_vendor/lib:/opt/ros/humble/lib/aarch64-linux-gnu:/opt/ros/humble/lib:/cc_ws/userdata/hobot/opt/hobot/deps PYTHONPATH=/cc_ws/tros_ws/install/lib/python3.10/site-packages:/cc_ws/tros_ws/install/local/lib/python3.10/dist-packages:${PYTHONPATH} /usr/bin/cmake /cc_ws/tros_ws/src/box/hobot_perception/elevation_net -DCMAKE_EXPORT_COMPILE_COMMANDS=ON --no-warn-unused-cli -DCMAKE_TOOLCHAIN_FILE=/cc_ws/tros_ws/robot_dev_config/aarch64_toolchainfile.cmake -DPLATFORM_X5=ON -DTHIRDPARTY=ON -DBUILD_TESTING=OFF -DCMAKE_BUILD_RPATH=/cc_ws/tros_ws/build/poco_vendor/poco_external_project_install/lib/;/cc_ws/tros_ws/build/libyaml_vendor/libyaml_install/lib/ -DCMAKE_INSTALL_PREFIX=/cc_ws/tros_ws/install
[0.141s] Not searching for unused variables given on the command line.
[0.161s] -- Found ament_cmake: 1.3.8 (/opt/ros/humble/share/ament_cmake/cmake)
[0.403s] [33mCMake Warning (dev) at /opt/ros/humble/share/ament_cmake_test/cmake/ament_cmake_test-extras.cmake:19 (option):
[0.403s]   Policy CMP0077 is not set: option() honors normal variables.  Run "cmake
[0.403s]   --help-policy CMP0077" for policy details.  Use the cmake_policy command to
[0.403s]   set the policy and suppress this warning.
[0.403s] 
[0.403s]   For compatibility with older versions of CMake, option is clearing the
[0.404s]   normal variable 'BUILD_TESTING'.
[0.404s] Call Stack (most recent call first):
[0.404s]   /opt/ros/humble/share/ament_cmake_test/cmake/ament_cmake_testConfig.cmake:41 (include)
[0.404s]   /opt/ros/humble/share/ament_cmake/cmake/ament_cmake_export_dependencies-extras.cmake:21 (find_package)
[0.404s]   /opt/ros/humble/share/ament_cmake/cmake/ament_cmakeConfig.cmake:41 (include)
[0.404s]   CMakeLists.txt:33 (find_package)
[0.404s] This warning is for project developers.  Use -Wno-dev to suppress it.
[0.404s] [0m
[0.405s] -- Found rclcpp: 16.0.8 (/opt/ros/humble/share/rclcpp/cmake)
[0.472s] -- Found rosidl_generator_c: 3.1.5 (/opt/ros/humble/share/rosidl_generator_c/cmake)
[0.472s] -- Found rosidl_adapter: 3.1.5 (/opt/ros/humble/share/rosidl_adapter/cmake)
[0.483s] -- Found rosidl_generator_cpp: 3.1.5 (/opt/ros/humble/share/rosidl_generator_cpp/cmake)
[0.508s] -- Using all available rosidl_typesupport_c: rosidl_typesupport_fastrtps_c;rosidl_typesupport_introspection_c
[0.540s] -- Using all available rosidl_typesupport_cpp: rosidl_typesupport_fastrtps_cpp;rosidl_typesupport_introspection_cpp
[0.654s] -- Found rmw_implementation_cmake: 6.1.1 (/opt/ros/humble/share/rmw_implementation_cmake/cmake)
[0.657s] -- Found rmw_fastrtps_cpp: 6.2.6 (/opt/ros/humble/share/rmw_fastrtps_cpp/cmake)
[0.984s] -- Using RMW implementation 'rmw_fastrtps_cpp' as default
[1.734s] -- Found sensor_msgs: 4.2.3 (/opt/ros/humble/share/sensor_msgs/cmake)
[2.488s] -- Found ai_msgs: 2.0.1 (/cc_ws/tros_ws/robot_dev_config/../install/share/ai_msgs/cmake)
[3.380s] -- Found dnn_node: 2.5.4 (/cc_ws/tros_ws/robot_dev_config/../install/share/dnn_node/cmake)
[3.390s] [0mnot using cv_bridge pkg[0m
[3.399s] -- Found hbm_img_msgs: 2.0.0 (/cc_ws/tros_ws/robot_dev_config/../install/share/hbm_img_msgs/cmake)
[3.549s] [0mbuild platform X5[0m
[3.549s] [0mSYS_ROOT is /cc_ws/tros_ws/robot_dev_config/../../sysroot_docker[0m
[4.216s] -- Configuring done
[4.289s] -- Generating done
[4.290s] -- Build files have been written to: /cc_ws/tros_ws/build/elevation_net
[4.380s] Invoked command in '/cc_ws/tros_ws/build/elevation_net' returned '0': AMENT_PREFIX_PATH=/cc_ws/tros_ws/install:${AMENT_PREFIX_PATH} CMAKE_PREFIX_PATH=/cc_ws/tros_ws/install:/opt/ros/humble LD_LIBRARY_PATH=/cc_ws/tros_ws/install/lib:/opt/ros/humble/opt/rviz_ogre_vendor/lib:/opt/ros/humble/lib/aarch64-linux-gnu:/opt/ros/humble/lib:/cc_ws/userdata/hobot/opt/hobot/deps PYTHONPATH=/cc_ws/tros_ws/install/lib/python3.10/site-packages:/cc_ws/tros_ws/install/local/lib/python3.10/dist-packages:${PYTHONPATH} /usr/bin/cmake /cc_ws/tros_ws/src/box/hobot_perception/elevation_net -DCMAKE_EXPORT_COMPILE_COMMANDS=ON --no-warn-unused-cli -DCMAKE_TOOLCHAIN_FILE=/cc_ws/tros_ws/robot_dev_config/aarch64_toolchainfile.cmake -DPLATFORM_X5=ON -DTHIRDPARTY=ON -DBUILD_TESTING=OFF -DCMAKE_BUILD_RPATH=/cc_ws/tros_ws/build/poco_vendor/poco_external_project_install/lib/;/cc_ws/tros_ws/build/libyaml_vendor/libyaml_install/lib/ -DCMAKE_INSTALL_PREFIX=/cc_ws/tros_ws/install
[4.381s] Invoking command in '/cc_ws/tros_ws/build/elevation_net': AMENT_PREFIX_PATH=/cc_ws/tros_ws/install:${AMENT_PREFIX_PATH} CMAKE_PREFIX_PATH=/cc_ws/tros_ws/install:/opt/ros/humble LD_LIBRARY_PATH=/cc_ws/tros_ws/install/lib:/opt/ros/humble/opt/rviz_ogre_vendor/lib:/opt/ros/humble/lib/aarch64-linux-gnu:/opt/ros/humble/lib:/cc_ws/userdata/hobot/opt/hobot/deps PYTHONPATH=/cc_ws/tros_ws/install/lib/python3.10/site-packages:/cc_ws/tros_ws/install/local/lib/python3.10/dist-packages:${PYTHONPATH} /usr/bin/cmake --build /cc_ws/tros_ws/build/elevation_net -- -j12 -l12
[4.603s] [35m[1mConsolidate compiler generated dependencies of target elevation_net[0m
[4.606s] [35m[1mConsolidate compiler generated dependencies of target image_publisher[0m
[4.767s] [ 37%] Built target image_publisher
[4.772s] [100%] Built target elevation_net
[4.916s] Invoked command in '/cc_ws/tros_ws/build/elevation_net' returned '0': AMENT_PREFIX_PATH=/cc_ws/tros_ws/install:${AMENT_PREFIX_PATH} CMAKE_PREFIX_PATH=/cc_ws/tros_ws/install:/opt/ros/humble LD_LIBRARY_PATH=/cc_ws/tros_ws/install/lib:/opt/ros/humble/opt/rviz_ogre_vendor/lib:/opt/ros/humble/lib/aarch64-linux-gnu:/opt/ros/humble/lib:/cc_ws/userdata/hobot/opt/hobot/deps PYTHONPATH=/cc_ws/tros_ws/install/lib/python3.10/site-packages:/cc_ws/tros_ws/install/local/lib/python3.10/dist-packages:${PYTHONPATH} /usr/bin/cmake --build /cc_ws/tros_ws/build/elevation_net -- -j12 -l12
[5.444s] Invoking command in '/cc_ws/tros_ws/build/elevation_net': AMENT_PREFIX_PATH=/cc_ws/tros_ws/install:${AMENT_PREFIX_PATH} CMAKE_PREFIX_PATH=/cc_ws/tros_ws/install:/opt/ros/humble LD_LIBRARY_PATH=/cc_ws/tros_ws/install/lib:/opt/ros/humble/opt/rviz_ogre_vendor/lib:/opt/ros/humble/lib/aarch64-linux-gnu:/opt/ros/humble/lib:/cc_ws/userdata/hobot/opt/hobot/deps PYTHONPATH=/cc_ws/tros_ws/install/lib/python3.10/site-packages:/cc_ws/tros_ws/install/local/lib/python3.10/dist-packages:${PYTHONPATH} /usr/bin/cmake --install /cc_ws/tros_ws/build/elevation_net
[5.486s] -- Install configuration: ""
[5.500s] -- Up-to-date: /cc_ws/tros_ws/install/lib/elevation_net/elevation_net
[5.502s] -- Up-to-date: /cc_ws/tros_ws/install/lib/elevation_net/image_publisher
[5.503s] -- Up-to-date: /cc_ws/tros_ws/install/lib/elevation_net/config/
[5.505s] -- Up-to-date: /cc_ws/tros_ws/install/lib/elevation_net/config//elevation.hbm
[5.505s] -- Up-to-date: /cc_ws/tros_ws/install/lib/elevation_net/config//images
[5.506s] -- Up-to-date: /cc_ws/tros_ws/install/lib/elevation_net/config//images/charging_base.png
[5.506s] -- Up-to-date: /cc_ws/tros_ws/install/lib/elevation_net/config/elevation.yaml
[5.506s] -- Up-to-date: /cc_ws/tros_ws/install/share/elevation_net/launch
[5.507s] -- Up-to-date: /cc_ws/tros_ws/install/share/elevation_net/launch/elevation_net.launch.py
[5.507s] -- Up-to-date: /cc_ws/tros_ws/install/share/ament_index/resource_index/package_run_dependencies/elevation_net
[5.507s] -- Up-to-date: /cc_ws/tros_ws/install/share/ament_index/resource_index/parent_prefix_path/elevation_net
[5.507s] -- Up-to-date: /cc_ws/tros_ws/install/share/elevation_net/environment/ament_prefix_path.sh
[5.508s] -- Installing: /cc_ws/tros_ws/install/share/elevation_net/environment/ament_prefix_path.dsv
[5.508s] -- Up-to-date: /cc_ws/tros_ws/install/share/elevation_net/environment/path.sh
[5.508s] -- Installing: /cc_ws/tros_ws/install/share/elevation_net/environment/path.dsv
[5.508s] -- Up-to-date: /cc_ws/tros_ws/install/share/elevation_net/local_setup.bash
[5.509s] -- Up-to-date: /cc_ws/tros_ws/install/share/elevation_net/local_setup.sh
[5.509s] -- Up-to-date: /cc_ws/tros_ws/install/share/elevation_net/local_setup.zsh
[5.509s] -- Installing: /cc_ws/tros_ws/install/share/elevation_net/local_setup.dsv
[5.509s] -- Installing: /cc_ws/tros_ws/install/share/elevation_net/package.dsv
[5.510s] -- Up-to-date: /cc_ws/tros_ws/install/share/ament_index/resource_index/packages/elevation_net
[5.510s] -- Up-to-date: /cc_ws/tros_ws/install/share/elevation_net/cmake/elevation_netConfig.cmake
[5.511s] -- Up-to-date: /cc_ws/tros_ws/install/share/elevation_net/cmake/elevation_netConfig-version.cmake
[5.511s] -- Up-to-date: /cc_ws/tros_ws/install/share/elevation_net/package.xml
[5.741s] Invoked command in '/cc_ws/tros_ws/build/elevation_net' returned '0': AMENT_PREFIX_PATH=/cc_ws/tros_ws/install:${AMENT_PREFIX_PATH} CMAKE_PREFIX_PATH=/cc_ws/tros_ws/install:/opt/ros/humble LD_LIBRARY_PATH=/cc_ws/tros_ws/install/lib:/opt/ros/humble/opt/rviz_ogre_vendor/lib:/opt/ros/humble/lib/aarch64-linux-gnu:/opt/ros/humble/lib:/cc_ws/userdata/hobot/opt/hobot/deps PYTHONPATH=/cc_ws/tros_ws/install/lib/python3.10/site-packages:/cc_ws/tros_ws/install/local/lib/python3.10/dist-packages:${PYTHONPATH} /usr/bin/cmake --install /cc_ws/tros_ws/build/elevation_net
