Not searching for unused variables given on the command line.
-- Found ament_cmake: 1.3.8 (/opt/ros/humble/share/ament_cmake/cmake)
-- Configuring done
-- Generating done
-- Build files have been written to: /cc_ws/tros_ws/build/hobot_chatbot
-- Install configuration: ""
-- Up-to-date: /cc_ws/tros_ws/install/share/hobot_chatbot/launch
-- Up-to-date: /cc_ws/tros_ws/install/share/hobot_chatbot/launch/chatbot.launch.py
-- Up-to-date: /cc_ws/tros_ws/install/share/ament_index/resource_index/package_run_dependencies/hobot_chatbot
-- Up-to-date: /cc_ws/tros_ws/install/share/ament_index/resource_index/parent_prefix_path/hobot_chatbot
-- Up-to-date: /cc_ws/tros_ws/install/share/hobot_chatbot/environment/ament_prefix_path.sh
-- Installing: /cc_ws/tros_ws/install/share/hobot_chatbot/environment/ament_prefix_path.dsv
-- Up-to-date: /cc_ws/tros_ws/install/share/hobot_chatbot/environment/path.sh
-- Installing: /cc_ws/tros_ws/install/share/hobot_chatbot/environment/path.dsv
-- Up-to-date: /cc_ws/tros_ws/install/share/hobot_chatbot/local_setup.bash
-- Up-to-date: /cc_ws/tros_ws/install/share/hobot_chatbot/local_setup.sh
-- Up-to-date: /cc_ws/tros_ws/install/share/hobot_chatbot/local_setup.zsh
-- Installing: /cc_ws/tros_ws/install/share/hobot_chatbot/local_setup.dsv
-- Installing: /cc_ws/tros_ws/install/share/hobot_chatbot/package.dsv
-- Up-to-date: /cc_ws/tros_ws/install/share/ament_index/resource_index/packages/hobot_chatbot
-- Up-to-date: /cc_ws/tros_ws/install/share/hobot_chatbot/cmake/hobot_chatbotConfig.cmake
-- Up-to-date: /cc_ws/tros_ws/install/share/hobot_chatbot/cmake/hobot_chatbotConfig-version.cmake
-- Up-to-date: /cc_ws/tros_ws/install/share/hobot_chatbot/package.xml
