[0.070s] Invoking command in '/cc_ws/tros_ws/build/hobot_chatbot': CMAKE_PREFIX_PATH=/opt/ros/humble /usr/bin/cmake /cc_ws/tros_ws/src/app/hobot_chatbot -DCMAKE_EXPORT_COMPILE_COMMANDS=ON --no-warn-unused-cli -DCMAKE_TOOLCHAIN_FILE=/cc_ws/tros_ws/robot_dev_config/aarch64_toolchainfile.cmake -DPLATFORM_X5=ON -DTHIRDPARTY=ON -DBUILD_TESTING=OFF -DCMAKE_BUILD_RPATH=/cc_ws/tros_ws/build/poco_vendor/poco_external_project_install/lib/;/cc_ws/tros_ws/build/libyaml_vendor/libyaml_install/lib/ -DCMAKE_INSTALL_PREFIX=/cc_ws/tros_ws/install
[0.136s] Not searching for unused variables given on the command line.
[0.136s] -- Found ament_cmake: 1.3.8 (/opt/ros/humble/share/ament_cmake/cmake)
[0.495s] [33mCMake Warning (dev) at /opt/ros/humble/share/ament_cmake_test/cmake/ament_cmake_test-extras.cmake:19 (option):
[0.496s]   Policy CMP0077 is not set: option() honors normal variables.  Run "cmake
[0.496s]   --help-policy CMP0077" for policy details.  Use the cmake_policy command to
[0.496s]   set the policy and suppress this warning.
[0.496s] 
[0.496s]   For compatibility with older versions of CMake, option is clearing the
[0.497s]   normal variable 'BUILD_TESTING'.
[0.497s] Call Stack (most recent call first):
[0.497s]   /opt/ros/humble/share/ament_cmake_test/cmake/ament_cmake_testConfig.cmake:41 (include)
[0.497s]   /opt/ros/humble/share/ament_cmake/cmake/ament_cmake_export_dependencies-extras.cmake:21 (find_package)
[0.497s]   /opt/ros/humble/share/ament_cmake/cmake/ament_cmakeConfig.cmake:41 (include)
[0.497s]   CMakeLists.txt:19 (find_package)
[0.498s] This warning is for project developers.  Use -Wno-dev to suppress it.
[0.498s] [0m
[0.679s] -- Configuring done
[0.680s] -- Generating done
[0.681s] -- Build files have been written to: /cc_ws/tros_ws/build/hobot_chatbot
[0.729s] Invoked command in '/cc_ws/tros_ws/build/hobot_chatbot' returned '0': CMAKE_PREFIX_PATH=/opt/ros/humble /usr/bin/cmake /cc_ws/tros_ws/src/app/hobot_chatbot -DCMAKE_EXPORT_COMPILE_COMMANDS=ON --no-warn-unused-cli -DCMAKE_TOOLCHAIN_FILE=/cc_ws/tros_ws/robot_dev_config/aarch64_toolchainfile.cmake -DPLATFORM_X5=ON -DTHIRDPARTY=ON -DBUILD_TESTING=OFF -DCMAKE_BUILD_RPATH=/cc_ws/tros_ws/build/poco_vendor/poco_external_project_install/lib/;/cc_ws/tros_ws/build/libyaml_vendor/libyaml_install/lib/ -DCMAKE_INSTALL_PREFIX=/cc_ws/tros_ws/install
[0.730s] Invoking command in '/cc_ws/tros_ws/build/hobot_chatbot': CMAKE_PREFIX_PATH=/opt/ros/humble /usr/bin/cmake --build /cc_ws/tros_ws/build/hobot_chatbot -- -j12 -l12
[0.858s] Invoked command in '/cc_ws/tros_ws/build/hobot_chatbot' returned '0': CMAKE_PREFIX_PATH=/opt/ros/humble /usr/bin/cmake --build /cc_ws/tros_ws/build/hobot_chatbot -- -j12 -l12
[0.920s] Invoking command in '/cc_ws/tros_ws/build/hobot_chatbot': CMAKE_PREFIX_PATH=/opt/ros/humble /usr/bin/cmake --install /cc_ws/tros_ws/build/hobot_chatbot
[0.933s] -- Install configuration: ""
[0.934s] -- Up-to-date: /cc_ws/tros_ws/install/share/hobot_chatbot/launch
[0.934s] -- Up-to-date: /cc_ws/tros_ws/install/share/hobot_chatbot/launch/chatbot.launch.py
[0.934s] -- Up-to-date: /cc_ws/tros_ws/install/share/ament_index/resource_index/package_run_dependencies/hobot_chatbot
[0.934s] -- Up-to-date: /cc_ws/tros_ws/install/share/ament_index/resource_index/parent_prefix_path/hobot_chatbot
[0.934s] -- Up-to-date: /cc_ws/tros_ws/install/share/hobot_chatbot/environment/ament_prefix_path.sh
[0.934s] -- Installing: /cc_ws/tros_ws/install/share/hobot_chatbot/environment/ament_prefix_path.dsv
[0.934s] -- Up-to-date: /cc_ws/tros_ws/install/share/hobot_chatbot/environment/path.sh
[0.934s] -- Installing: /cc_ws/tros_ws/install/share/hobot_chatbot/environment/path.dsv
[0.935s] -- Up-to-date: /cc_ws/tros_ws/install/share/hobot_chatbot/local_setup.bash
[0.935s] -- Up-to-date: /cc_ws/tros_ws/install/share/hobot_chatbot/local_setup.sh
[0.935s] -- Up-to-date: /cc_ws/tros_ws/install/share/hobot_chatbot/local_setup.zsh
[0.935s] -- Installing: /cc_ws/tros_ws/install/share/hobot_chatbot/local_setup.dsv
[0.935s] -- Installing: /cc_ws/tros_ws/install/share/hobot_chatbot/package.dsv
[0.935s] -- Up-to-date: /cc_ws/tros_ws/install/share/ament_index/resource_index/packages/hobot_chatbot
[0.935s] -- Up-to-date: /cc_ws/tros_ws/install/share/hobot_chatbot/cmake/hobot_chatbotConfig.cmake
[0.935s] -- Up-to-date: /cc_ws/tros_ws/install/share/hobot_chatbot/cmake/hobot_chatbotConfig-version.cmake
[0.935s] -- Up-to-date: /cc_ws/tros_ws/install/share/hobot_chatbot/package.xml
[0.958s] Invoked command in '/cc_ws/tros_ws/build/hobot_chatbot' returned '0': CMAKE_PREFIX_PATH=/opt/ros/humble /usr/bin/cmake --install /cc_ws/tros_ws/build/hobot_chatbot
