[0.050s] Invoking command in '/cc_ws/tros_ws/build/ai_msgs': CMAKE_PREFIX_PATH=/opt/ros/humble /usr/bin/cmake /cc_ws/tros_ws/src/box/hobot_msgs/ai_msgs -DCMAKE_EXPORT_COMPILE_COMMANDS=ON --no-warn-unused-cli -DCMAKE_TOOLCHAIN_FILE=/cc_ws/tros_ws/robot_dev_config/aarch64_toolchainfile.cmake -DPLATFORM_X5=ON -DTHIRDPARTY=ON -DBUILD_TESTING=OFF -DCMAKE_BUILD_RPATH=/cc_ws/tros_ws/build/poco_vendor/poco_external_project_install/lib/;/cc_ws/tros_ws/build/libyaml_vendor/libyaml_install/lib/ -DCMAKE_INSTALL_PREFIX=/cc_ws/tros_ws/install
[0.099s] Not searching for unused variables given on the command line.
[0.113s] -- Found ament_cmake: 1.3.8 (/opt/ros/humble/share/ament_cmake/cmake)
[0.403s] [33mCMake Warning (dev) at /opt/ros/humble/share/ament_cmake_test/cmake/ament_cmake_test-extras.cmake:19 (option):
[0.403s]   Policy CMP0077 is not set: option() honors normal variables.  Run "cmake
[0.403s]   --help-policy CMP0077" for policy details.  Use the cmake_policy command to
[0.403s]   set the policy and suppress this warning.
[0.403s] 
[0.403s]   For compatibility with older versions of CMake, option is clearing the
[0.403s]   normal variable 'BUILD_TESTING'.
[0.403s] Call Stack (most recent call first):
[0.404s]   /opt/ros/humble/share/ament_cmake_test/cmake/ament_cmake_testConfig.cmake:41 (include)
[0.404s]   /opt/ros/humble/share/ament_cmake/cmake/ament_cmake_export_dependencies-extras.cmake:21 (find_package)
[0.404s]   /opt/ros/humble/share/ament_cmake/cmake/ament_cmakeConfig.cmake:41 (include)
[0.404s]   CMakeLists.txt:33 (find_package)
[0.404s] This warning is for project developers.  Use -Wno-dev to suppress it.
[0.404s] [0m
[0.404s] -- Found std_msgs: 4.2.3 (/opt/ros/humble/share/std_msgs/cmake)
[0.444s] -- Found rosidl_generator_c: 3.1.5 (/opt/ros/humble/share/rosidl_generator_c/cmake)
[0.448s] -- Found rosidl_adapter: 3.1.5 (/opt/ros/humble/share/rosidl_adapter/cmake)
[0.458s] -- Found rosidl_generator_cpp: 3.1.5 (/opt/ros/humble/share/rosidl_generator_cpp/cmake)
[0.479s] -- Using all available rosidl_typesupport_c: rosidl_typesupport_fastrtps_c;rosidl_typesupport_introspection_c
[0.510s] -- Using all available rosidl_typesupport_cpp: rosidl_typesupport_fastrtps_cpp;rosidl_typesupport_introspection_cpp
[0.611s] -- Found geometry_msgs: 4.2.3 (/opt/ros/humble/share/geometry_msgs/cmake)
[0.734s] -- Found sensor_msgs: 4.2.3 (/opt/ros/humble/share/sensor_msgs/cmake)
[0.907s] -- Found rosidl_default_generators: 1.2.0 (/opt/ros/humble/share/rosidl_default_generators/cmake)
[1.651s] -- Found ament_cmake_ros: 0.10.0 (/opt/ros/humble/share/ament_cmake_ros/cmake)
[2.590s] -- Using all available rosidl_typesupport_c: rosidl_typesupport_fastrtps_c;rosidl_typesupport_introspection_c
[2.949s] -- Using all available rosidl_typesupport_cpp: rosidl_typesupport_fastrtps_cpp;rosidl_typesupport_introspection_cpp
[2.986s] -- Found python_cmake_module: 0.10.0 (/opt/ros/humble/share/python_cmake_module/cmake)
[3.063s] -- Using PYTHON_EXECUTABLE: /usr/bin/python3
[3.063s] -- Using PYTHON_INCLUDE_DIRS: /cc_ws/tros_ws/robot_dev_config/../../sysroot_docker/usr/include/python3.10
[3.064s] -- Using PYTHON_LIBRARIES: /cc_ws/tros_ws/robot_dev_config/../../sysroot_docker/usr/lib/aarch64-linux-gnu/libpython3.10.so
[3.464s] -- Using numpy include directory: /usr/local/lib/python3.10/dist-packages/numpy/core/include
[3.511s] -- Configuring done
[3.749s] -- Generating done
[3.753s] -- Build files have been written to: /cc_ws/tros_ws/build/ai_msgs
[3.775s] Invoked command in '/cc_ws/tros_ws/build/ai_msgs' returned '0': CMAKE_PREFIX_PATH=/opt/ros/humble /usr/bin/cmake /cc_ws/tros_ws/src/box/hobot_msgs/ai_msgs -DCMAKE_EXPORT_COMPILE_COMMANDS=ON --no-warn-unused-cli -DCMAKE_TOOLCHAIN_FILE=/cc_ws/tros_ws/robot_dev_config/aarch64_toolchainfile.cmake -DPLATFORM_X5=ON -DTHIRDPARTY=ON -DBUILD_TESTING=OFF -DCMAKE_BUILD_RPATH=/cc_ws/tros_ws/build/poco_vendor/poco_external_project_install/lib/;/cc_ws/tros_ws/build/libyaml_vendor/libyaml_install/lib/ -DCMAKE_INSTALL_PREFIX=/cc_ws/tros_ws/install
[3.775s] Invoking command in '/cc_ws/tros_ws/build/ai_msgs': CMAKE_PREFIX_PATH=/opt/ros/humble /usr/bin/cmake --build /cc_ws/tros_ws/build/ai_msgs -- -j12 -l12
[3.910s] [  0%] Built target ai_msgs__cpp
[3.933s] [35m[1mConsolidate compiler generated dependencies of target ai_msgs__rosidl_generator_c[0m
[3.940s] [35m[1mConsolidate compiler generated dependencies of target ai_msgs__rosidl_typesupport_cpp[0m
[3.958s] [35m[1mConsolidate compiler generated dependencies of target ai_msgs__rosidl_typesupport_fastrtps_cpp[0m
[3.969s] [35m[1mConsolidate compiler generated dependencies of target ai_msgs__rosidl_typesupport_introspection_cpp[0m
[3.996s] [ 12%] Built target ai_msgs__rosidl_generator_c
[4.001s] [ 23%] Built target ai_msgs__rosidl_typesupport_fastrtps_cpp
[4.004s] [ 35%] Built target ai_msgs__rosidl_typesupport_introspection_cpp
[4.017s] [ 47%] Built target ai_msgs__rosidl_typesupport_cpp
[4.020s] [ 47%] Built target ament_cmake_python_copy_ai_msgs
[4.059s] [35m[1mConsolidate compiler generated dependencies of target ai_msgs__rosidl_typesupport_introspection_c[0m
[4.059s] [35m[1mConsolidate compiler generated dependencies of target ai_msgs__rosidl_typesupport_fastrtps_c[0m
[4.063s] [35m[1mConsolidate compiler generated dependencies of target ai_msgs__rosidl_typesupport_c[0m
[4.098s] [ 59%] Built target ai_msgs__rosidl_typesupport_introspection_c
[4.108s] [ 70%] Built target ai_msgs__rosidl_typesupport_c
[4.128s] [ 82%] Built target ai_msgs__rosidl_typesupport_fastrtps_c
[4.182s] [ 82%] Built target ai_msgs
[4.226s] [ 83%] Built target ai_msgs__py
[4.264s] [35m[1mConsolidate compiler generated dependencies of target ai_msgs__rosidl_generator_py[0m
[4.293s] [ 94%] Built target ai_msgs__rosidl_generator_py
[4.349s] [35m[1mConsolidate compiler generated dependencies of target ai_msgs__rosidl_typesupport_introspection_c__pyext[0m
[4.349s] [35m[1mConsolidate compiler generated dependencies of target ai_msgs__rosidl_typesupport_c__pyext[0m
[4.349s] [35m[1mConsolidate compiler generated dependencies of target ai_msgs__rosidl_typesupport_fastrtps_c__pyext[0m
[4.394s] [ 96%] Built target ai_msgs__rosidl_typesupport_fastrtps_c__pyext
[4.395s] [ 98%] Built target ai_msgs__rosidl_typesupport_introspection_c__pyext
[4.406s] [100%] Built target ai_msgs__rosidl_typesupport_c__pyext
[4.444s] running egg_info
[4.444s] writing ai_msgs.egg-info/PKG-INFO
[4.444s] writing dependency_links to ai_msgs.egg-info/dependency_links.txt
[4.444s] writing top-level names to ai_msgs.egg-info/top_level.txt
[4.444s] reading manifest file 'ai_msgs.egg-info/SOURCES.txt'
[4.451s] writing manifest file 'ai_msgs.egg-info/SOURCES.txt'
[4.524s] [100%] Built target ament_cmake_python_build_ai_msgs_egg
[4.556s] Invoked command in '/cc_ws/tros_ws/build/ai_msgs' returned '0': CMAKE_PREFIX_PATH=/opt/ros/humble /usr/bin/cmake --build /cc_ws/tros_ws/build/ai_msgs -- -j12 -l12
[5.544s] Invoking command in '/cc_ws/tros_ws/build/ai_msgs': CMAKE_PREFIX_PATH=/opt/ros/humble /usr/bin/cmake --install /cc_ws/tros_ws/build/ai_msgs
[5.590s] -- Install configuration: ""
[5.590s] -- Up-to-date: /cc_ws/tros_ws/install/share/ament_index/resource_index/rosidl_interfaces/ai_msgs
[5.590s] -- Up-to-date: /cc_ws/tros_ws/install/include/ai_msgs/ai_msgs
[5.590s] -- Up-to-date: /cc_ws/tros_ws/install/include/ai_msgs/ai_msgs/msg
[5.590s] -- Up-to-date: /cc_ws/tros_ws/install/include/ai_msgs/ai_msgs/msg/capture.h
[5.591s] -- Up-to-date: /cc_ws/tros_ws/install/include/ai_msgs/ai_msgs/msg/rosidl_generator_c__visibility_control.h
[5.591s] -- Up-to-date: /cc_ws/tros_ws/install/include/ai_msgs/ai_msgs/msg/point.h
[5.591s] -- Up-to-date: /cc_ws/tros_ws/install/include/ai_msgs/ai_msgs/msg/target.h
[5.591s] -- Up-to-date: /cc_ws/tros_ws/install/include/ai_msgs/ai_msgs/msg/db_result.h
[5.591s] -- Up-to-date: /cc_ws/tros_ws/install/include/ai_msgs/ai_msgs/msg/roi.h
[5.591s] -- Up-to-date: /cc_ws/tros_ws/install/include/ai_msgs/ai_msgs/msg/perception_targets.h
[5.591s] -- Up-to-date: /cc_ws/tros_ws/install/include/ai_msgs/ai_msgs/msg/attribute.h
[5.591s] -- Up-to-date: /cc_ws/tros_ws/install/include/ai_msgs/ai_msgs/msg/perf.h
[5.592s] -- Up-to-date: /cc_ws/tros_ws/install/include/ai_msgs/ai_msgs/msg/detail
[5.592s] -- Up-to-date: /cc_ws/tros_ws/install/include/ai_msgs/ai_msgs/msg/detail/attribute__type_support.h
[5.592s] -- Up-to-date: /cc_ws/tros_ws/install/include/ai_msgs/ai_msgs/msg/detail/perception_info__type_support.h
[5.592s] -- Up-to-date: /cc_ws/tros_ws/install/include/ai_msgs/ai_msgs/msg/detail/target__functions.h
[5.593s] -- Up-to-date: /cc_ws/tros_ws/install/include/ai_msgs/ai_msgs/msg/detail/target__functions.c
[5.593s] -- Up-to-date: /cc_ws/tros_ws/install/include/ai_msgs/ai_msgs/msg/detail/capture_targets__functions.c
[5.593s] -- Up-to-date: /cc_ws/tros_ws/install/include/ai_msgs/ai_msgs/msg/detail/perception_targets__functions.c
[5.593s] -- Up-to-date: /cc_ws/tros_ws/install/include/ai_msgs/ai_msgs/msg/detail/capture__type_support.h
[5.593s] -- Up-to-date: /cc_ws/tros_ws/install/include/ai_msgs/ai_msgs/msg/detail/db_result__functions.h
[5.593s] -- Up-to-date: /cc_ws/tros_ws/install/include/ai_msgs/ai_msgs/msg/detail/roi__functions.h
[5.594s] -- Up-to-date: /cc_ws/tros_ws/install/include/ai_msgs/ai_msgs/msg/detail/db_result__struct.h
[5.594s] -- Up-to-date: /cc_ws/tros_ws/install/include/ai_msgs/ai_msgs/msg/detail/capture_targets__functions.h
[5.594s] -- Up-to-date: /cc_ws/tros_ws/install/include/ai_msgs/ai_msgs/msg/detail/db_result__type_support.h
[5.594s] -- Up-to-date: /cc_ws/tros_ws/install/include/ai_msgs/ai_msgs/msg/detail/point__functions.c
[5.594s] -- Up-to-date: /cc_ws/tros_ws/install/include/ai_msgs/ai_msgs/msg/detail/capture_targets__type_support.h
[5.594s] -- Up-to-date: /cc_ws/tros_ws/install/include/ai_msgs/ai_msgs/msg/detail/attribute__functions.c
[5.594s] -- Up-to-date: /cc_ws/tros_ws/install/include/ai_msgs/ai_msgs/msg/detail/perf__functions.h
[5.594s] -- Up-to-date: /cc_ws/tros_ws/install/include/ai_msgs/ai_msgs/msg/detail/roi__functions.c
[5.595s] -- Up-to-date: /cc_ws/tros_ws/install/include/ai_msgs/ai_msgs/msg/detail/perf__type_support.h
[5.595s] -- Up-to-date: /cc_ws/tros_ws/install/include/ai_msgs/ai_msgs/msg/detail/db_result__functions.c
[5.595s] -- Up-to-date: /cc_ws/tros_ws/install/include/ai_msgs/ai_msgs/msg/detail/perception_targets__functions.h
[5.595s] -- Up-to-date: /cc_ws/tros_ws/install/include/ai_msgs/ai_msgs/msg/detail/perception_info__functions.h
[5.595s] -- Up-to-date: /cc_ws/tros_ws/install/include/ai_msgs/ai_msgs/msg/detail/point__functions.h
[5.595s] -- Up-to-date: /cc_ws/tros_ws/install/include/ai_msgs/ai_msgs/msg/detail/capture__functions.h
[5.595s] -- Up-to-date: /cc_ws/tros_ws/install/include/ai_msgs/ai_msgs/msg/detail/capture_targets__struct.h
[5.595s] -- Up-to-date: /cc_ws/tros_ws/install/include/ai_msgs/ai_msgs/msg/detail/capture__struct.h
[5.596s] -- Up-to-date: /cc_ws/tros_ws/install/include/ai_msgs/ai_msgs/msg/detail/perception_targets__struct.h
[5.596s] -- Up-to-date: /cc_ws/tros_ws/install/include/ai_msgs/ai_msgs/msg/detail/perf__struct.h
[5.596s] -- Up-to-date: /cc_ws/tros_ws/install/include/ai_msgs/ai_msgs/msg/detail/roi__struct.h
[5.596s] -- Up-to-date: /cc_ws/tros_ws/install/include/ai_msgs/ai_msgs/msg/detail/attribute__struct.h
[5.596s] -- Up-to-date: /cc_ws/tros_ws/install/include/ai_msgs/ai_msgs/msg/detail/target__type_support.h
[5.596s] -- Up-to-date: /cc_ws/tros_ws/install/include/ai_msgs/ai_msgs/msg/detail/capture__functions.c
[5.596s] -- Up-to-date: /cc_ws/tros_ws/install/include/ai_msgs/ai_msgs/msg/detail/perception_info__functions.c
[5.596s] -- Up-to-date: /cc_ws/tros_ws/install/include/ai_msgs/ai_msgs/msg/detail/target__struct.h
[5.597s] -- Up-to-date: /cc_ws/tros_ws/install/include/ai_msgs/ai_msgs/msg/detail/perception_targets__type_support.h
[5.597s] -- Up-to-date: /cc_ws/tros_ws/install/include/ai_msgs/ai_msgs/msg/detail/attribute__functions.h
[5.597s] -- Up-to-date: /cc_ws/tros_ws/install/include/ai_msgs/ai_msgs/msg/detail/perception_info__struct.h
[5.597s] -- Up-to-date: /cc_ws/tros_ws/install/include/ai_msgs/ai_msgs/msg/detail/roi__type_support.h
[5.597s] -- Up-to-date: /cc_ws/tros_ws/install/include/ai_msgs/ai_msgs/msg/detail/perf__functions.c
[5.597s] -- Up-to-date: /cc_ws/tros_ws/install/include/ai_msgs/ai_msgs/msg/detail/point__type_support.h
[5.597s] -- Up-to-date: /cc_ws/tros_ws/install/include/ai_msgs/ai_msgs/msg/detail/point__struct.h
[5.597s] -- Up-to-date: /cc_ws/tros_ws/install/include/ai_msgs/ai_msgs/msg/capture_targets.h
[5.598s] -- Up-to-date: /cc_ws/tros_ws/install/include/ai_msgs/ai_msgs/msg/perception_info.h
[5.598s] -- Up-to-date: /cc_ws/tros_ws/install/share/ai_msgs/environment/library_path.sh
[5.598s] -- Installing: /cc_ws/tros_ws/install/share/ai_msgs/environment/library_path.dsv
[5.598s] -- Up-to-date: /cc_ws/tros_ws/install/lib/libai_msgs__rosidl_generator_c.so
[5.598s] -- Up-to-date: /cc_ws/tros_ws/install/include/ai_msgs/ai_msgs
[5.598s] -- Up-to-date: /cc_ws/tros_ws/install/include/ai_msgs/ai_msgs/msg
[5.598s] -- Up-to-date: /cc_ws/tros_ws/install/include/ai_msgs/ai_msgs/msg/rosidl_typesupport_fastrtps_c__visibility_control.h
[5.598s] -- Up-to-date: /cc_ws/tros_ws/install/include/ai_msgs/ai_msgs/msg/detail
[5.599s] -- Up-to-date: /cc_ws/tros_ws/install/include/ai_msgs/ai_msgs/msg/detail/perception_targets__rosidl_typesupport_fastrtps_c.h
[5.599s] -- Up-to-date: /cc_ws/tros_ws/install/include/ai_msgs/ai_msgs/msg/detail/capture_targets__rosidl_typesupport_fastrtps_c.h
[5.599s] -- Up-to-date: /cc_ws/tros_ws/install/include/ai_msgs/ai_msgs/msg/detail/perception_info__rosidl_typesupport_fastrtps_c.h
[5.599s] -- Up-to-date: /cc_ws/tros_ws/install/include/ai_msgs/ai_msgs/msg/detail/target__rosidl_typesupport_fastrtps_c.h
[5.599s] -- Up-to-date: /cc_ws/tros_ws/install/include/ai_msgs/ai_msgs/msg/detail/roi__rosidl_typesupport_fastrtps_c.h
[5.599s] -- Up-to-date: /cc_ws/tros_ws/install/include/ai_msgs/ai_msgs/msg/detail/perf__rosidl_typesupport_fastrtps_c.h
[5.599s] -- Up-to-date: /cc_ws/tros_ws/install/include/ai_msgs/ai_msgs/msg/detail/point__rosidl_typesupport_fastrtps_c.h
[5.599s] -- Up-to-date: /cc_ws/tros_ws/install/include/ai_msgs/ai_msgs/msg/detail/attribute__rosidl_typesupport_fastrtps_c.h
[5.599s] -- Up-to-date: /cc_ws/tros_ws/install/include/ai_msgs/ai_msgs/msg/detail/db_result__rosidl_typesupport_fastrtps_c.h
[5.600s] -- Up-to-date: /cc_ws/tros_ws/install/include/ai_msgs/ai_msgs/msg/detail/capture__rosidl_typesupport_fastrtps_c.h
[5.600s] -- Up-to-date: /cc_ws/tros_ws/install/lib/libai_msgs__rosidl_typesupport_fastrtps_c.so
[5.600s] -- Up-to-date: /cc_ws/tros_ws/install/include/ai_msgs/ai_msgs
[5.600s] -- Up-to-date: /cc_ws/tros_ws/install/include/ai_msgs/ai_msgs/msg
[5.600s] -- Up-to-date: /cc_ws/tros_ws/install/include/ai_msgs/ai_msgs/msg/attribute.hpp
[5.600s] -- Up-to-date: /cc_ws/tros_ws/install/include/ai_msgs/ai_msgs/msg/point.hpp
[5.600s] -- Up-to-date: /cc_ws/tros_ws/install/include/ai_msgs/ai_msgs/msg/perf.hpp
[5.600s] -- Up-to-date: /cc_ws/tros_ws/install/include/ai_msgs/ai_msgs/msg/perception_targets.hpp
[5.601s] -- Up-to-date: /cc_ws/tros_ws/install/include/ai_msgs/ai_msgs/msg/db_result.hpp
[5.601s] -- Up-to-date: /cc_ws/tros_ws/install/include/ai_msgs/ai_msgs/msg/capture.hpp
[5.601s] -- Up-to-date: /cc_ws/tros_ws/install/include/ai_msgs/ai_msgs/msg/detail
[5.601s] -- Up-to-date: /cc_ws/tros_ws/install/include/ai_msgs/ai_msgs/msg/detail/roi__builder.hpp
[5.601s] -- Up-to-date: /cc_ws/tros_ws/install/include/ai_msgs/ai_msgs/msg/detail/roi__traits.hpp
[5.601s] -- Up-to-date: /cc_ws/tros_ws/install/include/ai_msgs/ai_msgs/msg/detail/db_result__struct.hpp
[5.601s] -- Up-to-date: /cc_ws/tros_ws/install/include/ai_msgs/ai_msgs/msg/detail/capture__traits.hpp
[5.601s] -- Up-to-date: /cc_ws/tros_ws/install/include/ai_msgs/ai_msgs/msg/detail/capture_targets__traits.hpp
[5.601s] -- Up-to-date: /cc_ws/tros_ws/install/include/ai_msgs/ai_msgs/msg/detail/perception_info__builder.hpp
[5.602s] -- Up-to-date: /cc_ws/tros_ws/install/include/ai_msgs/ai_msgs/msg/detail/point__traits.hpp
[5.602s] -- Up-to-date: /cc_ws/tros_ws/install/include/ai_msgs/ai_msgs/msg/detail/attribute__builder.hpp
[5.602s] -- Up-to-date: /cc_ws/tros_ws/install/include/ai_msgs/ai_msgs/msg/detail/db_result__builder.hpp
[5.602s] -- Up-to-date: /cc_ws/tros_ws/install/include/ai_msgs/ai_msgs/msg/detail/point__struct.hpp
[5.602s] -- Up-to-date: /cc_ws/tros_ws/install/include/ai_msgs/ai_msgs/msg/detail/target__traits.hpp
[5.602s] -- Up-to-date: /cc_ws/tros_ws/install/include/ai_msgs/ai_msgs/msg/detail/perception_info__struct.hpp
[5.602s] -- Up-to-date: /cc_ws/tros_ws/install/include/ai_msgs/ai_msgs/msg/detail/roi__struct.hpp
[5.602s] -- Up-to-date: /cc_ws/tros_ws/install/include/ai_msgs/ai_msgs/msg/detail/capture__builder.hpp
[5.603s] -- Up-to-date: /cc_ws/tros_ws/install/include/ai_msgs/ai_msgs/msg/detail/point__builder.hpp
[5.603s] -- Up-to-date: /cc_ws/tros_ws/install/include/ai_msgs/ai_msgs/msg/detail/target__builder.hpp
[5.603s] -- Up-to-date: /cc_ws/tros_ws/install/include/ai_msgs/ai_msgs/msg/detail/capture_targets__struct.hpp
[5.603s] -- Up-to-date: /cc_ws/tros_ws/install/include/ai_msgs/ai_msgs/msg/detail/db_result__traits.hpp
[5.603s] -- Up-to-date: /cc_ws/tros_ws/install/include/ai_msgs/ai_msgs/msg/detail/perception_targets__traits.hpp
[5.603s] -- Up-to-date: /cc_ws/tros_ws/install/include/ai_msgs/ai_msgs/msg/detail/attribute__traits.hpp
[5.603s] -- Up-to-date: /cc_ws/tros_ws/install/include/ai_msgs/ai_msgs/msg/detail/perf__struct.hpp
[5.603s] -- Up-to-date: /cc_ws/tros_ws/install/include/ai_msgs/ai_msgs/msg/detail/target__struct.hpp
[5.604s] -- Up-to-date: /cc_ws/tros_ws/install/include/ai_msgs/ai_msgs/msg/detail/attribute__struct.hpp
[5.604s] -- Up-to-date: /cc_ws/tros_ws/install/include/ai_msgs/ai_msgs/msg/detail/perf__traits.hpp
[5.604s] -- Up-to-date: /cc_ws/tros_ws/install/include/ai_msgs/ai_msgs/msg/detail/perf__builder.hpp
[5.624s] -- Up-to-date: /cc_ws/tros_ws/install/include/ai_msgs/ai_msgs/msg/detail/capture_targets__builder.hpp
[5.625s] -- Up-to-date: /cc_ws/tros_ws/install/include/ai_msgs/ai_msgs/msg/detail/perception_targets__builder.hpp
[5.625s] -- Up-to-date: /cc_ws/tros_ws/install/include/ai_msgs/ai_msgs/msg/detail/capture__struct.hpp
[5.625s] -- Up-to-date: /cc_ws/tros_ws/install/include/ai_msgs/ai_msgs/msg/detail/perception_targets__struct.hpp
[5.625s] -- Up-to-date: /cc_ws/tros_ws/install/include/ai_msgs/ai_msgs/msg/detail/perception_info__traits.hpp
[5.625s] -- Up-to-date: /cc_ws/tros_ws/install/include/ai_msgs/ai_msgs/msg/target.hpp
[5.625s] -- Up-to-date: /cc_ws/tros_ws/install/include/ai_msgs/ai_msgs/msg/perception_info.hpp
[5.625s] -- Up-to-date: /cc_ws/tros_ws/install/include/ai_msgs/ai_msgs/msg/capture_targets.hpp
[5.625s] -- Up-to-date: /cc_ws/tros_ws/install/include/ai_msgs/ai_msgs/msg/roi.hpp
[5.626s] -- Up-to-date: /cc_ws/tros_ws/install/include/ai_msgs/ai_msgs
[5.626s] -- Up-to-date: /cc_ws/tros_ws/install/include/ai_msgs/ai_msgs/msg
[5.626s] -- Up-to-date: /cc_ws/tros_ws/install/include/ai_msgs/ai_msgs/msg/detail
[5.626s] -- Up-to-date: /cc_ws/tros_ws/install/include/ai_msgs/ai_msgs/msg/detail/attribute__rosidl_typesupport_fastrtps_cpp.hpp
[5.626s] -- Up-to-date: /cc_ws/tros_ws/install/include/ai_msgs/ai_msgs/msg/detail/point__rosidl_typesupport_fastrtps_cpp.hpp
[5.626s] -- Up-to-date: /cc_ws/tros_ws/install/include/ai_msgs/ai_msgs/msg/detail/capture__rosidl_typesupport_fastrtps_cpp.hpp
[5.626s] -- Up-to-date: /cc_ws/tros_ws/install/include/ai_msgs/ai_msgs/msg/detail/roi__rosidl_typesupport_fastrtps_cpp.hpp
[5.626s] -- Up-to-date: /cc_ws/tros_ws/install/include/ai_msgs/ai_msgs/msg/detail/perception_info__rosidl_typesupport_fastrtps_cpp.hpp
[5.627s] -- Up-to-date: /cc_ws/tros_ws/install/include/ai_msgs/ai_msgs/msg/detail/db_result__rosidl_typesupport_fastrtps_cpp.hpp
[5.627s] -- Up-to-date: /cc_ws/tros_ws/install/include/ai_msgs/ai_msgs/msg/detail/perf__rosidl_typesupport_fastrtps_cpp.hpp
[5.627s] -- Up-to-date: /cc_ws/tros_ws/install/include/ai_msgs/ai_msgs/msg/detail/capture_targets__rosidl_typesupport_fastrtps_cpp.hpp
[5.627s] -- Up-to-date: /cc_ws/tros_ws/install/include/ai_msgs/ai_msgs/msg/detail/target__rosidl_typesupport_fastrtps_cpp.hpp
[5.627s] -- Up-to-date: /cc_ws/tros_ws/install/include/ai_msgs/ai_msgs/msg/detail/perception_targets__rosidl_typesupport_fastrtps_cpp.hpp
[5.627s] -- Up-to-date: /cc_ws/tros_ws/install/include/ai_msgs/ai_msgs/msg/detail/dds_fastrtps
[5.627s] -- Up-to-date: /cc_ws/tros_ws/install/include/ai_msgs/ai_msgs/msg/rosidl_typesupport_fastrtps_cpp__visibility_control.h
[5.627s] -- Up-to-date: /cc_ws/tros_ws/install/lib/libai_msgs__rosidl_typesupport_fastrtps_cpp.so
[5.627s] -- Up-to-date: /cc_ws/tros_ws/install/include/ai_msgs/ai_msgs
[5.627s] -- Up-to-date: /cc_ws/tros_ws/install/include/ai_msgs/ai_msgs/msg
[5.628s] -- Up-to-date: /cc_ws/tros_ws/install/include/ai_msgs/ai_msgs/msg/rosidl_typesupport_introspection_c__visibility_control.h
[5.628s] -- Up-to-date: /cc_ws/tros_ws/install/include/ai_msgs/ai_msgs/msg/detail
[5.629s] -- Up-to-date: /cc_ws/tros_ws/install/include/ai_msgs/ai_msgs/msg/detail/capture__type_support.c
[5.629s] -- Up-to-date: /cc_ws/tros_ws/install/include/ai_msgs/ai_msgs/msg/detail/perf__rosidl_typesupport_introspection_c.h
[5.629s] -- Up-to-date: /cc_ws/tros_ws/install/include/ai_msgs/ai_msgs/msg/detail/capture__rosidl_typesupport_introspection_c.h
[5.629s] -- Up-to-date: /cc_ws/tros_ws/install/include/ai_msgs/ai_msgs/msg/detail/capture_targets__rosidl_typesupport_introspection_c.h
[5.629s] -- Up-to-date: /cc_ws/tros_ws/install/include/ai_msgs/ai_msgs/msg/detail/perf__type_support.c
[5.629s] -- Up-to-date: /cc_ws/tros_ws/install/include/ai_msgs/ai_msgs/msg/detail/target__rosidl_typesupport_introspection_c.h
[5.629s] -- Up-to-date: /cc_ws/tros_ws/install/include/ai_msgs/ai_msgs/msg/detail/point__rosidl_typesupport_introspection_c.h
[5.629s] -- Up-to-date: /cc_ws/tros_ws/install/include/ai_msgs/ai_msgs/msg/detail/db_result__type_support.c
[5.630s] -- Up-to-date: /cc_ws/tros_ws/install/include/ai_msgs/ai_msgs/msg/detail/perception_targets__type_support.c
[5.630s] -- Up-to-date: /cc_ws/tros_ws/install/include/ai_msgs/ai_msgs/msg/detail/target__type_support.c
[5.630s] -- Up-to-date: /cc_ws/tros_ws/install/include/ai_msgs/ai_msgs/msg/detail/perception_info__rosidl_typesupport_introspection_c.h
[5.630s] -- Up-to-date: /cc_ws/tros_ws/install/include/ai_msgs/ai_msgs/msg/detail/roi__rosidl_typesupport_introspection_c.h
[5.630s] -- Up-to-date: /cc_ws/tros_ws/install/include/ai_msgs/ai_msgs/msg/detail/perception_targets__rosidl_typesupport_introspection_c.h
[5.630s] -- Up-to-date: /cc_ws/tros_ws/install/include/ai_msgs/ai_msgs/msg/detail/point__type_support.c
[5.630s] -- Up-to-date: /cc_ws/tros_ws/install/include/ai_msgs/ai_msgs/msg/detail/perception_info__type_support.c
[5.630s] -- Up-to-date: /cc_ws/tros_ws/install/include/ai_msgs/ai_msgs/msg/detail/attribute__type_support.c
[5.630s] -- Up-to-date: /cc_ws/tros_ws/install/include/ai_msgs/ai_msgs/msg/detail/roi__type_support.c
[5.630s] -- Up-to-date: /cc_ws/tros_ws/install/include/ai_msgs/ai_msgs/msg/detail/db_result__rosidl_typesupport_introspection_c.h
[5.631s] -- Up-to-date: /cc_ws/tros_ws/install/include/ai_msgs/ai_msgs/msg/detail/capture_targets__type_support.c
[5.631s] -- Up-to-date: /cc_ws/tros_ws/install/include/ai_msgs/ai_msgs/msg/detail/attribute__rosidl_typesupport_introspection_c.h
[5.631s] -- Up-to-date: /cc_ws/tros_ws/install/lib/libai_msgs__rosidl_typesupport_introspection_c.so
[5.631s] -- Up-to-date: /cc_ws/tros_ws/install/lib/libai_msgs__rosidl_typesupport_c.so
[5.631s] -- Up-to-date: /cc_ws/tros_ws/install/include/ai_msgs/ai_msgs
[5.632s] -- Up-to-date: /cc_ws/tros_ws/install/include/ai_msgs/ai_msgs/msg
[5.632s] -- Up-to-date: /cc_ws/tros_ws/install/include/ai_msgs/ai_msgs/msg/detail
[5.632s] -- Up-to-date: /cc_ws/tros_ws/install/include/ai_msgs/ai_msgs/msg/detail/db_result__rosidl_typesupport_introspection_cpp.hpp
[5.632s] -- Up-to-date: /cc_ws/tros_ws/install/include/ai_msgs/ai_msgs/msg/detail/roi__type_support.cpp
[5.632s] -- Up-to-date: /cc_ws/tros_ws/install/include/ai_msgs/ai_msgs/msg/detail/perception_targets__type_support.cpp
[5.632s] -- Up-to-date: /cc_ws/tros_ws/install/include/ai_msgs/ai_msgs/msg/detail/db_result__type_support.cpp
[5.632s] -- Up-to-date: /cc_ws/tros_ws/install/include/ai_msgs/ai_msgs/msg/detail/attribute__type_support.cpp
[5.632s] -- Up-to-date: /cc_ws/tros_ws/install/include/ai_msgs/ai_msgs/msg/detail/capture_targets__type_support.cpp
[5.632s] -- Up-to-date: /cc_ws/tros_ws/install/include/ai_msgs/ai_msgs/msg/detail/capture__type_support.cpp
[5.633s] -- Up-to-date: /cc_ws/tros_ws/install/include/ai_msgs/ai_msgs/msg/detail/point__rosidl_typesupport_introspection_cpp.hpp
[5.633s] -- Up-to-date: /cc_ws/tros_ws/install/include/ai_msgs/ai_msgs/msg/detail/point__type_support.cpp
[5.633s] -- Up-to-date: /cc_ws/tros_ws/install/include/ai_msgs/ai_msgs/msg/detail/perception_info__type_support.cpp
[5.633s] -- Up-to-date: /cc_ws/tros_ws/install/include/ai_msgs/ai_msgs/msg/detail/target__rosidl_typesupport_introspection_cpp.hpp
[5.633s] -- Up-to-date: /cc_ws/tros_ws/install/include/ai_msgs/ai_msgs/msg/detail/roi__rosidl_typesupport_introspection_cpp.hpp
[5.633s] -- Up-to-date: /cc_ws/tros_ws/install/include/ai_msgs/ai_msgs/msg/detail/perception_info__rosidl_typesupport_introspection_cpp.hpp
[5.633s] -- Up-to-date: /cc_ws/tros_ws/install/include/ai_msgs/ai_msgs/msg/detail/perf__type_support.cpp
[5.633s] -- Up-to-date: /cc_ws/tros_ws/install/include/ai_msgs/ai_msgs/msg/detail/capture_targets__rosidl_typesupport_introspection_cpp.hpp
[5.633s] -- Up-to-date: /cc_ws/tros_ws/install/include/ai_msgs/ai_msgs/msg/detail/perception_targets__rosidl_typesupport_introspection_cpp.hpp
[5.634s] -- Up-to-date: /cc_ws/tros_ws/install/include/ai_msgs/ai_msgs/msg/detail/capture__rosidl_typesupport_introspection_cpp.hpp
[5.634s] -- Up-to-date: /cc_ws/tros_ws/install/include/ai_msgs/ai_msgs/msg/detail/attribute__rosidl_typesupport_introspection_cpp.hpp
[5.634s] -- Up-to-date: /cc_ws/tros_ws/install/include/ai_msgs/ai_msgs/msg/detail/perf__rosidl_typesupport_introspection_cpp.hpp
[5.634s] -- Up-to-date: /cc_ws/tros_ws/install/include/ai_msgs/ai_msgs/msg/detail/target__type_support.cpp
[5.634s] -- Up-to-date: /cc_ws/tros_ws/install/lib/libai_msgs__rosidl_typesupport_introspection_cpp.so
[5.634s] -- Up-to-date: /cc_ws/tros_ws/install/lib/libai_msgs__rosidl_typesupport_cpp.so
[5.634s] -- Up-to-date: /cc_ws/tros_ws/install/share/ai_msgs/environment/pythonpath.sh
[5.634s] -- Installing: /cc_ws/tros_ws/install/share/ai_msgs/environment/pythonpath.dsv
[5.635s] -- Up-to-date: /cc_ws/tros_ws/install/local/lib/python3.10/dist-packages/ai_msgs-2.0.1-py3.10.egg-info
[5.635s] -- Installing: /cc_ws/tros_ws/install/local/lib/python3.10/dist-packages/ai_msgs-2.0.1-py3.10.egg-info/SOURCES.txt
[5.635s] -- Installing: /cc_ws/tros_ws/install/local/lib/python3.10/dist-packages/ai_msgs-2.0.1-py3.10.egg-info/PKG-INFO
[5.635s] -- Installing: /cc_ws/tros_ws/install/local/lib/python3.10/dist-packages/ai_msgs-2.0.1-py3.10.egg-info/dependency_links.txt
[5.636s] -- Installing: /cc_ws/tros_ws/install/local/lib/python3.10/dist-packages/ai_msgs-2.0.1-py3.10.egg-info/top_level.txt
[5.636s] -- Up-to-date: /cc_ws/tros_ws/install/local/lib/python3.10/dist-packages/ai_msgs
[5.636s] -- Up-to-date: /cc_ws/tros_ws/install/local/lib/python3.10/dist-packages/ai_msgs/_ai_msgs_s.ep.rosidl_typesupport_fastrtps_c.c
[5.636s] -- Up-to-date: /cc_ws/tros_ws/install/local/lib/python3.10/dist-packages/ai_msgs/_ai_msgs_s.ep.rosidl_typesupport_c.c
[5.637s] -- Up-to-date: /cc_ws/tros_ws/install/local/lib/python3.10/dist-packages/ai_msgs/msg
[5.637s] -- Up-to-date: /cc_ws/tros_ws/install/local/lib/python3.10/dist-packages/ai_msgs/msg/_perception_info.py
[5.637s] -- Up-to-date: /cc_ws/tros_ws/install/local/lib/python3.10/dist-packages/ai_msgs/msg/_perception_targets_s.c
[5.637s] -- Up-to-date: /cc_ws/tros_ws/install/local/lib/python3.10/dist-packages/ai_msgs/msg/_target.py
[5.637s] -- Up-to-date: /cc_ws/tros_ws/install/local/lib/python3.10/dist-packages/ai_msgs/msg/_perf.py
[5.637s] -- Up-to-date: /cc_ws/tros_ws/install/local/lib/python3.10/dist-packages/ai_msgs/msg/_db_result_s.c
[5.637s] -- Up-to-date: /cc_ws/tros_ws/install/local/lib/python3.10/dist-packages/ai_msgs/msg/_capture_s.c
[5.637s] -- Up-to-date: /cc_ws/tros_ws/install/local/lib/python3.10/dist-packages/ai_msgs/msg/_capture_targets.py
[5.638s] -- Up-to-date: /cc_ws/tros_ws/install/local/lib/python3.10/dist-packages/ai_msgs/msg/_perception_info_s.c
[5.638s] -- Up-to-date: /cc_ws/tros_ws/install/local/lib/python3.10/dist-packages/ai_msgs/msg/_point.py
[5.638s] -- Up-to-date: /cc_ws/tros_ws/install/local/lib/python3.10/dist-packages/ai_msgs/msg/_attribute_s.c
[5.638s] -- Up-to-date: /cc_ws/tros_ws/install/local/lib/python3.10/dist-packages/ai_msgs/msg/_db_result.py
[5.638s] -- Up-to-date: /cc_ws/tros_ws/install/local/lib/python3.10/dist-packages/ai_msgs/msg/__init__.py
[5.638s] -- Up-to-date: /cc_ws/tros_ws/install/local/lib/python3.10/dist-packages/ai_msgs/msg/_point_s.c
[5.638s] -- Up-to-date: /cc_ws/tros_ws/install/local/lib/python3.10/dist-packages/ai_msgs/msg/_perception_targets.py
[5.638s] -- Up-to-date: /cc_ws/tros_ws/install/local/lib/python3.10/dist-packages/ai_msgs/msg/_roi_s.c
[5.638s] -- Up-to-date: /cc_ws/tros_ws/install/local/lib/python3.10/dist-packages/ai_msgs/msg/_capture_targets_s.c
[5.638s] -- Up-to-date: /cc_ws/tros_ws/install/local/lib/python3.10/dist-packages/ai_msgs/msg/_capture.py
[5.639s] -- Up-to-date: /cc_ws/tros_ws/install/local/lib/python3.10/dist-packages/ai_msgs/msg/_attribute.py
[5.639s] -- Up-to-date: /cc_ws/tros_ws/install/local/lib/python3.10/dist-packages/ai_msgs/msg/_target_s.c
[5.639s] -- Up-to-date: /cc_ws/tros_ws/install/local/lib/python3.10/dist-packages/ai_msgs/msg/_roi.py
[5.639s] -- Up-to-date: /cc_ws/tros_ws/install/local/lib/python3.10/dist-packages/ai_msgs/msg/_perf_s.c
[5.639s] -- Up-to-date: /cc_ws/tros_ws/install/local/lib/python3.10/dist-packages/ai_msgs/_ai_msgs_s.ep.rosidl_typesupport_introspection_c.c
[5.639s] -- Up-to-date: /cc_ws/tros_ws/install/local/lib/python3.10/dist-packages/ai_msgs/ai_msgs_s__rosidl_typesupport_c.cpython-310-aarch64-linux-gnu.so
[5.639s] -- Installing: /cc_ws/tros_ws/install/local/lib/python3.10/dist-packages/ai_msgs/__init__.py
[5.639s] -- Up-to-date: /cc_ws/tros_ws/install/local/lib/python3.10/dist-packages/ai_msgs/ai_msgs_s__rosidl_typesupport_fastrtps_c.cpython-310-aarch64-linux-gnu.so
[5.639s] -- Up-to-date: /cc_ws/tros_ws/install/local/lib/python3.10/dist-packages/ai_msgs/libai_msgs__rosidl_generator_py.so
[5.639s] -- Up-to-date: /cc_ws/tros_ws/install/local/lib/python3.10/dist-packages/ai_msgs/ai_msgs_s__rosidl_typesupport_introspection_c.cpython-310-aarch64-linux-gnu.so
[5.673s] Listing '/cc_ws/tros_ws/install/local/lib/python3.10/dist-packages/ai_msgs'...
[5.673s] Compiling '/cc_ws/tros_ws/install/local/lib/python3.10/dist-packages/ai_msgs/__init__.py'...
[5.674s] Listing '/cc_ws/tros_ws/install/local/lib/python3.10/dist-packages/ai_msgs/msg'...
[5.680s] -- Up-to-date: /cc_ws/tros_ws/install/local/lib/python3.10/dist-packages/ai_msgs/ai_msgs_s__rosidl_typesupport_fastrtps_c.cpython-310-aarch64-linux-gnu.so
[5.680s] -- Up-to-date: /cc_ws/tros_ws/install/local/lib/python3.10/dist-packages/ai_msgs/ai_msgs_s__rosidl_typesupport_introspection_c.cpython-310-aarch64-linux-gnu.so
[5.681s] -- Up-to-date: /cc_ws/tros_ws/install/local/lib/python3.10/dist-packages/ai_msgs/ai_msgs_s__rosidl_typesupport_c.cpython-310-aarch64-linux-gnu.so
[5.684s] -- Up-to-date: /cc_ws/tros_ws/install/lib/libai_msgs__rosidl_generator_py.so
[5.684s] -- Up-to-date: /cc_ws/tros_ws/install/share/ai_msgs/msg/Attribute.idl
[5.684s] -- Up-to-date: /cc_ws/tros_ws/install/share/ai_msgs/msg/DBResult.idl
[5.684s] -- Up-to-date: /cc_ws/tros_ws/install/share/ai_msgs/msg/Capture.idl
[5.684s] -- Up-to-date: /cc_ws/tros_ws/install/share/ai_msgs/msg/Point.idl
[5.685s] -- Up-to-date: /cc_ws/tros_ws/install/share/ai_msgs/msg/Roi.idl
[5.685s] -- Up-to-date: /cc_ws/tros_ws/install/share/ai_msgs/msg/Target.idl
[5.685s] -- Up-to-date: /cc_ws/tros_ws/install/share/ai_msgs/msg/Perf.idl
[5.685s] -- Up-to-date: /cc_ws/tros_ws/install/share/ai_msgs/msg/CaptureTargets.idl
[5.685s] -- Up-to-date: /cc_ws/tros_ws/install/share/ai_msgs/msg/PerceptionTargets.idl
[5.685s] -- Up-to-date: /cc_ws/tros_ws/install/share/ai_msgs/msg/PerceptionInfo.idl
[5.685s] -- Up-to-date: /cc_ws/tros_ws/install/share/ai_msgs/msg/Attribute.msg
[5.685s] -- Up-to-date: /cc_ws/tros_ws/install/share/ai_msgs/msg/DBResult.msg
[5.686s] -- Up-to-date: /cc_ws/tros_ws/install/share/ai_msgs/msg/Capture.msg
[5.686s] -- Up-to-date: /cc_ws/tros_ws/install/share/ai_msgs/msg/Point.msg
[5.686s] -- Up-to-date: /cc_ws/tros_ws/install/share/ai_msgs/msg/Roi.msg
[5.686s] -- Up-to-date: /cc_ws/tros_ws/install/share/ai_msgs/msg/Target.msg
[5.686s] -- Up-to-date: /cc_ws/tros_ws/install/share/ai_msgs/msg/Perf.msg
[5.686s] -- Up-to-date: /cc_ws/tros_ws/install/share/ai_msgs/msg/CaptureTargets.msg
[5.686s] -- Up-to-date: /cc_ws/tros_ws/install/share/ai_msgs/msg/PerceptionTargets.msg
[5.687s] -- Up-to-date: /cc_ws/tros_ws/install/share/ai_msgs/msg/PerceptionInfo.msg
[5.687s] -- Up-to-date: /cc_ws/tros_ws/install/share/ament_index/resource_index/package_run_dependencies/ai_msgs
[5.687s] -- Up-to-date: /cc_ws/tros_ws/install/share/ament_index/resource_index/parent_prefix_path/ai_msgs
[5.687s] -- Up-to-date: /cc_ws/tros_ws/install/share/ai_msgs/environment/ament_prefix_path.sh
[5.687s] -- Installing: /cc_ws/tros_ws/install/share/ai_msgs/environment/ament_prefix_path.dsv
[5.687s] -- Up-to-date: /cc_ws/tros_ws/install/share/ai_msgs/environment/path.sh
[5.688s] -- Installing: /cc_ws/tros_ws/install/share/ai_msgs/environment/path.dsv
[5.688s] -- Up-to-date: /cc_ws/tros_ws/install/share/ai_msgs/local_setup.bash
[5.689s] -- Up-to-date: /cc_ws/tros_ws/install/share/ai_msgs/local_setup.sh
[5.689s] -- Up-to-date: /cc_ws/tros_ws/install/share/ai_msgs/local_setup.zsh
[5.693s] -- Installing: /cc_ws/tros_ws/install/share/ai_msgs/local_setup.dsv
[5.693s] -- Installing: /cc_ws/tros_ws/install/share/ai_msgs/package.dsv
[5.693s] -- Up-to-date: /cc_ws/tros_ws/install/share/ament_index/resource_index/packages/ai_msgs
[5.693s] -- Up-to-date: /cc_ws/tros_ws/install/share/ai_msgs/cmake/export_ai_msgs__rosidl_generator_cExport.cmake
[5.694s] -- Up-to-date: /cc_ws/tros_ws/install/share/ai_msgs/cmake/export_ai_msgs__rosidl_generator_cExport-noconfig.cmake
[5.694s] -- Up-to-date: /cc_ws/tros_ws/install/share/ai_msgs/cmake/export_ai_msgs__rosidl_typesupport_fastrtps_cExport.cmake
[5.694s] -- Up-to-date: /cc_ws/tros_ws/install/share/ai_msgs/cmake/export_ai_msgs__rosidl_typesupport_fastrtps_cExport-noconfig.cmake
[5.694s] -- Up-to-date: /cc_ws/tros_ws/install/share/ai_msgs/cmake/export_ai_msgs__rosidl_generator_cppExport.cmake
[5.694s] -- Up-to-date: /cc_ws/tros_ws/install/share/ai_msgs/cmake/export_ai_msgs__rosidl_typesupport_fastrtps_cppExport.cmake
[5.694s] -- Up-to-date: /cc_ws/tros_ws/install/share/ai_msgs/cmake/export_ai_msgs__rosidl_typesupport_fastrtps_cppExport-noconfig.cmake
[5.694s] -- Up-to-date: /cc_ws/tros_ws/install/share/ai_msgs/cmake/ai_msgs__rosidl_typesupport_introspection_cExport.cmake
[5.694s] -- Up-to-date: /cc_ws/tros_ws/install/share/ai_msgs/cmake/ai_msgs__rosidl_typesupport_introspection_cExport-noconfig.cmake
[5.694s] -- Up-to-date: /cc_ws/tros_ws/install/share/ai_msgs/cmake/ai_msgs__rosidl_typesupport_cExport.cmake
[5.695s] -- Up-to-date: /cc_ws/tros_ws/install/share/ai_msgs/cmake/ai_msgs__rosidl_typesupport_cExport-noconfig.cmake
[5.695s] -- Up-to-date: /cc_ws/tros_ws/install/share/ai_msgs/cmake/ai_msgs__rosidl_typesupport_introspection_cppExport.cmake
[5.695s] -- Up-to-date: /cc_ws/tros_ws/install/share/ai_msgs/cmake/ai_msgs__rosidl_typesupport_introspection_cppExport-noconfig.cmake
[5.695s] -- Up-to-date: /cc_ws/tros_ws/install/share/ai_msgs/cmake/ai_msgs__rosidl_typesupport_cppExport.cmake
[5.695s] -- Up-to-date: /cc_ws/tros_ws/install/share/ai_msgs/cmake/ai_msgs__rosidl_typesupport_cppExport-noconfig.cmake
[5.695s] -- Up-to-date: /cc_ws/tros_ws/install/share/ai_msgs/cmake/export_ai_msgs__rosidl_generator_pyExport.cmake
[5.695s] -- Up-to-date: /cc_ws/tros_ws/install/share/ai_msgs/cmake/export_ai_msgs__rosidl_generator_pyExport-noconfig.cmake
[5.696s] -- Up-to-date: /cc_ws/tros_ws/install/share/ai_msgs/cmake/rosidl_cmake-extras.cmake
[5.696s] -- Up-to-date: /cc_ws/tros_ws/install/share/ai_msgs/cmake/ament_cmake_export_dependencies-extras.cmake
[5.696s] -- Up-to-date: /cc_ws/tros_ws/install/share/ai_msgs/cmake/ament_cmake_export_include_directories-extras.cmake
[5.696s] -- Up-to-date: /cc_ws/tros_ws/install/share/ai_msgs/cmake/ament_cmake_export_libraries-extras.cmake
[5.696s] -- Up-to-date: /cc_ws/tros_ws/install/share/ai_msgs/cmake/ament_cmake_export_targets-extras.cmake
[5.696s] -- Up-to-date: /cc_ws/tros_ws/install/share/ai_msgs/cmake/rosidl_cmake_export_typesupport_targets-extras.cmake
[5.696s] -- Up-to-date: /cc_ws/tros_ws/install/share/ai_msgs/cmake/rosidl_cmake_export_typesupport_libraries-extras.cmake
[5.696s] -- Up-to-date: /cc_ws/tros_ws/install/share/ai_msgs/cmake/ai_msgsConfig.cmake
[5.697s] -- Up-to-date: /cc_ws/tros_ws/install/share/ai_msgs/cmake/ai_msgsConfig-version.cmake
[5.697s] -- Up-to-date: /cc_ws/tros_ws/install/share/ai_msgs/package.xml
[5.750s] Invoked command in '/cc_ws/tros_ws/build/ai_msgs' returned '0': CMAKE_PREFIX_PATH=/opt/ros/humble /usr/bin/cmake --install /cc_ws/tros_ws/build/ai_msgs
