[0.074s] Invoking command in '/cc_ws/tros_ws/build/hobot_usb_cam': AMENT_PREFIX_PATH=/cc_ws/tros_ws/install:${AMENT_PREFIX_PATH} CMAKE_PREFIX_PATH=/cc_ws/tros_ws/install:/opt/ros/humble LD_LIBRARY_PATH=/cc_ws/tros_ws/install/lib:/opt/ros/humble/opt/rviz_ogre_vendor/lib:/opt/ros/humble/lib/aarch64-linux-gnu:/opt/ros/humble/lib:/cc_ws/userdata/hobot/opt/hobot/deps PYTHONPATH=/cc_ws/tros_ws/install/local/lib/python3.10/dist-packages:/cc_ws/tros_ws/install/lib/python3.10/site-packages:${PYTHONPATH} /usr/bin/cmake /cc_ws/tros_ws/src/box/hobot_sensor/hobot_usb_cam -DCMAKE_EXPORT_COMPILE_COMMANDS=ON --no-warn-unused-cli -DCMAKE_TOOLCHAIN_FILE=/cc_ws/tros_ws/robot_dev_config/aarch64_toolchainfile.cmake -DPLATFORM_X5=ON -DTHIRDPARTY=ON -DBUILD_TESTING=OFF -DCMAKE_BUILD_RPATH=/cc_ws/tros_ws/build/poco_vendor/poco_external_project_install/lib/;/cc_ws/tros_ws/build/libyaml_vendor/libyaml_install/lib/ -DCMAKE_INSTALL_PREFIX=/cc_ws/tros_ws/install
[0.257s] Not searching for unused variables given on the command line.
[0.257s] -- Found hbm_img_msgs: 2.0.0 (/cc_ws/tros_ws/robot_dev_config/../install/share/hbm_img_msgs/cmake)
[0.406s] [33mCMake Warning (dev) at /opt/ros/humble/share/ament_cmake_test/cmake/ament_cmake_test-extras.cmake:19 (option):
[0.406s]   Policy CMP0077 is not set: option() honors normal variables.  Run "cmake
[0.406s]   --help-policy CMP0077" for policy details.  Use the cmake_policy command to
[0.406s]   set the policy and suppress this warning.
[0.407s] 
[0.407s]   For compatibility with older versions of CMake, option is clearing the
[0.407s]   normal variable 'BUILD_TESTING'.
[0.407s] Call Stack (most recent call first):
[0.407s]   /opt/ros/humble/share/ament_cmake_test/cmake/ament_cmake_testConfig.cmake:41 (include)
[0.407s]   /opt/ros/humble/share/ament_cmake/cmake/ament_cmake_export_dependencies-extras.cmake:21 (find_package)
[0.407s]   /opt/ros/humble/share/ament_cmake/cmake/ament_cmakeConfig.cmake:41 (include)
[0.407s]   /opt/ros/humble/share/rcutils/cmake/ament_cmake_export_dependencies-extras.cmake:21 (find_package)
[0.407s]   /opt/ros/humble/share/rcutils/cmake/rcutilsConfig.cmake:41 (include)
[0.408s]   /opt/ros/humble/share/rosidl_runtime_c/cmake/ament_cmake_export_dependencies-extras.cmake:21 (find_package)
[0.408s]   /opt/ros/humble/share/rosidl_runtime_c/cmake/rosidl_runtime_cConfig.cmake:41 (include)
[0.408s]   /opt/ros/humble/share/builtin_interfaces/cmake/ament_cmake_export_dependencies-extras.cmake:21 (find_package)
[0.408s]   /opt/ros/humble/share/builtin_interfaces/cmake/builtin_interfacesConfig.cmake:41 (include)
[0.408s]   /cc_ws/tros_ws/install/share/hbm_img_msgs/cmake/ament_cmake_export_dependencies-extras.cmake:21 (find_package)
[0.408s]   /cc_ws/tros_ws/install/share/hbm_img_msgs/cmake/hbm_img_msgsConfig.cmake:41 (include)
[0.408s]   CMakeLists.txt:32 (find_package)
[0.408s] This warning is for project developers.  Use -Wno-dev to suppress it.
[0.408s] [0m
[0.425s] -- Found rosidl_generator_c: 3.1.5 (/opt/ros/humble/share/rosidl_generator_c/cmake)
[0.437s] -- Found rosidl_adapter: 3.1.5 (/opt/ros/humble/share/rosidl_adapter/cmake)
[0.443s] -- Found rosidl_generator_cpp: 3.1.5 (/opt/ros/humble/share/rosidl_generator_cpp/cmake)
[0.476s] -- Using all available rosidl_typesupport_c: rosidl_typesupport_fastrtps_c;rosidl_typesupport_introspection_c
[0.545s] -- Using all available rosidl_typesupport_cpp: rosidl_typesupport_fastrtps_cpp;rosidl_typesupport_introspection_cpp
[0.705s] -- Found ament_cmake_auto: 1.3.8 (/opt/ros/humble/share/ament_cmake_auto/cmake)
[1.012s] -- Found rmw_implementation_cmake: 6.1.1 (/opt/ros/humble/share/rmw_implementation_cmake/cmake)
[1.015s] -- Found rmw_fastrtps_cpp: 6.2.6 (/opt/ros/humble/share/rmw_fastrtps_cpp/cmake)
[1.271s] -- Using RMW implementation 'rmw_fastrtps_cpp' as default
[1.994s] -- Found ament_lint_auto: 0.12.10 (/opt/ros/humble/share/ament_lint_auto/cmake)
[2.048s] -- Added test 'copyright' to check source files copyright and LICENSE
[2.054s] -- Added test 'cppcheck' to perform static code analysis on C / C++ code
[2.055s] -- Configured cppcheck include dirs: /cc_ws/tros_ws/src/box/hobot_sensor/hobot_usb_cam/include
[2.055s] -- Configured cppcheck exclude dirs and/or files: 
[2.066s] -- Added test 'cpplint' to check C / C++ code against the Google style
[2.066s] -- Configured cpplint exclude dirs and/or files: 
[2.067s] -- Added test 'flake8' to check Python code syntax and style conventions
[2.067s] -- Added test 'lint_cmake' to check CMake code style
[2.067s] -- Added test 'pep257' to check Python code against some of the docstring style conventions in PEP 257
[2.071s] -- Added test 'uncrustify' to check C / C++ code style
[2.072s] -- Configured uncrustify additional arguments: 
[2.073s] -- Added test 'xmllint' to check XML markup files
[2.083s] -- Configuring done
[2.169s] -- Generating done
[2.172s] -- Build files have been written to: /cc_ws/tros_ws/build/hobot_usb_cam
[2.200s] Invoked command in '/cc_ws/tros_ws/build/hobot_usb_cam' returned '0': AMENT_PREFIX_PATH=/cc_ws/tros_ws/install:${AMENT_PREFIX_PATH} CMAKE_PREFIX_PATH=/cc_ws/tros_ws/install:/opt/ros/humble LD_LIBRARY_PATH=/cc_ws/tros_ws/install/lib:/opt/ros/humble/opt/rviz_ogre_vendor/lib:/opt/ros/humble/lib/aarch64-linux-gnu:/opt/ros/humble/lib:/cc_ws/userdata/hobot/opt/hobot/deps PYTHONPATH=/cc_ws/tros_ws/install/local/lib/python3.10/dist-packages:/cc_ws/tros_ws/install/lib/python3.10/site-packages:${PYTHONPATH} /usr/bin/cmake /cc_ws/tros_ws/src/box/hobot_sensor/hobot_usb_cam -DCMAKE_EXPORT_COMPILE_COMMANDS=ON --no-warn-unused-cli -DCMAKE_TOOLCHAIN_FILE=/cc_ws/tros_ws/robot_dev_config/aarch64_toolchainfile.cmake -DPLATFORM_X5=ON -DTHIRDPARTY=ON -DBUILD_TESTING=OFF -DCMAKE_BUILD_RPATH=/cc_ws/tros_ws/build/poco_vendor/poco_external_project_install/lib/;/cc_ws/tros_ws/build/libyaml_vendor/libyaml_install/lib/ -DCMAKE_INSTALL_PREFIX=/cc_ws/tros_ws/install
[2.201s] Invoking command in '/cc_ws/tros_ws/build/hobot_usb_cam': AMENT_PREFIX_PATH=/cc_ws/tros_ws/install:${AMENT_PREFIX_PATH} CMAKE_PREFIX_PATH=/cc_ws/tros_ws/install:/opt/ros/humble LD_LIBRARY_PATH=/cc_ws/tros_ws/install/lib:/opt/ros/humble/opt/rviz_ogre_vendor/lib:/opt/ros/humble/lib/aarch64-linux-gnu:/opt/ros/humble/lib:/cc_ws/userdata/hobot/opt/hobot/deps PYTHONPATH=/cc_ws/tros_ws/install/local/lib/python3.10/dist-packages:/cc_ws/tros_ws/install/lib/python3.10/site-packages:${PYTHONPATH} /usr/bin/cmake --build /cc_ws/tros_ws/build/hobot_usb_cam -- -j12 -l12
[2.350s] [35m[1mConsolidate compiler generated dependencies of target hobot_usb_cam[0m
[2.368s] [100%] Built target hobot_usb_cam
[2.514s] Invoked command in '/cc_ws/tros_ws/build/hobot_usb_cam' returned '0': AMENT_PREFIX_PATH=/cc_ws/tros_ws/install:${AMENT_PREFIX_PATH} CMAKE_PREFIX_PATH=/cc_ws/tros_ws/install:/opt/ros/humble LD_LIBRARY_PATH=/cc_ws/tros_ws/install/lib:/opt/ros/humble/opt/rviz_ogre_vendor/lib:/opt/ros/humble/lib/aarch64-linux-gnu:/opt/ros/humble/lib:/cc_ws/userdata/hobot/opt/hobot/deps PYTHONPATH=/cc_ws/tros_ws/install/local/lib/python3.10/dist-packages:/cc_ws/tros_ws/install/lib/python3.10/site-packages:${PYTHONPATH} /usr/bin/cmake --build /cc_ws/tros_ws/build/hobot_usb_cam -- -j12 -l12
[2.673s] Invoking command in '/cc_ws/tros_ws/build/hobot_usb_cam': AMENT_PREFIX_PATH=/cc_ws/tros_ws/install:${AMENT_PREFIX_PATH} CMAKE_PREFIX_PATH=/cc_ws/tros_ws/install:/opt/ros/humble LD_LIBRARY_PATH=/cc_ws/tros_ws/install/lib:/opt/ros/humble/opt/rviz_ogre_vendor/lib:/opt/ros/humble/lib/aarch64-linux-gnu:/opt/ros/humble/lib:/cc_ws/userdata/hobot/opt/hobot/deps PYTHONPATH=/cc_ws/tros_ws/install/local/lib/python3.10/dist-packages:/cc_ws/tros_ws/install/lib/python3.10/site-packages:${PYTHONPATH} /usr/bin/cmake --install /cc_ws/tros_ws/build/hobot_usb_cam
[2.686s] -- Install configuration: ""
[2.687s] -- Up-to-date: /cc_ws/tros_ws/install/lib/hobot_usb_cam/hobot_usb_cam
[2.687s] -- Up-to-date: /cc_ws/tros_ws/install/share/hobot_usb_cam//launch
[2.687s] -- Up-to-date: /cc_ws/tros_ws/install/share/hobot_usb_cam//launch/hobot_usb_cam_websocket.launch.py
[2.687s] -- Up-to-date: /cc_ws/tros_ws/install/share/hobot_usb_cam//launch/hobot_usb_cam.launch.py
[2.688s] -- Up-to-date: /cc_ws/tros_ws/install/share/ament_index/resource_index/package_run_dependencies/hobot_usb_cam
[2.688s] -- Up-to-date: /cc_ws/tros_ws/install/share/ament_index/resource_index/parent_prefix_path/hobot_usb_cam
[2.688s] -- Up-to-date: /cc_ws/tros_ws/install/share/hobot_usb_cam/environment/ament_prefix_path.sh
[2.688s] -- Installing: /cc_ws/tros_ws/install/share/hobot_usb_cam/environment/ament_prefix_path.dsv
[2.688s] -- Up-to-date: /cc_ws/tros_ws/install/share/hobot_usb_cam/environment/path.sh
[2.688s] -- Installing: /cc_ws/tros_ws/install/share/hobot_usb_cam/environment/path.dsv
[2.688s] -- Up-to-date: /cc_ws/tros_ws/install/share/hobot_usb_cam/local_setup.bash
[2.688s] -- Up-to-date: /cc_ws/tros_ws/install/share/hobot_usb_cam/local_setup.sh
[2.689s] -- Up-to-date: /cc_ws/tros_ws/install/share/hobot_usb_cam/local_setup.zsh
[2.689s] -- Installing: /cc_ws/tros_ws/install/share/hobot_usb_cam/local_setup.dsv
[2.689s] -- Installing: /cc_ws/tros_ws/install/share/hobot_usb_cam/package.dsv
[2.690s] -- Up-to-date: /cc_ws/tros_ws/install/share/ament_index/resource_index/packages/hobot_usb_cam
[2.690s] -- Up-to-date: /cc_ws/tros_ws/install/share/hobot_usb_cam/cmake/hobot_usb_camConfig.cmake
[2.690s] -- Up-to-date: /cc_ws/tros_ws/install/share/hobot_usb_cam/cmake/hobot_usb_camConfig-version.cmake
[2.690s] -- Up-to-date: /cc_ws/tros_ws/install/share/hobot_usb_cam/package.xml
[2.694s] Invoked command in '/cc_ws/tros_ws/build/hobot_usb_cam' returned '0': AMENT_PREFIX_PATH=/cc_ws/tros_ws/install:${AMENT_PREFIX_PATH} CMAKE_PREFIX_PATH=/cc_ws/tros_ws/install:/opt/ros/humble LD_LIBRARY_PATH=/cc_ws/tros_ws/install/lib:/opt/ros/humble/opt/rviz_ogre_vendor/lib:/opt/ros/humble/lib/aarch64-linux-gnu:/opt/ros/humble/lib:/cc_ws/userdata/hobot/opt/hobot/deps PYTHONPATH=/cc_ws/tros_ws/install/local/lib/python3.10/dist-packages:/cc_ws/tros_ws/install/lib/python3.10/site-packages:${PYTHONPATH} /usr/bin/cmake --install /cc_ws/tros_ws/build/hobot_usb_cam
