[0m=> build for platform X5[0m
[0m=> SYS_ROOT is /cc_ws/tros_ws/robot_dev_config/../../sysroot_docker[0m
[33mCMake Warning (dev) at /opt/ros/humble/share/ament_cmake_test/cmake/ament_cmake_test-extras.cmake:19 (option):
  Policy CMP0077 is not set: option() honors normal variables.  Run "cmake
  --help-policy CMP0077" for policy details.  Use the cmake_policy command to
  set the policy and suppress this warning.

  For compatibility with older versions of CMake, option is clearing the
  normal variable 'BUILD_TESTING'.
Call Stack (most recent call first):
  /opt/ros/humble/share/ament_cmake_test/cmake/ament_cmake_testConfig.cmake:41 (include)
  /opt/ros/humble/share/ament_cmake/cmake/ament_cmake_export_dependencies-extras.cmake:21 (find_package)
  /opt/ros/humble/share/ament_cmake/cmake/ament_cmakeConfig.cmake:41 (include)
  CMakeLists.txt:48 (find_package)
This warning is for project developers.  Use -Wno-dev to suppress it.
[0m
[01m[K/cc_ws/tros_ws/src/box/hobot_perception/face_landmarks_detection/src/img_convert_utils.cpp:[m[K In function ‘[01m[Kvoid utils::nv12_to_bgr24_neon(uint8_t*, uint8_t*, int, int)[m[K’:
[01m[K/cc_ws/tros_ws/src/box/hobot_perception/face_landmarks_detection/src/img_convert_utils.cpp:25:15:[m[K [01;35m[Kwarning: [m[Kunused variable ‘[01m[K_vu64[m[K’ [[01;35m[K-Wunused-variable[m[K]
   25 |     uint8x8_t [01;35m[K_vu64[m[K = vdup_n_u8(64);
      |               [01;35m[K^~~~~[m[K
[01m[K/cc_ws/tros_ws/src/box/hobot_perception/face_landmarks_detection/src/img_convert_utils.cpp:[m[K In function ‘[01m[Kvoid utils::bgr24_to_nv12_neon(uint8_t*, uint8_t*, int, int)[m[K’:
[01m[K/cc_ws/tros_ws/src/box/hobot_perception/face_landmarks_detection/src/img_convert_utils.cpp:91:44:[m[K [01;35m[Kwarning: [m[Koverflow in conversion from ‘[01m[Kint[m[K’ to ‘[01m[Kint8_t[m[K’ {aka ‘[01m[Ksigned char[m[K’} changes value from ‘[01m[K128[m[K’ to ‘[01m[K-128[m[K’ [[01;35m[K-Woverflow[m[K]
   91 |     const int8x8_t s8_rounding = vdup_n_s8([01;35m[K128[m[K);
      |                                            [01;35m[K^~~[m[K
[01m[K/cc_ws/tros_ws/src/box/hobot_perception/face_landmarks_detection/src/face_landmarks_det_node.cpp:[m[K In member function ‘[01m[Kint FaceLandmarksDetNode::NormalizeRoi(const hbDNNRoi*, hbDNNRoi*, float, uint32_t, uint32_t)[m[K’:
[01m[K/cc_ws/tros_ws/src/box/hobot_perception/face_landmarks_detection/src/face_landmarks_det_node.cpp:800:27:[m[K [01;35m[Kwarning: [m[Kcomparison of integer expressions of different signedness: ‘[01m[Kint32_t[m[K’ {aka ‘[01m[Kint[m[K’} and ‘[01m[Kuint32_t[m[K’ {aka ‘[01m[Kunsigned int[m[K’} [[01;35m[K-Wsign-compare[m[K]
  800 |   dst->right = [01;35m[Kdst->right > total_w[m[K ? total_w : dst->right;
      |                [01;35m[K~~~~~~~~~~~^~~~~~~~~[m[K
[01m[K/cc_ws/tros_ws/src/box/hobot_perception/face_landmarks_detection/src/face_landmarks_det_node.cpp:801:29:[m[K [01;35m[Kwarning: [m[Kcomparison of integer expressions of different signedness: ‘[01m[Kint32_t[m[K’ {aka ‘[01m[Kint[m[K’} and ‘[01m[Kuint32_t[m[K’ {aka ‘[01m[Kunsigned int[m[K’} [[01;35m[K-Wsign-compare[m[K]
  801 |   dst->bottom = [01;35m[Kdst->bottom > total_h[m[K ? total_h : dst->bottom;
      |                 [01;35m[K~~~~~~~~~~~~^~~~~~~~~[m[K
