[0m=> build for platform X5[0m
[0m=> SYS_ROOT is /cc_ws/tros_ws/robot_dev_config/../../sysroot_docker[0m
[33mCMake Warning (dev) at /opt/ros/humble/share/ament_cmake_test/cmake/ament_cmake_test-extras.cmake:19 (option):
  Policy CMP0077 is not set: option() honors normal variables.  Run "cmake
  --help-policy CMP0077" for policy details.  Use the cmake_policy command to
  set the policy and suppress this warning.

  For compatibility with older versions of CMake, option is clearing the
  normal variable 'BUILD_TESTING'.
Call Stack (most recent call first):
  /opt/ros/humble/share/ament_cmake_test/cmake/ament_cmake_testConfig.cmake:41 (include)
  /opt/ros/humble/share/ament_cmake/cmake/ament_cmake_export_dependencies-extras.cmake:21 (find_package)
  /opt/ros/humble/share/ament_cmake/cmake/ament_cmakeConfig.cmake:41 (include)
  CMakeLists.txt:48 (find_package)
This warning is for project developers.  Use -Wno-dev to suppress it.
[0m
Not searching for unused variables given on the command line.
-- The C compiler identification is GNU 11.4.0
-- The CXX compiler identification is GNU 11.4.0
-- Detecting C compiler ABI info
-- Detecting C compiler ABI info - done
-- Check for working C compiler: /usr/bin/aarch64-linux-gnu-gcc - skipped
-- Detecting C compile features
-- Detecting C compile features - done
-- Detecting CXX compiler ABI info
-- Detecting CXX compiler ABI info - done
-- Check for working CXX compiler: /usr/bin/aarch64-linux-gnu-g++ - skipped
-- Detecting CXX compile features
-- Detecting CXX compile features - done
-- Found ament_cmake: 1.3.8 (/opt/ros/humble/share/ament_cmake/cmake)
-- Found Python3: /usr/bin/python3 (found version "3.10.12") found components: Interpreter 
-- Found OpenCV: /cc_ws/sysroot_docker/usr_x5 (found version "4.5.4") 
-- Found rclcpp: 16.0.8 (/opt/ros/humble/share/rclcpp/cmake)
-- Found rosidl_generator_c: 3.1.5 (/opt/ros/humble/share/rosidl_generator_c/cmake)
-- Found rosidl_adapter: 3.1.5 (/opt/ros/humble/share/rosidl_adapter/cmake)
-- Found rosidl_generator_cpp: 3.1.5 (/opt/ros/humble/share/rosidl_generator_cpp/cmake)
-- Using all available rosidl_typesupport_c: rosidl_typesupport_fastrtps_c;rosidl_typesupport_introspection_c
-- Using all available rosidl_typesupport_cpp: rosidl_typesupport_fastrtps_cpp;rosidl_typesupport_introspection_cpp
-- Found rmw_implementation_cmake: 6.1.1 (/opt/ros/humble/share/rmw_implementation_cmake/cmake)
-- Found rmw_fastrtps_cpp: 6.2.6 (/opt/ros/humble/share/rmw_fastrtps_cpp/cmake)
-- Found OpenSSL: /cc_ws/tros_ws/robot_dev_config/../../sysroot_docker/usr/lib/aarch64-linux-gnu/libcrypto.so (found version "3.0.2")  
-- Found FastRTPS: /opt/ros/humble/include  
-- Using RMW implementation 'rmw_fastrtps_cpp' as default
-- Looking for pthread.h
-- Looking for pthread.h - found
-- Performing Test CMAKE_HAVE_LIBC_PTHREAD
-- Performing Test CMAKE_HAVE_LIBC_PTHREAD - Success
-- Found Threads: TRUE  
-- Found sensor_msgs: 4.2.3 (/opt/ros/humble/share/sensor_msgs/cmake)
-- Found dnn_node: 2.5.4 (/cc_ws/tros_ws/robot_dev_config/../install/share/dnn_node/cmake)
-- Found ai_msgs: 2.0.1 (/cc_ws/tros_ws/robot_dev_config/../install/share/ai_msgs/cmake)
-- Found hbm_img_msgs: 2.0.0 (/cc_ws/tros_ws/robot_dev_config/../install/share/hbm_img_msgs/cmake)
-- Configuring done
-- Generating done
-- Build files have been written to: /cc_ws/tros_ws/build/face_landmarks_detection
[ 16%] [32mBuilding CXX object CMakeFiles/face_landmarks_detection.dir/src/main.cpp.o[0m
[ 33%] [32mBuilding CXX object CMakeFiles/face_landmarks_detection.dir/src/img_convert_utils.cpp.o[0m
[01m[K/cc_ws/tros_ws/src/box/hobot_perception/face_landmarks_detection/src/img_convert_utils.cpp:[m[K In function ‘[01m[Kvoid utils::nv12_to_bgr24_neon(uint8_t*, uint8_t*, int, int)[m[K’:
[01m[K/cc_ws/tros_ws/src/box/hobot_perception/face_landmarks_detection/src/img_convert_utils.cpp:25:15:[m[K [01;35m[Kwarning: [m[Kunused variable ‘[01m[K_vu64[m[K’ [[01;35m[K-Wunused-variable[m[K]
   25 |     uint8x8_t [01;35m[K_vu64[m[K = vdup_n_u8(64);
      |               [01;35m[K^~~~~[m[K
[01m[K/cc_ws/tros_ws/src/box/hobot_perception/face_landmarks_detection/src/img_convert_utils.cpp:[m[K In function ‘[01m[Kvoid utils::bgr24_to_nv12_neon(uint8_t*, uint8_t*, int, int)[m[K’:
[01m[K/cc_ws/tros_ws/src/box/hobot_perception/face_landmarks_detection/src/img_convert_utils.cpp:91:44:[m[K [01;35m[Kwarning: [m[Koverflow in conversion from ‘[01m[Kint[m[K’ to ‘[01m[Kint8_t[m[K’ {aka ‘[01m[Ksigned char[m[K’} changes value from ‘[01m[K128[m[K’ to ‘[01m[K-128[m[K’ [[01;35m[K-Woverflow[m[K]
   91 |     const int8x8_t s8_rounding = vdup_n_s8([01;35m[K128[m[K);
      |                                            [01;35m[K^~~[m[K
[ 50%] [32mBuilding CXX object CMakeFiles/face_landmarks_detection.dir/src/ai_msg_manage.cpp.o[0m
[ 66%] [32mBuilding CXX object CMakeFiles/face_landmarks_detection.dir/src/face_landmarks_det_output_parser.cpp.o[0m
[ 83%] [32mBuilding CXX object CMakeFiles/face_landmarks_detection.dir/src/face_landmarks_det_node.cpp.o[0m
[01m[K/cc_ws/tros_ws/src/box/hobot_perception/face_landmarks_detection/src/face_landmarks_det_node.cpp:[m[K In member function ‘[01m[Kint FaceLandmarksDetNode::NormalizeRoi(const hbDNNRoi*, hbDNNRoi*, float, uint32_t, uint32_t)[m[K’:
[01m[K/cc_ws/tros_ws/src/box/hobot_perception/face_landmarks_detection/src/face_landmarks_det_node.cpp:800:27:[m[K [01;35m[Kwarning: [m[Kcomparison of integer expressions of different signedness: ‘[01m[Kint32_t[m[K’ {aka ‘[01m[Kint[m[K’} and ‘[01m[Kuint32_t[m[K’ {aka ‘[01m[Kunsigned int[m[K’} [[01;35m[K-Wsign-compare[m[K]
  800 |   dst->right = [01;35m[Kdst->right > total_w[m[K ? total_w : dst->right;
      |                [01;35m[K~~~~~~~~~~~^~~~~~~~~[m[K
[01m[K/cc_ws/tros_ws/src/box/hobot_perception/face_landmarks_detection/src/face_landmarks_det_node.cpp:801:29:[m[K [01;35m[Kwarning: [m[Kcomparison of integer expressions of different signedness: ‘[01m[Kint32_t[m[K’ {aka ‘[01m[Kint[m[K’} and ‘[01m[Kuint32_t[m[K’ {aka ‘[01m[Kunsigned int[m[K’} [[01;35m[K-Wsign-compare[m[K]
  801 |   dst->bottom = [01;35m[Kdst->bottom > total_h[m[K ? total_h : dst->bottom;
      |                 [01;35m[K~~~~~~~~~~~~^~~~~~~~~[m[K
[100%] [32m[1mLinking CXX executable face_landmarks_detection[0m
[100%] Built target face_landmarks_detection
-- Install configuration: ""
-- Installing: /cc_ws/tros_ws/install/lib/face_landmarks_detection/face_landmarks_detection
-- Set runtime path of "/cc_ws/tros_ws/install/lib/face_landmarks_detection/face_landmarks_detection" to ""
-- Installing: /cc_ws/tros_ws/install/share/face_landmarks_detection/launch
-- Installing: /cc_ws/tros_ws/install/share/face_landmarks_detection/launch/body_det_face_landmarks_det_fb.launch.py
-- Installing: /cc_ws/tros_ws/install/share/face_landmarks_detection/launch/body_det_face_landmarks_det.launch.py
-- Installing: /cc_ws/tros_ws/install/share/face_landmarks_detection/launch/face_landmarks_det_node.launch.py
-- Installing: /cc_ws/tros_ws/install/share/face_landmarks_detection/config/
-- Installing: /cc_ws/tros_ws/install/share/face_landmarks_detection/config//faceLandmark106pts.hbm
-- Installing: /cc_ws/tros_ws/install/share/face_landmarks_detection/config/image.png
-- Installing: /cc_ws/tros_ws/install/share/ament_index/resource_index/package_run_dependencies/face_landmarks_detection
-- Installing: /cc_ws/tros_ws/install/share/ament_index/resource_index/parent_prefix_path/face_landmarks_detection
-- Installing: /cc_ws/tros_ws/install/share/face_landmarks_detection/environment/ament_prefix_path.sh
-- Installing: /cc_ws/tros_ws/install/share/face_landmarks_detection/environment/ament_prefix_path.dsv
-- Installing: /cc_ws/tros_ws/install/share/face_landmarks_detection/environment/path.sh
-- Installing: /cc_ws/tros_ws/install/share/face_landmarks_detection/environment/path.dsv
-- Installing: /cc_ws/tros_ws/install/share/face_landmarks_detection/local_setup.bash
-- Installing: /cc_ws/tros_ws/install/share/face_landmarks_detection/local_setup.sh
-- Installing: /cc_ws/tros_ws/install/share/face_landmarks_detection/local_setup.zsh
-- Installing: /cc_ws/tros_ws/install/share/face_landmarks_detection/local_setup.dsv
-- Installing: /cc_ws/tros_ws/install/share/face_landmarks_detection/package.dsv
-- Installing: /cc_ws/tros_ws/install/share/ament_index/resource_index/packages/face_landmarks_detection
-- Installing: /cc_ws/tros_ws/install/share/face_landmarks_detection/cmake/face_landmarks_detectionConfig.cmake
-- Installing: /cc_ws/tros_ws/install/share/face_landmarks_detection/cmake/face_landmarks_detectionConfig-version.cmake
-- Installing: /cc_ws/tros_ws/install/share/face_landmarks_detection/package.xml
