[0.076s] Invoking command in '/cc_ws/tros_ws/build/hobot_zed_cam': CMAKE_PREFIX_PATH=/opt/ros/humble /usr/bin/cmake /cc_ws/tros_ws/src/box/hobot_sensor/hobot_zed_cam -DCMAKE_EXPORT_COMPILE_COMMANDS=ON --no-warn-unused-cli -DCMAKE_TOOLCHAIN_FILE=/cc_ws/tros_ws/robot_dev_config/aarch64_toolchainfile.cmake -DPLATFORM_X5=ON -DTHIRDPARTY=ON -DBUILD_TESTING=OFF -DCMAKE_BUILD_RPATH=/cc_ws/tros_ws/build/poco_vendor/poco_external_project_install/lib/;/cc_ws/tros_ws/build/libyaml_vendor/libyaml_install/lib/ -DCMAKE_INSTALL_PREFIX=/cc_ws/tros_ws/install
[0.355s] Not searching for unused variables given on the command line.
[0.355s] -- LibUSB Compilation test: FALSE
[0.356s] -- Found ament_cmake: 1.3.8 (/opt/ros/humble/share/ament_cmake/cmake)
[0.357s] [0m=> Sensors module available[0m
[0.357s] [0m=> libhidapi: include dir at /cc_ws/tros_ws/robot_dev_config/../../sysroot_docker/usr/include/hidapi[0m
[0.358s] [0m=> libhidapi: libraries at /cc_ws/tros_ws/robot_dev_config/../../sysroot_docker/usr/lib/aarch64-linux-gnu/libhidapi-libusb.so[0m
[0.358s] [0m=> Video module available[0m
[0.358s] [0m=> libusb: include dir at /usr/include/libusb-1.0[0m
[0.358s] [0m=> libusb: libraries at /cc_ws/tros_ws/robot_dev_config/../../sysroot_docker/usr/lib/aarch64-linux-gnu/libusb-1.0.so[0m
[0.476s] [33mCMake Warning (dev) at /opt/ros/humble/share/ament_cmake_test/cmake/ament_cmake_test-extras.cmake:19 (option):
[0.476s]   Policy CMP0077 is not set: option() honors normal variables.  Run "cmake
[0.476s]   --help-policy CMP0077" for policy details.  Use the cmake_policy command to
[0.476s]   set the policy and suppress this warning.
[0.476s] 
[0.476s]   For compatibility with older versions of CMake, option is clearing the
[0.477s]   normal variable 'BUILD_TESTING'.
[0.477s] Call Stack (most recent call first):
[0.477s]   /opt/ros/humble/share/ament_cmake_test/cmake/ament_cmake_testConfig.cmake:41 (include)
[0.477s]   /opt/ros/humble/share/ament_cmake/cmake/ament_cmake_export_dependencies-extras.cmake:21 (find_package)
[0.477s]   /opt/ros/humble/share/ament_cmake/cmake/ament_cmakeConfig.cmake:41 (include)
[0.477s]   CMakeLists.txt:94 (find_package)
[0.477s] This warning is for project developers.  Use -Wno-dev to suppress it.
[0.477s] [0m
[0.484s] -- Found rclcpp: 16.0.8 (/opt/ros/humble/share/rclcpp/cmake)
[0.545s] -- Found rosidl_generator_c: 3.1.5 (/opt/ros/humble/share/rosidl_generator_c/cmake)
[0.549s] -- Found rosidl_adapter: 3.1.5 (/opt/ros/humble/share/rosidl_adapter/cmake)
[0.579s] -- Found rosidl_generator_cpp: 3.1.5 (/opt/ros/humble/share/rosidl_generator_cpp/cmake)
[0.657s] -- Using all available rosidl_typesupport_c: rosidl_typesupport_fastrtps_c;rosidl_typesupport_introspection_c
[0.658s] -- Using all available rosidl_typesupport_cpp: rosidl_typesupport_fastrtps_cpp;rosidl_typesupport_introspection_cpp
[0.737s] -- Found rmw_implementation_cmake: 6.1.1 (/opt/ros/humble/share/rmw_implementation_cmake/cmake)
[0.740s] -- Found rmw_fastrtps_cpp: 6.2.6 (/opt/ros/humble/share/rmw_fastrtps_cpp/cmake)
[0.925s] -- Using RMW implementation 'rmw_fastrtps_cpp' as default
[1.249s] -- Found sensor_msgs: 4.2.3 (/opt/ros/humble/share/sensor_msgs/cmake)
[1.453s] -- Found cv_bridge: 3.2.1 (/opt/ros/humble/share/cv_bridge/cmake)
[1.626s] -- Configuring done
[1.652s] -- Generating done
[1.655s] -- Build files have been written to: /cc_ws/tros_ws/build/hobot_zed_cam
[1.678s] Invoked command in '/cc_ws/tros_ws/build/hobot_zed_cam' returned '0': CMAKE_PREFIX_PATH=/opt/ros/humble /usr/bin/cmake /cc_ws/tros_ws/src/box/hobot_sensor/hobot_zed_cam -DCMAKE_EXPORT_COMPILE_COMMANDS=ON --no-warn-unused-cli -DCMAKE_TOOLCHAIN_FILE=/cc_ws/tros_ws/robot_dev_config/aarch64_toolchainfile.cmake -DPLATFORM_X5=ON -DTHIRDPARTY=ON -DBUILD_TESTING=OFF -DCMAKE_BUILD_RPATH=/cc_ws/tros_ws/build/poco_vendor/poco_external_project_install/lib/;/cc_ws/tros_ws/build/libyaml_vendor/libyaml_install/lib/ -DCMAKE_INSTALL_PREFIX=/cc_ws/tros_ws/install
[1.678s] Invoking command in '/cc_ws/tros_ws/build/hobot_zed_cam': CMAKE_PREFIX_PATH=/opt/ros/humble /usr/bin/cmake --build /cc_ws/tros_ws/build/hobot_zed_cam -- -j12 -l12
[1.745s] [35m[1mConsolidate compiler generated dependencies of target pub_stereo_imgs[0m
[1.777s] [100%] Built target pub_stereo_imgs
[1.791s] Invoked command in '/cc_ws/tros_ws/build/hobot_zed_cam' returned '0': CMAKE_PREFIX_PATH=/opt/ros/humble /usr/bin/cmake --build /cc_ws/tros_ws/build/hobot_zed_cam -- -j12 -l12
[1.901s] Invoking command in '/cc_ws/tros_ws/build/hobot_zed_cam': CMAKE_PREFIX_PATH=/opt/ros/humble /usr/bin/cmake --install /cc_ws/tros_ws/build/hobot_zed_cam
[1.915s] -- Install configuration: ""
[1.916s] -- Up-to-date: /cc_ws/tros_ws/install/lib/hobot_zed_cam/anypub_stereo_imgs
[1.917s] -- Up-to-date: /cc_ws/tros_ws/install/share/hobot_zed_cam/launch
[1.917s] -- Up-to-date: /cc_ws/tros_ws/install/share/hobot_zed_cam/launch/pub_stereo_imgs_noweb.launch.py
[1.917s] -- Up-to-date: /cc_ws/tros_ws/install/share/hobot_zed_cam/launch/zed_cam_node.launch.py
[1.917s] -- Up-to-date: /cc_ws/tros_ws/install/share/hobot_zed_cam/launch/test_stereo_custom_rectify.launch.py
[1.917s] -- Up-to-date: /cc_ws/tros_ws/install/share/hobot_zed_cam/launch/pub_stereo_imgs.launch.py
[1.917s] -- Up-to-date: /cc_ws/tros_ws/install/share/hobot_zed_cam/launch/test_stereo_zed_rectify.launch.py
[1.917s] -- Up-to-date: /cc_ws/tros_ws/install/share/hobot_zed_cam/config
[1.917s] -- Up-to-date: /cc_ws/tros_ws/install/share/hobot_zed_cam/config/stereo_8_zed_mini.yaml
[1.918s] -- Up-to-date: /cc_ws/tros_ws/install/share/hobot_zed_cam/config/stereo_8_zed_2i.yaml
[1.918s] -- Up-to-date: /cc_ws/tros_ws/install/share/ament_index/resource_index/package_run_dependencies/hobot_zed_cam
[1.919s] -- Up-to-date: /cc_ws/tros_ws/install/share/ament_index/resource_index/parent_prefix_path/hobot_zed_cam
[1.919s] -- Up-to-date: /cc_ws/tros_ws/install/share/hobot_zed_cam/environment/ament_prefix_path.sh
[1.919s] -- Installing: /cc_ws/tros_ws/install/share/hobot_zed_cam/environment/ament_prefix_path.dsv
[1.919s] -- Up-to-date: /cc_ws/tros_ws/install/share/hobot_zed_cam/environment/path.sh
[1.919s] -- Installing: /cc_ws/tros_ws/install/share/hobot_zed_cam/environment/path.dsv
[1.919s] -- Up-to-date: /cc_ws/tros_ws/install/share/hobot_zed_cam/local_setup.bash
[1.919s] -- Up-to-date: /cc_ws/tros_ws/install/share/hobot_zed_cam/local_setup.sh
[1.920s] -- Up-to-date: /cc_ws/tros_ws/install/share/hobot_zed_cam/local_setup.zsh
[1.920s] -- Installing: /cc_ws/tros_ws/install/share/hobot_zed_cam/local_setup.dsv
[1.920s] -- Installing: /cc_ws/tros_ws/install/share/hobot_zed_cam/package.dsv
[1.920s] -- Up-to-date: /cc_ws/tros_ws/install/share/ament_index/resource_index/packages/hobot_zed_cam
[1.920s] -- Up-to-date: /cc_ws/tros_ws/install/share/hobot_zed_cam/cmake/hobot_zed_camConfig.cmake
[1.920s] -- Up-to-date: /cc_ws/tros_ws/install/share/hobot_zed_cam/cmake/hobot_zed_camConfig-version.cmake
[1.920s] -- Up-to-date: /cc_ws/tros_ws/install/share/hobot_zed_cam/package.xml
[1.927s] Invoked command in '/cc_ws/tros_ws/build/hobot_zed_cam' returned '0': CMAKE_PREFIX_PATH=/opt/ros/humble /usr/bin/cmake --install /cc_ws/tros_ws/build/hobot_zed_cam
