[0.084s] Invoking command in '/cc_ws/tros_ws/build/mipi_cam': AMENT_PREFIX_PATH=/cc_ws/tros_ws/install:${AMENT_PREFIX_PATH} CMAKE_PREFIX_PATH=/cc_ws/tros_ws/install:/opt/ros/humble LD_LIBRARY_PATH=/cc_ws/tros_ws/install/lib:/opt/ros/humble/opt/rviz_ogre_vendor/lib:/opt/ros/humble/lib/aarch64-linux-gnu:/opt/ros/humble/lib:/cc_ws/userdata/hobot/opt/hobot/deps PYTHONPATH=/cc_ws/tros_ws/install/local/lib/python3.10/dist-packages:/cc_ws/tros_ws/install/lib/python3.10/site-packages:${PYTHONPATH} /usr/bin/cmake /cc_ws/tros_ws/src/box/hobot_sensor/hobot_mipi_cam -DCMAKE_EXPORT_COMPILE_COMMANDS=ON --no-warn-unused-cli -DCMAKE_TOOLCHAIN_FILE=/cc_ws/tros_ws/robot_dev_config/aarch64_toolchainfile.cmake -DPLATFORM_X5=ON -DTHIRDPARTY=ON -DBUILD_TESTING=OFF -DCMAKE_BUILD_RPATH=/cc_ws/tros_ws/build/poco_vendor/poco_external_project_install/lib/;/cc_ws/tros_ws/build/libyaml_vendor/libyaml_install/lib/ -DCMAKE_INSTALL_PREFIX=/cc_ws/tros_ws/install
[0.127s] Not searching for unused variables given on the command line.
[0.127s] -- Found OpenCV: /cc_ws/sysroot_docker/usr_x5 (found version "4.5.4") 
[0.127s] -- Found ament_cmake_auto: 1.3.8 (/opt/ros/humble/share/ament_cmake_auto/cmake)
[0.531s] -- Found rosidl_generator_c: 3.1.5 (/opt/ros/humble/share/rosidl_generator_c/cmake)
[0.545s] -- Found rosidl_adapter: 3.1.5 (/opt/ros/humble/share/rosidl_adapter/cmake)
[0.553s] -- Found rosidl_generator_cpp: 3.1.5 (/opt/ros/humble/share/rosidl_generator_cpp/cmake)
[0.575s] -- Using all available rosidl_typesupport_c: rosidl_typesupport_fastrtps_c;rosidl_typesupport_introspection_c
[0.604s] -- Using all available rosidl_typesupport_cpp: rosidl_typesupport_fastrtps_cpp;rosidl_typesupport_introspection_cpp
[0.715s] -- Found rmw_implementation_cmake: 6.1.1 (/opt/ros/humble/share/rmw_implementation_cmake/cmake)
[0.715s] -- Found rmw_fastrtps_cpp: 6.2.6 (/opt/ros/humble/share/rmw_fastrtps_cpp/cmake)
[0.952s] -- Using RMW implementation 'rmw_fastrtps_cpp' as default
[2.047s] -- Found OpenCV: /cc_ws/sysroot_docker/usr_x5 (found suitable version "4.5.4", minimum required is "4") 
[2.048s] [0mbuild platform X5[0m
[2.049s] [0mPREFIX_PATH: x5[0m
[2.078s] -- Configuring done
[2.179s] -- Generating done
[2.182s] -- Build files have been written to: /cc_ws/tros_ws/build/mipi_cam
[2.200s] Invoked command in '/cc_ws/tros_ws/build/mipi_cam' returned '0': AMENT_PREFIX_PATH=/cc_ws/tros_ws/install:${AMENT_PREFIX_PATH} CMAKE_PREFIX_PATH=/cc_ws/tros_ws/install:/opt/ros/humble LD_LIBRARY_PATH=/cc_ws/tros_ws/install/lib:/opt/ros/humble/opt/rviz_ogre_vendor/lib:/opt/ros/humble/lib/aarch64-linux-gnu:/opt/ros/humble/lib:/cc_ws/userdata/hobot/opt/hobot/deps PYTHONPATH=/cc_ws/tros_ws/install/local/lib/python3.10/dist-packages:/cc_ws/tros_ws/install/lib/python3.10/site-packages:${PYTHONPATH} /usr/bin/cmake /cc_ws/tros_ws/src/box/hobot_sensor/hobot_mipi_cam -DCMAKE_EXPORT_COMPILE_COMMANDS=ON --no-warn-unused-cli -DCMAKE_TOOLCHAIN_FILE=/cc_ws/tros_ws/robot_dev_config/aarch64_toolchainfile.cmake -DPLATFORM_X5=ON -DTHIRDPARTY=ON -DBUILD_TESTING=OFF -DCMAKE_BUILD_RPATH=/cc_ws/tros_ws/build/poco_vendor/poco_external_project_install/lib/;/cc_ws/tros_ws/build/libyaml_vendor/libyaml_install/lib/ -DCMAKE_INSTALL_PREFIX=/cc_ws/tros_ws/install
[2.201s] Invoking command in '/cc_ws/tros_ws/build/mipi_cam': AMENT_PREFIX_PATH=/cc_ws/tros_ws/install:${AMENT_PREFIX_PATH} CMAKE_PREFIX_PATH=/cc_ws/tros_ws/install:/opt/ros/humble LD_LIBRARY_PATH=/cc_ws/tros_ws/install/lib:/opt/ros/humble/opt/rviz_ogre_vendor/lib:/opt/ros/humble/lib/aarch64-linux-gnu:/opt/ros/humble/lib:/cc_ws/userdata/hobot/opt/hobot/deps PYTHONPATH=/cc_ws/tros_ws/install/local/lib/python3.10/dist-packages:/cc_ws/tros_ws/install/lib/python3.10/site-packages:${PYTHONPATH} /usr/bin/cmake --build /cc_ws/tros_ws/build/mipi_cam -- -j12 -l12
[2.351s] [35m[1mConsolidate compiler generated dependencies of target mipi_cam_plugin[0m
[2.478s] [ 86%] Built target mipi_cam_plugin
[2.538s] [35m[1mConsolidate compiler generated dependencies of target mipi_cam[0m
[2.603s] [100%] Built target mipi_cam
[2.667s] Invoked command in '/cc_ws/tros_ws/build/mipi_cam' returned '0': AMENT_PREFIX_PATH=/cc_ws/tros_ws/install:${AMENT_PREFIX_PATH} CMAKE_PREFIX_PATH=/cc_ws/tros_ws/install:/opt/ros/humble LD_LIBRARY_PATH=/cc_ws/tros_ws/install/lib:/opt/ros/humble/opt/rviz_ogre_vendor/lib:/opt/ros/humble/lib/aarch64-linux-gnu:/opt/ros/humble/lib:/cc_ws/userdata/hobot/opt/hobot/deps PYTHONPATH=/cc_ws/tros_ws/install/local/lib/python3.10/dist-packages:/cc_ws/tros_ws/install/lib/python3.10/site-packages:${PYTHONPATH} /usr/bin/cmake --build /cc_ws/tros_ws/build/mipi_cam -- -j12 -l12
[3.062s] Invoking command in '/cc_ws/tros_ws/build/mipi_cam': AMENT_PREFIX_PATH=/cc_ws/tros_ws/install:${AMENT_PREFIX_PATH} CMAKE_PREFIX_PATH=/cc_ws/tros_ws/install:/opt/ros/humble LD_LIBRARY_PATH=/cc_ws/tros_ws/install/lib:/opt/ros/humble/opt/rviz_ogre_vendor/lib:/opt/ros/humble/lib/aarch64-linux-gnu:/opt/ros/humble/lib:/cc_ws/userdata/hobot/opt/hobot/deps PYTHONPATH=/cc_ws/tros_ws/install/local/lib/python3.10/dist-packages:/cc_ws/tros_ws/install/lib/python3.10/site-packages:${PYTHONPATH} /usr/bin/cmake --install /cc_ws/tros_ws/build/mipi_cam
[3.191s] -- Install configuration: "Release"
[3.192s] -- Up-to-date: /cc_ws/tros_ws/install/lib/mipi_cam/mipi_cam
[3.192s] -- Up-to-date: /cc_ws/tros_ws/install/lib/mipi_cam/mipi_cam
[3.192s] -- Up-to-date: /cc_ws/tros_ws/install/lib/libmipi_cam_plugin.so
[3.192s] -- Up-to-date: /cc_ws/tros_ws/install/lib/mipi_cam/config/
[3.192s] -- Up-to-date: /cc_ws/tros_ws/install/lib/mipi_cam/config//SC230ai_dual_calibration.yaml
[3.192s] -- Up-to-date: /cc_ws/tros_ws/install/lib/mipi_cam/config//sc132gs_calibration.yaml
[3.192s] -- Up-to-date: /cc_ws/tros_ws/install/lib/mipi_cam/config//GC4663_calibration.yaml
[3.192s] -- Up-to-date: /cc_ws/tros_ws/install/lib/mipi_cam/config//sc132gs_calibration_90.yaml
[3.192s] -- Up-to-date: /cc_ws/tros_ws/install/lib/mipi_cam/config//SC132gs_dual_calibration.yaml
[3.193s] -- Up-to-date: /cc_ws/tros_ws/install/lib/mipi_cam/config//F37_calibration.yaml
[3.193s] -- Up-to-date: /cc_ws/tros_ws/install/share/mipi_cam//launch
[3.193s] -- Up-to-date: /cc_ws/tros_ws/install/share/mipi_cam//launch/mipi_cam.launch.py
[3.193s] -- Up-to-date: /cc_ws/tros_ws/install/share/mipi_cam//launch/mipi_cam_topic_remap.launch.py
[3.193s] -- Up-to-date: /cc_ws/tros_ws/install/share/mipi_cam//launch/mipi_cam_websocket.launch.py
[3.193s] -- Up-to-date: /cc_ws/tros_ws/install/share/mipi_cam//launch/mipi_cam_dual_channel.launch.py
[3.193s] -- Up-to-date: /cc_ws/tros_ws/install/share/mipi_cam//launch/mipi_cam_1920x1080_bgr8.launch.py
[3.193s] -- Up-to-date: /cc_ws/tros_ws/install/share/mipi_cam//launch/mipi_cam_dual_channel_websocket.launch.py
[3.194s] -- Up-to-date: /cc_ws/tros_ws/install/share/mipi_cam//launch/mipi_cam_640x480_bgr8_hbmem.launch.py
[3.194s] -- Up-to-date: /cc_ws/tros_ws/install/share/mipi_cam//launch/mipi_cam_640x480_bgr8.launch.py
[3.194s] -- Up-to-date: /cc_ws/tros_ws/install/share/mipi_cam//launch/mipi_cam_640x480_nv12_hbmem.launch.py
[3.194s] -- Up-to-date: /cc_ws/tros_ws/install/share/mipi_cam//launch/mipi_cam_1920x1080_nv12_hbmem.launch.py
[3.194s] -- Up-to-date: /cc_ws/tros_ws/install/share/mipi_cam//launch/mipi_cam_1920x1080_bgr8_hbmem.launch.py
[3.194s] -- Up-to-date: /cc_ws/tros_ws/install/share/ament_index/resource_index/package_run_dependencies/mipi_cam
[3.195s] -- Up-to-date: /cc_ws/tros_ws/install/share/ament_index/resource_index/parent_prefix_path/mipi_cam
[3.195s] -- Up-to-date: /cc_ws/tros_ws/install/share/mipi_cam/environment/ament_prefix_path.sh
[3.195s] -- Installing: /cc_ws/tros_ws/install/share/mipi_cam/environment/ament_prefix_path.dsv
[3.195s] -- Up-to-date: /cc_ws/tros_ws/install/share/mipi_cam/environment/path.sh
[3.195s] -- Installing: /cc_ws/tros_ws/install/share/mipi_cam/environment/path.dsv
[3.195s] -- Up-to-date: /cc_ws/tros_ws/install/share/mipi_cam/local_setup.bash
[3.195s] -- Up-to-date: /cc_ws/tros_ws/install/share/mipi_cam/local_setup.sh
[3.195s] -- Up-to-date: /cc_ws/tros_ws/install/share/mipi_cam/local_setup.zsh
[3.196s] -- Installing: /cc_ws/tros_ws/install/share/mipi_cam/local_setup.dsv
[3.196s] -- Installing: /cc_ws/tros_ws/install/share/mipi_cam/package.dsv
[3.196s] -- Up-to-date: /cc_ws/tros_ws/install/share/ament_index/resource_index/packages/mipi_cam
[3.196s] -- Up-to-date: /cc_ws/tros_ws/install/share/ament_index/resource_index/rclcpp_components/mipi_cam
[3.196s] -- Up-to-date: /cc_ws/tros_ws/install/share/mipi_cam/cmake/mipi_camConfig.cmake
[3.196s] -- Up-to-date: /cc_ws/tros_ws/install/share/mipi_cam/cmake/mipi_camConfig-version.cmake
[3.196s] -- Up-to-date: /cc_ws/tros_ws/install/share/mipi_cam/package.xml
[3.258s] Invoked command in '/cc_ws/tros_ws/build/mipi_cam' returned '0': AMENT_PREFIX_PATH=/cc_ws/tros_ws/install:${AMENT_PREFIX_PATH} CMAKE_PREFIX_PATH=/cc_ws/tros_ws/install:/opt/ros/humble LD_LIBRARY_PATH=/cc_ws/tros_ws/install/lib:/opt/ros/humble/opt/rviz_ogre_vendor/lib:/opt/ros/humble/lib/aarch64-linux-gnu:/opt/ros/humble/lib:/cc_ws/userdata/hobot/opt/hobot/deps PYTHONPATH=/cc_ws/tros_ws/install/local/lib/python3.10/dist-packages:/cc_ws/tros_ws/install/lib/python3.10/site-packages:${PYTHONPATH} /usr/bin/cmake --install /cc_ws/tros_ws/build/mipi_cam
