[0.778s] Invoking command in '/cc_ws/tros_ws/build/mono3d_indoor_detection': AMENT_PREFIX_PATH=/cc_ws/tros_ws/install:${AMENT_PREFIX_PATH} CMAKE_PREFIX_PATH=/cc_ws/tros_ws/install:/opt/ros/humble LD_LIBRARY_PATH=/cc_ws/tros_ws/install/lib:/opt/ros/humble/opt/rviz_ogre_vendor/lib:/opt/ros/humble/lib/aarch64-linux-gnu:/opt/ros/humble/lib:/cc_ws/userdata/hobot/opt/hobot/deps PYTHONPATH=/cc_ws/tros_ws/install/lib/python3.10/site-packages:/cc_ws/tros_ws/install/local/lib/python3.10/dist-packages:${PYTHONPATH} /usr/bin/cmake /cc_ws/tros_ws/src/box/hobot_perception/mono3d_indoor_detection -DCMAKE_EXPORT_COMPILE_COMMANDS=ON --no-warn-unused-cli -DCMAKE_TOOLCHAIN_FILE=/cc_ws/tros_ws/robot_dev_config/aarch64_toolchainfile.cmake -DPLATFORM_X5=ON -DTHIRDPARTY=ON -DBUILD_TESTING=OFF -DCMAKE_BUILD_RPATH=/cc_ws/tros_ws/build/poco_vendor/poco_external_project_install/lib/;/cc_ws/tros_ws/build/libyaml_vendor/libyaml_install/lib/ -DCMAKE_INSTALL_PREFIX=/cc_ws/tros_ws/install
[2.476s] Not searching for unused variables given on the command line.
[2.476s] -- Found ament_cmake: 1.3.8 (/opt/ros/humble/share/ament_cmake/cmake)
[2.476s] -- Found rclcpp: 16.0.8 (/opt/ros/humble/share/rclcpp/cmake)
[2.507s] [33mCMake Warning (dev) at /opt/ros/humble/share/ament_cmake_test/cmake/ament_cmake_test-extras.cmake:19 (option):
[2.507s]   Policy CMP0077 is not set: option() honors normal variables.  Run "cmake
[2.507s]   --help-policy CMP0077" for policy details.  Use the cmake_policy command to
[2.507s]   set the policy and suppress this warning.
[2.508s] 
[2.508s]   For compatibility with older versions of CMake, option is clearing the
[2.508s]   normal variable 'BUILD_TESTING'.
[2.508s] Call Stack (most recent call first):
[2.508s]   /opt/ros/humble/share/ament_cmake_test/cmake/ament_cmake_testConfig.cmake:41 (include)
[2.508s]   /opt/ros/humble/share/ament_cmake/cmake/ament_cmake_export_dependencies-extras.cmake:21 (find_package)
[2.508s]   /opt/ros/humble/share/ament_cmake/cmake/ament_cmakeConfig.cmake:41 (include)
[2.508s]   CMakeLists.txt:35 (find_package)
[2.508s] This warning is for project developers.  Use -Wno-dev to suppress it.
[2.508s] [0m
[2.536s] -- Found rosidl_generator_c: 3.1.5 (/opt/ros/humble/share/rosidl_generator_c/cmake)
[2.569s] -- Found rosidl_adapter: 3.1.5 (/opt/ros/humble/share/rosidl_adapter/cmake)
[2.617s] -- Found rosidl_generator_cpp: 3.1.5 (/opt/ros/humble/share/rosidl_generator_cpp/cmake)
[2.761s] -- Using all available rosidl_typesupport_c: rosidl_typesupport_fastrtps_c;rosidl_typesupport_introspection_c
[2.932s] -- Using all available rosidl_typesupport_cpp: rosidl_typesupport_fastrtps_cpp;rosidl_typesupport_introspection_cpp
[3.602s] -- Found rmw_implementation_cmake: 6.1.1 (/opt/ros/humble/share/rmw_implementation_cmake/cmake)
[3.616s] -- Found rmw_fastrtps_cpp: 6.2.6 (/opt/ros/humble/share/rmw_fastrtps_cpp/cmake)
[4.441s] -- Using RMW implementation 'rmw_fastrtps_cpp' as default
[6.071s] -- Found ai_msgs: 2.0.1 (/cc_ws/tros_ws/robot_dev_config/../install/share/ai_msgs/cmake)
[7.233s] -- Found dnn_node: 2.5.4 (/cc_ws/tros_ws/robot_dev_config/../install/share/dnn_node/cmake)
[7.271s] -- Found hbm_img_msgs: 2.0.0 (/cc_ws/tros_ws/robot_dev_config/../install/share/hbm_img_msgs/cmake)
[7.488s] [0mbuild platform X5[0m
[7.488s] [0mCMAKE_SYSROOT is /cc_ws/tros_ws/robot_dev_config/../../sysroot_docker[0m
[8.070s] -- Configuring done
[8.234s] -- Generating done
[8.237s] -- Build files have been written to: /cc_ws/tros_ws/build/mono3d_indoor_detection
[8.281s] Invoked command in '/cc_ws/tros_ws/build/mono3d_indoor_detection' returned '0': AMENT_PREFIX_PATH=/cc_ws/tros_ws/install:${AMENT_PREFIX_PATH} CMAKE_PREFIX_PATH=/cc_ws/tros_ws/install:/opt/ros/humble LD_LIBRARY_PATH=/cc_ws/tros_ws/install/lib:/opt/ros/humble/opt/rviz_ogre_vendor/lib:/opt/ros/humble/lib/aarch64-linux-gnu:/opt/ros/humble/lib:/cc_ws/userdata/hobot/opt/hobot/deps PYTHONPATH=/cc_ws/tros_ws/install/lib/python3.10/site-packages:/cc_ws/tros_ws/install/local/lib/python3.10/dist-packages:${PYTHONPATH} /usr/bin/cmake /cc_ws/tros_ws/src/box/hobot_perception/mono3d_indoor_detection -DCMAKE_EXPORT_COMPILE_COMMANDS=ON --no-warn-unused-cli -DCMAKE_TOOLCHAIN_FILE=/cc_ws/tros_ws/robot_dev_config/aarch64_toolchainfile.cmake -DPLATFORM_X5=ON -DTHIRDPARTY=ON -DBUILD_TESTING=OFF -DCMAKE_BUILD_RPATH=/cc_ws/tros_ws/build/poco_vendor/poco_external_project_install/lib/;/cc_ws/tros_ws/build/libyaml_vendor/libyaml_install/lib/ -DCMAKE_INSTALL_PREFIX=/cc_ws/tros_ws/install
[8.281s] Invoking command in '/cc_ws/tros_ws/build/mono3d_indoor_detection': AMENT_PREFIX_PATH=/cc_ws/tros_ws/install:${AMENT_PREFIX_PATH} CMAKE_PREFIX_PATH=/cc_ws/tros_ws/install:/opt/ros/humble LD_LIBRARY_PATH=/cc_ws/tros_ws/install/lib:/opt/ros/humble/opt/rviz_ogre_vendor/lib:/opt/ros/humble/lib/aarch64-linux-gnu:/opt/ros/humble/lib:/cc_ws/userdata/hobot/opt/hobot/deps PYTHONPATH=/cc_ws/tros_ws/install/lib/python3.10/site-packages:/cc_ws/tros_ws/install/local/lib/python3.10/dist-packages:${PYTHONPATH} /usr/bin/cmake --build /cc_ws/tros_ws/build/mono3d_indoor_detection -- -j12 -l12
[8.537s] [35m[1mConsolidate compiler generated dependencies of target mono3d_indoor_detection[0m
[8.641s] [ 66%] Built target mono3d_indoor_detection
[8.705s] [35m[1mConsolidate compiler generated dependencies of target image_publisher[0m
[8.830s] [100%] Built target image_publisher
[8.872s] Invoked command in '/cc_ws/tros_ws/build/mono3d_indoor_detection' returned '0': AMENT_PREFIX_PATH=/cc_ws/tros_ws/install:${AMENT_PREFIX_PATH} CMAKE_PREFIX_PATH=/cc_ws/tros_ws/install:/opt/ros/humble LD_LIBRARY_PATH=/cc_ws/tros_ws/install/lib:/opt/ros/humble/opt/rviz_ogre_vendor/lib:/opt/ros/humble/lib/aarch64-linux-gnu:/opt/ros/humble/lib:/cc_ws/userdata/hobot/opt/hobot/deps PYTHONPATH=/cc_ws/tros_ws/install/lib/python3.10/site-packages:/cc_ws/tros_ws/install/local/lib/python3.10/dist-packages:${PYTHONPATH} /usr/bin/cmake --build /cc_ws/tros_ws/build/mono3d_indoor_detection -- -j12 -l12
[9.264s] Invoking command in '/cc_ws/tros_ws/build/mono3d_indoor_detection': AMENT_PREFIX_PATH=/cc_ws/tros_ws/install:${AMENT_PREFIX_PATH} CMAKE_PREFIX_PATH=/cc_ws/tros_ws/install:/opt/ros/humble LD_LIBRARY_PATH=/cc_ws/tros_ws/install/lib:/opt/ros/humble/opt/rviz_ogre_vendor/lib:/opt/ros/humble/lib/aarch64-linux-gnu:/opt/ros/humble/lib:/cc_ws/userdata/hobot/opt/hobot/deps PYTHONPATH=/cc_ws/tros_ws/install/lib/python3.10/site-packages:/cc_ws/tros_ws/install/local/lib/python3.10/dist-packages:${PYTHONPATH} /usr/bin/cmake --install /cc_ws/tros_ws/build/mono3d_indoor_detection
[9.294s] -- Install configuration: ""
[9.306s] -- Up-to-date: /cc_ws/tros_ws/install/lib/mono3d_indoor_detection/mono3d_indoor_detection
[9.313s] -- Up-to-date: /cc_ws/tros_ws/install/lib/mono3d_indoor_detection/image_publisher
[9.313s] -- Up-to-date: /cc_ws/tros_ws/install/lib/mono3d_indoor_detection/config/
[9.313s] -- Up-to-date: /cc_ws/tros_ws/install/lib/mono3d_indoor_detection/config//centernet.hbm
[9.316s] -- Up-to-date: /cc_ws/tros_ws/install/lib/mono3d_indoor_detection/config//images
[9.317s] -- Up-to-date: /cc_ws/tros_ws/install/lib/mono3d_indoor_detection/config//images/3d_detection.png
[9.317s] -- Up-to-date: /cc_ws/tros_ws/install/lib/mono3d_indoor_detection/config/centernet.yaml
[9.320s] -- Up-to-date: /cc_ws/tros_ws/install/share/mono3d_indoor_detection/launch
[9.320s] -- Up-to-date: /cc_ws/tros_ws/install/share/mono3d_indoor_detection/launch/mono3d_indoor_detection_pipeline.launch.py
[9.320s] -- Up-to-date: /cc_ws/tros_ws/install/share/mono3d_indoor_detection/launch/mono3d_indoor_detection.launch.py
[9.320s] -- Up-to-date: /cc_ws/tros_ws/install/share/ament_index/resource_index/package_run_dependencies/mono3d_indoor_detection
[9.320s] -- Up-to-date: /cc_ws/tros_ws/install/share/ament_index/resource_index/parent_prefix_path/mono3d_indoor_detection
[9.326s] -- Up-to-date: /cc_ws/tros_ws/install/share/mono3d_indoor_detection/environment/ament_prefix_path.sh
[9.326s] -- Installing: /cc_ws/tros_ws/install/share/mono3d_indoor_detection/environment/ament_prefix_path.dsv
[9.327s] -- Up-to-date: /cc_ws/tros_ws/install/share/mono3d_indoor_detection/environment/path.sh
[9.327s] -- Installing: /cc_ws/tros_ws/install/share/mono3d_indoor_detection/environment/path.dsv
[9.327s] -- Up-to-date: /cc_ws/tros_ws/install/share/mono3d_indoor_detection/local_setup.bash
[9.327s] -- Up-to-date: /cc_ws/tros_ws/install/share/mono3d_indoor_detection/local_setup.sh
[9.327s] -- Up-to-date: /cc_ws/tros_ws/install/share/mono3d_indoor_detection/local_setup.zsh
[9.327s] -- Installing: /cc_ws/tros_ws/install/share/mono3d_indoor_detection/local_setup.dsv
[9.327s] -- Installing: /cc_ws/tros_ws/install/share/mono3d_indoor_detection/package.dsv
[9.327s] -- Up-to-date: /cc_ws/tros_ws/install/share/ament_index/resource_index/packages/mono3d_indoor_detection
[9.328s] -- Up-to-date: /cc_ws/tros_ws/install/share/mono3d_indoor_detection/cmake/mono3d_indoor_detectionConfig.cmake
[9.328s] -- Up-to-date: /cc_ws/tros_ws/install/share/mono3d_indoor_detection/cmake/mono3d_indoor_detectionConfig-version.cmake
[9.328s] -- Up-to-date: /cc_ws/tros_ws/install/share/mono3d_indoor_detection/package.xml
[9.338s] Invoked command in '/cc_ws/tros_ws/build/mono3d_indoor_detection' returned '0': AMENT_PREFIX_PATH=/cc_ws/tros_ws/install:${AMENT_PREFIX_PATH} CMAKE_PREFIX_PATH=/cc_ws/tros_ws/install:/opt/ros/humble LD_LIBRARY_PATH=/cc_ws/tros_ws/install/lib:/opt/ros/humble/opt/rviz_ogre_vendor/lib:/opt/ros/humble/lib/aarch64-linux-gnu:/opt/ros/humble/lib:/cc_ws/userdata/hobot/opt/hobot/deps PYTHONPATH=/cc_ws/tros_ws/install/lib/python3.10/site-packages:/cc_ws/tros_ws/install/local/lib/python3.10/dist-packages:${PYTHONPATH} /usr/bin/cmake --install /cc_ws/tros_ws/build/mono3d_indoor_detection
