[0.064s] Invoking command in '/cc_ws/tros_ws/build/trigger_node': CMAKE_PREFIX_PATH=/opt/ros/humble /usr/bin/cmake /cc_ws/tros_ws/src/box/hobot_trigger/trigger_node -DCMAKE_EXPORT_COMPILE_COMMANDS=ON --no-warn-unused-cli -DCMAKE_TOOLCHAIN_FILE=/cc_ws/tros_ws/robot_dev_config/aarch64_toolchainfile.cmake -DPLATFORM_X5=ON -DTHIRDPARTY=ON -DBUILD_TESTING=OFF -DCMAKE_BUILD_RPATH=/cc_ws/tros_ws/build/poco_vendor/poco_external_project_install/lib/;/cc_ws/tros_ws/build/libyaml_vendor/libyaml_install/lib/ -DCMAKE_INSTALL_PREFIX=/cc_ws/tros_ws/install
[2.361s] Not searching for unused variables given on the command line.
[2.361s] -- Found ament_cmake: 1.3.8 (/opt/ros/humble/share/ament_cmake/cmake)
[2.362s] -- Found rclcpp: 16.0.8 (/opt/ros/humble/share/rclcpp/cmake)
[2.362s] -- Found rosidl_generator_c: 3.1.5 (/opt/ros/humble/share/rosidl_generator_c/cmake)
[2.362s] -- Found rosidl_adapter: 3.1.5 (/opt/ros/humble/share/rosidl_adapter/cmake)
[2.362s] -- Found rosidl_generator_cpp: 3.1.5 (/opt/ros/humble/share/rosidl_generator_cpp/cmake)
[2.362s] -- Using all available rosidl_typesupport_c: rosidl_typesupport_fastrtps_c;rosidl_typesupport_introspection_c
[2.363s] -- Using all available rosidl_typesupport_cpp: rosidl_typesupport_fastrtps_cpp;rosidl_typesupport_introspection_cpp
[2.363s] -- Found rmw_implementation_cmake: 6.1.1 (/opt/ros/humble/share/rmw_implementation_cmake/cmake)
[2.363s] -- Found rmw_fastrtps_cpp: 6.2.6 (/opt/ros/humble/share/rmw_fastrtps_cpp/cmake)
[2.363s] -- Using RMW implementation 'rmw_fastrtps_cpp' as default
[2.363s] -- Found rosbag2_cpp: 0.15.9 (/opt/ros/humble/share/rosbag2_cpp/cmake)
[2.367s] [33mCMake Warning (dev) at /opt/ros/humble/share/ament_cmake_test/cmake/ament_cmake_test-extras.cmake:19 (option):
[2.368s]   Policy CMP0077 is not set: option() honors normal variables.  Run "cmake
[2.368s]   --help-policy CMP0077" for policy details.  Use the cmake_policy command to
[2.368s]   set the policy and suppress this warning.
[2.368s] 
[2.368s]   For compatibility with older versions of CMake, option is clearing the
[2.369s]   normal variable 'BUILD_TESTING'.
[2.369s] Call Stack (most recent call first):
[2.369s]   /opt/ros/humble/share/ament_cmake_test/cmake/ament_cmake_testConfig.cmake:41 (include)
[2.369s]   /opt/ros/humble/share/ament_cmake/cmake/ament_cmake_export_dependencies-extras.cmake:21 (find_package)
[2.369s]   /opt/ros/humble/share/ament_cmake/cmake/ament_cmakeConfig.cmake:41 (include)
[2.370s]   CMakeLists.txt:33 (find_package)
[2.370s] This warning is for project developers.  Use -Wno-dev to suppress it.
[2.370s] [0m
[2.370s] [0minvalid platform, build platform X3 default[0m
[2.371s] [0mPREFIX_PATH is x3[0m
[2.371s] [0mSYS_ROOT is /cc_ws/tros_ws/robot_dev_config/../../sysroot_docker[0m
[2.419s] -- Configuring done
[2.455s] -- Generating done
[2.461s] -- Build files have been written to: /cc_ws/tros_ws/build/trigger_node
[2.491s] Invoked command in '/cc_ws/tros_ws/build/trigger_node' returned '0': CMAKE_PREFIX_PATH=/opt/ros/humble /usr/bin/cmake /cc_ws/tros_ws/src/box/hobot_trigger/trigger_node -DCMAKE_EXPORT_COMPILE_COMMANDS=ON --no-warn-unused-cli -DCMAKE_TOOLCHAIN_FILE=/cc_ws/tros_ws/robot_dev_config/aarch64_toolchainfile.cmake -DPLATFORM_X5=ON -DTHIRDPARTY=ON -DBUILD_TESTING=OFF -DCMAKE_BUILD_RPATH=/cc_ws/tros_ws/build/poco_vendor/poco_external_project_install/lib/;/cc_ws/tros_ws/build/libyaml_vendor/libyaml_install/lib/ -DCMAKE_INSTALL_PREFIX=/cc_ws/tros_ws/install
[2.493s] Invoking command in '/cc_ws/tros_ws/build/trigger_node': CMAKE_PREFIX_PATH=/opt/ros/humble /usr/bin/cmake --build /cc_ws/tros_ws/build/trigger_node -- -j12 -l12
[2.746s] [35m[1mConsolidate compiler generated dependencies of target trigger_node[0m
[2.846s] [100%] Built target trigger_node
[2.935s] Invoked command in '/cc_ws/tros_ws/build/trigger_node' returned '0': CMAKE_PREFIX_PATH=/opt/ros/humble /usr/bin/cmake --build /cc_ws/tros_ws/build/trigger_node -- -j12 -l12
[3.200s] Invoking command in '/cc_ws/tros_ws/build/trigger_node': CMAKE_PREFIX_PATH=/opt/ros/humble /usr/bin/cmake --install /cc_ws/tros_ws/build/trigger_node
[3.219s] -- Install configuration: ""
[3.219s] -- Up-to-date: /cc_ws/tros_ws/install/lib/libtrigger_node.so
[3.220s] -- Up-to-date: /cc_ws/tros_ws/install/include/trigger_node/trigger_node.h
[3.220s] -- Up-to-date: /cc_ws/tros_ws/install/lib/libtrigger_node.so
[3.223s] -- Up-to-date: /cc_ws/tros_ws/install/share/trigger_node/environment/library_path.sh
[3.223s] -- Installing: /cc_ws/tros_ws/install/share/trigger_node/environment/library_path.dsv
[3.223s] -- Up-to-date: /cc_ws/tros_ws/install/share/ament_index/resource_index/package_run_dependencies/trigger_node
[3.223s] -- Up-to-date: /cc_ws/tros_ws/install/share/ament_index/resource_index/parent_prefix_path/trigger_node
[3.224s] -- Up-to-date: /cc_ws/tros_ws/install/share/trigger_node/environment/ament_prefix_path.sh
[3.224s] -- Installing: /cc_ws/tros_ws/install/share/trigger_node/environment/ament_prefix_path.dsv
[3.224s] -- Up-to-date: /cc_ws/tros_ws/install/share/trigger_node/environment/path.sh
[3.224s] -- Installing: /cc_ws/tros_ws/install/share/trigger_node/environment/path.dsv
[3.225s] -- Up-to-date: /cc_ws/tros_ws/install/share/trigger_node/local_setup.bash
[3.225s] -- Up-to-date: /cc_ws/tros_ws/install/share/trigger_node/local_setup.sh
[3.225s] -- Up-to-date: /cc_ws/tros_ws/install/share/trigger_node/local_setup.zsh
[3.225s] -- Installing: /cc_ws/tros_ws/install/share/trigger_node/local_setup.dsv
[3.225s] -- Installing: /cc_ws/tros_ws/install/share/trigger_node/package.dsv
[3.226s] -- Up-to-date: /cc_ws/tros_ws/install/share/ament_index/resource_index/packages/trigger_node
[3.229s] -- Up-to-date: /cc_ws/tros_ws/install/share/trigger_node/cmake/trigger_nodeExport.cmake
[3.230s] -- Up-to-date: /cc_ws/tros_ws/install/share/trigger_node/cmake/trigger_nodeExport-noconfig.cmake
[3.230s] -- Up-to-date: /cc_ws/tros_ws/install/share/trigger_node/cmake/ament_cmake_export_include_directories-extras.cmake
[3.231s] -- Up-to-date: /cc_ws/tros_ws/install/share/trigger_node/cmake/ament_cmake_export_libraries-extras.cmake
[3.231s] -- Up-to-date: /cc_ws/tros_ws/install/share/trigger_node/cmake/ament_cmake_export_targets-extras.cmake
[3.233s] -- Up-to-date: /cc_ws/tros_ws/install/share/trigger_node/cmake/trigger_nodeConfig.cmake
[3.233s] -- Up-to-date: /cc_ws/tros_ws/install/share/trigger_node/cmake/trigger_nodeConfig-version.cmake
[3.234s] -- Up-to-date: /cc_ws/tros_ws/install/share/trigger_node/package.xml
[3.303s] Invoked command in '/cc_ws/tros_ws/build/trigger_node' returned '0': CMAKE_PREFIX_PATH=/opt/ros/humble /usr/bin/cmake --install /cc_ws/tros_ws/build/trigger_node
