[0.018s] Invoking command in '/cc_ws/tros_ws/build/orb_slam3_example_ros2': AMENT_PREFIX_PATH=/cc_ws/tros_ws/install:${AMENT_PREFIX_PATH} CMAKE_PREFIX_PATH=/cc_ws/tros_ws/install:/opt/ros/humble LD_LIBRARY_PATH=/cc_ws/tros_ws/install/lib:/opt/ros/humble/opt/rviz_ogre_vendor/lib:/opt/ros/humble/lib/aarch64-linux-gnu:/opt/ros/humble/lib:/cc_ws/userdata/hobot/opt/hobot/deps PYTHONPATH=/cc_ws/tros_ws/install/lib/python3.10/site-packages:${PYTHONPATH} /usr/bin/cmake /cc_ws/tros_ws/src/box/orb_slam3/orb_slam3_example_ros2 -DCMAKE_EXPORT_COMPILE_COMMANDS=ON --no-warn-unused-cli -DCMAKE_TOOLCHAIN_FILE=/cc_ws/tros_ws/robot_dev_config/aarch64_toolchainfile.cmake -DPLATFORM_X5=ON -DTHIRDPARTY=ON -DBUILD_TESTING=OFF -DCMAKE_BUILD_RPATH=/cc_ws/tros_ws/build/poco_vendor/poco_external_project_install/lib/;/cc_ws/tros_ws/build/libyaml_vendor/libyaml_install/lib/ -DCMAKE_INSTALL_PREFIX=/cc_ws/tros_ws/install
[0.023s] Not searching for unused variables given on the command line.
[0.083s] -- The C compiler identification is GNU 11.4.0
[0.146s] -- The CXX compiler identification is GNU 11.4.0
[0.156s] -- Detecting C compiler ABI info
[0.222s] -- Detecting C compiler ABI info - done
[0.231s] -- Check for working C compiler: /usr/bin/aarch64-linux-gnu-gcc - skipped
[0.231s] -- Detecting C compile features
[0.233s] -- Detecting C compile features - done
[0.238s] -- Detecting CXX compiler ABI info
[0.322s] -- Detecting CXX compiler ABI info - done
[0.331s] -- Check for working CXX compiler: /usr/bin/aarch64-linux-gnu-g++ - skipped
[0.331s] -- Detecting CXX compile features
[0.332s] -- Detecting CXX compile features - done
[0.333s] [0mBuild type: Release[0m
[0.334s] -- Performing Test COMPILER_SUPPORTS_CXX17
[0.420s] -- Performing Test COMPILER_SUPPORTS_CXX17 - Success
[0.421s] -- Performing Test COMPILER_SUPPORTS_CXX14
[0.505s] -- Performing Test COMPILER_SUPPORTS_CXX14 - Success
[0.506s] -- Performing Test COMPILER_SUPPORTS_CXX11
[0.589s] -- Performing Test COMPILER_SUPPORTS_CXX11 - Success
[0.590s] -- Performing Test COMPILER_SUPPORTS_CXX0X
[0.672s] -- Performing Test COMPILER_SUPPORTS_CXX0X - Success
[0.673s] -- Using flag -std=c++17.
[0.686s] -- Found OpenCV: /cc_ws/sysroot_docker/usr_x5 (found suitable version "4.5.4", minimum required is "4") 
[0.686s] [0mOPENCV VERSION:[0m
[0.686s] [0m4.5.4[0m
[0.701s] [33mCMake Warning at CMakeLists.txt:54 (find_package):
[0.701s]   By not providing "Findrealsense2.cmake" in CMAKE_MODULE_PATH this project
[0.701s]   has asked CMake to find a package configuration file provided by
[0.701s]   "realsense2", but CMake did not find one.
[0.701s] 
[0.701s]   Could not find a package configuration file provided by "realsense2" with
[0.702s]   any of the following names:
[0.702s] 
[0.702s]     realsense2Config.cmake
[0.702s]     realsense2-config.cmake
[0.702s] 
[0.702s]   Add the installation prefix of "realsense2" to CMAKE_PREFIX_PATH or set
[0.702s]   "realsense2_DIR" to a directory containing one of the above files.  If
[0.702s]   "realsense2" provides a separate development package or SDK, be sure it has
[0.702s]   been installed.
[0.702s] 
[0.702s] [0m
[0.714s] -- Found ament_cmake: 1.3.8 (/opt/ros/humble/share/ament_cmake/cmake)
[0.838s] -- Found Python3: /usr/bin/python3 (found version "3.10.12") found components: Interpreter 
[0.953s] [33mCMake Warning (dev) at /opt/ros/humble/share/ament_cmake_test/cmake/ament_cmake_test-extras.cmake:19 (option):
[0.953s]   Policy CMP0077 is not set: option() honors normal variables.  Run "cmake
[0.953s]   --help-policy CMP0077" for policy details.  Use the cmake_policy command to
[0.953s]   set the policy and suppress this warning.
[0.953s] 
[0.953s]   For compatibility with older versions of CMake, option is clearing the
[0.953s]   normal variable 'BUILD_TESTING'.
[0.954s] Call Stack (most recent call first):
[0.954s]   /opt/ros/humble/share/ament_cmake_test/cmake/ament_cmake_testConfig.cmake:41 (include)
[0.954s]   /opt/ros/humble/share/ament_cmake/cmake/ament_cmake_export_dependencies-extras.cmake:21 (find_package)
[0.954s]   /opt/ros/humble/share/ament_cmake/cmake/ament_cmakeConfig.cmake:41 (include)
[0.954s]   CMakeLists.txt:59 (find_package)
[0.954s] This warning is for project developers.  Use -Wno-dev to suppress it.
[0.954s] [0m
[0.959s] -- Found rclcpp: 16.0.8 (/opt/ros/humble/share/rclcpp/cmake)
[1.018s] -- Found rosidl_generator_c: 3.1.5 (/opt/ros/humble/share/rosidl_generator_c/cmake)
[1.025s] -- Found rosidl_adapter: 3.1.5 (/opt/ros/humble/share/rosidl_adapter/cmake)
[1.038s] -- Found rosidl_generator_cpp: 3.1.5 (/opt/ros/humble/share/rosidl_generator_cpp/cmake)
[1.060s] -- Using all available rosidl_typesupport_c: rosidl_typesupport_fastrtps_c;rosidl_typesupport_introspection_c
[1.088s] -- Using all available rosidl_typesupport_cpp: rosidl_typesupport_fastrtps_cpp;rosidl_typesupport_introspection_cpp
[1.186s] -- Found rmw_implementation_cmake: 6.1.1 (/opt/ros/humble/share/rmw_implementation_cmake/cmake)
[1.190s] -- Found rmw_fastrtps_cpp: 6.2.6 (/opt/ros/humble/share/rmw_fastrtps_cpp/cmake)
[1.298s] -- Found OpenSSL: /cc_ws/tros_ws/robot_dev_config/../../sysroot_docker/usr/lib/aarch64-linux-gnu/libcrypto.so (found version "3.0.2")  
[1.322s] -- Found FastRTPS: /opt/ros/humble/include  
[1.368s] -- Using RMW implementation 'rmw_fastrtps_cpp' as default
[1.382s] -- Looking for pthread.h
[1.456s] -- Looking for pthread.h - found
[1.457s] -- Performing Test CMAKE_HAVE_LIBC_PTHREAD
[1.531s] -- Performing Test CMAKE_HAVE_LIBC_PTHREAD - Success
[1.533s] -- Found Threads: TRUE  
[1.743s] -- Found sensor_msgs: 4.2.3 (/opt/ros/humble/share/sensor_msgs/cmake)
[1.907s] -- Found nav_msgs: 4.2.3 (/opt/ros/humble/share/nav_msgs/cmake)
[2.013s] -- Found rclcpp_components: 16.0.8 (/opt/ros/humble/share/rclcpp_components/cmake)
[2.092s] -- Found cv_bridge: 3.2.1 (/opt/ros/humble/share/cv_bridge/cmake)
[2.107s] -- Found tf2: 0.25.6 (/opt/ros/humble/share/tf2/cmake)
[2.118s] -- Found tf2_ros: 0.25.6 (/opt/ros/humble/share/tf2_ros/cmake)
[2.441s] -- Found orb_slam3: 2.3.1 (/cc_ws/tros_ws/robot_dev_config/../install/share/orb_slam3/cmake)
[2.450s] -- Found tf2_geometry_msgs: 0.25.6 (/opt/ros/humble/share/tf2_geometry_msgs/cmake)
[2.462s] -- Found eigen3_cmake_module: 0.1.1 (/opt/ros/humble/share/eigen3_cmake_module/cmake)
[2.463s] -- Found Eigen3: TRUE (found version "3.4.0") 
[2.463s] -- Ensuring Eigen3 include directory is part of orocos-kdl CMake target
[2.474s] [0morb_slam3 dirs: /cc_ws/sysroot_docker/usr_x5/include/opencv4;/cc_ws/tros_ws/install/include, /cc_ws/tros_ws/install/lib/liborb_slam3.so;/cc_ws/tros_ws/install/lib/libDBoW2.so;/cc_ws/tros_ws/install/lib/libg2o.so;/cc_ws/tros_ws/install/lib/liborb_slam3.so;/cc_ws/tros_ws/install/lib/libdnn_node.so;alog;gflags;dnn;cnn_intf;hbrt_bayes_aarch64;rclcpp::rclcpp;std_msgs::std_msgs__rosidl_generator_c;std_msgs::std_msgs__rosidl_typesupport_fastrtps_c;std_msgs::std_msgs__rosidl_generator_cpp;std_msgs::std_msgs__rosidl_typesupport_fastrtps_cpp;std_msgs::std_msgs__rosidl_typesupport_introspection_c;std_msgs::std_msgs__rosidl_typesupport_c;std_msgs::std_msgs__rosidl_typesupport_introspection_cpp;std_msgs::std_msgs__rosidl_typesupport_cpp;std_msgs::std_msgs__rosidl_generator_py;opencv_calib3d;opencv_core;opencv_dnn;opencv_features2d;opencv_flann;opencv_highgui;opencv_imgcodecs;opencv_imgproc;opencv_ml;opencv_objdetect;opencv_photo;opencv_stitching;opencv_video;opencv_videoio;opencv_alphamat;opencv_aruco;opencv_barcode;opencv_bgsegm;opencv_bioinspired;opencv_ccalib;opencv_datasets;opencv_dnn_objdetect;opencv_dnn_superres;opencv_dpm;opencv_face;opencv_freetype;opencv_fuzzy;opencv_hdf;opencv_hfs;opencv_img_hash;opencv_intensity_transform;opencv_line_descriptor;opencv_mcc;opencv_optflow;opencv_phase_unwrapping;opencv_plot;opencv_quality;opencv_rapid;opencv_reg;opencv_rgbd;opencv_saliency;opencv_shape;opencv_stereo;opencv_structured_light;opencv_superres;opencv_surface_matching;opencv_text;opencv_tracking;opencv_videostab;opencv_viz;opencv_wechat_qrcode;opencv_ximgproc;opencv_xobjdetect;opencv_xphoto, [0m
[2.474s] [0mconsole_bridge dir[0m
[2.474s] [0m/cc_ws/sysroot_docker/usr/include[0m
[2.474s] [0m1.0.1[0m
[2.474s] [0morb_slam3 include dirs: /cc_ws/sysroot_docker/usr_x5/include/opencv4;/cc_ws/tros_ws/install/include[0m
[2.606s] -- Configuring done
[2.700s] -- Generating done
[2.702s] -- Build files have been written to: /cc_ws/tros_ws/build/orb_slam3_example_ros2
[2.712s] Invoked command in '/cc_ws/tros_ws/build/orb_slam3_example_ros2' returned '0': AMENT_PREFIX_PATH=/cc_ws/tros_ws/install:${AMENT_PREFIX_PATH} CMAKE_PREFIX_PATH=/cc_ws/tros_ws/install:/opt/ros/humble LD_LIBRARY_PATH=/cc_ws/tros_ws/install/lib:/opt/ros/humble/opt/rviz_ogre_vendor/lib:/opt/ros/humble/lib/aarch64-linux-gnu:/opt/ros/humble/lib:/cc_ws/userdata/hobot/opt/hobot/deps PYTHONPATH=/cc_ws/tros_ws/install/lib/python3.10/site-packages:${PYTHONPATH} /usr/bin/cmake /cc_ws/tros_ws/src/box/orb_slam3/orb_slam3_example_ros2 -DCMAKE_EXPORT_COMPILE_COMMANDS=ON --no-warn-unused-cli -DCMAKE_TOOLCHAIN_FILE=/cc_ws/tros_ws/robot_dev_config/aarch64_toolchainfile.cmake -DPLATFORM_X5=ON -DTHIRDPARTY=ON -DBUILD_TESTING=OFF -DCMAKE_BUILD_RPATH=/cc_ws/tros_ws/build/poco_vendor/poco_external_project_install/lib/;/cc_ws/tros_ws/build/libyaml_vendor/libyaml_install/lib/ -DCMAKE_INSTALL_PREFIX=/cc_ws/tros_ws/install
[2.714s] Invoking command in '/cc_ws/tros_ws/build/orb_slam3_example_ros2': AMENT_PREFIX_PATH=/cc_ws/tros_ws/install:${AMENT_PREFIX_PATH} CMAKE_PREFIX_PATH=/cc_ws/tros_ws/install:/opt/ros/humble LD_LIBRARY_PATH=/cc_ws/tros_ws/install/lib:/opt/ros/humble/opt/rviz_ogre_vendor/lib:/opt/ros/humble/lib/aarch64-linux-gnu:/opt/ros/humble/lib:/cc_ws/userdata/hobot/opt/hobot/deps PYTHONPATH=/cc_ws/tros_ws/install/lib/python3.10/site-packages:${PYTHONPATH} /usr/bin/cmake --build /cc_ws/tros_ws/build/orb_slam3_example_ros2 -- -j12 -l12
[2.762s] [  8%] [32mBuilding CXX object CMakeFiles/stereo_inertial.dir/src/ros2_stereo_inertial.cpp.o[0m
[2.763s] [ 16%] [32mBuilding CXX object CMakeFiles/stereo.dir/src/ros2_stereo.cpp.o[0m
[2.763s] [ 25%] [32mBuilding CXX object CMakeFiles/rgbd.dir/src/ros2_rgbd.cpp.o[0m
[2.763s] [ 33%] [32mBuilding CXX object CMakeFiles/rgbd_inertial.dir/src/ros2_rgbd_inertial.cpp.o[0m
[2.765s] [ 41%] [32mBuilding CXX object CMakeFiles/mono.dir/src/ros2_mono.cpp.o[0m
[2.765s] [ 50%] [32mBuilding CXX object CMakeFiles/mono_inertial.dir/src/ros2_mono_inertial.cpp.o[0m
[59.228s] [ 58%] [32m[1mLinking CXX executable mono[0m
[60.253s] [ 58%] Built target mono
[64.238s] [ 66%] [32m[1mLinking CXX executable rgbd[0m
[64.795s] [ 75%] [32m[1mLinking CXX executable stereo[0m
[65.397s] [ 75%] Built target rgbd
[65.814s] [ 75%] Built target stereo
[72.175s] [ 83%] [32m[1mLinking CXX executable mono_inertial[0m
[72.978s] [ 83%] Built target mono_inertial
[75.347s] [ 91%] [32m[1mLinking CXX executable rgbd_inertial[0m
[76.074s] [ 91%] Built target rgbd_inertial
[77.343s] [100%] [32m[1mLinking CXX executable stereo_inertial[0m
[77.957s] [100%] Built target stereo_inertial
[77.966s] Invoked command in '/cc_ws/tros_ws/build/orb_slam3_example_ros2' returned '0': AMENT_PREFIX_PATH=/cc_ws/tros_ws/install:${AMENT_PREFIX_PATH} CMAKE_PREFIX_PATH=/cc_ws/tros_ws/install:/opt/ros/humble LD_LIBRARY_PATH=/cc_ws/tros_ws/install/lib:/opt/ros/humble/opt/rviz_ogre_vendor/lib:/opt/ros/humble/lib/aarch64-linux-gnu:/opt/ros/humble/lib:/cc_ws/userdata/hobot/opt/hobot/deps PYTHONPATH=/cc_ws/tros_ws/install/lib/python3.10/site-packages:${PYTHONPATH} /usr/bin/cmake --build /cc_ws/tros_ws/build/orb_slam3_example_ros2 -- -j12 -l12
[77.997s] Invoking command in '/cc_ws/tros_ws/build/orb_slam3_example_ros2': AMENT_PREFIX_PATH=/cc_ws/tros_ws/install:${AMENT_PREFIX_PATH} CMAKE_PREFIX_PATH=/cc_ws/tros_ws/install:/opt/ros/humble LD_LIBRARY_PATH=/cc_ws/tros_ws/install/lib:/opt/ros/humble/opt/rviz_ogre_vendor/lib:/opt/ros/humble/lib/aarch64-linux-gnu:/opt/ros/humble/lib:/cc_ws/userdata/hobot/opt/hobot/deps PYTHONPATH=/cc_ws/tros_ws/install/lib/python3.10/site-packages:${PYTHONPATH} /usr/bin/cmake --install /cc_ws/tros_ws/build/orb_slam3_example_ros2
[78.003s] -- Install configuration: "Release"
[78.003s] -- Installing: /cc_ws/tros_ws/install/lib/orb_slam3_example_ros2/stereo_inertial
[78.004s] -- Set runtime path of "/cc_ws/tros_ws/install/lib/orb_slam3_example_ros2/stereo_inertial" to ""
[78.005s] -- Installing: /cc_ws/tros_ws/install/lib/orb_slam3_example_ros2/stereo
[78.006s] -- Set runtime path of "/cc_ws/tros_ws/install/lib/orb_slam3_example_ros2/stereo" to ""
[78.006s] -- Installing: /cc_ws/tros_ws/install/lib/orb_slam3_example_ros2/rgbd_inertial
[78.007s] -- Set runtime path of "/cc_ws/tros_ws/install/lib/orb_slam3_example_ros2/rgbd_inertial" to ""
[78.007s] -- Installing: /cc_ws/tros_ws/install/lib/orb_slam3_example_ros2/rgbd
[78.008s] -- Set runtime path of "/cc_ws/tros_ws/install/lib/orb_slam3_example_ros2/rgbd" to ""
[78.008s] -- Installing: /cc_ws/tros_ws/install/lib/orb_slam3_example_ros2/mono_inertial
[78.010s] -- Set runtime path of "/cc_ws/tros_ws/install/lib/orb_slam3_example_ros2/mono_inertial" to ""
[78.010s] -- Installing: /cc_ws/tros_ws/install/lib/orb_slam3_example_ros2/mono
[78.011s] -- Set runtime path of "/cc_ws/tros_ws/install/lib/orb_slam3_example_ros2/mono" to ""
[78.011s] -- Installing: /cc_ws/tros_ws/install/share/ament_index/resource_index/package_run_dependencies/orb_slam3_example_ros2
[78.011s] -- Installing: /cc_ws/tros_ws/install/share/ament_index/resource_index/parent_prefix_path/orb_slam3_example_ros2
[78.011s] -- Installing: /cc_ws/tros_ws/install/share/orb_slam3_example_ros2/environment/ament_prefix_path.sh
[78.011s] -- Installing: /cc_ws/tros_ws/install/share/orb_slam3_example_ros2/environment/ament_prefix_path.dsv
[78.011s] -- Installing: /cc_ws/tros_ws/install/share/orb_slam3_example_ros2/environment/path.sh
[78.011s] -- Installing: /cc_ws/tros_ws/install/share/orb_slam3_example_ros2/environment/path.dsv
[78.011s] -- Installing: /cc_ws/tros_ws/install/share/orb_slam3_example_ros2/local_setup.bash
[78.012s] -- Installing: /cc_ws/tros_ws/install/share/orb_slam3_example_ros2/local_setup.sh
[78.012s] -- Installing: /cc_ws/tros_ws/install/share/orb_slam3_example_ros2/local_setup.zsh
[78.012s] -- Installing: /cc_ws/tros_ws/install/share/orb_slam3_example_ros2/local_setup.dsv
[78.012s] -- Installing: /cc_ws/tros_ws/install/share/orb_slam3_example_ros2/package.dsv
[78.012s] -- Installing: /cc_ws/tros_ws/install/share/ament_index/resource_index/packages/orb_slam3_example_ros2
[78.012s] -- Installing: /cc_ws/tros_ws/install/share/orb_slam3_example_ros2/cmake/orb_slam3_example_ros2Config.cmake
[78.012s] -- Installing: /cc_ws/tros_ws/install/share/orb_slam3_example_ros2/cmake/orb_slam3_example_ros2Config-version.cmake
[78.012s] -- Installing: /cc_ws/tros_ws/install/share/orb_slam3_example_ros2/package.xml
[78.014s] Invoked command in '/cc_ws/tros_ws/build/orb_slam3_example_ros2' returned '0': AMENT_PREFIX_PATH=/cc_ws/tros_ws/install:${AMENT_PREFIX_PATH} CMAKE_PREFIX_PATH=/cc_ws/tros_ws/install:/opt/ros/humble LD_LIBRARY_PATH=/cc_ws/tros_ws/install/lib:/opt/ros/humble/opt/rviz_ogre_vendor/lib:/opt/ros/humble/lib/aarch64-linux-gnu:/opt/ros/humble/lib:/cc_ws/userdata/hobot/opt/hobot/deps PYTHONPATH=/cc_ws/tros_ws/install/lib/python3.10/site-packages:${PYTHONPATH} /usr/bin/cmake --install /cc_ws/tros_ws/build/orb_slam3_example_ros2
