[0.105s] Invoking command in '/cc_ws/tros_ws/build/tros': AMENT_PREFIX_PATH=/cc_ws/tros_ws/install:${AMENT_PREFIX_PATH} CMAKE_PREFIX_PATH=/cc_ws/tros_ws/install:/opt/ros/humble LD_LIBRARY_PATH=/cc_ws/tros_ws/install/lib:/opt/ros/humble/opt/rviz_ogre_vendor/lib:/opt/ros/humble/lib/aarch64-linux-gnu:/opt/ros/humble/lib:/cc_ws/userdata/hobot/opt/hobot/deps PYTHONPATH=/cc_ws/tros_ws/install/lib/python3.10/site-packages:${PYTHONPATH} /usr/bin/cmake /cc_ws/tros_ws/tros_arm_build/packages/tros -DCMAKE_EXPORT_COMPILE_COMMANDS=ON --no-warn-unused-cli -DCMAKE_TOOLCHAIN_FILE=/cc_ws/tros_ws/robot_dev_config/aarch64_toolchainfile.cmake -DPLATFORM_X5=ON -DTHIRDPARTY=ON -DBUILD_TESTING=OFF -DCMAKE_BUILD_RPATH=/cc_ws/tros_ws/build/poco_vendor/poco_external_project_install/lib/;/cc_ws/tros_ws/build/libyaml_vendor/libyaml_install/lib/ -DCMAKE_INSTALL_PREFIX=/cc_ws/tros_ws/install
[2.710s] Not searching for unused variables given on the command line.
[2.710s] -- Found ament_cmake: 1.3.8 (/opt/ros/humble/share/ament_cmake/cmake)
[2.710s] -- Configuring done
[2.710s] -- Generating done
[2.711s] -- Build files have been written to: /cc_ws/tros_ws/build/tros
[2.712s] [33mCMake Warning (dev) at /opt/ros/humble/share/ament_cmake_test/cmake/ament_cmake_test-extras.cmake:19 (option):
[2.712s]   Policy CMP0077 is not set: option() honors normal variables.  Run "cmake
[2.712s]   --help-policy CMP0077" for policy details.  Use the cmake_policy command to
[2.713s]   set the policy and suppress this warning.
[2.713s] 
[2.713s]   For compatibility with older versions of CMake, option is clearing the
[2.713s]   normal variable 'BUILD_TESTING'.
[2.713s] Call Stack (most recent call first):
[2.713s]   /opt/ros/humble/share/ament_cmake_test/cmake/ament_cmake_testConfig.cmake:41 (include)
[2.713s]   /opt/ros/humble/share/ament_cmake/cmake/ament_cmake_export_dependencies-extras.cmake:21 (find_package)
[2.713s]   /opt/ros/humble/share/ament_cmake/cmake/ament_cmakeConfig.cmake:41 (include)
[2.713s]   CMakeLists.txt:4 (find_package)
[2.714s] This warning is for project developers.  Use -Wno-dev to suppress it.
[2.714s] [0m
[2.829s] Invoked command in '/cc_ws/tros_ws/build/tros' returned '0': AMENT_PREFIX_PATH=/cc_ws/tros_ws/install:${AMENT_PREFIX_PATH} CMAKE_PREFIX_PATH=/cc_ws/tros_ws/install:/opt/ros/humble LD_LIBRARY_PATH=/cc_ws/tros_ws/install/lib:/opt/ros/humble/opt/rviz_ogre_vendor/lib:/opt/ros/humble/lib/aarch64-linux-gnu:/opt/ros/humble/lib:/cc_ws/userdata/hobot/opt/hobot/deps PYTHONPATH=/cc_ws/tros_ws/install/lib/python3.10/site-packages:${PYTHONPATH} /usr/bin/cmake /cc_ws/tros_ws/tros_arm_build/packages/tros -DCMAKE_EXPORT_COMPILE_COMMANDS=ON --no-warn-unused-cli -DCMAKE_TOOLCHAIN_FILE=/cc_ws/tros_ws/robot_dev_config/aarch64_toolchainfile.cmake -DPLATFORM_X5=ON -DTHIRDPARTY=ON -DBUILD_TESTING=OFF -DCMAKE_BUILD_RPATH=/cc_ws/tros_ws/build/poco_vendor/poco_external_project_install/lib/;/cc_ws/tros_ws/build/libyaml_vendor/libyaml_install/lib/ -DCMAKE_INSTALL_PREFIX=/cc_ws/tros_ws/install
[2.830s] Invoking command in '/cc_ws/tros_ws/build/tros': AMENT_PREFIX_PATH=/cc_ws/tros_ws/install:${AMENT_PREFIX_PATH} CMAKE_PREFIX_PATH=/cc_ws/tros_ws/install:/opt/ros/humble LD_LIBRARY_PATH=/cc_ws/tros_ws/install/lib:/opt/ros/humble/opt/rviz_ogre_vendor/lib:/opt/ros/humble/lib/aarch64-linux-gnu:/opt/ros/humble/lib:/cc_ws/userdata/hobot/opt/hobot/deps PYTHONPATH=/cc_ws/tros_ws/install/lib/python3.10/site-packages:${PYTHONPATH} /usr/bin/cmake --build /cc_ws/tros_ws/build/tros -- -j12 -l12
[3.170s] Invoked command in '/cc_ws/tros_ws/build/tros' returned '0': AMENT_PREFIX_PATH=/cc_ws/tros_ws/install:${AMENT_PREFIX_PATH} CMAKE_PREFIX_PATH=/cc_ws/tros_ws/install:/opt/ros/humble LD_LIBRARY_PATH=/cc_ws/tros_ws/install/lib:/opt/ros/humble/opt/rviz_ogre_vendor/lib:/opt/ros/humble/lib/aarch64-linux-gnu:/opt/ros/humble/lib:/cc_ws/userdata/hobot/opt/hobot/deps PYTHONPATH=/cc_ws/tros_ws/install/lib/python3.10/site-packages:${PYTHONPATH} /usr/bin/cmake --build /cc_ws/tros_ws/build/tros -- -j12 -l12
[3.542s] Invoking command in '/cc_ws/tros_ws/build/tros': AMENT_PREFIX_PATH=/cc_ws/tros_ws/install:${AMENT_PREFIX_PATH} CMAKE_PREFIX_PATH=/cc_ws/tros_ws/install:/opt/ros/humble LD_LIBRARY_PATH=/cc_ws/tros_ws/install/lib:/opt/ros/humble/opt/rviz_ogre_vendor/lib:/opt/ros/humble/lib/aarch64-linux-gnu:/opt/ros/humble/lib:/cc_ws/userdata/hobot/opt/hobot/deps PYTHONPATH=/cc_ws/tros_ws/install/lib/python3.10/site-packages:${PYTHONPATH} /usr/bin/cmake --install /cc_ws/tros_ws/build/tros
[3.608s] -- Install configuration: ""
[3.609s] -- Up-to-date: /cc_ws/tros_ws/install/share/ament_index/resource_index/package_run_dependencies/tros
[3.610s] -- Up-to-date: /cc_ws/tros_ws/install/share/ament_index/resource_index/parent_prefix_path/tros
[3.614s] -- Up-to-date: /cc_ws/tros_ws/install/share/tros/environment/ament_prefix_path.sh
[3.614s] -- Installing: /cc_ws/tros_ws/install/share/tros/environment/ament_prefix_path.dsv
[3.615s] -- Up-to-date: /cc_ws/tros_ws/install/share/tros/environment/path.sh
[3.615s] -- Installing: /cc_ws/tros_ws/install/share/tros/environment/path.dsv
[3.615s] -- Up-to-date: /cc_ws/tros_ws/install/share/tros/local_setup.bash
[3.616s] -- Up-to-date: /cc_ws/tros_ws/install/share/tros/local_setup.sh
[3.616s] -- Up-to-date: /cc_ws/tros_ws/install/share/tros/local_setup.zsh
[3.616s] -- Installing: /cc_ws/tros_ws/install/share/tros/local_setup.dsv
[3.617s] -- Installing: /cc_ws/tros_ws/install/share/tros/package.dsv
[3.617s] -- Up-to-date: /cc_ws/tros_ws/install/share/ament_index/resource_index/packages/tros
[3.617s] -- Up-to-date: /cc_ws/tros_ws/install/share/tros/cmake/trosConfig.cmake
[3.617s] -- Up-to-date: /cc_ws/tros_ws/install/share/tros/cmake/trosConfig-version.cmake
[3.617s] -- Up-to-date: /cc_ws/tros_ws/install/share/tros/package.xml
[3.795s] Invoked command in '/cc_ws/tros_ws/build/tros' returned '0': AMENT_PREFIX_PATH=/cc_ws/tros_ws/install:${AMENT_PREFIX_PATH} CMAKE_PREFIX_PATH=/cc_ws/tros_ws/install:/opt/ros/humble LD_LIBRARY_PATH=/cc_ws/tros_ws/install/lib:/opt/ros/humble/opt/rviz_ogre_vendor/lib:/opt/ros/humble/lib/aarch64-linux-gnu:/opt/ros/humble/lib:/cc_ws/userdata/hobot/opt/hobot/deps PYTHONPATH=/cc_ws/tros_ws/install/lib/python3.10/site-packages:${PYTHONPATH} /usr/bin/cmake --install /cc_ws/tros_ws/build/tros
