[0.172s] Invoking command in '/cc_ws/tros_ws/build/hobot_falldown_detection': AMENT_PREFIX_PATH=/cc_ws/tros_ws/install:${AMENT_PREFIX_PATH} CMAKE_PREFIX_PATH=/cc_ws/tros_ws/install:/opt/ros/humble LD_LIBRARY_PATH=/cc_ws/tros_ws/install/lib:/opt/ros/humble/opt/rviz_ogre_vendor/lib:/opt/ros/humble/lib/aarch64-linux-gnu:/opt/ros/humble/lib:/cc_ws/userdata/hobot/opt/hobot/deps PYTHONPATH=/cc_ws/tros_ws/install/lib/python3.10/site-packages:/cc_ws/tros_ws/install/local/lib/python3.10/dist-packages:${PYTHONPATH} /usr/bin/cmake /cc_ws/tros_ws/src/box/hobot_perception/hobot_falldown_detection -DCMAKE_EXPORT_COMPILE_COMMANDS=ON --no-warn-unused-cli -DCMAKE_TOOLCHAIN_FILE=/cc_ws/tros_ws/robot_dev_config/aarch64_toolchainfile.cmake -DPLATFORM_X5=ON -DTHIRDPARTY=ON -DBUILD_TESTING=OFF -DCMAKE_BUILD_RPATH=/cc_ws/tros_ws/build/poco_vendor/poco_external_project_install/lib/;/cc_ws/tros_ws/build/libyaml_vendor/libyaml_install/lib/ -DCMAKE_INSTALL_PREFIX=/cc_ws/tros_ws/install
[0.197s] Not searching for unused variables given on the command line.
[0.213s] -- Found ament_cmake: 1.3.8 (/opt/ros/humble/share/ament_cmake/cmake)
[0.555s] [33mCMake Warning (dev) at /opt/ros/humble/share/ament_cmake_test/cmake/ament_cmake_test-extras.cmake:19 (option):
[0.555s]   Policy CMP0077 is not set: option() honors normal variables.  Run "cmake
[0.555s]   --help-policy CMP0077" for policy details.  Use the cmake_policy command to
[0.556s]   set the policy and suppress this warning.
[0.556s] 
[0.556s]   For compatibility with older versions of CMake, option is clearing the
[0.557s]   normal variable 'BUILD_TESTING'.
[0.557s] Call Stack (most recent call first):
[0.557s]   /opt/ros/humble/share/ament_cmake_test/cmake/ament_cmake_testConfig.cmake:41 (include)
[0.558s]   /opt/ros/humble/share/ament_cmake/cmake/ament_cmake_export_dependencies-extras.cmake:21 (find_package)
[0.558s]   /opt/ros/humble/share/ament_cmake/cmake/ament_cmakeConfig.cmake:41 (include)
[0.558s]   CMakeLists.txt:33 (find_package)
[0.559s] This warning is for project developers.  Use -Wno-dev to suppress it.
[0.559s] [0m
[0.562s] -- Found rclcpp: 16.0.8 (/opt/ros/humble/share/rclcpp/cmake)
[0.691s] -- Found rosidl_generator_c: 3.1.5 (/opt/ros/humble/share/rosidl_generator_c/cmake)
[0.714s] -- Found rosidl_adapter: 3.1.5 (/opt/ros/humble/share/rosidl_adapter/cmake)
[0.752s] -- Found rosidl_generator_cpp: 3.1.5 (/opt/ros/humble/share/rosidl_generator_cpp/cmake)
[0.815s] -- Using all available rosidl_typesupport_c: rosidl_typesupport_fastrtps_c;rosidl_typesupport_introspection_c
[0.872s] -- Using all available rosidl_typesupport_cpp: rosidl_typesupport_fastrtps_cpp;rosidl_typesupport_introspection_cpp
[1.100s] -- Found rmw_implementation_cmake: 6.1.1 (/opt/ros/humble/share/rmw_implementation_cmake/cmake)
[1.103s] -- Found rmw_fastrtps_cpp: 6.2.6 (/opt/ros/humble/share/rmw_fastrtps_cpp/cmake)
[1.421s] -- Using RMW implementation 'rmw_fastrtps_cpp' as default
[1.971s] -- Found ai_msgs: 2.0.1 (/cc_ws/tros_ws/robot_dev_config/../install/share/ai_msgs/cmake)
[2.934s] -- Configuring done
[2.963s] -- Generating done
[2.968s] -- Build files have been written to: /cc_ws/tros_ws/build/hobot_falldown_detection
[2.980s] Invoked command in '/cc_ws/tros_ws/build/hobot_falldown_detection' returned '0': AMENT_PREFIX_PATH=/cc_ws/tros_ws/install:${AMENT_PREFIX_PATH} CMAKE_PREFIX_PATH=/cc_ws/tros_ws/install:/opt/ros/humble LD_LIBRARY_PATH=/cc_ws/tros_ws/install/lib:/opt/ros/humble/opt/rviz_ogre_vendor/lib:/opt/ros/humble/lib/aarch64-linux-gnu:/opt/ros/humble/lib:/cc_ws/userdata/hobot/opt/hobot/deps PYTHONPATH=/cc_ws/tros_ws/install/lib/python3.10/site-packages:/cc_ws/tros_ws/install/local/lib/python3.10/dist-packages:${PYTHONPATH} /usr/bin/cmake /cc_ws/tros_ws/src/box/hobot_perception/hobot_falldown_detection -DCMAKE_EXPORT_COMPILE_COMMANDS=ON --no-warn-unused-cli -DCMAKE_TOOLCHAIN_FILE=/cc_ws/tros_ws/robot_dev_config/aarch64_toolchainfile.cmake -DPLATFORM_X5=ON -DTHIRDPARTY=ON -DBUILD_TESTING=OFF -DCMAKE_BUILD_RPATH=/cc_ws/tros_ws/build/poco_vendor/poco_external_project_install/lib/;/cc_ws/tros_ws/build/libyaml_vendor/libyaml_install/lib/ -DCMAKE_INSTALL_PREFIX=/cc_ws/tros_ws/install
[2.983s] Invoking command in '/cc_ws/tros_ws/build/hobot_falldown_detection': AMENT_PREFIX_PATH=/cc_ws/tros_ws/install:${AMENT_PREFIX_PATH} CMAKE_PREFIX_PATH=/cc_ws/tros_ws/install:/opt/ros/humble LD_LIBRARY_PATH=/cc_ws/tros_ws/install/lib:/opt/ros/humble/opt/rviz_ogre_vendor/lib:/opt/ros/humble/lib/aarch64-linux-gnu:/opt/ros/humble/lib:/cc_ws/userdata/hobot/opt/hobot/deps PYTHONPATH=/cc_ws/tros_ws/install/lib/python3.10/site-packages:/cc_ws/tros_ws/install/local/lib/python3.10/dist-packages:${PYTHONPATH} /usr/bin/cmake --build /cc_ws/tros_ws/build/hobot_falldown_detection -- -j12 -l12
[3.048s] [35m[1mConsolidate compiler generated dependencies of target hobot_falldown_detection[0m
[3.079s] [100%] Built target hobot_falldown_detection
[3.098s] Invoked command in '/cc_ws/tros_ws/build/hobot_falldown_detection' returned '0': AMENT_PREFIX_PATH=/cc_ws/tros_ws/install:${AMENT_PREFIX_PATH} CMAKE_PREFIX_PATH=/cc_ws/tros_ws/install:/opt/ros/humble LD_LIBRARY_PATH=/cc_ws/tros_ws/install/lib:/opt/ros/humble/opt/rviz_ogre_vendor/lib:/opt/ros/humble/lib/aarch64-linux-gnu:/opt/ros/humble/lib:/cc_ws/userdata/hobot/opt/hobot/deps PYTHONPATH=/cc_ws/tros_ws/install/lib/python3.10/site-packages:/cc_ws/tros_ws/install/local/lib/python3.10/dist-packages:${PYTHONPATH} /usr/bin/cmake --build /cc_ws/tros_ws/build/hobot_falldown_detection -- -j12 -l12
[3.137s] Invoking command in '/cc_ws/tros_ws/build/hobot_falldown_detection': AMENT_PREFIX_PATH=/cc_ws/tros_ws/install:${AMENT_PREFIX_PATH} CMAKE_PREFIX_PATH=/cc_ws/tros_ws/install:/opt/ros/humble LD_LIBRARY_PATH=/cc_ws/tros_ws/install/lib:/opt/ros/humble/opt/rviz_ogre_vendor/lib:/opt/ros/humble/lib/aarch64-linux-gnu:/opt/ros/humble/lib:/cc_ws/userdata/hobot/opt/hobot/deps PYTHONPATH=/cc_ws/tros_ws/install/lib/python3.10/site-packages:/cc_ws/tros_ws/install/local/lib/python3.10/dist-packages:${PYTHONPATH} /usr/bin/cmake --install /cc_ws/tros_ws/build/hobot_falldown_detection
[3.150s] -- Install configuration: ""
[3.150s] -- Up-to-date: /cc_ws/tros_ws/install/lib/hobot_falldown_detection/hobot_falldown_detection
[3.151s] -- Up-to-date: /cc_ws/tros_ws/install/lib/hobot_falldown_detection
[3.151s] -- Up-to-date: /cc_ws/tros_ws/install/share/hobot_falldown_detection/launch
[3.151s] -- Up-to-date: /cc_ws/tros_ws/install/share/hobot_falldown_detection/launch/hobot_falldown_detection.launch.py
[3.151s] -- Up-to-date: /cc_ws/tros_ws/install/share/ament_index/resource_index/package_run_dependencies/hobot_falldown_detection
[3.152s] -- Up-to-date: /cc_ws/tros_ws/install/share/ament_index/resource_index/parent_prefix_path/hobot_falldown_detection
[3.152s] -- Up-to-date: /cc_ws/tros_ws/install/share/hobot_falldown_detection/environment/ament_prefix_path.sh
[3.152s] -- Installing: /cc_ws/tros_ws/install/share/hobot_falldown_detection/environment/ament_prefix_path.dsv
[3.152s] -- Up-to-date: /cc_ws/tros_ws/install/share/hobot_falldown_detection/environment/path.sh
[3.152s] -- Installing: /cc_ws/tros_ws/install/share/hobot_falldown_detection/environment/path.dsv
[3.153s] -- Up-to-date: /cc_ws/tros_ws/install/share/hobot_falldown_detection/local_setup.bash
[3.153s] -- Up-to-date: /cc_ws/tros_ws/install/share/hobot_falldown_detection/local_setup.sh
[3.153s] -- Up-to-date: /cc_ws/tros_ws/install/share/hobot_falldown_detection/local_setup.zsh
[3.153s] -- Installing: /cc_ws/tros_ws/install/share/hobot_falldown_detection/local_setup.dsv
[3.153s] -- Installing: /cc_ws/tros_ws/install/share/hobot_falldown_detection/package.dsv
[3.154s] -- Up-to-date: /cc_ws/tros_ws/install/share/ament_index/resource_index/packages/hobot_falldown_detection
[3.154s] -- Up-to-date: /cc_ws/tros_ws/install/share/hobot_falldown_detection/cmake/hobot_falldown_detectionConfig.cmake
[3.154s] -- Up-to-date: /cc_ws/tros_ws/install/share/hobot_falldown_detection/cmake/hobot_falldown_detectionConfig-version.cmake
[3.154s] -- Up-to-date: /cc_ws/tros_ws/install/share/hobot_falldown_detection/package.xml
[3.158s] Invoked command in '/cc_ws/tros_ws/build/hobot_falldown_detection' returned '0': AMENT_PREFIX_PATH=/cc_ws/tros_ws/install:${AMENT_PREFIX_PATH} CMAKE_PREFIX_PATH=/cc_ws/tros_ws/install:/opt/ros/humble LD_LIBRARY_PATH=/cc_ws/tros_ws/install/lib:/opt/ros/humble/opt/rviz_ogre_vendor/lib:/opt/ros/humble/lib/aarch64-linux-gnu:/opt/ros/humble/lib:/cc_ws/userdata/hobot/opt/hobot/deps PYTHONPATH=/cc_ws/tros_ws/install/lib/python3.10/site-packages:/cc_ws/tros_ws/install/local/lib/python3.10/dist-packages:${PYTHONPATH} /usr/bin/cmake --install /cc_ws/tros_ws/build/hobot_falldown_detection
