[1.128s] Invoking command in '/cc_ws/tros_ws/src/box/hobot_clip/clip_encode_text': AMENT_PREFIX_PATH=/cc_ws/tros_ws/install:${AMENT_PREFIX_PATH} CMAKE_PREFIX_PATH=/cc_ws/tros_ws/install LD_LIBRARY_PATH=/cc_ws/tros_ws/install/lib:/opt/ros/humble/opt/rviz_ogre_vendor/lib:/opt/ros/humble/lib/aarch64-linux-gnu:/opt/ros/humble/lib:/cc_ws/userdata/hobot/opt/hobot/deps PYTHONPATH=/cc_ws/tros_ws/build/clip_encode_text/prefix_override:/cc_ws/tros_ws/install/lib/python3.10/site-packages:/cc_ws/tros_ws/install/local/lib/python3.10/dist-packages:/cc_ws/tros_ws/install/lib/python3.10/site-packages:${PYTHONPATH} /usr/bin/python3 -W ignore:setup.py install is deprecated setup.py egg_info --egg-base ../../../../build/clip_encode_text build --build-base /cc_ws/tros_ws/build/clip_encode_text/build install --record /cc_ws/tros_ws/build/clip_encode_text/install.log --single-version-externally-managed install_data
[1.649s] running egg_info
[1.651s] writing ../../../../build/clip_encode_text/clip_encode_text.egg-info/PKG-INFO
[1.651s] writing dependency_links to ../../../../build/clip_encode_text/clip_encode_text.egg-info/dependency_links.txt
[1.652s] writing entry points to ../../../../build/clip_encode_text/clip_encode_text.egg-info/entry_points.txt
[1.652s] writing requirements to ../../../../build/clip_encode_text/clip_encode_text.egg-info/requires.txt
[1.652s] writing top-level names to ../../../../build/clip_encode_text/clip_encode_text.egg-info/top_level.txt
[1.657s] reading manifest file '../../../../build/clip_encode_text/clip_encode_text.egg-info/SOURCES.txt'
[1.659s] writing manifest file '../../../../build/clip_encode_text/clip_encode_text.egg-info/SOURCES.txt'
[1.659s] running build
[1.659s] running build_py
[1.662s] running install
[1.662s] running install_lib
[1.666s] running install_data
[1.667s] running install_egg_info
[1.669s] removing '/cc_ws/tros_ws/install/lib/python3.10/site-packages/clip_encode_text-0.0.0-py3.10.egg-info' (and everything under it)
[1.669s] Copying ../../../../build/clip_encode_text/clip_encode_text.egg-info to /cc_ws/tros_ws/install/lib/python3.10/site-packages/clip_encode_text-0.0.0-py3.10.egg-info
[1.674s] running install_scripts
[1.751s] Installing clip_encode_text_node script to /cc_ws/tros_ws/install/lib/clip_encode_text
[1.752s] writing list of installed files to '/cc_ws/tros_ws/build/clip_encode_text/install.log'
[1.808s] Invoked command in '/cc_ws/tros_ws/src/box/hobot_clip/clip_encode_text' returned '0': AMENT_PREFIX_PATH=/cc_ws/tros_ws/install:${AMENT_PREFIX_PATH} CMAKE_PREFIX_PATH=/cc_ws/tros_ws/install LD_LIBRARY_PATH=/cc_ws/tros_ws/install/lib:/opt/ros/humble/opt/rviz_ogre_vendor/lib:/opt/ros/humble/lib/aarch64-linux-gnu:/opt/ros/humble/lib:/cc_ws/userdata/hobot/opt/hobot/deps PYTHONPATH=/cc_ws/tros_ws/build/clip_encode_text/prefix_override:/cc_ws/tros_ws/install/lib/python3.10/site-packages:/cc_ws/tros_ws/install/local/lib/python3.10/dist-packages:/cc_ws/tros_ws/install/lib/python3.10/site-packages:${PYTHONPATH} /usr/bin/python3 -W ignore:setup.py install is deprecated setup.py egg_info --egg-base ../../../../build/clip_encode_text build --build-base /cc_ws/tros_ws/build/clip_encode_text/build install --record /cc_ws/tros_ws/build/clip_encode_text/install.log --single-version-externally-managed install_data
