[0.170s] Invoking command in '/cc_ws/tros_ws/build/elevation_net': AMENT_PREFIX_PATH=/cc_ws/tros_ws/install:${AMENT_PREFIX_PATH} CMAKE_PREFIX_PATH=/cc_ws/tros_ws/install:/opt/ros/humble LD_LIBRARY_PATH=/cc_ws/tros_ws/install/lib:/opt/ros/humble/opt/rviz_ogre_vendor/lib:/opt/ros/humble/lib/aarch64-linux-gnu:/opt/ros/humble/lib:/cc_ws/userdata/hobot/opt/hobot/deps PYTHONPATH=/cc_ws/tros_ws/install/local/lib/python3.10/dist-packages:${PYTHONPATH} /usr/bin/cmake /cc_ws/tros_ws/src/box/hobot_perception/elevation_net -DCMAKE_EXPORT_COMPILE_COMMANDS=ON --no-warn-unused-cli -DCMAKE_TOOLCHAIN_FILE=/cc_ws/tros_ws/robot_dev_config/aarch64_toolchainfile.cmake -DPLATFORM_X5=ON -DTHIRDPARTY=ON -DBUILD_TESTING=OFF -DCMAKE_BUILD_RPATH=/cc_ws/tros_ws/build/poco_vendor/poco_external_project_install/lib/;/cc_ws/tros_ws/build/libyaml_vendor/libyaml_install/lib/ -DCMAKE_INSTALL_PREFIX=/cc_ws/tros_ws/install
[28.575s] Not searching for unused variables given on the command line.
[28.575s] -- The C compiler identification is GNU 11.4.0
[28.576s] -- The CXX compiler identification is GNU 11.4.0
[28.576s] -- Detecting C compiler ABI info
[28.576s] -- Detecting C compiler ABI info - done
[28.576s] -- Check for working C compiler: /usr/bin/aarch64-linux-gnu-gcc - skipped
[28.576s] -- Detecting C compile features
[28.577s] -- Detecting C compile features - done
[28.577s] -- Detecting CXX compiler ABI info
[28.577s] -- Detecting CXX compiler ABI info - done
[28.577s] -- Check for working CXX compiler: /usr/bin/aarch64-linux-gnu-g++ - skipped
[28.578s] -- Detecting CXX compile features
[28.578s] -- Detecting CXX compile features - done
[28.578s] -- Found ament_cmake: 1.3.8 (/opt/ros/humble/share/ament_cmake/cmake)
[28.578s] -- Found Python3: /usr/bin/python3 (found version "3.10.12") found components: Interpreter 
[28.578s] -- Found rclcpp: 16.0.8 (/opt/ros/humble/share/rclcpp/cmake)
[28.579s] -- Found rosidl_generator_c: 3.1.5 (/opt/ros/humble/share/rosidl_generator_c/cmake)
[28.579s] -- Found rosidl_adapter: 3.1.5 (/opt/ros/humble/share/rosidl_adapter/cmake)
[28.579s] -- Found rosidl_generator_cpp: 3.1.5 (/opt/ros/humble/share/rosidl_generator_cpp/cmake)
[28.579s] -- Using all available rosidl_typesupport_c: rosidl_typesupport_fastrtps_c;rosidl_typesupport_introspection_c
[28.580s] -- Using all available rosidl_typesupport_cpp: rosidl_typesupport_fastrtps_cpp;rosidl_typesupport_introspection_cpp
[28.580s] -- Found rmw_implementation_cmake: 6.1.1 (/opt/ros/humble/share/rmw_implementation_cmake/cmake)
[28.580s] -- Found rmw_fastrtps_cpp: 6.2.6 (/opt/ros/humble/share/rmw_fastrtps_cpp/cmake)
[28.585s] -- Found OpenSSL: /cc_ws/tros_ws/robot_dev_config/../../sysroot_docker/usr/lib/aarch64-linux-gnu/libcrypto.so (found version "3.0.2")  
[28.585s] -- Found FastRTPS: /opt/ros/humble/include  
[28.585s] -- Using RMW implementation 'rmw_fastrtps_cpp' as default
[28.585s] -- Looking for pthread.h
[28.586s] -- Looking for pthread.h - found
[28.586s] -- Performing Test CMAKE_HAVE_LIBC_PTHREAD
[28.590s] -- Performing Test CMAKE_HAVE_LIBC_PTHREAD - Success
[28.590s] -- Found Threads: TRUE  
[28.591s] -- Found sensor_msgs: 4.2.3 (/opt/ros/humble/share/sensor_msgs/cmake)
[28.591s] -- Found ai_msgs: 2.0.1 (/cc_ws/tros_ws/robot_dev_config/../install/share/ai_msgs/cmake)
[28.591s] -- Found dnn_node: 2.5.4 (/cc_ws/tros_ws/robot_dev_config/../install/share/dnn_node/cmake)
[28.591s] -- Found hbm_img_msgs: 2.0.0 (/cc_ws/tros_ws/robot_dev_config/../install/share/hbm_img_msgs/cmake)
[28.591s] -- Configuring done
[28.592s] -- Generating done
[28.592s] -- Build files have been written to: /cc_ws/tros_ws/build/elevation_net
[28.594s] [33mCMake Warning (dev) at /opt/ros/humble/share/ament_cmake_test/cmake/ament_cmake_test-extras.cmake:19 (option):
[28.594s]   Policy CMP0077 is not set: option() honors normal variables.  Run "cmake
[28.594s]   --help-policy CMP0077" for policy details.  Use the cmake_policy command to
[28.595s]   set the policy and suppress this warning.
[28.596s] 
[28.597s]   For compatibility with older versions of CMake, option is clearing the
[28.597s]   normal variable 'BUILD_TESTING'.
[28.597s] Call Stack (most recent call first):
[28.599s]   /opt/ros/humble/share/ament_cmake_test/cmake/ament_cmake_testConfig.cmake:41 (include)
[28.599s]   /opt/ros/humble/share/ament_cmake/cmake/ament_cmake_export_dependencies-extras.cmake:21 (find_package)
[28.599s]   /opt/ros/humble/share/ament_cmake/cmake/ament_cmakeConfig.cmake:41 (include)
[28.600s]   CMakeLists.txt:33 (find_package)
[28.600s] This warning is for project developers.  Use -Wno-dev to suppress it.
[28.602s] [0m
[28.603s] [0mnot using cv_bridge pkg[0m
[28.603s] [0mbuild platform X5[0m
[28.618s] [0mSYS_ROOT is /cc_ws/tros_ws/robot_dev_config/../../sysroot_docker[0m
[28.624s] Invoked command in '/cc_ws/tros_ws/build/elevation_net' returned '0': AMENT_PREFIX_PATH=/cc_ws/tros_ws/install:${AMENT_PREFIX_PATH} CMAKE_PREFIX_PATH=/cc_ws/tros_ws/install:/opt/ros/humble LD_LIBRARY_PATH=/cc_ws/tros_ws/install/lib:/opt/ros/humble/opt/rviz_ogre_vendor/lib:/opt/ros/humble/lib/aarch64-linux-gnu:/opt/ros/humble/lib:/cc_ws/userdata/hobot/opt/hobot/deps PYTHONPATH=/cc_ws/tros_ws/install/local/lib/python3.10/dist-packages:${PYTHONPATH} /usr/bin/cmake /cc_ws/tros_ws/src/box/hobot_perception/elevation_net -DCMAKE_EXPORT_COMPILE_COMMANDS=ON --no-warn-unused-cli -DCMAKE_TOOLCHAIN_FILE=/cc_ws/tros_ws/robot_dev_config/aarch64_toolchainfile.cmake -DPLATFORM_X5=ON -DTHIRDPARTY=ON -DBUILD_TESTING=OFF -DCMAKE_BUILD_RPATH=/cc_ws/tros_ws/build/poco_vendor/poco_external_project_install/lib/;/cc_ws/tros_ws/build/libyaml_vendor/libyaml_install/lib/ -DCMAKE_INSTALL_PREFIX=/cc_ws/tros_ws/install
[28.625s] Invoking command in '/cc_ws/tros_ws/build/elevation_net': AMENT_PREFIX_PATH=/cc_ws/tros_ws/install:${AMENT_PREFIX_PATH} CMAKE_PREFIX_PATH=/cc_ws/tros_ws/install:/opt/ros/humble LD_LIBRARY_PATH=/cc_ws/tros_ws/install/lib:/opt/ros/humble/opt/rviz_ogre_vendor/lib:/opt/ros/humble/lib/aarch64-linux-gnu:/opt/ros/humble/lib:/cc_ws/userdata/hobot/opt/hobot/deps PYTHONPATH=/cc_ws/tros_ws/install/local/lib/python3.10/dist-packages:${PYTHONPATH} /usr/bin/cmake --build /cc_ws/tros_ws/build/elevation_net -- -j12 -l12
[81.179s] [ 12%] [32mBuilding CXX object CMakeFiles/elevation_net.dir/src/main.cpp.o[0m
[81.191s] [ 25%] [32mBuilding CXX object CMakeFiles/elevation_net.dir/src/elevation_net_output_parser.cpp.o[0m
[81.191s] [ 37%] [32mBuilding CXX object CMakeFiles/elevation_net.dir/src/image_utils.cpp.o[0m
[81.192s] [ 50%] [32mBuilding CXX object CMakeFiles/elevation_net.dir/src/elevation_net_node.cpp.o[0m
[81.193s] [01m[K/cc_ws/tros_ws/src/box/hobot_perception/elevation_net/src/image_utils.cpp:[m[K In member function ‘[01m[Kint ImageUtils::GetNV12Pyramid(const string&, ImageType, int, int, std::vector<std::shared_ptr<hobot::easy_dnn::NV12PyramidInput> >&)[m[K’:
[81.193s] [01m[K/cc_ws/tros_ws/src/box/hobot_perception/elevation_net/src/image_utils.cpp:333:9:[m[K [01;35m[Kwarning: [m[Kunused variable ‘[01m[Kuv_img_len[m[K’ [[01;35m[K-Wunused-variable[m[K]
[81.193s]   333 |     int [01;35m[Kuv_img_len[m[K = len / 3;
[81.193s]       |         [01;35m[K^~~~~~~~~~[m[K
[81.194s] [01m[K/cc_ws/tros_ws/src/box/hobot_perception/elevation_net/src/image_utils.cpp:371:29:[m[K [01;35m[Kwarning: [m[Kcomparison of integer expressions of different signedness: ‘[01m[Kint[m[K’ and ‘[01m[Kuint32_t[m[K’ {aka ‘[01m[Kunsigned int[m[K’} [[01;35m[K-Wsign-compare[m[K]
[81.194s]   371 |     if ([01;35m[Koriginal_img_height != (uint32_t)model_input_height_[m[K ||
[81.194s]       |         [01;35m[K~~~~~~~~~~~~~~~~~~~~^~~~~~~~~~~~~~~~~~~~~~~~~~~~~~~~[m[K
[81.194s] [01m[K/cc_ws/tros_ws/src/box/hobot_perception/elevation_net/src/image_utils.cpp:372:28:[m[K [01;35m[Kwarning: [m[Kcomparison of integer expressions of different signedness: ‘[01m[Kint[m[K’ and ‘[01m[Kuint32_t[m[K’ {aka ‘[01m[Kunsigned int[m[K’} [[01;35m[K-Wsign-compare[m[K]
[81.195s]   372 |         [01;35m[Koriginal_img_width != (uint32_t)model_input_width_[m[K) {
[81.195s]       |         [01;35m[K~~~~~~~~~~~~~~~~~~~^~~~~~~~~~~~~~~~~~~~~~~~~~~~~~~[m[K
[81.195s] [01m[K/cc_ws/tros_ws/src/box/hobot_perception/elevation_net/src/image_utils.cpp:[m[K In member function ‘[01m[Kint ImageUtils::GetNV12Pyramid(const string&, int, int, int&, int&, std::vector<std::shared_ptr<hobot::easy_dnn::NV12PyramidInput> >&)[m[K’:
[81.195s] [01m[K/cc_ws/tros_ws/src/box/hobot_perception/elevation_net/src/image_utils.cpp:408:27:[m[K [01;35m[Kwarning: [m[Kcomparison of integer expressions of different signedness: ‘[01m[Kint[m[K’ and ‘[01m[Kuint32_t[m[K’ {aka ‘[01m[Kunsigned int[m[K’} [[01;35m[K-Wsign-compare[m[K]
[81.195s]   408 |   if ([01;35m[Koriginal_img_height != (uint32_t)model_input_height_[m[K ||
[81.196s]       |       [01;35m[K~~~~~~~~~~~~~~~~~~~~^~~~~~~~~~~~~~~~~~~~~~~~~~~~~~~~[m[K
[81.196s] [01m[K/cc_ws/tros_ws/src/box/hobot_perception/elevation_net/src/image_utils.cpp:409:26:[m[K [01;35m[Kwarning: [m[Kcomparison of integer expressions of different signedness: ‘[01m[Kint[m[K’ and ‘[01m[Kuint32_t[m[K’ {aka ‘[01m[Kunsigned int[m[K’} [[01;35m[K-Wsign-compare[m[K]
[81.196s]   409 |       [01;35m[Koriginal_img_width != (uint32_t)model_input_width_[m[K) {
[81.196s]       |       [01;35m[K~~~~~~~~~~~~~~~~~~~^~~~~~~~~~~~~~~~~~~~~~~~~~~~~~~[m[K
[81.196s] [01m[K/cc_ws/tros_ws/src/box/hobot_perception/elevation_net/src/image_utils.cpp:396:40:[m[K [01;35m[Kwarning: [m[Kunused parameter ‘[01m[Kscaled_img_height[m[K’ [[01;35m[K-Wunused-parameter[m[K]
[81.197s]   396 |     const std::string &image_file, [01;35m[Kint scaled_img_height[m[K, int scaled_img_width,
[81.197s]       |                                    [01;35m[K~~~~^~~~~~~~~~~~~~~~~[m[K
[81.197s] [01m[K/cc_ws/tros_ws/src/box/hobot_perception/elevation_net/src/image_utils.cpp:396:63:[m[K [01;35m[Kwarning: [m[Kunused parameter ‘[01m[Kscaled_img_width[m[K’ [[01;35m[K-Wunused-parameter[m[K]
[81.197s]   396 |     const std::string &image_file, int scaled_img_height, [01;35m[Kint scaled_img_width[m[K,
[81.198s]       |                                                           [01;35m[K~~~~^~~~~~~~~~~~~~~~[m[K
[81.198s] [01m[K/cc_ws/tros_ws/src/box/hobot_perception/elevation_net/src/image_utils.cpp:[m[K In member function ‘[01m[Kint ImageUtils::GetNV12Pyramid(const cv::Mat&, int, int, std::vector<std::shared_ptr<hobot::easy_dnn::NV12PyramidInput> >&)[m[K’:
[81.198s] [01m[K/cc_ws/tros_ws/src/box/hobot_perception/elevation_net/src/image_utils.cpp:473:27:[m[K [01;35m[Kwarning: [m[Kcomparison of integer expressions of different signedness: ‘[01m[Kint[m[K’ and ‘[01m[Kuint32_t[m[K’ {aka ‘[01m[Kunsigned int[m[K’} [[01;35m[K-Wsign-compare[m[K]
[81.198s]   473 |   if ([01;35m[Koriginal_img_height != (uint32_t)model_input_height_[m[K ||
[81.198s]       |       [01;35m[K~~~~~~~~~~~~~~~~~~~~^~~~~~~~~~~~~~~~~~~~~~~~~~~~~~~~[m[K
[81.199s] [01m[K/cc_ws/tros_ws/src/box/hobot_perception/elevation_net/src/image_utils.cpp:474:26:[m[K [01;35m[Kwarning: [m[Kcomparison of integer expressions of different signedness: ‘[01m[Kint[m[K’ and ‘[01m[Kuint32_t[m[K’ {aka ‘[01m[Kunsigned int[m[K’} [[01;35m[K-Wsign-compare[m[K]
[81.199s]   474 |       [01;35m[Koriginal_img_width != (uint32_t)model_input_width_[m[K) {
[81.200s]       |       [01;35m[K~~~~~~~~~~~~~~~~~~~^~~~~~~~~~~~~~~~~~~~~~~~~~~~~~~[m[K
[81.201s] [01m[K/cc_ws/tros_ws/src/box/hobot_perception/elevation_net/src/image_utils.cpp:464:33:[m[K [01;35m[Kwarning: [m[Kunused parameter ‘[01m[Kscaled_img_height[m[K’ [[01;35m[K-Wunused-parameter[m[K]
[81.201s]   464 |     const cv::Mat &bgr_mat, [01;35m[Kint scaled_img_height[m[K, int scaled_img_width,
[81.201s]       |                             [01;35m[K~~~~^~~~~~~~~~~~~~~~~[m[K
[81.201s] [01m[K/cc_ws/tros_ws/src/box/hobot_perception/elevation_net/src/image_utils.cpp:464:56:[m[K [01;35m[Kwarning: [m[Kunused parameter ‘[01m[Kscaled_img_width[m[K’ [[01;35m[K-Wunused-parameter[m[K]
[81.201s]   464 |     const cv::Mat &bgr_mat, int scaled_img_height, [01;35m[Kint scaled_img_width[m[K,
[81.202s]       |                                                    [01;35m[K~~~~^~~~~~~~~~~~~~~~[m[K
[81.202s] [01m[K/cc_ws/tros_ws/src/box/hobot_perception/elevation_net/src/image_utils.cpp:[m[K In member function ‘[01m[Kint ImageUtils::GetNV12PyramidFromNV12Img(const char*, int, int, int, int, std::vector<std::shared_ptr<hobot::easy_dnn::NV12PyramidInput> >&)[m[K’:
[81.203s] [01m[K/cc_ws/tros_ws/src/box/hobot_perception/elevation_net/src/image_utils.cpp:523:7:[m[K [01;35m[Kwarning: [m[Kunused variable ‘[01m[Kuv_img_len[m[K’ [[01;35m[K-Wunused-variable[m[K]
[81.203s]   523 |   int [01;35m[Kuv_img_len[m[K = y_img_len / 2;
[81.203s]       |       [01;35m[K^~~~~~~~~~[m[K
[86.633s] In file included from [01m[K/opt/ros/humble/include/rclcpp/rclcpp/logging.hpp:24[m[K,
[86.633s]                  from [01m[K/opt/ros/humble/include/rclcpp/rclcpp/client.hpp:40[m[K,
[86.633s]                  from [01m[K/opt/ros/humble/include/rclcpp/rclcpp/callback_group.hpp:24[m[K,
[86.634s]                  from [01m[K/opt/ros/humble/include/rclcpp/rclcpp/any_executable.hpp:20[m[K,
[86.634s]                  from [01m[K/opt/ros/humble/include/rclcpp/rclcpp/memory_strategy.hpp:25[m[K,
[86.634s]                  from [01m[K/opt/ros/humble/include/rclcpp/rclcpp/memory_strategies.hpp:18[m[K,
[86.635s]                  from [01m[K/opt/ros/humble/include/rclcpp/rclcpp/executor_options.hpp:20[m[K,
[86.635s]                  from [01m[K/opt/ros/humble/include/rclcpp/rclcpp/executor.hpp:37[m[K,
[86.635s]                  from [01m[K/opt/ros/humble/include/rclcpp/rclcpp/executors/multi_threaded_executor.hpp:25[m[K,
[86.635s]                  from [01m[K/opt/ros/humble/include/rclcpp/rclcpp/executors.hpp:21[m[K,
[86.636s]                  from [01m[K/opt/ros/humble/include/rclcpp/rclcpp/rclcpp.hpp:155[m[K,
[86.636s]                  from [01m[K/cc_ws/tros_ws/src/box/hobot_perception/elevation_net/include/elevation_net_node.h:20[m[K,
[86.636s]                  from [01m[K/cc_ws/tros_ws/src/box/hobot_perception/elevation_net/src/elevation_net_node.cpp:15[m[K:
[86.637s] [01m[K/cc_ws/tros_ws/src/box/hobot_perception/elevation_net/src/elevation_net_node.cpp:[m[K In member function ‘[01m[Kvirtual int ElevationNetNode::PostProcess(const std::shared_ptr<hobot::dnn_node::DnnNodeOutput>&)[m[K’:
[86.637s] [01m[K/cc_ws/tros_ws/src/box/hobot_perception/elevation_net/src/elevation_net_node.cpp:158:57:[m[K [01;35m[Kwarning: [m[Kformat ‘[01m[K%d[m[K’ expects argument of type ‘[01m[Kint[m[K’, but argument 5 has type ‘[01m[Kstd::vector<float>::size_type[m[K’ {aka ‘[01m[Klong unsigned int[m[K’} [[01;35m[K-Wformat=[m[K]
[86.637s]   158 |   RCLCPP_INFO(rclcpp::get_logger("elevation_net_node"), [01;35m[K"Output result depth size = %d, height size = %d"[m[K,
[86.638s]       |                                                         [01;35m[K^~~~~~~~~~~~~~~~~~~~~~~~~~~~~~~~~~~~~~~~~~~~~~~~~[m[K
[86.638s]   159 |               [32m[Kdet_result->depth_result.values.size()[m[K, det_result->height_result.values.size());
[86.638s]       |               [32m[K~~~~~~~~~~~~~~~~~~~~~~~~~~~~~~~~~~~~~~[m[K     
[86.638s]       |                                                   [32m[K|[m[K
[86.639s]       |                                                   [32m[Kstd::vector<float>::size_type {aka long unsigned int}[m[K
[86.639s] [01m[K/cc_ws/tros_ws/src/box/hobot_perception/elevation_net/src/elevation_net_node.cpp:158:86:[m[K [01;36m[Knote: [m[Kformat string is defined here
[86.639s]   158 |   RCLCPP_INFO(rclcpp::get_logger("elevation_net_node"), "Output result depth size = [01;36m[K%d[m[K, height size = %d",
[86.640s]       |                                                                                     [01;36m[K~^[m[K
[86.640s]       |                                                                                      [01;36m[K|[m[K
[86.640s]       |                                                                                      [01;36m[Kint[m[K
[86.641s]       |                                                                                     [32m[K%ld[m[K
[86.641s] In file included from [01m[K/opt/ros/humble/include/rclcpp/rclcpp/logging.hpp:24[m[K,
[86.641s]                  from [01m[K/opt/ros/humble/include/rclcpp/rclcpp/client.hpp:40[m[K,
[86.642s]                  from [01m[K/opt/ros/humble/include/rclcpp/rclcpp/callback_group.hpp:24[m[K,
[86.642s]                  from [01m[K/opt/ros/humble/include/rclcpp/rclcpp/any_executable.hpp:20[m[K,
[86.642s]                  from [01m[K/opt/ros/humble/include/rclcpp/rclcpp/memory_strategy.hpp:25[m[K,
[86.643s]                  from [01m[K/opt/ros/humble/include/rclcpp/rclcpp/memory_strategies.hpp:18[m[K,
[86.643s]                  from [01m[K/opt/ros/humble/include/rclcpp/rclcpp/executor_options.hpp:20[m[K,
[86.643s]                  from [01m[K/opt/ros/humble/include/rclcpp/rclcpp/executor.hpp:37[m[K,
[86.643s]                  from [01m[K/opt/ros/humble/include/rclcpp/rclcpp/executors/multi_threaded_executor.hpp:25[m[K,
[86.644s]                  from [01m[K/opt/ros/humble/include/rclcpp/rclcpp/executors.hpp:21[m[K,
[86.644s]                  from [01m[K/opt/ros/humble/include/rclcpp/rclcpp/rclcpp.hpp:155[m[K,
[86.644s]                  from [01m[K/cc_ws/tros_ws/src/box/hobot_perception/elevation_net/include/elevation_net_node.h:20[m[K,
[86.645s]                  from [01m[K/cc_ws/tros_ws/src/box/hobot_perception/elevation_net/src/elevation_net_node.cpp:15[m[K:
[86.645s] [01m[K/cc_ws/tros_ws/src/box/hobot_perception/elevation_net/src/elevation_net_node.cpp:158:57:[m[K [01;35m[Kwarning: [m[Kformat ‘[01m[K%d[m[K’ expects argument of type ‘[01m[Kint[m[K’, but argument 6 has type ‘[01m[Kstd::vector<float>::size_type[m[K’ {aka ‘[01m[Klong unsigned int[m[K’} [[01;35m[K-Wformat=[m[K]
[86.645s]   158 |   RCLCPP_INFO(rclcpp::get_logger("elevation_net_node"), [01;35m[K"Output result depth size = %d, height size = %d"[m[K,
[86.646s]       |                                                         [01;35m[K^~~~~~~~~~~~~~~~~~~~~~~~~~~~~~~~~~~~~~~~~~~~~~~~~[m[K
[86.646s]   159 |               det_result->depth_result.values.size(), [32m[Kdet_result->height_result.values.size()[m[K);
[86.646s]       |                                                       [32m[K~~~~~~~~~~~~~~~~~~~~~~~~~~~~~~~~~~~~~~~[m[K
[86.646s]       |                                                                                            [32m[K|[m[K
[86.647s]       |                                                                                            [32m[Kstd::vector<float>::size_type {aka long unsigned int}[m[K
[86.647s] [01m[K/cc_ws/tros_ws/src/box/hobot_perception/elevation_net/src/elevation_net_node.cpp:158:104:[m[K [01;36m[Knote: [m[Kformat string is defined here
[86.647s]   158 |   RCLCPP_INFO(rclcpp::get_logger("elevation_net_node"), "Output result depth size = %d, height size = [01;36m[K%d[m[K",
[86.648s]       |                                                                                                       [01;36m[K~^[m[K
[86.648s]       |                                                                                                        [01;36m[K|[m[K
[86.648s]       |                                                                                                        [01;36m[Kint[m[K
[86.649s]       |                                                                                                       [32m[K%ld[m[K
[86.659s] [01m[K/cc_ws/tros_ws/src/box/hobot_perception/elevation_net/src/elevation_net_node.cpp:162:7:[m[K [01;35m[Kwarning: [m[Kvariable ‘[01m[Ksmart_fps[m[K’ set but not used [[01;35m[K-Wunused-but-set-variable[m[K]
[86.660s]   162 |   int [01;35m[Ksmart_fps[m[K = 0;
[86.660s]       |       [01;35m[K^~~~~~~~~[m[K
[86.726s] In file included from [01m[K/opt/ros/humble/include/rclcpp/rclcpp/logging.hpp:24[m[K,
[86.726s]                  from [01m[K/opt/ros/humble/include/rclcpp/rclcpp/client.hpp:40[m[K,
[86.727s]                  from [01m[K/opt/ros/humble/include/rclcpp/rclcpp/callback_group.hpp:24[m[K,
[86.727s]                  from [01m[K/opt/ros/humble/include/rclcpp/rclcpp/any_executable.hpp:20[m[K,
[86.728s]                  from [01m[K/opt/ros/humble/include/rclcpp/rclcpp/memory_strategy.hpp:25[m[K,
[86.728s]                  from [01m[K/opt/ros/humble/include/rclcpp/rclcpp/memory_strategies.hpp:18[m[K,
[86.728s]                  from [01m[K/opt/ros/humble/include/rclcpp/rclcpp/executor_options.hpp:20[m[K,
[86.729s]                  from [01m[K/opt/ros/humble/include/rclcpp/rclcpp/executor.hpp:37[m[K,
[86.729s]                  from [01m[K/opt/ros/humble/include/rclcpp/rclcpp/executors/multi_threaded_executor.hpp:25[m[K,
[86.729s]                  from [01m[K/opt/ros/humble/include/rclcpp/rclcpp/executors.hpp:21[m[K,
[86.730s]                  from [01m[K/opt/ros/humble/include/rclcpp/rclcpp/rclcpp.hpp:155[m[K,
[86.730s]                  from [01m[K/cc_ws/tros_ws/src/box/hobot_perception/elevation_net/include/elevation_net_node.h:20[m[K,
[86.730s]                  from [01m[K/cc_ws/tros_ws/src/box/hobot_perception/elevation_net/src/elevation_net_node.cpp:15[m[K:
[86.731s] [01m[K/cc_ws/tros_ws/src/box/hobot_perception/elevation_net/src/elevation_net_node.cpp:[m[K In member function ‘[01m[Kvoid ElevationNetNode::RosImgProcess(sensor_msgs::msg::Image_<std::allocator<void> >::ConstSharedPtr)[m[K’:
[86.731s] [01m[K/cc_ws/tros_ws/src/box/hobot_perception/elevation_net/src/elevation_net_node.cpp:301:18:[m[K [01;35m[Kwarning: [m[Kformat ‘[01m[K%d[m[K’ expects argument of type ‘[01m[Kint[m[K’, but argument 5 has type ‘[01m[Klong int[m[K’ [[01;35m[K-Wformat=[m[K]
[86.731s]   301 |                  [01;35m[K"after GetNV12Pyramid cost ms: %d"[m[K, [32m[Kinterval[m[K);
[86.732s]       |                  [01;35m[K^~~~~~~~~~~~~~~~~~~~~~~~~~~~~~~~~~[m[K  [32m[K~~~~~~~~[m[K
[86.732s]       |                                                      [32m[K|[m[K
[86.732s]       |                                                      [32m[Klong int[m[K
[86.733s] [01m[K/cc_ws/tros_ws/src/box/hobot_perception/elevation_net/src/elevation_net_node.cpp:301:50:[m[K [01;36m[Knote: [m[Kformat string is defined here
[86.733s]   301 |                  "after GetNV12Pyramid cost ms: [01;36m[K%d[m[K", interval);
[86.734s]       |                                                 [01;36m[K~^[m[K
[86.734s]       |                                                  [01;36m[K|[m[K
[86.734s]       |                                                  [01;36m[Kint[m[K
[86.735s]       |                                                 [32m[K%ld[m[K
[86.741s] In file included from [01m[K/opt/ros/humble/include/rclcpp/rclcpp/logging.hpp:24[m[K,
[86.742s]                  from [01m[K/opt/ros/humble/include/rclcpp/rclcpp/client.hpp:40[m[K,
[86.742s]                  from [01m[K/opt/ros/humble/include/rclcpp/rclcpp/callback_group.hpp:24[m[K,
[86.742s]                  from [01m[K/opt/ros/humble/include/rclcpp/rclcpp/any_executable.hpp:20[m[K,
[86.743s]                  from [01m[K/opt/ros/humble/include/rclcpp/rclcpp/memory_strategy.hpp:25[m[K,
[86.743s]                  from [01m[K/opt/ros/humble/include/rclcpp/rclcpp/memory_strategies.hpp:18[m[K,
[86.743s]                  from [01m[K/opt/ros/humble/include/rclcpp/rclcpp/executor_options.hpp:20[m[K,
[86.744s]                  from [01m[K/opt/ros/humble/include/rclcpp/rclcpp/executor.hpp:37[m[K,
[86.744s]                  from [01m[K/opt/ros/humble/include/rclcpp/rclcpp/executors/multi_threaded_executor.hpp:25[m[K,
[86.744s]                  from [01m[K/opt/ros/humble/include/rclcpp/rclcpp/executors.hpp:21[m[K,
[86.745s]                  from [01m[K/opt/ros/humble/include/rclcpp/rclcpp/rclcpp.hpp:155[m[K,
[86.745s]                  from [01m[K/cc_ws/tros_ws/src/box/hobot_perception/elevation_net/include/elevation_net_node.h:20[m[K,
[86.745s]                  from [01m[K/cc_ws/tros_ws/src/box/hobot_perception/elevation_net/src/elevation_net_node.cpp:15[m[K:
[86.746s] [01m[K/cc_ws/tros_ws/src/box/hobot_perception/elevation_net/src/elevation_net_node.cpp:327:18:[m[K [01;35m[Kwarning: [m[Kformat ‘[01m[K%d[m[K’ expects argument of type ‘[01m[Kint[m[K’, but argument 5 has type ‘[01m[Klong int[m[K’ [[01;35m[K-Wformat=[m[K]
[86.746s]   327 |                  [01;35m[K"after Predict cost ms: %d"[m[K, [32m[Kinterval[m[K);
[86.746s]       |                  [01;35m[K^~~~~~~~~~~~~~~~~~~~~~~~~~~[m[K  [32m[K~~~~~~~~[m[K
[86.747s]       |                                               [32m[K|[m[K
[86.747s]       |                                               [32m[Klong int[m[K
[86.747s] [01m[K/cc_ws/tros_ws/src/box/hobot_perception/elevation_net/src/elevation_net_node.cpp:327:43:[m[K [01;36m[Knote: [m[Kformat string is defined here
[86.748s]   327 |                  "after Predict cost ms: [01;36m[K%d[m[K", interval);
[86.748s]       |                                          [01;36m[K~^[m[K
[86.748s]       |                                           [01;36m[K|[m[K
[86.748s]       |                                           [01;36m[Kint[m[K
[86.749s]       |                                          [32m[K%ld[m[K
[86.765s] In file included from [01m[K/opt/ros/humble/include/rclcpp/rclcpp/logging.hpp:24[m[K,
[86.766s]                  from [01m[K/opt/ros/humble/include/rclcpp/rclcpp/client.hpp:40[m[K,
[86.766s]                  from [01m[K/opt/ros/humble/include/rclcpp/rclcpp/callback_group.hpp:24[m[K,
[86.766s]                  from [01m[K/opt/ros/humble/include/rclcpp/rclcpp/any_executable.hpp:20[m[K,
[86.766s]                  from [01m[K/opt/ros/humble/include/rclcpp/rclcpp/memory_strategy.hpp:25[m[K,
[86.767s]                  from [01m[K/opt/ros/humble/include/rclcpp/rclcpp/memory_strategies.hpp:18[m[K,
[86.767s]                  from [01m[K/opt/ros/humble/include/rclcpp/rclcpp/executor_options.hpp:20[m[K,
[86.767s]                  from [01m[K/opt/ros/humble/include/rclcpp/rclcpp/executor.hpp:37[m[K,
[86.768s]                  from [01m[K/opt/ros/humble/include/rclcpp/rclcpp/executors/multi_threaded_executor.hpp:25[m[K,
[86.768s]                  from [01m[K/opt/ros/humble/include/rclcpp/rclcpp/executors.hpp:21[m[K,
[86.768s]                  from [01m[K/opt/ros/humble/include/rclcpp/rclcpp/rclcpp.hpp:155[m[K,
[86.769s]                  from [01m[K/cc_ws/tros_ws/src/box/hobot_perception/elevation_net/include/elevation_net_node.h:20[m[K,
[86.769s]                  from [01m[K/cc_ws/tros_ws/src/box/hobot_perception/elevation_net/src/elevation_net_node.cpp:15[m[K:
[86.769s] [01m[K/cc_ws/tros_ws/src/box/hobot_perception/elevation_net/src/elevation_net_node.cpp:[m[K In member function ‘[01m[Kvoid ElevationNetNode::SharedMemImgProcess(hbm_img_msgs::msg::HbmMsg1080P_<std::allocator<void> >::ConstSharedPtr)[m[K’:
[86.769s] [01m[K/cc_ws/tros_ws/src/box/hobot_perception/elevation_net/src/elevation_net_node.cpp:364:17:[m[K [01;35m[Kwarning: [m[Kformat ‘[01m[K%s[m[K’ expects argument of type ‘[01m[Kchar*[m[K’, but argument 5 has type ‘[01m[Kconst _encoding_type[m[K’ {aka ‘[01m[Kconst std::array<unsigned char, 12>[m[K’} [[01;35m[K-Wformat=[m[K]
[86.770s]   364 |                 [01;35m[K"share mem unsupported img encoding: %s"[m[K, [32m[Kimg_msg->encoding[m[K);
[86.770s]       |                 [01;35m[K^~~~~~~~~~~~~~~~~~~~~~~~~~~~~~~~~~~~~~~~[m[K  [32m[K~~~~~~~~~~~~~~~~~[m[K
[86.770s]       |                                                                    [32m[K|[m[K
[86.771s]       |                                                                    [32m[Kconst _encoding_type {aka const std::array<unsigned char, 12>}[m[K
[86.771s] [01m[K/cc_ws/tros_ws/src/box/hobot_perception/elevation_net/src/elevation_net_node.cpp:364:55:[m[K [01;36m[Knote: [m[Kformat string is defined here
[86.771s]   364 |                 "share mem unsupported img encoding: [01;36m[K%s[m[K", img_msg->encoding);
[86.772s]       |                                                      [01;36m[K~^[m[K
[86.772s]       |                                                       [01;36m[K|[m[K
[86.772s]       |                                                       [01;36m[Kchar*[m[K
[86.777s] In file included from [01m[K/opt/ros/humble/include/rclcpp/rclcpp/logging.hpp:24[m[K,
[86.777s]                  from [01m[K/opt/ros/humble/include/rclcpp/rclcpp/client.hpp:40[m[K,
[86.778s]                  from [01m[K/opt/ros/humble/include/rclcpp/rclcpp/callback_group.hpp:24[m[K,
[86.778s]                  from [01m[K/opt/ros/humble/include/rclcpp/rclcpp/any_executable.hpp:20[m[K,
[86.778s]                  from [01m[K/opt/ros/humble/include/rclcpp/rclcpp/memory_strategy.hpp:25[m[K,
[86.778s]                  from [01m[K/opt/ros/humble/include/rclcpp/rclcpp/memory_strategies.hpp:18[m[K,
[86.779s]                  from [01m[K/opt/ros/humble/include/rclcpp/rclcpp/executor_options.hpp:20[m[K,
[86.779s]                  from [01m[K/opt/ros/humble/include/rclcpp/rclcpp/executor.hpp:37[m[K,
[86.779s]                  from [01m[K/opt/ros/humble/include/rclcpp/rclcpp/executors/multi_threaded_executor.hpp:25[m[K,
[86.780s]                  from [01m[K/opt/ros/humble/include/rclcpp/rclcpp/executors.hpp:21[m[K,
[86.780s]                  from [01m[K/opt/ros/humble/include/rclcpp/rclcpp/rclcpp.hpp:155[m[K,
[86.780s]                  from [01m[K/cc_ws/tros_ws/src/box/hobot_perception/elevation_net/include/elevation_net_node.h:20[m[K,
[86.780s]                  from [01m[K/cc_ws/tros_ws/src/box/hobot_perception/elevation_net/src/elevation_net_node.cpp:15[m[K:
[86.781s] [01m[K/cc_ws/tros_ws/src/box/hobot_perception/elevation_net/src/elevation_net_node.cpp:378:18:[m[K [01;35m[Kwarning: [m[Kformat ‘[01m[K%d[m[K’ expects argument of type ‘[01m[Kint[m[K’, but argument 5 has type ‘[01m[Klong int[m[K’ [[01;35m[K-Wformat=[m[K]
[86.781s]   378 |                  [01;35m[K"after GetNV12Pyramid cost ms: %d"[m[K, [32m[Kinterval[m[K);
[86.781s]       |                  [01;35m[K^~~~~~~~~~~~~~~~~~~~~~~~~~~~~~~~~~[m[K  [32m[K~~~~~~~~[m[K
[86.782s]       |                                                      [32m[K|[m[K
[86.782s]       |                                                      [32m[Klong int[m[K
[86.782s] [01m[K/cc_ws/tros_ws/src/box/hobot_perception/elevation_net/src/elevation_net_node.cpp:378:50:[m[K [01;36m[Knote: [m[Kformat string is defined here
[86.783s]   378 |                  "after GetNV12Pyramid cost ms: [01;36m[K%d[m[K", interval);
[86.783s]       |                                                 [01;36m[K~^[m[K
[86.783s]       |                                                  [01;36m[K|[m[K
[86.783s]       |                                                  [01;36m[Kint[m[K
[86.784s]       |                                                 [32m[K%ld[m[K
[86.787s] In file included from [01m[K/opt/ros/humble/include/rclcpp/rclcpp/logging.hpp:24[m[K,
[86.787s]                  from [01m[K/opt/ros/humble/include/rclcpp/rclcpp/client.hpp:40[m[K,
[86.787s]                  from [01m[K/opt/ros/humble/include/rclcpp/rclcpp/callback_group.hpp:24[m[K,
[86.788s]                  from [01m[K/opt/ros/humble/include/rclcpp/rclcpp/any_executable.hpp:20[m[K,
[86.788s]                  from [01m[K/opt/ros/humble/include/rclcpp/rclcpp/memory_strategy.hpp:25[m[K,
[86.788s]                  from [01m[K/opt/ros/humble/include/rclcpp/rclcpp/memory_strategies.hpp:18[m[K,
[86.788s]                  from [01m[K/opt/ros/humble/include/rclcpp/rclcpp/executor_options.hpp:20[m[K,
[86.789s]                  from [01m[K/opt/ros/humble/include/rclcpp/rclcpp/executor.hpp:37[m[K,
[86.789s]                  from [01m[K/opt/ros/humble/include/rclcpp/rclcpp/executors/multi_threaded_executor.hpp:25[m[K,
[86.789s]                  from [01m[K/opt/ros/humble/include/rclcpp/rclcpp/executors.hpp:21[m[K,
[86.789s]                  from [01m[K/opt/ros/humble/include/rclcpp/rclcpp/rclcpp.hpp:155[m[K,
[86.789s]                  from [01m[K/cc_ws/tros_ws/src/box/hobot_perception/elevation_net/include/elevation_net_node.h:20[m[K,
[86.790s]                  from [01m[K/cc_ws/tros_ws/src/box/hobot_perception/elevation_net/src/elevation_net_node.cpp:15[m[K:
[86.790s] [01m[K/cc_ws/tros_ws/src/box/hobot_perception/elevation_net/src/elevation_net_node.cpp:400:18:[m[K [01;35m[Kwarning: [m[Kformat ‘[01m[K%d[m[K’ expects argument of type ‘[01m[Kint[m[K’, but argument 5 has type ‘[01m[Klong int[m[K’ [[01;35m[K-Wformat=[m[K]
[86.790s]   400 |                  [01;35m[K"after Predict cost ms: %d"[m[K, [32m[Kinterval[m[K);
[86.790s]       |                  [01;35m[K^~~~~~~~~~~~~~~~~~~~~~~~~~~[m[K  [32m[K~~~~~~~~[m[K
[86.791s]       |                                               [32m[K|[m[K
[86.791s]       |                                               [32m[Klong int[m[K
[86.791s] [01m[K/cc_ws/tros_ws/src/box/hobot_perception/elevation_net/src/elevation_net_node.cpp:400:43:[m[K [01;36m[Knote: [m[Kformat string is defined here
[86.791s]   400 |                  "after Predict cost ms: [01;36m[K%d[m[K", interval);
[86.791s]       |                                          [01;36m[K~^[m[K
[86.792s]       |                                           [01;36m[K|[m[K
[86.792s]       |                                           [01;36m[Kint[m[K
[86.792s]       |                                          [32m[K%ld[m[K
[86.801s] [01m[K/cc_ws/tros_ws/src/box/hobot_perception/elevation_net/src/elevation_net_node.cpp:[m[K In member function ‘[01m[Kint ElevationNetNode::PubPointcCloud(std::shared_ptr<ElevationNetResult>, uint32_t, uint32_t)[m[K’:
[86.801s] [01m[K/cc_ws/tros_ws/src/box/hobot_perception/elevation_net/src/elevation_net_node.cpp:414:47:[m[K [01;35m[Kwarning: [m[Kunused parameter ‘[01m[Ksrc_img_height[m[K’ [[01;35m[K-Wunused-parameter[m[K]
[86.801s]   414 |                                      [01;35m[Kuint32_t src_img_height[m[K) {
[86.802s]       |                                      [01;35m[K~~~~~~~~~^~~~~~~~~~~~~~[m[K
[117.401s] [ 62%] [32m[1mLinking CXX executable elevation_net[0m
[121.565s] [ 62%] Built target elevation_net
[121.617s] [ 75%] [32mBuilding CXX object CMakeFiles/image_publisher.dir/src/image_publisher.cpp.o[0m
[141.316s] [ 87%] [32mBuilding CXX object CMakeFiles/image_publisher.dir/src/image_utils.cpp.o[0m
[154.633s] [01m[K/cc_ws/tros_ws/src/box/hobot_perception/elevation_net/src/image_utils.cpp:[m[K In member function ‘[01m[Kint ImageUtils::GetNV12Pyramid(const string&, ImageType, int, int, std::vector<std::shared_ptr<hobot::easy_dnn::NV12PyramidInput> >&)[m[K’:
[154.633s] [01m[K/cc_ws/tros_ws/src/box/hobot_perception/elevation_net/src/image_utils.cpp:333:9:[m[K [01;35m[Kwarning: [m[Kunused variable ‘[01m[Kuv_img_len[m[K’ [[01;35m[K-Wunused-variable[m[K]
[154.634s]   333 |     int [01;35m[Kuv_img_len[m[K = len / 3;
[154.634s]       |         [01;35m[K^~~~~~~~~~[m[K
[154.634s] [01m[K/cc_ws/tros_ws/src/box/hobot_perception/elevation_net/src/image_utils.cpp:371:29:[m[K [01;35m[Kwarning: [m[Kcomparison of integer expressions of different signedness: ‘[01m[Kint[m[K’ and ‘[01m[Kuint32_t[m[K’ {aka ‘[01m[Kunsigned int[m[K’} [[01;35m[K-Wsign-compare[m[K]
[154.634s]   371 |     if ([01;35m[Koriginal_img_height != (uint32_t)model_input_height_[m[K ||
[154.635s]       |         [01;35m[K~~~~~~~~~~~~~~~~~~~~^~~~~~~~~~~~~~~~~~~~~~~~~~~~~~~~[m[K
[154.635s] [01m[K/cc_ws/tros_ws/src/box/hobot_perception/elevation_net/src/image_utils.cpp:372:28:[m[K [01;35m[Kwarning: [m[Kcomparison of integer expressions of different signedness: ‘[01m[Kint[m[K’ and ‘[01m[Kuint32_t[m[K’ {aka ‘[01m[Kunsigned int[m[K’} [[01;35m[K-Wsign-compare[m[K]
[154.635s]   372 |         [01;35m[Koriginal_img_width != (uint32_t)model_input_width_[m[K) {
[154.635s]       |         [01;35m[K~~~~~~~~~~~~~~~~~~~^~~~~~~~~~~~~~~~~~~~~~~~~~~~~~~[m[K
[154.636s] [01m[K/cc_ws/tros_ws/src/box/hobot_perception/elevation_net/src/image_utils.cpp:[m[K In member function ‘[01m[Kint ImageUtils::GetNV12Pyramid(const string&, int, int, int&, int&, std::vector<std::shared_ptr<hobot::easy_dnn::NV12PyramidInput> >&)[m[K’:
[154.637s] [01m[K/cc_ws/tros_ws/src/box/hobot_perception/elevation_net/src/image_utils.cpp:408:27:[m[K [01;35m[Kwarning: [m[Kcomparison of integer expressions of different signedness: ‘[01m[Kint[m[K’ and ‘[01m[Kuint32_t[m[K’ {aka ‘[01m[Kunsigned int[m[K’} [[01;35m[K-Wsign-compare[m[K]
[154.637s]   408 |   if ([01;35m[Koriginal_img_height != (uint32_t)model_input_height_[m[K ||
[154.637s]       |       [01;35m[K~~~~~~~~~~~~~~~~~~~~^~~~~~~~~~~~~~~~~~~~~~~~~~~~~~~~[m[K
[154.637s] [01m[K/cc_ws/tros_ws/src/box/hobot_perception/elevation_net/src/image_utils.cpp:409:26:[m[K [01;35m[Kwarning: [m[Kcomparison of integer expressions of different signedness: ‘[01m[Kint[m[K’ and ‘[01m[Kuint32_t[m[K’ {aka ‘[01m[Kunsigned int[m[K’} [[01;35m[K-Wsign-compare[m[K]
[154.638s]   409 |       [01;35m[Koriginal_img_width != (uint32_t)model_input_width_[m[K) {
[154.638s]       |       [01;35m[K~~~~~~~~~~~~~~~~~~~^~~~~~~~~~~~~~~~~~~~~~~~~~~~~~~[m[K
[154.638s] [01m[K/cc_ws/tros_ws/src/box/hobot_perception/elevation_net/src/image_utils.cpp:396:40:[m[K [01;35m[Kwarning: [m[Kunused parameter ‘[01m[Kscaled_img_height[m[K’ [[01;35m[K-Wunused-parameter[m[K]
[154.638s]   396 |     const std::string &image_file, [01;35m[Kint scaled_img_height[m[K, int scaled_img_width,
[154.639s]       |                                    [01;35m[K~~~~^~~~~~~~~~~~~~~~~[m[K
[154.639s] [01m[K/cc_ws/tros_ws/src/box/hobot_perception/elevation_net/src/image_utils.cpp:396:63:[m[K [01;35m[Kwarning: [m[Kunused parameter ‘[01m[Kscaled_img_width[m[K’ [[01;35m[K-Wunused-parameter[m[K]
[154.639s]   396 |     const std::string &image_file, int scaled_img_height, [01;35m[Kint scaled_img_width[m[K,
[154.639s]       |                                                           [01;35m[K~~~~^~~~~~~~~~~~~~~~[m[K
[154.645s] [01m[K/cc_ws/tros_ws/src/box/hobot_perception/elevation_net/src/image_utils.cpp:[m[K In member function ‘[01m[Kint ImageUtils::GetNV12Pyramid(const cv::Mat&, int, int, std::vector<std::shared_ptr<hobot::easy_dnn::NV12PyramidInput> >&)[m[K’:
[154.645s] [01m[K/cc_ws/tros_ws/src/box/hobot_perception/elevation_net/src/image_utils.cpp:473:27:[m[K [01;35m[Kwarning: [m[Kcomparison of integer expressions of different signedness: ‘[01m[Kint[m[K’ and ‘[01m[Kuint32_t[m[K’ {aka ‘[01m[Kunsigned int[m[K’} [[01;35m[K-Wsign-compare[m[K]
[154.646s]   473 |   if ([01;35m[Koriginal_img_height != (uint32_t)model_input_height_[m[K ||
[154.646s]       |       [01;35m[K~~~~~~~~~~~~~~~~~~~~^~~~~~~~~~~~~~~~~~~~~~~~~~~~~~~~[m[K
[154.646s] [01m[K/cc_ws/tros_ws/src/box/hobot_perception/elevation_net/src/image_utils.cpp:474:26:[m[K [01;35m[Kwarning: [m[Kcomparison of integer expressions of different signedness: ‘[01m[Kint[m[K’ and ‘[01m[Kuint32_t[m[K’ {aka ‘[01m[Kunsigned int[m[K’} [[01;35m[K-Wsign-compare[m[K]
[154.646s]   474 |       [01;35m[Koriginal_img_width != (uint32_t)model_input_width_[m[K) {
[154.646s]       |       [01;35m[K~~~~~~~~~~~~~~~~~~~^~~~~~~~~~~~~~~~~~~~~~~~~~~~~~~[m[K
[154.647s] [01m[K/cc_ws/tros_ws/src/box/hobot_perception/elevation_net/src/image_utils.cpp:464:33:[m[K [01;35m[Kwarning: [m[Kunused parameter ‘[01m[Kscaled_img_height[m[K’ [[01;35m[K-Wunused-parameter[m[K]
[154.647s]   464 |     const cv::Mat &bgr_mat, [01;35m[Kint scaled_img_height[m[K, int scaled_img_width,
[154.647s]       |                             [01;35m[K~~~~^~~~~~~~~~~~~~~~~[m[K
[154.648s] [01m[K/cc_ws/tros_ws/src/box/hobot_perception/elevation_net/src/image_utils.cpp:464:56:[m[K [01;35m[Kwarning: [m[Kunused parameter ‘[01m[Kscaled_img_width[m[K’ [[01;35m[K-Wunused-parameter[m[K]
[154.648s]   464 |     const cv::Mat &bgr_mat, int scaled_img_height, [01;35m[Kint scaled_img_width[m[K,
[154.648s]       |                                                    [01;35m[K~~~~^~~~~~~~~~~~~~~~[m[K
[154.652s] [01m[K/cc_ws/tros_ws/src/box/hobot_perception/elevation_net/src/image_utils.cpp:[m[K In member function ‘[01m[Kint ImageUtils::GetNV12PyramidFromNV12Img(const char*, int, int, int, int, std::vector<std::shared_ptr<hobot::easy_dnn::NV12PyramidInput> >&)[m[K’:
[154.652s] [01m[K/cc_ws/tros_ws/src/box/hobot_perception/elevation_net/src/image_utils.cpp:523:7:[m[K [01;35m[Kwarning: [m[Kunused variable ‘[01m[Kuv_img_len[m[K’ [[01;35m[K-Wunused-variable[m[K]
[154.652s]   523 |   int [01;35m[Kuv_img_len[m[K = y_img_len / 2;
[154.653s]       |       [01;35m[K^~~~~~~~~~[m[K
[158.801s] [100%] [32m[1mLinking CXX executable image_publisher[0m
[160.547s] [100%] Built target image_publisher
[160.783s] Invoked command in '/cc_ws/tros_ws/build/elevation_net' returned '0': AMENT_PREFIX_PATH=/cc_ws/tros_ws/install:${AMENT_PREFIX_PATH} CMAKE_PREFIX_PATH=/cc_ws/tros_ws/install:/opt/ros/humble LD_LIBRARY_PATH=/cc_ws/tros_ws/install/lib:/opt/ros/humble/opt/rviz_ogre_vendor/lib:/opt/ros/humble/lib/aarch64-linux-gnu:/opt/ros/humble/lib:/cc_ws/userdata/hobot/opt/hobot/deps PYTHONPATH=/cc_ws/tros_ws/install/local/lib/python3.10/dist-packages:${PYTHONPATH} /usr/bin/cmake --build /cc_ws/tros_ws/build/elevation_net -- -j12 -l12
[161.112s] Invoking command in '/cc_ws/tros_ws/build/elevation_net': AMENT_PREFIX_PATH=/cc_ws/tros_ws/install:${AMENT_PREFIX_PATH} CMAKE_PREFIX_PATH=/cc_ws/tros_ws/install:/opt/ros/humble LD_LIBRARY_PATH=/cc_ws/tros_ws/install/lib:/opt/ros/humble/opt/rviz_ogre_vendor/lib:/opt/ros/humble/lib/aarch64-linux-gnu:/opt/ros/humble/lib:/cc_ws/userdata/hobot/opt/hobot/deps PYTHONPATH=/cc_ws/tros_ws/install/local/lib/python3.10/dist-packages:${PYTHONPATH} /usr/bin/cmake --install /cc_ws/tros_ws/build/elevation_net
[168.681s] -- Install configuration: ""
[168.681s] -- Installing: /cc_ws/tros_ws/install/lib/elevation_net/elevation_net
[168.682s] -- Set runtime path of "/cc_ws/tros_ws/install/lib/elevation_net/elevation_net" to ""
[168.682s] -- Installing: /cc_ws/tros_ws/install/lib/elevation_net/image_publisher
[168.682s] -- Set runtime path of "/cc_ws/tros_ws/install/lib/elevation_net/image_publisher" to ""
[168.683s] -- Installing: /cc_ws/tros_ws/install/lib/elevation_net/config/
[168.683s] -- Installing: /cc_ws/tros_ws/install/lib/elevation_net/config//elevation.hbm
[168.683s] -- Installing: /cc_ws/tros_ws/install/lib/elevation_net/config//images
[168.683s] -- Installing: /cc_ws/tros_ws/install/lib/elevation_net/config//images/charging_base.png
[168.683s] -- Installing: /cc_ws/tros_ws/install/lib/elevation_net/config/elevation.yaml
[168.684s] -- Installing: /cc_ws/tros_ws/install/share/elevation_net/launch
[168.684s] -- Installing: /cc_ws/tros_ws/install/share/elevation_net/launch/elevation_net.launch.py
[168.684s] -- Installing: /cc_ws/tros_ws/install/share/ament_index/resource_index/package_run_dependencies/elevation_net
[168.684s] -- Installing: /cc_ws/tros_ws/install/share/ament_index/resource_index/parent_prefix_path/elevation_net
[168.684s] -- Installing: /cc_ws/tros_ws/install/share/elevation_net/environment/ament_prefix_path.sh
[168.685s] -- Installing: /cc_ws/tros_ws/install/share/elevation_net/environment/ament_prefix_path.dsv
[168.685s] -- Installing: /cc_ws/tros_ws/install/share/elevation_net/environment/path.sh
[168.685s] -- Installing: /cc_ws/tros_ws/install/share/elevation_net/environment/path.dsv
[168.685s] -- Installing: /cc_ws/tros_ws/install/share/elevation_net/local_setup.bash
[168.685s] -- Installing: /cc_ws/tros_ws/install/share/elevation_net/local_setup.sh
[168.686s] -- Installing: /cc_ws/tros_ws/install/share/elevation_net/local_setup.zsh
[168.686s] -- Installing: /cc_ws/tros_ws/install/share/elevation_net/local_setup.dsv
[168.686s] -- Installing: /cc_ws/tros_ws/install/share/elevation_net/package.dsv
[168.686s] -- Installing: /cc_ws/tros_ws/install/share/ament_index/resource_index/packages/elevation_net
[168.686s] -- Installing: /cc_ws/tros_ws/install/share/elevation_net/cmake/elevation_netConfig.cmake
[168.687s] -- Installing: /cc_ws/tros_ws/install/share/elevation_net/cmake/elevation_netConfig-version.cmake
[168.687s] -- Installing: /cc_ws/tros_ws/install/share/elevation_net/package.xml
[168.715s] Invoked command in '/cc_ws/tros_ws/build/elevation_net' returned '0': AMENT_PREFIX_PATH=/cc_ws/tros_ws/install:${AMENT_PREFIX_PATH} CMAKE_PREFIX_PATH=/cc_ws/tros_ws/install:/opt/ros/humble LD_LIBRARY_PATH=/cc_ws/tros_ws/install/lib:/opt/ros/humble/opt/rviz_ogre_vendor/lib:/opt/ros/humble/lib/aarch64-linux-gnu:/opt/ros/humble/lib:/cc_ws/userdata/hobot/opt/hobot/deps PYTHONPATH=/cc_ws/tros_ws/install/local/lib/python3.10/dist-packages:${PYTHONPATH} /usr/bin/cmake --install /cc_ws/tros_ws/build/elevation_net
