[0.189s] Invoking command in '/cc_ws/tros_ws/build/elevation_net': AMENT_PREFIX_PATH=/cc_ws/tros_ws/install:${AMENT_PREFIX_PATH} CMAKE_PREFIX_PATH=/cc_ws/tros_ws/install:/opt/ros/humble LD_LIBRARY_PATH=/cc_ws/tros_ws/install/lib:/opt/ros/humble/opt/rviz_ogre_vendor/lib:/opt/ros/humble/lib/aarch64-linux-gnu:/opt/ros/humble/lib:/cc_ws/userdata/hobot/opt/hobot/deps PYTHONPATH=/cc_ws/tros_ws/install/lib/python3.10/site-packages:/cc_ws/tros_ws/install/local/lib/python3.10/dist-packages:${PYTHONPATH} /usr/bin/cmake /cc_ws/tros_ws/src/box/hobot_perception/elevation_net -DCMAKE_EXPORT_COMPILE_COMMANDS=ON --no-warn-unused-cli -DCMAKE_TOOLCHAIN_FILE=/cc_ws/tros_ws/robot_dev_config/aarch64_toolchainfile.cmake -DPLATFORM_X5=ON -DTHIRDPARTY=ON -DBUILD_TESTING=OFF -DCMAKE_BUILD_RPATH=/cc_ws/tros_ws/build/poco_vendor/poco_external_project_install/lib/;/cc_ws/tros_ws/build/libyaml_vendor/libyaml_install/lib/ -DCMAKE_INSTALL_PREFIX=/cc_ws/tros_ws/install
[0.734s] Not searching for unused variables given on the command line.
[0.734s] -- Found ament_cmake: 1.3.8 (/opt/ros/humble/share/ament_cmake/cmake)
[0.734s] -- Found rclcpp: 16.0.8 (/opt/ros/humble/share/rclcpp/cmake)
[0.734s] -- Found rosidl_generator_c: 3.1.5 (/opt/ros/humble/share/rosidl_generator_c/cmake)
[0.734s] -- Found rosidl_adapter: 3.1.5 (/opt/ros/humble/share/rosidl_adapter/cmake)
[0.735s] -- Found rosidl_generator_cpp: 3.1.5 (/opt/ros/humble/share/rosidl_generator_cpp/cmake)
[0.735s] -- Using all available rosidl_typesupport_c: rosidl_typesupport_fastrtps_c;rosidl_typesupport_introspection_c
[0.743s] [33mCMake Warning (dev) at /opt/ros/humble/share/ament_cmake_test/cmake/ament_cmake_test-extras.cmake:19 (option):
[0.743s]   Policy CMP0077 is not set: option() honors normal variables.  Run "cmake
[0.744s]   --help-policy CMP0077" for policy details.  Use the cmake_policy command to
[0.744s]   set the policy and suppress this warning.
[0.744s] 
[0.744s]   For compatibility with older versions of CMake, option is clearing the
[0.744s]   normal variable 'BUILD_TESTING'.
[0.744s] Call Stack (most recent call first):
[0.744s]   /opt/ros/humble/share/ament_cmake_test/cmake/ament_cmake_testConfig.cmake:41 (include)
[0.744s]   /opt/ros/humble/share/ament_cmake/cmake/ament_cmake_export_dependencies-extras.cmake:21 (find_package)
[0.745s]   /opt/ros/humble/share/ament_cmake/cmake/ament_cmakeConfig.cmake:41 (include)
[0.745s]   CMakeLists.txt:33 (find_package)
[0.745s] This warning is for project developers.  Use -Wno-dev to suppress it.
[0.745s] [0m
[0.746s] -- Using all available rosidl_typesupport_cpp: rosidl_typesupport_fastrtps_cpp;rosidl_typesupport_introspection_cpp
[0.876s] -- Found rmw_implementation_cmake: 6.1.1 (/opt/ros/humble/share/rmw_implementation_cmake/cmake)
[0.879s] -- Found rmw_fastrtps_cpp: 6.2.6 (/opt/ros/humble/share/rmw_fastrtps_cpp/cmake)
[1.150s] -- Using RMW implementation 'rmw_fastrtps_cpp' as default
[1.662s] -- Found sensor_msgs: 4.2.3 (/opt/ros/humble/share/sensor_msgs/cmake)
[2.079s] -- Found ai_msgs: 2.0.1 (/cc_ws/tros_ws/robot_dev_config/../install/share/ai_msgs/cmake)
[2.427s] -- Found dnn_node: 2.5.4 (/cc_ws/tros_ws/robot_dev_config/../install/share/dnn_node/cmake)
[2.430s] [0mnot using cv_bridge pkg[0m
[2.440s] -- Found hbm_img_msgs: 2.0.0 (/cc_ws/tros_ws/robot_dev_config/../install/share/hbm_img_msgs/cmake)
[2.538s] [0mbuild platform X5[0m
[2.538s] [0mSYS_ROOT is /cc_ws/tros_ws/robot_dev_config/../../sysroot_docker[0m
[2.929s] -- Configuring done
[3.015s] -- Generating done
[3.020s] -- Build files have been written to: /cc_ws/tros_ws/build/elevation_net
[3.064s] Invoked command in '/cc_ws/tros_ws/build/elevation_net' returned '0': AMENT_PREFIX_PATH=/cc_ws/tros_ws/install:${AMENT_PREFIX_PATH} CMAKE_PREFIX_PATH=/cc_ws/tros_ws/install:/opt/ros/humble LD_LIBRARY_PATH=/cc_ws/tros_ws/install/lib:/opt/ros/humble/opt/rviz_ogre_vendor/lib:/opt/ros/humble/lib/aarch64-linux-gnu:/opt/ros/humble/lib:/cc_ws/userdata/hobot/opt/hobot/deps PYTHONPATH=/cc_ws/tros_ws/install/lib/python3.10/site-packages:/cc_ws/tros_ws/install/local/lib/python3.10/dist-packages:${PYTHONPATH} /usr/bin/cmake /cc_ws/tros_ws/src/box/hobot_perception/elevation_net -DCMAKE_EXPORT_COMPILE_COMMANDS=ON --no-warn-unused-cli -DCMAKE_TOOLCHAIN_FILE=/cc_ws/tros_ws/robot_dev_config/aarch64_toolchainfile.cmake -DPLATFORM_X5=ON -DTHIRDPARTY=ON -DBUILD_TESTING=OFF -DCMAKE_BUILD_RPATH=/cc_ws/tros_ws/build/poco_vendor/poco_external_project_install/lib/;/cc_ws/tros_ws/build/libyaml_vendor/libyaml_install/lib/ -DCMAKE_INSTALL_PREFIX=/cc_ws/tros_ws/install
[3.065s] Invoking command in '/cc_ws/tros_ws/build/elevation_net': AMENT_PREFIX_PATH=/cc_ws/tros_ws/install:${AMENT_PREFIX_PATH} CMAKE_PREFIX_PATH=/cc_ws/tros_ws/install:/opt/ros/humble LD_LIBRARY_PATH=/cc_ws/tros_ws/install/lib:/opt/ros/humble/opt/rviz_ogre_vendor/lib:/opt/ros/humble/lib/aarch64-linux-gnu:/opt/ros/humble/lib:/cc_ws/userdata/hobot/opt/hobot/deps PYTHONPATH=/cc_ws/tros_ws/install/lib/python3.10/site-packages:/cc_ws/tros_ws/install/local/lib/python3.10/dist-packages:${PYTHONPATH} /usr/bin/cmake --build /cc_ws/tros_ws/build/elevation_net -- -j12 -l12
[3.754s] [35m[1mConsolidate compiler generated dependencies of target image_publisher[0m
[3.754s] [35m[1mConsolidate compiler generated dependencies of target elevation_net[0m
[3.755s] [ 12%] [32m[1mLinking CXX executable image_publisher[0m
[3.755s] [ 25%] [32m[1mLinking CXX executable elevation_net[0m
[7.584s] [ 50%] Built target image_publisher
[11.745s] [100%] Built target elevation_net
[12.020s] Invoked command in '/cc_ws/tros_ws/build/elevation_net' returned '0': AMENT_PREFIX_PATH=/cc_ws/tros_ws/install:${AMENT_PREFIX_PATH} CMAKE_PREFIX_PATH=/cc_ws/tros_ws/install:/opt/ros/humble LD_LIBRARY_PATH=/cc_ws/tros_ws/install/lib:/opt/ros/humble/opt/rviz_ogre_vendor/lib:/opt/ros/humble/lib/aarch64-linux-gnu:/opt/ros/humble/lib:/cc_ws/userdata/hobot/opt/hobot/deps PYTHONPATH=/cc_ws/tros_ws/install/lib/python3.10/site-packages:/cc_ws/tros_ws/install/local/lib/python3.10/dist-packages:${PYTHONPATH} /usr/bin/cmake --build /cc_ws/tros_ws/build/elevation_net -- -j12 -l12
[12.392s] Invoking command in '/cc_ws/tros_ws/build/elevation_net': AMENT_PREFIX_PATH=/cc_ws/tros_ws/install:${AMENT_PREFIX_PATH} CMAKE_PREFIX_PATH=/cc_ws/tros_ws/install:/opt/ros/humble LD_LIBRARY_PATH=/cc_ws/tros_ws/install/lib:/opt/ros/humble/opt/rviz_ogre_vendor/lib:/opt/ros/humble/lib/aarch64-linux-gnu:/opt/ros/humble/lib:/cc_ws/userdata/hobot/opt/hobot/deps PYTHONPATH=/cc_ws/tros_ws/install/lib/python3.10/site-packages:/cc_ws/tros_ws/install/local/lib/python3.10/dist-packages:${PYTHONPATH} /usr/bin/cmake --install /cc_ws/tros_ws/build/elevation_net
[13.507s] -- Install configuration: ""
[13.508s] -- Installing: /cc_ws/tros_ws/install/lib/elevation_net/elevation_net
[13.508s] -- Set runtime path of "/cc_ws/tros_ws/install/lib/elevation_net/elevation_net" to ""
[13.509s] -- Installing: /cc_ws/tros_ws/install/lib/elevation_net/image_publisher
[13.509s] -- Set runtime path of "/cc_ws/tros_ws/install/lib/elevation_net/image_publisher" to ""
[13.509s] -- Up-to-date: /cc_ws/tros_ws/install/lib/elevation_net/config/
[13.510s] -- Up-to-date: /cc_ws/tros_ws/install/lib/elevation_net/config//elevation.hbm
[13.522s] -- Up-to-date: /cc_ws/tros_ws/install/lib/elevation_net/config//images
[13.522s] -- Up-to-date: /cc_ws/tros_ws/install/lib/elevation_net/config//images/charging_base.png
[13.522s] -- Up-to-date: /cc_ws/tros_ws/install/lib/elevation_net/config/elevation.yaml
[13.522s] -- Up-to-date: /cc_ws/tros_ws/install/share/elevation_net/launch
[13.523s] -- Up-to-date: /cc_ws/tros_ws/install/share/elevation_net/launch/elevation_net.launch.py
[13.523s] -- Up-to-date: /cc_ws/tros_ws/install/share/ament_index/resource_index/package_run_dependencies/elevation_net
[13.523s] -- Up-to-date: /cc_ws/tros_ws/install/share/ament_index/resource_index/parent_prefix_path/elevation_net
[13.523s] -- Up-to-date: /cc_ws/tros_ws/install/share/elevation_net/environment/ament_prefix_path.sh
[13.524s] -- Installing: /cc_ws/tros_ws/install/share/elevation_net/environment/ament_prefix_path.dsv
[13.524s] -- Up-to-date: /cc_ws/tros_ws/install/share/elevation_net/environment/path.sh
[13.524s] -- Installing: /cc_ws/tros_ws/install/share/elevation_net/environment/path.dsv
[13.525s] -- Up-to-date: /cc_ws/tros_ws/install/share/elevation_net/local_setup.bash
[13.525s] -- Up-to-date: /cc_ws/tros_ws/install/share/elevation_net/local_setup.sh
[13.525s] -- Up-to-date: /cc_ws/tros_ws/install/share/elevation_net/local_setup.zsh
[13.526s] -- Installing: /cc_ws/tros_ws/install/share/elevation_net/local_setup.dsv
[13.526s] -- Installing: /cc_ws/tros_ws/install/share/elevation_net/package.dsv
[13.527s] -- Up-to-date: /cc_ws/tros_ws/install/share/ament_index/resource_index/packages/elevation_net
[13.558s] -- Up-to-date: /cc_ws/tros_ws/install/share/elevation_net/cmake/elevation_netConfig.cmake
[13.559s] -- Up-to-date: /cc_ws/tros_ws/install/share/elevation_net/cmake/elevation_netConfig-version.cmake
[13.559s] -- Up-to-date: /cc_ws/tros_ws/install/share/elevation_net/package.xml
[13.686s] Invoked command in '/cc_ws/tros_ws/build/elevation_net' returned '0': AMENT_PREFIX_PATH=/cc_ws/tros_ws/install:${AMENT_PREFIX_PATH} CMAKE_PREFIX_PATH=/cc_ws/tros_ws/install:/opt/ros/humble LD_LIBRARY_PATH=/cc_ws/tros_ws/install/lib:/opt/ros/humble/opt/rviz_ogre_vendor/lib:/opt/ros/humble/lib/aarch64-linux-gnu:/opt/ros/humble/lib:/cc_ws/userdata/hobot/opt/hobot/deps PYTHONPATH=/cc_ws/tros_ws/install/lib/python3.10/site-packages:/cc_ws/tros_ws/install/local/lib/python3.10/dist-packages:${PYTHONPATH} /usr/bin/cmake --install /cc_ws/tros_ws/build/elevation_net
