[0.106s] Invoking command in '/cc_ws/tros_ws/build/hobot_rtsp_client': AMENT_PREFIX_PATH=/cc_ws/tros_ws/install:${AMENT_PREFIX_PATH} CMAKE_PREFIX_PATH=/cc_ws/tros_ws/install:/opt/ros/humble LD_LIBRARY_PATH=/cc_ws/tros_ws/install/lib:/opt/ros/humble/opt/rviz_ogre_vendor/lib:/opt/ros/humble/lib/aarch64-linux-gnu:/opt/ros/humble/lib:/cc_ws/userdata/hobot/opt/hobot/deps PYTHONPATH=/cc_ws/tros_ws/install/lib/python3.10/site-packages:/cc_ws/tros_ws/install/local/lib/python3.10/dist-packages:${PYTHONPATH} /usr/bin/cmake /cc_ws/tros_ws/src/box/hobot_sensor/hobot_rtsp_client -DCMAKE_EXPORT_COMPILE_COMMANDS=ON --no-warn-unused-cli -DCMAKE_TOOLCHAIN_FILE=/cc_ws/tros_ws/robot_dev_config/aarch64_toolchainfile.cmake -DPLATFORM_X5=ON -DTHIRDPARTY=ON -DBUILD_TESTING=OFF -DCMAKE_BUILD_RPATH=/cc_ws/tros_ws/build/poco_vendor/poco_external_project_install/lib/;/cc_ws/tros_ws/build/libyaml_vendor/libyaml_install/lib/ -DCMAKE_INSTALL_PREFIX=/cc_ws/tros_ws/install
[0.642s] Not searching for unused variables given on the command line.
[0.642s] -- Found ament_cmake_auto: 1.3.8 (/opt/ros/humble/share/ament_cmake_auto/cmake)
[0.670s] [33mCMake Warning (dev) at /opt/ros/humble/share/ament_cmake_test/cmake/ament_cmake_test-extras.cmake:19 (option):
[0.670s]   Policy CMP0077 is not set: option() honors normal variables.  Run "cmake
[0.670s]   --help-policy CMP0077" for policy details.  Use the cmake_policy command to
[0.670s]   set the policy and suppress this warning.
[0.671s] 
[0.671s]   For compatibility with older versions of CMake, option is clearing the
[0.671s]   normal variable 'BUILD_TESTING'.
[0.671s] Call Stack (most recent call first):
[0.672s]   /opt/ros/humble/share/ament_cmake_test/cmake/ament_cmake_testConfig.cmake:41 (include)
[0.672s]   /opt/ros/humble/share/ament_cmake/cmake/ament_cmake_export_dependencies-extras.cmake:21 (find_package)
[0.672s]   /opt/ros/humble/share/ament_cmake/cmake/ament_cmakeConfig.cmake:41 (include)
[0.672s]   /opt/ros/humble/share/ament_cmake_auto/cmake/ament_cmake_auto-extras.cmake:17 (find_package)
[0.681s]   /opt/ros/humble/share/ament_cmake_auto/cmake/ament_cmake_autoConfig.cmake:41 (include)
[0.681s]   CMakeLists.txt:35 (find_package)
[0.682s] This warning is for project developers.  Use -Wno-dev to suppress it.
[0.682s] [0m
[0.983s] -- Found rosidl_generator_c: 3.1.5 (/opt/ros/humble/share/rosidl_generator_c/cmake)
[0.983s] -- Found rosidl_adapter: 3.1.5 (/opt/ros/humble/share/rosidl_adapter/cmake)
[0.984s] -- Found rosidl_generator_cpp: 3.1.5 (/opt/ros/humble/share/rosidl_generator_cpp/cmake)
[0.998s] -- Using all available rosidl_typesupport_c: rosidl_typesupport_fastrtps_c;rosidl_typesupport_introspection_c
[1.082s] -- Using all available rosidl_typesupport_cpp: rosidl_typesupport_fastrtps_cpp;rosidl_typesupport_introspection_cpp
[1.453s] -- Found rmw_implementation_cmake: 6.1.1 (/opt/ros/humble/share/rmw_implementation_cmake/cmake)
[1.457s] -- Found rmw_fastrtps_cpp: 6.2.6 (/opt/ros/humble/share/rmw_fastrtps_cpp/cmake)
[1.992s] -- Using RMW implementation 'rmw_fastrtps_cpp' as default
[4.110s] -- Configuring done
[4.193s] -- Generating done
[4.204s] -- Build files have been written to: /cc_ws/tros_ws/build/hobot_rtsp_client
[4.261s] Invoked command in '/cc_ws/tros_ws/build/hobot_rtsp_client' returned '0': AMENT_PREFIX_PATH=/cc_ws/tros_ws/install:${AMENT_PREFIX_PATH} CMAKE_PREFIX_PATH=/cc_ws/tros_ws/install:/opt/ros/humble LD_LIBRARY_PATH=/cc_ws/tros_ws/install/lib:/opt/ros/humble/opt/rviz_ogre_vendor/lib:/opt/ros/humble/lib/aarch64-linux-gnu:/opt/ros/humble/lib:/cc_ws/userdata/hobot/opt/hobot/deps PYTHONPATH=/cc_ws/tros_ws/install/lib/python3.10/site-packages:/cc_ws/tros_ws/install/local/lib/python3.10/dist-packages:${PYTHONPATH} /usr/bin/cmake /cc_ws/tros_ws/src/box/hobot_sensor/hobot_rtsp_client -DCMAKE_EXPORT_COMPILE_COMMANDS=ON --no-warn-unused-cli -DCMAKE_TOOLCHAIN_FILE=/cc_ws/tros_ws/robot_dev_config/aarch64_toolchainfile.cmake -DPLATFORM_X5=ON -DTHIRDPARTY=ON -DBUILD_TESTING=OFF -DCMAKE_BUILD_RPATH=/cc_ws/tros_ws/build/poco_vendor/poco_external_project_install/lib/;/cc_ws/tros_ws/build/libyaml_vendor/libyaml_install/lib/ -DCMAKE_INSTALL_PREFIX=/cc_ws/tros_ws/install
[4.262s] Invoking command in '/cc_ws/tros_ws/build/hobot_rtsp_client': AMENT_PREFIX_PATH=/cc_ws/tros_ws/install:${AMENT_PREFIX_PATH} CMAKE_PREFIX_PATH=/cc_ws/tros_ws/install:/opt/ros/humble LD_LIBRARY_PATH=/cc_ws/tros_ws/install/lib:/opt/ros/humble/opt/rviz_ogre_vendor/lib:/opt/ros/humble/lib/aarch64-linux-gnu:/opt/ros/humble/lib:/cc_ws/userdata/hobot/opt/hobot/deps PYTHONPATH=/cc_ws/tros_ws/install/lib/python3.10/site-packages:/cc_ws/tros_ws/install/local/lib/python3.10/dist-packages:${PYTHONPATH} /usr/bin/cmake --build /cc_ws/tros_ws/build/hobot_rtsp_client -- -j12 -l12
[6.182s] [35m[1mConsolidate compiler generated dependencies of target hobot_rtsp_client_component[0m
[6.182s] [35m[1mConsolidate compiler generated dependencies of target hobot_rtsp_client[0m
[6.182s] [ 14%] Built target hobot_rtsp_client
[6.182s] [100%] Built target hobot_rtsp_client_component
[6.229s] Invoked command in '/cc_ws/tros_ws/build/hobot_rtsp_client' returned '0': AMENT_PREFIX_PATH=/cc_ws/tros_ws/install:${AMENT_PREFIX_PATH} CMAKE_PREFIX_PATH=/cc_ws/tros_ws/install:/opt/ros/humble LD_LIBRARY_PATH=/cc_ws/tros_ws/install/lib:/opt/ros/humble/opt/rviz_ogre_vendor/lib:/opt/ros/humble/lib/aarch64-linux-gnu:/opt/ros/humble/lib:/cc_ws/userdata/hobot/opt/hobot/deps PYTHONPATH=/cc_ws/tros_ws/install/lib/python3.10/site-packages:/cc_ws/tros_ws/install/local/lib/python3.10/dist-packages:${PYTHONPATH} /usr/bin/cmake --build /cc_ws/tros_ws/build/hobot_rtsp_client -- -j12 -l12
[6.928s] Invoking command in '/cc_ws/tros_ws/build/hobot_rtsp_client': AMENT_PREFIX_PATH=/cc_ws/tros_ws/install:${AMENT_PREFIX_PATH} CMAKE_PREFIX_PATH=/cc_ws/tros_ws/install:/opt/ros/humble LD_LIBRARY_PATH=/cc_ws/tros_ws/install/lib:/opt/ros/humble/opt/rviz_ogre_vendor/lib:/opt/ros/humble/lib/aarch64-linux-gnu:/opt/ros/humble/lib:/cc_ws/userdata/hobot/opt/hobot/deps PYTHONPATH=/cc_ws/tros_ws/install/lib/python3.10/site-packages:/cc_ws/tros_ws/install/local/lib/python3.10/dist-packages:${PYTHONPATH} /usr/bin/cmake --install /cc_ws/tros_ws/build/hobot_rtsp_client
[6.975s] -- Install configuration: "RelWithDebInfo"
[6.976s] -- Up-to-date: /cc_ws/tros_ws/install/lib/hobot_rtsp_client/hobot_rtsp_client
[6.976s] -- Up-to-date: /cc_ws/tros_ws/install/lib/
[6.976s] -- Up-to-date: /cc_ws/tros_ws/install/lib//libUsageEnvironment.so
[6.976s] -- Up-to-date: /cc_ws/tros_ws/install/lib//libgroupsock.so
[6.977s] -- Up-to-date: /cc_ws/tros_ws/install/lib//libBasicUsageEnvironment.so
[6.977s] -- Up-to-date: /cc_ws/tros_ws/install/lib//libliveMedia.so
[6.977s] -- Up-to-date: /cc_ws/tros_ws/install/lib/hobot_rtsp_client/hobot_rtsp_client
[6.978s] -- Up-to-date: /cc_ws/tros_ws/install/lib/libhobot_rtsp_client_component.so
[6.978s] -- Up-to-date: /cc_ws/tros_ws/install/share/hobot_rtsp_client//launch
[6.978s] -- Up-to-date: /cc_ws/tros_ws/install/share/hobot_rtsp_client//launch/hobot_rtsp_client_ai_websocket.launch.py
[6.979s] -- Up-to-date: /cc_ws/tros_ws/install/share/hobot_rtsp_client//launch/hobot_rtsp_client_ai_websocket_plugin.launch.py
[6.979s] -- Up-to-date: /cc_ws/tros_ws/install/share/hobot_rtsp_client//launch/hobot_rtsp_client.launch.py
[6.979s] -- Up-to-date: /cc_ws/tros_ws/install/share/hobot_rtsp_client//launch/hobot_rtsp_client_websocket.launch.py
[6.980s] -- Up-to-date: /cc_ws/tros_ws/install/share/hobot_rtsp_client//launch/hobot_rtsp_client_ai.launch.py
[6.980s] -- Up-to-date: /cc_ws/tros_ws/install/share/hobot_rtsp_client//launch/hobot_rtsp_client_ai_plugin.launch.py
[6.981s] -- Up-to-date: /cc_ws/tros_ws/install/share/ament_index/resource_index/package_run_dependencies/hobot_rtsp_client
[6.981s] -- Up-to-date: /cc_ws/tros_ws/install/share/ament_index/resource_index/parent_prefix_path/hobot_rtsp_client
[6.981s] -- Up-to-date: /cc_ws/tros_ws/install/share/hobot_rtsp_client/environment/ament_prefix_path.sh
[6.981s] -- Installing: /cc_ws/tros_ws/install/share/hobot_rtsp_client/environment/ament_prefix_path.dsv
[6.981s] -- Up-to-date: /cc_ws/tros_ws/install/share/hobot_rtsp_client/environment/path.sh
[6.982s] -- Installing: /cc_ws/tros_ws/install/share/hobot_rtsp_client/environment/path.dsv
[6.982s] -- Up-to-date: /cc_ws/tros_ws/install/share/hobot_rtsp_client/local_setup.bash
[6.982s] -- Up-to-date: /cc_ws/tros_ws/install/share/hobot_rtsp_client/local_setup.sh
[6.982s] -- Up-to-date: /cc_ws/tros_ws/install/share/hobot_rtsp_client/local_setup.zsh
[6.983s] -- Installing: /cc_ws/tros_ws/install/share/hobot_rtsp_client/local_setup.dsv
[6.983s] -- Installing: /cc_ws/tros_ws/install/share/hobot_rtsp_client/package.dsv
[6.983s] -- Up-to-date: /cc_ws/tros_ws/install/share/ament_index/resource_index/packages/hobot_rtsp_client
[6.983s] -- Up-to-date: /cc_ws/tros_ws/install/share/ament_index/resource_index/rclcpp_components/hobot_rtsp_client
[6.984s] -- Up-to-date: /cc_ws/tros_ws/install/share/hobot_rtsp_client/cmake/hobot_rtsp_clientConfig.cmake
[6.984s] -- Up-to-date: /cc_ws/tros_ws/install/share/hobot_rtsp_client/cmake/hobot_rtsp_clientConfig-version.cmake
[6.984s] -- Up-to-date: /cc_ws/tros_ws/install/share/hobot_rtsp_client/package.xml
[7.048s] Invoked command in '/cc_ws/tros_ws/build/hobot_rtsp_client' returned '0': AMENT_PREFIX_PATH=/cc_ws/tros_ws/install:${AMENT_PREFIX_PATH} CMAKE_PREFIX_PATH=/cc_ws/tros_ws/install:/opt/ros/humble LD_LIBRARY_PATH=/cc_ws/tros_ws/install/lib:/opt/ros/humble/opt/rviz_ogre_vendor/lib:/opt/ros/humble/lib/aarch64-linux-gnu:/opt/ros/humble/lib:/cc_ws/userdata/hobot/opt/hobot/deps PYTHONPATH=/cc_ws/tros_ws/install/lib/python3.10/site-packages:/cc_ws/tros_ws/install/local/lib/python3.10/dist-packages:${PYTHONPATH} /usr/bin/cmake --install /cc_ws/tros_ws/build/hobot_rtsp_client
