Not searching for unused variables given on the command line.
-- Found ament_cmake: 1.3.8 (/opt/ros/humble/share/ament_cmake/cmake)
-- Found rclcpp: 16.0.8 (/opt/ros/humble/share/rclcpp/cmake)
-- Found rosidl_generator_c: 3.1.5 (/opt/ros/humble/share/rosidl_generator_c/cmake)
-- Found rosidl_adapter: 3.1.5 (/opt/ros/humble/share/rosidl_adapter/cmake)
-- Found rosidl_generator_cpp: 3.1.5 (/opt/ros/humble/share/rosidl_generator_cpp/cmake)
-- Using all available rosidl_typesupport_c: rosidl_typesupport_fastrtps_c;rosidl_typesupport_introspection_c
-- Using all available rosidl_typesupport_cpp: rosidl_typesupport_fastrtps_cpp;rosidl_typesupport_introspection_cpp
-- Found rmw_implementation_cmake: 6.1.1 (/opt/ros/humble/share/rmw_implementation_cmake/cmake)
-- Found rmw_fastrtps_cpp: 6.2.6 (/opt/ros/humble/share/rmw_fastrtps_cpp/cmake)
-- Using RMW implementation 'rmw_fastrtps_cpp' as default
-- Found sensor_msgs: 4.2.3 (/opt/ros/humble/share/sensor_msgs/cmake)
-- Found ai_msgs: 2.0.1 (/cc_ws/tros_ws/robot_dev_config/../install/share/ai_msgs/cmake)
-- Found dnn_node: 2.5.4 (/cc_ws/tros_ws/robot_dev_config/../install/share/dnn_node/cmake)
-- Found cv_bridge: 3.2.1 (/opt/ros/humble/share/cv_bridge/cmake)
-- Found hobot_cv: 2.3.2 (/cc_ws/tros_ws/robot_dev_config/../install/share/hobot_cv/cmake)
-- Found rclcpp_components: 16.0.8 (/opt/ros/humble/share/rclcpp_components/cmake)
-- Found hbm_img_msgs: 2.0.0 (/cc_ws/tros_ws/robot_dev_config/../install/share/hbm_img_msgs/cmake)
-- Found hobot_mot: 2.0.2 (/cc_ws/tros_ws/robot_dev_config/../install/share/hobot_mot/cmake)
-- Configuring done
-- Generating done
-- Build files have been written to: /cc_ws/tros_ws/build/mono2d_body_detection
[35m[1mConsolidate compiler generated dependencies of target mono2d_body_detection_component[0m
[ 66%] Built target mono2d_body_detection_component
[35m[1mConsolidate compiler generated dependencies of target mono2d_body_detection[0m
[ 83%] [32m[1mLinking CXX executable mono2d_body_detection[0m
[100%] Built target mono2d_body_detection
-- Install configuration: ""
-- Installing: /cc_ws/tros_ws/install/lib/mono2d_body_detection/mono2d_body_detection
-- Set runtime path of "/cc_ws/tros_ws/install/lib/mono2d_body_detection/mono2d_body_detection" to ""
-- Up-to-date: /cc_ws/tros_ws/install/lib/mono2d_body_detection/mono2d_body_detection
-- Up-to-date: /cc_ws/tros_ws/install/lib/libmono2d_body_detection_component.so
-- Up-to-date: /cc_ws/tros_ws/install/lib/mono2d_body_detection/config/
-- Up-to-date: /cc_ws/tros_ws/install/lib/mono2d_body_detection/config//multitask_body_head_face_hand_kps_960x544.hbm
-- Up-to-date: /cc_ws/tros_ws/install/lib/mono2d_body_detection/config/iou2_euclid_method_param.json
-- Up-to-date: /cc_ws/tros_ws/install/lib/mono2d_body_detection/config/iou2_method_param.json
-- Up-to-date: /cc_ws/tros_ws/install/lib/mono2d_body_detection/config/person_body.jpg
-- Up-to-date: /cc_ws/tros_ws/install/share/mono2d_body_detection/launch
-- Up-to-date: /cc_ws/tros_ws/install/share/mono2d_body_detection/launch/mono2d_body_detection_without_camera.launch.py
-- Up-to-date: /cc_ws/tros_ws/install/share/mono2d_body_detection/launch/mono2d_body_detection.launch.py
-- Up-to-date: /cc_ws/tros_ws/install/share/ament_index/resource_index/package_run_dependencies/mono2d_body_detection
-- Up-to-date: /cc_ws/tros_ws/install/share/ament_index/resource_index/parent_prefix_path/mono2d_body_detection
-- Up-to-date: /cc_ws/tros_ws/install/share/mono2d_body_detection/environment/ament_prefix_path.sh
-- Installing: /cc_ws/tros_ws/install/share/mono2d_body_detection/environment/ament_prefix_path.dsv
-- Up-to-date: /cc_ws/tros_ws/install/share/mono2d_body_detection/environment/path.sh
-- Installing: /cc_ws/tros_ws/install/share/mono2d_body_detection/environment/path.dsv
-- Up-to-date: /cc_ws/tros_ws/install/share/mono2d_body_detection/local_setup.bash
-- Up-to-date: /cc_ws/tros_ws/install/share/mono2d_body_detection/local_setup.sh
-- Up-to-date: /cc_ws/tros_ws/install/share/mono2d_body_detection/local_setup.zsh
-- Installing: /cc_ws/tros_ws/install/share/mono2d_body_detection/local_setup.dsv
-- Installing: /cc_ws/tros_ws/install/share/mono2d_body_detection/package.dsv
-- Up-to-date: /cc_ws/tros_ws/install/share/ament_index/resource_index/packages/mono2d_body_detection
-- Up-to-date: /cc_ws/tros_ws/install/share/ament_index/resource_index/rclcpp_components/mono2d_body_detection
-- Up-to-date: /cc_ws/tros_ws/install/share/mono2d_body_detection/cmake/mono2d_body_detectionConfig.cmake
-- Up-to-date: /cc_ws/tros_ws/install/share/mono2d_body_detection/cmake/mono2d_body_detectionConfig-version.cmake
-- Up-to-date: /cc_ws/tros_ws/install/share/mono2d_body_detection/package.xml
