[0.147s] Invoking command in '/cc_ws/tros_ws/build/face_age_detection': AMENT_PREFIX_PATH=/cc_ws/tros_ws/install:${AMENT_PREFIX_PATH} CMAKE_PREFIX_PATH=/cc_ws/tros_ws/install:/opt/ros/humble LD_LIBRARY_PATH=/cc_ws/tros_ws/install/lib:/opt/ros/humble/opt/rviz_ogre_vendor/lib:/opt/ros/humble/lib/aarch64-linux-gnu:/opt/ros/humble/lib:/cc_ws/userdata/hobot/opt/hobot/deps PYTHONPATH=/cc_ws/tros_ws/install/lib/python3.10/site-packages:/cc_ws/tros_ws/install/local/lib/python3.10/dist-packages:${PYTHONPATH} /usr/bin/cmake /cc_ws/tros_ws/src/box/hobot_perception/face_age_detection -DCMAKE_EXPORT_COMPILE_COMMANDS=ON --no-warn-unused-cli -DCMAKE_TOOLCHAIN_FILE=/cc_ws/tros_ws/robot_dev_config/aarch64_toolchainfile.cmake -DPLATFORM_X5=ON -DTHIRDPARTY=ON -DBUILD_TESTING=OFF -DCMAKE_BUILD_RPATH=/cc_ws/tros_ws/build/poco_vendor/poco_external_project_install/lib/;/cc_ws/tros_ws/build/libyaml_vendor/libyaml_install/lib/ -DCMAKE_INSTALL_PREFIX=/cc_ws/tros_ws/install
[0.205s] Not searching for unused variables given on the command line.
[0.205s] -- Found ament_cmake: 1.3.8 (/opt/ros/humble/share/ament_cmake/cmake)
[0.205s] [0m=> build for platform X5[0m
[0.206s] [0m=> SYS_ROOT is /cc_ws/tros_ws/robot_dev_config/../../sysroot_docker[0m
[0.543s] [33mCMake Warning (dev) at /opt/ros/humble/share/ament_cmake_test/cmake/ament_cmake_test-extras.cmake:19 (option):
[0.544s]   Policy CMP0077 is not set: option() honors normal variables.  Run "cmake
[0.544s]   --help-policy CMP0077" for policy details.  Use the cmake_policy command to
[0.544s]   set the policy and suppress this warning.
[0.544s] 
[0.545s]   For compatibility with older versions of CMake, option is clearing the
[0.545s]   normal variable 'BUILD_TESTING'.
[0.545s] Call Stack (most recent call first):
[0.545s]   /opt/ros/humble/share/ament_cmake_test/cmake/ament_cmake_testConfig.cmake:41 (include)
[0.545s]   /opt/ros/humble/share/ament_cmake/cmake/ament_cmake_export_dependencies-extras.cmake:21 (find_package)
[0.546s]   /opt/ros/humble/share/ament_cmake/cmake/ament_cmakeConfig.cmake:41 (include)
[0.546s]   CMakeLists.txt:48 (find_package)
[0.546s] This warning is for project developers.  Use -Wno-dev to suppress it.
[0.546s] [0m
[0.588s] -- Found rclcpp: 16.0.8 (/opt/ros/humble/share/rclcpp/cmake)
[0.700s] -- Found rosidl_generator_c: 3.1.5 (/opt/ros/humble/share/rosidl_generator_c/cmake)
[0.709s] -- Found rosidl_adapter: 3.1.5 (/opt/ros/humble/share/rosidl_adapter/cmake)
[0.731s] -- Found rosidl_generator_cpp: 3.1.5 (/opt/ros/humble/share/rosidl_generator_cpp/cmake)
[0.777s] -- Using all available rosidl_typesupport_c: rosidl_typesupport_fastrtps_c;rosidl_typesupport_introspection_c
[0.836s] -- Using all available rosidl_typesupport_cpp: rosidl_typesupport_fastrtps_cpp;rosidl_typesupport_introspection_cpp
[1.049s] -- Found rmw_implementation_cmake: 6.1.1 (/opt/ros/humble/share/rmw_implementation_cmake/cmake)
[1.054s] -- Found rmw_fastrtps_cpp: 6.2.6 (/opt/ros/humble/share/rmw_fastrtps_cpp/cmake)
[1.411s] -- Using RMW implementation 'rmw_fastrtps_cpp' as default
[2.006s] -- Found sensor_msgs: 4.2.3 (/opt/ros/humble/share/sensor_msgs/cmake)
[2.476s] -- Found dnn_node: 2.5.4 (/cc_ws/tros_ws/robot_dev_config/../install/share/dnn_node/cmake)
[2.476s] -- Found ai_msgs: 2.0.1 (/cc_ws/tros_ws/robot_dev_config/../install/share/ai_msgs/cmake)
[2.860s] -- Found hbm_img_msgs: 2.0.0 (/cc_ws/tros_ws/robot_dev_config/../install/share/hbm_img_msgs/cmake)
[3.281s] -- Configuring done
[3.345s] -- Generating done
[3.353s] -- Build files have been written to: /cc_ws/tros_ws/build/face_age_detection
[3.413s] Invoked command in '/cc_ws/tros_ws/build/face_age_detection' returned '0': AMENT_PREFIX_PATH=/cc_ws/tros_ws/install:${AMENT_PREFIX_PATH} CMAKE_PREFIX_PATH=/cc_ws/tros_ws/install:/opt/ros/humble LD_LIBRARY_PATH=/cc_ws/tros_ws/install/lib:/opt/ros/humble/opt/rviz_ogre_vendor/lib:/opt/ros/humble/lib/aarch64-linux-gnu:/opt/ros/humble/lib:/cc_ws/userdata/hobot/opt/hobot/deps PYTHONPATH=/cc_ws/tros_ws/install/lib/python3.10/site-packages:/cc_ws/tros_ws/install/local/lib/python3.10/dist-packages:${PYTHONPATH} /usr/bin/cmake /cc_ws/tros_ws/src/box/hobot_perception/face_age_detection -DCMAKE_EXPORT_COMPILE_COMMANDS=ON --no-warn-unused-cli -DCMAKE_TOOLCHAIN_FILE=/cc_ws/tros_ws/robot_dev_config/aarch64_toolchainfile.cmake -DPLATFORM_X5=ON -DTHIRDPARTY=ON -DBUILD_TESTING=OFF -DCMAKE_BUILD_RPATH=/cc_ws/tros_ws/build/poco_vendor/poco_external_project_install/lib/;/cc_ws/tros_ws/build/libyaml_vendor/libyaml_install/lib/ -DCMAKE_INSTALL_PREFIX=/cc_ws/tros_ws/install
[3.479s] Invoking command in '/cc_ws/tros_ws/build/face_age_detection': AMENT_PREFIX_PATH=/cc_ws/tros_ws/install:${AMENT_PREFIX_PATH} CMAKE_PREFIX_PATH=/cc_ws/tros_ws/install:/opt/ros/humble LD_LIBRARY_PATH=/cc_ws/tros_ws/install/lib:/opt/ros/humble/opt/rviz_ogre_vendor/lib:/opt/ros/humble/lib/aarch64-linux-gnu:/opt/ros/humble/lib:/cc_ws/userdata/hobot/opt/hobot/deps PYTHONPATH=/cc_ws/tros_ws/install/lib/python3.10/site-packages:/cc_ws/tros_ws/install/local/lib/python3.10/dist-packages:${PYTHONPATH} /usr/bin/cmake --build /cc_ws/tros_ws/build/face_age_detection -- -j12 -l12
[3.611s] [35m[1mConsolidate compiler generated dependencies of target face_age_detection[0m
[3.692s] [100%] Built target face_age_detection
[3.763s] Invoked command in '/cc_ws/tros_ws/build/face_age_detection' returned '0': AMENT_PREFIX_PATH=/cc_ws/tros_ws/install:${AMENT_PREFIX_PATH} CMAKE_PREFIX_PATH=/cc_ws/tros_ws/install:/opt/ros/humble LD_LIBRARY_PATH=/cc_ws/tros_ws/install/lib:/opt/ros/humble/opt/rviz_ogre_vendor/lib:/opt/ros/humble/lib/aarch64-linux-gnu:/opt/ros/humble/lib:/cc_ws/userdata/hobot/opt/hobot/deps PYTHONPATH=/cc_ws/tros_ws/install/lib/python3.10/site-packages:/cc_ws/tros_ws/install/local/lib/python3.10/dist-packages:${PYTHONPATH} /usr/bin/cmake --build /cc_ws/tros_ws/build/face_age_detection -- -j12 -l12
[3.931s] Invoking command in '/cc_ws/tros_ws/build/face_age_detection': AMENT_PREFIX_PATH=/cc_ws/tros_ws/install:${AMENT_PREFIX_PATH} CMAKE_PREFIX_PATH=/cc_ws/tros_ws/install:/opt/ros/humble LD_LIBRARY_PATH=/cc_ws/tros_ws/install/lib:/opt/ros/humble/opt/rviz_ogre_vendor/lib:/opt/ros/humble/lib/aarch64-linux-gnu:/opt/ros/humble/lib:/cc_ws/userdata/hobot/opt/hobot/deps PYTHONPATH=/cc_ws/tros_ws/install/lib/python3.10/site-packages:/cc_ws/tros_ws/install/local/lib/python3.10/dist-packages:${PYTHONPATH} /usr/bin/cmake --install /cc_ws/tros_ws/build/face_age_detection
[3.947s] -- Install configuration: ""
[3.949s] -- Up-to-date: /cc_ws/tros_ws/install/lib/face_age_detection/face_age_detection
[3.950s] -- Up-to-date: /cc_ws/tros_ws/install/share/face_age_detection/launch
[3.950s] -- Up-to-date: /cc_ws/tros_ws/install/share/face_age_detection/launch/body_det_face_age_det.launch.py
[3.951s] -- Up-to-date: /cc_ws/tros_ws/install/share/face_age_detection/launch/age_gesture_fusion.launch.py
[3.951s] -- Up-to-date: /cc_ws/tros_ws/install/share/face_age_detection/launch/face_age_det_node.launch.py
[3.952s] -- Up-to-date: /cc_ws/tros_ws/install/share/face_age_detection/launch/body_det_face_age_det_fb.launch.py
[3.952s] -- Up-to-date: /cc_ws/tros_ws/install/share/face_age_detection/config/
[3.952s] -- Up-to-date: /cc_ws/tros_ws/install/share/face_age_detection/config//faceAge.hbm
[3.953s] -- Up-to-date: /cc_ws/tros_ws/install/share/ament_index/resource_index/package_run_dependencies/face_age_detection
[3.953s] -- Up-to-date: /cc_ws/tros_ws/install/share/ament_index/resource_index/parent_prefix_path/face_age_detection
[3.953s] -- Up-to-date: /cc_ws/tros_ws/install/share/face_age_detection/environment/ament_prefix_path.sh
[3.954s] -- Installing: /cc_ws/tros_ws/install/share/face_age_detection/environment/ament_prefix_path.dsv
[3.955s] -- Up-to-date: /cc_ws/tros_ws/install/share/face_age_detection/environment/path.sh
[3.955s] -- Installing: /cc_ws/tros_ws/install/share/face_age_detection/environment/path.dsv
[3.955s] -- Up-to-date: /cc_ws/tros_ws/install/share/face_age_detection/local_setup.bash
[3.955s] -- Up-to-date: /cc_ws/tros_ws/install/share/face_age_detection/local_setup.sh
[3.955s] -- Up-to-date: /cc_ws/tros_ws/install/share/face_age_detection/local_setup.zsh
[3.956s] -- Installing: /cc_ws/tros_ws/install/share/face_age_detection/local_setup.dsv
[3.956s] -- Installing: /cc_ws/tros_ws/install/share/face_age_detection/package.dsv
[3.956s] -- Up-to-date: /cc_ws/tros_ws/install/share/ament_index/resource_index/packages/face_age_detection
[3.956s] -- Up-to-date: /cc_ws/tros_ws/install/share/face_age_detection/cmake/face_age_detectionConfig.cmake
[3.957s] -- Up-to-date: /cc_ws/tros_ws/install/share/face_age_detection/cmake/face_age_detectionConfig-version.cmake
[3.957s] -- Up-to-date: /cc_ws/tros_ws/install/share/face_age_detection/package.xml
[4.002s] Invoked command in '/cc_ws/tros_ws/build/face_age_detection' returned '0': AMENT_PREFIX_PATH=/cc_ws/tros_ws/install:${AMENT_PREFIX_PATH} CMAKE_PREFIX_PATH=/cc_ws/tros_ws/install:/opt/ros/humble LD_LIBRARY_PATH=/cc_ws/tros_ws/install/lib:/opt/ros/humble/opt/rviz_ogre_vendor/lib:/opt/ros/humble/lib/aarch64-linux-gnu:/opt/ros/humble/lib:/cc_ws/userdata/hobot/opt/hobot/deps PYTHONPATH=/cc_ws/tros_ws/install/lib/python3.10/site-packages:/cc_ws/tros_ws/install/local/lib/python3.10/dist-packages:${PYTHONPATH} /usr/bin/cmake --install /cc_ws/tros_ws/build/face_age_detection
