[0.048s] Invoking command in '/cc_ws/tros_ws/build/img_msgs': CMAKE_PREFIX_PATH=/opt/ros/humble /usr/bin/cmake /cc_ws/tros_ws/src/box/hobot_msgs/img_msgs -DCMAKE_EXPORT_COMPILE_COMMANDS=ON --no-warn-unused-cli -DCMAKE_TOOLCHAIN_FILE=/cc_ws/tros_ws/robot_dev_config/aarch64_toolchainfile.cmake -DPLATFORM_X5=ON -DTHIRDPARTY=ON -DBUILD_TESTING=OFF -DCMAKE_BUILD_RPATH=/cc_ws/tros_ws/build/poco_vendor/poco_external_project_install/lib/;/cc_ws/tros_ws/build/libyaml_vendor/libyaml_install/lib/ -DCMAKE_INSTALL_PREFIX=/cc_ws/tros_ws/install
[0.090s] Not searching for unused variables given on the command line.
[0.105s] -- Found ament_cmake: 1.3.8 (/opt/ros/humble/share/ament_cmake/cmake)
[0.369s] [33mCMake Warning (dev) at /opt/ros/humble/share/ament_cmake_test/cmake/ament_cmake_test-extras.cmake:19 (option):
[0.369s]   Policy CMP0077 is not set: option() honors normal variables.  Run "cmake
[0.370s]   --help-policy CMP0077" for policy details.  Use the cmake_policy command to
[0.370s]   set the policy and suppress this warning.
[0.370s] 
[0.370s]   For compatibility with older versions of CMake, option is clearing the
[0.370s]   normal variable 'BUILD_TESTING'.
[0.370s] Call Stack (most recent call first):
[0.370s]   /opt/ros/humble/share/ament_cmake_test/cmake/ament_cmake_testConfig.cmake:41 (include)
[0.370s]   /opt/ros/humble/share/ament_cmake/cmake/ament_cmake_export_dependencies-extras.cmake:21 (find_package)
[0.370s]   /opt/ros/humble/share/ament_cmake/cmake/ament_cmakeConfig.cmake:41 (include)
[0.371s]   CMakeLists.txt:36 (find_package)
[0.371s] This warning is for project developers.  Use -Wno-dev to suppress it.
[0.371s] [0m
[0.372s] -- Found builtin_interfaces: 1.2.1 (/opt/ros/humble/share/builtin_interfaces/cmake)
[0.428s] -- Found rosidl_generator_c: 3.1.5 (/opt/ros/humble/share/rosidl_generator_c/cmake)
[0.432s] -- Found rosidl_adapter: 3.1.5 (/opt/ros/humble/share/rosidl_adapter/cmake)
[0.443s] -- Found rosidl_generator_cpp: 3.1.5 (/opt/ros/humble/share/rosidl_generator_cpp/cmake)
[0.465s] -- Using all available rosidl_typesupport_c: rosidl_typesupport_fastrtps_c;rosidl_typesupport_introspection_c
[0.493s] -- Using all available rosidl_typesupport_cpp: rosidl_typesupport_fastrtps_cpp;rosidl_typesupport_introspection_cpp
[0.519s] -- Found rosidl_default_generators: 1.2.0 (/opt/ros/humble/share/rosidl_default_generators/cmake)
[1.109s] -- Found ament_cmake_ros: 0.10.0 (/opt/ros/humble/share/ament_cmake_ros/cmake)
[1.586s] -- Using all available rosidl_typesupport_c: rosidl_typesupport_fastrtps_c;rosidl_typesupport_introspection_c
[1.779s] -- Using all available rosidl_typesupport_cpp: rosidl_typesupport_fastrtps_cpp;rosidl_typesupport_introspection_cpp
[1.811s] -- Found python_cmake_module: 0.10.0 (/opt/ros/humble/share/python_cmake_module/cmake)
[1.835s] -- Using PYTHON_EXECUTABLE: /usr/bin/python3
[1.835s] -- Using PYTHON_INCLUDE_DIRS: /cc_ws/tros_ws/robot_dev_config/../../sysroot_docker/usr/include/python3.10
[1.835s] -- Using PYTHON_LIBRARIES: /cc_ws/tros_ws/robot_dev_config/../../sysroot_docker/usr/lib/aarch64-linux-gnu/libpython3.10.so
[2.227s] -- Using numpy include directory: /usr/local/lib/python3.10/dist-packages/numpy/core/include
[2.254s] -- Configuring done
[2.375s] -- Generating done
[2.383s] -- Build files have been written to: /cc_ws/tros_ws/build/img_msgs
[2.404s] Invoked command in '/cc_ws/tros_ws/build/img_msgs' returned '0': CMAKE_PREFIX_PATH=/opt/ros/humble /usr/bin/cmake /cc_ws/tros_ws/src/box/hobot_msgs/img_msgs -DCMAKE_EXPORT_COMPILE_COMMANDS=ON --no-warn-unused-cli -DCMAKE_TOOLCHAIN_FILE=/cc_ws/tros_ws/robot_dev_config/aarch64_toolchainfile.cmake -DPLATFORM_X5=ON -DTHIRDPARTY=ON -DBUILD_TESTING=OFF -DCMAKE_BUILD_RPATH=/cc_ws/tros_ws/build/poco_vendor/poco_external_project_install/lib/;/cc_ws/tros_ws/build/libyaml_vendor/libyaml_install/lib/ -DCMAKE_INSTALL_PREFIX=/cc_ws/tros_ws/install
[2.415s] Invoking command in '/cc_ws/tros_ws/build/img_msgs': CMAKE_PREFIX_PATH=/opt/ros/humble /usr/bin/cmake --build /cc_ws/tros_ws/build/img_msgs -- -j12 -l12
[2.679s] [35m[1mConsolidate compiler generated dependencies of target img_msgs__rosidl_generator_c[0m
[2.679s] [  9%] Built target img_msgs__rosidl_generator_c
[2.679s] [ 12%] Built target img_msgs__cpp
[2.679s] [ 12%] Built target ament_cmake_python_copy_img_msgs
[2.680s] [35m[1mConsolidate compiler generated dependencies of target img_msgs__rosidl_typesupport_introspection_c[0m
[2.682s] [35m[1mConsolidate compiler generated dependencies of target img_msgs__rosidl_typesupport_introspection_cpp[0m
[2.683s] [35m[1mConsolidate compiler generated dependencies of target img_msgs__rosidl_typesupport_fastrtps_c[0m
[2.683s] [35m[1mConsolidate compiler generated dependencies of target img_msgs__rosidl_typesupport_c[0m
[2.683s] [35m[1mConsolidate compiler generated dependencies of target img_msgs__rosidl_typesupport_cpp[0m
[2.683s] [ 22%] Built target img_msgs__rosidl_typesupport_introspection_c
[2.683s] [ 32%] Built target img_msgs__rosidl_typesupport_introspection_cpp
[2.683s] [ 51%] Built target img_msgs__rosidl_typesupport_c
[2.683s] [ 51%] Built target img_msgs__rosidl_typesupport_fastrtps_c
[2.683s] [ 61%] Built target img_msgs__rosidl_typesupport_cpp
[2.723s] [35m[1mConsolidate compiler generated dependencies of target img_msgs__rosidl_typesupport_fastrtps_cpp[0m
[2.744s] [ 70%] Built target img_msgs__rosidl_typesupport_fastrtps_cpp
[2.802s] [ 70%] Built target img_msgs
[2.857s] [ 74%] Built target img_msgs__py
[2.902s] [35m[1mConsolidate compiler generated dependencies of target img_msgs__rosidl_generator_py[0m
[2.949s] [ 80%] Built target img_msgs__rosidl_generator_py
[2.980s] [35m[1mConsolidate compiler generated dependencies of target img_msgs__rosidl_typesupport_fastrtps_c__pyext[0m
[2.992s] [ 87%] Built target img_msgs__rosidl_typesupport_fastrtps_c__pyext
[2.992s] [35m[1mConsolidate compiler generated dependencies of target img_msgs__rosidl_typesupport_c__pyext[0m
[3.014s] [ 93%] Built target img_msgs__rosidl_typesupport_c__pyext
[3.023s] [35m[1mConsolidate compiler generated dependencies of target img_msgs__rosidl_typesupport_introspection_c__pyext[0m
[3.049s] [100%] Built target img_msgs__rosidl_typesupport_introspection_c__pyext
[3.222s] running egg_info
[3.226s] writing img_msgs.egg-info/PKG-INFO
[3.226s] writing dependency_links to img_msgs.egg-info/dependency_links.txt
[3.227s] writing top-level names to img_msgs.egg-info/top_level.txt
[3.237s] reading manifest file 'img_msgs.egg-info/SOURCES.txt'
[3.238s] writing manifest file 'img_msgs.egg-info/SOURCES.txt'
[3.361s] [100%] Built target ament_cmake_python_build_img_msgs_egg
[3.424s] Invoked command in '/cc_ws/tros_ws/build/img_msgs' returned '0': CMAKE_PREFIX_PATH=/opt/ros/humble /usr/bin/cmake --build /cc_ws/tros_ws/build/img_msgs -- -j12 -l12
[3.670s] Invoking command in '/cc_ws/tros_ws/build/img_msgs': CMAKE_PREFIX_PATH=/opt/ros/humble /usr/bin/cmake --install /cc_ws/tros_ws/build/img_msgs
[3.798s] -- Install configuration: ""
[3.800s] -- Up-to-date: /cc_ws/tros_ws/install/share/ament_index/resource_index/rosidl_interfaces/img_msgs
[3.800s] -- Up-to-date: /cc_ws/tros_ws/install/include/img_msgs/img_msgs
[3.800s] -- Up-to-date: /cc_ws/tros_ws/install/include/img_msgs/img_msgs/msg
[3.801s] -- Up-to-date: /cc_ws/tros_ws/install/include/img_msgs/img_msgs/msg/rosidl_generator_c__visibility_control.h
[3.801s] -- Up-to-date: /cc_ws/tros_ws/install/include/img_msgs/img_msgs/msg/h26_x_frame.h
[3.801s] -- Up-to-date: /cc_ws/tros_ws/install/include/img_msgs/img_msgs/msg/detail
[3.801s] -- Up-to-date: /cc_ws/tros_ws/install/include/img_msgs/img_msgs/msg/detail/h26_x_frame__functions.c
[3.801s] -- Up-to-date: /cc_ws/tros_ws/install/include/img_msgs/img_msgs/msg/detail/h26_x_frame__struct.h
[3.801s] -- Up-to-date: /cc_ws/tros_ws/install/include/img_msgs/img_msgs/msg/detail/h26_x_frame__type_support.h
[3.801s] -- Up-to-date: /cc_ws/tros_ws/install/include/img_msgs/img_msgs/msg/detail/h26_x_frame__functions.h
[3.801s] -- Up-to-date: /cc_ws/tros_ws/install/share/img_msgs/environment/library_path.sh
[3.801s] -- Installing: /cc_ws/tros_ws/install/share/img_msgs/environment/library_path.dsv
[3.801s] -- Up-to-date: /cc_ws/tros_ws/install/lib/libimg_msgs__rosidl_generator_c.so
[3.802s] -- Up-to-date: /cc_ws/tros_ws/install/include/img_msgs/img_msgs
[3.802s] -- Up-to-date: /cc_ws/tros_ws/install/include/img_msgs/img_msgs/msg
[3.802s] -- Up-to-date: /cc_ws/tros_ws/install/include/img_msgs/img_msgs/msg/rosidl_typesupport_fastrtps_c__visibility_control.h
[3.802s] -- Up-to-date: /cc_ws/tros_ws/install/include/img_msgs/img_msgs/msg/detail
[3.802s] -- Up-to-date: /cc_ws/tros_ws/install/include/img_msgs/img_msgs/msg/detail/h26_x_frame__rosidl_typesupport_fastrtps_c.h
[3.802s] -- Up-to-date: /cc_ws/tros_ws/install/lib/libimg_msgs__rosidl_typesupport_fastrtps_c.so
[3.802s] -- Up-to-date: /cc_ws/tros_ws/install/include/img_msgs/img_msgs
[3.802s] -- Up-to-date: /cc_ws/tros_ws/install/include/img_msgs/img_msgs/msg
[3.802s] -- Up-to-date: /cc_ws/tros_ws/install/include/img_msgs/img_msgs/msg/h26_x_frame.hpp
[3.802s] -- Up-to-date: /cc_ws/tros_ws/install/include/img_msgs/img_msgs/msg/detail
[3.802s] -- Up-to-date: /cc_ws/tros_ws/install/include/img_msgs/img_msgs/msg/detail/h26_x_frame__traits.hpp
[3.803s] -- Up-to-date: /cc_ws/tros_ws/install/include/img_msgs/img_msgs/msg/detail/h26_x_frame__builder.hpp
[3.803s] -- Up-to-date: /cc_ws/tros_ws/install/include/img_msgs/img_msgs/msg/detail/h26_x_frame__struct.hpp
[3.803s] -- Up-to-date: /cc_ws/tros_ws/install/include/img_msgs/img_msgs
[3.803s] -- Up-to-date: /cc_ws/tros_ws/install/include/img_msgs/img_msgs/msg
[3.803s] -- Up-to-date: /cc_ws/tros_ws/install/include/img_msgs/img_msgs/msg/detail
[3.803s] -- Up-to-date: /cc_ws/tros_ws/install/include/img_msgs/img_msgs/msg/detail/h26_x_frame__rosidl_typesupport_fastrtps_cpp.hpp
[3.803s] -- Up-to-date: /cc_ws/tros_ws/install/include/img_msgs/img_msgs/msg/detail/dds_fastrtps
[3.803s] -- Up-to-date: /cc_ws/tros_ws/install/include/img_msgs/img_msgs/msg/rosidl_typesupport_fastrtps_cpp__visibility_control.h
[3.803s] -- Up-to-date: /cc_ws/tros_ws/install/lib/libimg_msgs__rosidl_typesupport_fastrtps_cpp.so
[3.803s] -- Up-to-date: /cc_ws/tros_ws/install/include/img_msgs/img_msgs
[3.804s] -- Up-to-date: /cc_ws/tros_ws/install/include/img_msgs/img_msgs/msg
[3.804s] -- Up-to-date: /cc_ws/tros_ws/install/include/img_msgs/img_msgs/msg/rosidl_typesupport_introspection_c__visibility_control.h
[3.804s] -- Up-to-date: /cc_ws/tros_ws/install/include/img_msgs/img_msgs/msg/detail
[3.804s] -- Up-to-date: /cc_ws/tros_ws/install/include/img_msgs/img_msgs/msg/detail/h26_x_frame__rosidl_typesupport_introspection_c.h
[3.804s] -- Up-to-date: /cc_ws/tros_ws/install/include/img_msgs/img_msgs/msg/detail/h26_x_frame__type_support.c
[3.804s] -- Up-to-date: /cc_ws/tros_ws/install/lib/libimg_msgs__rosidl_typesupport_introspection_c.so
[3.804s] -- Up-to-date: /cc_ws/tros_ws/install/lib/libimg_msgs__rosidl_typesupport_c.so
[3.805s] -- Up-to-date: /cc_ws/tros_ws/install/include/img_msgs/img_msgs
[3.805s] -- Up-to-date: /cc_ws/tros_ws/install/include/img_msgs/img_msgs/msg
[3.805s] -- Up-to-date: /cc_ws/tros_ws/install/include/img_msgs/img_msgs/msg/detail
[3.805s] -- Up-to-date: /cc_ws/tros_ws/install/include/img_msgs/img_msgs/msg/detail/h26_x_frame__type_support.cpp
[3.806s] -- Up-to-date: /cc_ws/tros_ws/install/include/img_msgs/img_msgs/msg/detail/h26_x_frame__rosidl_typesupport_introspection_cpp.hpp
[3.806s] -- Up-to-date: /cc_ws/tros_ws/install/lib/libimg_msgs__rosidl_typesupport_introspection_cpp.so
[3.806s] -- Up-to-date: /cc_ws/tros_ws/install/lib/libimg_msgs__rosidl_typesupport_cpp.so
[3.806s] -- Up-to-date: /cc_ws/tros_ws/install/share/img_msgs/environment/pythonpath.sh
[3.807s] -- Installing: /cc_ws/tros_ws/install/share/img_msgs/environment/pythonpath.dsv
[3.807s] -- Up-to-date: /cc_ws/tros_ws/install/local/lib/python3.10/dist-packages/img_msgs-2.0.0-py3.10.egg-info
[3.807s] -- Installing: /cc_ws/tros_ws/install/local/lib/python3.10/dist-packages/img_msgs-2.0.0-py3.10.egg-info/SOURCES.txt
[3.807s] -- Installing: /cc_ws/tros_ws/install/local/lib/python3.10/dist-packages/img_msgs-2.0.0-py3.10.egg-info/PKG-INFO
[3.807s] -- Installing: /cc_ws/tros_ws/install/local/lib/python3.10/dist-packages/img_msgs-2.0.0-py3.10.egg-info/dependency_links.txt
[3.808s] -- Installing: /cc_ws/tros_ws/install/local/lib/python3.10/dist-packages/img_msgs-2.0.0-py3.10.egg-info/top_level.txt
[3.808s] -- Up-to-date: /cc_ws/tros_ws/install/local/lib/python3.10/dist-packages/img_msgs
[3.808s] -- Up-to-date: /cc_ws/tros_ws/install/local/lib/python3.10/dist-packages/img_msgs/_img_msgs_s.ep.rosidl_typesupport_fastrtps_c.c
[3.808s] -- Up-to-date: /cc_ws/tros_ws/install/local/lib/python3.10/dist-packages/img_msgs/img_msgs_s__rosidl_typesupport_introspection_c.cpython-310-aarch64-linux-gnu.so
[3.808s] -- Up-to-date: /cc_ws/tros_ws/install/local/lib/python3.10/dist-packages/img_msgs/_img_msgs_s.ep.rosidl_typesupport_c.c
[3.808s] -- Up-to-date: /cc_ws/tros_ws/install/local/lib/python3.10/dist-packages/img_msgs/img_msgs_s__rosidl_typesupport_c.cpython-310-aarch64-linux-gnu.so
[3.808s] -- Up-to-date: /cc_ws/tros_ws/install/local/lib/python3.10/dist-packages/img_msgs/msg
[3.809s] -- Up-to-date: /cc_ws/tros_ws/install/local/lib/python3.10/dist-packages/img_msgs/msg/__init__.py
[3.809s] -- Up-to-date: /cc_ws/tros_ws/install/local/lib/python3.10/dist-packages/img_msgs/msg/_h26_x_frame.py
[3.809s] -- Up-to-date: /cc_ws/tros_ws/install/local/lib/python3.10/dist-packages/img_msgs/msg/_h26_x_frame_s.c
[3.809s] -- Up-to-date: /cc_ws/tros_ws/install/local/lib/python3.10/dist-packages/img_msgs/img_msgs_s__rosidl_typesupport_fastrtps_c.cpython-310-aarch64-linux-gnu.so
[3.809s] -- Up-to-date: /cc_ws/tros_ws/install/local/lib/python3.10/dist-packages/img_msgs/_img_msgs_s.ep.rosidl_typesupport_introspection_c.c
[3.809s] -- Installing: /cc_ws/tros_ws/install/local/lib/python3.10/dist-packages/img_msgs/__init__.py
[3.809s] -- Up-to-date: /cc_ws/tros_ws/install/local/lib/python3.10/dist-packages/img_msgs/libimg_msgs__rosidl_generator_py.so
[3.809s] Listing '/cc_ws/tros_ws/install/local/lib/python3.10/dist-packages/img_msgs'...
[3.809s] Compiling '/cc_ws/tros_ws/install/local/lib/python3.10/dist-packages/img_msgs/__init__.py'...
[3.809s] Listing '/cc_ws/tros_ws/install/local/lib/python3.10/dist-packages/img_msgs/msg'...
[3.810s] -- Up-to-date: /cc_ws/tros_ws/install/local/lib/python3.10/dist-packages/img_msgs/img_msgs_s__rosidl_typesupport_fastrtps_c.cpython-310-aarch64-linux-gnu.so
[3.810s] -- Up-to-date: /cc_ws/tros_ws/install/local/lib/python3.10/dist-packages/img_msgs/img_msgs_s__rosidl_typesupport_introspection_c.cpython-310-aarch64-linux-gnu.so
[3.810s] -- Up-to-date: /cc_ws/tros_ws/install/local/lib/python3.10/dist-packages/img_msgs/img_msgs_s__rosidl_typesupport_c.cpython-310-aarch64-linux-gnu.so
[3.810s] -- Up-to-date: /cc_ws/tros_ws/install/lib/libimg_msgs__rosidl_generator_py.so
[3.810s] -- Up-to-date: /cc_ws/tros_ws/install/share/img_msgs/msg/H26XFrame.idl
[3.810s] -- Up-to-date: /cc_ws/tros_ws/install/share/img_msgs/msg/H26XFrame.msg
[3.810s] -- Up-to-date: /cc_ws/tros_ws/install/share/ament_index/resource_index/package_run_dependencies/img_msgs
[3.811s] -- Up-to-date: /cc_ws/tros_ws/install/share/ament_index/resource_index/parent_prefix_path/img_msgs
[3.811s] -- Up-to-date: /cc_ws/tros_ws/install/share/img_msgs/environment/ament_prefix_path.sh
[3.811s] -- Installing: /cc_ws/tros_ws/install/share/img_msgs/environment/ament_prefix_path.dsv
[3.811s] -- Up-to-date: /cc_ws/tros_ws/install/share/img_msgs/environment/path.sh
[3.811s] -- Installing: /cc_ws/tros_ws/install/share/img_msgs/environment/path.dsv
[3.811s] -- Up-to-date: /cc_ws/tros_ws/install/share/img_msgs/local_setup.bash
[3.811s] -- Up-to-date: /cc_ws/tros_ws/install/share/img_msgs/local_setup.sh
[3.812s] -- Up-to-date: /cc_ws/tros_ws/install/share/img_msgs/local_setup.zsh
[3.812s] -- Installing: /cc_ws/tros_ws/install/share/img_msgs/local_setup.dsv
[3.812s] -- Installing: /cc_ws/tros_ws/install/share/img_msgs/package.dsv
[3.814s] -- Up-to-date: /cc_ws/tros_ws/install/share/ament_index/resource_index/packages/img_msgs
[3.815s] -- Up-to-date: /cc_ws/tros_ws/install/share/img_msgs/cmake/export_img_msgs__rosidl_generator_cExport.cmake
[3.815s] -- Up-to-date: /cc_ws/tros_ws/install/share/img_msgs/cmake/export_img_msgs__rosidl_generator_cExport-noconfig.cmake
[3.816s] -- Up-to-date: /cc_ws/tros_ws/install/share/img_msgs/cmake/export_img_msgs__rosidl_typesupport_fastrtps_cExport.cmake
[3.816s] -- Up-to-date: /cc_ws/tros_ws/install/share/img_msgs/cmake/export_img_msgs__rosidl_typesupport_fastrtps_cExport-noconfig.cmake
[3.816s] -- Up-to-date: /cc_ws/tros_ws/install/share/img_msgs/cmake/export_img_msgs__rosidl_generator_cppExport.cmake
[3.816s] -- Up-to-date: /cc_ws/tros_ws/install/share/img_msgs/cmake/export_img_msgs__rosidl_typesupport_fastrtps_cppExport.cmake
[3.816s] -- Up-to-date: /cc_ws/tros_ws/install/share/img_msgs/cmake/export_img_msgs__rosidl_typesupport_fastrtps_cppExport-noconfig.cmake
[3.816s] -- Up-to-date: /cc_ws/tros_ws/install/share/img_msgs/cmake/img_msgs__rosidl_typesupport_introspection_cExport.cmake
[3.816s] -- Up-to-date: /cc_ws/tros_ws/install/share/img_msgs/cmake/img_msgs__rosidl_typesupport_introspection_cExport-noconfig.cmake
[3.816s] -- Up-to-date: /cc_ws/tros_ws/install/share/img_msgs/cmake/img_msgs__rosidl_typesupport_cExport.cmake
[3.816s] -- Up-to-date: /cc_ws/tros_ws/install/share/img_msgs/cmake/img_msgs__rosidl_typesupport_cExport-noconfig.cmake
[3.817s] -- Up-to-date: /cc_ws/tros_ws/install/share/img_msgs/cmake/img_msgs__rosidl_typesupport_introspection_cppExport.cmake
[3.817s] -- Up-to-date: /cc_ws/tros_ws/install/share/img_msgs/cmake/img_msgs__rosidl_typesupport_introspection_cppExport-noconfig.cmake
[3.817s] -- Up-to-date: /cc_ws/tros_ws/install/share/img_msgs/cmake/img_msgs__rosidl_typesupport_cppExport.cmake
[3.817s] -- Up-to-date: /cc_ws/tros_ws/install/share/img_msgs/cmake/img_msgs__rosidl_typesupport_cppExport-noconfig.cmake
[3.817s] -- Up-to-date: /cc_ws/tros_ws/install/share/img_msgs/cmake/export_img_msgs__rosidl_generator_pyExport.cmake
[3.818s] -- Up-to-date: /cc_ws/tros_ws/install/share/img_msgs/cmake/export_img_msgs__rosidl_generator_pyExport-noconfig.cmake
[3.840s] -- Up-to-date: /cc_ws/tros_ws/install/share/img_msgs/cmake/rosidl_cmake-extras.cmake
[3.840s] -- Up-to-date: /cc_ws/tros_ws/install/share/img_msgs/cmake/ament_cmake_export_dependencies-extras.cmake
[3.840s] -- Up-to-date: /cc_ws/tros_ws/install/share/img_msgs/cmake/ament_cmake_export_include_directories-extras.cmake
[3.840s] -- Up-to-date: /cc_ws/tros_ws/install/share/img_msgs/cmake/ament_cmake_export_libraries-extras.cmake
[3.840s] -- Up-to-date: /cc_ws/tros_ws/install/share/img_msgs/cmake/ament_cmake_export_targets-extras.cmake
[3.841s] -- Up-to-date: /cc_ws/tros_ws/install/share/img_msgs/cmake/rosidl_cmake_export_typesupport_targets-extras.cmake
[3.841s] -- Up-to-date: /cc_ws/tros_ws/install/share/img_msgs/cmake/rosidl_cmake_export_typesupport_libraries-extras.cmake
[3.841s] -- Up-to-date: /cc_ws/tros_ws/install/share/img_msgs/cmake/img_msgsConfig.cmake
[3.841s] -- Up-to-date: /cc_ws/tros_ws/install/share/img_msgs/cmake/img_msgsConfig-version.cmake
[3.841s] -- Up-to-date: /cc_ws/tros_ws/install/share/img_msgs/package.xml
[3.842s] Invoked command in '/cc_ws/tros_ws/build/img_msgs' returned '0': CMAKE_PREFIX_PATH=/opt/ros/humble /usr/bin/cmake --install /cc_ws/tros_ws/build/img_msgs
