[0.142s] Invoking command in '/cc_ws/tros_ws/build/hobot_stereonet': CMAKE_PREFIX_PATH=/opt/ros/humble /usr/bin/cmake /cc_ws/tros_ws/src/box/hobot_perception/hobot_stereonet -DCMAKE_EXPORT_COMPILE_COMMANDS=ON --no-warn-unused-cli -DCMAKE_TOOLCHAIN_FILE=/cc_ws/tros_ws/robot_dev_config/aarch64_toolchainfile.cmake -DPLATFORM_X5=ON -DTHIRDPARTY=ON -DBUILD_TESTING=OFF -DCMAKE_BUILD_RPATH=/cc_ws/tros_ws/build/poco_vendor/poco_external_project_install/lib/;/cc_ws/tros_ws/build/libyaml_vendor/libyaml_install/lib/ -DCMAKE_INSTALL_PREFIX=/cc_ws/tros_ws/install
[0.328s] Not searching for unused variables given on the command line.
[0.328s] -- Found rclcpp: 16.0.8 (/opt/ros/humble/share/rclcpp/cmake)
[0.546s] [33mCMake Warning (dev) at /opt/ros/humble/share/ament_cmake_test/cmake/ament_cmake_test-extras.cmake:19 (option):
[0.546s]   Policy CMP0077 is not set: option() honors normal variables.  Run "cmake
[0.546s]   --help-policy CMP0077" for policy details.  Use the cmake_policy command to
[0.549s]   set the policy and suppress this warning.
[0.549s] 
[0.549s]   For compatibility with older versions of CMake, option is clearing the
[0.550s]   normal variable 'BUILD_TESTING'.
[0.550s] Call Stack (most recent call first):
[0.550s]   /opt/ros/humble/share/ament_cmake_test/cmake/ament_cmake_testConfig.cmake:41 (include)
[0.550s]   /opt/ros/humble/share/ament_cmake/cmake/ament_cmake_export_dependencies-extras.cmake:21 (find_package)
[0.550s]   /opt/ros/humble/share/ament_cmake/cmake/ament_cmakeConfig.cmake:41 (include)
[0.550s]   /opt/ros/humble/share/rcutils/cmake/ament_cmake_export_dependencies-extras.cmake:21 (find_package)
[0.551s]   /opt/ros/humble/share/rcutils/cmake/rcutilsConfig.cmake:41 (include)
[0.551s]   /opt/ros/humble/share/rosidl_runtime_c/cmake/ament_cmake_export_dependencies-extras.cmake:21 (find_package)
[0.552s]   /opt/ros/humble/share/rosidl_runtime_c/cmake/rosidl_runtime_cConfig.cmake:41 (include)
[0.552s]   /opt/ros/humble/share/builtin_interfaces/cmake/ament_cmake_export_dependencies-extras.cmake:21 (find_package)
[0.552s]   /opt/ros/humble/share/builtin_interfaces/cmake/builtin_interfacesConfig.cmake:41 (include)
[0.552s]   /opt/ros/humble/share/libstatistics_collector/cmake/ament_cmake_export_dependencies-extras.cmake:21 (find_package)
[0.552s]   /opt/ros/humble/share/libstatistics_collector/cmake/libstatistics_collectorConfig.cmake:41 (include)
[0.553s]   /opt/ros/humble/share/rclcpp/cmake/ament_cmake_export_dependencies-extras.cmake:21 (find_package)
[0.553s]   /opt/ros/humble/share/rclcpp/cmake/rclcppConfig.cmake:41 (include)
[0.553s]   CMakeLists.txt:16 (find_package)
[0.553s] This warning is for project developers.  Use -Wno-dev to suppress it.
[0.553s] [0m
[0.590s] -- Found rosidl_generator_c: 3.1.5 (/opt/ros/humble/share/rosidl_generator_c/cmake)
[0.595s] -- Found rosidl_adapter: 3.1.5 (/opt/ros/humble/share/rosidl_adapter/cmake)
[0.607s] -- Found rosidl_generator_cpp: 3.1.5 (/opt/ros/humble/share/rosidl_generator_cpp/cmake)
[0.630s] -- Using all available rosidl_typesupport_c: rosidl_typesupport_fastrtps_c;rosidl_typesupport_introspection_c
[0.669s] -- Using all available rosidl_typesupport_cpp: rosidl_typesupport_fastrtps_cpp;rosidl_typesupport_introspection_cpp
[0.834s] -- Found rmw_implementation_cmake: 6.1.1 (/opt/ros/humble/share/rmw_implementation_cmake/cmake)
[0.837s] -- Found rmw_fastrtps_cpp: 6.2.6 (/opt/ros/humble/share/rmw_fastrtps_cpp/cmake)
[1.075s] -- Using RMW implementation 'rmw_fastrtps_cpp' as default
[1.506s] -- Found rclcpp_components: 16.0.8 (/opt/ros/humble/share/rclcpp_components/cmake)
[1.659s] -- Found sensor_msgs: 4.2.3 (/opt/ros/humble/share/sensor_msgs/cmake)
[1.921s] -- Found cv_bridge: 3.2.1 (/opt/ros/humble/share/cv_bridge/cmake)
[1.921s] -- Found message_filters: 4.3.3 (/opt/ros/humble/share/message_filters/cmake)
[1.961s] -- Found tf2_ros: 0.25.6 (/opt/ros/humble/share/tf2_ros/cmake)
[2.544s] [0mPREFIX_PATH is [0m
[2.544s] [0mSYS_ROOT is /cc_ws/tros_ws/robot_dev_config/../../sysroot_docker[0m
[2.544s] [0mhobot_stereonet build platform X5[0m
[2.859s] -- Configuring done
[3.952s] -- Generating done
[3.957s] -- Build files have been written to: /cc_ws/tros_ws/build/hobot_stereonet
[4.037s] Invoked command in '/cc_ws/tros_ws/build/hobot_stereonet' returned '0': CMAKE_PREFIX_PATH=/opt/ros/humble /usr/bin/cmake /cc_ws/tros_ws/src/box/hobot_perception/hobot_stereonet -DCMAKE_EXPORT_COMPILE_COMMANDS=ON --no-warn-unused-cli -DCMAKE_TOOLCHAIN_FILE=/cc_ws/tros_ws/robot_dev_config/aarch64_toolchainfile.cmake -DPLATFORM_X5=ON -DTHIRDPARTY=ON -DBUILD_TESTING=OFF -DCMAKE_BUILD_RPATH=/cc_ws/tros_ws/build/poco_vendor/poco_external_project_install/lib/;/cc_ws/tros_ws/build/libyaml_vendor/libyaml_install/lib/ -DCMAKE_INSTALL_PREFIX=/cc_ws/tros_ws/install
[4.038s] Invoking command in '/cc_ws/tros_ws/build/hobot_stereonet': CMAKE_PREFIX_PATH=/opt/ros/humble /usr/bin/cmake --build /cc_ws/tros_ws/build/hobot_stereonet -- -j12 -l12
[4.181s] [35m[1mConsolidate compiler generated dependencies of target stereonet_model_component_node[0m
[4.181s] [35m[1mConsolidate compiler generated dependencies of target stereonet_model[0m
[4.181s] [35m[1mConsolidate compiler generated dependencies of target stereonet_model_sub_node[0m
[4.182s] [35m[1mConsolidate compiler generated dependencies of target stereonet_model_intra_sub[0m
[4.182s] [35m[1mConsolidate compiler generated dependencies of target stereonet_model_node[0m
[4.193s] [35m[1mConsolidate compiler generated dependencies of target data_collection[0m
[4.194s] [35m[1mConsolidate compiler generated dependencies of target stereonet_model_intra_sub_node[0m
[4.238s] [ 10%] Built target stereonet_model_component_node
[4.263s] [ 20%] Built target stereonet_model_intra_sub
[4.279s] [ 35%] Built target stereonet_model_sub_node
[4.280s] [ 45%] Built target stereonet_model_intra_sub_node
[4.305s] [ 55%] Built target data_collection
[4.307s] [ 75%] Built target stereonet_model
[4.307s] [100%] Built target stereonet_model_node
[4.311s] Invoked command in '/cc_ws/tros_ws/build/hobot_stereonet' returned '0': CMAKE_PREFIX_PATH=/opt/ros/humble /usr/bin/cmake --build /cc_ws/tros_ws/build/hobot_stereonet -- -j12 -l12
[4.535s] Invoking command in '/cc_ws/tros_ws/build/hobot_stereonet': CMAKE_PREFIX_PATH=/opt/ros/humble /usr/bin/cmake --install /cc_ws/tros_ws/build/hobot_stereonet
[4.957s] -- Install configuration: "Release"
[4.957s] -- Up-to-date: /cc_ws/tros_ws/install/lib/hobot_stereonet/stereonet_model_component_node
[4.957s] -- Up-to-date: /cc_ws/tros_ws/install/lib/hobot_stereonet/stereonet_model_intra_sub_node
[4.957s] -- Up-to-date: /cc_ws/tros_ws/install/lib/hobot_stereonet/stereonet_model_node
[4.957s] -- Up-to-date: /cc_ws/tros_ws/install/lib/hobot_stereonet/stereonet_model_intra_sub_node
[4.957s] -- Up-to-date: /cc_ws/tros_ws/install/lib/hobot_stereonet/data_collection
[4.957s] -- Up-to-date: /cc_ws/tros_ws/install/lib/libstereonet_model.so
[4.957s] -- Up-to-date: /cc_ws/tros_ws/install/lib/libstereonet_model_intra_sub.so
[4.958s] -- Up-to-date: /cc_ws/tros_ws/install/share/hobot_stereonet/config
[4.958s] -- Up-to-date: /cc_ws/tros_ws/install/share/hobot_stereonet/config/stereo.yaml
[4.958s] -- Up-to-date: /cc_ws/tros_ws/install/share/hobot_stereonet/config/DStereoV2.3.bin
[4.958s] -- Up-to-date: /cc_ws/tros_ws/install/share/hobot_stereonet/config/dstereo_s100_320_640_352_v2.4.hbm
[4.958s] -- Up-to-date: /cc_ws/tros_ws/install/share/hobot_stereonet/config/stereo_2.yaml
[4.958s] -- Up-to-date: /cc_ws/tros_ws/install/share/hobot_stereonet/config/stereo_cv.yaml
[4.958s] -- Up-to-date: /cc_ws/tros_ws/install/share/hobot_stereonet/config/stereo_26.yaml
[4.959s] -- Up-to-date: /cc_ws/tros_ws/install/share/hobot_stereonet/config/dstereo_s100_320_640_352_v2.1.hbm
[4.959s] -- Up-to-date: /cc_ws/tros_ws/install/share/hobot_stereonet/config/DStereoV2.3.1.bin
[4.959s] -- Up-to-date: /cc_ws/tros_ws/install/share/hobot_stereonet/config/DStereoV2.2.bin
[4.959s] -- Up-to-date: /cc_ws/tros_ws/install/share/hobot_stereonet/config/DStereoV2.4.0_int8.bin
[4.959s] -- Up-to-date: /cc_ws/tros_ws/install/share/hobot_stereonet/config/DStereoV2.4.0_int16.bin
[4.959s] -- Up-to-date: /cc_ws/tros_ws/install/share/hobot_stereonet/config/stereo_15.yaml
[4.959s] -- Up-to-date: /cc_ws/tros_ws/install/share/hobot_stereonet/config/DStereoV2.1.bin
[4.959s] -- Up-to-date: /cc_ws/tros_ws/install/share/hobot_stereonet/config/DStereoV2.0.bin
[4.959s] -- Up-to-date: /cc_ws/tros_ws/install/share/hobot_stereonet/launch/stereonet_model.launch.py
[4.960s] -- Up-to-date: /cc_ws/tros_ws/install/share/hobot_stereonet/launch/stereonet_model_component.launch.py
[4.960s] -- Up-to-date: /cc_ws/tros_ws/install/share/hobot_stereonet/launch/stereonet_model_web_visual.launch.py
[4.960s] -- Up-to-date: /cc_ws/tros_ws/install/share/hobot_stereonet/launch/stereonet_model_web_visual_component.launch.py
[4.960s] -- Up-to-date: /cc_ws/tros_ws/install/share/hobot_stereonet/launch/stereonet_offline_infer.launch.py
[4.960s] -- Up-to-date: /cc_ws/tros_ws/install/share/hobot_stereonet/launch/stereonet_model_web_visual_cmp_rs_230ai.launch.py
[4.960s] -- Up-to-date: /cc_ws/tros_ws/install/share/hobot_stereonet/launch/stereonet_model_web_visual_cmp_rs_2i.launch.py
[4.960s] -- Up-to-date: /cc_ws/tros_ws/install/share/hobot_stereonet/launch/stereonet_model_web_visual_cmp_rs_mini.launch.py
[4.960s] -- Up-to-date: /cc_ws/tros_ws/install/share/hobot_stereonet/launch/stereonet_model_web_visual_cmp_rs_mini_v2.launch.py
[4.960s] -- Up-to-date: /cc_ws/tros_ws/install/share/hobot_stereonet/launch/stereonet_model_web_visual_component_v2.0.launch.py
[4.961s] -- Up-to-date: /cc_ws/tros_ws/install/share/hobot_stereonet/launch/stereonet_model_web_visual_component_v2.1.launch.py
[4.961s] -- Up-to-date: /cc_ws/tros_ws/install/share/hobot_stereonet/launch/stereonet_model_web_visual_component_v2.2.launch.py
[4.961s] -- Up-to-date: /cc_ws/tros_ws/install/share/hobot_stereonet/launch/stereonet_model_web_visual_component_v2.3.launch.py
[4.961s] -- Up-to-date: /cc_ws/tros_ws/install/share/hobot_stereonet/launch/stereonet_model_web_visual_v2.0.launch.py
[4.961s] -- Up-to-date: /cc_ws/tros_ws/install/share/hobot_stereonet/launch/stereonet_model_web_visual_v2.1.launch.py
[4.961s] -- Up-to-date: /cc_ws/tros_ws/install/share/hobot_stereonet/launch/stereonet_model_web_visual_v2.2.launch.py
[4.961s] -- Up-to-date: /cc_ws/tros_ws/install/share/hobot_stereonet/launch/stereonet_model_web_visual_v2.3.launch.py
[4.961s] -- Up-to-date: /cc_ws/tros_ws/install/share/hobot_stereonet/launch/stereonet_model_web_visual_v2.4_int16.launch.py
[4.961s] -- Up-to-date: /cc_ws/tros_ws/install/share/hobot_stereonet/launch/stereonet_model_web_visual_v2.4_int8.launch.py
[4.962s] -- Up-to-date: /cc_ws/tros_ws/install/share/hobot_stereonet/launch/stereonet_model_web_visual_zed_v2.0.launch.py
[4.962s] -- Up-to-date: /cc_ws/tros_ws/install/share/hobot_stereonet/launch/stereonet_model_web_visual_zed_v2.2.launch.py
[4.962s] -- Up-to-date: /cc_ws/tros_ws/install/share/hobot_stereonet/config
[4.962s] -- Up-to-date: /cc_ws/tros_ws/install/share/hobot_stereonet/config/stereo.yaml
[4.962s] -- Up-to-date: /cc_ws/tros_ws/install/share/hobot_stereonet/config/DStereoV2.3.bin
[4.962s] -- Up-to-date: /cc_ws/tros_ws/install/share/hobot_stereonet/config/dstereo_s100_320_640_352_v2.4.hbm
[4.962s] -- Up-to-date: /cc_ws/tros_ws/install/share/hobot_stereonet/config/stereo_2.yaml
[4.962s] -- Up-to-date: /cc_ws/tros_ws/install/share/hobot_stereonet/config/stereo_cv.yaml
[4.963s] -- Up-to-date: /cc_ws/tros_ws/install/share/hobot_stereonet/config/stereo_26.yaml
[4.963s] -- Up-to-date: /cc_ws/tros_ws/install/share/hobot_stereonet/config/dstereo_s100_320_640_352_v2.1.hbm
[4.963s] -- Up-to-date: /cc_ws/tros_ws/install/share/hobot_stereonet/config/DStereoV2.3.1.bin
[4.963s] -- Up-to-date: /cc_ws/tros_ws/install/share/hobot_stereonet/config/DStereoV2.2.bin
[4.964s] -- Up-to-date: /cc_ws/tros_ws/install/share/hobot_stereonet/config/DStereoV2.4.0_int8.bin
[4.964s] -- Up-to-date: /cc_ws/tros_ws/install/share/hobot_stereonet/config/DStereoV2.4.0_int16.bin
[4.964s] -- Up-to-date: /cc_ws/tros_ws/install/share/hobot_stereonet/config/stereo_15.yaml
[4.964s] -- Up-to-date: /cc_ws/tros_ws/install/share/hobot_stereonet/config/DStereoV2.1.bin
[4.964s] -- Up-to-date: /cc_ws/tros_ws/install/share/hobot_stereonet/config/DStereoV2.0.bin
[4.964s] -- Up-to-date: /cc_ws/tros_ws/install/share/hobot_stereonet/data
[4.964s] -- Up-to-date: /cc_ws/tros_ws/install/share/hobot_stereonet/data/left000002.png
[4.964s] -- Up-to-date: /cc_ws/tros_ws/install/share/hobot_stereonet/data/right000000.png
[4.965s] -- Up-to-date: /cc_ws/tros_ws/install/share/hobot_stereonet/data/right000004.png
[4.965s] -- Up-to-date: /cc_ws/tros_ws/install/share/hobot_stereonet/data/right000001.png
[4.965s] -- Up-to-date: /cc_ws/tros_ws/install/share/hobot_stereonet/data/right000002.png
[4.965s] -- Up-to-date: /cc_ws/tros_ws/install/share/hobot_stereonet/data/left000000.png
[4.965s] -- Up-to-date: /cc_ws/tros_ws/install/share/hobot_stereonet/data/left000004.png
[4.965s] -- Up-to-date: /cc_ws/tros_ws/install/share/hobot_stereonet/data/left000003.png
[4.965s] -- Up-to-date: /cc_ws/tros_ws/install/share/hobot_stereonet/data/right000003.png
[4.965s] -- Up-to-date: /cc_ws/tros_ws/install/share/hobot_stereonet/data/left000001.png
[4.965s] -- Up-to-date: /cc_ws/tros_ws/install/share/ament_index/resource_index/package_run_dependencies/hobot_stereonet
[4.965s] -- Up-to-date: /cc_ws/tros_ws/install/share/ament_index/resource_index/parent_prefix_path/hobot_stereonet
[4.966s] -- Up-to-date: /cc_ws/tros_ws/install/share/hobot_stereonet/environment/ament_prefix_path.sh
[4.966s] -- Installing: /cc_ws/tros_ws/install/share/hobot_stereonet/environment/ament_prefix_path.dsv
[4.966s] -- Up-to-date: /cc_ws/tros_ws/install/share/hobot_stereonet/environment/path.sh
[4.966s] -- Installing: /cc_ws/tros_ws/install/share/hobot_stereonet/environment/path.dsv
[4.966s] -- Up-to-date: /cc_ws/tros_ws/install/share/hobot_stereonet/local_setup.bash
[4.966s] -- Up-to-date: /cc_ws/tros_ws/install/share/hobot_stereonet/local_setup.sh
[4.966s] -- Up-to-date: /cc_ws/tros_ws/install/share/hobot_stereonet/local_setup.zsh
[4.966s] -- Installing: /cc_ws/tros_ws/install/share/hobot_stereonet/local_setup.dsv
[4.966s] -- Installing: /cc_ws/tros_ws/install/share/hobot_stereonet/package.dsv
[4.969s] -- Up-to-date: /cc_ws/tros_ws/install/share/ament_index/resource_index/packages/hobot_stereonet
[4.969s] -- Up-to-date: /cc_ws/tros_ws/install/share/ament_index/resource_index/rclcpp_components/hobot_stereonet
[4.969s] -- Up-to-date: /cc_ws/tros_ws/install/share/hobot_stereonet/cmake/hobot_stereonetConfig.cmake
[4.969s] -- Up-to-date: /cc_ws/tros_ws/install/share/hobot_stereonet/cmake/hobot_stereonetConfig-version.cmake
[4.969s] -- Up-to-date: /cc_ws/tros_ws/install/share/hobot_stereonet/package.xml
[4.999s] Invoked command in '/cc_ws/tros_ws/build/hobot_stereonet' returned '0': CMAKE_PREFIX_PATH=/opt/ros/humble /usr/bin/cmake --install /cc_ws/tros_ws/build/hobot_stereonet
