Not searching for unused variables given on the command line.
-- Found ament_cmake: 1.3.8 (/opt/ros/humble/share/ament_cmake/cmake)
[33mCMake Warning (dev) at /opt/ros/humble/share/ament_cmake_test/cmake/ament_cmake_test-extras.cmake:19 (option):
  Policy CMP0077 is not set: option() honors normal variables.  Run "cmake
  --help-policy CMP0077" for policy details.  Use the cmake_policy command to
  set the policy and suppress this warning.

  For compatibility with older versions of CMake, option is clearing the
  normal variable 'BUILD_TESTING'.
Call Stack (most recent call first):
  /opt/ros/humble/share/ament_cmake_test/cmake/ament_cmake_testConfig.cmake:41 (include)
  /opt/ros/humble/share/ament_cmake/cmake/ament_cmake_export_dependencies-extras.cmake:21 (find_package)
  /opt/ros/humble/share/ament_cmake/cmake/ament_cmakeConfig.cmake:41 (include)
  CMakeLists.txt:35 (find_package)
This warning is for project developers.  Use -Wno-dev to suppress it.
[0m
-- Found rclcpp: 16.0.8 (/opt/ros/humble/share/rclcpp/cmake)
-- Found rosidl_generator_c: 3.1.5 (/opt/ros/humble/share/rosidl_generator_c/cmake)
-- Found rosidl_adapter: 3.1.5 (/opt/ros/humble/share/rosidl_adapter/cmake)
-- Found rosidl_generator_cpp: 3.1.5 (/opt/ros/humble/share/rosidl_generator_cpp/cmake)
-- Using all available rosidl_typesupport_c: rosidl_typesupport_fastrtps_c;rosidl_typesupport_introspection_c
-- Using all available rosidl_typesupport_cpp: rosidl_typesupport_fastrtps_cpp;rosidl_typesupport_introspection_cpp
-- Found rmw_implementation_cmake: 6.1.1 (/opt/ros/humble/share/rmw_implementation_cmake/cmake)
-- Found rmw_fastrtps_cpp: 6.2.6 (/opt/ros/humble/share/rmw_fastrtps_cpp/cmake)
-- Using RMW implementation 'rmw_fastrtps_cpp' as default
-- Found sensor_msgs: 4.2.3 (/opt/ros/humble/share/sensor_msgs/cmake)
-- Found ai_msgs: 2.0.1 (/cc_ws/tros_ws/robot_dev_config/../install/share/ai_msgs/cmake)
-- Found dnn_node: 2.5.4 (/cc_ws/tros_ws/robot_dev_config/../install/share/dnn_node/cmake)
-- Found cv_bridge: 3.2.1 (/opt/ros/humble/share/cv_bridge/cmake)
[0musing shared mem[0m
-- Found hbm_img_msgs: 2.0.0 (/cc_ws/tros_ws/robot_dev_config/../install/share/hbm_img_msgs/cmake)
[0mbuild platform X5[0m
[0mPREFIX_PATH is x5[0m
[0mSYS_ROOT is /cc_ws/tros_ws/robot_dev_config/../../sysroot_docker[0m
-- Configuring done
-- Generating done
-- Build files have been written to: /cc_ws/tros_ws/build/hobot_yolo_world
[35m[1mConsolidate compiler generated dependencies of target hobot_yolo_world[0m
[ 20%] [32m[1mLinking CXX executable hobot_yolo_world[0m
[100%] Built target hobot_yolo_world
-- Install configuration: "RelWithDebInfo"
-- Installing: /cc_ws/tros_ws/install/lib/hobot_yolo_world/hobot_yolo_world
-- Set runtime path of "/cc_ws/tros_ws/install/lib/hobot_yolo_world/hobot_yolo_world" to ""
-- Up-to-date: /cc_ws/tros_ws/install/share/hobot_yolo_world/launch
-- Up-to-date: /cc_ws/tros_ws/install/share/hobot_yolo_world/launch/yolo_world.launch.py
-- Up-to-date: /cc_ws/tros_ws/install/lib/hobot_yolo_world/config/
-- Up-to-date: /cc_ws/tros_ws/install/lib/hobot_yolo_world/config//yolo_world.bin
-- Up-to-date: /cc_ws/tros_ws/install/lib/hobot_yolo_world/tool/
-- Up-to-date: /cc_ws/tros_ws/install/lib/hobot_yolo_world/tool//README.md
-- Up-to-date: /cc_ws/tros_ws/install/lib/hobot_yolo_world/tool//clip
-- Up-to-date: /cc_ws/tros_ws/install/lib/hobot_yolo_world/tool//clip/bpe_simple_vocab_16e6.txt.gz
-- Up-to-date: /cc_ws/tros_ws/install/lib/hobot_yolo_world/tool//clip/simple_tokenizer.py
-- Up-to-date: /cc_ws/tros_ws/install/lib/hobot_yolo_world/tool//clip/__init__.py
-- Up-to-date: /cc_ws/tros_ws/install/lib/hobot_yolo_world/tool//clip/clip.py
-- Up-to-date: /cc_ws/tros_ws/install/lib/hobot_yolo_world/tool//README_cn.md
-- Up-to-date: /cc_ws/tros_ws/install/lib/hobot_yolo_world/tool//class.list
-- Up-to-date: /cc_ws/tros_ws/install/lib/hobot_yolo_world/tool//__init__.py
-- Up-to-date: /cc_ws/tros_ws/install/lib/hobot_yolo_world/tool//requirements.txt
-- Up-to-date: /cc_ws/tros_ws/install/lib/hobot_yolo_world/tool//main.py
-- Up-to-date: /cc_ws/tros_ws/install/lib/hobot_yolo_world/config/offline_vocabulary_embeddings.json
-- Up-to-date: /cc_ws/tros_ws/install/lib/hobot_yolo_world/config/yolo_world_test.jpg
-- Up-to-date: /cc_ws/tros_ws/install/share/ament_index/resource_index/package_run_dependencies/hobot_yolo_world
-- Up-to-date: /cc_ws/tros_ws/install/share/ament_index/resource_index/parent_prefix_path/hobot_yolo_world
-- Up-to-date: /cc_ws/tros_ws/install/share/hobot_yolo_world/environment/ament_prefix_path.sh
-- Installing: /cc_ws/tros_ws/install/share/hobot_yolo_world/environment/ament_prefix_path.dsv
-- Up-to-date: /cc_ws/tros_ws/install/share/hobot_yolo_world/environment/path.sh
-- Installing: /cc_ws/tros_ws/install/share/hobot_yolo_world/environment/path.dsv
-- Up-to-date: /cc_ws/tros_ws/install/share/hobot_yolo_world/local_setup.bash
-- Up-to-date: /cc_ws/tros_ws/install/share/hobot_yolo_world/local_setup.sh
-- Up-to-date: /cc_ws/tros_ws/install/share/hobot_yolo_world/local_setup.zsh
-- Installing: /cc_ws/tros_ws/install/share/hobot_yolo_world/local_setup.dsv
-- Installing: /cc_ws/tros_ws/install/share/hobot_yolo_world/package.dsv
-- Up-to-date: /cc_ws/tros_ws/install/share/ament_index/resource_index/packages/hobot_yolo_world
-- Up-to-date: /cc_ws/tros_ws/install/share/hobot_yolo_world/cmake/hobot_yolo_worldConfig.cmake
-- Up-to-date: /cc_ws/tros_ws/install/share/hobot_yolo_world/cmake/hobot_yolo_worldConfig-version.cmake
-- Up-to-date: /cc_ws/tros_ws/install/share/hobot_yolo_world/package.xml
