[0.060s] Invoking command in '/cc_ws/tros_ws/build/hobot_yolo_world': AMENT_PREFIX_PATH=/cc_ws/tros_ws/install:${AMENT_PREFIX_PATH} CMAKE_PREFIX_PATH=/cc_ws/tros_ws/install:/opt/ros/humble LD_LIBRARY_PATH=/cc_ws/tros_ws/install/lib:/opt/ros/humble/opt/rviz_ogre_vendor/lib:/opt/ros/humble/lib/aarch64-linux-gnu:/opt/ros/humble/lib:/cc_ws/userdata/hobot/opt/hobot/deps PYTHONPATH=/cc_ws/tros_ws/install/lib/python3.10/site-packages:/cc_ws/tros_ws/install/local/lib/python3.10/dist-packages:${PYTHONPATH} /usr/bin/cmake /cc_ws/tros_ws/src/box/hobot_perception/hobot_yolo_world -DCMAKE_EXPORT_COMPILE_COMMANDS=ON --no-warn-unused-cli -DCMAKE_TOOLCHAIN_FILE=/cc_ws/tros_ws/robot_dev_config/aarch64_toolchainfile.cmake -DPLATFORM_X5=ON -DTHIRDPARTY=ON -DBUILD_TESTING=OFF -DCMAKE_BUILD_RPATH=/cc_ws/tros_ws/build/poco_vendor/poco_external_project_install/lib/;/cc_ws/tros_ws/build/libyaml_vendor/libyaml_install/lib/ -DCMAKE_INSTALL_PREFIX=/cc_ws/tros_ws/install
[0.267s] Not searching for unused variables given on the command line.
[0.270s] -- Found ament_cmake: 1.3.8 (/opt/ros/humble/share/ament_cmake/cmake)
[0.511s] [33mCMake Warning (dev) at /opt/ros/humble/share/ament_cmake_test/cmake/ament_cmake_test-extras.cmake:19 (option):
[0.512s]   Policy CMP0077 is not set: option() honors normal variables.  Run "cmake
[0.512s]   --help-policy CMP0077" for policy details.  Use the cmake_policy command to
[0.512s]   set the policy and suppress this warning.
[0.512s] 
[0.512s]   For compatibility with older versions of CMake, option is clearing the
[0.513s]   normal variable 'BUILD_TESTING'.
[0.513s] Call Stack (most recent call first):
[0.513s]   /opt/ros/humble/share/ament_cmake_test/cmake/ament_cmake_testConfig.cmake:41 (include)
[0.513s]   /opt/ros/humble/share/ament_cmake/cmake/ament_cmake_export_dependencies-extras.cmake:21 (find_package)
[0.514s]   /opt/ros/humble/share/ament_cmake/cmake/ament_cmakeConfig.cmake:41 (include)
[0.514s]   CMakeLists.txt:35 (find_package)
[0.514s] This warning is for project developers.  Use -Wno-dev to suppress it.
[0.514s] [0m
[0.515s] -- Found rclcpp: 16.0.8 (/opt/ros/humble/share/rclcpp/cmake)
[0.580s] -- Found rosidl_generator_c: 3.1.5 (/opt/ros/humble/share/rosidl_generator_c/cmake)
[0.590s] -- Found rosidl_adapter: 3.1.5 (/opt/ros/humble/share/rosidl_adapter/cmake)
[0.612s] -- Found rosidl_generator_cpp: 3.1.5 (/opt/ros/humble/share/rosidl_generator_cpp/cmake)
[0.652s] -- Using all available rosidl_typesupport_c: rosidl_typesupport_fastrtps_c;rosidl_typesupport_introspection_c
[0.720s] -- Using all available rosidl_typesupport_cpp: rosidl_typesupport_fastrtps_cpp;rosidl_typesupport_introspection_cpp
[0.930s] -- Found rmw_implementation_cmake: 6.1.1 (/opt/ros/humble/share/rmw_implementation_cmake/cmake)
[0.934s] -- Found rmw_fastrtps_cpp: 6.2.6 (/opt/ros/humble/share/rmw_fastrtps_cpp/cmake)
[1.333s] -- Using RMW implementation 'rmw_fastrtps_cpp' as default
[1.963s] -- Found sensor_msgs: 4.2.3 (/opt/ros/humble/share/sensor_msgs/cmake)
[2.442s] -- Found ai_msgs: 2.0.1 (/cc_ws/tros_ws/robot_dev_config/../install/share/ai_msgs/cmake)
[2.797s] -- Found dnn_node: 2.5.4 (/cc_ws/tros_ws/robot_dev_config/../install/share/dnn_node/cmake)
[2.803s] -- Found cv_bridge: 3.2.1 (/opt/ros/humble/share/cv_bridge/cmake)
[2.883s] [0musing shared mem[0m
[2.885s] -- Found hbm_img_msgs: 2.0.0 (/cc_ws/tros_ws/robot_dev_config/../install/share/hbm_img_msgs/cmake)
[3.002s] [0mbuild platform X5[0m
[3.002s] [0mPREFIX_PATH is x5[0m
[3.002s] [0mSYS_ROOT is /cc_ws/tros_ws/robot_dev_config/../../sysroot_docker[0m
[3.235s] -- Configuring done
[3.352s] -- Generating done
[3.373s] -- Build files have been written to: /cc_ws/tros_ws/build/hobot_yolo_world
[3.396s] Invoked command in '/cc_ws/tros_ws/build/hobot_yolo_world' returned '0': AMENT_PREFIX_PATH=/cc_ws/tros_ws/install:${AMENT_PREFIX_PATH} CMAKE_PREFIX_PATH=/cc_ws/tros_ws/install:/opt/ros/humble LD_LIBRARY_PATH=/cc_ws/tros_ws/install/lib:/opt/ros/humble/opt/rviz_ogre_vendor/lib:/opt/ros/humble/lib/aarch64-linux-gnu:/opt/ros/humble/lib:/cc_ws/userdata/hobot/opt/hobot/deps PYTHONPATH=/cc_ws/tros_ws/install/lib/python3.10/site-packages:/cc_ws/tros_ws/install/local/lib/python3.10/dist-packages:${PYTHONPATH} /usr/bin/cmake /cc_ws/tros_ws/src/box/hobot_perception/hobot_yolo_world -DCMAKE_EXPORT_COMPILE_COMMANDS=ON --no-warn-unused-cli -DCMAKE_TOOLCHAIN_FILE=/cc_ws/tros_ws/robot_dev_config/aarch64_toolchainfile.cmake -DPLATFORM_X5=ON -DTHIRDPARTY=ON -DBUILD_TESTING=OFF -DCMAKE_BUILD_RPATH=/cc_ws/tros_ws/build/poco_vendor/poco_external_project_install/lib/;/cc_ws/tros_ws/build/libyaml_vendor/libyaml_install/lib/ -DCMAKE_INSTALL_PREFIX=/cc_ws/tros_ws/install
[3.409s] Invoking command in '/cc_ws/tros_ws/build/hobot_yolo_world': AMENT_PREFIX_PATH=/cc_ws/tros_ws/install:${AMENT_PREFIX_PATH} CMAKE_PREFIX_PATH=/cc_ws/tros_ws/install:/opt/ros/humble LD_LIBRARY_PATH=/cc_ws/tros_ws/install/lib:/opt/ros/humble/opt/rviz_ogre_vendor/lib:/opt/ros/humble/lib/aarch64-linux-gnu:/opt/ros/humble/lib:/cc_ws/userdata/hobot/opt/hobot/deps PYTHONPATH=/cc_ws/tros_ws/install/lib/python3.10/site-packages:/cc_ws/tros_ws/install/local/lib/python3.10/dist-packages:${PYTHONPATH} /usr/bin/cmake --build /cc_ws/tros_ws/build/hobot_yolo_world -- -j12 -l12
[3.826s] [35m[1mConsolidate compiler generated dependencies of target hobot_yolo_world[0m
[3.826s] [ 20%] [32m[1mLinking CXX executable hobot_yolo_world[0m
[6.281s] [100%] Built target hobot_yolo_world
[6.312s] Invoked command in '/cc_ws/tros_ws/build/hobot_yolo_world' returned '0': AMENT_PREFIX_PATH=/cc_ws/tros_ws/install:${AMENT_PREFIX_PATH} CMAKE_PREFIX_PATH=/cc_ws/tros_ws/install:/opt/ros/humble LD_LIBRARY_PATH=/cc_ws/tros_ws/install/lib:/opt/ros/humble/opt/rviz_ogre_vendor/lib:/opt/ros/humble/lib/aarch64-linux-gnu:/opt/ros/humble/lib:/cc_ws/userdata/hobot/opt/hobot/deps PYTHONPATH=/cc_ws/tros_ws/install/lib/python3.10/site-packages:/cc_ws/tros_ws/install/local/lib/python3.10/dist-packages:${PYTHONPATH} /usr/bin/cmake --build /cc_ws/tros_ws/build/hobot_yolo_world -- -j12 -l12
[6.395s] Invoking command in '/cc_ws/tros_ws/build/hobot_yolo_world': AMENT_PREFIX_PATH=/cc_ws/tros_ws/install:${AMENT_PREFIX_PATH} CMAKE_PREFIX_PATH=/cc_ws/tros_ws/install:/opt/ros/humble LD_LIBRARY_PATH=/cc_ws/tros_ws/install/lib:/opt/ros/humble/opt/rviz_ogre_vendor/lib:/opt/ros/humble/lib/aarch64-linux-gnu:/opt/ros/humble/lib:/cc_ws/userdata/hobot/opt/hobot/deps PYTHONPATH=/cc_ws/tros_ws/install/lib/python3.10/site-packages:/cc_ws/tros_ws/install/local/lib/python3.10/dist-packages:${PYTHONPATH} /usr/bin/cmake --install /cc_ws/tros_ws/build/hobot_yolo_world
[6.412s] -- Install configuration: "RelWithDebInfo"
[6.413s] -- Installing: /cc_ws/tros_ws/install/lib/hobot_yolo_world/hobot_yolo_world
[6.471s] -- Set runtime path of "/cc_ws/tros_ws/install/lib/hobot_yolo_world/hobot_yolo_world" to ""
[6.472s] -- Up-to-date: /cc_ws/tros_ws/install/share/hobot_yolo_world/launch
[6.472s] -- Up-to-date: /cc_ws/tros_ws/install/share/hobot_yolo_world/launch/yolo_world.launch.py
[6.472s] -- Up-to-date: /cc_ws/tros_ws/install/lib/hobot_yolo_world/config/
[6.473s] -- Up-to-date: /cc_ws/tros_ws/install/lib/hobot_yolo_world/config//yolo_world.bin
[6.473s] -- Up-to-date: /cc_ws/tros_ws/install/lib/hobot_yolo_world/tool/
[6.473s] -- Up-to-date: /cc_ws/tros_ws/install/lib/hobot_yolo_world/tool//README.md
[6.473s] -- Up-to-date: /cc_ws/tros_ws/install/lib/hobot_yolo_world/tool//clip
[6.473s] -- Up-to-date: /cc_ws/tros_ws/install/lib/hobot_yolo_world/tool//clip/bpe_simple_vocab_16e6.txt.gz
[6.474s] -- Up-to-date: /cc_ws/tros_ws/install/lib/hobot_yolo_world/tool//clip/simple_tokenizer.py
[6.474s] -- Up-to-date: /cc_ws/tros_ws/install/lib/hobot_yolo_world/tool//clip/__init__.py
[6.475s] -- Up-to-date: /cc_ws/tros_ws/install/lib/hobot_yolo_world/tool//clip/clip.py
[6.476s] -- Up-to-date: /cc_ws/tros_ws/install/lib/hobot_yolo_world/tool//README_cn.md
[6.476s] -- Up-to-date: /cc_ws/tros_ws/install/lib/hobot_yolo_world/tool//class.list
[6.476s] -- Up-to-date: /cc_ws/tros_ws/install/lib/hobot_yolo_world/tool//__init__.py
[6.476s] -- Up-to-date: /cc_ws/tros_ws/install/lib/hobot_yolo_world/tool//requirements.txt
[6.477s] -- Up-to-date: /cc_ws/tros_ws/install/lib/hobot_yolo_world/tool//main.py
[6.477s] -- Up-to-date: /cc_ws/tros_ws/install/lib/hobot_yolo_world/config/offline_vocabulary_embeddings.json
[6.477s] -- Up-to-date: /cc_ws/tros_ws/install/lib/hobot_yolo_world/config/yolo_world_test.jpg
[6.478s] -- Up-to-date: /cc_ws/tros_ws/install/share/ament_index/resource_index/package_run_dependencies/hobot_yolo_world
[6.481s] -- Up-to-date: /cc_ws/tros_ws/install/share/ament_index/resource_index/parent_prefix_path/hobot_yolo_world
[6.481s] -- Up-to-date: /cc_ws/tros_ws/install/share/hobot_yolo_world/environment/ament_prefix_path.sh
[6.482s] -- Installing: /cc_ws/tros_ws/install/share/hobot_yolo_world/environment/ament_prefix_path.dsv
[6.482s] -- Up-to-date: /cc_ws/tros_ws/install/share/hobot_yolo_world/environment/path.sh
[6.483s] -- Installing: /cc_ws/tros_ws/install/share/hobot_yolo_world/environment/path.dsv
[6.483s] -- Up-to-date: /cc_ws/tros_ws/install/share/hobot_yolo_world/local_setup.bash
[6.484s] -- Up-to-date: /cc_ws/tros_ws/install/share/hobot_yolo_world/local_setup.sh
[6.484s] -- Up-to-date: /cc_ws/tros_ws/install/share/hobot_yolo_world/local_setup.zsh
[6.484s] -- Installing: /cc_ws/tros_ws/install/share/hobot_yolo_world/local_setup.dsv
[6.485s] -- Installing: /cc_ws/tros_ws/install/share/hobot_yolo_world/package.dsv
[6.485s] -- Up-to-date: /cc_ws/tros_ws/install/share/ament_index/resource_index/packages/hobot_yolo_world
[6.487s] -- Up-to-date: /cc_ws/tros_ws/install/share/hobot_yolo_world/cmake/hobot_yolo_worldConfig.cmake
[6.487s] -- Up-to-date: /cc_ws/tros_ws/install/share/hobot_yolo_world/cmake/hobot_yolo_worldConfig-version.cmake
[6.488s] -- Up-to-date: /cc_ws/tros_ws/install/share/hobot_yolo_world/package.xml
[6.488s] Invoked command in '/cc_ws/tros_ws/build/hobot_yolo_world' returned '0': AMENT_PREFIX_PATH=/cc_ws/tros_ws/install:${AMENT_PREFIX_PATH} CMAKE_PREFIX_PATH=/cc_ws/tros_ws/install:/opt/ros/humble LD_LIBRARY_PATH=/cc_ws/tros_ws/install/lib:/opt/ros/humble/opt/rviz_ogre_vendor/lib:/opt/ros/humble/lib/aarch64-linux-gnu:/opt/ros/humble/lib:/cc_ws/userdata/hobot/opt/hobot/deps PYTHONPATH=/cc_ws/tros_ws/install/lib/python3.10/site-packages:/cc_ws/tros_ws/install/local/lib/python3.10/dist-packages:${PYTHONPATH} /usr/bin/cmake --install /cc_ws/tros_ws/build/hobot_yolo_world
