[33mCMake Warning (dev) at /opt/ros/humble/share/ament_cmake_test/cmake/ament_cmake_test-extras.cmake:19 (option):
  Policy CMP0077 is not set: option() honors normal variables.  Run "cmake
  --help-policy CMP0077" for policy details.  Use the cmake_policy command to
  set the policy and suppress this warning.

  For compatibility with older versions of CMake, option is clearing the
  normal variable 'BUILD_TESTING'.
Call Stack (most recent call first):
  /opt/ros/humble/share/ament_cmake_test/cmake/ament_cmake_testConfig.cmake:41 (include)
  /opt/ros/humble/share/ament_cmake/cmake/ament_cmake_export_dependencies-extras.cmake:21 (find_package)
  /opt/ros/humble/share/ament_cmake/cmake/ament_cmakeConfig.cmake:41 (include)
  CMakeLists.txt:23 (find_package)
This warning is for project developers.  Use -Wno-dev to suppress it.
[0m
[01m[K/cc_ws/tros_ws/src/box/hobot_perception/hobot_stereonet_utils/src/pub_rectify_img.cpp:[m[K In member function ‘[01m[Kvoid PubRectifyImgsNode::bgr24_to_nv12_neon(uint8_t*, uint8_t*, int, int)[m[K’:
[01m[K/cc_ws/tros_ws/src/box/hobot_perception/hobot_stereonet_utils/src/pub_rectify_img.cpp:210:48:[m[K [01;35m[Kwarning: [m[Koverflow in conversion from ‘[01m[Kint[m[K’ to ‘[01m[Kint8_t[m[K’ {aka ‘[01m[Ksigned char[m[K’} changes value from ‘[01m[K128[m[K’ to ‘[01m[K-128[m[K’ [[01;35m[K-Woverflow[m[K]
  210 |         const int8x8_t s8_rounding = vdup_n_s8([01;35m[K128[m[K);
      |                                                [01;35m[K^~~[m[K
[01m[K/cc_ws/tros_ws/src/box/hobot_perception/hobot_stereonet_utils/src/pub_rectify_img.cpp:[m[K In member function ‘[01m[Kvoid PubRectifyImgsNode::nv12_to_bgr24_neon(uint8_t*, uint8_t*, int, int)[m[K’:
[01m[K/cc_ws/tros_ws/src/box/hobot_perception/hobot_stereonet_utils/src/pub_rectify_img.cpp:304:19:[m[K [01;35m[Kwarning: [m[Kunused variable ‘[01m[K_vu64[m[K’ [[01;35m[K-Wunused-variable[m[K]
  304 |         uint8x8_t [01;35m[K_vu64[m[K = vdup_n_u8(64);
      |                   [01;35m[K^~~~~[m[K
