Not searching for unused variables given on the command line.
-- The C compiler identification is GNU 11.4.0
-- The CXX compiler identification is GNU 11.4.0
-- Detecting C compiler ABI info
-- Detecting C compiler ABI info - done
-- Check for working C compiler: /usr/bin/aarch64-linux-gnu-gcc - skipped
-- Detecting C compile features
-- Detecting C compile features - done
-- Detecting CXX compiler ABI info
-- Detecting CXX compiler ABI info - done
-- Check for working CXX compiler: /usr/bin/aarch64-linux-gnu-g++ - skipped
-- Detecting CXX compile features
-- Detecting CXX compile features - done
-- Found ament_cmake: 1.3.8 (/opt/ros/humble/share/ament_cmake/cmake)
-- Found Python3: /usr/bin/python3 (found version "3.10.12") found components: Interpreter 
-- Found rclcpp: 16.0.8 (/opt/ros/humble/share/rclcpp/cmake)
-- Found rosidl_generator_c: 3.1.5 (/opt/ros/humble/share/rosidl_generator_c/cmake)
-- Found rosidl_adapter: 3.1.5 (/opt/ros/humble/share/rosidl_adapter/cmake)
-- Found rosidl_generator_cpp: 3.1.5 (/opt/ros/humble/share/rosidl_generator_cpp/cmake)
-- Using all available rosidl_typesupport_c: rosidl_typesupport_fastrtps_c;rosidl_typesupport_introspection_c
-- Using all available rosidl_typesupport_cpp: rosidl_typesupport_fastrtps_cpp;rosidl_typesupport_introspection_cpp
-- Found rmw_implementation_cmake: 6.1.1 (/opt/ros/humble/share/rmw_implementation_cmake/cmake)
-- Found rmw_fastrtps_cpp: 6.2.6 (/opt/ros/humble/share/rmw_fastrtps_cpp/cmake)
-- Found OpenSSL: /cc_ws/tros_ws/robot_dev_config/../../sysroot_docker/usr/lib/aarch64-linux-gnu/libcrypto.so (found version "3.0.2")  
-- Found FastRTPS: /opt/ros/humble/include  
-- Using RMW implementation 'rmw_fastrtps_cpp' as default
-- Looking for pthread.h
-- Looking for pthread.h - found
-- Performing Test CMAKE_HAVE_LIBC_PTHREAD
-- Performing Test CMAKE_HAVE_LIBC_PTHREAD - Success
-- Found Threads: TRUE  
-- Found sensor_msgs: 4.2.3 (/opt/ros/humble/share/sensor_msgs/cmake)
-- Found cv_bridge: 3.2.1 (/opt/ros/humble/share/cv_bridge/cmake)
-- Found OpenCV: /cc_ws/sysroot_docker/usr_x5 (found version "4.5.4") 
-- Configuring done
-- Generating done
-- Build files have been written to: /cc_ws/tros_ws/build/hobot_stereonet_utils
[ 16%] [32mBuilding CXX object CMakeFiles/save_stereo_img.dir/src/save_stereo_img.cpp.o[0m
[ 33%] [32m[1mLinking CXX executable save_stereo_img[0m
[ 33%] Built target save_stereo_img
[ 50%] [32mBuilding CXX object CMakeFiles/pub_rectify_img.dir/src/pub_rectify_img.cpp.o[0m
[ 66%] [32m[1mLinking CXX executable pub_rectify_img[0m
[ 66%] Built target pub_rectify_img
[ 83%] [32mBuilding CXX object CMakeFiles/save_depth_img.dir/src/save_depth_img.cpp.o[0m
[100%] [32m[1mLinking CXX executable save_depth_img[0m
[100%] Built target save_depth_img
-- Install configuration: ""
-- Installing: /cc_ws/tros_ws/install/lib/hobot_stereonet_utils/save_stereo_img
-- Set runtime path of "/cc_ws/tros_ws/install/lib/hobot_stereonet_utils/save_stereo_img" to ""
-- Installing: /cc_ws/tros_ws/install/lib/hobot_stereonet_utils/save_depth_img
-- Set runtime path of "/cc_ws/tros_ws/install/lib/hobot_stereonet_utils/save_depth_img" to ""
-- Installing: /cc_ws/tros_ws/install/lib/hobot_stereonet_utils/pub_rectify_img
-- Set runtime path of "/cc_ws/tros_ws/install/lib/hobot_stereonet_utils/pub_rectify_img" to ""
-- Installing: /cc_ws/tros_ws/install/share/hobot_stereonet_utils/launch
-- Installing: /cc_ws/tros_ws/install/share/hobot_stereonet_utils/launch/test_rectify_mipi_cam.launch.py
-- Installing: /cc_ws/tros_ws/install/share/hobot_stereonet_utils/launch/test_mipi_cam.launch.py
-- Installing: /cc_ws/tros_ws/install/share/hobot_stereonet_utils/launch/test_rectify_mipi_cam_1280_960.launch.py
-- Installing: /cc_ws/tros_ws/install/share/hobot_stereonet_utils/config
-- Installing: /cc_ws/tros_ws/install/share/hobot_stereonet_utils/config/stereo_8_1_zzk.yaml
-- Installing: /cc_ws/tros_ws/install/share/ament_index/resource_index/package_run_dependencies/hobot_stereonet_utils
-- Installing: /cc_ws/tros_ws/install/share/ament_index/resource_index/parent_prefix_path/hobot_stereonet_utils
-- Installing: /cc_ws/tros_ws/install/share/hobot_stereonet_utils/environment/ament_prefix_path.sh
-- Installing: /cc_ws/tros_ws/install/share/hobot_stereonet_utils/environment/ament_prefix_path.dsv
-- Installing: /cc_ws/tros_ws/install/share/hobot_stereonet_utils/environment/path.sh
-- Installing: /cc_ws/tros_ws/install/share/hobot_stereonet_utils/environment/path.dsv
-- Installing: /cc_ws/tros_ws/install/share/hobot_stereonet_utils/local_setup.bash
-- Installing: /cc_ws/tros_ws/install/share/hobot_stereonet_utils/local_setup.sh
-- Installing: /cc_ws/tros_ws/install/share/hobot_stereonet_utils/local_setup.zsh
-- Installing: /cc_ws/tros_ws/install/share/hobot_stereonet_utils/local_setup.dsv
-- Installing: /cc_ws/tros_ws/install/share/hobot_stereonet_utils/package.dsv
-- Installing: /cc_ws/tros_ws/install/share/ament_index/resource_index/packages/hobot_stereonet_utils
-- Installing: /cc_ws/tros_ws/install/share/hobot_stereonet_utils/cmake/hobot_stereonet_utilsConfig.cmake
-- Installing: /cc_ws/tros_ws/install/share/hobot_stereonet_utils/cmake/hobot_stereonet_utilsConfig-version.cmake
-- Installing: /cc_ws/tros_ws/install/share/hobot_stereonet_utils/package.xml
