[0.082s] Invoking command in '/cc_ws/tros_ws/build/hobot_stereonet_utils': CMAKE_PREFIX_PATH=/opt/ros/humble /usr/bin/cmake /cc_ws/tros_ws/src/box/hobot_perception/hobot_stereonet_utils -DCMAKE_EXPORT_COMPILE_COMMANDS=ON --no-warn-unused-cli -DCMAKE_TOOLCHAIN_FILE=/cc_ws/tros_ws/robot_dev_config/aarch64_toolchainfile.cmake -DPLATFORM_X5=ON -DTHIRDPARTY=ON -DBUILD_TESTING=OFF -DCMAKE_BUILD_RPATH=/cc_ws/tros_ws/build/poco_vendor/poco_external_project_install/lib/;/cc_ws/tros_ws/build/libyaml_vendor/libyaml_install/lib/ -DCMAKE_INSTALL_PREFIX=/cc_ws/tros_ws/install
[81.982s] Not searching for unused variables given on the command line.
[81.983s] -- The C compiler identification is GNU 11.4.0
[81.983s] -- The CXX compiler identification is GNU 11.4.0
[81.983s] -- Detecting C compiler ABI info
[81.983s] -- Detecting C compiler ABI info - done
[81.984s] -- Check for working C compiler: /usr/bin/aarch64-linux-gnu-gcc - skipped
[81.984s] -- Detecting C compile features
[81.984s] -- Detecting C compile features - done
[81.984s] -- Detecting CXX compiler ABI info
[81.984s] -- Detecting CXX compiler ABI info - done
[81.984s] -- Check for working CXX compiler: /usr/bin/aarch64-linux-gnu-g++ - skipped
[81.985s] -- Detecting CXX compile features
[81.985s] -- Detecting CXX compile features - done
[81.985s] -- Found ament_cmake: 1.3.8 (/opt/ros/humble/share/ament_cmake/cmake)
[81.985s] -- Found Python3: /usr/bin/python3 (found version "3.10.12") found components: Interpreter 
[81.985s] -- Found rclcpp: 16.0.8 (/opt/ros/humble/share/rclcpp/cmake)
[81.986s] -- Found rosidl_generator_c: 3.1.5 (/opt/ros/humble/share/rosidl_generator_c/cmake)
[81.986s] -- Found rosidl_adapter: 3.1.5 (/opt/ros/humble/share/rosidl_adapter/cmake)
[81.986s] -- Found rosidl_generator_cpp: 3.1.5 (/opt/ros/humble/share/rosidl_generator_cpp/cmake)
[81.986s] -- Using all available rosidl_typesupport_c: rosidl_typesupport_fastrtps_c;rosidl_typesupport_introspection_c
[81.987s] -- Using all available rosidl_typesupport_cpp: rosidl_typesupport_fastrtps_cpp;rosidl_typesupport_introspection_cpp
[81.988s] -- Found rmw_implementation_cmake: 6.1.1 (/opt/ros/humble/share/rmw_implementation_cmake/cmake)
[81.988s] -- Found rmw_fastrtps_cpp: 6.2.6 (/opt/ros/humble/share/rmw_fastrtps_cpp/cmake)
[81.997s] -- Found OpenSSL: /cc_ws/tros_ws/robot_dev_config/../../sysroot_docker/usr/lib/aarch64-linux-gnu/libcrypto.so (found version "3.0.2")  
[81.997s] -- Found FastRTPS: /opt/ros/humble/include  
[81.997s] -- Using RMW implementation 'rmw_fastrtps_cpp' as default
[81.997s] -- Looking for pthread.h
[81.998s] -- Looking for pthread.h - found
[81.998s] -- Performing Test CMAKE_HAVE_LIBC_PTHREAD
[81.998s] -- Performing Test CMAKE_HAVE_LIBC_PTHREAD - Success
[81.998s] -- Found Threads: TRUE  
[81.998s] -- Found sensor_msgs: 4.2.3 (/opt/ros/humble/share/sensor_msgs/cmake)
[81.998s] -- Found cv_bridge: 3.2.1 (/opt/ros/humble/share/cv_bridge/cmake)
[81.999s] -- Found OpenCV: /cc_ws/sysroot_docker/usr_x5 (found version "4.5.4") 
[81.999s] -- Configuring done
[81.999s] -- Generating done
[81.999s] -- Build files have been written to: /cc_ws/tros_ws/build/hobot_stereonet_utils
[81.999s] [33mCMake Warning (dev) at /opt/ros/humble/share/ament_cmake_test/cmake/ament_cmake_test-extras.cmake:19 (option):
[82.000s]   Policy CMP0077 is not set: option() honors normal variables.  Run "cmake
[82.000s]   --help-policy CMP0077" for policy details.  Use the cmake_policy command to
[82.000s]   set the policy and suppress this warning.
[82.000s] 
[82.000s]   For compatibility with older versions of CMake, option is clearing the
[82.001s]   normal variable 'BUILD_TESTING'.
[82.001s] Call Stack (most recent call first):
[82.001s]   /opt/ros/humble/share/ament_cmake_test/cmake/ament_cmake_testConfig.cmake:41 (include)
[82.001s]   /opt/ros/humble/share/ament_cmake/cmake/ament_cmake_export_dependencies-extras.cmake:21 (find_package)
[82.001s]   /opt/ros/humble/share/ament_cmake/cmake/ament_cmakeConfig.cmake:41 (include)
[82.002s]   CMakeLists.txt:23 (find_package)
[82.002s] This warning is for project developers.  Use -Wno-dev to suppress it.
[82.002s] [0m
[82.109s] Invoked command in '/cc_ws/tros_ws/build/hobot_stereonet_utils' returned '0': CMAKE_PREFIX_PATH=/opt/ros/humble /usr/bin/cmake /cc_ws/tros_ws/src/box/hobot_perception/hobot_stereonet_utils -DCMAKE_EXPORT_COMPILE_COMMANDS=ON --no-warn-unused-cli -DCMAKE_TOOLCHAIN_FILE=/cc_ws/tros_ws/robot_dev_config/aarch64_toolchainfile.cmake -DPLATFORM_X5=ON -DTHIRDPARTY=ON -DBUILD_TESTING=OFF -DCMAKE_BUILD_RPATH=/cc_ws/tros_ws/build/poco_vendor/poco_external_project_install/lib/;/cc_ws/tros_ws/build/libyaml_vendor/libyaml_install/lib/ -DCMAKE_INSTALL_PREFIX=/cc_ws/tros_ws/install
[82.110s] Invoking command in '/cc_ws/tros_ws/build/hobot_stereonet_utils': CMAKE_PREFIX_PATH=/opt/ros/humble /usr/bin/cmake --build /cc_ws/tros_ws/build/hobot_stereonet_utils -- -j12 -l12
[82.223s] [ 16%] [32mBuilding CXX object CMakeFiles/save_stereo_img.dir/src/save_stereo_img.cpp.o[0m
[120.133s] [ 33%] [32m[1mLinking CXX executable save_stereo_img[0m
[122.075s] [ 33%] Built target save_stereo_img
[122.110s] [ 50%] [32mBuilding CXX object CMakeFiles/pub_rectify_img.dir/src/pub_rectify_img.cpp.o[0m
[134.443s] [01m[K/cc_ws/tros_ws/src/box/hobot_perception/hobot_stereonet_utils/src/pub_rectify_img.cpp:[m[K In member function ‘[01m[Kvoid PubRectifyImgsNode::bgr24_to_nv12_neon(uint8_t*, uint8_t*, int, int)[m[K’:
[134.443s] [01m[K/cc_ws/tros_ws/src/box/hobot_perception/hobot_stereonet_utils/src/pub_rectify_img.cpp:210:48:[m[K [01;35m[Kwarning: [m[Koverflow in conversion from ‘[01m[Kint[m[K’ to ‘[01m[Kint8_t[m[K’ {aka ‘[01m[Ksigned char[m[K’} changes value from ‘[01m[K128[m[K’ to ‘[01m[K-128[m[K’ [[01;35m[K-Woverflow[m[K]
[134.444s]   210 |         const int8x8_t s8_rounding = vdup_n_s8([01;35m[K128[m[K);
[134.444s]       |                                                [01;35m[K^~~[m[K
[134.452s] [01m[K/cc_ws/tros_ws/src/box/hobot_perception/hobot_stereonet_utils/src/pub_rectify_img.cpp:[m[K In member function ‘[01m[Kvoid PubRectifyImgsNode::nv12_to_bgr24_neon(uint8_t*, uint8_t*, int, int)[m[K’:
[134.452s] [01m[K/cc_ws/tros_ws/src/box/hobot_perception/hobot_stereonet_utils/src/pub_rectify_img.cpp:304:19:[m[K [01;35m[Kwarning: [m[Kunused variable ‘[01m[K_vu64[m[K’ [[01;35m[K-Wunused-variable[m[K]
[134.453s]   304 |         uint8x8_t [01;35m[K_vu64[m[K = vdup_n_u8(64);
[134.453s]       |                   [01;35m[K^~~~~[m[K
[155.742s] [ 66%] [32m[1mLinking CXX executable pub_rectify_img[0m
[156.710s] [ 66%] Built target pub_rectify_img
[156.744s] [ 83%] [32mBuilding CXX object CMakeFiles/save_depth_img.dir/src/save_depth_img.cpp.o[0m
[191.782s] [100%] [32m[1mLinking CXX executable save_depth_img[0m
[193.544s] [100%] Built target save_depth_img
[193.581s] Invoked command in '/cc_ws/tros_ws/build/hobot_stereonet_utils' returned '0': CMAKE_PREFIX_PATH=/opt/ros/humble /usr/bin/cmake --build /cc_ws/tros_ws/build/hobot_stereonet_utils -- -j12 -l12
[193.804s] Invoking command in '/cc_ws/tros_ws/build/hobot_stereonet_utils': CMAKE_PREFIX_PATH=/opt/ros/humble /usr/bin/cmake --install /cc_ws/tros_ws/build/hobot_stereonet_utils
[244.799s] -- Install configuration: ""
[244.799s] -- Installing: /cc_ws/tros_ws/install/lib/hobot_stereonet_utils/save_stereo_img
[244.800s] -- Set runtime path of "/cc_ws/tros_ws/install/lib/hobot_stereonet_utils/save_stereo_img" to ""
[244.800s] -- Installing: /cc_ws/tros_ws/install/lib/hobot_stereonet_utils/save_depth_img
[244.800s] -- Set runtime path of "/cc_ws/tros_ws/install/lib/hobot_stereonet_utils/save_depth_img" to ""
[244.802s] -- Installing: /cc_ws/tros_ws/install/lib/hobot_stereonet_utils/pub_rectify_img
[244.803s] -- Set runtime path of "/cc_ws/tros_ws/install/lib/hobot_stereonet_utils/pub_rectify_img" to ""
[244.803s] -- Installing: /cc_ws/tros_ws/install/share/hobot_stereonet_utils/launch
[244.803s] -- Installing: /cc_ws/tros_ws/install/share/hobot_stereonet_utils/launch/test_rectify_mipi_cam.launch.py
[244.805s] -- Installing: /cc_ws/tros_ws/install/share/hobot_stereonet_utils/launch/test_mipi_cam.launch.py
[244.805s] -- Installing: /cc_ws/tros_ws/install/share/hobot_stereonet_utils/launch/test_rectify_mipi_cam_1280_960.launch.py
[244.805s] -- Installing: /cc_ws/tros_ws/install/share/hobot_stereonet_utils/config
[244.805s] -- Installing: /cc_ws/tros_ws/install/share/hobot_stereonet_utils/config/stereo_8_1_zzk.yaml
[244.806s] -- Installing: /cc_ws/tros_ws/install/share/ament_index/resource_index/package_run_dependencies/hobot_stereonet_utils
[244.806s] -- Installing: /cc_ws/tros_ws/install/share/ament_index/resource_index/parent_prefix_path/hobot_stereonet_utils
[244.806s] -- Installing: /cc_ws/tros_ws/install/share/hobot_stereonet_utils/environment/ament_prefix_path.sh
[244.806s] -- Installing: /cc_ws/tros_ws/install/share/hobot_stereonet_utils/environment/ament_prefix_path.dsv
[244.807s] -- Installing: /cc_ws/tros_ws/install/share/hobot_stereonet_utils/environment/path.sh
[244.807s] -- Installing: /cc_ws/tros_ws/install/share/hobot_stereonet_utils/environment/path.dsv
[244.807s] -- Installing: /cc_ws/tros_ws/install/share/hobot_stereonet_utils/local_setup.bash
[244.807s] -- Installing: /cc_ws/tros_ws/install/share/hobot_stereonet_utils/local_setup.sh
[244.807s] -- Installing: /cc_ws/tros_ws/install/share/hobot_stereonet_utils/local_setup.zsh
[244.808s] -- Installing: /cc_ws/tros_ws/install/share/hobot_stereonet_utils/local_setup.dsv
[244.808s] -- Installing: /cc_ws/tros_ws/install/share/hobot_stereonet_utils/package.dsv
[244.808s] -- Installing: /cc_ws/tros_ws/install/share/ament_index/resource_index/packages/hobot_stereonet_utils
[244.808s] -- Installing: /cc_ws/tros_ws/install/share/hobot_stereonet_utils/cmake/hobot_stereonet_utilsConfig.cmake
[244.809s] -- Installing: /cc_ws/tros_ws/install/share/hobot_stereonet_utils/cmake/hobot_stereonet_utilsConfig-version.cmake
[244.809s] -- Installing: /cc_ws/tros_ws/install/share/hobot_stereonet_utils/package.xml
[244.880s] Invoked command in '/cc_ws/tros_ws/build/hobot_stereonet_utils' returned '0': CMAKE_PREFIX_PATH=/opt/ros/humble /usr/bin/cmake --install /cc_ws/tros_ws/build/hobot_stereonet_utils
