[0.013s] Invoking command in '/cc_ws/tros_ws/build/hobot_stereonet': CMAKE_PREFIX_PATH=/opt/ros/humble HISTTIMEFORMAT=%F %T /usr/bin/cmake /cc_ws/tros_ws/src/box/hobot_perception/hobot_stereonet -DCMAKE_EXPORT_COMPILE_COMMANDS=ON --no-warn-unused-cli -DCMAKE_TOOLCHAIN_FILE=/cc_ws/tros_ws/robot_dev_config/aarch64_toolchainfile.cmake -DPLATFORM_X5=ON -DTHIRDPARTY=ON -DBUILD_TESTING=OFF -DCMAKE_BUILD_RPATH=/cc_ws/tros_ws/build/poco_vendor/poco_external_project_install/lib/;/cc_ws/tros_ws/build/libyaml_vendor/libyaml_install/lib/ -DCMAKE_INSTALL_PREFIX=/cc_ws/tros_ws/install
[0.035s] Not searching for unused variables given on the command line.
[0.062s] -- Found rclcpp: 16.0.8 (/opt/ros/humble/share/rclcpp/cmake)
[0.211s] [33mCMake Warning (dev) at /opt/ros/humble/share/ament_cmake_test/cmake/ament_cmake_test-extras.cmake:19 (option):
[0.211s]   Policy CMP0077 is not set: option() honors normal variables.  Run "cmake
[0.211s]   --help-policy CMP0077" for policy details.  Use the cmake_policy command to
[0.211s]   set the policy and suppress this warning.
[0.211s] 
[0.211s]   For compatibility with older versions of CMake, option is clearing the
[0.211s]   normal variable 'BUILD_TESTING'.
[0.211s] Call Stack (most recent call first):
[0.212s]   /opt/ros/humble/share/ament_cmake_test/cmake/ament_cmake_testConfig.cmake:41 (include)
[0.212s]   /opt/ros/humble/share/ament_cmake/cmake/ament_cmake_export_dependencies-extras.cmake:21 (find_package)
[0.212s]   /opt/ros/humble/share/ament_cmake/cmake/ament_cmakeConfig.cmake:41 (include)
[0.212s]   /opt/ros/humble/share/rcutils/cmake/ament_cmake_export_dependencies-extras.cmake:21 (find_package)
[0.212s]   /opt/ros/humble/share/rcutils/cmake/rcutilsConfig.cmake:41 (include)
[0.212s]   /opt/ros/humble/share/rosidl_runtime_c/cmake/ament_cmake_export_dependencies-extras.cmake:21 (find_package)
[0.212s]   /opt/ros/humble/share/rosidl_runtime_c/cmake/rosidl_runtime_cConfig.cmake:41 (include)
[0.212s]   /opt/ros/humble/share/builtin_interfaces/cmake/ament_cmake_export_dependencies-extras.cmake:21 (find_package)
[0.212s]   /opt/ros/humble/share/builtin_interfaces/cmake/builtin_interfacesConfig.cmake:41 (include)
[0.212s]   /opt/ros/humble/share/libstatistics_collector/cmake/ament_cmake_export_dependencies-extras.cmake:21 (find_package)
[0.212s]   /opt/ros/humble/share/libstatistics_collector/cmake/libstatistics_collectorConfig.cmake:41 (include)
[0.212s]   /opt/ros/humble/share/rclcpp/cmake/ament_cmake_export_dependencies-extras.cmake:21 (find_package)
[0.212s]   /opt/ros/humble/share/rclcpp/cmake/rclcppConfig.cmake:41 (include)
[0.212s]   CMakeLists.txt:16 (find_package)
[0.212s] This warning is for project developers.  Use -Wno-dev to suppress it.
[0.212s] [0m
[0.242s] -- Found rosidl_generator_c: 3.1.5 (/opt/ros/humble/share/rosidl_generator_c/cmake)
[0.247s] -- Found rosidl_adapter: 3.1.5 (/opt/ros/humble/share/rosidl_adapter/cmake)
[0.259s] -- Found rosidl_generator_cpp: 3.1.5 (/opt/ros/humble/share/rosidl_generator_cpp/cmake)
[0.282s] -- Using all available rosidl_typesupport_c: rosidl_typesupport_fastrtps_c;rosidl_typesupport_introspection_c
[0.302s] -- Using all available rosidl_typesupport_cpp: rosidl_typesupport_fastrtps_cpp;rosidl_typesupport_introspection_cpp
[0.374s] -- Found rmw_implementation_cmake: 6.1.1 (/opt/ros/humble/share/rmw_implementation_cmake/cmake)
[0.377s] -- Found rmw_fastrtps_cpp: 6.2.6 (/opt/ros/humble/share/rmw_fastrtps_cpp/cmake)
[0.486s] -- Using RMW implementation 'rmw_fastrtps_cpp' as default
[0.657s] -- Found rclcpp_components: 16.0.8 (/opt/ros/humble/share/rclcpp_components/cmake)
[0.722s] -- Found sensor_msgs: 4.2.3 (/opt/ros/humble/share/sensor_msgs/cmake)
[0.854s] -- Found cv_bridge: 3.2.1 (/opt/ros/humble/share/cv_bridge/cmake)
[0.862s] -- Found message_filters: 4.3.3 (/opt/ros/humble/share/message_filters/cmake)
[0.869s] -- Found tf2_ros: 0.25.6 (/opt/ros/humble/share/tf2_ros/cmake)
[1.139s] [0mPREFIX_PATH is [0m
[1.139s] [0mSYS_ROOT is /cc_ws/tros_ws/robot_dev_config/../../sysroot_docker[0m
[1.139s] -- Preferred ROS distribution: humble
[1.139s] [0mhobot_stereonet build platform X5[0m
[1.301s] -- Configuring done
[1.810s] -- Generating done
[1.813s] -- Build files have been written to: /cc_ws/tros_ws/build/hobot_stereonet
[1.824s] Invoked command in '/cc_ws/tros_ws/build/hobot_stereonet' returned '0': CMAKE_PREFIX_PATH=/opt/ros/humble HISTTIMEFORMAT=%F %T /usr/bin/cmake /cc_ws/tros_ws/src/box/hobot_perception/hobot_stereonet -DCMAKE_EXPORT_COMPILE_COMMANDS=ON --no-warn-unused-cli -DCMAKE_TOOLCHAIN_FILE=/cc_ws/tros_ws/robot_dev_config/aarch64_toolchainfile.cmake -DPLATFORM_X5=ON -DTHIRDPARTY=ON -DBUILD_TESTING=OFF -DCMAKE_BUILD_RPATH=/cc_ws/tros_ws/build/poco_vendor/poco_external_project_install/lib/;/cc_ws/tros_ws/build/libyaml_vendor/libyaml_install/lib/ -DCMAKE_INSTALL_PREFIX=/cc_ws/tros_ws/install
[1.826s] Invoking command in '/cc_ws/tros_ws/build/hobot_stereonet': CMAKE_PREFIX_PATH=/opt/ros/humble HISTTIMEFORMAT=%F %T /usr/bin/cmake --build /cc_ws/tros_ws/build/hobot_stereonet -- -j12 -l12
[1.871s] [35m[1mConsolidate compiler generated dependencies of target stereonet_model_component_node[0m
[1.879s] [35m[1mConsolidate compiler generated dependencies of target stereonet_model_sub_node[0m
[1.883s] [35m[1mConsolidate compiler generated dependencies of target stereonet_model[0m
[1.884s] [35m[1mConsolidate compiler generated dependencies of target stereonet_model_intra_sub_node[0m
[1.892s] [35m[1mConsolidate compiler generated dependencies of target stereonet_model_node[0m
[1.897s] [35m[1mConsolidate compiler generated dependencies of target data_collection[0m
[1.914s] [35m[1mConsolidate compiler generated dependencies of target stereonet_model_intra_sub[0m
[1.946s] [ 10%] Built target stereonet_model_component_node
[1.946s] [ 20%] Built target stereonet_model_intra_sub_node
[1.950s] [ 30%] Built target data_collection
[1.950s] [ 40%] Built target stereonet_model_intra_sub
[1.950s] [ 55%] Built target stereonet_model_sub_node
[1.953s] [ 65%] [32mBuilding CXX object CMakeFiles/stereonet_model_node.dir/src/stereonet_component.cpp.o[0m
[1.954s] [ 65%] [32mBuilding CXX object CMakeFiles/stereonet_model_node.dir/src/node.cpp.o[0m
[1.954s] [ 70%] [32mBuilding CXX object CMakeFiles/stereonet_model.dir/src/stereonet_component.cpp.o[0m
[10.477s] In file included from [01m[K/opt/ros/humble/include/rclcpp/rclcpp/qos_event.hpp:29[m[K,
[10.477s]                  from [01m[K/opt/ros/humble/include/rclcpp/rclcpp/publisher_options.hpp:29[m[K,
[10.477s]                  from [01m[K/opt/ros/humble/include/rclcpp/rclcpp/node_options.hpp:26[m[K,
[10.477s]                  from [01m[K/opt/ros/humble/include/rclcpp_components/rclcpp_components/node_factory.hpp:18[m[K,
[10.477s]                  from [01m[K/opt/ros/humble/include/rclcpp_components/rclcpp_components/node_factory_template.hpp:21[m[K,
[10.477s]                  from [01m[K/opt/ros/humble/include/rclcpp_components/rclcpp_components/register_node_macro.hpp:19[m[K,
[10.477s]                  from [01m[K/cc_ws/tros_ws/src/box/hobot_perception/hobot_stereonet/src/stereonet_component.cpp:16[m[K:
[10.477s] [01m[K/cc_ws/tros_ws/src/box/hobot_perception/hobot_stereonet/include/pcl_filter.h:[m[K In static member function ‘[01m[Kstatic void pcl_filter::applyfilter(sensor_msgs::msg::PointCloud2&, float, int, float)[m[K’:
[10.477s] [01m[K/cc_ws/tros_ws/src/box/hobot_perception/hobot_stereonet/include/pcl_filter.h:37:42:[m[K [01;35m[Kwarning: [m[Kformat ‘[01m[K%d[m[K’ expects argument of type ‘[01m[Kint[m[K’, but argument 5 has type ‘[01m[Kstd::size_t[m[K’ {aka ‘[01m[Klong unsigned int[m[K’} [[01;35m[K-Wformat=[m[K]
[10.477s]    37 |     RCLCPP_DEBUG(rclcpp::get_logger(""), [01;35m[K"origin pcd size: %d"[m[K, [32m[Kcloud->size()[m[K);
[10.478s]       |                                          [01;35m[K^~~~~~~~~~~~~~~~~~~~~[m[K  [32m[K~~~~~~~~~~~~~[m[K
[10.478s]       |                                                                            [32m[K|[m[K
[10.478s]       |                                                                            [32m[Kstd::size_t {aka long unsigned int}[m[K
[10.478s] In file included from [01m[K/cc_ws/tros_ws/src/box/hobot_perception/hobot_stereonet/src/stereonet_component.cpp:18[m[K:
[10.478s] [01m[K/cc_ws/tros_ws/src/box/hobot_perception/hobot_stereonet/include/pcl_filter.h:37:61:[m[K [01;36m[Knote: [m[Kformat string is defined here
[10.478s]    37 |     RCLCPP_DEBUG(rclcpp::get_logger(""), "origin pcd size: [01;36m[K%d[m[K", cloud->size());
[10.478s]       |                                                            [01;36m[K~^[m[K
[10.478s]       |                                                             [01;36m[K|[m[K
[10.478s]       |                                                             [01;36m[Kint[m[K
[10.478s]       |                                                            [32m[K%ld[m[K
[10.481s] In file included from [01m[K/opt/ros/humble/include/rclcpp/rclcpp/qos_event.hpp:29[m[K,
[10.481s]                  from [01m[K/opt/ros/humble/include/rclcpp/rclcpp/publisher_options.hpp:29[m[K,
[10.481s]                  from [01m[K/opt/ros/humble/include/rclcpp/rclcpp/node_options.hpp:26[m[K,
[10.481s]                  from [01m[K/opt/ros/humble/include/rclcpp_components/rclcpp_components/node_factory.hpp:18[m[K,
[10.481s]                  from [01m[K/opt/ros/humble/include/rclcpp_components/rclcpp_components/node_factory_template.hpp:21[m[K,
[10.481s]                  from [01m[K/opt/ros/humble/include/rclcpp_components/rclcpp_components/register_node_macro.hpp:19[m[K,
[10.481s]                  from [01m[K/cc_ws/tros_ws/src/box/hobot_perception/hobot_stereonet/src/stereonet_component.cpp:16[m[K:
[10.481s] [01m[K/cc_ws/tros_ws/src/box/hobot_perception/hobot_stereonet/include/pcl_filter.h:43:42:[m[K [01;35m[Kwarning: [m[Kformat ‘[01m[K%d[m[K’ expects argument of type ‘[01m[Kint[m[K’, but argument 5 has type ‘[01m[Kstd::size_t[m[K’ {aka ‘[01m[Klong unsigned int[m[K’} [[01;35m[K-Wformat=[m[K]
[10.482s]    43 |     RCLCPP_DEBUG(rclcpp::get_logger(""), [01;35m[K"after voxel, pcd size: %d"[m[K, [32m[Kcloud_filtered->size()[m[K);
[10.482s]       |                                          [01;35m[K^~~~~~~~~~~~~~~~~~~~~~~~~~~[m[K  [32m[K~~~~~~~~~~~~~~~~~~~~~~[m[K
[10.482s]       |                                                                                           [32m[K|[m[K
[10.482s]       |                                                                                           [32m[Kstd::size_t {aka long unsigned int}[m[K
[10.482s] In file included from [01m[K/cc_ws/tros_ws/src/box/hobot_perception/hobot_stereonet/src/stereonet_component.cpp:18[m[K:
[10.482s] [01m[K/cc_ws/tros_ws/src/box/hobot_perception/hobot_stereonet/include/pcl_filter.h:43:67:[m[K [01;36m[Knote: [m[Kformat string is defined here
[10.482s]    43 |     RCLCPP_DEBUG(rclcpp::get_logger(""), "after voxel, pcd size: [01;36m[K%d[m[K", cloud_filtered->size());
[10.482s]       |                                                                  [01;36m[K~^[m[K
[10.482s]       |                                                                   [01;36m[K|[m[K
[10.482s]       |                                                                   [01;36m[Kint[m[K
[10.482s]       |                                                                  [32m[K%ld[m[K
[10.483s] In file included from [01m[K/opt/ros/humble/include/rclcpp/rclcpp/qos_event.hpp:29[m[K,
[10.483s]                  from [01m[K/opt/ros/humble/include/rclcpp/rclcpp/publisher_options.hpp:29[m[K,
[10.483s]                  from [01m[K/opt/ros/humble/include/rclcpp/rclcpp/node_options.hpp:26[m[K,
[10.483s]                  from [01m[K/opt/ros/humble/include/rclcpp_components/rclcpp_components/node_factory.hpp:18[m[K,
[10.483s]                  from [01m[K/opt/ros/humble/include/rclcpp_components/rclcpp_components/node_factory_template.hpp:21[m[K,
[10.483s]                  from [01m[K/opt/ros/humble/include/rclcpp_components/rclcpp_components/register_node_macro.hpp:19[m[K,
[10.483s]                  from [01m[K/cc_ws/tros_ws/src/box/hobot_perception/hobot_stereonet/src/stereonet_component.cpp:16[m[K:
[10.483s] [01m[K/cc_ws/tros_ws/src/box/hobot_perception/hobot_stereonet/include/pcl_filter.h:50:42:[m[K [01;35m[Kwarning: [m[Kformat ‘[01m[K%d[m[K’ expects argument of type ‘[01m[Kint[m[K’, but argument 5 has type ‘[01m[Kstd::size_t[m[K’ {aka ‘[01m[Klong unsigned int[m[K’} [[01;35m[K-Wformat=[m[K]
[10.483s]    50 |     RCLCPP_DEBUG(rclcpp::get_logger(""), [01;35m[K"after StatisticalOutlierRemoval, pcd size: %d"[m[K, [32m[Kcloud_filtered->size()[m[K);
[10.483s]       |                                          [01;35m[K^~~~~~~~~~~~~~~~~~~~~~~~~~~~~~~~~~~~~~~~~~~~~~~[m[K  [32m[K~~~~~~~~~~~~~~~~~~~~~~[m[K
[10.483s]       |                                                                                                               [32m[K|[m[K
[10.483s]       |                                                                                                               [32m[Kstd::size_t {aka long unsigned int}[m[K
[10.484s] In file included from [01m[K/cc_ws/tros_ws/src/box/hobot_perception/hobot_stereonet/src/stereonet_component.cpp:18[m[K:
[10.484s] [01m[K/cc_ws/tros_ws/src/box/hobot_perception/hobot_stereonet/include/pcl_filter.h:50:87:[m[K [01;36m[Knote: [m[Kformat string is defined here
[10.484s]    50 |     RCLCPP_DEBUG(rclcpp::get_logger(""), "after StatisticalOutlierRemoval, pcd size: [01;36m[K%d[m[K", cloud_filtered->size());
[10.484s]       |                                                                                      [01;36m[K~^[m[K
[10.484s]       |                                                                                       [01;36m[K|[m[K
[10.484s]       |                                                                                       [01;36m[Kint[m[K
[10.484s]       |                                                                                      [32m[K%ld[m[K
[10.485s] In file included from [01m[K/opt/ros/humble/include/rclcpp/rclcpp/qos_event.hpp:29[m[K,
[10.485s]                  from [01m[K/opt/ros/humble/include/rclcpp/rclcpp/publisher_options.hpp:29[m[K,
[10.485s]                  from [01m[K/opt/ros/humble/include/rclcpp/rclcpp/node_options.hpp:26[m[K,
[10.485s]                  from [01m[K/opt/ros/humble/include/rclcpp_components/rclcpp_components/node_factory.hpp:18[m[K,
[10.485s]                  from [01m[K/opt/ros/humble/include/rclcpp_components/rclcpp_components/node_factory_template.hpp:21[m[K,
[10.485s]                  from [01m[K/opt/ros/humble/include/rclcpp_components/rclcpp_components/register_node_macro.hpp:19[m[K,
[10.485s]                  from [01m[K/cc_ws/tros_ws/src/box/hobot_perception/hobot_stereonet/src/stereonet_component.cpp:16[m[K:
[10.485s] [01m[K/cc_ws/tros_ws/src/box/hobot_perception/hobot_stereonet/include/pcl_filter.h:82:18:[m[K [01;35m[Kwarning: [m[Kformat ‘[01m[K%d[m[K’ expects argument of type ‘[01m[Kint[m[K’, but argument 5 has type ‘[01m[Klong int[m[K’ [[01;35m[K-Wformat=[m[K]
[10.485s]    82 |                  [01;35m[K"ROS to PCL: %dms, "[m[K
[10.485s]       |                  [01;35m[K^~~~~~~~~~~~~~~~~~~~[m[K
[10.485s]    83 | [01;35m[K                 "PCL filter: %dms,, "[m[K
[10.485s]       |                  [01;35m[K~~~~~~~~~~~~~~~~~~~~~[m[K
[10.485s]    84 | [01;35m[K                 "PCL to ROS: %dms"[m[K, [32m[Kd1[m[K, d2, d3);
[10.485s]       |                  [01;35m[K~~~~~~~~~~~~~~~~~~[m[K  [32m[K~~[m[K
[10.485s]       |                                      [32m[K|[m[K
[10.485s]       |                                      [32m[Klong int[m[K
[10.486s] In file included from [01m[K/cc_ws/tros_ws/src/box/hobot_perception/hobot_stereonet/src/stereonet_component.cpp:18[m[K:
[10.486s] [01m[K/cc_ws/tros_ws/src/box/hobot_perception/hobot_stereonet/include/pcl_filter.h:82:32:[m[K [01;36m[Knote: [m[Kformat string is defined here
[10.486s]    82 |                  "ROS to PCL: [01;36m[K%d[m[Kms, "
[10.486s]       |                               [01;36m[K~^[m[K
[10.486s]       |                                [01;36m[K|[m[K
[10.486s]       |                                [01;36m[Kint[m[K
[10.486s]       |                               [32m[K%ld[m[K
[10.486s] In file included from [01m[K/opt/ros/humble/include/rclcpp/rclcpp/qos_event.hpp:29[m[K,
[10.486s]                  from [01m[K/opt/ros/humble/include/rclcpp/rclcpp/publisher_options.hpp:29[m[K,
[10.486s]                  from [01m[K/opt/ros/humble/include/rclcpp/rclcpp/node_options.hpp:26[m[K,
[10.486s]                  from [01m[K/opt/ros/humble/include/rclcpp_components/rclcpp_components/node_factory.hpp:18[m[K,
[10.486s]                  from [01m[K/opt/ros/humble/include/rclcpp_components/rclcpp_components/node_factory_template.hpp:21[m[K,
[10.486s]                  from [01m[K/opt/ros/humble/include/rclcpp_components/rclcpp_components/register_node_macro.hpp:19[m[K,
[10.486s]                  from [01m[K/cc_ws/tros_ws/src/box/hobot_perception/hobot_stereonet/src/stereonet_component.cpp:16[m[K:
[10.486s] [01m[K/cc_ws/tros_ws/src/box/hobot_perception/hobot_stereonet/include/pcl_filter.h:82:18:[m[K [01;35m[Kwarning: [m[Kformat ‘[01m[K%d[m[K’ expects argument of type ‘[01m[Kint[m[K’, but argument 6 has type ‘[01m[Klong int[m[K’ [[01;35m[K-Wformat=[m[K]
[10.486s]    82 |                  [01;35m[K"ROS to PCL: %dms, "[m[K
[10.486s]       |                  [01;35m[K^~~~~~~~~~~~~~~~~~~~[m[K
[10.487s]    83 | [01;35m[K                 "PCL filter: %dms,, "[m[K
[10.487s]       |                  [01;35m[K~~~~~~~~~~~~~~~~~~~~~[m[K
[10.487s]    84 | [01;35m[K                 "PCL to ROS: %dms"[m[K, d1, [32m[Kd2[m[K, d3);
[10.487s]       |                  [01;35m[K~~~~~~~~~~~~~~~~~~[m[K      [32m[K~~[m[K
[10.487s]       |                                          [32m[K|[m[K
[10.487s]       |                                          [32m[Klong int[m[K
[10.487s] In file included from [01m[K/cc_ws/tros_ws/src/box/hobot_perception/hobot_stereonet/src/stereonet_component.cpp:18[m[K:
[10.487s] [01m[K/cc_ws/tros_ws/src/box/hobot_perception/hobot_stereonet/include/pcl_filter.h:83:32:[m[K [01;36m[Knote: [m[Kformat string is defined here
[10.487s]    83 |                  "PCL filter: [01;36m[K%d[m[Kms,, "
[10.487s]       |                               [01;36m[K~^[m[K
[10.487s]       |                                [01;36m[K|[m[K
[10.487s]       |                                [01;36m[Kint[m[K
[10.487s]       |                               [32m[K%ld[m[K
[10.487s] In file included from [01m[K/opt/ros/humble/include/rclcpp/rclcpp/qos_event.hpp:29[m[K,
[10.487s]                  from [01m[K/opt/ros/humble/include/rclcpp/rclcpp/publisher_options.hpp:29[m[K,
[10.487s]                  from [01m[K/opt/ros/humble/include/rclcpp/rclcpp/node_options.hpp:26[m[K,
[10.487s]                  from [01m[K/opt/ros/humble/include/rclcpp_components/rclcpp_components/node_factory.hpp:18[m[K,
[10.488s]                  from [01m[K/opt/ros/humble/include/rclcpp_components/rclcpp_components/node_factory_template.hpp:21[m[K,
[10.488s]                  from [01m[K/opt/ros/humble/include/rclcpp_components/rclcpp_components/register_node_macro.hpp:19[m[K,
[10.488s]                  from [01m[K/cc_ws/tros_ws/src/box/hobot_perception/hobot_stereonet/src/stereonet_component.cpp:16[m[K:
[10.488s] [01m[K/cc_ws/tros_ws/src/box/hobot_perception/hobot_stereonet/include/pcl_filter.h:82:18:[m[K [01;35m[Kwarning: [m[Kformat ‘[01m[K%d[m[K’ expects argument of type ‘[01m[Kint[m[K’, but argument 7 has type ‘[01m[Klong int[m[K’ [[01;35m[K-Wformat=[m[K]
[10.488s]    82 |                  [01;35m[K"ROS to PCL: %dms, "[m[K
[10.488s]       |                  [01;35m[K^~~~~~~~~~~~~~~~~~~~[m[K
[10.488s]    83 | [01;35m[K                 "PCL filter: %dms,, "[m[K
[10.488s]       |                  [01;35m[K~~~~~~~~~~~~~~~~~~~~~[m[K
[10.488s]    84 | [01;35m[K                 "PCL to ROS: %dms"[m[K, d1, d2, [32m[Kd3[m[K);
[10.488s]       |                  [01;35m[K~~~~~~~~~~~~~~~~~~[m[K          [32m[K~~[m[K
[10.488s]       |                                              [32m[K|[m[K
[10.488s]       |                                              [32m[Klong int[m[K
[10.488s] In file included from [01m[K/cc_ws/tros_ws/src/box/hobot_perception/hobot_stereonet/src/stereonet_component.cpp:18[m[K:
[10.488s] [01m[K/cc_ws/tros_ws/src/box/hobot_perception/hobot_stereonet/include/pcl_filter.h:84:32:[m[K [01;36m[Knote: [m[Kformat string is defined here
[10.488s]    84 |                  "PCL to ROS: [01;36m[K%d[m[Kms", d1, d2, d3);
[10.488s]       |                               [01;36m[K~^[m[K
[10.488s]       |                                [01;36m[K|[m[K
[10.489s]       |                                [01;36m[Kint[m[K
[10.489s]       |                               [32m[K%ld[m[K
[10.501s] In file included from [01m[K/opt/ros/humble/include/rclcpp/rclcpp/qos_event.hpp:29[m[K,
[10.501s]                  from [01m[K/opt/ros/humble/include/rclcpp/rclcpp/publisher_options.hpp:29[m[K,
[10.501s]                  from [01m[K/opt/ros/humble/include/rclcpp/rclcpp/node_options.hpp:26[m[K,
[10.501s]                  from [01m[K/opt/ros/humble/include/rclcpp_components/rclcpp_components/node_factory.hpp:18[m[K,
[10.501s]                  from [01m[K/opt/ros/humble/include/rclcpp_components/rclcpp_components/node_factory_template.hpp:21[m[K,
[10.501s]                  from [01m[K/opt/ros/humble/include/rclcpp_components/rclcpp_components/register_node_macro.hpp:19[m[K,
[10.501s]                  from [01m[K/cc_ws/tros_ws/src/box/hobot_perception/hobot_stereonet/src/stereonet_component.cpp:16[m[K:
[10.501s] [01m[K/cc_ws/tros_ws/src/box/hobot_perception/hobot_stereonet/include/pcl_filter.h:[m[K In static member function ‘[01m[Kstatic void pcl_filter::applyfilter(sensor_msgs::msg::PointCloud2&, float, int, float)[m[K’:
[10.501s] [01m[K/cc_ws/tros_ws/src/box/hobot_perception/hobot_stereonet/include/pcl_filter.h:37:42:[m[K [01;35m[Kwarning: [m[Kformat ‘[01m[K%d[m[K’ expects argument of type ‘[01m[Kint[m[K’, but argument 5 has type ‘[01m[Kstd::size_t[m[K’ {aka ‘[01m[Klong unsigned int[m[K’} [[01;35m[K-Wformat=[m[K]
[10.501s]    37 |     RCLCPP_DEBUG(rclcpp::get_logger(""), [01;35m[K"origin pcd size: %d"[m[K, [32m[Kcloud->size()[m[K);
[10.501s]       |                                          [01;35m[K^~~~~~~~~~~~~~~~~~~~~[m[K  [32m[K~~~~~~~~~~~~~[m[K
[10.501s]       |                                                                            [32m[K|[m[K
[10.502s]       |                                                                            [32m[Kstd::size_t {aka long unsigned int}[m[K
[10.502s] In file included from [01m[K/cc_ws/tros_ws/src/box/hobot_perception/hobot_stereonet/src/stereonet_component.cpp:18[m[K:
[10.502s] [01m[K/cc_ws/tros_ws/src/box/hobot_perception/hobot_stereonet/include/pcl_filter.h:37:61:[m[K [01;36m[Knote: [m[Kformat string is defined here
[10.502s]    37 |     RCLCPP_DEBUG(rclcpp::get_logger(""), "origin pcd size: [01;36m[K%d[m[K", cloud->size());
[10.502s]       |                                                            [01;36m[K~^[m[K
[10.502s]       |                                                             [01;36m[K|[m[K
[10.502s]       |                                                             [01;36m[Kint[m[K
[10.502s]       |                                                            [32m[K%ld[m[K
[10.503s] In file included from [01m[K/opt/ros/humble/include/rclcpp/rclcpp/qos_event.hpp:29[m[K,
[10.504s]                  from [01m[K/opt/ros/humble/include/rclcpp/rclcpp/publisher_options.hpp:29[m[K,
[10.504s]                  from [01m[K/opt/ros/humble/include/rclcpp/rclcpp/node_options.hpp:26[m[K,
[10.504s]                  from [01m[K/opt/ros/humble/include/rclcpp_components/rclcpp_components/node_factory.hpp:18[m[K,
[10.504s]                  from [01m[K/opt/ros/humble/include/rclcpp_components/rclcpp_components/node_factory_template.hpp:21[m[K,
[10.504s]                  from [01m[K/opt/ros/humble/include/rclcpp_components/rclcpp_components/register_node_macro.hpp:19[m[K,
[10.504s]                  from [01m[K/cc_ws/tros_ws/src/box/hobot_perception/hobot_stereonet/src/stereonet_component.cpp:16[m[K:
[10.504s] [01m[K/cc_ws/tros_ws/src/box/hobot_perception/hobot_stereonet/include/pcl_filter.h:43:42:[m[K [01;35m[Kwarning: [m[Kformat ‘[01m[K%d[m[K’ expects argument of type ‘[01m[Kint[m[K’, but argument 5 has type ‘[01m[Kstd::size_t[m[K’ {aka ‘[01m[Klong unsigned int[m[K’} [[01;35m[K-Wformat=[m[K]
[10.504s]    43 |     RCLCPP_DEBUG(rclcpp::get_logger(""), [01;35m[K"after voxel, pcd size: %d"[m[K, [32m[Kcloud_filtered->size()[m[K);
[10.504s]       |                                          [01;35m[K^~~~~~~~~~~~~~~~~~~~~~~~~~~[m[K  [32m[K~~~~~~~~~~~~~~~~~~~~~~[m[K
[10.504s]       |                                                                                           [32m[K|[m[K
[10.504s]       |                                                                                           [32m[Kstd::size_t {aka long unsigned int}[m[K
[10.504s] In file included from [01m[K/cc_ws/tros_ws/src/box/hobot_perception/hobot_stereonet/src/stereonet_component.cpp:18[m[K:
[10.504s] [01m[K/cc_ws/tros_ws/src/box/hobot_perception/hobot_stereonet/include/pcl_filter.h:43:67:[m[K [01;36m[Knote: [m[Kformat string is defined here
[10.504s]    43 |     RCLCPP_DEBUG(rclcpp::get_logger(""), "after voxel, pcd size: [01;36m[K%d[m[K", cloud_filtered->size());
[10.504s]       |                                                                  [01;36m[K~^[m[K
[10.505s]       |                                                                   [01;36m[K|[m[K
[10.505s]       |                                                                   [01;36m[Kint[m[K
[10.505s]       |                                                                  [32m[K%ld[m[K
[10.505s] In file included from [01m[K/opt/ros/humble/include/rclcpp/rclcpp/qos_event.hpp:29[m[K,
[10.505s]                  from [01m[K/opt/ros/humble/include/rclcpp/rclcpp/publisher_options.hpp:29[m[K,
[10.505s]                  from [01m[K/opt/ros/humble/include/rclcpp/rclcpp/node_options.hpp:26[m[K,
[10.505s]                  from [01m[K/opt/ros/humble/include/rclcpp_components/rclcpp_components/node_factory.hpp:18[m[K,
[10.505s]                  from [01m[K/opt/ros/humble/include/rclcpp_components/rclcpp_components/node_factory_template.hpp:21[m[K,
[10.505s]                  from [01m[K/opt/ros/humble/include/rclcpp_components/rclcpp_components/register_node_macro.hpp:19[m[K,
[10.505s]                  from [01m[K/cc_ws/tros_ws/src/box/hobot_perception/hobot_stereonet/src/stereonet_component.cpp:16[m[K:
[10.505s] [01m[K/cc_ws/tros_ws/src/box/hobot_perception/hobot_stereonet/include/pcl_filter.h:50:42:[m[K [01;35m[Kwarning: [m[Kformat ‘[01m[K%d[m[K’ expects argument of type ‘[01m[Kint[m[K’, but argument 5 has type ‘[01m[Kstd::size_t[m[K’ {aka ‘[01m[Klong unsigned int[m[K’} [[01;35m[K-Wformat=[m[K]
[10.505s]    50 |     RCLCPP_DEBUG(rclcpp::get_logger(""), [01;35m[K"after StatisticalOutlierRemoval, pcd size: %d"[m[K, [32m[Kcloud_filtered->size()[m[K);
[10.505s]       |                                          [01;35m[K^~~~~~~~~~~~~~~~~~~~~~~~~~~~~~~~~~~~~~~~~~~~~~~[m[K  [32m[K~~~~~~~~~~~~~~~~~~~~~~[m[K
[10.505s]       |                                                                                                               [32m[K|[m[K
[10.505s]       |                                                                                                               [32m[Kstd::size_t {aka long unsigned int}[m[K
[10.506s] In file included from [01m[K/cc_ws/tros_ws/src/box/hobot_perception/hobot_stereonet/src/stereonet_component.cpp:18[m[K:
[10.506s] [01m[K/cc_ws/tros_ws/src/box/hobot_perception/hobot_stereonet/include/pcl_filter.h:50:87:[m[K [01;36m[Knote: [m[Kformat string is defined here
[10.506s]    50 |     RCLCPP_DEBUG(rclcpp::get_logger(""), "after StatisticalOutlierRemoval, pcd size: [01;36m[K%d[m[K", cloud_filtered->size());
[10.506s]       |                                                                                      [01;36m[K~^[m[K
[10.506s]       |                                                                                       [01;36m[K|[m[K
[10.506s]       |                                                                                       [01;36m[Kint[m[K
[10.506s]       |                                                                                      [32m[K%ld[m[K
[10.506s] In file included from [01m[K/opt/ros/humble/include/rclcpp/rclcpp/qos_event.hpp:29[m[K,
[10.506s]                  from [01m[K/opt/ros/humble/include/rclcpp/rclcpp/publisher_options.hpp:29[m[K,
[10.506s]                  from [01m[K/opt/ros/humble/include/rclcpp/rclcpp/node_options.hpp:26[m[K,
[10.506s]                  from [01m[K/opt/ros/humble/include/rclcpp_components/rclcpp_components/node_factory.hpp:18[m[K,
[10.506s]                  from [01m[K/opt/ros/humble/include/rclcpp_components/rclcpp_components/node_factory_template.hpp:21[m[K,
[10.506s]                  from [01m[K/opt/ros/humble/include/rclcpp_components/rclcpp_components/register_node_macro.hpp:19[m[K,
[10.507s]                  from [01m[K/cc_ws/tros_ws/src/box/hobot_perception/hobot_stereonet/src/stereonet_component.cpp:16[m[K:
[10.507s] [01m[K/cc_ws/tros_ws/src/box/hobot_perception/hobot_stereonet/include/pcl_filter.h:82:18:[m[K [01;35m[Kwarning: [m[Kformat ‘[01m[K%d[m[K’ expects argument of type ‘[01m[Kint[m[K’, but argument 5 has type ‘[01m[Klong int[m[K’ [[01;35m[K-Wformat=[m[K]
[10.507s]    82 |                  [01;35m[K"ROS to PCL: %dms, "[m[K
[10.507s]       |                  [01;35m[K^~~~~~~~~~~~~~~~~~~~[m[K
[10.507s]    83 | [01;35m[K                 "PCL filter: %dms,, "[m[K
[10.507s]       |                  [01;35m[K~~~~~~~~~~~~~~~~~~~~~[m[K
[10.507s]    84 | [01;35m[K                 "PCL to ROS: %dms"[m[K, [32m[Kd1[m[K, d2, d3);
[10.507s]       |                  [01;35m[K~~~~~~~~~~~~~~~~~~[m[K  [32m[K~~[m[K
[10.507s]       |                                      [32m[K|[m[K
[10.507s]       |                                      [32m[Klong int[m[K
[10.507s] In file included from [01m[K/cc_ws/tros_ws/src/box/hobot_perception/hobot_stereonet/src/stereonet_component.cpp:18[m[K:
[10.507s] [01m[K/cc_ws/tros_ws/src/box/hobot_perception/hobot_stereonet/include/pcl_filter.h:82:32:[m[K [01;36m[Knote: [m[Kformat string is defined here
[10.507s]    82 |                  "ROS to PCL: [01;36m[K%d[m[Kms, "
[10.507s]       |                               [01;36m[K~^[m[K
[10.507s]       |                                [01;36m[K|[m[K
[10.507s]       |                                [01;36m[Kint[m[K
[10.507s]       |                               [32m[K%ld[m[K
[10.508s] In file included from [01m[K/opt/ros/humble/include/rclcpp/rclcpp/qos_event.hpp:29[m[K,
[10.508s]                  from [01m[K/opt/ros/humble/include/rclcpp/rclcpp/publisher_options.hpp:29[m[K,
[10.508s]                  from [01m[K/opt/ros/humble/include/rclcpp/rclcpp/node_options.hpp:26[m[K,
[10.508s]                  from [01m[K/opt/ros/humble/include/rclcpp_components/rclcpp_components/node_factory.hpp:18[m[K,
[10.508s]                  from [01m[K/opt/ros/humble/include/rclcpp_components/rclcpp_components/node_factory_template.hpp:21[m[K,
[10.508s]                  from [01m[K/opt/ros/humble/include/rclcpp_components/rclcpp_components/register_node_macro.hpp:19[m[K,
[10.508s]                  from [01m[K/cc_ws/tros_ws/src/box/hobot_perception/hobot_stereonet/src/stereonet_component.cpp:16[m[K:
[10.508s] [01m[K/cc_ws/tros_ws/src/box/hobot_perception/hobot_stereonet/include/pcl_filter.h:82:18:[m[K [01;35m[Kwarning: [m[Kformat ‘[01m[K%d[m[K’ expects argument of type ‘[01m[Kint[m[K’, but argument 6 has type ‘[01m[Klong int[m[K’ [[01;35m[K-Wformat=[m[K]
[10.508s]    82 |                  [01;35m[K"ROS to PCL: %dms, "[m[K
[10.508s]       |                  [01;35m[K^~~~~~~~~~~~~~~~~~~~[m[K
[10.508s]    83 | [01;35m[K                 "PCL filter: %dms,, "[m[K
[10.508s]       |                  [01;35m[K~~~~~~~~~~~~~~~~~~~~~[m[K
[10.508s]    84 | [01;35m[K                 "PCL to ROS: %dms"[m[K, d1, [32m[Kd2[m[K, d3);
[10.508s]       |                  [01;35m[K~~~~~~~~~~~~~~~~~~[m[K      [32m[K~~[m[K
[10.508s]       |                                          [32m[K|[m[K
[10.508s]       |                                          [32m[Klong int[m[K
[10.509s] In file included from [01m[K/cc_ws/tros_ws/src/box/hobot_perception/hobot_stereonet/src/stereonet_component.cpp:18[m[K:
[10.509s] [01m[K/cc_ws/tros_ws/src/box/hobot_perception/hobot_stereonet/include/pcl_filter.h:83:32:[m[K [01;36m[Knote: [m[Kformat string is defined here
[10.509s]    83 |                  "PCL filter: [01;36m[K%d[m[Kms,, "
[10.509s]       |                               [01;36m[K~^[m[K
[10.509s]       |                                [01;36m[K|[m[K
[10.509s]       |                                [01;36m[Kint[m[K
[10.509s]       |                               [32m[K%ld[m[K
[10.509s] In file included from [01m[K/opt/ros/humble/include/rclcpp/rclcpp/qos_event.hpp:29[m[K,
[10.509s]                  from [01m[K/opt/ros/humble/include/rclcpp/rclcpp/publisher_options.hpp:29[m[K,
[10.509s]                  from [01m[K/opt/ros/humble/include/rclcpp/rclcpp/node_options.hpp:26[m[K,
[10.509s]                  from [01m[K/opt/ros/humble/include/rclcpp_components/rclcpp_components/node_factory.hpp:18[m[K,
[10.509s]                  from [01m[K/opt/ros/humble/include/rclcpp_components/rclcpp_components/node_factory_template.hpp:21[m[K,
[10.509s]                  from [01m[K/opt/ros/humble/include/rclcpp_components/rclcpp_components/register_node_macro.hpp:19[m[K,
[10.509s]                  from [01m[K/cc_ws/tros_ws/src/box/hobot_perception/hobot_stereonet/src/stereonet_component.cpp:16[m[K:
[10.509s] [01m[K/cc_ws/tros_ws/src/box/hobot_perception/hobot_stereonet/include/pcl_filter.h:82:18:[m[K [01;35m[Kwarning: [m[Kformat ‘[01m[K%d[m[K’ expects argument of type ‘[01m[Kint[m[K’, but argument 7 has type ‘[01m[Klong int[m[K’ [[01;35m[K-Wformat=[m[K]
[10.509s]    82 |                  [01;35m[K"ROS to PCL: %dms, "[m[K
[10.509s]       |                  [01;35m[K^~~~~~~~~~~~~~~~~~~~[m[K
[10.510s]    83 | [01;35m[K                 "PCL filter: %dms,, "[m[K
[10.510s]       |                  [01;35m[K~~~~~~~~~~~~~~~~~~~~~[m[K
[10.510s]    84 | [01;35m[K                 "PCL to ROS: %dms"[m[K, d1, d2, [32m[Kd3[m[K);
[10.510s]       |                  [01;35m[K~~~~~~~~~~~~~~~~~~[m[K          [32m[K~~[m[K
[10.510s]       |                                              [32m[K|[m[K
[10.510s]       |                                              [32m[Klong int[m[K
[10.510s] In file included from [01m[K/cc_ws/tros_ws/src/box/hobot_perception/hobot_stereonet/src/stereonet_component.cpp:18[m[K:
[10.510s] [01m[K/cc_ws/tros_ws/src/box/hobot_perception/hobot_stereonet/include/pcl_filter.h:84:32:[m[K [01;36m[Knote: [m[Kformat string is defined here
[10.510s]    84 |                  "PCL to ROS: [01;36m[K%d[m[Kms", d1, d2, d3);
[10.510s]       |                               [01;36m[K~^[m[K
[10.510s]       |                                [01;36m[K|[m[K
[10.510s]       |                                [01;36m[Kint[m[K
[10.510s]       |                               [32m[K%ld[m[K
[10.578s] In file included from [01m[K/opt/ros/humble/include/rclcpp/rclcpp/qos_event.hpp:29[m[K,
[10.578s]                  from [01m[K/opt/ros/humble/include/rclcpp/rclcpp/publisher_options.hpp:29[m[K,
[10.578s]                  from [01m[K/opt/ros/humble/include/rclcpp/rclcpp/node_options.hpp:26[m[K,
[10.578s]                  from [01m[K/opt/ros/humble/include/rclcpp_components/rclcpp_components/node_factory.hpp:18[m[K,
[10.578s]                  from [01m[K/opt/ros/humble/include/rclcpp_components/rclcpp_components/node_factory_template.hpp:21[m[K,
[10.579s]                  from [01m[K/opt/ros/humble/include/rclcpp_components/rclcpp_components/register_node_macro.hpp:19[m[K,
[10.579s]                  from [01m[K/cc_ws/tros_ws/src/box/hobot_perception/hobot_stereonet/src/stereonet_component.cpp:16[m[K:
[10.579s] [01m[K/cc_ws/tros_ws/src/box/hobot_perception/hobot_stereonet/src/stereonet_component.cpp:[m[K In member function ‘[01m[Kvoid stereonet::StereoNetNode::pub_func(stereonet::StereoNetNode::pub_data_t&)[m[K’:
[10.579s] [01m[K/cc_ws/tros_ws/src/box/hobot_perception/hobot_stereonet/src/stereonet_component.cpp:1130:9:[m[K [01;35m[Kwarning: [m[Kunknown conversion type character ‘[01m[K,[m[K’ in format [[01;35m[K-Wformat=[m[K]
[10.579s]  1130 |         [01;35m[K"fps: %d, latency: %dms, cpu_usage: %d%, bpu_usage: %d%"[m[K,
[10.579s]       |         [01;35m[K^~~~~~~~~~~~~~~~~~~~~~~~~~~~~~~~~~~~~~~~~~~~~~~~~~~~~~~~[m[K
[10.579s] [01m[K/cc_ws/tros_ws/src/box/hobot_perception/hobot_stereonet/src/stereonet_component.cpp:1130:48:[m[K [01;36m[Knote: [m[Kformat string is defined here
[10.579s]  1130 |         "fps: %d, latency: %dms, cpu_usage: %d%[01;36m[K,[m[K bpu_usage: %d%",
[10.579s]       |                                                [01;36m[K^[m[K
[10.579s] In file included from [01m[K/opt/ros/humble/include/rclcpp/rclcpp/qos_event.hpp:29[m[K,
[10.579s]                  from [01m[K/opt/ros/humble/include/rclcpp/rclcpp/publisher_options.hpp:29[m[K,
[10.579s]                  from [01m[K/opt/ros/humble/include/rclcpp/rclcpp/node_options.hpp:26[m[K,
[10.579s]                  from [01m[K/opt/ros/humble/include/rclcpp_components/rclcpp_components/node_factory.hpp:18[m[K,
[10.579s]                  from [01m[K/opt/ros/humble/include/rclcpp_components/rclcpp_components/node_factory_template.hpp:21[m[K,
[10.579s]                  from [01m[K/opt/ros/humble/include/rclcpp_components/rclcpp_components/register_node_macro.hpp:19[m[K,
[10.579s]                  from [01m[K/cc_ws/tros_ws/src/box/hobot_perception/hobot_stereonet/src/stereonet_component.cpp:16[m[K:
[10.579s] [01m[K/cc_ws/tros_ws/src/box/hobot_perception/hobot_stereonet/src/stereonet_component.cpp:1130:9:[m[K [01;35m[Kwarning: [m[Kspurious trailing ‘[01m[K%[m[K’ in format [[01;35m[K-Wformat=[m[K]
[10.580s]  1130 |         [01;35m[K"fps: %d, latency: %dms, cpu_usage: %d%, bpu_usage: %d%"[m[K,
[10.580s]       |         [01;35m[K^~~~~~~~~~~~~~~~~~~~~~~~~~~~~~~~~~~~~~~~~~~~~~~~~~~~~~~~[m[K
[10.580s] [01m[K/cc_ws/tros_ws/src/box/hobot_perception/hobot_stereonet/src/stereonet_component.cpp:1130:63:[m[K [01;36m[Knote: [m[Kformat string is defined here
[10.580s]  1130 |         "fps: %d, latency: %dms, cpu_usage: %d%, bpu_usage: %d[01;36m[K%[m[K",
[10.580s]       |                                                               [01;36m[K^[m[K
[10.591s] In file included from [01m[K/opt/ros/humble/include/rclcpp/rclcpp/qos_event.hpp:29[m[K,
[10.591s]                  from [01m[K/opt/ros/humble/include/rclcpp/rclcpp/publisher_options.hpp:29[m[K,
[10.591s]                  from [01m[K/opt/ros/humble/include/rclcpp/rclcpp/node_options.hpp:26[m[K,
[10.591s]                  from [01m[K/opt/ros/humble/include/rclcpp_components/rclcpp_components/node_factory.hpp:18[m[K,
[10.591s]                  from [01m[K/opt/ros/humble/include/rclcpp_components/rclcpp_components/node_factory_template.hpp:21[m[K,
[10.591s]                  from [01m[K/opt/ros/humble/include/rclcpp_components/rclcpp_components/register_node_macro.hpp:19[m[K,
[10.591s]                  from [01m[K/cc_ws/tros_ws/src/box/hobot_perception/hobot_stereonet/src/stereonet_component.cpp:16[m[K:
[10.592s] [01m[K/cc_ws/tros_ws/src/box/hobot_perception/hobot_stereonet/src/stereonet_component.cpp:[m[K In member function ‘[01m[Kvoid stereonet::StereoNetNode::pub_func(stereonet::StereoNetNode::pub_data_t&)[m[K’:
[10.592s] [01m[K/cc_ws/tros_ws/src/box/hobot_perception/hobot_stereonet/src/stereonet_component.cpp:1130:9:[m[K [01;35m[Kwarning: [m[Kunknown conversion type character ‘[01m[K,[m[K’ in format [[01;35m[K-Wformat=[m[K]
[10.592s]  1130 |         [01;35m[K"fps: %d, latency: %dms, cpu_usage: %d%, bpu_usage: %d%"[m[K,
[10.592s]       |         [01;35m[K^~~~~~~~~~~~~~~~~~~~~~~~~~~~~~~~~~~~~~~~~~~~~~~~~~~~~~~~[m[K
[10.592s] [01m[K/cc_ws/tros_ws/src/box/hobot_perception/hobot_stereonet/src/stereonet_component.cpp:1130:48:[m[K [01;36m[Knote: [m[Kformat string is defined here
[10.592s]  1130 |         "fps: %d, latency: %dms, cpu_usage: %d%[01;36m[K,[m[K bpu_usage: %d%",
[10.592s]       |                                                [01;36m[K^[m[K
[10.592s] In file included from [01m[K/opt/ros/humble/include/rclcpp/rclcpp/qos_event.hpp:29[m[K,
[10.592s]                  from [01m[K/opt/ros/humble/include/rclcpp/rclcpp/publisher_options.hpp:29[m[K,
[10.592s]                  from [01m[K/opt/ros/humble/include/rclcpp/rclcpp/node_options.hpp:26[m[K,
[10.592s]                  from [01m[K/opt/ros/humble/include/rclcpp_components/rclcpp_components/node_factory.hpp:18[m[K,
[10.592s]                  from [01m[K/opt/ros/humble/include/rclcpp_components/rclcpp_components/node_factory_template.hpp:21[m[K,
[10.592s]                  from [01m[K/opt/ros/humble/include/rclcpp_components/rclcpp_components/register_node_macro.hpp:19[m[K,
[10.592s]                  from [01m[K/cc_ws/tros_ws/src/box/hobot_perception/hobot_stereonet/src/stereonet_component.cpp:16[m[K:
[10.592s] [01m[K/cc_ws/tros_ws/src/box/hobot_perception/hobot_stereonet/src/stereonet_component.cpp:1130:9:[m[K [01;35m[Kwarning: [m[Kspurious trailing ‘[01m[K%[m[K’ in format [[01;35m[K-Wformat=[m[K]
[10.592s]  1130 |         [01;35m[K"fps: %d, latency: %dms, cpu_usage: %d%, bpu_usage: %d%"[m[K,
[10.593s]       |         [01;35m[K^~~~~~~~~~~~~~~~~~~~~~~~~~~~~~~~~~~~~~~~~~~~~~~~~~~~~~~~[m[K
[10.593s] [01m[K/cc_ws/tros_ws/src/box/hobot_perception/hobot_stereonet/src/stereonet_component.cpp:1130:63:[m[K [01;36m[Knote: [m[Kformat string is defined here
[10.593s]  1130 |         "fps: %d, latency: %dms, cpu_usage: %d%, bpu_usage: %d[01;36m[K%[m[K",
[10.593s]       |                                                               [01;36m[K^[m[K
[18.684s] [01m[K/cc_ws/tros_ws/src/box/hobot_perception/hobot_stereonet/src/stereonet_component.cpp:[m[K In function ‘[01m[Kvoid stereonet::save_images(cv::Mat&, cv::Mat&, uint64_t, const string&)[m[K’:
[18.685s] [01m[K/cc_ws/tros_ws/src/box/hobot_perception/hobot_stereonet/src/stereonet_component.cpp:836:11:[m[K [01;35m[Kwarning: [m[Kignoring return value of ‘[01m[Kint system(const char*)[m[K’ declared with attribute ‘[01m[Kwarn_unused_result[m[K’ [[01;35m[K-Wunused-result[m[K]
[18.685s]   836 |     [01;35m[Ksystem("mkdir -p"[m[K
[18.685s]       |     [01;35m[K~~~~~~^~~~~~~~~~~[m[K
[18.685s]   837 | [01;35m[K           " ./images/cam0/data/"[m[K
[18.685s]       |            [01;35m[K~~~~~~~~~~~~~~~~~~~~~~[m[K
[18.685s]   838 | [01;35m[K           " ./images/cam1/data/"[m[K
[18.685s]       |            [01;35m[K~~~~~~~~~~~~~~~~~~~~~~[m[K
[18.685s]   839 | [01;35m[K           " ./images/cam_combine/data/")[m[K;
[18.685s]       |            [01;35m[K~~~~~~~~~~~~~~~~~~~~~~~~~~~~~~[m[K
[18.788s] [01m[K/cc_ws/tros_ws/src/box/hobot_perception/hobot_stereonet/src/stereonet_component.cpp:[m[K In function ‘[01m[Kvoid stereonet::save_images(cv::Mat&, cv::Mat&, uint64_t, const string&)[m[K’:
[18.788s] [01m[K/cc_ws/tros_ws/src/box/hobot_perception/hobot_stereonet/src/stereonet_component.cpp:836:11:[m[K [01;35m[Kwarning: [m[Kignoring return value of ‘[01m[Kint system(const char*)[m[K’ declared with attribute ‘[01m[Kwarn_unused_result[m[K’ [[01;35m[K-Wunused-result[m[K]
[18.788s]   836 |     [01;35m[Ksystem("mkdir -p"[m[K
[18.788s]       |     [01;35m[K~~~~~~^~~~~~~~~~~[m[K
[18.788s]   837 | [01;35m[K           " ./images/cam0/data/"[m[K
[18.788s]       |            [01;35m[K~~~~~~~~~~~~~~~~~~~~~~[m[K
[18.788s]   838 | [01;35m[K           " ./images/cam1/data/"[m[K
[18.788s]       |            [01;35m[K~~~~~~~~~~~~~~~~~~~~~~[m[K
[18.788s]   839 | [01;35m[K           " ./images/cam_combine/data/")[m[K;
[18.788s]       |            [01;35m[K~~~~~~~~~~~~~~~~~~~~~~~~~~~~~~[m[K
[47.458s] [ 75%] [32m[1mLinking CXX executable stereonet_model_node[0m
[47.661s] [ 80%] [32m[1mLinking CXX shared library libstereonet_model.so[0m
[49.735s] [ 90%] Built target stereonet_model
[50.161s] [100%] Built target stereonet_model_node
[50.171s] Invoked command in '/cc_ws/tros_ws/build/hobot_stereonet' returned '0': CMAKE_PREFIX_PATH=/opt/ros/humble HISTTIMEFORMAT=%F %T /usr/bin/cmake --build /cc_ws/tros_ws/build/hobot_stereonet -- -j12 -l12
[50.210s] Invoking command in '/cc_ws/tros_ws/build/hobot_stereonet': CMAKE_PREFIX_PATH=/opt/ros/humble HISTTIMEFORMAT=%F %T /usr/bin/cmake --install /cc_ws/tros_ws/build/hobot_stereonet
[50.216s] -- Install configuration: "Release"
[50.217s] -- Up-to-date: /cc_ws/tros_ws/install/lib/hobot_stereonet/stereonet_model_component_node
[50.217s] -- Up-to-date: /cc_ws/tros_ws/install/lib/hobot_stereonet/stereonet_model_intra_sub_node
[50.218s] -- Installing: /cc_ws/tros_ws/install/lib/hobot_stereonet/stereonet_model_node
[50.221s] -- Set runtime path of "/cc_ws/tros_ws/install/lib/hobot_stereonet/stereonet_model_node" to ""
[50.221s] -- Up-to-date: /cc_ws/tros_ws/install/lib/hobot_stereonet/stereonet_model_intra_sub_node
[50.222s] -- Up-to-date: /cc_ws/tros_ws/install/lib/hobot_stereonet/data_collection
[50.222s] -- Installing: /cc_ws/tros_ws/install/lib/libstereonet_model.so
[50.226s] -- Set runtime path of "/cc_ws/tros_ws/install/lib/libstereonet_model.so" to ""
[50.227s] -- Up-to-date: /cc_ws/tros_ws/install/lib/libstereonet_model_intra_sub.so
[50.227s] -- Up-to-date: /cc_ws/tros_ws/install/share/hobot_stereonet/config
[50.227s] -- Up-to-date: /cc_ws/tros_ws/install/share/hobot_stereonet/config/stereo.yaml
[50.227s] -- Up-to-date: /cc_ws/tros_ws/install/share/hobot_stereonet/config/DStereoV2.3.bin
[50.228s] -- Up-to-date: /cc_ws/tros_ws/install/share/hobot_stereonet/config/DStereoV2.4_int16.bin
[50.228s] -- Up-to-date: /cc_ws/tros_ws/install/share/hobot_stereonet/config/dstereo_s100_320_640_352_v2.4.hbm
[50.228s] -- Up-to-date: /cc_ws/tros_ws/install/share/hobot_stereonet/config/stereo_2.yaml
[50.228s] -- Up-to-date: /cc_ws/tros_ws/install/share/hobot_stereonet/config/stereo_cv.yaml
[50.228s] -- Up-to-date: /cc_ws/tros_ws/install/share/hobot_stereonet/config/stereo_26.yaml
[50.228s] -- Up-to-date: /cc_ws/tros_ws/install/share/hobot_stereonet/config/dstereo_s100_320_640_352_v2.1.hbm
[50.228s] -- Up-to-date: /cc_ws/tros_ws/install/share/hobot_stereonet/config/DStereoV2.3.1.bin
[50.228s] -- Up-to-date: /cc_ws/tros_ws/install/share/hobot_stereonet/config/DStereoV2.4_int8.bin
[50.228s] -- Up-to-date: /cc_ws/tros_ws/install/share/hobot_stereonet/config/DStereoV2.2.bin
[50.228s] -- Up-to-date: /cc_ws/tros_ws/install/share/hobot_stereonet/config/stereo_15.yaml
[50.229s] -- Up-to-date: /cc_ws/tros_ws/install/share/hobot_stereonet/config/DStereoV2.1.bin
[50.229s] -- Up-to-date: /cc_ws/tros_ws/install/share/hobot_stereonet/config/DStereoV2.0.bin
[50.229s] -- Up-to-date: /cc_ws/tros_ws/install/share/hobot_stereonet/config/DStereoV2.4_int16_320_256.bin
[50.229s] -- Installing: /cc_ws/tros_ws/install/share/hobot_stereonet/launch/stereonet_model.launch.py
[50.229s] -- Up-to-date: /cc_ws/tros_ws/install/share/hobot_stereonet/launch/stereonet_model_component.launch.py
[50.229s] -- Up-to-date: /cc_ws/tros_ws/install/share/hobot_stereonet/launch/stereonet_model_web_visual.launch.py
[50.229s] -- Up-to-date: /cc_ws/tros_ws/install/share/hobot_stereonet/launch/stereonet_model_web_visual_component.launch.py
[50.229s] -- Up-to-date: /cc_ws/tros_ws/install/share/hobot_stereonet/launch/stereonet_offline_infer.launch.py
[50.229s] -- Up-to-date: /cc_ws/tros_ws/install/share/hobot_stereonet/launch/stereonet_model_web_visual_cmp_rs_230ai.launch.py
[50.229s] -- Up-to-date: /cc_ws/tros_ws/install/share/hobot_stereonet/launch/stereonet_model_web_visual_cmp_rs_2i.launch.py
[50.230s] -- Up-to-date: /cc_ws/tros_ws/install/share/hobot_stereonet/launch/stereonet_model_web_visual_cmp_rs_mini.launch.py
[50.230s] -- Up-to-date: /cc_ws/tros_ws/install/share/hobot_stereonet/launch/stereonet_model_web_visual_cmp_rs_mini_v2.launch.py
[50.230s] -- Up-to-date: /cc_ws/tros_ws/install/share/hobot_stereonet/launch/stereonet_model_web_visual_component_v2.0.launch.py
[50.230s] -- Up-to-date: /cc_ws/tros_ws/install/share/hobot_stereonet/launch/stereonet_model_web_visual_component_v2.1.launch.py
[50.230s] -- Up-to-date: /cc_ws/tros_ws/install/share/hobot_stereonet/launch/stereonet_model_web_visual_component_v2.2.launch.py
[50.230s] -- Up-to-date: /cc_ws/tros_ws/install/share/hobot_stereonet/launch/stereonet_model_web_visual_component_v2.3.launch.py
[50.230s] -- Up-to-date: /cc_ws/tros_ws/install/share/hobot_stereonet/launch/stereonet_model_web_visual_v2.0.launch.py
[50.230s] -- Up-to-date: /cc_ws/tros_ws/install/share/hobot_stereonet/launch/stereonet_model_web_visual_v2.1.launch.py
[50.230s] -- Up-to-date: /cc_ws/tros_ws/install/share/hobot_stereonet/launch/stereonet_model_web_visual_v2.2.launch.py
[50.230s] -- Up-to-date: /cc_ws/tros_ws/install/share/hobot_stereonet/launch/stereonet_model_web_visual_v2.3.launch.py
[50.230s] -- Up-to-date: /cc_ws/tros_ws/install/share/hobot_stereonet/launch/stereonet_model_web_visual_v2.4_int16.launch.py
[50.230s] -- Up-to-date: /cc_ws/tros_ws/install/share/hobot_stereonet/launch/stereonet_model_web_visual_v2.4_int16_320_256.launch.py
[50.230s] -- Up-to-date: /cc_ws/tros_ws/install/share/hobot_stereonet/launch/stereonet_model_web_visual_v2.4_int8.launch.py
[50.230s] -- Up-to-date: /cc_ws/tros_ws/install/share/hobot_stereonet/launch/stereonet_model_web_visual_zed_v2.0.launch.py
[50.231s] -- Up-to-date: /cc_ws/tros_ws/install/share/hobot_stereonet/launch/stereonet_model_web_visual_zed_v2.2.launch.py
[50.231s] -- Up-to-date: /cc_ws/tros_ws/install/share/hobot_stereonet/config
[50.231s] -- Up-to-date: /cc_ws/tros_ws/install/share/hobot_stereonet/config/stereo.yaml
[50.231s] -- Up-to-date: /cc_ws/tros_ws/install/share/hobot_stereonet/config/DStereoV2.3.bin
[50.231s] -- Up-to-date: /cc_ws/tros_ws/install/share/hobot_stereonet/config/DStereoV2.4_int16.bin
[50.232s] -- Up-to-date: /cc_ws/tros_ws/install/share/hobot_stereonet/config/dstereo_s100_320_640_352_v2.4.hbm
[50.232s] -- Up-to-date: /cc_ws/tros_ws/install/share/hobot_stereonet/config/stereo_2.yaml
[50.232s] -- Up-to-date: /cc_ws/tros_ws/install/share/hobot_stereonet/config/stereo_cv.yaml
[50.232s] -- Up-to-date: /cc_ws/tros_ws/install/share/hobot_stereonet/config/stereo_26.yaml
[50.233s] -- Up-to-date: /cc_ws/tros_ws/install/share/hobot_stereonet/config/dstereo_s100_320_640_352_v2.1.hbm
[50.233s] -- Up-to-date: /cc_ws/tros_ws/install/share/hobot_stereonet/config/DStereoV2.3.1.bin
[50.233s] -- Up-to-date: /cc_ws/tros_ws/install/share/hobot_stereonet/config/DStereoV2.4_int8.bin
[50.233s] -- Up-to-date: /cc_ws/tros_ws/install/share/hobot_stereonet/config/DStereoV2.2.bin
[50.233s] -- Up-to-date: /cc_ws/tros_ws/install/share/hobot_stereonet/config/stereo_15.yaml
[50.233s] -- Up-to-date: /cc_ws/tros_ws/install/share/hobot_stereonet/config/DStereoV2.1.bin
[50.234s] -- Up-to-date: /cc_ws/tros_ws/install/share/hobot_stereonet/config/DStereoV2.0.bin
[50.234s] -- Up-to-date: /cc_ws/tros_ws/install/share/hobot_stereonet/config/DStereoV2.4_int16_320_256.bin
[50.234s] -- Up-to-date: /cc_ws/tros_ws/install/share/hobot_stereonet/data
[50.234s] -- Up-to-date: /cc_ws/tros_ws/install/share/hobot_stereonet/data/left000002.png
[50.234s] -- Up-to-date: /cc_ws/tros_ws/install/share/hobot_stereonet/data/right000000.png
[50.234s] -- Up-to-date: /cc_ws/tros_ws/install/share/hobot_stereonet/data/right000004.png
[50.234s] -- Up-to-date: /cc_ws/tros_ws/install/share/hobot_stereonet/data/right000001.png
[50.234s] -- Up-to-date: /cc_ws/tros_ws/install/share/hobot_stereonet/data/right000002.png
[50.234s] -- Up-to-date: /cc_ws/tros_ws/install/share/hobot_stereonet/data/left000000.png
[50.234s] -- Up-to-date: /cc_ws/tros_ws/install/share/hobot_stereonet/data/left000004.png
[50.235s] -- Up-to-date: /cc_ws/tros_ws/install/share/hobot_stereonet/data/left000003.png
[50.235s] -- Up-to-date: /cc_ws/tros_ws/install/share/hobot_stereonet/data/right000003.png
[50.235s] -- Up-to-date: /cc_ws/tros_ws/install/share/hobot_stereonet/data/left000001.png
[50.235s] -- Up-to-date: /cc_ws/tros_ws/install/share/ament_index/resource_index/package_run_dependencies/hobot_stereonet
[50.235s] -- Up-to-date: /cc_ws/tros_ws/install/share/ament_index/resource_index/parent_prefix_path/hobot_stereonet
[50.235s] -- Up-to-date: /cc_ws/tros_ws/install/share/hobot_stereonet/environment/ament_prefix_path.sh
[50.235s] -- Installing: /cc_ws/tros_ws/install/share/hobot_stereonet/environment/ament_prefix_path.dsv
[50.235s] -- Up-to-date: /cc_ws/tros_ws/install/share/hobot_stereonet/environment/path.sh
[50.235s] -- Installing: /cc_ws/tros_ws/install/share/hobot_stereonet/environment/path.dsv
[50.235s] -- Up-to-date: /cc_ws/tros_ws/install/share/hobot_stereonet/local_setup.bash
[50.236s] -- Up-to-date: /cc_ws/tros_ws/install/share/hobot_stereonet/local_setup.sh
[50.236s] -- Up-to-date: /cc_ws/tros_ws/install/share/hobot_stereonet/local_setup.zsh
[50.236s] -- Installing: /cc_ws/tros_ws/install/share/hobot_stereonet/local_setup.dsv
[50.236s] -- Installing: /cc_ws/tros_ws/install/share/hobot_stereonet/package.dsv
[50.236s] -- Up-to-date: /cc_ws/tros_ws/install/share/ament_index/resource_index/packages/hobot_stereonet
[50.236s] -- Up-to-date: /cc_ws/tros_ws/install/share/ament_index/resource_index/rclcpp_components/hobot_stereonet
[50.236s] -- Up-to-date: /cc_ws/tros_ws/install/share/hobot_stereonet/cmake/hobot_stereonetConfig.cmake
[50.236s] -- Up-to-date: /cc_ws/tros_ws/install/share/hobot_stereonet/cmake/hobot_stereonetConfig-version.cmake
[50.237s] -- Up-to-date: /cc_ws/tros_ws/install/share/hobot_stereonet/package.xml
[50.237s] Invoked command in '/cc_ws/tros_ws/build/hobot_stereonet' returned '0': CMAKE_PREFIX_PATH=/opt/ros/humble HISTTIMEFORMAT=%F %T /usr/bin/cmake --install /cc_ws/tros_ws/build/hobot_stereonet
