Not searching for unused variables given on the command line.
-- Found ament_cmake: 1.3.8 (/opt/ros/humble/share/ament_cmake/cmake)
[33mCMake Warning (dev) at /opt/ros/humble/share/ament_cmake_test/cmake/ament_cmake_test-extras.cmake:19 (option):
  Policy CMP0077 is not set: option() honors normal variables.  Run "cmake
  --help-policy CMP0077" for policy details.  Use the cmake_policy command to
  set the policy and suppress this warning.

  For compatibility with older versions of CMake, option is clearing the
  normal variable 'BUILD_TESTING'.
Call Stack (most recent call first):
  /opt/ros/humble/share/ament_cmake_test/cmake/ament_cmake_testConfig.cmake:41 (include)
  /opt/ros/humble/share/ament_cmake/cmake/ament_cmake_export_dependencies-extras.cmake:21 (find_package)
  /opt/ros/humble/share/ament_cmake/cmake/ament_cmakeConfig.cmake:41 (include)
  CMakeLists.txt:9 (find_package)
This warning is for project developers.  Use -Wno-dev to suppress it.
[0m
-- Found rclcpp: 16.0.8 (/opt/ros/humble/share/rclcpp/cmake)
-- Found rosidl_generator_c: 3.1.5 (/opt/ros/humble/share/rosidl_generator_c/cmake)
-- Found rosidl_adapter: 3.1.5 (/opt/ros/humble/share/rosidl_adapter/cmake)
-- Found rosidl_generator_cpp: 3.1.5 (/opt/ros/humble/share/rosidl_generator_cpp/cmake)
-- Using all available rosidl_typesupport_c: rosidl_typesupport_fastrtps_c;rosidl_typesupport_introspection_c
-- Using all available rosidl_typesupport_cpp: rosidl_typesupport_fastrtps_cpp;rosidl_typesupport_introspection_cpp
-- Found rmw_implementation_cmake: 6.1.1 (/opt/ros/humble/share/rmw_implementation_cmake/cmake)
-- Found rmw_fastrtps_cpp: 6.2.6 (/opt/ros/humble/share/rmw_fastrtps_cpp/cmake)
-- Using RMW implementation 'rmw_fastrtps_cpp' as default
-- Found rclcpp_components: 16.0.8 (/opt/ros/humble/share/rclcpp_components/cmake)
-- Found ai_msgs: 2.0.1 (/cc_ws/tros_ws/robot_dev_config/../install/share/ai_msgs/cmake)
-- Found message_filters: 4.3.3 (/opt/ros/humble/share/message_filters/cmake)
-- Found tros_perception_fusion_msgs: 0.0.1 (/cc_ws/tros_ws/robot_dev_config/../install/share/tros_perception_fusion_msgs/cmake)
-- Configuring done
-- Generating done
-- Build files have been written to: /cc_ws/tros_ws/build/tros_perception_fusion
[35m[1mConsolidate compiler generated dependencies of target tros_perception_fusion_component[0m
[35m[1mConsolidate compiler generated dependencies of target tros_perception_fusion[0m
[ 50%] Built target tros_perception_fusion_component
[100%] Built target tros_perception_fusion
-- Install configuration: ""
-- Up-to-date: /cc_ws/tros_ws/install/lib/tros_perception_fusion/tros_perception_fusion
-- Up-to-date: /cc_ws/tros_ws/install/lib/libtros_perception_fusion_component.so
-- Up-to-date: /cc_ws/tros_ws/install/lib/tros_perception_fusion/tros_perception_fusion
-- Up-to-date: /cc_ws/tros_ws/install/share/tros_perception_fusion/launch
-- Up-to-date: /cc_ws/tros_ws/install/share/tros_perception_fusion/launch/perc_fusion.launch.py
-- Up-to-date: /cc_ws/tros_ws/install/share/ament_index/resource_index/package_run_dependencies/tros_perception_fusion
-- Up-to-date: /cc_ws/tros_ws/install/share/ament_index/resource_index/parent_prefix_path/tros_perception_fusion
-- Up-to-date: /cc_ws/tros_ws/install/share/tros_perception_fusion/environment/ament_prefix_path.sh
-- Installing: /cc_ws/tros_ws/install/share/tros_perception_fusion/environment/ament_prefix_path.dsv
-- Up-to-date: /cc_ws/tros_ws/install/share/tros_perception_fusion/environment/path.sh
-- Installing: /cc_ws/tros_ws/install/share/tros_perception_fusion/environment/path.dsv
-- Up-to-date: /cc_ws/tros_ws/install/share/tros_perception_fusion/local_setup.bash
-- Up-to-date: /cc_ws/tros_ws/install/share/tros_perception_fusion/local_setup.sh
-- Up-to-date: /cc_ws/tros_ws/install/share/tros_perception_fusion/local_setup.zsh
-- Installing: /cc_ws/tros_ws/install/share/tros_perception_fusion/local_setup.dsv
-- Installing: /cc_ws/tros_ws/install/share/tros_perception_fusion/package.dsv
-- Up-to-date: /cc_ws/tros_ws/install/share/ament_index/resource_index/packages/tros_perception_fusion
-- Up-to-date: /cc_ws/tros_ws/install/share/ament_index/resource_index/rclcpp_components/tros_perception_fusion
-- Up-to-date: /cc_ws/tros_ws/install/share/tros_perception_fusion/cmake/tros_perception_fusionConfig.cmake
-- Up-to-date: /cc_ws/tros_ws/install/share/tros_perception_fusion/cmake/tros_perception_fusionConfig-version.cmake
-- Up-to-date: /cc_ws/tros_ws/install/share/tros_perception_fusion/package.xml
