[0.047s] Invoking command in '/cc_ws/tros_ws/build/hobot_chatbot': CMAKE_PREFIX_PATH=/opt/ros/humble /usr/bin/cmake /cc_ws/tros_ws/src/app/hobot_chatbot -DCMAKE_EXPORT_COMPILE_COMMANDS=ON --no-warn-unused-cli -DCMAKE_TOOLCHAIN_FILE=/cc_ws/tros_ws/robot_dev_config/aarch64_toolchainfile.cmake -DPLATFORM_X5=ON -DTHIRDPARTY=ON -DBUILD_TESTING=OFF -DCMAKE_BUILD_RPATH=/cc_ws/tros_ws/build/poco_vendor/poco_external_project_install/lib/;/cc_ws/tros_ws/build/libyaml_vendor/libyaml_install/lib/ -DCMAKE_INSTALL_PREFIX=/cc_ws/tros_ws/install
[0.308s] Not searching for unused variables given on the command line.
[0.308s] -- Found ament_cmake: 1.3.8 (/opt/ros/humble/share/ament_cmake/cmake)
[0.312s] [33mCMake Warning (dev) at /opt/ros/humble/share/ament_cmake_test/cmake/ament_cmake_test-extras.cmake:19 (option):
[0.312s]   Policy CMP0077 is not set: option() honors normal variables.  Run "cmake
[0.312s]   --help-policy CMP0077" for policy details.  Use the cmake_policy command to
[0.312s]   set the policy and suppress this warning.
[0.313s] 
[0.313s]   For compatibility with older versions of CMake, option is clearing the
[0.313s]   normal variable 'BUILD_TESTING'.
[0.313s] Call Stack (most recent call first):
[0.313s]   /opt/ros/humble/share/ament_cmake_test/cmake/ament_cmake_testConfig.cmake:41 (include)
[0.313s]   /opt/ros/humble/share/ament_cmake/cmake/ament_cmake_export_dependencies-extras.cmake:21 (find_package)
[0.313s]   /opt/ros/humble/share/ament_cmake/cmake/ament_cmakeConfig.cmake:41 (include)
[0.313s]   CMakeLists.txt:19 (find_package)
[0.313s] This warning is for project developers.  Use -Wno-dev to suppress it.
[0.314s] [0m
[0.524s] -- Configuring done
[0.531s] -- Generating done
[0.533s] -- Build files have been written to: /cc_ws/tros_ws/build/hobot_chatbot
[0.577s] Invoked command in '/cc_ws/tros_ws/build/hobot_chatbot' returned '0': CMAKE_PREFIX_PATH=/opt/ros/humble /usr/bin/cmake /cc_ws/tros_ws/src/app/hobot_chatbot -DCMAKE_EXPORT_COMPILE_COMMANDS=ON --no-warn-unused-cli -DCMAKE_TOOLCHAIN_FILE=/cc_ws/tros_ws/robot_dev_config/aarch64_toolchainfile.cmake -DPLATFORM_X5=ON -DTHIRDPARTY=ON -DBUILD_TESTING=OFF -DCMAKE_BUILD_RPATH=/cc_ws/tros_ws/build/poco_vendor/poco_external_project_install/lib/;/cc_ws/tros_ws/build/libyaml_vendor/libyaml_install/lib/ -DCMAKE_INSTALL_PREFIX=/cc_ws/tros_ws/install
[0.578s] Invoking command in '/cc_ws/tros_ws/build/hobot_chatbot': CMAKE_PREFIX_PATH=/opt/ros/humble /usr/bin/cmake --build /cc_ws/tros_ws/build/hobot_chatbot -- -j12 -l12
[0.953s] Invoked command in '/cc_ws/tros_ws/build/hobot_chatbot' returned '0': CMAKE_PREFIX_PATH=/opt/ros/humble /usr/bin/cmake --build /cc_ws/tros_ws/build/hobot_chatbot -- -j12 -l12
[1.078s] Invoking command in '/cc_ws/tros_ws/build/hobot_chatbot': CMAKE_PREFIX_PATH=/opt/ros/humble /usr/bin/cmake --install /cc_ws/tros_ws/build/hobot_chatbot
[1.094s] -- Install configuration: ""
[1.094s] -- Up-to-date: /cc_ws/tros_ws/install/share/hobot_chatbot/launch
[1.094s] -- Up-to-date: /cc_ws/tros_ws/install/share/hobot_chatbot/launch/chatbot.launch.py
[1.094s] -- Up-to-date: /cc_ws/tros_ws/install/share/ament_index/resource_index/package_run_dependencies/hobot_chatbot
[1.094s] -- Up-to-date: /cc_ws/tros_ws/install/share/ament_index/resource_index/parent_prefix_path/hobot_chatbot
[1.096s] -- Up-to-date: /cc_ws/tros_ws/install/share/hobot_chatbot/environment/ament_prefix_path.sh
[1.096s] -- Installing: /cc_ws/tros_ws/install/share/hobot_chatbot/environment/ament_prefix_path.dsv
[1.096s] -- Up-to-date: /cc_ws/tros_ws/install/share/hobot_chatbot/environment/path.sh
[1.096s] -- Installing: /cc_ws/tros_ws/install/share/hobot_chatbot/environment/path.dsv
[1.096s] -- Up-to-date: /cc_ws/tros_ws/install/share/hobot_chatbot/local_setup.bash
[1.096s] -- Up-to-date: /cc_ws/tros_ws/install/share/hobot_chatbot/local_setup.sh
[1.096s] -- Up-to-date: /cc_ws/tros_ws/install/share/hobot_chatbot/local_setup.zsh
[1.096s] -- Installing: /cc_ws/tros_ws/install/share/hobot_chatbot/local_setup.dsv
[1.096s] -- Installing: /cc_ws/tros_ws/install/share/hobot_chatbot/package.dsv
[1.097s] -- Up-to-date: /cc_ws/tros_ws/install/share/ament_index/resource_index/packages/hobot_chatbot
[1.100s] -- Up-to-date: /cc_ws/tros_ws/install/share/hobot_chatbot/cmake/hobot_chatbotConfig.cmake
[1.100s] -- Up-to-date: /cc_ws/tros_ws/install/share/hobot_chatbot/cmake/hobot_chatbotConfig-version.cmake
[1.101s] -- Up-to-date: /cc_ws/tros_ws/install/share/hobot_chatbot/package.xml
[1.109s] Invoked command in '/cc_ws/tros_ws/build/hobot_chatbot' returned '0': CMAKE_PREFIX_PATH=/opt/ros/humble /usr/bin/cmake --install /cc_ws/tros_ws/build/hobot_chatbot
