[0.749s] Invoking command in '/cc_ws/tros_ws/build/dnn_node_example': AMENT_PREFIX_PATH=/cc_ws/tros_ws/install:${AMENT_PREFIX_PATH} CMAKE_PREFIX_PATH=/cc_ws/tros_ws/install:/opt/ros/humble LD_LIBRARY_PATH=/cc_ws/tros_ws/install/lib:/opt/ros/humble/opt/rviz_ogre_vendor/lib:/opt/ros/humble/lib/aarch64-linux-gnu:/opt/ros/humble/lib:/cc_ws/userdata/hobot/opt/hobot/deps PYTHONPATH=/cc_ws/tros_ws/install/lib/python3.10/site-packages:/cc_ws/tros_ws/install/local/lib/python3.10/dist-packages:${PYTHONPATH} /usr/bin/cmake /cc_ws/tros_ws/src/box/hobot_dnn/dnn_node_example -DCMAKE_EXPORT_COMPILE_COMMANDS=ON --no-warn-unused-cli -DCMAKE_TOOLCHAIN_FILE=/cc_ws/tros_ws/robot_dev_config/aarch64_toolchainfile.cmake -DPLATFORM_X5=ON -DTHIRDPARTY=ON -DBUILD_TESTING=OFF -DCMAKE_BUILD_RPATH=/cc_ws/tros_ws/build/poco_vendor/poco_external_project_install/lib/;/cc_ws/tros_ws/build/libyaml_vendor/libyaml_install/lib/ -DCMAKE_INSTALL_PREFIX=/cc_ws/tros_ws/install
[2.801s] Not searching for unused variables given on the command line.
[2.801s] -- Found ament_cmake: 1.3.8 (/opt/ros/humble/share/ament_cmake/cmake)
[2.801s] -- Found rclcpp: 16.0.8 (/opt/ros/humble/share/rclcpp/cmake)
[2.801s] -- Found rosidl_generator_c: 3.1.5 (/opt/ros/humble/share/rosidl_generator_c/cmake)
[2.801s] -- Found rosidl_adapter: 3.1.5 (/opt/ros/humble/share/rosidl_adapter/cmake)
[2.802s] -- Found rosidl_generator_cpp: 3.1.5 (/opt/ros/humble/share/rosidl_generator_cpp/cmake)
[2.802s] -- Using all available rosidl_typesupport_c: rosidl_typesupport_fastrtps_c;rosidl_typesupport_introspection_c
[2.802s] -- Using all available rosidl_typesupport_cpp: rosidl_typesupport_fastrtps_cpp;rosidl_typesupport_introspection_cpp
[2.802s] -- Found rmw_implementation_cmake: 6.1.1 (/opt/ros/humble/share/rmw_implementation_cmake/cmake)
[2.803s] -- Found rmw_fastrtps_cpp: 6.2.6 (/opt/ros/humble/share/rmw_fastrtps_cpp/cmake)
[2.816s] [33mCMake Warning (dev) at /opt/ros/humble/share/ament_cmake_test/cmake/ament_cmake_test-extras.cmake:19 (option):
[2.816s]   Policy CMP0077 is not set: option() honors normal variables.  Run "cmake
[2.816s]   --help-policy CMP0077" for policy details.  Use the cmake_policy command to
[2.816s]   set the policy and suppress this warning.
[2.817s] 
[2.817s]   For compatibility with older versions of CMake, option is clearing the
[2.817s]   normal variable 'BUILD_TESTING'.
[2.817s] Call Stack (most recent call first):
[2.818s]   /opt/ros/humble/share/ament_cmake_test/cmake/ament_cmake_testConfig.cmake:41 (include)
[2.818s]   /opt/ros/humble/share/ament_cmake/cmake/ament_cmake_export_dependencies-extras.cmake:21 (find_package)
[2.818s]   /opt/ros/humble/share/ament_cmake/cmake/ament_cmakeConfig.cmake:41 (include)
[2.818s]   CMakeLists.txt:33 (find_package)
[2.819s] This warning is for project developers.  Use -Wno-dev to suppress it.
[2.819s] [0m
[3.161s] -- Using RMW implementation 'rmw_fastrtps_cpp' as default
[4.016s] -- Found sensor_msgs: 4.2.3 (/opt/ros/humble/share/sensor_msgs/cmake)
[4.703s] -- Found ai_msgs: 2.0.1 (/cc_ws/tros_ws/robot_dev_config/../install/share/ai_msgs/cmake)
[5.160s] -- Found dnn_node: 2.5.4 (/cc_ws/tros_ws/robot_dev_config/../install/share/dnn_node/cmake)
[5.167s] -- Found hobot_cv: 2.3.2 (/cc_ws/tros_ws/robot_dev_config/../install/share/hobot_cv/cmake)
[5.178s] -- Found cv_bridge: 3.2.1 (/opt/ros/humble/share/cv_bridge/cmake)
[5.275s] -- Found rclcpp_components: 16.0.8 (/opt/ros/humble/share/rclcpp_components/cmake)
[5.561s] [0musing shared mem[0m
[5.562s] -- Found hbm_img_msgs: 2.0.0 (/cc_ws/tros_ws/robot_dev_config/../install/share/hbm_img_msgs/cmake)
[5.714s] [0mbuild platform X5[0m
[5.714s] [0mPREFIX_PATH is x5[0m
[5.715s] [0mSYS_ROOT is /cc_ws/tros_ws/robot_dev_config/../../sysroot_docker[0m
[5.989s] -- Configuring done
[6.085s] -- Generating done
[6.091s] -- Build files have been written to: /cc_ws/tros_ws/build/dnn_node_example
[6.171s] Invoked command in '/cc_ws/tros_ws/build/dnn_node_example' returned '0': AMENT_PREFIX_PATH=/cc_ws/tros_ws/install:${AMENT_PREFIX_PATH} CMAKE_PREFIX_PATH=/cc_ws/tros_ws/install:/opt/ros/humble LD_LIBRARY_PATH=/cc_ws/tros_ws/install/lib:/opt/ros/humble/opt/rviz_ogre_vendor/lib:/opt/ros/humble/lib/aarch64-linux-gnu:/opt/ros/humble/lib:/cc_ws/userdata/hobot/opt/hobot/deps PYTHONPATH=/cc_ws/tros_ws/install/lib/python3.10/site-packages:/cc_ws/tros_ws/install/local/lib/python3.10/dist-packages:${PYTHONPATH} /usr/bin/cmake /cc_ws/tros_ws/src/box/hobot_dnn/dnn_node_example -DCMAKE_EXPORT_COMPILE_COMMANDS=ON --no-warn-unused-cli -DCMAKE_TOOLCHAIN_FILE=/cc_ws/tros_ws/robot_dev_config/aarch64_toolchainfile.cmake -DPLATFORM_X5=ON -DTHIRDPARTY=ON -DBUILD_TESTING=OFF -DCMAKE_BUILD_RPATH=/cc_ws/tros_ws/build/poco_vendor/poco_external_project_install/lib/;/cc_ws/tros_ws/build/libyaml_vendor/libyaml_install/lib/ -DCMAKE_INSTALL_PREFIX=/cc_ws/tros_ws/install
[6.187s] Invoking command in '/cc_ws/tros_ws/build/dnn_node_example': AMENT_PREFIX_PATH=/cc_ws/tros_ws/install:${AMENT_PREFIX_PATH} CMAKE_PREFIX_PATH=/cc_ws/tros_ws/install:/opt/ros/humble LD_LIBRARY_PATH=/cc_ws/tros_ws/install/lib:/opt/ros/humble/opt/rviz_ogre_vendor/lib:/opt/ros/humble/lib/aarch64-linux-gnu:/opt/ros/humble/lib:/cc_ws/userdata/hobot/opt/hobot/deps PYTHONPATH=/cc_ws/tros_ws/install/lib/python3.10/site-packages:/cc_ws/tros_ws/install/local/lib/python3.10/dist-packages:${PYTHONPATH} /usr/bin/cmake --build /cc_ws/tros_ws/build/dnn_node_example -- -j12 -l12
[6.299s] [35m[1mConsolidate compiler generated dependencies of target dnn_node_example_component[0m
[6.396s] [ 66%] Built target dnn_node_example_component
[6.425s] [35m[1mConsolidate compiler generated dependencies of target example[0m
[6.474s] [ 83%] [32m[1mLinking CXX executable example[0m
[6.909s] [100%] Built target example
[6.945s] Invoked command in '/cc_ws/tros_ws/build/dnn_node_example' returned '0': AMENT_PREFIX_PATH=/cc_ws/tros_ws/install:${AMENT_PREFIX_PATH} CMAKE_PREFIX_PATH=/cc_ws/tros_ws/install:/opt/ros/humble LD_LIBRARY_PATH=/cc_ws/tros_ws/install/lib:/opt/ros/humble/opt/rviz_ogre_vendor/lib:/opt/ros/humble/lib/aarch64-linux-gnu:/opt/ros/humble/lib:/cc_ws/userdata/hobot/opt/hobot/deps PYTHONPATH=/cc_ws/tros_ws/install/lib/python3.10/site-packages:/cc_ws/tros_ws/install/local/lib/python3.10/dist-packages:${PYTHONPATH} /usr/bin/cmake --build /cc_ws/tros_ws/build/dnn_node_example -- -j12 -l12
[7.040s] Invoking command in '/cc_ws/tros_ws/build/dnn_node_example': AMENT_PREFIX_PATH=/cc_ws/tros_ws/install:${AMENT_PREFIX_PATH} CMAKE_PREFIX_PATH=/cc_ws/tros_ws/install:/opt/ros/humble LD_LIBRARY_PATH=/cc_ws/tros_ws/install/lib:/opt/ros/humble/opt/rviz_ogre_vendor/lib:/opt/ros/humble/lib/aarch64-linux-gnu:/opt/ros/humble/lib:/cc_ws/userdata/hobot/opt/hobot/deps PYTHONPATH=/cc_ws/tros_ws/install/lib/python3.10/site-packages:/cc_ws/tros_ws/install/local/lib/python3.10/dist-packages:${PYTHONPATH} /usr/bin/cmake --install /cc_ws/tros_ws/build/dnn_node_example
[7.418s] -- Install configuration: ""
[7.418s] -- Installing: /cc_ws/tros_ws/install/lib/dnn_node_example/example
[7.418s] -- Set runtime path of "/cc_ws/tros_ws/install/lib/dnn_node_example/example" to ""
[7.419s] -- Up-to-date: /cc_ws/tros_ws/install/lib/libdnn_node_example_component.so
[7.419s] -- Up-to-date: /cc_ws/tros_ws/install/share/dnn_node_example/launch
[7.419s] -- Up-to-date: /cc_ws/tros_ws/install/share/dnn_node_example/launch/dnn_node_example_feedback.launch.py
[7.419s] -- Up-to-date: /cc_ws/tros_ws/install/share/dnn_node_example/launch/dnn_node_example_feedback_h264.launch.py
[7.419s] -- Up-to-date: /cc_ws/tros_ws/install/share/dnn_node_example/launch/dnn_node_example_mipi_component.launch.py
[7.420s] -- Up-to-date: /cc_ws/tros_ws/install/share/dnn_node_example/launch/dnn_node_example.launch.py
[7.420s] -- Up-to-date: /cc_ws/tros_ws/install/lib/dnn_node_example/config/
[7.420s] -- Up-to-date: /cc_ws/tros_ws/install/lib/dnn_node_example/config//fcosworkconfig.json
[7.420s] -- Up-to-date: /cc_ws/tros_ws/install/lib/dnn_node_example/config//mobilenet_ssd_workconfig.json
[7.420s] -- Up-to-date: /cc_ws/tros_ws/install/lib/dnn_node_example/config//yolov10workconfig.json
[7.420s] -- Up-to-date: /cc_ws/tros_ws/install/lib/dnn_node_example/config//efficientnet_lite0_workconfig.json
[7.421s] -- Up-to-date: /cc_ws/tros_ws/install/lib/dnn_node_example/config//mobilenetv2workconfig.json
[7.421s] -- Up-to-date: /cc_ws/tros_ws/install/lib/dnn_node_example/config//yolov11workconfig.json
[7.421s] -- Up-to-date: /cc_ws/tros_ws/install/lib/dnn_node_example/config//yolov2workconfig.json
[7.421s] -- Up-to-date: /cc_ws/tros_ws/install/lib/dnn_node_example/config//stdc_workconfig.json
[7.421s] -- Up-to-date: /cc_ws/tros_ws/install/lib/dnn_node_example/config//yolov8workconfig.json
[7.422s] -- Up-to-date: /cc_ws/tros_ws/install/lib/dnn_node_example/config//yolov5workconfig.json
[7.444s] -- Up-to-date: /cc_ws/tros_ws/install/lib/dnn_node_example/config//fcosb3workconfig.json
[7.444s] -- Up-to-date: /cc_ws/tros_ws/install/lib/dnn_node_example/config//yolov8segworkconfig.json
[7.445s] -- Up-to-date: /cc_ws/tros_ws/install/lib/dnn_node_example/config//yolov3workconfig.json
[7.445s] -- Up-to-date: /cc_ws/tros_ws/install/lib/dnn_node_example/config//mobilenet_unet_workconfig.json
[7.445s] -- Up-to-date: /cc_ws/tros_ws/install/lib/dnn_node_example/config//yolov12workconfig.json
[7.445s] -- Up-to-date: /cc_ws/tros_ws/install/lib/dnn_node_example/config/
[7.445s] -- Up-to-date: /cc_ws/tros_ws/install/lib/dnn_node_example/config//coco.list
[7.446s] -- Up-to-date: /cc_ws/tros_ws/install/lib/dnn_node_example/config//960_544.nv12
[7.446s] -- Up-to-date: /cc_ws/tros_ws/install/lib/dnn_node_example/config//test.jpg
[7.446s] -- Up-to-date: /cc_ws/tros_ws/install/lib/dnn_node_example/config//raw_unet.jpg
[7.446s] -- Up-to-date: /cc_ws/tros_ws/install/lib/dnn_node_example/config//target.jpg
[7.446s] -- Up-to-date: /cc_ws/tros_ws/install/lib/dnn_node_example/config//imagenet.list
[7.447s] -- Up-to-date: /cc_ws/tros_ws/install/lib/dnn_node_example/config//target_class.jpg
[7.447s] -- Up-to-date: /cc_ws/tros_ws/install/share/ament_index/resource_index/package_run_dependencies/dnn_node_example
[7.447s] -- Up-to-date: /cc_ws/tros_ws/install/share/ament_index/resource_index/parent_prefix_path/dnn_node_example
[7.447s] -- Up-to-date: /cc_ws/tros_ws/install/share/dnn_node_example/environment/ament_prefix_path.sh
[7.447s] -- Installing: /cc_ws/tros_ws/install/share/dnn_node_example/environment/ament_prefix_path.dsv
[7.448s] -- Up-to-date: /cc_ws/tros_ws/install/share/dnn_node_example/environment/path.sh
[7.448s] -- Installing: /cc_ws/tros_ws/install/share/dnn_node_example/environment/path.dsv
[7.448s] -- Up-to-date: /cc_ws/tros_ws/install/share/dnn_node_example/local_setup.bash
[7.448s] -- Up-to-date: /cc_ws/tros_ws/install/share/dnn_node_example/local_setup.sh
[7.448s] -- Up-to-date: /cc_ws/tros_ws/install/share/dnn_node_example/local_setup.zsh
[7.448s] -- Installing: /cc_ws/tros_ws/install/share/dnn_node_example/local_setup.dsv
[7.449s] -- Installing: /cc_ws/tros_ws/install/share/dnn_node_example/package.dsv
[7.449s] -- Up-to-date: /cc_ws/tros_ws/install/share/ament_index/resource_index/packages/dnn_node_example
[7.449s] -- Up-to-date: /cc_ws/tros_ws/install/share/ament_index/resource_index/rclcpp_components/dnn_node_example
[7.449s] -- Up-to-date: /cc_ws/tros_ws/install/share/dnn_node_example/cmake/dnn_node_exampleConfig.cmake
[7.449s] -- Up-to-date: /cc_ws/tros_ws/install/share/dnn_node_example/cmake/dnn_node_exampleConfig-version.cmake
[7.450s] -- Up-to-date: /cc_ws/tros_ws/install/share/dnn_node_example/package.xml
[7.519s] Invoked command in '/cc_ws/tros_ws/build/dnn_node_example' returned '0': AMENT_PREFIX_PATH=/cc_ws/tros_ws/install:${AMENT_PREFIX_PATH} CMAKE_PREFIX_PATH=/cc_ws/tros_ws/install:/opt/ros/humble LD_LIBRARY_PATH=/cc_ws/tros_ws/install/lib:/opt/ros/humble/opt/rviz_ogre_vendor/lib:/opt/ros/humble/lib/aarch64-linux-gnu:/opt/ros/humble/lib:/cc_ws/userdata/hobot/opt/hobot/deps PYTHONPATH=/cc_ws/tros_ws/install/lib/python3.10/site-packages:/cc_ws/tros_ws/install/local/lib/python3.10/dist-packages:${PYTHONPATH} /usr/bin/cmake --install /cc_ws/tros_ws/build/dnn_node_example
