Not searching for unused variables given on the command line.
-- The C compiler identification is GNU 11.4.0
-- The CXX compiler identification is GNU 11.4.0
-- Detecting C compiler ABI info
-- Detecting C compiler ABI info - done
-- Check for working C compiler: /usr/bin/aarch64-linux-gnu-gcc - skipped
-- Detecting C compile features
-- Detecting C compile features - done
-- Detecting CXX compiler ABI info
-- Detecting CXX compiler ABI info - done
-- Check for working CXX compiler: /usr/bin/aarch64-linux-gnu-g++ - skipped
-- Detecting CXX compile features
-- Detecting CXX compile features - done
-- Found hbm_img_msgs: 2.0.0 (/cc_ws/tros_ws/robot_dev_config/../install/share/hbm_img_msgs/cmake)
-- Found Python3: /usr/bin/python3 (found version "3.10.12") found components: Interpreter 
[33mCMake Warning (dev) at /opt/ros/humble/share/ament_cmake_test/cmake/ament_cmake_test-extras.cmake:19 (option):
  Policy CMP0077 is not set: option() honors normal variables.  Run "cmake
  --help-policy CMP0077" for policy details.  Use the cmake_policy command to
  set the policy and suppress this warning.

  For compatibility with older versions of CMake, option is clearing the
  normal variable 'BUILD_TESTING'.
Call Stack (most recent call first):
  /opt/ros/humble/share/ament_cmake_test/cmake/ament_cmake_testConfig.cmake:41 (include)
  /opt/ros/humble/share/ament_cmake/cmake/ament_cmake_export_dependencies-extras.cmake:21 (find_package)
  /opt/ros/humble/share/ament_cmake/cmake/ament_cmakeConfig.cmake:41 (include)
  /opt/ros/humble/share/rcutils/cmake/ament_cmake_export_dependencies-extras.cmake:21 (find_package)
  /opt/ros/humble/share/rcutils/cmake/rcutilsConfig.cmake:41 (include)
  /opt/ros/humble/share/rosidl_runtime_c/cmake/ament_cmake_export_dependencies-extras.cmake:21 (find_package)
  /opt/ros/humble/share/rosidl_runtime_c/cmake/rosidl_runtime_cConfig.cmake:41 (include)
  /opt/ros/humble/share/builtin_interfaces/cmake/ament_cmake_export_dependencies-extras.cmake:21 (find_package)
  /opt/ros/humble/share/builtin_interfaces/cmake/builtin_interfacesConfig.cmake:41 (include)
  /cc_ws/tros_ws/install/share/hbm_img_msgs/cmake/ament_cmake_export_dependencies-extras.cmake:21 (find_package)
  /cc_ws/tros_ws/install/share/hbm_img_msgs/cmake/hbm_img_msgsConfig.cmake:41 (include)
  CMakeLists.txt:34 (find_package)
This warning is for project developers.  Use -Wno-dev to suppress it.
[0m
-- Found rosidl_generator_c: 3.1.5 (/opt/ros/humble/share/rosidl_generator_c/cmake)
-- Found rosidl_adapter: 3.1.5 (/opt/ros/humble/share/rosidl_adapter/cmake)
-- Found rosidl_generator_cpp: 3.1.5 (/opt/ros/humble/share/rosidl_generator_cpp/cmake)
-- Using all available rosidl_typesupport_c: rosidl_typesupport_fastrtps_c;rosidl_typesupport_introspection_c
-- Using all available rosidl_typesupport_cpp: rosidl_typesupport_fastrtps_cpp;rosidl_typesupport_introspection_cpp
-- Found rclcpp: 16.0.8 (/opt/ros/humble/share/rclcpp/cmake)
-- Found rmw_implementation_cmake: 6.1.1 (/opt/ros/humble/share/rmw_implementation_cmake/cmake)
-- Found rmw_fastrtps_cpp: 6.2.6 (/opt/ros/humble/share/rmw_fastrtps_cpp/cmake)
-- Found OpenSSL: /cc_ws/tros_ws/robot_dev_config/../../sysroot_docker/usr/lib/aarch64-linux-gnu/libcrypto.so (found version "3.0.2")  
-- Found FastRTPS: /opt/ros/humble/include  
-- Using RMW implementation 'rmw_fastrtps_cpp' as default
-- Looking for pthread.h
-- Looking for pthread.h - found
-- Performing Test CMAKE_HAVE_LIBC_PTHREAD
-- Performing Test CMAKE_HAVE_LIBC_PTHREAD - Success
-- Found Threads: TRUE  
-- Found sensor_msgs: 4.2.3 (/opt/ros/humble/share/sensor_msgs/cmake)
-- Found img_msgs: 2.0.0 (/cc_ws/tros_ws/robot_dev_config/../install/share/img_msgs/cmake)
-- Found rclcpp_components: 16.0.8 (/opt/ros/humble/share/rclcpp_components/cmake)
[0mbuild platform X5[0m
[0mPREFIX_PATH: x5[0m
-- Configuring done
-- Generating done
-- Build files have been written to: /cc_ws/tros_ws/build/hobot_codec
[ 12%] [32mBuilding CXX object CMakeFiles/hobot_codec_component.dir/src/hobot_codec_node.cpp.o[0m
In file included from [01m[K/cc_ws/tros_ws/src/box/hobot_codec/src/hobot_codec_node.cpp:23[m[K:
[01m[K/cc_ws/tros_ws/src/box/hobot_codec/include/hobot_codec_node.h:[m[K In constructor ‘[01m[KHobotCodecNode::HobotCodecNode(const rclcpp::NodeOptions&, std::string)[m[K’:
[01m[K/cc_ws/tros_ws/src/box/hobot_codec/include/hobot_codec_node.h:106:48:[m[K [01;35m[Kwarning: [m[K‘[01m[KHobotCodecNode::compressed_img_pub_[m[K’ will be initialized after [[01;35m[K-Wreorder[m[K]
  106 |   sensor_msgs::msg::CompressedImage::UniquePtr [01;35m[Kcompressed_img_pub_[m[K = nullptr;
      |                                                [01;35m[K^~~~~~~~~~~~~~~~~~~[m[K
[01m[K/cc_ws/tros_ws/src/box/hobot_codec/include/hobot_codec_node.h:88:39:[m[K [01;35m[Kwarning: [m[K  ‘[01m[Kimg_msgs::msg::H26XFrame_<std::allocator<void> >::UniquePtr HobotCodecNode::frameh26x_sub_[m[K’ [[01;35m[K-Wreorder[m[K]
   88 |   img_msgs::msg::H26XFrame::UniquePtr [01;35m[Kframeh26x_sub_[m[K = nullptr;
      |                                       [01;35m[K^~~~~~~~~~~~~~[m[K
[01m[K/cc_ws/tros_ws/src/box/hobot_codec/src/hobot_codec_node.cpp:280:1:[m[K [01;35m[Kwarning: [m[K  when initialized here [[01;35m[K-Wreorder[m[K]
  280 | [01;35m[KHobotCodecNode[m[K::HobotCodecNode(const rclcpp::NodeOptions& node_options,
      | [01;35m[K^~~~~~~~~~~~~~[m[K
[01m[K/cc_ws/tros_ws/src/box/hobot_codec/src/hobot_codec_node.cpp:[m[K In member function ‘[01m[Kvoid HobotCodecNode::timer_ros_pub()[m[K’:
[01m[K/cc_ws/tros_ws/src/box/hobot_codec/src/hobot_codec_node.cpp:946:22:[m[K [01;35m[Kwarning: [m[Kcomparison of integer expressions of different signedness: ‘[01m[Klong int[m[K’ and ‘[01m[Kstd::queue<std::chrono::time_point<std::chrono::_V2::system_clock, std::chrono::duration<long int, std::ratio<1, 1000000000> > > >::size_type[m[K’ {aka ‘[01m[Klong unsigned int[m[K’} [[01;35m[K-Wsign-compare[m[K]
  946 |         if ([01;35m[Kinterval < frame_interval_t_ * pub_time_q_.size()[m[K) {
      |             [01;35m[K~~~~~~~~~^~~~~~~~~~~~~~~~~~~~~~~~~~~~~~~~~~~~~~~~[m[K
[01m[K/cc_ws/tros_ws/src/box/hobot_codec/src/hobot_codec_node.cpp:[m[K In member function ‘[01m[Kvoid HobotCodecNode::timer_hbmem_pub()[m[K’:
[01m[K/cc_ws/tros_ws/src/box/hobot_codec/src/hobot_codec_node.cpp:1173:22:[m[K [01;35m[Kwarning: [m[Kcomparison of integer expressions of different signedness: ‘[01m[Klong int[m[K’ and ‘[01m[Kstd::queue<std::chrono::time_point<std::chrono::_V2::system_clock, std::chrono::duration<long int, std::ratio<1, 1000000000> > > >::size_type[m[K’ {aka ‘[01m[Klong unsigned int[m[K’} [[01;35m[K-Wsign-compare[m[K]
 1173 |         if ([01;35m[Kinterval < frame_interval_t_ * pub_time_q_.size()[m[K) {
      |             [01;35m[K~~~~~~~~~^~~~~~~~~~~~~~~~~~~~~~~~~~~~~~~~~~~~~~~~[m[K
[ 25%] [32mBuilding CXX object CMakeFiles/hobot_codec_component.dir/src/encoder/x5/hobot_venc.cpp.o[0m
[ 37%] [32mBuilding CXX object CMakeFiles/hobot_codec_component.dir/src/decoder/x5/hobot_vdec.cpp.o[0m
[ 50%] [32mBuilding CXX object CMakeFiles/hobot_codec_component.dir/src/hobot_codec_base.cpp.o[0m
[ 62%] [32mBuilding CXX object CMakeFiles/hobot_codec_component.dir/src/hobot_codec_impl.cpp.o[0m
[ 75%] [32m[1mLinking CXX shared library libhobot_codec_component.so[0m
[ 75%] Built target hobot_codec_component
[ 87%] [32mBuilding CXX object CMakeFiles/hobot_codec_republish.dir/rclcpp_components/node_main_hobot_codec_republish.cpp.o[0m
[100%] [32m[1mLinking CXX executable hobot_codec_republish[0m
[100%] Built target hobot_codec_republish
-- Install configuration: "RelWithDebInfo"
-- Installing: /cc_ws/tros_ws/install/lib/hobot_codec/hobot_codec_republish
-- Set runtime path of "/cc_ws/tros_ws/install/lib/hobot_codec/hobot_codec_republish" to ""
-- Up-to-date: /cc_ws/tros_ws/install/lib/hobot_codec/hobot_codec_republish
-- Installing: /cc_ws/tros_ws/install/lib/libhobot_codec_component.so
-- Set runtime path of "/cc_ws/tros_ws/install/lib/libhobot_codec_component.so" to ""
-- Up-to-date: /cc_ws/tros_ws/install/lib/hobot_codec
-- Installing: /cc_ws/tros_ws/install/share/hobot_codec/launch
-- Installing: /cc_ws/tros_ws/install/share/hobot_codec/launch/hobot_codec.launch.py
-- Installing: /cc_ws/tros_ws/install/share/hobot_codec/launch/hobot_codec_encode.launch.py
-- Installing: /cc_ws/tros_ws/install/share/hobot_codec/launch/hobot_codec_decode.launch.py
-- Installing: /cc_ws/tros_ws/install/share/hobot_codec/launch/hobot_codec_benchmark.launch.py
-- Installing: /cc_ws/tros_ws/install/lib/hobot_codec/config/
-- Installing: /cc_ws/tros_ws/install/lib/hobot_codec/config//1920x1080.nv12
-- Installing: /cc_ws/tros_ws/install/lib/hobot_codec/config//1920x1080.h265
-- Installing: /cc_ws/tros_ws/install/lib/hobot_codec/config//1920x1080.jpeg
-- Installing: /cc_ws/tros_ws/install/lib/hobot_codec/config//1920x1080.h264
-- Installing: /cc_ws/tros_ws/install/share/ament_index/resource_index/package_run_dependencies/hobot_codec
-- Installing: /cc_ws/tros_ws/install/share/ament_index/resource_index/parent_prefix_path/hobot_codec
-- Installing: /cc_ws/tros_ws/install/share/hobot_codec/environment/ament_prefix_path.sh
-- Installing: /cc_ws/tros_ws/install/share/hobot_codec/environment/ament_prefix_path.dsv
-- Installing: /cc_ws/tros_ws/install/share/hobot_codec/environment/path.sh
-- Installing: /cc_ws/tros_ws/install/share/hobot_codec/environment/path.dsv
-- Installing: /cc_ws/tros_ws/install/share/hobot_codec/local_setup.bash
-- Installing: /cc_ws/tros_ws/install/share/hobot_codec/local_setup.sh
-- Installing: /cc_ws/tros_ws/install/share/hobot_codec/local_setup.zsh
-- Installing: /cc_ws/tros_ws/install/share/hobot_codec/local_setup.dsv
-- Installing: /cc_ws/tros_ws/install/share/hobot_codec/package.dsv
-- Installing: /cc_ws/tros_ws/install/share/ament_index/resource_index/packages/hobot_codec
-- Installing: /cc_ws/tros_ws/install/share/ament_index/resource_index/rclcpp_components/hobot_codec
-- Installing: /cc_ws/tros_ws/install/share/hobot_codec/cmake/hobot_codecConfig.cmake
-- Installing: /cc_ws/tros_ws/install/share/hobot_codec/cmake/hobot_codecConfig-version.cmake
-- Installing: /cc_ws/tros_ws/install/share/hobot_codec/package.xml
