[0.084s] Invoking command in '/cc_ws/tros_ws/build/hobot_visualization': AMENT_PREFIX_PATH=/cc_ws/tros_ws/install:${AMENT_PREFIX_PATH} CMAKE_PREFIX_PATH=/cc_ws/tros_ws/install:/opt/ros/humble LD_LIBRARY_PATH=/cc_ws/tros_ws/install/lib:/opt/ros/humble/opt/rviz_ogre_vendor/lib:/opt/ros/humble/lib/aarch64-linux-gnu:/opt/ros/humble/lib:/cc_ws/userdata/hobot/opt/hobot/deps PYTHONPATH=/cc_ws/tros_ws/install/local/lib/python3.10/dist-packages:/cc_ws/tros_ws/install/lib/python3.10/site-packages:${PYTHONPATH} /usr/bin/cmake /cc_ws/tros_ws/src/tools/hobot_visualization -DCMAKE_EXPORT_COMPILE_COMMANDS=ON --no-warn-unused-cli -DCMAKE_TOOLCHAIN_FILE=/cc_ws/tros_ws/robot_dev_config/aarch64_toolchainfile.cmake -DPLATFORM_X5=ON -DTHIRDPARTY=ON -DBUILD_TESTING=OFF -DCMAKE_BUILD_RPATH=/cc_ws/tros_ws/build/poco_vendor/poco_external_project_install/lib/;/cc_ws/tros_ws/build/libyaml_vendor/libyaml_install/lib/ -DCMAKE_INSTALL_PREFIX=/cc_ws/tros_ws/install
[0.139s] Not searching for unused variables given on the command line.
[0.139s] -- Found ament_cmake: 1.3.8 (/opt/ros/humble/share/ament_cmake/cmake)
[0.448s] [33mCMake Warning (dev) at /opt/ros/humble/share/ament_cmake_test/cmake/ament_cmake_test-extras.cmake:19 (option):
[0.448s]   Policy CMP0077 is not set: option() honors normal variables.  Run "cmake
[0.449s]   --help-policy CMP0077" for policy details.  Use the cmake_policy command to
[0.449s]   set the policy and suppress this warning.
[0.449s] 
[0.449s]   For compatibility with older versions of CMake, option is clearing the
[0.449s]   normal variable 'BUILD_TESTING'.
[0.449s] Call Stack (most recent call first):
[0.449s]   /opt/ros/humble/share/ament_cmake_test/cmake/ament_cmake_testConfig.cmake:41 (include)
[0.449s]   /opt/ros/humble/share/ament_cmake/cmake/ament_cmake_export_dependencies-extras.cmake:21 (find_package)
[0.449s]   /opt/ros/humble/share/ament_cmake/cmake/ament_cmakeConfig.cmake:41 (include)
[0.450s]   CMakeLists.txt:19 (find_package)
[0.450s] This warning is for project developers.  Use -Wno-dev to suppress it.
[0.450s] [0m
[0.450s] -- Found ai_msgs: 2.0.1 (/cc_ws/tros_ws/robot_dev_config/../install/share/ai_msgs/cmake)
[0.500s] -- Found rosidl_generator_c: 3.1.5 (/opt/ros/humble/share/rosidl_generator_c/cmake)
[0.506s] -- Found rosidl_adapter: 3.1.5 (/opt/ros/humble/share/rosidl_adapter/cmake)
[0.520s] -- Found rosidl_generator_cpp: 3.1.5 (/opt/ros/humble/share/rosidl_generator_cpp/cmake)
[0.549s] -- Using all available rosidl_typesupport_c: rosidl_typesupport_fastrtps_c;rosidl_typesupport_introspection_c
[0.602s] -- Using all available rosidl_typesupport_cpp: rosidl_typesupport_fastrtps_cpp;rosidl_typesupport_introspection_cpp
[1.429s] -- Found rclcpp: 16.0.8 (/opt/ros/humble/share/rclcpp/cmake)
[1.578s] -- Found rmw_implementation_cmake: 6.1.1 (/opt/ros/humble/share/rmw_implementation_cmake/cmake)
[1.585s] -- Found rmw_fastrtps_cpp: 6.2.6 (/opt/ros/humble/share/rmw_fastrtps_cpp/cmake)
[2.040s] -- Using RMW implementation 'rmw_fastrtps_cpp' as default
[2.736s] -- Found visualization_msgs: 4.2.3 (/opt/ros/humble/share/visualization_msgs/cmake)
[3.159s] [0minvalid platform, build platform X3 default[0m
[3.159s] [0mPREFIX_PATH is x3[0m
[3.159s] [0mSYS_ROOT is /cc_ws/tros_ws/robot_dev_config/../../sysroot_docker[0m
[3.324s] -- Configuring done
[3.375s] -- Generating done
[3.378s] -- Build files have been written to: /cc_ws/tros_ws/build/hobot_visualization
[3.414s] Invoked command in '/cc_ws/tros_ws/build/hobot_visualization' returned '0': AMENT_PREFIX_PATH=/cc_ws/tros_ws/install:${AMENT_PREFIX_PATH} CMAKE_PREFIX_PATH=/cc_ws/tros_ws/install:/opt/ros/humble LD_LIBRARY_PATH=/cc_ws/tros_ws/install/lib:/opt/ros/humble/opt/rviz_ogre_vendor/lib:/opt/ros/humble/lib/aarch64-linux-gnu:/opt/ros/humble/lib:/cc_ws/userdata/hobot/opt/hobot/deps PYTHONPATH=/cc_ws/tros_ws/install/local/lib/python3.10/dist-packages:/cc_ws/tros_ws/install/lib/python3.10/site-packages:${PYTHONPATH} /usr/bin/cmake /cc_ws/tros_ws/src/tools/hobot_visualization -DCMAKE_EXPORT_COMPILE_COMMANDS=ON --no-warn-unused-cli -DCMAKE_TOOLCHAIN_FILE=/cc_ws/tros_ws/robot_dev_config/aarch64_toolchainfile.cmake -DPLATFORM_X5=ON -DTHIRDPARTY=ON -DBUILD_TESTING=OFF -DCMAKE_BUILD_RPATH=/cc_ws/tros_ws/build/poco_vendor/poco_external_project_install/lib/;/cc_ws/tros_ws/build/libyaml_vendor/libyaml_install/lib/ -DCMAKE_INSTALL_PREFIX=/cc_ws/tros_ws/install
[3.415s] Invoking command in '/cc_ws/tros_ws/build/hobot_visualization': AMENT_PREFIX_PATH=/cc_ws/tros_ws/install:${AMENT_PREFIX_PATH} CMAKE_PREFIX_PATH=/cc_ws/tros_ws/install:/opt/ros/humble LD_LIBRARY_PATH=/cc_ws/tros_ws/install/lib:/opt/ros/humble/opt/rviz_ogre_vendor/lib:/opt/ros/humble/lib/aarch64-linux-gnu:/opt/ros/humble/lib:/cc_ws/userdata/hobot/opt/hobot/deps PYTHONPATH=/cc_ws/tros_ws/install/local/lib/python3.10/dist-packages:/cc_ws/tros_ws/install/lib/python3.10/site-packages:${PYTHONPATH} /usr/bin/cmake --build /cc_ws/tros_ws/build/hobot_visualization -- -j12 -l12
[3.696s] [35m[1mConsolidate compiler generated dependencies of target hobot_visualization[0m
[3.805s] [100%] Built target hobot_visualization
[3.859s] Invoked command in '/cc_ws/tros_ws/build/hobot_visualization' returned '0': AMENT_PREFIX_PATH=/cc_ws/tros_ws/install:${AMENT_PREFIX_PATH} CMAKE_PREFIX_PATH=/cc_ws/tros_ws/install:/opt/ros/humble LD_LIBRARY_PATH=/cc_ws/tros_ws/install/lib:/opt/ros/humble/opt/rviz_ogre_vendor/lib:/opt/ros/humble/lib/aarch64-linux-gnu:/opt/ros/humble/lib:/cc_ws/userdata/hobot/opt/hobot/deps PYTHONPATH=/cc_ws/tros_ws/install/local/lib/python3.10/dist-packages:/cc_ws/tros_ws/install/lib/python3.10/site-packages:${PYTHONPATH} /usr/bin/cmake --build /cc_ws/tros_ws/build/hobot_visualization -- -j12 -l12
[4.108s] Invoking command in '/cc_ws/tros_ws/build/hobot_visualization': AMENT_PREFIX_PATH=/cc_ws/tros_ws/install:${AMENT_PREFIX_PATH} CMAKE_PREFIX_PATH=/cc_ws/tros_ws/install:/opt/ros/humble LD_LIBRARY_PATH=/cc_ws/tros_ws/install/lib:/opt/ros/humble/opt/rviz_ogre_vendor/lib:/opt/ros/humble/lib/aarch64-linux-gnu:/opt/ros/humble/lib:/cc_ws/userdata/hobot/opt/hobot/deps PYTHONPATH=/cc_ws/tros_ws/install/local/lib/python3.10/dist-packages:/cc_ws/tros_ws/install/lib/python3.10/site-packages:${PYTHONPATH} /usr/bin/cmake --install /cc_ws/tros_ws/build/hobot_visualization
[4.128s] -- Install configuration: ""
[4.128s] -- Up-to-date: /cc_ws/tros_ws/install/lib/hobot_visualization/hobot_visualization
[4.133s] -- Up-to-date: /cc_ws/tros_ws/install/share/hobot_visualization/launch
[4.133s] -- Up-to-date: /cc_ws/tros_ws/install/share/hobot_visualization/launch/hobot_vis_render.launch.py
[4.134s] -- Up-to-date: /cc_ws/tros_ws/install/share/ament_index/resource_index/package_run_dependencies/hobot_visualization
[4.134s] -- Up-to-date: /cc_ws/tros_ws/install/share/ament_index/resource_index/parent_prefix_path/hobot_visualization
[4.134s] -- Up-to-date: /cc_ws/tros_ws/install/share/hobot_visualization/environment/ament_prefix_path.sh
[4.134s] -- Installing: /cc_ws/tros_ws/install/share/hobot_visualization/environment/ament_prefix_path.dsv
[4.134s] -- Up-to-date: /cc_ws/tros_ws/install/share/hobot_visualization/environment/path.sh
[4.135s] -- Installing: /cc_ws/tros_ws/install/share/hobot_visualization/environment/path.dsv
[4.135s] -- Up-to-date: /cc_ws/tros_ws/install/share/hobot_visualization/local_setup.bash
[4.135s] -- Up-to-date: /cc_ws/tros_ws/install/share/hobot_visualization/local_setup.sh
[4.135s] -- Up-to-date: /cc_ws/tros_ws/install/share/hobot_visualization/local_setup.zsh
[4.135s] -- Installing: /cc_ws/tros_ws/install/share/hobot_visualization/local_setup.dsv
[4.135s] -- Installing: /cc_ws/tros_ws/install/share/hobot_visualization/package.dsv
[4.136s] -- Up-to-date: /cc_ws/tros_ws/install/share/ament_index/resource_index/packages/hobot_visualization
[4.136s] -- Up-to-date: /cc_ws/tros_ws/install/share/hobot_visualization/cmake/hobot_visualizationConfig.cmake
[4.136s] -- Up-to-date: /cc_ws/tros_ws/install/share/hobot_visualization/cmake/hobot_visualizationConfig-version.cmake
[4.136s] -- Up-to-date: /cc_ws/tros_ws/install/share/hobot_visualization/package.xml
[4.202s] Invoked command in '/cc_ws/tros_ws/build/hobot_visualization' returned '0': AMENT_PREFIX_PATH=/cc_ws/tros_ws/install:${AMENT_PREFIX_PATH} CMAKE_PREFIX_PATH=/cc_ws/tros_ws/install:/opt/ros/humble LD_LIBRARY_PATH=/cc_ws/tros_ws/install/lib:/opt/ros/humble/opt/rviz_ogre_vendor/lib:/opt/ros/humble/lib/aarch64-linux-gnu:/opt/ros/humble/lib:/cc_ws/userdata/hobot/opt/hobot/deps PYTHONPATH=/cc_ws/tros_ws/install/local/lib/python3.10/dist-packages:/cc_ws/tros_ws/install/lib/python3.10/site-packages:${PYTHONPATH} /usr/bin/cmake --install /cc_ws/tros_ws/build/hobot_visualization
