[0.069s] Invoking command in '/cc_ws/tros_ws/build/hobot_zed_cam': CMAKE_PREFIX_PATH=/opt/ros/humble /usr/bin/cmake /cc_ws/tros_ws/src/box/hobot_sensor/hobot_zed_cam -DCMAKE_EXPORT_COMPILE_COMMANDS=ON --no-warn-unused-cli -DCMAKE_TOOLCHAIN_FILE=/cc_ws/tros_ws/robot_dev_config/aarch64_toolchainfile.cmake -DPLATFORM_X5=ON -DTHIRDPARTY=ON -DBUILD_TESTING=OFF -DCMAKE_BUILD_RPATH=/cc_ws/tros_ws/build/poco_vendor/poco_external_project_install/lib/;/cc_ws/tros_ws/build/libyaml_vendor/libyaml_install/lib/ -DCMAKE_INSTALL_PREFIX=/cc_ws/tros_ws/install
[0.534s] Not searching for unused variables given on the command line.
[0.534s] -- LibUSB Compilation test: FALSE
[0.534s] -- Found ament_cmake: 1.3.8 (/opt/ros/humble/share/ament_cmake/cmake)
[0.535s] [0m=> Sensors module available[0m
[0.536s] [0m=> libhidapi: include dir at /cc_ws/tros_ws/robot_dev_config/../../sysroot_docker/usr/include/hidapi[0m
[0.536s] [0m=> libhidapi: libraries at /cc_ws/tros_ws/robot_dev_config/../../sysroot_docker/usr/lib/aarch64-linux-gnu/libhidapi-libusb.so[0m
[0.536s] [0m=> Video module available[0m
[0.536s] [0m=> libusb: include dir at /usr/include/libusb-1.0[0m
[0.537s] [0m=> libusb: libraries at /cc_ws/tros_ws/robot_dev_config/../../sysroot_docker/usr/lib/aarch64-linux-gnu/libusb-1.0.so[0m
[0.916s] [33mCMake Warning (dev) at /opt/ros/humble/share/ament_cmake_test/cmake/ament_cmake_test-extras.cmake:19 (option):
[0.916s]   Policy CMP0077 is not set: option() honors normal variables.  Run "cmake
[0.917s]   --help-policy CMP0077" for policy details.  Use the cmake_policy command to
[0.917s]   set the policy and suppress this warning.
[0.917s] 
[0.917s]   For compatibility with older versions of CMake, option is clearing the
[0.918s]   normal variable 'BUILD_TESTING'.
[0.918s] Call Stack (most recent call first):
[0.918s]   /opt/ros/humble/share/ament_cmake_test/cmake/ament_cmake_testConfig.cmake:41 (include)
[0.918s]   /opt/ros/humble/share/ament_cmake/cmake/ament_cmake_export_dependencies-extras.cmake:21 (find_package)
[0.918s]   /opt/ros/humble/share/ament_cmake/cmake/ament_cmakeConfig.cmake:41 (include)
[0.919s]   CMakeLists.txt:94 (find_package)
[0.919s] This warning is for project developers.  Use -Wno-dev to suppress it.
[0.919s] [0m
[0.919s] -- Found rclcpp: 16.0.8 (/opt/ros/humble/share/rclcpp/cmake)
[1.063s] -- Found rosidl_generator_c: 3.1.5 (/opt/ros/humble/share/rosidl_generator_c/cmake)
[1.090s] -- Found rosidl_adapter: 3.1.5 (/opt/ros/humble/share/rosidl_adapter/cmake)
[1.115s] -- Found rosidl_generator_cpp: 3.1.5 (/opt/ros/humble/share/rosidl_generator_cpp/cmake)
[1.158s] -- Using all available rosidl_typesupport_c: rosidl_typesupport_fastrtps_c;rosidl_typesupport_introspection_c
[1.452s] -- Using all available rosidl_typesupport_cpp: rosidl_typesupport_fastrtps_cpp;rosidl_typesupport_introspection_cpp
[1.599s] -- Found rmw_implementation_cmake: 6.1.1 (/opt/ros/humble/share/rmw_implementation_cmake/cmake)
[1.603s] -- Found rmw_fastrtps_cpp: 6.2.6 (/opt/ros/humble/share/rmw_fastrtps_cpp/cmake)
[1.999s] -- Using RMW implementation 'rmw_fastrtps_cpp' as default
[2.677s] -- Found sensor_msgs: 4.2.3 (/opt/ros/humble/share/sensor_msgs/cmake)
[3.223s] -- Found cv_bridge: 3.2.1 (/opt/ros/humble/share/cv_bridge/cmake)
[3.651s] -- Configuring done
[3.733s] -- Generating done
[3.741s] -- Build files have been written to: /cc_ws/tros_ws/build/hobot_zed_cam
[3.796s] Invoked command in '/cc_ws/tros_ws/build/hobot_zed_cam' returned '0': CMAKE_PREFIX_PATH=/opt/ros/humble /usr/bin/cmake /cc_ws/tros_ws/src/box/hobot_sensor/hobot_zed_cam -DCMAKE_EXPORT_COMPILE_COMMANDS=ON --no-warn-unused-cli -DCMAKE_TOOLCHAIN_FILE=/cc_ws/tros_ws/robot_dev_config/aarch64_toolchainfile.cmake -DPLATFORM_X5=ON -DTHIRDPARTY=ON -DBUILD_TESTING=OFF -DCMAKE_BUILD_RPATH=/cc_ws/tros_ws/build/poco_vendor/poco_external_project_install/lib/;/cc_ws/tros_ws/build/libyaml_vendor/libyaml_install/lib/ -DCMAKE_INSTALL_PREFIX=/cc_ws/tros_ws/install
[3.797s] Invoking command in '/cc_ws/tros_ws/build/hobot_zed_cam': CMAKE_PREFIX_PATH=/opt/ros/humble /usr/bin/cmake --build /cc_ws/tros_ws/build/hobot_zed_cam -- -j12 -l12
[3.934s] [35m[1mConsolidate compiler generated dependencies of target pub_stereo_imgs[0m
[4.030s] [100%] Built target pub_stereo_imgs
[4.158s] Invoked command in '/cc_ws/tros_ws/build/hobot_zed_cam' returned '0': CMAKE_PREFIX_PATH=/opt/ros/humble /usr/bin/cmake --build /cc_ws/tros_ws/build/hobot_zed_cam -- -j12 -l12
[4.358s] Invoking command in '/cc_ws/tros_ws/build/hobot_zed_cam': CMAKE_PREFIX_PATH=/opt/ros/humble /usr/bin/cmake --install /cc_ws/tros_ws/build/hobot_zed_cam
[5.041s] -- Install configuration: ""
[5.041s] -- Up-to-date: /cc_ws/tros_ws/install/lib/hobot_zed_cam/anypub_stereo_imgs
[5.041s] -- Up-to-date: /cc_ws/tros_ws/install/share/hobot_zed_cam/launch
[5.041s] -- Up-to-date: /cc_ws/tros_ws/install/share/hobot_zed_cam/launch/pub_stereo_imgs_noweb.launch.py
[5.042s] -- Up-to-date: /cc_ws/tros_ws/install/share/hobot_zed_cam/launch/zed_cam_node.launch.py
[5.042s] -- Up-to-date: /cc_ws/tros_ws/install/share/hobot_zed_cam/launch/test_stereo_custom_rectify.launch.py
[5.042s] -- Up-to-date: /cc_ws/tros_ws/install/share/hobot_zed_cam/launch/pub_stereo_imgs.launch.py
[5.042s] -- Up-to-date: /cc_ws/tros_ws/install/share/hobot_zed_cam/launch/test_stereo_zed_rectify.launch.py
[5.042s] -- Up-to-date: /cc_ws/tros_ws/install/share/hobot_zed_cam/config
[5.043s] -- Up-to-date: /cc_ws/tros_ws/install/share/hobot_zed_cam/config/stereo_8_zed_mini.yaml
[5.043s] -- Up-to-date: /cc_ws/tros_ws/install/share/hobot_zed_cam/config/stereo_8_zed_2i.yaml
[5.059s] -- Up-to-date: /cc_ws/tros_ws/install/share/ament_index/resource_index/package_run_dependencies/hobot_zed_cam
[5.059s] -- Up-to-date: /cc_ws/tros_ws/install/share/ament_index/resource_index/parent_prefix_path/hobot_zed_cam
[5.060s] -- Up-to-date: /cc_ws/tros_ws/install/share/hobot_zed_cam/environment/ament_prefix_path.sh
[5.060s] -- Installing: /cc_ws/tros_ws/install/share/hobot_zed_cam/environment/ament_prefix_path.dsv
[5.060s] -- Up-to-date: /cc_ws/tros_ws/install/share/hobot_zed_cam/environment/path.sh
[5.060s] -- Installing: /cc_ws/tros_ws/install/share/hobot_zed_cam/environment/path.dsv
[5.061s] -- Up-to-date: /cc_ws/tros_ws/install/share/hobot_zed_cam/local_setup.bash
[5.061s] -- Up-to-date: /cc_ws/tros_ws/install/share/hobot_zed_cam/local_setup.sh
[5.061s] -- Up-to-date: /cc_ws/tros_ws/install/share/hobot_zed_cam/local_setup.zsh
[5.061s] -- Installing: /cc_ws/tros_ws/install/share/hobot_zed_cam/local_setup.dsv
[5.062s] -- Installing: /cc_ws/tros_ws/install/share/hobot_zed_cam/package.dsv
[5.062s] -- Up-to-date: /cc_ws/tros_ws/install/share/ament_index/resource_index/packages/hobot_zed_cam
[5.062s] -- Up-to-date: /cc_ws/tros_ws/install/share/hobot_zed_cam/cmake/hobot_zed_camConfig.cmake
[5.062s] -- Up-to-date: /cc_ws/tros_ws/install/share/hobot_zed_cam/cmake/hobot_zed_camConfig-version.cmake
[5.062s] -- Up-to-date: /cc_ws/tros_ws/install/share/hobot_zed_cam/package.xml
[5.203s] Invoked command in '/cc_ws/tros_ws/build/hobot_zed_cam' returned '0': CMAKE_PREFIX_PATH=/opt/ros/humble /usr/bin/cmake --install /cc_ws/tros_ws/build/hobot_zed_cam
