[0.566s] Invoking command in '/cc_ws/tros_ws/build/hand_lmk_detection': AMENT_PREFIX_PATH=/cc_ws/tros_ws/install:${AMENT_PREFIX_PATH} CMAKE_PREFIX_PATH=/cc_ws/tros_ws/install:/opt/ros/humble LD_LIBRARY_PATH=/cc_ws/tros_ws/install/lib:/opt/ros/humble/opt/rviz_ogre_vendor/lib:/opt/ros/humble/lib/aarch64-linux-gnu:/opt/ros/humble/lib:/cc_ws/userdata/hobot/opt/hobot/deps PYTHONPATH=/cc_ws/tros_ws/install/lib/python3.10/site-packages:/cc_ws/tros_ws/install/local/lib/python3.10/dist-packages:${PYTHONPATH} /usr/bin/cmake /cc_ws/tros_ws/src/box/hobot_perception/hand_lmk_detection -DCMAKE_EXPORT_COMPILE_COMMANDS=ON --no-warn-unused-cli -DCMAKE_TOOLCHAIN_FILE=/cc_ws/tros_ws/robot_dev_config/aarch64_toolchainfile.cmake -DPLATFORM_X5=ON -DTHIRDPARTY=ON -DBUILD_TESTING=OFF -DCMAKE_BUILD_RPATH=/cc_ws/tros_ws/build/poco_vendor/poco_external_project_install/lib/;/cc_ws/tros_ws/build/libyaml_vendor/libyaml_install/lib/ -DCMAKE_INSTALL_PREFIX=/cc_ws/tros_ws/install
[1.334s] Not searching for unused variables given on the command line.
[1.334s] -- Found ament_cmake: 1.3.8 (/opt/ros/humble/share/ament_cmake/cmake)
[1.334s] -- Found rclcpp: 16.0.8 (/opt/ros/humble/share/rclcpp/cmake)
[1.334s] -- Found rosidl_generator_c: 3.1.5 (/opt/ros/humble/share/rosidl_generator_c/cmake)
[1.335s] -- Found rosidl_adapter: 3.1.5 (/opt/ros/humble/share/rosidl_adapter/cmake)
[1.335s] -- Found rosidl_generator_cpp: 3.1.5 (/opt/ros/humble/share/rosidl_generator_cpp/cmake)
[1.335s] [33mCMake Warning (dev) at /opt/ros/humble/share/ament_cmake_test/cmake/ament_cmake_test-extras.cmake:19 (option):
[1.335s]   Policy CMP0077 is not set: option() honors normal variables.  Run "cmake
[1.335s]   --help-policy CMP0077" for policy details.  Use the cmake_policy command to
[1.336s]   set the policy and suppress this warning.
[1.336s] 
[1.336s]   For compatibility with older versions of CMake, option is clearing the
[1.336s]   normal variable 'BUILD_TESTING'.
[1.337s] Call Stack (most recent call first):
[1.337s]   /opt/ros/humble/share/ament_cmake_test/cmake/ament_cmake_testConfig.cmake:41 (include)
[1.337s]   /opt/ros/humble/share/ament_cmake/cmake/ament_cmake_export_dependencies-extras.cmake:21 (find_package)
[1.337s]   /opt/ros/humble/share/ament_cmake/cmake/ament_cmakeConfig.cmake:41 (include)
[1.337s]   CMakeLists.txt:33 (find_package)
[1.338s] This warning is for project developers.  Use -Wno-dev to suppress it.
[1.338s] [0m
[1.389s] -- Using all available rosidl_typesupport_c: rosidl_typesupport_fastrtps_c;rosidl_typesupport_introspection_c
[1.499s] -- Using all available rosidl_typesupport_cpp: rosidl_typesupport_fastrtps_cpp;rosidl_typesupport_introspection_cpp
[1.801s] -- Found rmw_implementation_cmake: 6.1.1 (/opt/ros/humble/share/rmw_implementation_cmake/cmake)
[1.806s] -- Found rmw_fastrtps_cpp: 6.2.6 (/opt/ros/humble/share/rmw_fastrtps_cpp/cmake)
[2.221s] -- Using RMW implementation 'rmw_fastrtps_cpp' as default
[3.140s] -- Found sensor_msgs: 4.2.3 (/opt/ros/humble/share/sensor_msgs/cmake)
[3.629s] -- Found ai_msgs: 2.0.1 (/cc_ws/tros_ws/robot_dev_config/../install/share/ai_msgs/cmake)
[4.044s] -- Found dnn_node: 2.5.4 (/cc_ws/tros_ws/robot_dev_config/../install/share/dnn_node/cmake)
[4.116s] -- Found hbm_img_msgs: 2.0.0 (/cc_ws/tros_ws/robot_dev_config/../install/share/hbm_img_msgs/cmake)
[4.298s] [0mbuild platform X5[0m
[4.298s] [0mCMAKE_SYSROOT is /cc_ws/tros_ws/robot_dev_config/../../sysroot_docker[0m
[4.632s] -- Configuring done
[4.802s] -- Generating done
[4.824s] -- Build files have been written to: /cc_ws/tros_ws/build/hand_lmk_detection
[4.929s] Invoked command in '/cc_ws/tros_ws/build/hand_lmk_detection' returned '0': AMENT_PREFIX_PATH=/cc_ws/tros_ws/install:${AMENT_PREFIX_PATH} CMAKE_PREFIX_PATH=/cc_ws/tros_ws/install:/opt/ros/humble LD_LIBRARY_PATH=/cc_ws/tros_ws/install/lib:/opt/ros/humble/opt/rviz_ogre_vendor/lib:/opt/ros/humble/lib/aarch64-linux-gnu:/opt/ros/humble/lib:/cc_ws/userdata/hobot/opt/hobot/deps PYTHONPATH=/cc_ws/tros_ws/install/lib/python3.10/site-packages:/cc_ws/tros_ws/install/local/lib/python3.10/dist-packages:${PYTHONPATH} /usr/bin/cmake /cc_ws/tros_ws/src/box/hobot_perception/hand_lmk_detection -DCMAKE_EXPORT_COMPILE_COMMANDS=ON --no-warn-unused-cli -DCMAKE_TOOLCHAIN_FILE=/cc_ws/tros_ws/robot_dev_config/aarch64_toolchainfile.cmake -DPLATFORM_X5=ON -DTHIRDPARTY=ON -DBUILD_TESTING=OFF -DCMAKE_BUILD_RPATH=/cc_ws/tros_ws/build/poco_vendor/poco_external_project_install/lib/;/cc_ws/tros_ws/build/libyaml_vendor/libyaml_install/lib/ -DCMAKE_INSTALL_PREFIX=/cc_ws/tros_ws/install
[4.932s] Invoking command in '/cc_ws/tros_ws/build/hand_lmk_detection': AMENT_PREFIX_PATH=/cc_ws/tros_ws/install:${AMENT_PREFIX_PATH} CMAKE_PREFIX_PATH=/cc_ws/tros_ws/install:/opt/ros/humble LD_LIBRARY_PATH=/cc_ws/tros_ws/install/lib:/opt/ros/humble/opt/rviz_ogre_vendor/lib:/opt/ros/humble/lib/aarch64-linux-gnu:/opt/ros/humble/lib:/cc_ws/userdata/hobot/opt/hobot/deps PYTHONPATH=/cc_ws/tros_ws/install/lib/python3.10/site-packages:/cc_ws/tros_ws/install/local/lib/python3.10/dist-packages:${PYTHONPATH} /usr/bin/cmake --build /cc_ws/tros_ws/build/hand_lmk_detection -- -j12 -l12
[5.112s] [35m[1mConsolidate compiler generated dependencies of target hand_lmk_detection[0m
[5.219s] [100%] Built target hand_lmk_detection
[5.253s] Invoked command in '/cc_ws/tros_ws/build/hand_lmk_detection' returned '0': AMENT_PREFIX_PATH=/cc_ws/tros_ws/install:${AMENT_PREFIX_PATH} CMAKE_PREFIX_PATH=/cc_ws/tros_ws/install:/opt/ros/humble LD_LIBRARY_PATH=/cc_ws/tros_ws/install/lib:/opt/ros/humble/opt/rviz_ogre_vendor/lib:/opt/ros/humble/lib/aarch64-linux-gnu:/opt/ros/humble/lib:/cc_ws/userdata/hobot/opt/hobot/deps PYTHONPATH=/cc_ws/tros_ws/install/lib/python3.10/site-packages:/cc_ws/tros_ws/install/local/lib/python3.10/dist-packages:${PYTHONPATH} /usr/bin/cmake --build /cc_ws/tros_ws/build/hand_lmk_detection -- -j12 -l12
[5.358s] Invoking command in '/cc_ws/tros_ws/build/hand_lmk_detection': AMENT_PREFIX_PATH=/cc_ws/tros_ws/install:${AMENT_PREFIX_PATH} CMAKE_PREFIX_PATH=/cc_ws/tros_ws/install:/opt/ros/humble LD_LIBRARY_PATH=/cc_ws/tros_ws/install/lib:/opt/ros/humble/opt/rviz_ogre_vendor/lib:/opt/ros/humble/lib/aarch64-linux-gnu:/opt/ros/humble/lib:/cc_ws/userdata/hobot/opt/hobot/deps PYTHONPATH=/cc_ws/tros_ws/install/lib/python3.10/site-packages:/cc_ws/tros_ws/install/local/lib/python3.10/dist-packages:${PYTHONPATH} /usr/bin/cmake --install /cc_ws/tros_ws/build/hand_lmk_detection
[5.372s] -- Install configuration: ""
[5.373s] -- Up-to-date: /cc_ws/tros_ws/install/lib/hand_lmk_detection/hand_lmk_detection
[5.373s] -- Up-to-date: /cc_ws/tros_ws/install/lib/hand_lmk_detection/config/
[5.374s] -- Up-to-date: /cc_ws/tros_ws/install/lib/hand_lmk_detection/config//handLMKs.hbm
[5.374s] -- Up-to-date: /cc_ws/tros_ws/install/lib/hand_lmk_detection/config/960x544.nv12
[5.374s] -- Up-to-date: /cc_ws/tros_ws/install/share/hand_lmk_detection/launch
[5.375s] -- Up-to-date: /cc_ws/tros_ws/install/share/hand_lmk_detection/launch/hand_lmk_detection.launch.py
[5.379s] -- Up-to-date: /cc_ws/tros_ws/install/share/ament_index/resource_index/package_run_dependencies/hand_lmk_detection
[5.379s] -- Up-to-date: /cc_ws/tros_ws/install/share/ament_index/resource_index/parent_prefix_path/hand_lmk_detection
[5.381s] -- Up-to-date: /cc_ws/tros_ws/install/share/hand_lmk_detection/environment/ament_prefix_path.sh
[5.382s] -- Installing: /cc_ws/tros_ws/install/share/hand_lmk_detection/environment/ament_prefix_path.dsv
[5.382s] -- Up-to-date: /cc_ws/tros_ws/install/share/hand_lmk_detection/environment/path.sh
[5.386s] -- Installing: /cc_ws/tros_ws/install/share/hand_lmk_detection/environment/path.dsv
[5.387s] -- Up-to-date: /cc_ws/tros_ws/install/share/hand_lmk_detection/local_setup.bash
[5.388s] -- Up-to-date: /cc_ws/tros_ws/install/share/hand_lmk_detection/local_setup.sh
[5.388s] -- Up-to-date: /cc_ws/tros_ws/install/share/hand_lmk_detection/local_setup.zsh
[5.388s] -- Installing: /cc_ws/tros_ws/install/share/hand_lmk_detection/local_setup.dsv
[5.388s] -- Installing: /cc_ws/tros_ws/install/share/hand_lmk_detection/package.dsv
[5.389s] -- Up-to-date: /cc_ws/tros_ws/install/share/ament_index/resource_index/packages/hand_lmk_detection
[5.389s] -- Up-to-date: /cc_ws/tros_ws/install/share/hand_lmk_detection/cmake/hand_lmk_detectionConfig.cmake
[5.389s] -- Up-to-date: /cc_ws/tros_ws/install/share/hand_lmk_detection/cmake/hand_lmk_detectionConfig-version.cmake
[5.389s] -- Up-to-date: /cc_ws/tros_ws/install/share/hand_lmk_detection/package.xml
[5.389s] Invoked command in '/cc_ws/tros_ws/build/hand_lmk_detection' returned '0': AMENT_PREFIX_PATH=/cc_ws/tros_ws/install:${AMENT_PREFIX_PATH} CMAKE_PREFIX_PATH=/cc_ws/tros_ws/install:/opt/ros/humble LD_LIBRARY_PATH=/cc_ws/tros_ws/install/lib:/opt/ros/humble/opt/rviz_ogre_vendor/lib:/opt/ros/humble/lib/aarch64-linux-gnu:/opt/ros/humble/lib:/cc_ws/userdata/hobot/opt/hobot/deps PYTHONPATH=/cc_ws/tros_ws/install/lib/python3.10/site-packages:/cc_ws/tros_ws/install/local/lib/python3.10/dist-packages:${PYTHONPATH} /usr/bin/cmake --install /cc_ws/tros_ws/build/hand_lmk_detection
