[0.052s] Invoking command in '/cc_ws/tros_ws/build/clip_msgs': CMAKE_PREFIX_PATH=/opt/ros/humble /usr/bin/cmake /cc_ws/tros_ws/src/box/hobot_clip/clip_msgs -DCMAKE_EXPORT_COMPILE_COMMANDS=ON --no-warn-unused-cli -DCMAKE_TOOLCHAIN_FILE=/cc_ws/tros_ws/robot_dev_config/aarch64_toolchainfile.cmake -DPLATFORM_X5=ON -DTHIRDPARTY=ON -DBUILD_TESTING=OFF -DCMAKE_BUILD_RPATH=/cc_ws/tros_ws/build/poco_vendor/poco_external_project_install/lib/;/cc_ws/tros_ws/build/libyaml_vendor/libyaml_install/lib/ -DCMAKE_INSTALL_PREFIX=/cc_ws/tros_ws/install
[0.175s] Not searching for unused variables given on the command line.
[0.175s] -- Found ament_cmake: 1.3.8 (/opt/ros/humble/share/ament_cmake/cmake)
[0.404s] [33mCMake Warning (dev) at /opt/ros/humble/share/ament_cmake_test/cmake/ament_cmake_test-extras.cmake:19 (option):
[0.404s]   Policy CMP0077 is not set: option() honors normal variables.  Run "cmake
[0.404s]   --help-policy CMP0077" for policy details.  Use the cmake_policy command to
[0.405s]   set the policy and suppress this warning.
[0.405s] 
[0.405s]   For compatibility with older versions of CMake, option is clearing the
[0.405s]   normal variable 'BUILD_TESTING'.
[0.405s] Call Stack (most recent call first):
[0.406s]   /opt/ros/humble/share/ament_cmake_test/cmake/ament_cmake_testConfig.cmake:41 (include)
[0.406s]   /opt/ros/humble/share/ament_cmake/cmake/ament_cmake_export_dependencies-extras.cmake:21 (find_package)
[0.406s]   /opt/ros/humble/share/ament_cmake/cmake/ament_cmakeConfig.cmake:41 (include)
[0.406s]   CMakeLists.txt:33 (find_package)
[0.406s] This warning is for project developers.  Use -Wno-dev to suppress it.
[0.407s] [0m
[0.410s] -- Found std_msgs: 4.2.3 (/opt/ros/humble/share/std_msgs/cmake)
[0.481s] -- Found rosidl_generator_c: 3.1.5 (/opt/ros/humble/share/rosidl_generator_c/cmake)
[0.488s] -- Found rosidl_adapter: 3.1.5 (/opt/ros/humble/share/rosidl_adapter/cmake)
[0.508s] -- Found rosidl_generator_cpp: 3.1.5 (/opt/ros/humble/share/rosidl_generator_cpp/cmake)
[0.549s] -- Using all available rosidl_typesupport_c: rosidl_typesupport_fastrtps_c;rosidl_typesupport_introspection_c
[0.646s] -- Using all available rosidl_typesupport_cpp: rosidl_typesupport_fastrtps_cpp;rosidl_typesupport_introspection_cpp
[0.851s] -- Found action_msgs: 1.2.1 (/opt/ros/humble/share/action_msgs/cmake)
[1.083s] -- Found rosidl_default_generators: 1.2.0 (/opt/ros/humble/share/rosidl_default_generators/cmake)
[2.240s] -- Found ament_cmake_ros: 0.10.0 (/opt/ros/humble/share/ament_cmake_ros/cmake)
[3.603s] -- Using all available rosidl_typesupport_c: rosidl_typesupport_fastrtps_c;rosidl_typesupport_introspection_c
[4.151s] -- Using all available rosidl_typesupport_cpp: rosidl_typesupport_fastrtps_cpp;rosidl_typesupport_introspection_cpp
[4.245s] -- Found python_cmake_module: 0.10.0 (/opt/ros/humble/share/python_cmake_module/cmake)
[4.395s] -- Using PYTHON_EXECUTABLE: /usr/bin/python3
[4.395s] -- Using PYTHON_INCLUDE_DIRS: /cc_ws/tros_ws/robot_dev_config/../../sysroot_docker/usr/include/python3.10
[4.395s] -- Using PYTHON_LIBRARIES: /cc_ws/tros_ws/robot_dev_config/../../sysroot_docker/usr/lib/aarch64-linux-gnu/libpython3.10.so
[5.003s] -- Using numpy include directory: /usr/local/lib/python3.10/dist-packages/numpy/core/include
[5.082s] -- Configuring done
[5.204s] -- Generating done
[5.215s] -- Build files have been written to: /cc_ws/tros_ws/build/clip_msgs
[5.233s] Invoked command in '/cc_ws/tros_ws/build/clip_msgs' returned '0': CMAKE_PREFIX_PATH=/opt/ros/humble /usr/bin/cmake /cc_ws/tros_ws/src/box/hobot_clip/clip_msgs -DCMAKE_EXPORT_COMPILE_COMMANDS=ON --no-warn-unused-cli -DCMAKE_TOOLCHAIN_FILE=/cc_ws/tros_ws/robot_dev_config/aarch64_toolchainfile.cmake -DPLATFORM_X5=ON -DTHIRDPARTY=ON -DBUILD_TESTING=OFF -DCMAKE_BUILD_RPATH=/cc_ws/tros_ws/build/poco_vendor/poco_external_project_install/lib/;/cc_ws/tros_ws/build/libyaml_vendor/libyaml_install/lib/ -DCMAKE_INSTALL_PREFIX=/cc_ws/tros_ws/install
[5.234s] Invoking command in '/cc_ws/tros_ws/build/clip_msgs': CMAKE_PREFIX_PATH=/opt/ros/humble /usr/bin/cmake --build /cc_ws/tros_ws/build/clip_msgs -- -j12 -l12
[5.447s] [35m[1mConsolidate compiler generated dependencies of target clip_msgs__rosidl_generator_c[0m
[5.523s] [ 10%] Built target clip_msgs__rosidl_generator_c
[5.528s] [ 12%] Built target clip_msgs__cpp
[5.553s] [ 12%] Built target ament_cmake_python_copy_clip_msgs
[5.583s] [35m[1mConsolidate compiler generated dependencies of target clip_msgs__rosidl_typesupport_c[0m
[5.586s] [35m[1mConsolidate compiler generated dependencies of target clip_msgs__rosidl_typesupport_fastrtps_c[0m
[5.596s] [35m[1mConsolidate compiler generated dependencies of target clip_msgs__rosidl_typesupport_introspection_c[0m
[5.602s] [35m[1mConsolidate compiler generated dependencies of target clip_msgs__rosidl_typesupport_introspection_cpp[0m
[5.616s] [35m[1mConsolidate compiler generated dependencies of target clip_msgs__rosidl_typesupport_cpp[0m
[5.628s] [35m[1mConsolidate compiler generated dependencies of target clip_msgs__rosidl_typesupport_fastrtps_cpp[0m
[5.674s] [ 23%] Built target clip_msgs__rosidl_typesupport_c
[5.689s] [ 33%] Built target clip_msgs__rosidl_typesupport_introspection_c
[5.725s] [ 43%] Built target clip_msgs__rosidl_typesupport_fastrtps_c
[5.725s] [ 53%] Built target clip_msgs__rosidl_typesupport_introspection_cpp
[5.740s] [ 64%] Built target clip_msgs__rosidl_typesupport_fastrtps_cpp
[5.767s] [ 74%] Built target clip_msgs__rosidl_typesupport_cpp
[5.867s] [ 74%] Built target clip_msgs
[5.994s] [ 76%] Built target clip_msgs__py
[6.061s] [35m[1mConsolidate compiler generated dependencies of target clip_msgs__rosidl_generator_py[0m
[6.098s] [ 84%] Built target clip_msgs__rosidl_generator_py
[6.154s] [35m[1mConsolidate compiler generated dependencies of target clip_msgs__rosidl_typesupport_fastrtps_c__pyext[0m
[6.177s] [35m[1mConsolidate compiler generated dependencies of target clip_msgs__rosidl_typesupport_introspection_c__pyext[0m
[6.180s] [35m[1mConsolidate compiler generated dependencies of target clip_msgs__rosidl_typesupport_c__pyext[0m
[6.276s] [ 89%] Built target clip_msgs__rosidl_typesupport_c__pyext
[6.276s] [ 94%] Built target clip_msgs__rosidl_typesupport_introspection_c__pyext
[6.279s] [100%] Built target clip_msgs__rosidl_typesupport_fastrtps_c__pyext
[6.417s] running egg_info
[6.418s] writing clip_msgs.egg-info/PKG-INFO
[6.418s] writing dependency_links to clip_msgs.egg-info/dependency_links.txt
[6.418s] writing top-level names to clip_msgs.egg-info/top_level.txt
[6.419s] reading manifest file 'clip_msgs.egg-info/SOURCES.txt'
[6.419s] writing manifest file 'clip_msgs.egg-info/SOURCES.txt'
[6.492s] [100%] Built target ament_cmake_python_build_clip_msgs_egg
[6.657s] Invoked command in '/cc_ws/tros_ws/build/clip_msgs' returned '0': CMAKE_PREFIX_PATH=/opt/ros/humble /usr/bin/cmake --build /cc_ws/tros_ws/build/clip_msgs -- -j12 -l12
[7.324s] Invoking command in '/cc_ws/tros_ws/build/clip_msgs': CMAKE_PREFIX_PATH=/opt/ros/humble /usr/bin/cmake --install /cc_ws/tros_ws/build/clip_msgs
[7.642s] -- Install configuration: ""
[7.643s] -- Up-to-date: /cc_ws/tros_ws/install/share/ament_index/resource_index/rosidl_interfaces/clip_msgs
[7.643s] -- Up-to-date: /cc_ws/tros_ws/install/include/clip_msgs/clip_msgs
[7.643s] -- Up-to-date: /cc_ws/tros_ws/install/include/clip_msgs/clip_msgs/action
[7.643s] -- Up-to-date: /cc_ws/tros_ws/install/include/clip_msgs/clip_msgs/action/detail
[7.644s] -- Up-to-date: /cc_ws/tros_ws/install/include/clip_msgs/clip_msgs/action/detail/get_features__type_support.h
[7.644s] -- Up-to-date: /cc_ws/tros_ws/install/include/clip_msgs/clip_msgs/action/detail/get_features__struct.h
[7.644s] -- Up-to-date: /cc_ws/tros_ws/install/include/clip_msgs/clip_msgs/action/detail/get_features__functions.c
[7.644s] -- Up-to-date: /cc_ws/tros_ws/install/include/clip_msgs/clip_msgs/action/detail/get_features__functions.h
[7.644s] -- Up-to-date: /cc_ws/tros_ws/install/include/clip_msgs/clip_msgs/action/get_features.h
[7.645s] -- Up-to-date: /cc_ws/tros_ws/install/include/clip_msgs/clip_msgs/msg
[7.645s] -- Up-to-date: /cc_ws/tros_ws/install/include/clip_msgs/clip_msgs/msg/rosidl_generator_c__visibility_control.h
[7.645s] -- Up-to-date: /cc_ws/tros_ws/install/include/clip_msgs/clip_msgs/msg/clip_item.h
[7.645s] -- Up-to-date: /cc_ws/tros_ws/install/include/clip_msgs/clip_msgs/msg/detail
[7.646s] -- Up-to-date: /cc_ws/tros_ws/install/include/clip_msgs/clip_msgs/msg/detail/clip_item__struct.h
[7.646s] -- Up-to-date: /cc_ws/tros_ws/install/include/clip_msgs/clip_msgs/msg/detail/clip_item__functions.c
[7.646s] -- Up-to-date: /cc_ws/tros_ws/install/include/clip_msgs/clip_msgs/msg/detail/clip_item__type_support.h
[7.646s] -- Up-to-date: /cc_ws/tros_ws/install/include/clip_msgs/clip_msgs/msg/detail/clip_item__functions.h
[7.646s] -- Up-to-date: /cc_ws/tros_ws/install/share/clip_msgs/environment/library_path.sh
[7.647s] -- Installing: /cc_ws/tros_ws/install/share/clip_msgs/environment/library_path.dsv
[7.647s] -- Up-to-date: /cc_ws/tros_ws/install/lib/libclip_msgs__rosidl_generator_c.so
[7.647s] -- Up-to-date: /cc_ws/tros_ws/install/include/clip_msgs/clip_msgs
[7.647s] -- Up-to-date: /cc_ws/tros_ws/install/include/clip_msgs/clip_msgs/action
[7.647s] -- Up-to-date: /cc_ws/tros_ws/install/include/clip_msgs/clip_msgs/action/detail
[7.648s] -- Up-to-date: /cc_ws/tros_ws/install/include/clip_msgs/clip_msgs/action/detail/get_features__rosidl_typesupport_fastrtps_c.h
[7.648s] -- Up-to-date: /cc_ws/tros_ws/install/include/clip_msgs/clip_msgs/msg
[7.648s] -- Up-to-date: /cc_ws/tros_ws/install/include/clip_msgs/clip_msgs/msg/rosidl_typesupport_fastrtps_c__visibility_control.h
[7.648s] -- Up-to-date: /cc_ws/tros_ws/install/include/clip_msgs/clip_msgs/msg/detail
[7.648s] -- Up-to-date: /cc_ws/tros_ws/install/include/clip_msgs/clip_msgs/msg/detail/clip_item__rosidl_typesupport_fastrtps_c.h
[7.649s] -- Up-to-date: /cc_ws/tros_ws/install/lib/libclip_msgs__rosidl_typesupport_fastrtps_c.so
[7.649s] -- Up-to-date: /cc_ws/tros_ws/install/include/clip_msgs/clip_msgs
[7.649s] -- Up-to-date: /cc_ws/tros_ws/install/include/clip_msgs/clip_msgs/action
[7.649s] -- Up-to-date: /cc_ws/tros_ws/install/include/clip_msgs/clip_msgs/action/get_features.hpp
[7.658s] -- Up-to-date: /cc_ws/tros_ws/install/include/clip_msgs/clip_msgs/action/detail
[7.659s] -- Up-to-date: /cc_ws/tros_ws/install/include/clip_msgs/clip_msgs/action/detail/get_features__traits.hpp
[7.659s] -- Up-to-date: /cc_ws/tros_ws/install/include/clip_msgs/clip_msgs/action/detail/get_features__struct.hpp
[7.660s] -- Up-to-date: /cc_ws/tros_ws/install/include/clip_msgs/clip_msgs/action/detail/get_features__builder.hpp
[7.660s] -- Up-to-date: /cc_ws/tros_ws/install/include/clip_msgs/clip_msgs/msg
[7.660s] -- Up-to-date: /cc_ws/tros_ws/install/include/clip_msgs/clip_msgs/msg/detail
[7.660s] -- Up-to-date: /cc_ws/tros_ws/install/include/clip_msgs/clip_msgs/msg/detail/clip_item__traits.hpp
[7.661s] -- Up-to-date: /cc_ws/tros_ws/install/include/clip_msgs/clip_msgs/msg/detail/clip_item__builder.hpp
[7.661s] -- Up-to-date: /cc_ws/tros_ws/install/include/clip_msgs/clip_msgs/msg/detail/clip_item__struct.hpp
[7.661s] -- Up-to-date: /cc_ws/tros_ws/install/include/clip_msgs/clip_msgs/msg/clip_item.hpp
[7.661s] -- Up-to-date: /cc_ws/tros_ws/install/include/clip_msgs/clip_msgs
[7.662s] -- Up-to-date: /cc_ws/tros_ws/install/include/clip_msgs/clip_msgs/action
[7.662s] -- Up-to-date: /cc_ws/tros_ws/install/include/clip_msgs/clip_msgs/action/detail
[7.662s] -- Up-to-date: /cc_ws/tros_ws/install/include/clip_msgs/clip_msgs/action/detail/get_features__rosidl_typesupport_fastrtps_cpp.hpp
[7.663s] -- Up-to-date: /cc_ws/tros_ws/install/include/clip_msgs/clip_msgs/action/detail/dds_fastrtps
[7.663s] -- Up-to-date: /cc_ws/tros_ws/install/include/clip_msgs/clip_msgs/msg
[7.663s] -- Up-to-date: /cc_ws/tros_ws/install/include/clip_msgs/clip_msgs/msg/detail
[7.663s] -- Up-to-date: /cc_ws/tros_ws/install/include/clip_msgs/clip_msgs/msg/detail/clip_item__rosidl_typesupport_fastrtps_cpp.hpp
[7.663s] -- Up-to-date: /cc_ws/tros_ws/install/include/clip_msgs/clip_msgs/msg/detail/dds_fastrtps
[7.664s] -- Up-to-date: /cc_ws/tros_ws/install/include/clip_msgs/clip_msgs/msg/rosidl_typesupport_fastrtps_cpp__visibility_control.h
[7.664s] -- Up-to-date: /cc_ws/tros_ws/install/lib/libclip_msgs__rosidl_typesupport_fastrtps_cpp.so
[7.664s] -- Up-to-date: /cc_ws/tros_ws/install/include/clip_msgs/clip_msgs
[7.664s] -- Up-to-date: /cc_ws/tros_ws/install/include/clip_msgs/clip_msgs/action
[7.664s] -- Up-to-date: /cc_ws/tros_ws/install/include/clip_msgs/clip_msgs/action/detail
[7.665s] -- Up-to-date: /cc_ws/tros_ws/install/include/clip_msgs/clip_msgs/action/detail/get_features__rosidl_typesupport_introspection_c.h
[7.665s] -- Up-to-date: /cc_ws/tros_ws/install/include/clip_msgs/clip_msgs/action/detail/get_features__type_support.c
[7.665s] -- Up-to-date: /cc_ws/tros_ws/install/include/clip_msgs/clip_msgs/msg
[7.665s] -- Up-to-date: /cc_ws/tros_ws/install/include/clip_msgs/clip_msgs/msg/rosidl_typesupport_introspection_c__visibility_control.h
[7.666s] -- Up-to-date: /cc_ws/tros_ws/install/include/clip_msgs/clip_msgs/msg/detail
[7.666s] -- Up-to-date: /cc_ws/tros_ws/install/include/clip_msgs/clip_msgs/msg/detail/clip_item__type_support.c
[7.666s] -- Up-to-date: /cc_ws/tros_ws/install/include/clip_msgs/clip_msgs/msg/detail/clip_item__rosidl_typesupport_introspection_c.h
[7.666s] -- Up-to-date: /cc_ws/tros_ws/install/lib/libclip_msgs__rosidl_typesupport_introspection_c.so
[7.666s] -- Up-to-date: /cc_ws/tros_ws/install/lib/libclip_msgs__rosidl_typesupport_c.so
[7.667s] -- Up-to-date: /cc_ws/tros_ws/install/include/clip_msgs/clip_msgs
[7.667s] -- Up-to-date: /cc_ws/tros_ws/install/include/clip_msgs/clip_msgs/action
[7.667s] -- Up-to-date: /cc_ws/tros_ws/install/include/clip_msgs/clip_msgs/action/detail
[7.667s] -- Up-to-date: /cc_ws/tros_ws/install/include/clip_msgs/clip_msgs/action/detail/get_features__rosidl_typesupport_introspection_cpp.hpp
[7.667s] -- Up-to-date: /cc_ws/tros_ws/install/include/clip_msgs/clip_msgs/action/detail/get_features__type_support.cpp
[7.668s] -- Up-to-date: /cc_ws/tros_ws/install/include/clip_msgs/clip_msgs/msg
[7.668s] -- Up-to-date: /cc_ws/tros_ws/install/include/clip_msgs/clip_msgs/msg/detail
[7.670s] -- Up-to-date: /cc_ws/tros_ws/install/include/clip_msgs/clip_msgs/msg/detail/clip_item__rosidl_typesupport_introspection_cpp.hpp
[7.671s] -- Up-to-date: /cc_ws/tros_ws/install/include/clip_msgs/clip_msgs/msg/detail/clip_item__type_support.cpp
[7.671s] -- Up-to-date: /cc_ws/tros_ws/install/lib/libclip_msgs__rosidl_typesupport_introspection_cpp.so
[7.671s] -- Up-to-date: /cc_ws/tros_ws/install/lib/libclip_msgs__rosidl_typesupport_cpp.so
[7.671s] -- Up-to-date: /cc_ws/tros_ws/install/share/clip_msgs/environment/pythonpath.sh
[7.680s] -- Installing: /cc_ws/tros_ws/install/share/clip_msgs/environment/pythonpath.dsv
[7.686s] -- Up-to-date: /cc_ws/tros_ws/install/local/lib/python3.10/dist-packages/clip_msgs-0.3.0-py3.10.egg-info
[7.686s] -- Installing: /cc_ws/tros_ws/install/local/lib/python3.10/dist-packages/clip_msgs-0.3.0-py3.10.egg-info/SOURCES.txt
[7.686s] -- Installing: /cc_ws/tros_ws/install/local/lib/python3.10/dist-packages/clip_msgs-0.3.0-py3.10.egg-info/PKG-INFO
[7.687s] -- Installing: /cc_ws/tros_ws/install/local/lib/python3.10/dist-packages/clip_msgs-0.3.0-py3.10.egg-info/dependency_links.txt
[7.687s] -- Installing: /cc_ws/tros_ws/install/local/lib/python3.10/dist-packages/clip_msgs-0.3.0-py3.10.egg-info/top_level.txt
[7.687s] -- Up-to-date: /cc_ws/tros_ws/install/local/lib/python3.10/dist-packages/clip_msgs
[7.687s] -- Up-to-date: /cc_ws/tros_ws/install/local/lib/python3.10/dist-packages/clip_msgs/_clip_msgs_s.ep.rosidl_typesupport_introspection_c.c
[7.687s] -- Up-to-date: /cc_ws/tros_ws/install/local/lib/python3.10/dist-packages/clip_msgs/clip_msgs_s__rosidl_typesupport_introspection_c.cpython-310-aarch64-linux-gnu.so
[7.688s] -- Up-to-date: /cc_ws/tros_ws/install/local/lib/python3.10/dist-packages/clip_msgs/action
[7.688s] -- Up-to-date: /cc_ws/tros_ws/install/local/lib/python3.10/dist-packages/clip_msgs/action/_get_features.py
[7.688s] -- Up-to-date: /cc_ws/tros_ws/install/local/lib/python3.10/dist-packages/clip_msgs/action/_get_features_s.c
[7.688s] -- Up-to-date: /cc_ws/tros_ws/install/local/lib/python3.10/dist-packages/clip_msgs/action/__init__.py
[7.688s] -- Up-to-date: /cc_ws/tros_ws/install/local/lib/python3.10/dist-packages/clip_msgs/_clip_msgs_s.ep.rosidl_typesupport_c.c
[7.689s] -- Up-to-date: /cc_ws/tros_ws/install/local/lib/python3.10/dist-packages/clip_msgs/msg
[7.689s] -- Up-to-date: /cc_ws/tros_ws/install/local/lib/python3.10/dist-packages/clip_msgs/msg/_clip_item_s.c
[7.689s] -- Up-to-date: /cc_ws/tros_ws/install/local/lib/python3.10/dist-packages/clip_msgs/msg/_clip_item.py
[7.689s] -- Up-to-date: /cc_ws/tros_ws/install/local/lib/python3.10/dist-packages/clip_msgs/msg/__init__.py
[7.689s] -- Up-to-date: /cc_ws/tros_ws/install/local/lib/python3.10/dist-packages/clip_msgs/libclip_msgs__rosidl_generator_py.so
[7.690s] -- Up-to-date: /cc_ws/tros_ws/install/local/lib/python3.10/dist-packages/clip_msgs/clip_msgs_s__rosidl_typesupport_fastrtps_c.cpython-310-aarch64-linux-gnu.so
[7.690s] -- Installing: /cc_ws/tros_ws/install/local/lib/python3.10/dist-packages/clip_msgs/__init__.py
[7.690s] -- Up-to-date: /cc_ws/tros_ws/install/local/lib/python3.10/dist-packages/clip_msgs/clip_msgs_s__rosidl_typesupport_c.cpython-310-aarch64-linux-gnu.so
[7.690s] -- Up-to-date: /cc_ws/tros_ws/install/local/lib/python3.10/dist-packages/clip_msgs/_clip_msgs_s.ep.rosidl_typesupport_fastrtps_c.c
[7.691s] Listing '/cc_ws/tros_ws/install/local/lib/python3.10/dist-packages/clip_msgs'...
[7.691s] Compiling '/cc_ws/tros_ws/install/local/lib/python3.10/dist-packages/clip_msgs/__init__.py'...
[7.691s] Listing '/cc_ws/tros_ws/install/local/lib/python3.10/dist-packages/clip_msgs/action'...
[7.691s] Listing '/cc_ws/tros_ws/install/local/lib/python3.10/dist-packages/clip_msgs/msg'...
[7.691s] -- Up-to-date: /cc_ws/tros_ws/install/local/lib/python3.10/dist-packages/clip_msgs/clip_msgs_s__rosidl_typesupport_fastrtps_c.cpython-310-aarch64-linux-gnu.so
[7.692s] -- Up-to-date: /cc_ws/tros_ws/install/local/lib/python3.10/dist-packages/clip_msgs/clip_msgs_s__rosidl_typesupport_introspection_c.cpython-310-aarch64-linux-gnu.so
[7.692s] -- Up-to-date: /cc_ws/tros_ws/install/local/lib/python3.10/dist-packages/clip_msgs/clip_msgs_s__rosidl_typesupport_c.cpython-310-aarch64-linux-gnu.so
[7.692s] -- Up-to-date: /cc_ws/tros_ws/install/lib/libclip_msgs__rosidl_generator_py.so
[7.692s] -- Up-to-date: /cc_ws/tros_ws/install/share/clip_msgs/msg/ClipItem.idl
[7.692s] -- Up-to-date: /cc_ws/tros_ws/install/share/clip_msgs/action/GetFeatures.idl
[7.693s] -- Up-to-date: /cc_ws/tros_ws/install/share/clip_msgs/msg/ClipItem.msg
[7.693s] -- Up-to-date: /cc_ws/tros_ws/install/share/clip_msgs/action/GetFeatures.action
[7.693s] -- Up-to-date: /cc_ws/tros_ws/install/share/ament_index/resource_index/package_run_dependencies/clip_msgs
[7.693s] -- Up-to-date: /cc_ws/tros_ws/install/share/ament_index/resource_index/parent_prefix_path/clip_msgs
[7.693s] -- Up-to-date: /cc_ws/tros_ws/install/share/clip_msgs/environment/ament_prefix_path.sh
[7.694s] -- Installing: /cc_ws/tros_ws/install/share/clip_msgs/environment/ament_prefix_path.dsv
[7.694s] -- Up-to-date: /cc_ws/tros_ws/install/share/clip_msgs/environment/path.sh
[7.694s] -- Installing: /cc_ws/tros_ws/install/share/clip_msgs/environment/path.dsv
[7.694s] -- Up-to-date: /cc_ws/tros_ws/install/share/clip_msgs/local_setup.bash
[7.694s] -- Up-to-date: /cc_ws/tros_ws/install/share/clip_msgs/local_setup.sh
[7.695s] -- Up-to-date: /cc_ws/tros_ws/install/share/clip_msgs/local_setup.zsh
[7.695s] -- Installing: /cc_ws/tros_ws/install/share/clip_msgs/local_setup.dsv
[7.695s] -- Installing: /cc_ws/tros_ws/install/share/clip_msgs/package.dsv
[7.695s] -- Up-to-date: /cc_ws/tros_ws/install/share/ament_index/resource_index/packages/clip_msgs
[7.709s] -- Up-to-date: /cc_ws/tros_ws/install/share/clip_msgs/cmake/export_clip_msgs__rosidl_generator_cExport.cmake
[7.711s] -- Up-to-date: /cc_ws/tros_ws/install/share/clip_msgs/cmake/export_clip_msgs__rosidl_generator_cExport-noconfig.cmake
[7.711s] -- Up-to-date: /cc_ws/tros_ws/install/share/clip_msgs/cmake/export_clip_msgs__rosidl_typesupport_fastrtps_cExport.cmake
[7.711s] -- Up-to-date: /cc_ws/tros_ws/install/share/clip_msgs/cmake/export_clip_msgs__rosidl_typesupport_fastrtps_cExport-noconfig.cmake
[7.711s] -- Up-to-date: /cc_ws/tros_ws/install/share/clip_msgs/cmake/export_clip_msgs__rosidl_generator_cppExport.cmake
[7.712s] -- Up-to-date: /cc_ws/tros_ws/install/share/clip_msgs/cmake/export_clip_msgs__rosidl_typesupport_fastrtps_cppExport.cmake
[7.712s] -- Up-to-date: /cc_ws/tros_ws/install/share/clip_msgs/cmake/export_clip_msgs__rosidl_typesupport_fastrtps_cppExport-noconfig.cmake
[7.712s] -- Up-to-date: /cc_ws/tros_ws/install/share/clip_msgs/cmake/clip_msgs__rosidl_typesupport_introspection_cExport.cmake
[7.712s] -- Up-to-date: /cc_ws/tros_ws/install/share/clip_msgs/cmake/clip_msgs__rosidl_typesupport_introspection_cExport-noconfig.cmake
[7.712s] -- Up-to-date: /cc_ws/tros_ws/install/share/clip_msgs/cmake/clip_msgs__rosidl_typesupport_cExport.cmake
[7.713s] -- Up-to-date: /cc_ws/tros_ws/install/share/clip_msgs/cmake/clip_msgs__rosidl_typesupport_cExport-noconfig.cmake
[7.713s] -- Up-to-date: /cc_ws/tros_ws/install/share/clip_msgs/cmake/clip_msgs__rosidl_typesupport_introspection_cppExport.cmake
[7.713s] -- Up-to-date: /cc_ws/tros_ws/install/share/clip_msgs/cmake/clip_msgs__rosidl_typesupport_introspection_cppExport-noconfig.cmake
[7.713s] -- Up-to-date: /cc_ws/tros_ws/install/share/clip_msgs/cmake/clip_msgs__rosidl_typesupport_cppExport.cmake
[7.713s] -- Up-to-date: /cc_ws/tros_ws/install/share/clip_msgs/cmake/clip_msgs__rosidl_typesupport_cppExport-noconfig.cmake
[7.714s] -- Up-to-date: /cc_ws/tros_ws/install/share/clip_msgs/cmake/export_clip_msgs__rosidl_generator_pyExport.cmake
[7.714s] -- Up-to-date: /cc_ws/tros_ws/install/share/clip_msgs/cmake/export_clip_msgs__rosidl_generator_pyExport-noconfig.cmake
[7.714s] -- Up-to-date: /cc_ws/tros_ws/install/share/clip_msgs/cmake/rosidl_cmake-extras.cmake
[7.714s] -- Up-to-date: /cc_ws/tros_ws/install/share/clip_msgs/cmake/ament_cmake_export_dependencies-extras.cmake
[7.714s] -- Up-to-date: /cc_ws/tros_ws/install/share/clip_msgs/cmake/ament_cmake_export_include_directories-extras.cmake
[7.715s] -- Up-to-date: /cc_ws/tros_ws/install/share/clip_msgs/cmake/ament_cmake_export_libraries-extras.cmake
[7.715s] -- Up-to-date: /cc_ws/tros_ws/install/share/clip_msgs/cmake/ament_cmake_export_targets-extras.cmake
[7.715s] -- Up-to-date: /cc_ws/tros_ws/install/share/clip_msgs/cmake/rosidl_cmake_export_typesupport_targets-extras.cmake
[7.715s] -- Up-to-date: /cc_ws/tros_ws/install/share/clip_msgs/cmake/rosidl_cmake_export_typesupport_libraries-extras.cmake
[7.715s] -- Up-to-date: /cc_ws/tros_ws/install/share/clip_msgs/cmake/clip_msgsConfig.cmake
[7.720s] -- Up-to-date: /cc_ws/tros_ws/install/share/clip_msgs/cmake/clip_msgsConfig-version.cmake
[7.720s] -- Up-to-date: /cc_ws/tros_ws/install/share/clip_msgs/package.xml
[7.722s] Invoked command in '/cc_ws/tros_ws/build/clip_msgs' returned '0': CMAKE_PREFIX_PATH=/opt/ros/humble /usr/bin/cmake --install /cc_ws/tros_ws/build/clip_msgs
