[0.462s] Invoking command in '/cc_ws/tros_ws/build/hand_lmk_detection': AMENT_PREFIX_PATH=/cc_ws/tros_ws/install:${AMENT_PREFIX_PATH} CMAKE_PREFIX_PATH=/cc_ws/tros_ws/install:/opt/ros/humble LD_LIBRARY_PATH=/cc_ws/tros_ws/install/lib:/opt/ros/humble/opt/rviz_ogre_vendor/lib:/opt/ros/humble/lib/aarch64-linux-gnu:/opt/ros/humble/lib:/cc_ws/userdata/hobot/opt/hobot/deps PYTHONPATH=/cc_ws/tros_ws/install/lib/python3.10/site-packages:/cc_ws/tros_ws/install/local/lib/python3.10/dist-packages:${PYTHONPATH} /usr/bin/cmake /cc_ws/tros_ws/src/box/hobot_perception/hand_lmk_detection -DCMAKE_EXPORT_COMPILE_COMMANDS=ON --no-warn-unused-cli -DCMAKE_TOOLCHAIN_FILE=/cc_ws/tros_ws/robot_dev_config/aarch64_toolchainfile.cmake -DPLATFORM_X5=ON -DTHIRDPARTY=ON -DBUILD_TESTING=OFF -DCMAKE_BUILD_RPATH=/cc_ws/tros_ws/build/poco_vendor/poco_external_project_install/lib/;/cc_ws/tros_ws/build/libyaml_vendor/libyaml_install/lib/ -DCMAKE_INSTALL_PREFIX=/cc_ws/tros_ws/install
[0.488s] Not searching for unused variables given on the command line.
[0.522s] -- Found ament_cmake: 1.3.8 (/opt/ros/humble/share/ament_cmake/cmake)
[1.127s] [33mCMake Warning (dev) at /opt/ros/humble/share/ament_cmake_test/cmake/ament_cmake_test-extras.cmake:19 (option):
[1.128s]   Policy CMP0077 is not set: option() honors normal variables.  Run "cmake
[1.128s]   --help-policy CMP0077" for policy details.  Use the cmake_policy command to
[1.128s]   set the policy and suppress this warning.
[1.128s] 
[1.129s]   For compatibility with older versions of CMake, option is clearing the
[1.129s]   normal variable 'BUILD_TESTING'.
[1.129s] Call Stack (most recent call first):
[1.129s]   /opt/ros/humble/share/ament_cmake_test/cmake/ament_cmake_testConfig.cmake:41 (include)
[1.129s]   /opt/ros/humble/share/ament_cmake/cmake/ament_cmake_export_dependencies-extras.cmake:21 (find_package)
[1.130s]   /opt/ros/humble/share/ament_cmake/cmake/ament_cmakeConfig.cmake:41 (include)
[1.130s]   CMakeLists.txt:33 (find_package)
[1.130s] This warning is for project developers.  Use -Wno-dev to suppress it.
[1.130s] [0m
[1.134s] -- Found rclcpp: 16.0.8 (/opt/ros/humble/share/rclcpp/cmake)
[1.237s] -- Found rosidl_generator_c: 3.1.5 (/opt/ros/humble/share/rosidl_generator_c/cmake)
[1.246s] -- Found rosidl_adapter: 3.1.5 (/opt/ros/humble/share/rosidl_adapter/cmake)
[1.268s] -- Found rosidl_generator_cpp: 3.1.5 (/opt/ros/humble/share/rosidl_generator_cpp/cmake)
[1.309s] -- Using all available rosidl_typesupport_c: rosidl_typesupport_fastrtps_c;rosidl_typesupport_introspection_c
[1.368s] -- Using all available rosidl_typesupport_cpp: rosidl_typesupport_fastrtps_cpp;rosidl_typesupport_introspection_cpp
[1.597s] -- Found rmw_implementation_cmake: 6.1.1 (/opt/ros/humble/share/rmw_implementation_cmake/cmake)
[1.602s] -- Found rmw_fastrtps_cpp: 6.2.6 (/opt/ros/humble/share/rmw_fastrtps_cpp/cmake)
[1.933s] -- Using RMW implementation 'rmw_fastrtps_cpp' as default
[2.548s] -- Found sensor_msgs: 4.2.3 (/opt/ros/humble/share/sensor_msgs/cmake)
[3.054s] -- Found ai_msgs: 2.0.1 (/cc_ws/tros_ws/robot_dev_config/../install/share/ai_msgs/cmake)
[3.432s] -- Found dnn_node: 2.5.4 (/cc_ws/tros_ws/robot_dev_config/../install/share/dnn_node/cmake)
[3.460s] -- Found hbm_img_msgs: 2.0.0 (/cc_ws/tros_ws/robot_dev_config/../install/share/hbm_img_msgs/cmake)
[3.613s] [0mbuild platform X5[0m
[3.613s] [0mCMAKE_SYSROOT is /cc_ws/tros_ws/robot_dev_config/../../sysroot_docker[0m
[3.898s] -- Configuring done
[4.078s] -- Generating done
[4.094s] -- Build files have been written to: /cc_ws/tros_ws/build/hand_lmk_detection
[4.164s] Invoked command in '/cc_ws/tros_ws/build/hand_lmk_detection' returned '0': AMENT_PREFIX_PATH=/cc_ws/tros_ws/install:${AMENT_PREFIX_PATH} CMAKE_PREFIX_PATH=/cc_ws/tros_ws/install:/opt/ros/humble LD_LIBRARY_PATH=/cc_ws/tros_ws/install/lib:/opt/ros/humble/opt/rviz_ogre_vendor/lib:/opt/ros/humble/lib/aarch64-linux-gnu:/opt/ros/humble/lib:/cc_ws/userdata/hobot/opt/hobot/deps PYTHONPATH=/cc_ws/tros_ws/install/lib/python3.10/site-packages:/cc_ws/tros_ws/install/local/lib/python3.10/dist-packages:${PYTHONPATH} /usr/bin/cmake /cc_ws/tros_ws/src/box/hobot_perception/hand_lmk_detection -DCMAKE_EXPORT_COMPILE_COMMANDS=ON --no-warn-unused-cli -DCMAKE_TOOLCHAIN_FILE=/cc_ws/tros_ws/robot_dev_config/aarch64_toolchainfile.cmake -DPLATFORM_X5=ON -DTHIRDPARTY=ON -DBUILD_TESTING=OFF -DCMAKE_BUILD_RPATH=/cc_ws/tros_ws/build/poco_vendor/poco_external_project_install/lib/;/cc_ws/tros_ws/build/libyaml_vendor/libyaml_install/lib/ -DCMAKE_INSTALL_PREFIX=/cc_ws/tros_ws/install
[4.165s] Invoking command in '/cc_ws/tros_ws/build/hand_lmk_detection': AMENT_PREFIX_PATH=/cc_ws/tros_ws/install:${AMENT_PREFIX_PATH} CMAKE_PREFIX_PATH=/cc_ws/tros_ws/install:/opt/ros/humble LD_LIBRARY_PATH=/cc_ws/tros_ws/install/lib:/opt/ros/humble/opt/rviz_ogre_vendor/lib:/opt/ros/humble/lib/aarch64-linux-gnu:/opt/ros/humble/lib:/cc_ws/userdata/hobot/opt/hobot/deps PYTHONPATH=/cc_ws/tros_ws/install/lib/python3.10/site-packages:/cc_ws/tros_ws/install/local/lib/python3.10/dist-packages:${PYTHONPATH} /usr/bin/cmake --build /cc_ws/tros_ws/build/hand_lmk_detection -- -j12 -l12
[4.443s] [35m[1mConsolidate compiler generated dependencies of target hand_lmk_detection[0m
[4.555s] [100%] Built target hand_lmk_detection
[4.612s] Invoked command in '/cc_ws/tros_ws/build/hand_lmk_detection' returned '0': AMENT_PREFIX_PATH=/cc_ws/tros_ws/install:${AMENT_PREFIX_PATH} CMAKE_PREFIX_PATH=/cc_ws/tros_ws/install:/opt/ros/humble LD_LIBRARY_PATH=/cc_ws/tros_ws/install/lib:/opt/ros/humble/opt/rviz_ogre_vendor/lib:/opt/ros/humble/lib/aarch64-linux-gnu:/opt/ros/humble/lib:/cc_ws/userdata/hobot/opt/hobot/deps PYTHONPATH=/cc_ws/tros_ws/install/lib/python3.10/site-packages:/cc_ws/tros_ws/install/local/lib/python3.10/dist-packages:${PYTHONPATH} /usr/bin/cmake --build /cc_ws/tros_ws/build/hand_lmk_detection -- -j12 -l12
[4.945s] Invoking command in '/cc_ws/tros_ws/build/hand_lmk_detection': AMENT_PREFIX_PATH=/cc_ws/tros_ws/install:${AMENT_PREFIX_PATH} CMAKE_PREFIX_PATH=/cc_ws/tros_ws/install:/opt/ros/humble LD_LIBRARY_PATH=/cc_ws/tros_ws/install/lib:/opt/ros/humble/opt/rviz_ogre_vendor/lib:/opt/ros/humble/lib/aarch64-linux-gnu:/opt/ros/humble/lib:/cc_ws/userdata/hobot/opt/hobot/deps PYTHONPATH=/cc_ws/tros_ws/install/lib/python3.10/site-packages:/cc_ws/tros_ws/install/local/lib/python3.10/dist-packages:${PYTHONPATH} /usr/bin/cmake --install /cc_ws/tros_ws/build/hand_lmk_detection
[4.970s] -- Install configuration: ""
[4.980s] -- Up-to-date: /cc_ws/tros_ws/install/lib/hand_lmk_detection/hand_lmk_detection
[4.981s] -- Up-to-date: /cc_ws/tros_ws/install/lib/hand_lmk_detection/config/
[4.981s] -- Up-to-date: /cc_ws/tros_ws/install/lib/hand_lmk_detection/config//handLMKs.hbm
[4.981s] -- Up-to-date: /cc_ws/tros_ws/install/lib/hand_lmk_detection/config/960x544.nv12
[4.982s] -- Up-to-date: /cc_ws/tros_ws/install/share/hand_lmk_detection/launch
[4.990s] -- Up-to-date: /cc_ws/tros_ws/install/share/hand_lmk_detection/launch/hand_lmk_detection.launch.py
[4.990s] -- Up-to-date: /cc_ws/tros_ws/install/share/ament_index/resource_index/package_run_dependencies/hand_lmk_detection
[4.991s] -- Up-to-date: /cc_ws/tros_ws/install/share/ament_index/resource_index/parent_prefix_path/hand_lmk_detection
[5.010s] -- Up-to-date: /cc_ws/tros_ws/install/share/hand_lmk_detection/environment/ament_prefix_path.sh
[5.010s] -- Installing: /cc_ws/tros_ws/install/share/hand_lmk_detection/environment/ament_prefix_path.dsv
[5.010s] -- Up-to-date: /cc_ws/tros_ws/install/share/hand_lmk_detection/environment/path.sh
[5.010s] -- Installing: /cc_ws/tros_ws/install/share/hand_lmk_detection/environment/path.dsv
[5.011s] -- Up-to-date: /cc_ws/tros_ws/install/share/hand_lmk_detection/local_setup.bash
[5.011s] -- Up-to-date: /cc_ws/tros_ws/install/share/hand_lmk_detection/local_setup.sh
[5.011s] -- Up-to-date: /cc_ws/tros_ws/install/share/hand_lmk_detection/local_setup.zsh
[5.011s] -- Installing: /cc_ws/tros_ws/install/share/hand_lmk_detection/local_setup.dsv
[5.012s] -- Installing: /cc_ws/tros_ws/install/share/hand_lmk_detection/package.dsv
[5.012s] -- Up-to-date: /cc_ws/tros_ws/install/share/ament_index/resource_index/packages/hand_lmk_detection
[5.012s] -- Up-to-date: /cc_ws/tros_ws/install/share/hand_lmk_detection/cmake/hand_lmk_detectionConfig.cmake
[5.012s] -- Up-to-date: /cc_ws/tros_ws/install/share/hand_lmk_detection/cmake/hand_lmk_detectionConfig-version.cmake
[5.013s] -- Up-to-date: /cc_ws/tros_ws/install/share/hand_lmk_detection/package.xml
[5.085s] Invoked command in '/cc_ws/tros_ws/build/hand_lmk_detection' returned '0': AMENT_PREFIX_PATH=/cc_ws/tros_ws/install:${AMENT_PREFIX_PATH} CMAKE_PREFIX_PATH=/cc_ws/tros_ws/install:/opt/ros/humble LD_LIBRARY_PATH=/cc_ws/tros_ws/install/lib:/opt/ros/humble/opt/rviz_ogre_vendor/lib:/opt/ros/humble/lib/aarch64-linux-gnu:/opt/ros/humble/lib:/cc_ws/userdata/hobot/opt/hobot/deps PYTHONPATH=/cc_ws/tros_ws/install/lib/python3.10/site-packages:/cc_ws/tros_ws/install/local/lib/python3.10/dist-packages:${PYTHONPATH} /usr/bin/cmake --install /cc_ws/tros_ws/build/hand_lmk_detection
