[0.086s] Invoking command in '/cc_ws/tros_ws/build/tros_perception_fusion_msgs': CMAKE_PREFIX_PATH=/opt/ros/humble /usr/bin/cmake /cc_ws/tros_ws/src/box/hobot_perception/tros_perception_fusion/tros_perception_fusion_msgs -DCMAKE_EXPORT_COMPILE_COMMANDS=ON --no-warn-unused-cli -DCMAKE_TOOLCHAIN_FILE=/cc_ws/tros_ws/robot_dev_config/aarch64_toolchainfile.cmake -DPLATFORM_X5=ON -DTHIRDPARTY=ON -DBUILD_TESTING=OFF -DCMAKE_BUILD_RPATH=/cc_ws/tros_ws/build/poco_vendor/poco_external_project_install/lib/;/cc_ws/tros_ws/build/libyaml_vendor/libyaml_install/lib/ -DCMAKE_INSTALL_PREFIX=/cc_ws/tros_ws/install
[2.373s] Not searching for unused variables given on the command line.
[2.373s] -- Found ament_cmake: 1.3.8 (/opt/ros/humble/share/ament_cmake/cmake)
[2.374s] -- Found std_msgs: 4.2.3 (/opt/ros/humble/share/std_msgs/cmake)
[2.374s] -- Found rosidl_generator_c: 3.1.5 (/opt/ros/humble/share/rosidl_generator_c/cmake)
[2.374s] -- Found rosidl_adapter: 3.1.5 (/opt/ros/humble/share/rosidl_adapter/cmake)
[2.374s] -- Found rosidl_generator_cpp: 3.1.5 (/opt/ros/humble/share/rosidl_generator_cpp/cmake)
[2.374s] -- Using all available rosidl_typesupport_c: rosidl_typesupport_fastrtps_c;rosidl_typesupport_introspection_c
[2.375s] -- Using all available rosidl_typesupport_cpp: rosidl_typesupport_fastrtps_cpp;rosidl_typesupport_introspection_cpp
[2.375s] -- Found rosidl_default_generators: 1.2.0 (/opt/ros/humble/share/rosidl_default_generators/cmake)
[2.375s] -- Found ament_cmake_ros: 0.10.0 (/opt/ros/humble/share/ament_cmake_ros/cmake)
[2.375s] [33mCMake Warning (dev) at /opt/ros/humble/share/ament_cmake_test/cmake/ament_cmake_test-extras.cmake:19 (option):
[2.376s]   Policy CMP0077 is not set: option() honors normal variables.  Run "cmake
[2.376s]   --help-policy CMP0077" for policy details.  Use the cmake_policy command to
[2.376s]   set the policy and suppress this warning.
[2.376s] 
[2.376s]   For compatibility with older versions of CMake, option is clearing the
[2.377s]   normal variable 'BUILD_TESTING'.
[2.377s] Call Stack (most recent call first):
[2.377s]   /opt/ros/humble/share/ament_cmake_test/cmake/ament_cmake_testConfig.cmake:41 (include)
[2.377s]   /opt/ros/humble/share/ament_cmake/cmake/ament_cmake_export_dependencies-extras.cmake:21 (find_package)
[2.377s]   /opt/ros/humble/share/ament_cmake/cmake/ament_cmakeConfig.cmake:41 (include)
[2.378s]   CMakeLists.txt:9 (find_package)
[2.378s] This warning is for project developers.  Use -Wno-dev to suppress it.
[2.378s] [0m
[3.531s] -- Using all available rosidl_typesupport_c: rosidl_typesupport_fastrtps_c;rosidl_typesupport_introspection_c
[3.979s] -- Using all available rosidl_typesupport_cpp: rosidl_typesupport_fastrtps_cpp;rosidl_typesupport_introspection_cpp
[4.039s] -- Found python_cmake_module: 0.10.0 (/opt/ros/humble/share/python_cmake_module/cmake)
[4.086s] -- Using PYTHON_EXECUTABLE: /usr/bin/python3
[4.086s] -- Using PYTHON_INCLUDE_DIRS: /cc_ws/tros_ws/robot_dev_config/../../sysroot_docker/usr/include/python3.10
[4.087s] -- Using PYTHON_LIBRARIES: /cc_ws/tros_ws/robot_dev_config/../../sysroot_docker/usr/lib/aarch64-linux-gnu/libpython3.10.so
[4.605s] -- Using numpy include directory: /usr/local/lib/python3.10/dist-packages/numpy/core/include
[4.711s] -- Configuring done
[4.909s] -- Generating done
[4.919s] -- Build files have been written to: /cc_ws/tros_ws/build/tros_perception_fusion_msgs
[4.955s] Invoked command in '/cc_ws/tros_ws/build/tros_perception_fusion_msgs' returned '0': CMAKE_PREFIX_PATH=/opt/ros/humble /usr/bin/cmake /cc_ws/tros_ws/src/box/hobot_perception/tros_perception_fusion/tros_perception_fusion_msgs -DCMAKE_EXPORT_COMPILE_COMMANDS=ON --no-warn-unused-cli -DCMAKE_TOOLCHAIN_FILE=/cc_ws/tros_ws/robot_dev_config/aarch64_toolchainfile.cmake -DPLATFORM_X5=ON -DTHIRDPARTY=ON -DBUILD_TESTING=OFF -DCMAKE_BUILD_RPATH=/cc_ws/tros_ws/build/poco_vendor/poco_external_project_install/lib/;/cc_ws/tros_ws/build/libyaml_vendor/libyaml_install/lib/ -DCMAKE_INSTALL_PREFIX=/cc_ws/tros_ws/install
[4.957s] Invoking command in '/cc_ws/tros_ws/build/tros_perception_fusion_msgs': CMAKE_PREFIX_PATH=/opt/ros/humble /usr/bin/cmake --build /cc_ws/tros_ws/build/tros_perception_fusion_msgs -- -j12 -l12
[5.153s] [35m[1mConsolidate compiler generated dependencies of target tros_perception_fusion_msgs__rosidl_generator_c[0m
[5.197s] [  3%] Built target tros_perception_fusion_msgs__cpp
[5.199s] [ 12%] Built target tros_perception_fusion_msgs__rosidl_generator_c
[5.233s] [ 12%] Built target ament_cmake_python_copy_tros_perception_fusion_msgs
[5.266s] [35m[1mConsolidate compiler generated dependencies of target tros_perception_fusion_msgs__rosidl_typesupport_fastrtps_c[0m
[5.268s] [35m[1mConsolidate compiler generated dependencies of target tros_perception_fusion_msgs__rosidl_typesupport_fastrtps_cpp[0m
[5.279s] [35m[1mConsolidate compiler generated dependencies of target tros_perception_fusion_msgs__rosidl_typesupport_introspection_c[0m
[5.297s] [35m[1mConsolidate compiler generated dependencies of target tros_perception_fusion_msgs__rosidl_typesupport_cpp[0m
[5.312s] [35m[1mConsolidate compiler generated dependencies of target tros_perception_fusion_msgs__rosidl_typesupport_c[0m
[5.317s] [ 22%] Built target tros_perception_fusion_msgs__rosidl_typesupport_fastrtps_cpp
[5.331s] [35m[1mConsolidate compiler generated dependencies of target tros_perception_fusion_msgs__rosidl_typesupport_introspection_cpp[0m
[5.332s] [ 32%] Built target tros_perception_fusion_msgs__rosidl_typesupport_fastrtps_c
[5.347s] [ 41%] Built target tros_perception_fusion_msgs__rosidl_typesupport_introspection_c
[5.373s] [ 51%] Built target tros_perception_fusion_msgs__rosidl_typesupport_c
[5.395s] [ 61%] Built target tros_perception_fusion_msgs__rosidl_typesupport_cpp
[5.403s] [ 70%] Built target tros_perception_fusion_msgs__rosidl_typesupport_introspection_cpp
[5.528s] [ 70%] Built target tros_perception_fusion_msgs
[5.654s] [ 74%] Built target tros_perception_fusion_msgs__py
[5.708s] [35m[1mConsolidate compiler generated dependencies of target tros_perception_fusion_msgs__rosidl_generator_py[0m
[5.799s] [ 80%] Built target tros_perception_fusion_msgs__rosidl_generator_py
[5.859s] [35m[1mConsolidate compiler generated dependencies of target tros_perception_fusion_msgs__rosidl_typesupport_c__pyext[0m
[5.919s] [35m[1mConsolidate compiler generated dependencies of target tros_perception_fusion_msgs__rosidl_typesupport_introspection_c__pyext[0m
[5.933s] [ 87%] Built target tros_perception_fusion_msgs__rosidl_typesupport_c__pyext
[5.951s] [35m[1mConsolidate compiler generated dependencies of target tros_perception_fusion_msgs__rosidl_typesupport_fastrtps_c__pyext[0m
[6.004s] [ 93%] Built target tros_perception_fusion_msgs__rosidl_typesupport_introspection_c__pyext
[6.055s] [100%] Built target tros_perception_fusion_msgs__rosidl_typesupport_fastrtps_c__pyext
[6.162s] running egg_info
[6.162s] writing tros_perception_fusion_msgs.egg-info/PKG-INFO
[6.162s] writing dependency_links to tros_perception_fusion_msgs.egg-info/dependency_links.txt
[6.163s] writing top-level names to tros_perception_fusion_msgs.egg-info/top_level.txt
[6.171s] reading manifest file 'tros_perception_fusion_msgs.egg-info/SOURCES.txt'
[6.178s] writing manifest file 'tros_perception_fusion_msgs.egg-info/SOURCES.txt'
[6.279s] [100%] Built target ament_cmake_python_build_tros_perception_fusion_msgs_egg
[6.398s] Invoked command in '/cc_ws/tros_ws/build/tros_perception_fusion_msgs' returned '0': CMAKE_PREFIX_PATH=/opt/ros/humble /usr/bin/cmake --build /cc_ws/tros_ws/build/tros_perception_fusion_msgs -- -j12 -l12
[6.860s] Invoking command in '/cc_ws/tros_ws/build/tros_perception_fusion_msgs': CMAKE_PREFIX_PATH=/opt/ros/humble /usr/bin/cmake --install /cc_ws/tros_ws/build/tros_perception_fusion_msgs
[7.417s] -- Install configuration: ""
[7.417s] -- Up-to-date: /cc_ws/tros_ws/install/share/ament_index/resource_index/rosidl_interfaces/tros_perception_fusion_msgs
[7.417s] -- Up-to-date: /cc_ws/tros_ws/install/include/tros_perception_fusion_msgs/tros_perception_fusion_msgs
[7.418s] -- Up-to-date: /cc_ws/tros_ws/install/include/tros_perception_fusion_msgs/tros_perception_fusion_msgs/msg
[7.418s] -- Up-to-date: /cc_ws/tros_ws/install/include/tros_perception_fusion_msgs/tros_perception_fusion_msgs/msg/rosidl_generator_c__visibility_control.h
[7.418s] -- Up-to-date: /cc_ws/tros_ws/install/include/tros_perception_fusion_msgs/tros_perception_fusion_msgs/srv
[7.418s] -- Up-to-date: /cc_ws/tros_ws/install/include/tros_perception_fusion_msgs/tros_perception_fusion_msgs/srv/topic_manage.h
[7.419s] -- Up-to-date: /cc_ws/tros_ws/install/include/tros_perception_fusion_msgs/tros_perception_fusion_msgs/srv/detail
[7.419s] -- Up-to-date: /cc_ws/tros_ws/install/include/tros_perception_fusion_msgs/tros_perception_fusion_msgs/srv/detail/topic_manage__functions.c
[7.419s] -- Up-to-date: /cc_ws/tros_ws/install/include/tros_perception_fusion_msgs/tros_perception_fusion_msgs/srv/detail/topic_manage__struct.h
[7.419s] -- Up-to-date: /cc_ws/tros_ws/install/include/tros_perception_fusion_msgs/tros_perception_fusion_msgs/srv/detail/topic_manage__functions.h
[7.420s] -- Up-to-date: /cc_ws/tros_ws/install/include/tros_perception_fusion_msgs/tros_perception_fusion_msgs/srv/detail/topic_manage__type_support.h
[7.420s] -- Up-to-date: /cc_ws/tros_ws/install/share/tros_perception_fusion_msgs/environment/library_path.sh
[7.421s] -- Installing: /cc_ws/tros_ws/install/share/tros_perception_fusion_msgs/environment/library_path.dsv
[7.421s] -- Up-to-date: /cc_ws/tros_ws/install/lib/libtros_perception_fusion_msgs__rosidl_generator_c.so
[7.421s] -- Up-to-date: /cc_ws/tros_ws/install/include/tros_perception_fusion_msgs/tros_perception_fusion_msgs
[7.421s] -- Up-to-date: /cc_ws/tros_ws/install/include/tros_perception_fusion_msgs/tros_perception_fusion_msgs/msg
[7.421s] -- Up-to-date: /cc_ws/tros_ws/install/include/tros_perception_fusion_msgs/tros_perception_fusion_msgs/msg/rosidl_typesupport_fastrtps_c__visibility_control.h
[7.422s] -- Up-to-date: /cc_ws/tros_ws/install/include/tros_perception_fusion_msgs/tros_perception_fusion_msgs/srv
[7.422s] -- Up-to-date: /cc_ws/tros_ws/install/include/tros_perception_fusion_msgs/tros_perception_fusion_msgs/srv/detail
[7.422s] -- Up-to-date: /cc_ws/tros_ws/install/include/tros_perception_fusion_msgs/tros_perception_fusion_msgs/srv/detail/topic_manage__rosidl_typesupport_fastrtps_c.h
[7.422s] -- Up-to-date: /cc_ws/tros_ws/install/lib/libtros_perception_fusion_msgs__rosidl_typesupport_fastrtps_c.so
[7.423s] -- Up-to-date: /cc_ws/tros_ws/install/include/tros_perception_fusion_msgs/tros_perception_fusion_msgs
[7.423s] -- Up-to-date: /cc_ws/tros_ws/install/include/tros_perception_fusion_msgs/tros_perception_fusion_msgs/srv
[7.423s] -- Up-to-date: /cc_ws/tros_ws/install/include/tros_perception_fusion_msgs/tros_perception_fusion_msgs/srv/topic_manage.hpp
[7.423s] -- Up-to-date: /cc_ws/tros_ws/install/include/tros_perception_fusion_msgs/tros_perception_fusion_msgs/srv/detail
[7.423s] -- Up-to-date: /cc_ws/tros_ws/install/include/tros_perception_fusion_msgs/tros_perception_fusion_msgs/srv/detail/topic_manage__builder.hpp
[7.428s] -- Up-to-date: /cc_ws/tros_ws/install/include/tros_perception_fusion_msgs/tros_perception_fusion_msgs/srv/detail/topic_manage__traits.hpp
[7.429s] -- Up-to-date: /cc_ws/tros_ws/install/include/tros_perception_fusion_msgs/tros_perception_fusion_msgs/srv/detail/topic_manage__struct.hpp
[7.429s] -- Up-to-date: /cc_ws/tros_ws/install/include/tros_perception_fusion_msgs/tros_perception_fusion_msgs
[7.429s] -- Up-to-date: /cc_ws/tros_ws/install/include/tros_perception_fusion_msgs/tros_perception_fusion_msgs/msg
[7.430s] -- Up-to-date: /cc_ws/tros_ws/install/include/tros_perception_fusion_msgs/tros_perception_fusion_msgs/msg/rosidl_typesupport_fastrtps_cpp__visibility_control.h
[7.430s] -- Up-to-date: /cc_ws/tros_ws/install/include/tros_perception_fusion_msgs/tros_perception_fusion_msgs/srv
[7.430s] -- Up-to-date: /cc_ws/tros_ws/install/include/tros_perception_fusion_msgs/tros_perception_fusion_msgs/srv/detail
[7.433s] -- Up-to-date: /cc_ws/tros_ws/install/include/tros_perception_fusion_msgs/tros_perception_fusion_msgs/srv/detail/topic_manage__rosidl_typesupport_fastrtps_cpp.hpp
[7.433s] -- Up-to-date: /cc_ws/tros_ws/install/include/tros_perception_fusion_msgs/tros_perception_fusion_msgs/srv/detail/dds_fastrtps
[7.433s] -- Up-to-date: /cc_ws/tros_ws/install/lib/libtros_perception_fusion_msgs__rosidl_typesupport_fastrtps_cpp.so
[7.433s] -- Up-to-date: /cc_ws/tros_ws/install/include/tros_perception_fusion_msgs/tros_perception_fusion_msgs
[7.434s] -- Up-to-date: /cc_ws/tros_ws/install/include/tros_perception_fusion_msgs/tros_perception_fusion_msgs/msg
[7.434s] -- Up-to-date: /cc_ws/tros_ws/install/include/tros_perception_fusion_msgs/tros_perception_fusion_msgs/msg/rosidl_typesupport_introspection_c__visibility_control.h
[7.434s] -- Up-to-date: /cc_ws/tros_ws/install/include/tros_perception_fusion_msgs/tros_perception_fusion_msgs/srv
[7.434s] -- Up-to-date: /cc_ws/tros_ws/install/include/tros_perception_fusion_msgs/tros_perception_fusion_msgs/srv/detail
[7.434s] -- Up-to-date: /cc_ws/tros_ws/install/include/tros_perception_fusion_msgs/tros_perception_fusion_msgs/srv/detail/topic_manage__rosidl_typesupport_introspection_c.h
[7.435s] -- Up-to-date: /cc_ws/tros_ws/install/include/tros_perception_fusion_msgs/tros_perception_fusion_msgs/srv/detail/topic_manage__type_support.c
[7.435s] -- Up-to-date: /cc_ws/tros_ws/install/lib/libtros_perception_fusion_msgs__rosidl_typesupport_introspection_c.so
[7.435s] -- Up-to-date: /cc_ws/tros_ws/install/lib/libtros_perception_fusion_msgs__rosidl_typesupport_c.so
[7.436s] -- Up-to-date: /cc_ws/tros_ws/install/include/tros_perception_fusion_msgs/tros_perception_fusion_msgs
[7.436s] -- Up-to-date: /cc_ws/tros_ws/install/include/tros_perception_fusion_msgs/tros_perception_fusion_msgs/srv
[7.436s] -- Up-to-date: /cc_ws/tros_ws/install/include/tros_perception_fusion_msgs/tros_perception_fusion_msgs/srv/detail
[7.436s] -- Up-to-date: /cc_ws/tros_ws/install/include/tros_perception_fusion_msgs/tros_perception_fusion_msgs/srv/detail/topic_manage__rosidl_typesupport_introspection_cpp.hpp
[7.437s] -- Up-to-date: /cc_ws/tros_ws/install/include/tros_perception_fusion_msgs/tros_perception_fusion_msgs/srv/detail/topic_manage__type_support.cpp
[7.437s] -- Up-to-date: /cc_ws/tros_ws/install/lib/libtros_perception_fusion_msgs__rosidl_typesupport_introspection_cpp.so
[7.437s] -- Up-to-date: /cc_ws/tros_ws/install/lib/libtros_perception_fusion_msgs__rosidl_typesupport_cpp.so
[7.437s] -- Up-to-date: /cc_ws/tros_ws/install/share/tros_perception_fusion_msgs/environment/pythonpath.sh
[7.440s] -- Installing: /cc_ws/tros_ws/install/share/tros_perception_fusion_msgs/environment/pythonpath.dsv
[7.441s] -- Up-to-date: /cc_ws/tros_ws/install/local/lib/python3.10/dist-packages/tros_perception_fusion_msgs-0.0.1-py3.10.egg-info
[7.441s] -- Installing: /cc_ws/tros_ws/install/local/lib/python3.10/dist-packages/tros_perception_fusion_msgs-0.0.1-py3.10.egg-info/SOURCES.txt
[7.441s] -- Installing: /cc_ws/tros_ws/install/local/lib/python3.10/dist-packages/tros_perception_fusion_msgs-0.0.1-py3.10.egg-info/PKG-INFO
[7.441s] -- Installing: /cc_ws/tros_ws/install/local/lib/python3.10/dist-packages/tros_perception_fusion_msgs-0.0.1-py3.10.egg-info/dependency_links.txt
[7.441s] -- Installing: /cc_ws/tros_ws/install/local/lib/python3.10/dist-packages/tros_perception_fusion_msgs-0.0.1-py3.10.egg-info/top_level.txt
[7.442s] -- Up-to-date: /cc_ws/tros_ws/install/local/lib/python3.10/dist-packages/tros_perception_fusion_msgs
[7.442s] -- Up-to-date: /cc_ws/tros_ws/install/local/lib/python3.10/dist-packages/tros_perception_fusion_msgs/_tros_perception_fusion_msgs_s.ep.rosidl_typesupport_c.c
[7.442s] -- Up-to-date: /cc_ws/tros_ws/install/local/lib/python3.10/dist-packages/tros_perception_fusion_msgs/tros_perception_fusion_msgs_s__rosidl_typesupport_fastrtps_c.cpython-310-aarch64-linux-gnu.so
[7.442s] -- Up-to-date: /cc_ws/tros_ws/install/local/lib/python3.10/dist-packages/tros_perception_fusion_msgs/libtros_perception_fusion_msgs__rosidl_generator_py.so
[7.443s] -- Up-to-date: /cc_ws/tros_ws/install/local/lib/python3.10/dist-packages/tros_perception_fusion_msgs/_tros_perception_fusion_msgs_s.ep.rosidl_typesupport_introspection_c.c
[7.443s] -- Up-to-date: /cc_ws/tros_ws/install/local/lib/python3.10/dist-packages/tros_perception_fusion_msgs/tros_perception_fusion_msgs_s__rosidl_typesupport_c.cpython-310-aarch64-linux-gnu.so
[7.443s] -- Installing: /cc_ws/tros_ws/install/local/lib/python3.10/dist-packages/tros_perception_fusion_msgs/__init__.py
[7.443s] -- Up-to-date: /cc_ws/tros_ws/install/local/lib/python3.10/dist-packages/tros_perception_fusion_msgs/tros_perception_fusion_msgs_s__rosidl_typesupport_introspection_c.cpython-310-aarch64-linux-gnu.so
[7.452s] -- Up-to-date: /cc_ws/tros_ws/install/local/lib/python3.10/dist-packages/tros_perception_fusion_msgs/_tros_perception_fusion_msgs_s.ep.rosidl_typesupport_fastrtps_c.c
[7.452s] -- Up-to-date: /cc_ws/tros_ws/install/local/lib/python3.10/dist-packages/tros_perception_fusion_msgs/srv
[7.453s] -- Up-to-date: /cc_ws/tros_ws/install/local/lib/python3.10/dist-packages/tros_perception_fusion_msgs/srv/__init__.py
[7.453s] -- Up-to-date: /cc_ws/tros_ws/install/local/lib/python3.10/dist-packages/tros_perception_fusion_msgs/srv/_topic_manage.py
[7.453s] -- Up-to-date: /cc_ws/tros_ws/install/local/lib/python3.10/dist-packages/tros_perception_fusion_msgs/srv/_topic_manage_s.c
[7.453s] Listing '/cc_ws/tros_ws/install/local/lib/python3.10/dist-packages/tros_perception_fusion_msgs'...
[7.454s] Compiling '/cc_ws/tros_ws/install/local/lib/python3.10/dist-packages/tros_perception_fusion_msgs/__init__.py'...
[7.454s] Listing '/cc_ws/tros_ws/install/local/lib/python3.10/dist-packages/tros_perception_fusion_msgs/srv'...
[7.454s] -- Up-to-date: /cc_ws/tros_ws/install/local/lib/python3.10/dist-packages/tros_perception_fusion_msgs/tros_perception_fusion_msgs_s__rosidl_typesupport_fastrtps_c.cpython-310-aarch64-linux-gnu.so
[7.454s] -- Up-to-date: /cc_ws/tros_ws/install/local/lib/python3.10/dist-packages/tros_perception_fusion_msgs/tros_perception_fusion_msgs_s__rosidl_typesupport_introspection_c.cpython-310-aarch64-linux-gnu.so
[7.455s] -- Up-to-date: /cc_ws/tros_ws/install/local/lib/python3.10/dist-packages/tros_perception_fusion_msgs/tros_perception_fusion_msgs_s__rosidl_typesupport_c.cpython-310-aarch64-linux-gnu.so
[7.455s] -- Up-to-date: /cc_ws/tros_ws/install/lib/libtros_perception_fusion_msgs__rosidl_generator_py.so
[7.455s] -- Up-to-date: /cc_ws/tros_ws/install/share/tros_perception_fusion_msgs/srv/TopicManage.idl
[7.455s] -- Up-to-date: /cc_ws/tros_ws/install/share/tros_perception_fusion_msgs/srv/TopicManage.srv
[7.456s] -- Up-to-date: /cc_ws/tros_ws/install/share/tros_perception_fusion_msgs/srv/TopicManage_Request.msg
[7.456s] -- Up-to-date: /cc_ws/tros_ws/install/share/tros_perception_fusion_msgs/srv/TopicManage_Response.msg
[7.456s] -- Up-to-date: /cc_ws/tros_ws/install/share/ament_index/resource_index/package_run_dependencies/tros_perception_fusion_msgs
[7.456s] -- Up-to-date: /cc_ws/tros_ws/install/share/ament_index/resource_index/parent_prefix_path/tros_perception_fusion_msgs
[7.457s] -- Up-to-date: /cc_ws/tros_ws/install/share/tros_perception_fusion_msgs/environment/ament_prefix_path.sh
[7.457s] -- Installing: /cc_ws/tros_ws/install/share/tros_perception_fusion_msgs/environment/ament_prefix_path.dsv
[7.457s] -- Up-to-date: /cc_ws/tros_ws/install/share/tros_perception_fusion_msgs/environment/path.sh
[7.457s] -- Installing: /cc_ws/tros_ws/install/share/tros_perception_fusion_msgs/environment/path.dsv
[7.457s] -- Up-to-date: /cc_ws/tros_ws/install/share/tros_perception_fusion_msgs/local_setup.bash
[7.458s] -- Up-to-date: /cc_ws/tros_ws/install/share/tros_perception_fusion_msgs/local_setup.sh
[7.458s] -- Up-to-date: /cc_ws/tros_ws/install/share/tros_perception_fusion_msgs/local_setup.zsh
[7.458s] -- Installing: /cc_ws/tros_ws/install/share/tros_perception_fusion_msgs/local_setup.dsv
[7.458s] -- Installing: /cc_ws/tros_ws/install/share/tros_perception_fusion_msgs/package.dsv
[7.459s] -- Up-to-date: /cc_ws/tros_ws/install/share/ament_index/resource_index/packages/tros_perception_fusion_msgs
[7.473s] -- Up-to-date: /cc_ws/tros_ws/install/share/tros_perception_fusion_msgs/cmake/export_tros_perception_fusion_msgs__rosidl_generator_cExport.cmake
[7.473s] -- Up-to-date: /cc_ws/tros_ws/install/share/tros_perception_fusion_msgs/cmake/export_tros_perception_fusion_msgs__rosidl_generator_cExport-noconfig.cmake
[7.474s] -- Up-to-date: /cc_ws/tros_ws/install/share/tros_perception_fusion_msgs/cmake/export_tros_perception_fusion_msgs__rosidl_typesupport_fastrtps_cExport.cmake
[7.474s] -- Up-to-date: /cc_ws/tros_ws/install/share/tros_perception_fusion_msgs/cmake/export_tros_perception_fusion_msgs__rosidl_typesupport_fastrtps_cExport-noconfig.cmake
[7.474s] -- Up-to-date: /cc_ws/tros_ws/install/share/tros_perception_fusion_msgs/cmake/export_tros_perception_fusion_msgs__rosidl_generator_cppExport.cmake
[7.474s] -- Up-to-date: /cc_ws/tros_ws/install/share/tros_perception_fusion_msgs/cmake/export_tros_perception_fusion_msgs__rosidl_typesupport_fastrtps_cppExport.cmake
[7.475s] -- Up-to-date: /cc_ws/tros_ws/install/share/tros_perception_fusion_msgs/cmake/export_tros_perception_fusion_msgs__rosidl_typesupport_fastrtps_cppExport-noconfig.cmake
[7.475s] -- Up-to-date: /cc_ws/tros_ws/install/share/tros_perception_fusion_msgs/cmake/tros_perception_fusion_msgs__rosidl_typesupport_introspection_cExport.cmake
[7.475s] -- Up-to-date: /cc_ws/tros_ws/install/share/tros_perception_fusion_msgs/cmake/tros_perception_fusion_msgs__rosidl_typesupport_introspection_cExport-noconfig.cmake
[7.475s] -- Up-to-date: /cc_ws/tros_ws/install/share/tros_perception_fusion_msgs/cmake/tros_perception_fusion_msgs__rosidl_typesupport_cExport.cmake
[7.476s] -- Up-to-date: /cc_ws/tros_ws/install/share/tros_perception_fusion_msgs/cmake/tros_perception_fusion_msgs__rosidl_typesupport_cExport-noconfig.cmake
[7.476s] -- Up-to-date: /cc_ws/tros_ws/install/share/tros_perception_fusion_msgs/cmake/tros_perception_fusion_msgs__rosidl_typesupport_introspection_cppExport.cmake
[7.479s] -- Up-to-date: /cc_ws/tros_ws/install/share/tros_perception_fusion_msgs/cmake/tros_perception_fusion_msgs__rosidl_typesupport_introspection_cppExport-noconfig.cmake
[7.481s] -- Up-to-date: /cc_ws/tros_ws/install/share/tros_perception_fusion_msgs/cmake/tros_perception_fusion_msgs__rosidl_typesupport_cppExport.cmake
[7.481s] -- Up-to-date: /cc_ws/tros_ws/install/share/tros_perception_fusion_msgs/cmake/tros_perception_fusion_msgs__rosidl_typesupport_cppExport-noconfig.cmake
[7.482s] -- Up-to-date: /cc_ws/tros_ws/install/share/tros_perception_fusion_msgs/cmake/export_tros_perception_fusion_msgs__rosidl_generator_pyExport.cmake
[7.482s] -- Up-to-date: /cc_ws/tros_ws/install/share/tros_perception_fusion_msgs/cmake/export_tros_perception_fusion_msgs__rosidl_generator_pyExport-noconfig.cmake
[7.482s] -- Up-to-date: /cc_ws/tros_ws/install/share/tros_perception_fusion_msgs/cmake/rosidl_cmake-extras.cmake
[7.482s] -- Up-to-date: /cc_ws/tros_ws/install/share/tros_perception_fusion_msgs/cmake/ament_cmake_export_dependencies-extras.cmake
[7.483s] -- Up-to-date: /cc_ws/tros_ws/install/share/tros_perception_fusion_msgs/cmake/ament_cmake_export_include_directories-extras.cmake
[7.484s] -- Up-to-date: /cc_ws/tros_ws/install/share/tros_perception_fusion_msgs/cmake/ament_cmake_export_libraries-extras.cmake
[7.484s] -- Up-to-date: /cc_ws/tros_ws/install/share/tros_perception_fusion_msgs/cmake/ament_cmake_export_targets-extras.cmake
[7.502s] -- Up-to-date: /cc_ws/tros_ws/install/share/tros_perception_fusion_msgs/cmake/rosidl_cmake_export_typesupport_targets-extras.cmake
[7.502s] -- Up-to-date: /cc_ws/tros_ws/install/share/tros_perception_fusion_msgs/cmake/rosidl_cmake_export_typesupport_libraries-extras.cmake
[7.503s] -- Up-to-date: /cc_ws/tros_ws/install/share/tros_perception_fusion_msgs/cmake/tros_perception_fusion_msgsConfig.cmake
[7.503s] -- Up-to-date: /cc_ws/tros_ws/install/share/tros_perception_fusion_msgs/cmake/tros_perception_fusion_msgsConfig-version.cmake
[7.503s] -- Up-to-date: /cc_ws/tros_ws/install/share/tros_perception_fusion_msgs/package.xml
[7.505s] Invoked command in '/cc_ws/tros_ws/build/tros_perception_fusion_msgs' returned '0': CMAKE_PREFIX_PATH=/opt/ros/humble /usr/bin/cmake --install /cc_ws/tros_ws/build/tros_perception_fusion_msgs
