[1.986s] Invoking command in '/cc_ws/tros_ws/src/box/hobot_clip/clip_encode_text': AMENT_PREFIX_PATH=/cc_ws/tros_ws/install:${AMENT_PREFIX_PATH} CMAKE_PREFIX_PATH=/cc_ws/tros_ws/install LD_LIBRARY_PATH=/cc_ws/tros_ws/install/lib:/opt/ros/humble/opt/rviz_ogre_vendor/lib:/opt/ros/humble/lib/aarch64-linux-gnu:/opt/ros/humble/lib:/cc_ws/userdata/hobot/opt/hobot/deps PYTHONPATH=/cc_ws/tros_ws/build/clip_encode_text/prefix_override:/cc_ws/tros_ws/install/lib/python3.10/site-packages:/cc_ws/tros_ws/install/local/lib/python3.10/dist-packages:${PYTHONPATH} /usr/bin/python3 -W ignore:setup.py install is deprecated setup.py egg_info --egg-base ../../../../build/clip_encode_text build --build-base /cc_ws/tros_ws/build/clip_encode_text/build install --record /cc_ws/tros_ws/build/clip_encode_text/install.log --single-version-externally-managed install_data
[11.678s] running egg_info
[11.679s] creating ../../../../build/clip_encode_text/clip_encode_text.egg-info
[11.679s] writing ../../../../build/clip_encode_text/clip_encode_text.egg-info/PKG-INFO
[11.679s] writing dependency_links to ../../../../build/clip_encode_text/clip_encode_text.egg-info/dependency_links.txt
[11.679s] writing entry points to ../../../../build/clip_encode_text/clip_encode_text.egg-info/entry_points.txt
[11.679s] writing requirements to ../../../../build/clip_encode_text/clip_encode_text.egg-info/requires.txt
[11.680s] writing top-level names to ../../../../build/clip_encode_text/clip_encode_text.egg-info/top_level.txt
[11.680s] writing manifest file '../../../../build/clip_encode_text/clip_encode_text.egg-info/SOURCES.txt'
[11.680s] reading manifest file '../../../../build/clip_encode_text/clip_encode_text.egg-info/SOURCES.txt'
[11.680s] writing manifest file '../../../../build/clip_encode_text/clip_encode_text.egg-info/SOURCES.txt'
[11.680s] running build
[11.681s] running build_py
[11.681s] creating /cc_ws/tros_ws/build/clip_encode_text/build
[11.681s] creating /cc_ws/tros_ws/build/clip_encode_text/build/lib
[11.681s] creating /cc_ws/tros_ws/build/clip_encode_text/build/lib/clip_encode_text
[11.681s] copying clip_encode_text/__init__.py -> /cc_ws/tros_ws/build/clip_encode_text/build/lib/clip_encode_text
[11.682s] copying clip_encode_text/clip_encode_text_node.py -> /cc_ws/tros_ws/build/clip_encode_text/build/lib/clip_encode_text
[11.682s] creating /cc_ws/tros_ws/build/clip_encode_text/build/lib/clip_encode_text/clip
[11.682s] copying clip_encode_text/clip/simple_tokenizer.py -> /cc_ws/tros_ws/build/clip_encode_text/build/lib/clip_encode_text/clip
[11.682s] copying clip_encode_text/clip/__init__.py -> /cc_ws/tros_ws/build/clip_encode_text/build/lib/clip_encode_text/clip
[11.682s] copying clip_encode_text/clip/clip.py -> /cc_ws/tros_ws/build/clip_encode_text/build/lib/clip_encode_text/clip
[11.682s] running install
[11.683s] running install_lib
[11.690s] creating /cc_ws/tros_ws/install/lib/python3.10/site-packages/clip_encode_text
[11.690s] creating /cc_ws/tros_ws/install/lib/python3.10/site-packages/clip_encode_text/clip
[11.690s] copying /cc_ws/tros_ws/build/clip_encode_text/build/lib/clip_encode_text/clip/simple_tokenizer.py -> /cc_ws/tros_ws/install/lib/python3.10/site-packages/clip_encode_text/clip
[11.690s] copying /cc_ws/tros_ws/build/clip_encode_text/build/lib/clip_encode_text/clip/__init__.py -> /cc_ws/tros_ws/install/lib/python3.10/site-packages/clip_encode_text/clip
[11.690s] copying /cc_ws/tros_ws/build/clip_encode_text/build/lib/clip_encode_text/clip/clip.py -> /cc_ws/tros_ws/install/lib/python3.10/site-packages/clip_encode_text/clip
[11.691s] copying /cc_ws/tros_ws/build/clip_encode_text/build/lib/clip_encode_text/__init__.py -> /cc_ws/tros_ws/install/lib/python3.10/site-packages/clip_encode_text
[11.691s] copying /cc_ws/tros_ws/build/clip_encode_text/build/lib/clip_encode_text/clip_encode_text_node.py -> /cc_ws/tros_ws/install/lib/python3.10/site-packages/clip_encode_text
[11.691s] byte-compiling /cc_ws/tros_ws/install/lib/python3.10/site-packages/clip_encode_text/clip/simple_tokenizer.py to simple_tokenizer.cpython-310.pyc
[11.691s] byte-compiling /cc_ws/tros_ws/install/lib/python3.10/site-packages/clip_encode_text/clip/__init__.py to __init__.cpython-310.pyc
[11.691s] byte-compiling /cc_ws/tros_ws/install/lib/python3.10/site-packages/clip_encode_text/clip/clip.py to clip.cpython-310.pyc
[11.691s] byte-compiling /cc_ws/tros_ws/install/lib/python3.10/site-packages/clip_encode_text/__init__.py to __init__.cpython-310.pyc
[11.692s] byte-compiling /cc_ws/tros_ws/install/lib/python3.10/site-packages/clip_encode_text/clip_encode_text_node.py to clip_encode_text_node.cpython-310.pyc
[11.692s] running install_data
[11.692s] copying resource/clip_encode_text -> /cc_ws/tros_ws/install/share/ament_index/resource_index/packages
[11.692s] copying package.xml -> /cc_ws/tros_ws/install/share/clip_encode_text
[11.692s] copying config/bpe_simple_vocab_16e6.txt.gz -> /cc_ws/tros_ws/install/lib/python3.10/site-packages/clip_encode_text/clip
[11.692s] running install_egg_info
[11.692s] Copying ../../../../build/clip_encode_text/clip_encode_text.egg-info to /cc_ws/tros_ws/install/lib/python3.10/site-packages/clip_encode_text-0.0.0-py3.10.egg-info
[11.693s] running install_scripts
[11.693s] Installing clip_encode_text_node script to /cc_ws/tros_ws/install/lib/clip_encode_text
[11.693s] writing list of installed files to '/cc_ws/tros_ws/build/clip_encode_text/install.log'
[11.737s] Invoked command in '/cc_ws/tros_ws/src/box/hobot_clip/clip_encode_text' returned '0': AMENT_PREFIX_PATH=/cc_ws/tros_ws/install:${AMENT_PREFIX_PATH} CMAKE_PREFIX_PATH=/cc_ws/tros_ws/install LD_LIBRARY_PATH=/cc_ws/tros_ws/install/lib:/opt/ros/humble/opt/rviz_ogre_vendor/lib:/opt/ros/humble/lib/aarch64-linux-gnu:/opt/ros/humble/lib:/cc_ws/userdata/hobot/opt/hobot/deps PYTHONPATH=/cc_ws/tros_ws/build/clip_encode_text/prefix_override:/cc_ws/tros_ws/install/lib/python3.10/site-packages:/cc_ws/tros_ws/install/local/lib/python3.10/dist-packages:${PYTHONPATH} /usr/bin/python3 -W ignore:setup.py install is deprecated setup.py egg_info --egg-base ../../../../build/clip_encode_text build --build-base /cc_ws/tros_ws/build/clip_encode_text/build install --record /cc_ws/tros_ws/build/clip_encode_text/install.log --single-version-externally-managed install_data
