Not searching for unused variables given on the command line.
-- The C compiler identification is GNU 11.4.0
-- The CXX compiler identification is GNU 11.4.0
-- Detecting C compiler ABI info
-- Detecting C compiler ABI info - done
-- Check for working C compiler: /usr/bin/aarch64-linux-gnu-gcc - skipped
-- Detecting C compile features
-- Detecting C compile features - done
-- Detecting CXX compiler ABI info
-- Detecting CXX compiler ABI info - done
-- Check for working CXX compiler: /usr/bin/aarch64-linux-gnu-g++ - skipped
-- Detecting CXX compile features
-- Detecting CXX compile features - done
-- Found ament_cmake: 1.3.8 (/opt/ros/humble/share/ament_cmake/cmake)
-- Found Python3: /usr/bin/python3 (found version "3.10.12") found components: Interpreter 
[33mCMake Warning (dev) at /opt/ros/humble/share/ament_cmake_test/cmake/ament_cmake_test-extras.cmake:19 (option):
  Policy CMP0077 is not set: option() honors normal variables.  Run "cmake
  --help-policy CMP0077" for policy details.  Use the cmake_policy command to
  set the policy and suppress this warning.

  For compatibility with older versions of CMake, option is clearing the
  normal variable 'BUILD_TESTING'.
Call Stack (most recent call first):
  /opt/ros/humble/share/ament_cmake_test/cmake/ament_cmake_testConfig.cmake:41 (include)
  /opt/ros/humble/share/ament_cmake/cmake/ament_cmake_export_dependencies-extras.cmake:21 (find_package)
  /opt/ros/humble/share/ament_cmake/cmake/ament_cmakeConfig.cmake:41 (include)
  CMakeLists.txt:33 (find_package)
This warning is for project developers.  Use -Wno-dev to suppress it.
[0m
-- Found rclcpp: 16.0.8 (/opt/ros/humble/share/rclcpp/cmake)
-- Found rosidl_generator_c: 3.1.5 (/opt/ros/humble/share/rosidl_generator_c/cmake)
-- Found rosidl_adapter: 3.1.5 (/opt/ros/humble/share/rosidl_adapter/cmake)
-- Found rosidl_generator_cpp: 3.1.5 (/opt/ros/humble/share/rosidl_generator_cpp/cmake)
-- Using all available rosidl_typesupport_c: rosidl_typesupport_fastrtps_c;rosidl_typesupport_introspection_c
-- Using all available rosidl_typesupport_cpp: rosidl_typesupport_fastrtps_cpp;rosidl_typesupport_introspection_cpp
-- Found rmw_implementation_cmake: 6.1.1 (/opt/ros/humble/share/rmw_implementation_cmake/cmake)
-- Found rmw_fastrtps_cpp: 6.2.6 (/opt/ros/humble/share/rmw_fastrtps_cpp/cmake)
-- Found OpenSSL: /cc_ws/tros_ws/robot_dev_config/../../sysroot_docker/usr/lib/aarch64-linux-gnu/libcrypto.so (found version "3.0.2")  
-- Found FastRTPS: /opt/ros/humble/include  
-- Using RMW implementation 'rmw_fastrtps_cpp' as default
-- Looking for pthread.h
-- Looking for pthread.h - found
-- Performing Test CMAKE_HAVE_LIBC_PTHREAD
-- Performing Test CMAKE_HAVE_LIBC_PTHREAD - Success
-- Found Threads: TRUE  
[0mCMAKE_SYSROOT is /cc_ws/tros_ws/robot_dev_config/../../sysroot_docker[0m
-- Configuring done
-- Generating done
-- Build files have been written to: /cc_ws/tros_ws/build/hobot_mot
[ 25%] [32mBuilding CXX object CMakeFiles/hobot_mot.dir/src/hobot_mot.cpp.o[0m
[ 50%] [32mBuilding CXX object CMakeFiles/hobot_mot.dir/src/MOTMethod.cpp.o[0m
[ 75%] [32mBuilding CXX object CMakeFiles/hobot_mot.dir/src/MOT/IOU2.cpp.o[0m
In file included from [01m[K/cc_ws/tros_ws/src/box/hobot_perception/mot/include/MOT/IOU2.h:27[m[K,
                 from [01m[K/cc_ws/tros_ws/src/box/hobot_perception/mot/src/MOTMethod.cpp:31[m[K:
[01m[K/cc_ws/tros_ws/src/box/hobot_perception/mot/./deps/iou_based_mot/include/include/iou_based_mot/tracker.h:[m[K In static member function ‘[01m[Kstatic void hobot::iou_mot::Tracker::CheckInput(const std::vector<std::shared_ptr<hobot::iou_mot::BBox_s> >&, const time_t&, int, int)[m[K’:
[01m[K/cc_ws/tros_ws/src/box/hobot_perception/mot/./deps/iou_based_mot/include/include/iou_based_mot/tracker.h:68:54:[m[K [01;35m[Kwarning: [m[Kunused parameter ‘[01m[Kbody_bbox_list[m[K’ [[01;35m[K-Wunused-parameter[m[K]
   68 |   static void CheckInput([01;35m[Kconst std::vector<sp_BBox> &body_bbox_list[m[K,
      |                          [01;35m[K~~~~~~~~~~~~~~~~~~~~~~~~~~~~^~~~~~~~~~~~~~[m[K
In file included from [01m[K/cc_ws/tros_ws/src/box/hobot_perception/mot/include/MOT/IOU2.h:27[m[K,
                 from [01m[K/cc_ws/tros_ws/src/box/hobot_perception/mot/src/MOT/IOU2.cpp:15[m[K:
[01m[K/cc_ws/tros_ws/src/box/hobot_perception/mot/./deps/iou_based_mot/include/include/iou_based_mot/tracker.h:[m[K In static member function ‘[01m[Kstatic void hobot::iou_mot::Tracker::CheckInput(const std::vector<std::shared_ptr<hobot::iou_mot::BBox_s> >&, const time_t&, int, int)[m[K’:
[01m[K/cc_ws/tros_ws/src/box/hobot_perception/mot/./deps/iou_based_mot/include/include/iou_based_mot/tracker.h:68:54:[m[K [01;35m[Kwarning: [m[Kunused parameter ‘[01m[Kbody_bbox_list[m[K’ [[01;35m[K-Wunused-parameter[m[K]
   68 |   static void CheckInput([01;35m[Kconst std::vector<sp_BBox> &body_bbox_list[m[K,
      |                          [01;35m[K~~~~~~~~~~~~~~~~~~~~~~~~~~~~^~~~~~~~~~~~~~[m[K
[100%] [32m[1mLinking CXX shared library libhobot_mot.so[0m
[100%] Built target hobot_mot
-- Install configuration: ""
-- Installing: /cc_ws/tros_ws/install/lib/libhobot_mot.so
-- Set runtime path of "/cc_ws/tros_ws/install/lib/libhobot_mot.so" to ""
-- Installing: /cc_ws/tros_ws/install/include/hobot_mot/hobot_mot.h
-- Installing: /cc_ws/tros_ws/install/include/hobot_mot/mot_data_type.h
-- Installing: /cc_ws/tros_ws/install/lib/hobot_mot/config/
-- Installing: /cc_ws/tros_ws/install/lib/hobot_mot/config//iou2_method_param.json
-- Installing: /cc_ws/tros_ws/install/lib/hobot_mot/config//iou2_euclid_method_param.json
-- Installing: /cc_ws/tros_ws/install/lib/hobot_mot/config//iou_method_param.json
-- Installing: /cc_ws/tros_ws/install/lib/hobot_mot/config//reid_method_param.json
-- Up-to-date: /cc_ws/tros_ws/install/lib/libhobot_mot.so
-- Installing: /cc_ws/tros_ws/install/share/hobot_mot/environment/library_path.sh
-- Installing: /cc_ws/tros_ws/install/share/hobot_mot/environment/library_path.dsv
-- Installing: /cc_ws/tros_ws/install/share/ament_index/resource_index/package_run_dependencies/hobot_mot
-- Installing: /cc_ws/tros_ws/install/share/ament_index/resource_index/parent_prefix_path/hobot_mot
-- Installing: /cc_ws/tros_ws/install/share/hobot_mot/environment/ament_prefix_path.sh
-- Installing: /cc_ws/tros_ws/install/share/hobot_mot/environment/ament_prefix_path.dsv
-- Installing: /cc_ws/tros_ws/install/share/hobot_mot/environment/path.sh
-- Installing: /cc_ws/tros_ws/install/share/hobot_mot/environment/path.dsv
-- Installing: /cc_ws/tros_ws/install/share/hobot_mot/local_setup.bash
-- Installing: /cc_ws/tros_ws/install/share/hobot_mot/local_setup.sh
-- Installing: /cc_ws/tros_ws/install/share/hobot_mot/local_setup.zsh
-- Installing: /cc_ws/tros_ws/install/share/hobot_mot/local_setup.dsv
-- Installing: /cc_ws/tros_ws/install/share/hobot_mot/package.dsv
-- Installing: /cc_ws/tros_ws/install/share/ament_index/resource_index/packages/hobot_mot
-- Installing: /cc_ws/tros_ws/install/share/hobot_mot/cmake/hobot_motExport.cmake
-- Installing: /cc_ws/tros_ws/install/share/hobot_mot/cmake/hobot_motExport-noconfig.cmake
-- Installing: /cc_ws/tros_ws/install/share/hobot_mot/cmake/ament_cmake_export_include_directories-extras.cmake
-- Installing: /cc_ws/tros_ws/install/share/hobot_mot/cmake/ament_cmake_export_libraries-extras.cmake
-- Installing: /cc_ws/tros_ws/install/share/hobot_mot/cmake/ament_cmake_export_targets-extras.cmake
-- Installing: /cc_ws/tros_ws/install/share/hobot_mot/cmake/hobot_motConfig.cmake
-- Installing: /cc_ws/tros_ws/install/share/hobot_mot/cmake/hobot_motConfig-version.cmake
-- Installing: /cc_ws/tros_ws/install/share/hobot_mot/package.xml
