[0.038s] Invoking command in '/cc_ws/tros_ws/build/hobot_mot': CMAKE_PREFIX_PATH=/opt/ros/humble /usr/bin/cmake /cc_ws/tros_ws/src/box/hobot_perception/mot -DCMAKE_EXPORT_COMPILE_COMMANDS=ON --no-warn-unused-cli -DCMAKE_TOOLCHAIN_FILE=/cc_ws/tros_ws/robot_dev_config/aarch64_toolchainfile.cmake -DPLATFORM_X5=ON -DTHIRDPARTY=ON -DBUILD_TESTING=OFF -DCMAKE_BUILD_RPATH=/cc_ws/tros_ws/build/poco_vendor/poco_external_project_install/lib/;/cc_ws/tros_ws/build/libyaml_vendor/libyaml_install/lib/ -DCMAKE_INSTALL_PREFIX=/cc_ws/tros_ws/install
[0.088s] Not searching for unused variables given on the command line.
[0.137s] -- The C compiler identification is GNU 11.4.0
[0.237s] -- The CXX compiler identification is GNU 11.4.0
[0.260s] -- Detecting C compiler ABI info
[0.383s] -- Detecting C compiler ABI info - done
[0.397s] -- Check for working C compiler: /usr/bin/aarch64-linux-gnu-gcc - skipped
[0.398s] -- Detecting C compile features
[0.399s] -- Detecting C compile features - done
[0.404s] -- Detecting CXX compiler ABI info
[0.570s] -- Detecting CXX compiler ABI info - done
[0.575s] -- Check for working CXX compiler: /usr/bin/aarch64-linux-gnu-g++ - skipped
[0.576s] -- Detecting CXX compile features
[0.576s] -- Detecting CXX compile features - done
[0.579s] -- Found ament_cmake: 1.3.8 (/opt/ros/humble/share/ament_cmake/cmake)
[0.755s] -- Found Python3: /usr/bin/python3 (found version "3.10.12") found components: Interpreter 
[0.922s] [33mCMake Warning (dev) at /opt/ros/humble/share/ament_cmake_test/cmake/ament_cmake_test-extras.cmake:19 (option):
[0.922s]   Policy CMP0077 is not set: option() honors normal variables.  Run "cmake
[0.922s]   --help-policy CMP0077" for policy details.  Use the cmake_policy command to
[0.922s]   set the policy and suppress this warning.
[0.923s] 
[0.923s]   For compatibility with older versions of CMake, option is clearing the
[0.923s]   normal variable 'BUILD_TESTING'.
[0.923s] Call Stack (most recent call first):
[0.923s]   /opt/ros/humble/share/ament_cmake_test/cmake/ament_cmake_testConfig.cmake:41 (include)
[0.923s]   /opt/ros/humble/share/ament_cmake/cmake/ament_cmake_export_dependencies-extras.cmake:21 (find_package)
[0.923s]   /opt/ros/humble/share/ament_cmake/cmake/ament_cmakeConfig.cmake:41 (include)
[0.923s]   CMakeLists.txt:33 (find_package)
[0.923s] This warning is for project developers.  Use -Wno-dev to suppress it.
[0.924s] [0m
[0.942s] -- Found rclcpp: 16.0.8 (/opt/ros/humble/share/rclcpp/cmake)
[1.002s] -- Found rosidl_generator_c: 3.1.5 (/opt/ros/humble/share/rosidl_generator_c/cmake)
[1.021s] -- Found rosidl_adapter: 3.1.5 (/opt/ros/humble/share/rosidl_adapter/cmake)
[1.039s] -- Found rosidl_generator_cpp: 3.1.5 (/opt/ros/humble/share/rosidl_generator_cpp/cmake)
[1.071s] -- Using all available rosidl_typesupport_c: rosidl_typesupport_fastrtps_c;rosidl_typesupport_introspection_c
[1.118s] -- Using all available rosidl_typesupport_cpp: rosidl_typesupport_fastrtps_cpp;rosidl_typesupport_introspection_cpp
[1.259s] -- Found rmw_implementation_cmake: 6.1.1 (/opt/ros/humble/share/rmw_implementation_cmake/cmake)
[1.264s] -- Found rmw_fastrtps_cpp: 6.2.6 (/opt/ros/humble/share/rmw_fastrtps_cpp/cmake)
[1.434s] -- Found OpenSSL: /cc_ws/tros_ws/robot_dev_config/../../sysroot_docker/usr/lib/aarch64-linux-gnu/libcrypto.so (found version "3.0.2")  
[1.470s] -- Found FastRTPS: /opt/ros/humble/include  
[1.533s] -- Using RMW implementation 'rmw_fastrtps_cpp' as default
[1.549s] -- Looking for pthread.h
[1.721s] -- Looking for pthread.h - found
[1.722s] -- Performing Test CMAKE_HAVE_LIBC_PTHREAD
[1.862s] -- Performing Test CMAKE_HAVE_LIBC_PTHREAD - Success
[1.864s] -- Found Threads: TRUE  
[2.238s] [0mCMAKE_SYSROOT is /cc_ws/tros_ws/robot_dev_config/../../sysroot_docker[0m
[2.483s] -- Configuring done
[2.509s] -- Generating done
[2.519s] -- Build files have been written to: /cc_ws/tros_ws/build/hobot_mot
[2.570s] Invoked command in '/cc_ws/tros_ws/build/hobot_mot' returned '0': CMAKE_PREFIX_PATH=/opt/ros/humble /usr/bin/cmake /cc_ws/tros_ws/src/box/hobot_perception/mot -DCMAKE_EXPORT_COMPILE_COMMANDS=ON --no-warn-unused-cli -DCMAKE_TOOLCHAIN_FILE=/cc_ws/tros_ws/robot_dev_config/aarch64_toolchainfile.cmake -DPLATFORM_X5=ON -DTHIRDPARTY=ON -DBUILD_TESTING=OFF -DCMAKE_BUILD_RPATH=/cc_ws/tros_ws/build/poco_vendor/poco_external_project_install/lib/;/cc_ws/tros_ws/build/libyaml_vendor/libyaml_install/lib/ -DCMAKE_INSTALL_PREFIX=/cc_ws/tros_ws/install
[2.574s] Invoking command in '/cc_ws/tros_ws/build/hobot_mot': CMAKE_PREFIX_PATH=/opt/ros/humble /usr/bin/cmake --build /cc_ws/tros_ws/build/hobot_mot -- -j12 -l12
[2.798s] [ 25%] [32mBuilding CXX object CMakeFiles/hobot_mot.dir/src/hobot_mot.cpp.o[0m
[2.816s] [ 50%] [32mBuilding CXX object CMakeFiles/hobot_mot.dir/src/MOTMethod.cpp.o[0m
[2.834s] [ 75%] [32mBuilding CXX object CMakeFiles/hobot_mot.dir/src/MOT/IOU2.cpp.o[0m
[22.728s] In file included from [01m[K/cc_ws/tros_ws/src/box/hobot_perception/mot/include/MOT/IOU2.h:27[m[K,
[22.729s]                  from [01m[K/cc_ws/tros_ws/src/box/hobot_perception/mot/src/MOTMethod.cpp:31[m[K:
[22.729s] [01m[K/cc_ws/tros_ws/src/box/hobot_perception/mot/./deps/iou_based_mot/include/include/iou_based_mot/tracker.h:[m[K In static member function ‘[01m[Kstatic void hobot::iou_mot::Tracker::CheckInput(const std::vector<std::shared_ptr<hobot::iou_mot::BBox_s> >&, const time_t&, int, int)[m[K’:
[22.729s] [01m[K/cc_ws/tros_ws/src/box/hobot_perception/mot/./deps/iou_based_mot/include/include/iou_based_mot/tracker.h:68:54:[m[K [01;35m[Kwarning: [m[Kunused parameter ‘[01m[Kbody_bbox_list[m[K’ [[01;35m[K-Wunused-parameter[m[K]
[22.729s]    68 |   static void CheckInput([01;35m[Kconst std::vector<sp_BBox> &body_bbox_list[m[K,
[22.730s]       |                          [01;35m[K~~~~~~~~~~~~~~~~~~~~~~~~~~~~^~~~~~~~~~~~~~[m[K
[23.574s] In file included from [01m[K/cc_ws/tros_ws/src/box/hobot_perception/mot/include/MOT/IOU2.h:27[m[K,
[23.575s]                  from [01m[K/cc_ws/tros_ws/src/box/hobot_perception/mot/src/MOT/IOU2.cpp:15[m[K:
[23.575s] [01m[K/cc_ws/tros_ws/src/box/hobot_perception/mot/./deps/iou_based_mot/include/include/iou_based_mot/tracker.h:[m[K In static member function ‘[01m[Kstatic void hobot::iou_mot::Tracker::CheckInput(const std::vector<std::shared_ptr<hobot::iou_mot::BBox_s> >&, const time_t&, int, int)[m[K’:
[23.576s] [01m[K/cc_ws/tros_ws/src/box/hobot_perception/mot/./deps/iou_based_mot/include/include/iou_based_mot/tracker.h:68:54:[m[K [01;35m[Kwarning: [m[Kunused parameter ‘[01m[Kbody_bbox_list[m[K’ [[01;35m[K-Wunused-parameter[m[K]
[23.576s]    68 |   static void CheckInput([01;35m[Kconst std::vector<sp_BBox> &body_bbox_list[m[K,
[23.576s]       |                          [01;35m[K~~~~~~~~~~~~~~~~~~~~~~~~~~~~^~~~~~~~~~~~~~[m[K
[30.495s] [100%] [32m[1mLinking CXX shared library libhobot_mot.so[0m
[31.750s] [100%] Built target hobot_mot
[31.880s] Invoked command in '/cc_ws/tros_ws/build/hobot_mot' returned '0': CMAKE_PREFIX_PATH=/opt/ros/humble /usr/bin/cmake --build /cc_ws/tros_ws/build/hobot_mot -- -j12 -l12
[32.391s] Invoking command in '/cc_ws/tros_ws/build/hobot_mot': CMAKE_PREFIX_PATH=/opt/ros/humble /usr/bin/cmake --install /cc_ws/tros_ws/build/hobot_mot
[48.840s] -- Install configuration: ""
[48.840s] -- Installing: /cc_ws/tros_ws/install/lib/libhobot_mot.so
[48.841s] -- Set runtime path of "/cc_ws/tros_ws/install/lib/libhobot_mot.so" to ""
[48.856s] -- Installing: /cc_ws/tros_ws/install/include/hobot_mot/hobot_mot.h
[48.856s] -- Installing: /cc_ws/tros_ws/install/include/hobot_mot/mot_data_type.h
[48.857s] -- Installing: /cc_ws/tros_ws/install/lib/hobot_mot/config/
[48.857s] -- Installing: /cc_ws/tros_ws/install/lib/hobot_mot/config//iou2_method_param.json
[48.857s] -- Installing: /cc_ws/tros_ws/install/lib/hobot_mot/config//iou2_euclid_method_param.json
[48.857s] -- Installing: /cc_ws/tros_ws/install/lib/hobot_mot/config//iou_method_param.json
[48.858s] -- Installing: /cc_ws/tros_ws/install/lib/hobot_mot/config//reid_method_param.json
[48.858s] -- Up-to-date: /cc_ws/tros_ws/install/lib/libhobot_mot.so
[48.858s] -- Installing: /cc_ws/tros_ws/install/share/hobot_mot/environment/library_path.sh
[48.858s] -- Installing: /cc_ws/tros_ws/install/share/hobot_mot/environment/library_path.dsv
[48.858s] -- Installing: /cc_ws/tros_ws/install/share/ament_index/resource_index/package_run_dependencies/hobot_mot
[48.859s] -- Installing: /cc_ws/tros_ws/install/share/ament_index/resource_index/parent_prefix_path/hobot_mot
[48.859s] -- Installing: /cc_ws/tros_ws/install/share/hobot_mot/environment/ament_prefix_path.sh
[48.859s] -- Installing: /cc_ws/tros_ws/install/share/hobot_mot/environment/ament_prefix_path.dsv
[48.859s] -- Installing: /cc_ws/tros_ws/install/share/hobot_mot/environment/path.sh
[48.859s] -- Installing: /cc_ws/tros_ws/install/share/hobot_mot/environment/path.dsv
[48.859s] -- Installing: /cc_ws/tros_ws/install/share/hobot_mot/local_setup.bash
[48.860s] -- Installing: /cc_ws/tros_ws/install/share/hobot_mot/local_setup.sh
[48.860s] -- Installing: /cc_ws/tros_ws/install/share/hobot_mot/local_setup.zsh
[48.860s] -- Installing: /cc_ws/tros_ws/install/share/hobot_mot/local_setup.dsv
[48.860s] -- Installing: /cc_ws/tros_ws/install/share/hobot_mot/package.dsv
[48.860s] -- Installing: /cc_ws/tros_ws/install/share/ament_index/resource_index/packages/hobot_mot
[48.861s] -- Installing: /cc_ws/tros_ws/install/share/hobot_mot/cmake/hobot_motExport.cmake
[48.861s] -- Installing: /cc_ws/tros_ws/install/share/hobot_mot/cmake/hobot_motExport-noconfig.cmake
[48.861s] -- Installing: /cc_ws/tros_ws/install/share/hobot_mot/cmake/ament_cmake_export_include_directories-extras.cmake
[48.861s] -- Installing: /cc_ws/tros_ws/install/share/hobot_mot/cmake/ament_cmake_export_libraries-extras.cmake
[48.861s] -- Installing: /cc_ws/tros_ws/install/share/hobot_mot/cmake/ament_cmake_export_targets-extras.cmake
[48.862s] -- Installing: /cc_ws/tros_ws/install/share/hobot_mot/cmake/hobot_motConfig.cmake
[48.862s] -- Installing: /cc_ws/tros_ws/install/share/hobot_mot/cmake/hobot_motConfig-version.cmake
[48.862s] -- Installing: /cc_ws/tros_ws/install/share/hobot_mot/package.xml
[48.916s] Invoked command in '/cc_ws/tros_ws/build/hobot_mot' returned '0': CMAKE_PREFIX_PATH=/opt/ros/humble /usr/bin/cmake --install /cc_ws/tros_ws/build/hobot_mot
