Not searching for unused variables given on the command line.
-- Found ament_cmake: 1.3.8 (/opt/ros/humble/share/ament_cmake/cmake)
-- Found rclcpp: 16.0.8 (/opt/ros/humble/share/rclcpp/cmake)
-- Found rosidl_generator_c: 3.1.5 (/opt/ros/humble/share/rosidl_generator_c/cmake)
-- Found rosidl_adapter: 3.1.5 (/opt/ros/humble/share/rosidl_adapter/cmake)
-- Found rosidl_generator_cpp: 3.1.5 (/opt/ros/humble/share/rosidl_generator_cpp/cmake)
-- Using all available rosidl_typesupport_c: rosidl_typesupport_fastrtps_c;rosidl_typesupport_introspection_c
[33mCMake Warning (dev) at /opt/ros/humble/share/ament_cmake_test/cmake/ament_cmake_test-extras.cmake:19 (option):
  Policy CMP0077 is not set: option() honors normal variables.  Run "cmake
  --help-policy CMP0077" for policy details.  Use the cmake_policy command to
  set the policy and suppress this warning.

  For compatibility with older versions of CMake, option is clearing the
  normal variable 'BUILD_TESTING'.
Call Stack (most recent call first):
  /opt/ros/humble/share/ament_cmake_test/cmake/ament_cmake_testConfig.cmake:41 (include)
  /opt/ros/humble/share/ament_cmake/cmake/ament_cmake_export_dependencies-extras.cmake:21 (find_package)
  /opt/ros/humble/share/ament_cmake/cmake/ament_cmakeConfig.cmake:41 (include)
  CMakeLists.txt:33 (find_package)
This warning is for project developers.  Use -Wno-dev to suppress it.
[0m
-- Using all available rosidl_typesupport_cpp: rosidl_typesupport_fastrtps_cpp;rosidl_typesupport_introspection_cpp
-- Found rmw_implementation_cmake: 6.1.1 (/opt/ros/humble/share/rmw_implementation_cmake/cmake)
-- Found rmw_fastrtps_cpp: 6.2.6 (/opt/ros/humble/share/rmw_fastrtps_cpp/cmake)
-- Using RMW implementation 'rmw_fastrtps_cpp' as default
-- Found sensor_msgs: 4.2.3 (/opt/ros/humble/share/sensor_msgs/cmake)
-- Found ai_msgs: 2.0.1 (/cc_ws/tros_ws/robot_dev_config/../install/share/ai_msgs/cmake)
-- Found hbm_img_msgs: 2.0.0 (/cc_ws/tros_ws/robot_dev_config/../install/share/hbm_img_msgs/cmake)
-- Configuring done
-- Generating done
-- Build files have been written to: /cc_ws/tros_ws/build/websocket
[35m[1mConsolidate compiler generated dependencies of target websocket[0m
[100%] Built target websocket
-- Install configuration: ""
-- Up-to-date: /cc_ws/tros_ws/install/lib/websocket/websocket
-- Up-to-date: /cc_ws/tros_ws/install/lib/websocket/webservice/conf
-- Up-to-date: /cc_ws/tros_ws/install/lib/websocket/webservice/conf/nginx.conf.default
-- Up-to-date: /cc_ws/tros_ws/install/lib/websocket/webservice/conf/fastcgi.conf
-- Up-to-date: /cc_ws/tros_ws/install/lib/websocket/webservice/conf/fastcgi_params.default
-- Up-to-date: /cc_ws/tros_ws/install/lib/websocket/webservice/conf/uwsgi_params.default
-- Up-to-date: /cc_ws/tros_ws/install/lib/websocket/webservice/conf/mime.types
-- Up-to-date: /cc_ws/tros_ws/install/lib/websocket/webservice/conf/scgi_params
-- Up-to-date: /cc_ws/tros_ws/install/lib/websocket/webservice/conf/koi-utf
-- Up-to-date: /cc_ws/tros_ws/install/lib/websocket/webservice/conf/uwsgi_params
-- Up-to-date: /cc_ws/tros_ws/install/lib/websocket/webservice/conf/scgi_params.default
-- Up-to-date: /cc_ws/tros_ws/install/lib/websocket/webservice/conf/fastcgi.conf.default
-- Up-to-date: /cc_ws/tros_ws/install/lib/websocket/webservice/conf/fastcgi_params
-- Up-to-date: /cc_ws/tros_ws/install/lib/websocket/webservice/conf/koi-win
-- Up-to-date: /cc_ws/tros_ws/install/lib/websocket/webservice/conf/win-utf
-- Up-to-date: /cc_ws/tros_ws/install/lib/websocket/webservice/conf/mime.types.default
-- Up-to-date: /cc_ws/tros_ws/install/lib/websocket/webservice/conf/nginx.conf
-- Up-to-date: /cc_ws/tros_ws/install/lib/websocket/webservice/html
-- Up-to-date: /cc_ws/tros_ws/install/lib/websocket/webservice/html/assets
-- Up-to-date: /cc_ws/tros_ws/install/lib/websocket/webservice/html/assets/data
-- Up-to-date: /cc_ws/tros_ws/install/lib/websocket/webservice/html/assets/data/data.js
-- Up-to-date: /cc_ws/tros_ws/install/lib/websocket/webservice/html/assets/images
-- Up-to-date: /cc_ws/tros_ws/install/lib/websocket/webservice/html/assets/images/menu.png
-- Up-to-date: /cc_ws/tros_ws/install/lib/websocket/webservice/html/assets/images/close.png
-- Up-to-date: /cc_ws/tros_ws/install/lib/websocket/webservice/html/assets/images/danger.png
-- Up-to-date: /cc_ws/tros_ws/install/lib/websocket/webservice/html/assets/images/noselect.png
-- Up-to-date: /cc_ws/tros_ws/install/lib/websocket/webservice/html/assets/images/disabled.png
-- Up-to-date: /cc_ws/tros_ws/install/lib/websocket/webservice/html/assets/images/logo.png
-- Up-to-date: /cc_ws/tros_ws/install/lib/websocket/webservice/html/assets/images/checked.png
-- Up-to-date: /cc_ws/tros_ws/install/lib/websocket/webservice/html/TogetheROS
-- Up-to-date: /cc_ws/tros_ws/install/lib/websocket/webservice/html/TogetheROS/main.js
-- Up-to-date: /cc_ws/tros_ws/install/lib/websocket/webservice/html/TogetheROS/main.css
-- Up-to-date: /cc_ws/tros_ws/install/lib/websocket/webservice/html/TogetheROS/index.html
-- Up-to-date: /cc_ws/tros_ws/install/lib/websocket/webservice/html/TogetheROS/render.js
-- Up-to-date: /cc_ws/tros_ws/install/lib/websocket/webservice/html/protos
-- Up-to-date: /cc_ws/tros_ws/install/lib/websocket/webservice/html/protos/x3.proto
-- Up-to-date: /cc_ws/tros_ws/install/lib/websocket/webservice/html/styles
-- Up-to-date: /cc_ws/tros_ws/install/lib/websocket/webservice/html/styles/normalize.css
-- Up-to-date: /cc_ws/tros_ws/install/lib/websocket/webservice/html/utils
-- Up-to-date: /cc_ws/tros_ws/install/lib/websocket/webservice/html/utils/h-canvas-bk.js
-- Up-to-date: /cc_ws/tros_ws/install/lib/websocket/webservice/html/utils/three.js
-- Up-to-date: /cc_ws/tros_ws/install/lib/websocket/webservice/html/utils/config.js
-- Up-to-date: /cc_ws/tros_ws/install/lib/websocket/webservice/html/utils/keyevent.js
-- Up-to-date: /cc_ws/tros_ws/install/lib/websocket/webservice/html/utils/reconnecting-websocket.js
-- Up-to-date: /cc_ws/tros_ws/install/lib/websocket/webservice/html/utils/threejs
-- Up-to-date: /cc_ws/tros_ws/install/lib/websocket/webservice/html/utils/threejs/OrbitControls.js
-- Up-to-date: /cc_ws/tros_ws/install/lib/websocket/webservice/html/utils/threejs/MTLLoader.js
-- Up-to-date: /cc_ws/tros_ws/install/lib/websocket/webservice/html/utils/threejs/PCDLoade-bk.js
-- Up-to-date: /cc_ws/tros_ws/install/lib/websocket/webservice/html/utils/threejs/TransformControls.js
-- Up-to-date: /cc_ws/tros_ws/install/lib/websocket/webservice/html/utils/threejs/addGeometry-bk.js
-- Up-to-date: /cc_ws/tros_ws/install/lib/websocket/webservice/html/utils/threejs/PCDLoader.js
-- Up-to-date: /cc_ws/tros_ws/install/lib/websocket/webservice/html/utils/threejs/OBJLoader.js
-- Up-to-date: /cc_ws/tros_ws/install/lib/websocket/webservice/html/utils/threejs/dat.gui.min.js
-- Up-to-date: /cc_ws/tros_ws/install/lib/websocket/webservice/html/utils/threejs/shader
-- Up-to-date: /cc_ws/tros_ws/install/lib/websocket/webservice/html/utils/threejs/shader/index.js
-- Up-to-date: /cc_ws/tros_ws/install/lib/websocket/webservice/html/utils/threejs/shader/basic.js
-- Up-to-date: /cc_ws/tros_ws/install/lib/websocket/webservice/html/utils/threejs/addGeometry.js
-- Up-to-date: /cc_ws/tros_ws/install/lib/websocket/webservice/html/utils/threejs/three.min.js
-- Up-to-date: /cc_ws/tros_ws/install/lib/websocket/webservice/html/utils/threejs/inflate.min.js
-- Up-to-date: /cc_ws/tros_ws/install/lib/websocket/webservice/html/utils/threejs/head.fbx
-- Up-to-date: /cc_ws/tros_ws/install/lib/websocket/webservice/html/utils/threejs/FBXLoader.js
-- Up-to-date: /cc_ws/tros_ws/install/lib/websocket/webservice/html/utils/videoskeleton.js
-- Up-to-date: /cc_ws/tros_ws/install/lib/websocket/webservice/html/utils/jquery-1.9.0.js
-- Up-to-date: /cc_ws/tros_ws/install/lib/websocket/webservice/html/utils/yuvcanvas.min.js
-- Up-to-date: /cc_ws/tros_ws/install/lib/websocket/webservice/html/utils/.DS_Store
-- Up-to-date: /cc_ws/tros_ws/install/lib/websocket/webservice/html/utils/h-canvas.js
-- Up-to-date: /cc_ws/tros_ws/install/lib/websocket/webservice/html/utils/yuv-canvas.js
-- Up-to-date: /cc_ws/tros_ws/install/lib/websocket/webservice/html/utils/data_box.js
-- Up-to-date: /cc_ws/tros_ws/install/lib/websocket/webservice/html/utils/util.js
-- Up-to-date: /cc_ws/tros_ws/install/lib/websocket/webservice/html/utils/require.js
-- Up-to-date: /cc_ws/tros_ws/install/lib/websocket/webservice/html/utils/canvas.js
-- Up-to-date: /cc_ws/tros_ws/install/lib/websocket/webservice/html/utils/ajaxTransport.js
-- Up-to-date: /cc_ws/tros_ws/install/lib/websocket/webservice/html/utils/protobuf.js
-- Up-to-date: /cc_ws/tros_ws/install/lib/websocket/webservice/html/utils/helper.js
-- Up-to-date: /cc_ws/tros_ws/install/lib/websocket/webservice/html/utils/demo-bundled.js
-- Up-to-date: /cc_ws/tros_ws/install/lib/websocket/webservice/html/index.html
-- Up-to-date: /cc_ws/tros_ws/install/lib/websocket/webservice/x3
-- Up-to-date: /cc_ws/tros_ws/install/lib/websocket/webservice/x3/protos
-- Up-to-date: /cc_ws/tros_ws/install/lib/websocket/webservice/x3/protos/x3.proto
-- Up-to-date: /cc_ws/tros_ws/install/lib/websocket/webservice/x3/utils
-- Up-to-date: /cc_ws/tros_ws/install/lib/websocket/webservice/x3/utils/h-canvas-bk.js
-- Up-to-date: /cc_ws/tros_ws/install/lib/websocket/webservice/x3/utils/three.js
-- Up-to-date: /cc_ws/tros_ws/install/lib/websocket/webservice/x3/utils/config.js
-- Up-to-date: /cc_ws/tros_ws/install/lib/websocket/webservice/x3/utils/main.js
-- Up-to-date: /cc_ws/tros_ws/install/lib/websocket/webservice/x3/utils/keyevent.js
-- Up-to-date: /cc_ws/tros_ws/install/lib/websocket/webservice/x3/utils/reconnecting-websocket.js
-- Up-to-date: /cc_ws/tros_ws/install/lib/websocket/webservice/x3/utils/threejs
-- Up-to-date: /cc_ws/tros_ws/install/lib/websocket/webservice/x3/utils/threejs/OrbitControls.js
-- Up-to-date: /cc_ws/tros_ws/install/lib/websocket/webservice/x3/utils/threejs/MTLLoader.js
-- Up-to-date: /cc_ws/tros_ws/install/lib/websocket/webservice/x3/utils/threejs/PCDLoade-bk.js
-- Up-to-date: /cc_ws/tros_ws/install/lib/websocket/webservice/x3/utils/threejs/TransformControls.js
-- Up-to-date: /cc_ws/tros_ws/install/lib/websocket/webservice/x3/utils/threejs/addGeometry-bk.js
-- Up-to-date: /cc_ws/tros_ws/install/lib/websocket/webservice/x3/utils/threejs/PCDLoader.js
-- Up-to-date: /cc_ws/tros_ws/install/lib/websocket/webservice/x3/utils/threejs/OBJLoader.js
-- Up-to-date: /cc_ws/tros_ws/install/lib/websocket/webservice/x3/utils/threejs/dat.gui.min.js
-- Up-to-date: /cc_ws/tros_ws/install/lib/websocket/webservice/x3/utils/threejs/shader
-- Up-to-date: /cc_ws/tros_ws/install/lib/websocket/webservice/x3/utils/threejs/shader/index.js
-- Up-to-date: /cc_ws/tros_ws/install/lib/websocket/webservice/x3/utils/threejs/shader/basic.js
-- Up-to-date: /cc_ws/tros_ws/install/lib/websocket/webservice/x3/utils/threejs/addGeometry.js
-- Up-to-date: /cc_ws/tros_ws/install/lib/websocket/webservice/x3/utils/threejs/three.min.js
-- Up-to-date: /cc_ws/tros_ws/install/lib/websocket/webservice/x3/utils/threejs/inflate.min.js
-- Up-to-date: /cc_ws/tros_ws/install/lib/websocket/webservice/x3/utils/threejs/head.fbx
-- Up-to-date: /cc_ws/tros_ws/install/lib/websocket/webservice/x3/utils/threejs/FBXLoader.js
-- Up-to-date: /cc_ws/tros_ws/install/lib/websocket/webservice/x3/utils/videoskeleton.js
-- Up-to-date: /cc_ws/tros_ws/install/lib/websocket/webservice/x3/utils/jquery-1.9.0.js
-- Up-to-date: /cc_ws/tros_ws/install/lib/websocket/webservice/x3/utils/yuvcanvas.min.js
-- Up-to-date: /cc_ws/tros_ws/install/lib/websocket/webservice/x3/utils/opencv.js
-- Up-to-date: /cc_ws/tros_ws/install/lib/websocket/webservice/x3/utils/h-canvas.js
-- Up-to-date: /cc_ws/tros_ws/install/lib/websocket/webservice/x3/utils/yuv-canvas.js
-- Up-to-date: /cc_ws/tros_ws/install/lib/websocket/webservice/x3/utils/data_box.js
-- Up-to-date: /cc_ws/tros_ws/install/lib/websocket/webservice/x3/utils/util.js
-- Up-to-date: /cc_ws/tros_ws/install/lib/websocket/webservice/x3/utils/require.js
-- Up-to-date: /cc_ws/tros_ws/install/lib/websocket/webservice/x3/utils/canvas.js
-- Up-to-date: /cc_ws/tros_ws/install/lib/websocket/webservice/x3/utils/ajaxTransport.js
-- Up-to-date: /cc_ws/tros_ws/install/lib/websocket/webservice/x3/utils/protobuf.js
-- Up-to-date: /cc_ws/tros_ws/install/lib/websocket/webservice/x3/utils/helper.js
-- Up-to-date: /cc_ws/tros_ws/install/lib/websocket/webservice/x3/utils/demo-bundled.js
-- Up-to-date: /cc_ws/tros_ws/install/lib/websocket/webservice/logs
-- Up-to-date: /cc_ws/tros_ws/install/lib/websocket/webservice/logs/README.md
-- Up-to-date: /cc_ws/tros_ws/install/lib/websocket/webservice/logs/README_cn.md
-- Up-to-date: /cc_ws/tros_ws/install/lib/libuWS.so
-- Up-to-date: /cc_ws/tros_ws/install/lib/websocket/webservice/sbin/nginx
-- Up-to-date: /cc_ws/tros_ws/install/share/websocket//launch
-- Up-to-date: /cc_ws/tros_ws/install/share/websocket//launch/websocket_service.launch.py
-- Up-to-date: /cc_ws/tros_ws/install/share/websocket//launch/websocket.launch.py
-- Up-to-date: /cc_ws/tros_ws/install/share/ament_index/resource_index/package_run_dependencies/websocket
-- Up-to-date: /cc_ws/tros_ws/install/share/ament_index/resource_index/parent_prefix_path/websocket
-- Up-to-date: /cc_ws/tros_ws/install/share/websocket/environment/ament_prefix_path.sh
-- Installing: /cc_ws/tros_ws/install/share/websocket/environment/ament_prefix_path.dsv
-- Up-to-date: /cc_ws/tros_ws/install/share/websocket/environment/path.sh
-- Installing: /cc_ws/tros_ws/install/share/websocket/environment/path.dsv
-- Up-to-date: /cc_ws/tros_ws/install/share/websocket/local_setup.bash
-- Up-to-date: /cc_ws/tros_ws/install/share/websocket/local_setup.sh
-- Up-to-date: /cc_ws/tros_ws/install/share/websocket/local_setup.zsh
-- Installing: /cc_ws/tros_ws/install/share/websocket/local_setup.dsv
-- Installing: /cc_ws/tros_ws/install/share/websocket/package.dsv
-- Up-to-date: /cc_ws/tros_ws/install/share/ament_index/resource_index/packages/websocket
-- Up-to-date: /cc_ws/tros_ws/install/share/websocket/cmake/websocketConfig.cmake
-- Up-to-date: /cc_ws/tros_ws/install/share/websocket/cmake/websocketConfig-version.cmake
-- Up-to-date: /cc_ws/tros_ws/install/share/websocket/package.xml
