[0.520s] Invoking command in '/cc_ws/tros_ws/build/hobot_falldown_detection': AMENT_PREFIX_PATH=/cc_ws/tros_ws/install:${AMENT_PREFIX_PATH} CMAKE_PREFIX_PATH=/cc_ws/tros_ws/install:/opt/ros/humble LD_LIBRARY_PATH=/cc_ws/tros_ws/install/lib:/opt/ros/humble/opt/rviz_ogre_vendor/lib:/opt/ros/humble/lib/aarch64-linux-gnu:/opt/ros/humble/lib:/cc_ws/userdata/hobot/opt/hobot/deps PYTHONPATH=/cc_ws/tros_ws/install/lib/python3.10/site-packages:/cc_ws/tros_ws/install/local/lib/python3.10/dist-packages:${PYTHONPATH} /usr/bin/cmake /cc_ws/tros_ws/src/box/hobot_perception/hobot_falldown_detection -DCMAKE_EXPORT_COMPILE_COMMANDS=ON --no-warn-unused-cli -DCMAKE_TOOLCHAIN_FILE=/cc_ws/tros_ws/robot_dev_config/aarch64_toolchainfile.cmake -DPLATFORM_X5=ON -DTHIRDPARTY=ON -DBUILD_TESTING=OFF -DCMAKE_BUILD_RPATH=/cc_ws/tros_ws/build/poco_vendor/poco_external_project_install/lib/;/cc_ws/tros_ws/build/libyaml_vendor/libyaml_install/lib/ -DCMAKE_INSTALL_PREFIX=/cc_ws/tros_ws/install
[5.870s] Not searching for unused variables given on the command line.
[5.870s] -- The C compiler identification is GNU 11.4.0
[5.870s] -- The CXX compiler identification is GNU 11.4.0
[5.870s] -- Detecting C compiler ABI info
[5.871s] -- Detecting C compiler ABI info - done
[5.871s] -- Check for working C compiler: /usr/bin/aarch64-linux-gnu-gcc - skipped
[5.871s] -- Detecting C compile features
[5.871s] -- Detecting C compile features - done
[5.871s] -- Detecting CXX compiler ABI info
[5.872s] -- Detecting CXX compiler ABI info - done
[5.872s] -- Check for working CXX compiler: /usr/bin/aarch64-linux-gnu-g++ - skipped
[5.872s] -- Detecting CXX compile features
[5.872s] -- Detecting CXX compile features - done
[5.872s] -- Found ament_cmake: 1.3.8 (/opt/ros/humble/share/ament_cmake/cmake)
[5.873s] -- Found Python3: /usr/bin/python3 (found version "3.10.12") found components: Interpreter 
[5.873s] -- Found rclcpp: 16.0.8 (/opt/ros/humble/share/rclcpp/cmake)
[5.873s] -- Found rosidl_generator_c: 3.1.5 (/opt/ros/humble/share/rosidl_generator_c/cmake)
[5.873s] -- Found rosidl_adapter: 3.1.5 (/opt/ros/humble/share/rosidl_adapter/cmake)
[5.873s] -- Found rosidl_generator_cpp: 3.1.5 (/opt/ros/humble/share/rosidl_generator_cpp/cmake)
[5.874s] -- Using all available rosidl_typesupport_c: rosidl_typesupport_fastrtps_c;rosidl_typesupport_introspection_c
[5.874s] -- Using all available rosidl_typesupport_cpp: rosidl_typesupport_fastrtps_cpp;rosidl_typesupport_introspection_cpp
[5.874s] -- Found rmw_implementation_cmake: 6.1.1 (/opt/ros/humble/share/rmw_implementation_cmake/cmake)
[5.874s] -- Found rmw_fastrtps_cpp: 6.2.6 (/opt/ros/humble/share/rmw_fastrtps_cpp/cmake)
[5.874s] -- Found OpenSSL: /cc_ws/tros_ws/robot_dev_config/../../sysroot_docker/usr/lib/aarch64-linux-gnu/libcrypto.so (found version "3.0.2")  
[5.875s] -- Found FastRTPS: /opt/ros/humble/include  
[5.875s] -- Using RMW implementation 'rmw_fastrtps_cpp' as default
[5.875s] -- Looking for pthread.h
[5.875s] -- Looking for pthread.h - found
[5.876s] -- Performing Test CMAKE_HAVE_LIBC_PTHREAD
[5.876s] -- Performing Test CMAKE_HAVE_LIBC_PTHREAD - Success
[5.876s] -- Found Threads: TRUE  
[5.876s] -- Found ai_msgs: 2.0.1 (/cc_ws/tros_ws/robot_dev_config/../install/share/ai_msgs/cmake)
[5.876s] [33mCMake Warning (dev) at /opt/ros/humble/share/ament_cmake_test/cmake/ament_cmake_test-extras.cmake:19 (option):
[5.877s]   Policy CMP0077 is not set: option() honors normal variables.  Run "cmake
[5.877s]   --help-policy CMP0077" for policy details.  Use the cmake_policy command to
[5.877s]   set the policy and suppress this warning.
[5.877s] 
[5.878s]   For compatibility with older versions of CMake, option is clearing the
[5.878s]   normal variable 'BUILD_TESTING'.
[5.878s] Call Stack (most recent call first):
[5.878s]   /opt/ros/humble/share/ament_cmake_test/cmake/ament_cmake_testConfig.cmake:41 (include)
[5.879s]   /opt/ros/humble/share/ament_cmake/cmake/ament_cmake_export_dependencies-extras.cmake:21 (find_package)
[5.879s]   /opt/ros/humble/share/ament_cmake/cmake/ament_cmakeConfig.cmake:41 (include)
[5.879s]   CMakeLists.txt:33 (find_package)
[5.879s] This warning is for project developers.  Use -Wno-dev to suppress it.
[5.879s] [0m
[6.494s] -- Configuring done
[6.535s] -- Generating done
[6.540s] -- Build files have been written to: /cc_ws/tros_ws/build/hobot_falldown_detection
[6.564s] Invoked command in '/cc_ws/tros_ws/build/hobot_falldown_detection' returned '0': AMENT_PREFIX_PATH=/cc_ws/tros_ws/install:${AMENT_PREFIX_PATH} CMAKE_PREFIX_PATH=/cc_ws/tros_ws/install:/opt/ros/humble LD_LIBRARY_PATH=/cc_ws/tros_ws/install/lib:/opt/ros/humble/opt/rviz_ogre_vendor/lib:/opt/ros/humble/lib/aarch64-linux-gnu:/opt/ros/humble/lib:/cc_ws/userdata/hobot/opt/hobot/deps PYTHONPATH=/cc_ws/tros_ws/install/lib/python3.10/site-packages:/cc_ws/tros_ws/install/local/lib/python3.10/dist-packages:${PYTHONPATH} /usr/bin/cmake /cc_ws/tros_ws/src/box/hobot_perception/hobot_falldown_detection -DCMAKE_EXPORT_COMPILE_COMMANDS=ON --no-warn-unused-cli -DCMAKE_TOOLCHAIN_FILE=/cc_ws/tros_ws/robot_dev_config/aarch64_toolchainfile.cmake -DPLATFORM_X5=ON -DTHIRDPARTY=ON -DBUILD_TESTING=OFF -DCMAKE_BUILD_RPATH=/cc_ws/tros_ws/build/poco_vendor/poco_external_project_install/lib/;/cc_ws/tros_ws/build/libyaml_vendor/libyaml_install/lib/ -DCMAKE_INSTALL_PREFIX=/cc_ws/tros_ws/install
[6.583s] Invoking command in '/cc_ws/tros_ws/build/hobot_falldown_detection': AMENT_PREFIX_PATH=/cc_ws/tros_ws/install:${AMENT_PREFIX_PATH} CMAKE_PREFIX_PATH=/cc_ws/tros_ws/install:/opt/ros/humble LD_LIBRARY_PATH=/cc_ws/tros_ws/install/lib:/opt/ros/humble/opt/rviz_ogre_vendor/lib:/opt/ros/humble/lib/aarch64-linux-gnu:/opt/ros/humble/lib:/cc_ws/userdata/hobot/opt/hobot/deps PYTHONPATH=/cc_ws/tros_ws/install/lib/python3.10/site-packages:/cc_ws/tros_ws/install/local/lib/python3.10/dist-packages:${PYTHONPATH} /usr/bin/cmake --build /cc_ws/tros_ws/build/hobot_falldown_detection -- -j12 -l12
[6.696s] [ 33%] [32mBuilding CXX object CMakeFiles/hobot_falldown_detection.dir/src/main.cpp.o[0m
[17.750s] [ 66%] [32mBuilding CXX object CMakeFiles/hobot_falldown_detection.dir/src/hobot_falldown_detection.cpp.o[0m
[26.077s] In file included from [01m[K/opt/ros/humble/include/rclcpp/rclcpp/logging.hpp:24[m[K,
[26.077s]                  from [01m[K/opt/ros/humble/include/rclcpp/rclcpp/client.hpp:40[m[K,
[26.077s]                  from [01m[K/opt/ros/humble/include/rclcpp/rclcpp/callback_group.hpp:24[m[K,
[26.077s]                  from [01m[K/opt/ros/humble/include/rclcpp/rclcpp/any_executable.hpp:20[m[K,
[26.078s]                  from [01m[K/opt/ros/humble/include/rclcpp/rclcpp/memory_strategy.hpp:25[m[K,
[26.078s]                  from [01m[K/opt/ros/humble/include/rclcpp/rclcpp/memory_strategies.hpp:18[m[K,
[26.078s]                  from [01m[K/opt/ros/humble/include/rclcpp/rclcpp/executor_options.hpp:20[m[K,
[26.078s]                  from [01m[K/opt/ros/humble/include/rclcpp/rclcpp/executor.hpp:37[m[K,
[26.079s]                  from [01m[K/opt/ros/humble/include/rclcpp/rclcpp/executors/multi_threaded_executor.hpp:25[m[K,
[26.079s]                  from [01m[K/opt/ros/humble/include/rclcpp/rclcpp/executors.hpp:21[m[K,
[26.079s]                  from [01m[K/opt/ros/humble/include/rclcpp/rclcpp/rclcpp.hpp:155[m[K,
[26.079s]                  from [01m[K/cc_ws/tros_ws/src/box/hobot_perception/hobot_falldown_detection/include/hobot_falldown_detection/hobot_falldown_detection.h:21[m[K,
[26.079s]                  from [01m[K/cc_ws/tros_ws/src/box/hobot_perception/hobot_falldown_detection/src/hobot_falldown_detection.cpp:15[m[K:
[26.080s] [01m[K/cc_ws/tros_ws/src/box/hobot_perception/hobot_falldown_detection/src/hobot_falldown_detection.cpp:[m[K In member function ‘[01m[Kbool hobot_falldown_detection::IsFallDown(const std::vector<geometry_msgs::msg::Point32_<std::allocator<void> >, std::allocator<geometry_msgs::msg::Point32_<std::allocator<void> > > >&)[m[K’:
[26.080s] [01m[K/cc_ws/tros_ws/src/box/hobot_perception/hobot_falldown_detection/src/hobot_falldown_detection.cpp:181:21:[m[K [01;35m[Kwarning: [m[Ktoo many arguments for format [[01;35m[K-Wformat-extra-args[m[K]
[26.080s]   181 |                     [01;35m[K"body_kps size: "[m[K, body_kps.size());
[26.080s]       |                     [01;35m[K^~~~~~~~~~~~~~~~~[m[K
[47.784s] [100%] [32m[1mLinking CXX executable hobot_falldown_detection[0m
[49.431s] [100%] Built target hobot_falldown_detection
[49.475s] Invoked command in '/cc_ws/tros_ws/build/hobot_falldown_detection' returned '0': AMENT_PREFIX_PATH=/cc_ws/tros_ws/install:${AMENT_PREFIX_PATH} CMAKE_PREFIX_PATH=/cc_ws/tros_ws/install:/opt/ros/humble LD_LIBRARY_PATH=/cc_ws/tros_ws/install/lib:/opt/ros/humble/opt/rviz_ogre_vendor/lib:/opt/ros/humble/lib/aarch64-linux-gnu:/opt/ros/humble/lib:/cc_ws/userdata/hobot/opt/hobot/deps PYTHONPATH=/cc_ws/tros_ws/install/lib/python3.10/site-packages:/cc_ws/tros_ws/install/local/lib/python3.10/dist-packages:${PYTHONPATH} /usr/bin/cmake --build /cc_ws/tros_ws/build/hobot_falldown_detection -- -j12 -l12
[49.593s] Invoking command in '/cc_ws/tros_ws/build/hobot_falldown_detection': AMENT_PREFIX_PATH=/cc_ws/tros_ws/install:${AMENT_PREFIX_PATH} CMAKE_PREFIX_PATH=/cc_ws/tros_ws/install:/opt/ros/humble LD_LIBRARY_PATH=/cc_ws/tros_ws/install/lib:/opt/ros/humble/opt/rviz_ogre_vendor/lib:/opt/ros/humble/lib/aarch64-linux-gnu:/opt/ros/humble/lib:/cc_ws/userdata/hobot/opt/hobot/deps PYTHONPATH=/cc_ws/tros_ws/install/lib/python3.10/site-packages:/cc_ws/tros_ws/install/local/lib/python3.10/dist-packages:${PYTHONPATH} /usr/bin/cmake --install /cc_ws/tros_ws/build/hobot_falldown_detection
[92.686s] -- Install configuration: ""
[92.686s] -- Installing: /cc_ws/tros_ws/install/lib/hobot_falldown_detection/hobot_falldown_detection
[92.686s] -- Set runtime path of "/cc_ws/tros_ws/install/lib/hobot_falldown_detection/hobot_falldown_detection" to ""
[92.687s] -- Up-to-date: /cc_ws/tros_ws/install/lib/hobot_falldown_detection
[92.687s] -- Installing: /cc_ws/tros_ws/install/share/hobot_falldown_detection/launch
[92.687s] -- Installing: /cc_ws/tros_ws/install/share/hobot_falldown_detection/launch/hobot_falldown_detection.launch.py
[92.687s] -- Installing: /cc_ws/tros_ws/install/share/ament_index/resource_index/package_run_dependencies/hobot_falldown_detection
[92.687s] -- Installing: /cc_ws/tros_ws/install/share/ament_index/resource_index/parent_prefix_path/hobot_falldown_detection
[92.688s] -- Installing: /cc_ws/tros_ws/install/share/hobot_falldown_detection/environment/ament_prefix_path.sh
[92.688s] -- Installing: /cc_ws/tros_ws/install/share/hobot_falldown_detection/environment/ament_prefix_path.dsv
[92.688s] -- Installing: /cc_ws/tros_ws/install/share/hobot_falldown_detection/environment/path.sh
[92.688s] -- Installing: /cc_ws/tros_ws/install/share/hobot_falldown_detection/environment/path.dsv
[92.689s] -- Installing: /cc_ws/tros_ws/install/share/hobot_falldown_detection/local_setup.bash
[92.689s] -- Installing: /cc_ws/tros_ws/install/share/hobot_falldown_detection/local_setup.sh
[92.689s] -- Installing: /cc_ws/tros_ws/install/share/hobot_falldown_detection/local_setup.zsh
[92.689s] -- Installing: /cc_ws/tros_ws/install/share/hobot_falldown_detection/local_setup.dsv
[92.689s] -- Installing: /cc_ws/tros_ws/install/share/hobot_falldown_detection/package.dsv
[92.690s] -- Installing: /cc_ws/tros_ws/install/share/ament_index/resource_index/packages/hobot_falldown_detection
[92.690s] -- Installing: /cc_ws/tros_ws/install/share/hobot_falldown_detection/cmake/hobot_falldown_detectionConfig.cmake
[92.690s] -- Installing: /cc_ws/tros_ws/install/share/hobot_falldown_detection/cmake/hobot_falldown_detectionConfig-version.cmake
[92.690s] -- Installing: /cc_ws/tros_ws/install/share/hobot_falldown_detection/package.xml
[92.702s] Invoked command in '/cc_ws/tros_ws/build/hobot_falldown_detection' returned '0': AMENT_PREFIX_PATH=/cc_ws/tros_ws/install:${AMENT_PREFIX_PATH} CMAKE_PREFIX_PATH=/cc_ws/tros_ws/install:/opt/ros/humble LD_LIBRARY_PATH=/cc_ws/tros_ws/install/lib:/opt/ros/humble/opt/rviz_ogre_vendor/lib:/opt/ros/humble/lib/aarch64-linux-gnu:/opt/ros/humble/lib:/cc_ws/userdata/hobot/opt/hobot/deps PYTHONPATH=/cc_ws/tros_ws/install/lib/python3.10/site-packages:/cc_ws/tros_ws/install/local/lib/python3.10/dist-packages:${PYTHONPATH} /usr/bin/cmake --install /cc_ws/tros_ws/build/hobot_falldown_detection
