[0.022s] Invoking command in '/cc_ws/tros_ws/build/mipi_cam': AMENT_PREFIX_PATH=/cc_ws/tros_ws/install:${AMENT_PREFIX_PATH} CMAKE_PREFIX_PATH=/cc_ws/tros_ws/install:/opt/ros/humble LD_LIBRARY_PATH=/cc_ws/tros_ws/install/lib:/opt/ros/humble/opt/rviz_ogre_vendor/lib:/opt/ros/humble/lib/aarch64-linux-gnu:/opt/ros/humble/lib:/cc_ws/userdata/hobot/opt/hobot/deps PYTHONPATH=/cc_ws/tros_ws/install/local/lib/python3.10/dist-packages:/cc_ws/tros_ws/install/lib/python3.10/site-packages:${PYTHONPATH} /usr/bin/cmake /cc_ws/tros_ws/src/box/hobot_sensor/hobot_mipi_cam -DCMAKE_EXPORT_COMPILE_COMMANDS=ON --no-warn-unused-cli -DCMAKE_TOOLCHAIN_FILE=/cc_ws/tros_ws/robot_dev_config/aarch64_toolchainfile.cmake -DPLATFORM_X5=ON -DTHIRDPARTY=ON -DBUILD_TESTING=OFF -DCMAKE_BUILD_RPATH=/cc_ws/tros_ws/build/poco_vendor/poco_external_project_install/lib/;/cc_ws/tros_ws/build/libyaml_vendor/libyaml_install/lib/ -DCMAKE_INSTALL_PREFIX=/cc_ws/tros_ws/install
[0.308s] Not searching for unused variables given on the command line.
[0.309s] -- Found OpenCV: /cc_ws/sysroot_docker/usr_x5 (found version "4.5.4") 
[0.309s] -- Found ament_cmake_auto: 1.3.8 (/opt/ros/humble/share/ament_cmake_auto/cmake)
[0.596s] -- Found rosidl_generator_c: 3.1.5 (/opt/ros/humble/share/rosidl_generator_c/cmake)
[0.596s] -- Found rosidl_adapter: 3.1.5 (/opt/ros/humble/share/rosidl_adapter/cmake)
[0.605s] -- Found rosidl_generator_cpp: 3.1.5 (/opt/ros/humble/share/rosidl_generator_cpp/cmake)
[0.627s] -- Using all available rosidl_typesupport_c: rosidl_typesupport_fastrtps_c;rosidl_typesupport_introspection_c
[0.658s] -- Using all available rosidl_typesupport_cpp: rosidl_typesupport_fastrtps_cpp;rosidl_typesupport_introspection_cpp
[0.804s] -- Found rmw_implementation_cmake: 6.1.1 (/opt/ros/humble/share/rmw_implementation_cmake/cmake)
[0.807s] -- Found rmw_fastrtps_cpp: 6.2.6 (/opt/ros/humble/share/rmw_fastrtps_cpp/cmake)
[1.103s] -- Using RMW implementation 'rmw_fastrtps_cpp' as default
[1.995s] -- Found OpenCV: /cc_ws/sysroot_docker/usr_x5 (found suitable version "4.5.4", minimum required is "4") 
[1.996s] [0mbuild platform X5[0m
[1.996s] [0mPREFIX_PATH: x5[0m
[2.016s] -- Configuring done
[2.154s] -- Generating done
[2.162s] -- Build files have been written to: /cc_ws/tros_ws/build/mipi_cam
[2.193s] Invoked command in '/cc_ws/tros_ws/build/mipi_cam' returned '0': AMENT_PREFIX_PATH=/cc_ws/tros_ws/install:${AMENT_PREFIX_PATH} CMAKE_PREFIX_PATH=/cc_ws/tros_ws/install:/opt/ros/humble LD_LIBRARY_PATH=/cc_ws/tros_ws/install/lib:/opt/ros/humble/opt/rviz_ogre_vendor/lib:/opt/ros/humble/lib/aarch64-linux-gnu:/opt/ros/humble/lib:/cc_ws/userdata/hobot/opt/hobot/deps PYTHONPATH=/cc_ws/tros_ws/install/local/lib/python3.10/dist-packages:/cc_ws/tros_ws/install/lib/python3.10/site-packages:${PYTHONPATH} /usr/bin/cmake /cc_ws/tros_ws/src/box/hobot_sensor/hobot_mipi_cam -DCMAKE_EXPORT_COMPILE_COMMANDS=ON --no-warn-unused-cli -DCMAKE_TOOLCHAIN_FILE=/cc_ws/tros_ws/robot_dev_config/aarch64_toolchainfile.cmake -DPLATFORM_X5=ON -DTHIRDPARTY=ON -DBUILD_TESTING=OFF -DCMAKE_BUILD_RPATH=/cc_ws/tros_ws/build/poco_vendor/poco_external_project_install/lib/;/cc_ws/tros_ws/build/libyaml_vendor/libyaml_install/lib/ -DCMAKE_INSTALL_PREFIX=/cc_ws/tros_ws/install
[2.197s] Invoking command in '/cc_ws/tros_ws/build/mipi_cam': AMENT_PREFIX_PATH=/cc_ws/tros_ws/install:${AMENT_PREFIX_PATH} CMAKE_PREFIX_PATH=/cc_ws/tros_ws/install:/opt/ros/humble LD_LIBRARY_PATH=/cc_ws/tros_ws/install/lib:/opt/ros/humble/opt/rviz_ogre_vendor/lib:/opt/ros/humble/lib/aarch64-linux-gnu:/opt/ros/humble/lib:/cc_ws/userdata/hobot/opt/hobot/deps PYTHONPATH=/cc_ws/tros_ws/install/local/lib/python3.10/dist-packages:/cc_ws/tros_ws/install/lib/python3.10/site-packages:${PYTHONPATH} /usr/bin/cmake --build /cc_ws/tros_ws/build/mipi_cam -- -j12 -l12
[2.371s] [35m[1mConsolidate compiler generated dependencies of target mipi_cam_plugin[0m
[2.461s] [ 86%] Built target mipi_cam_plugin
[2.476s] [35m[1mConsolidate compiler generated dependencies of target mipi_cam[0m
[2.513s] [100%] Built target mipi_cam
[2.569s] Invoked command in '/cc_ws/tros_ws/build/mipi_cam' returned '0': AMENT_PREFIX_PATH=/cc_ws/tros_ws/install:${AMENT_PREFIX_PATH} CMAKE_PREFIX_PATH=/cc_ws/tros_ws/install:/opt/ros/humble LD_LIBRARY_PATH=/cc_ws/tros_ws/install/lib:/opt/ros/humble/opt/rviz_ogre_vendor/lib:/opt/ros/humble/lib/aarch64-linux-gnu:/opt/ros/humble/lib:/cc_ws/userdata/hobot/opt/hobot/deps PYTHONPATH=/cc_ws/tros_ws/install/local/lib/python3.10/dist-packages:/cc_ws/tros_ws/install/lib/python3.10/site-packages:${PYTHONPATH} /usr/bin/cmake --build /cc_ws/tros_ws/build/mipi_cam -- -j12 -l12
[2.754s] Invoking command in '/cc_ws/tros_ws/build/mipi_cam': AMENT_PREFIX_PATH=/cc_ws/tros_ws/install:${AMENT_PREFIX_PATH} CMAKE_PREFIX_PATH=/cc_ws/tros_ws/install:/opt/ros/humble LD_LIBRARY_PATH=/cc_ws/tros_ws/install/lib:/opt/ros/humble/opt/rviz_ogre_vendor/lib:/opt/ros/humble/lib/aarch64-linux-gnu:/opt/ros/humble/lib:/cc_ws/userdata/hobot/opt/hobot/deps PYTHONPATH=/cc_ws/tros_ws/install/local/lib/python3.10/dist-packages:/cc_ws/tros_ws/install/lib/python3.10/site-packages:${PYTHONPATH} /usr/bin/cmake --install /cc_ws/tros_ws/build/mipi_cam
[2.774s] -- Install configuration: "Release"
[2.774s] -- Up-to-date: /cc_ws/tros_ws/install/lib/mipi_cam/mipi_cam
[2.774s] -- Up-to-date: /cc_ws/tros_ws/install/lib/mipi_cam/mipi_cam
[2.777s] -- Up-to-date: /cc_ws/tros_ws/install/lib/libmipi_cam_plugin.so
[2.777s] -- Up-to-date: /cc_ws/tros_ws/install/lib/mipi_cam/config/
[2.777s] -- Up-to-date: /cc_ws/tros_ws/install/lib/mipi_cam/config//SC230ai_dual_calibration.yaml
[2.778s] -- Up-to-date: /cc_ws/tros_ws/install/lib/mipi_cam/config//sc132gs_calibration.yaml
[2.778s] -- Up-to-date: /cc_ws/tros_ws/install/lib/mipi_cam/config//GC4663_calibration.yaml
[2.778s] -- Up-to-date: /cc_ws/tros_ws/install/lib/mipi_cam/config//sc132gs_calibration_90.yaml
[2.778s] -- Up-to-date: /cc_ws/tros_ws/install/lib/mipi_cam/config//SC132gs_dual_calibration.yaml
[2.778s] -- Up-to-date: /cc_ws/tros_ws/install/lib/mipi_cam/config//F37_calibration.yaml
[2.778s] -- Up-to-date: /cc_ws/tros_ws/install/share/mipi_cam//launch
[2.778s] -- Up-to-date: /cc_ws/tros_ws/install/share/mipi_cam//launch/mipi_cam.launch.py
[2.778s] -- Up-to-date: /cc_ws/tros_ws/install/share/mipi_cam//launch/mipi_cam_topic_remap.launch.py
[2.778s] -- Up-to-date: /cc_ws/tros_ws/install/share/mipi_cam//launch/mipi_cam_websocket.launch.py
[2.778s] -- Up-to-date: /cc_ws/tros_ws/install/share/mipi_cam//launch/mipi_cam_dual_channel.launch.py
[2.778s] -- Up-to-date: /cc_ws/tros_ws/install/share/mipi_cam//launch/mipi_cam_1920x1080_bgr8.launch.py
[2.779s] -- Up-to-date: /cc_ws/tros_ws/install/share/mipi_cam//launch/mipi_cam_dual_channel_websocket.launch.py
[2.779s] -- Up-to-date: /cc_ws/tros_ws/install/share/mipi_cam//launch/mipi_cam_640x480_bgr8_hbmem.launch.py
[2.779s] -- Up-to-date: /cc_ws/tros_ws/install/share/mipi_cam//launch/mipi_cam_640x480_bgr8.launch.py
[2.779s] -- Up-to-date: /cc_ws/tros_ws/install/share/mipi_cam//launch/mipi_cam_640x480_nv12_hbmem.launch.py
[2.779s] -- Up-to-date: /cc_ws/tros_ws/install/share/mipi_cam//launch/mipi_cam_1920x1080_nv12_hbmem.launch.py
[2.779s] -- Up-to-date: /cc_ws/tros_ws/install/share/mipi_cam//launch/mipi_cam_1920x1080_bgr8_hbmem.launch.py
[2.779s] -- Up-to-date: /cc_ws/tros_ws/install/share/ament_index/resource_index/package_run_dependencies/mipi_cam
[2.779s] -- Up-to-date: /cc_ws/tros_ws/install/share/ament_index/resource_index/parent_prefix_path/mipi_cam
[2.779s] -- Up-to-date: /cc_ws/tros_ws/install/share/mipi_cam/environment/ament_prefix_path.sh
[2.780s] -- Installing: /cc_ws/tros_ws/install/share/mipi_cam/environment/ament_prefix_path.dsv
[2.780s] -- Up-to-date: /cc_ws/tros_ws/install/share/mipi_cam/environment/path.sh
[2.780s] -- Installing: /cc_ws/tros_ws/install/share/mipi_cam/environment/path.dsv
[2.780s] -- Up-to-date: /cc_ws/tros_ws/install/share/mipi_cam/local_setup.bash
[2.780s] -- Up-to-date: /cc_ws/tros_ws/install/share/mipi_cam/local_setup.sh
[2.780s] -- Up-to-date: /cc_ws/tros_ws/install/share/mipi_cam/local_setup.zsh
[2.780s] -- Installing: /cc_ws/tros_ws/install/share/mipi_cam/local_setup.dsv
[2.781s] -- Installing: /cc_ws/tros_ws/install/share/mipi_cam/package.dsv
[2.781s] -- Up-to-date: /cc_ws/tros_ws/install/share/ament_index/resource_index/packages/mipi_cam
[2.781s] -- Up-to-date: /cc_ws/tros_ws/install/share/ament_index/resource_index/rclcpp_components/mipi_cam
[2.781s] -- Up-to-date: /cc_ws/tros_ws/install/share/mipi_cam/cmake/mipi_camConfig.cmake
[2.781s] -- Up-to-date: /cc_ws/tros_ws/install/share/mipi_cam/cmake/mipi_camConfig-version.cmake
[2.781s] -- Up-to-date: /cc_ws/tros_ws/install/share/mipi_cam/package.xml
[2.826s] Invoked command in '/cc_ws/tros_ws/build/mipi_cam' returned '0': AMENT_PREFIX_PATH=/cc_ws/tros_ws/install:${AMENT_PREFIX_PATH} CMAKE_PREFIX_PATH=/cc_ws/tros_ws/install:/opt/ros/humble LD_LIBRARY_PATH=/cc_ws/tros_ws/install/lib:/opt/ros/humble/opt/rviz_ogre_vendor/lib:/opt/ros/humble/lib/aarch64-linux-gnu:/opt/ros/humble/lib:/cc_ws/userdata/hobot/opt/hobot/deps PYTHONPATH=/cc_ws/tros_ws/install/local/lib/python3.10/dist-packages:/cc_ws/tros_ws/install/lib/python3.10/site-packages:${PYTHONPATH} /usr/bin/cmake --install /cc_ws/tros_ws/build/mipi_cam
