[0.152s] Invoking command in '/cc_ws/tros_ws/build/mono_pwcnet': AMENT_PREFIX_PATH=/cc_ws/tros_ws/install:${AMENT_PREFIX_PATH} CMAKE_PREFIX_PATH=/cc_ws/tros_ws/install:/opt/ros/humble LD_LIBRARY_PATH=/cc_ws/tros_ws/install/lib:/opt/ros/humble/opt/rviz_ogre_vendor/lib:/opt/ros/humble/lib/aarch64-linux-gnu:/opt/ros/humble/lib:/cc_ws/userdata/hobot/opt/hobot/deps PYTHONPATH=/cc_ws/tros_ws/install/lib/python3.10/site-packages:/cc_ws/tros_ws/install/local/lib/python3.10/dist-packages:${PYTHONPATH} /usr/bin/cmake /cc_ws/tros_ws/src/box/hobot_perception/mono_pwcnet -DCMAKE_EXPORT_COMPILE_COMMANDS=ON --no-warn-unused-cli -DCMAKE_TOOLCHAIN_FILE=/cc_ws/tros_ws/robot_dev_config/aarch64_toolchainfile.cmake -DPLATFORM_X5=ON -DTHIRDPARTY=ON -DBUILD_TESTING=OFF -DCMAKE_BUILD_RPATH=/cc_ws/tros_ws/build/poco_vendor/poco_external_project_install/lib/;/cc_ws/tros_ws/build/libyaml_vendor/libyaml_install/lib/ -DCMAKE_INSTALL_PREFIX=/cc_ws/tros_ws/install
[0.176s] Not searching for unused variables given on the command line.
[0.205s] -- Found ament_cmake: 1.3.8 (/opt/ros/humble/share/ament_cmake/cmake)
[0.487s] [33mCMake Warning (dev) at /opt/ros/humble/share/ament_cmake_test/cmake/ament_cmake_test-extras.cmake:19 (option):
[0.488s]   Policy CMP0077 is not set: option() honors normal variables.  Run "cmake
[0.488s]   --help-policy CMP0077" for policy details.  Use the cmake_policy command to
[0.488s]   set the policy and suppress this warning.
[0.488s] 
[0.488s]   For compatibility with older versions of CMake, option is clearing the
[0.488s]   normal variable 'BUILD_TESTING'.
[0.488s] Call Stack (most recent call first):
[0.488s]   /opt/ros/humble/share/ament_cmake_test/cmake/ament_cmake_testConfig.cmake:41 (include)
[0.489s]   /opt/ros/humble/share/ament_cmake/cmake/ament_cmake_export_dependencies-extras.cmake:21 (find_package)
[0.489s]   /opt/ros/humble/share/ament_cmake/cmake/ament_cmakeConfig.cmake:41 (include)
[0.489s]   CMakeLists.txt:33 (find_package)
[0.489s] This warning is for project developers.  Use -Wno-dev to suppress it.
[0.489s] [0m
[0.489s] -- Found rclcpp: 16.0.8 (/opt/ros/humble/share/rclcpp/cmake)
[0.564s] -- Found rosidl_generator_c: 3.1.5 (/opt/ros/humble/share/rosidl_generator_c/cmake)
[0.570s] -- Found rosidl_adapter: 3.1.5 (/opt/ros/humble/share/rosidl_adapter/cmake)
[0.582s] -- Found rosidl_generator_cpp: 3.1.5 (/opt/ros/humble/share/rosidl_generator_cpp/cmake)
[0.607s] -- Using all available rosidl_typesupport_c: rosidl_typesupport_fastrtps_c;rosidl_typesupport_introspection_c
[0.641s] -- Using all available rosidl_typesupport_cpp: rosidl_typesupport_fastrtps_cpp;rosidl_typesupport_introspection_cpp
[0.796s] -- Found rmw_implementation_cmake: 6.1.1 (/opt/ros/humble/share/rmw_implementation_cmake/cmake)
[0.824s] -- Found rmw_fastrtps_cpp: 6.2.6 (/opt/ros/humble/share/rmw_fastrtps_cpp/cmake)
[1.091s] -- Using RMW implementation 'rmw_fastrtps_cpp' as default
[1.611s] -- Found ai_msgs: 2.0.1 (/cc_ws/tros_ws/robot_dev_config/../install/share/ai_msgs/cmake)
[2.252s] -- Found cv_bridge: 3.2.1 (/opt/ros/humble/share/cv_bridge/cmake)
[2.291s] -- Found hobot_cv: 2.3.2 (/cc_ws/tros_ws/robot_dev_config/../install/share/hobot_cv/cmake)
[2.294s] -- Found dnn_node: 2.5.4 (/cc_ws/tros_ws/robot_dev_config/../install/share/dnn_node/cmake)
[2.297s] -- Found hbm_img_msgs: 2.0.0 (/cc_ws/tros_ws/robot_dev_config/../install/share/hbm_img_msgs/cmake)
[2.388s] [0mbuild platform X5[0m
[2.389s] [0mCMAKE_SYSROOT is /cc_ws/tros_ws/robot_dev_config/../../sysroot_docker[0m
[2.589s] -- Configuring done
[2.701s] -- Generating done
[2.701s] -- Build files have been written to: /cc_ws/tros_ws/build/mono_pwcnet
[2.732s] Invoked command in '/cc_ws/tros_ws/build/mono_pwcnet' returned '0': AMENT_PREFIX_PATH=/cc_ws/tros_ws/install:${AMENT_PREFIX_PATH} CMAKE_PREFIX_PATH=/cc_ws/tros_ws/install:/opt/ros/humble LD_LIBRARY_PATH=/cc_ws/tros_ws/install/lib:/opt/ros/humble/opt/rviz_ogre_vendor/lib:/opt/ros/humble/lib/aarch64-linux-gnu:/opt/ros/humble/lib:/cc_ws/userdata/hobot/opt/hobot/deps PYTHONPATH=/cc_ws/tros_ws/install/lib/python3.10/site-packages:/cc_ws/tros_ws/install/local/lib/python3.10/dist-packages:${PYTHONPATH} /usr/bin/cmake /cc_ws/tros_ws/src/box/hobot_perception/mono_pwcnet -DCMAKE_EXPORT_COMPILE_COMMANDS=ON --no-warn-unused-cli -DCMAKE_TOOLCHAIN_FILE=/cc_ws/tros_ws/robot_dev_config/aarch64_toolchainfile.cmake -DPLATFORM_X5=ON -DTHIRDPARTY=ON -DBUILD_TESTING=OFF -DCMAKE_BUILD_RPATH=/cc_ws/tros_ws/build/poco_vendor/poco_external_project_install/lib/;/cc_ws/tros_ws/build/libyaml_vendor/libyaml_install/lib/ -DCMAKE_INSTALL_PREFIX=/cc_ws/tros_ws/install
[2.732s] Invoking command in '/cc_ws/tros_ws/build/mono_pwcnet': AMENT_PREFIX_PATH=/cc_ws/tros_ws/install:${AMENT_PREFIX_PATH} CMAKE_PREFIX_PATH=/cc_ws/tros_ws/install:/opt/ros/humble LD_LIBRARY_PATH=/cc_ws/tros_ws/install/lib:/opt/ros/humble/opt/rviz_ogre_vendor/lib:/opt/ros/humble/lib/aarch64-linux-gnu:/opt/ros/humble/lib:/cc_ws/userdata/hobot/opt/hobot/deps PYTHONPATH=/cc_ws/tros_ws/install/lib/python3.10/site-packages:/cc_ws/tros_ws/install/local/lib/python3.10/dist-packages:${PYTHONPATH} /usr/bin/cmake --build /cc_ws/tros_ws/build/mono_pwcnet -- -j12 -l12
[3.297s] [35m[1mConsolidate compiler generated dependencies of target mono_pwcnet[0m
[3.297s] [100%] Built target mono_pwcnet
[3.331s] Invoked command in '/cc_ws/tros_ws/build/mono_pwcnet' returned '0': AMENT_PREFIX_PATH=/cc_ws/tros_ws/install:${AMENT_PREFIX_PATH} CMAKE_PREFIX_PATH=/cc_ws/tros_ws/install:/opt/ros/humble LD_LIBRARY_PATH=/cc_ws/tros_ws/install/lib:/opt/ros/humble/opt/rviz_ogre_vendor/lib:/opt/ros/humble/lib/aarch64-linux-gnu:/opt/ros/humble/lib:/cc_ws/userdata/hobot/opt/hobot/deps PYTHONPATH=/cc_ws/tros_ws/install/lib/python3.10/site-packages:/cc_ws/tros_ws/install/local/lib/python3.10/dist-packages:${PYTHONPATH} /usr/bin/cmake --build /cc_ws/tros_ws/build/mono_pwcnet -- -j12 -l12
[3.840s] Invoking command in '/cc_ws/tros_ws/build/mono_pwcnet': AMENT_PREFIX_PATH=/cc_ws/tros_ws/install:${AMENT_PREFIX_PATH} CMAKE_PREFIX_PATH=/cc_ws/tros_ws/install:/opt/ros/humble LD_LIBRARY_PATH=/cc_ws/tros_ws/install/lib:/opt/ros/humble/opt/rviz_ogre_vendor/lib:/opt/ros/humble/lib/aarch64-linux-gnu:/opt/ros/humble/lib:/cc_ws/userdata/hobot/opt/hobot/deps PYTHONPATH=/cc_ws/tros_ws/install/lib/python3.10/site-packages:/cc_ws/tros_ws/install/local/lib/python3.10/dist-packages:${PYTHONPATH} /usr/bin/cmake --install /cc_ws/tros_ws/build/mono_pwcnet
[3.889s] -- Install configuration: ""
[3.889s] -- Up-to-date: /cc_ws/tros_ws/install/lib/mono_pwcnet/mono_pwcnet
[3.890s] -- Up-to-date: /cc_ws/tros_ws/install/lib/mono_pwcnet/config/
[3.890s] -- Up-to-date: /cc_ws/tros_ws/install/lib/mono_pwcnet/config//model.hbm
[3.890s] -- Up-to-date: /cc_ws/tros_ws/install/lib/mono_pwcnet/config/img001.jpg
[3.890s] -- Up-to-date: /cc_ws/tros_ws/install/lib/mono_pwcnet/config/img002.jpg
[3.890s] -- Up-to-date: /cc_ws/tros_ws/install/share/mono_pwcnet/launch
[3.890s] -- Up-to-date: /cc_ws/tros_ws/install/share/mono_pwcnet/launch/pwcnet.launch.py
[3.890s] -- Up-to-date: /cc_ws/tros_ws/install/share/ament_index/resource_index/package_run_dependencies/mono_pwcnet
[3.891s] -- Up-to-date: /cc_ws/tros_ws/install/share/ament_index/resource_index/parent_prefix_path/mono_pwcnet
[3.891s] -- Up-to-date: /cc_ws/tros_ws/install/share/mono_pwcnet/environment/ament_prefix_path.sh
[3.891s] -- Installing: /cc_ws/tros_ws/install/share/mono_pwcnet/environment/ament_prefix_path.dsv
[3.891s] -- Up-to-date: /cc_ws/tros_ws/install/share/mono_pwcnet/environment/path.sh
[3.891s] -- Installing: /cc_ws/tros_ws/install/share/mono_pwcnet/environment/path.dsv
[3.892s] -- Up-to-date: /cc_ws/tros_ws/install/share/mono_pwcnet/local_setup.bash
[3.892s] -- Up-to-date: /cc_ws/tros_ws/install/share/mono_pwcnet/local_setup.sh
[3.892s] -- Up-to-date: /cc_ws/tros_ws/install/share/mono_pwcnet/local_setup.zsh
[3.892s] -- Installing: /cc_ws/tros_ws/install/share/mono_pwcnet/local_setup.dsv
[3.892s] -- Installing: /cc_ws/tros_ws/install/share/mono_pwcnet/package.dsv
[3.892s] -- Up-to-date: /cc_ws/tros_ws/install/share/ament_index/resource_index/packages/mono_pwcnet
[3.893s] -- Up-to-date: /cc_ws/tros_ws/install/share/mono_pwcnet/cmake/mono_pwcnetConfig.cmake
[3.893s] -- Up-to-date: /cc_ws/tros_ws/install/share/mono_pwcnet/cmake/mono_pwcnetConfig-version.cmake
[3.893s] -- Up-to-date: /cc_ws/tros_ws/install/share/mono_pwcnet/package.xml
[3.915s] Invoked command in '/cc_ws/tros_ws/build/mono_pwcnet' returned '0': AMENT_PREFIX_PATH=/cc_ws/tros_ws/install:${AMENT_PREFIX_PATH} CMAKE_PREFIX_PATH=/cc_ws/tros_ws/install:/opt/ros/humble LD_LIBRARY_PATH=/cc_ws/tros_ws/install/lib:/opt/ros/humble/opt/rviz_ogre_vendor/lib:/opt/ros/humble/lib/aarch64-linux-gnu:/opt/ros/humble/lib:/cc_ws/userdata/hobot/opt/hobot/deps PYTHONPATH=/cc_ws/tros_ws/install/lib/python3.10/site-packages:/cc_ws/tros_ws/install/local/lib/python3.10/dist-packages:${PYTHONPATH} /usr/bin/cmake --install /cc_ws/tros_ws/build/mono_pwcnet
