[0.084s] Invoking command in '/cc_ws/tros_ws/build/elevation_net': AMENT_PREFIX_PATH=/cc_ws/tros_ws/install:${AMENT_PREFIX_PATH} CMAKE_PREFIX_PATH=/cc_ws/tros_ws/install:/opt/ros/humble LD_LIBRARY_PATH=/cc_ws/tros_ws/install/lib:/opt/ros/humble/opt/rviz_ogre_vendor/lib:/opt/ros/humble/lib/aarch64-linux-gnu:/opt/ros/humble/lib:/cc_ws/userdata/hobot/opt/hobot/deps PYTHONPATH=/cc_ws/tros_ws/install/lib/python3.10/site-packages:/cc_ws/tros_ws/install/local/lib/python3.10/dist-packages:${PYTHONPATH} /usr/bin/cmake /cc_ws/tros_ws/src/box/hobot_perception/elevation_net -DCMAKE_EXPORT_COMPILE_COMMANDS=ON --no-warn-unused-cli -DCMAKE_TOOLCHAIN_FILE=/cc_ws/tros_ws/robot_dev_config/aarch64_toolchainfile.cmake -DPLATFORM_X5=ON -DTHIRDPARTY=ON -DBUILD_TESTING=OFF -DCMAKE_BUILD_RPATH=/cc_ws/tros_ws/build/poco_vendor/poco_external_project_install/lib/;/cc_ws/tros_ws/build/libyaml_vendor/libyaml_install/lib/ -DCMAKE_INSTALL_PREFIX=/cc_ws/tros_ws/install
[0.139s] Not searching for unused variables given on the command line.
[0.140s] -- Found ament_cmake: 1.3.8 (/opt/ros/humble/share/ament_cmake/cmake)
[0.476s] [33mCMake Warning (dev) at /opt/ros/humble/share/ament_cmake_test/cmake/ament_cmake_test-extras.cmake:19 (option):
[0.477s]   Policy CMP0077 is not set: option() honors normal variables.  Run "cmake
[0.477s]   --help-policy CMP0077" for policy details.  Use the cmake_policy command to
[0.477s]   set the policy and suppress this warning.
[0.477s] 
[0.477s]   For compatibility with older versions of CMake, option is clearing the
[0.477s]   normal variable 'BUILD_TESTING'.
[0.477s] Call Stack (most recent call first):
[0.478s]   /opt/ros/humble/share/ament_cmake_test/cmake/ament_cmake_testConfig.cmake:41 (include)
[0.478s]   /opt/ros/humble/share/ament_cmake/cmake/ament_cmake_export_dependencies-extras.cmake:21 (find_package)
[0.478s]   /opt/ros/humble/share/ament_cmake/cmake/ament_cmakeConfig.cmake:41 (include)
[0.478s]   CMakeLists.txt:33 (find_package)
[0.481s] This warning is for project developers.  Use -Wno-dev to suppress it.
[0.481s] [0m
[0.481s] -- Found rclcpp: 16.0.8 (/opt/ros/humble/share/rclcpp/cmake)
[0.603s] -- Found rosidl_generator_c: 3.1.5 (/opt/ros/humble/share/rosidl_generator_c/cmake)
[0.603s] -- Found rosidl_adapter: 3.1.5 (/opt/ros/humble/share/rosidl_adapter/cmake)
[0.603s] -- Found rosidl_generator_cpp: 3.1.5 (/opt/ros/humble/share/rosidl_generator_cpp/cmake)
[0.638s] -- Using all available rosidl_typesupport_c: rosidl_typesupport_fastrtps_c;rosidl_typesupport_introspection_c
[0.712s] -- Using all available rosidl_typesupport_cpp: rosidl_typesupport_fastrtps_cpp;rosidl_typesupport_introspection_cpp
[1.003s] -- Found rmw_implementation_cmake: 6.1.1 (/opt/ros/humble/share/rmw_implementation_cmake/cmake)
[1.007s] -- Found rmw_fastrtps_cpp: 6.2.6 (/opt/ros/humble/share/rmw_fastrtps_cpp/cmake)
[1.379s] -- Using RMW implementation 'rmw_fastrtps_cpp' as default
[2.000s] -- Found sensor_msgs: 4.2.3 (/opt/ros/humble/share/sensor_msgs/cmake)
[2.487s] -- Found ai_msgs: 2.0.1 (/cc_ws/tros_ws/robot_dev_config/../install/share/ai_msgs/cmake)
[2.837s] -- Found dnn_node: 2.5.4 (/cc_ws/tros_ws/robot_dev_config/../install/share/dnn_node/cmake)
[2.838s] [0mnot using cv_bridge pkg[0m
[2.840s] -- Found hbm_img_msgs: 2.0.0 (/cc_ws/tros_ws/robot_dev_config/../install/share/hbm_img_msgs/cmake)
[2.958s] [0mbuild platform X5[0m
[2.959s] [0mSYS_ROOT is /cc_ws/tros_ws/robot_dev_config/../../sysroot_docker[0m
[3.222s] -- Configuring done
[3.302s] -- Generating done
[3.307s] -- Build files have been written to: /cc_ws/tros_ws/build/elevation_net
[3.348s] Invoked command in '/cc_ws/tros_ws/build/elevation_net' returned '0': AMENT_PREFIX_PATH=/cc_ws/tros_ws/install:${AMENT_PREFIX_PATH} CMAKE_PREFIX_PATH=/cc_ws/tros_ws/install:/opt/ros/humble LD_LIBRARY_PATH=/cc_ws/tros_ws/install/lib:/opt/ros/humble/opt/rviz_ogre_vendor/lib:/opt/ros/humble/lib/aarch64-linux-gnu:/opt/ros/humble/lib:/cc_ws/userdata/hobot/opt/hobot/deps PYTHONPATH=/cc_ws/tros_ws/install/lib/python3.10/site-packages:/cc_ws/tros_ws/install/local/lib/python3.10/dist-packages:${PYTHONPATH} /usr/bin/cmake /cc_ws/tros_ws/src/box/hobot_perception/elevation_net -DCMAKE_EXPORT_COMPILE_COMMANDS=ON --no-warn-unused-cli -DCMAKE_TOOLCHAIN_FILE=/cc_ws/tros_ws/robot_dev_config/aarch64_toolchainfile.cmake -DPLATFORM_X5=ON -DTHIRDPARTY=ON -DBUILD_TESTING=OFF -DCMAKE_BUILD_RPATH=/cc_ws/tros_ws/build/poco_vendor/poco_external_project_install/lib/;/cc_ws/tros_ws/build/libyaml_vendor/libyaml_install/lib/ -DCMAKE_INSTALL_PREFIX=/cc_ws/tros_ws/install
[3.348s] Invoking command in '/cc_ws/tros_ws/build/elevation_net': AMENT_PREFIX_PATH=/cc_ws/tros_ws/install:${AMENT_PREFIX_PATH} CMAKE_PREFIX_PATH=/cc_ws/tros_ws/install:/opt/ros/humble LD_LIBRARY_PATH=/cc_ws/tros_ws/install/lib:/opt/ros/humble/opt/rviz_ogre_vendor/lib:/opt/ros/humble/lib/aarch64-linux-gnu:/opt/ros/humble/lib:/cc_ws/userdata/hobot/opt/hobot/deps PYTHONPATH=/cc_ws/tros_ws/install/lib/python3.10/site-packages:/cc_ws/tros_ws/install/local/lib/python3.10/dist-packages:${PYTHONPATH} /usr/bin/cmake --build /cc_ws/tros_ws/build/elevation_net -- -j12 -l12
[3.667s] [35m[1mConsolidate compiler generated dependencies of target elevation_net[0m
[3.668s] [ 62%] Built target elevation_net
[3.668s] [35m[1mConsolidate compiler generated dependencies of target image_publisher[0m
[3.689s] [100%] Built target image_publisher
[3.813s] Invoked command in '/cc_ws/tros_ws/build/elevation_net' returned '0': AMENT_PREFIX_PATH=/cc_ws/tros_ws/install:${AMENT_PREFIX_PATH} CMAKE_PREFIX_PATH=/cc_ws/tros_ws/install:/opt/ros/humble LD_LIBRARY_PATH=/cc_ws/tros_ws/install/lib:/opt/ros/humble/opt/rviz_ogre_vendor/lib:/opt/ros/humble/lib/aarch64-linux-gnu:/opt/ros/humble/lib:/cc_ws/userdata/hobot/opt/hobot/deps PYTHONPATH=/cc_ws/tros_ws/install/lib/python3.10/site-packages:/cc_ws/tros_ws/install/local/lib/python3.10/dist-packages:${PYTHONPATH} /usr/bin/cmake --build /cc_ws/tros_ws/build/elevation_net -- -j12 -l12
[4.003s] Invoking command in '/cc_ws/tros_ws/build/elevation_net': AMENT_PREFIX_PATH=/cc_ws/tros_ws/install:${AMENT_PREFIX_PATH} CMAKE_PREFIX_PATH=/cc_ws/tros_ws/install:/opt/ros/humble LD_LIBRARY_PATH=/cc_ws/tros_ws/install/lib:/opt/ros/humble/opt/rviz_ogre_vendor/lib:/opt/ros/humble/lib/aarch64-linux-gnu:/opt/ros/humble/lib:/cc_ws/userdata/hobot/opt/hobot/deps PYTHONPATH=/cc_ws/tros_ws/install/lib/python3.10/site-packages:/cc_ws/tros_ws/install/local/lib/python3.10/dist-packages:${PYTHONPATH} /usr/bin/cmake --install /cc_ws/tros_ws/build/elevation_net
[4.073s] -- Install configuration: ""
[4.073s] -- Up-to-date: /cc_ws/tros_ws/install/lib/elevation_net/elevation_net
[4.074s] -- Up-to-date: /cc_ws/tros_ws/install/lib/elevation_net/image_publisher
[4.074s] -- Up-to-date: /cc_ws/tros_ws/install/lib/elevation_net/config/
[4.074s] -- Up-to-date: /cc_ws/tros_ws/install/lib/elevation_net/config//elevation.hbm
[4.078s] -- Up-to-date: /cc_ws/tros_ws/install/lib/elevation_net/config//images
[4.079s] -- Up-to-date: /cc_ws/tros_ws/install/lib/elevation_net/config//images/charging_base.png
[4.079s] -- Up-to-date: /cc_ws/tros_ws/install/lib/elevation_net/config/elevation.yaml
[4.079s] -- Up-to-date: /cc_ws/tros_ws/install/share/elevation_net/launch
[4.079s] -- Up-to-date: /cc_ws/tros_ws/install/share/elevation_net/launch/elevation_net.launch.py
[4.080s] -- Up-to-date: /cc_ws/tros_ws/install/share/ament_index/resource_index/package_run_dependencies/elevation_net
[4.080s] -- Up-to-date: /cc_ws/tros_ws/install/share/ament_index/resource_index/parent_prefix_path/elevation_net
[4.082s] -- Up-to-date: /cc_ws/tros_ws/install/share/elevation_net/environment/ament_prefix_path.sh
[4.083s] -- Installing: /cc_ws/tros_ws/install/share/elevation_net/environment/ament_prefix_path.dsv
[4.084s] -- Up-to-date: /cc_ws/tros_ws/install/share/elevation_net/environment/path.sh
[4.084s] -- Installing: /cc_ws/tros_ws/install/share/elevation_net/environment/path.dsv
[4.084s] -- Up-to-date: /cc_ws/tros_ws/install/share/elevation_net/local_setup.bash
[4.085s] -- Up-to-date: /cc_ws/tros_ws/install/share/elevation_net/local_setup.sh
[4.085s] -- Up-to-date: /cc_ws/tros_ws/install/share/elevation_net/local_setup.zsh
[4.085s] -- Installing: /cc_ws/tros_ws/install/share/elevation_net/local_setup.dsv
[4.085s] -- Installing: /cc_ws/tros_ws/install/share/elevation_net/package.dsv
[4.086s] -- Up-to-date: /cc_ws/tros_ws/install/share/ament_index/resource_index/packages/elevation_net
[4.086s] -- Up-to-date: /cc_ws/tros_ws/install/share/elevation_net/cmake/elevation_netConfig.cmake
[4.086s] -- Up-to-date: /cc_ws/tros_ws/install/share/elevation_net/cmake/elevation_netConfig-version.cmake
[4.086s] -- Up-to-date: /cc_ws/tros_ws/install/share/elevation_net/package.xml
[4.128s] Invoked command in '/cc_ws/tros_ws/build/elevation_net' returned '0': AMENT_PREFIX_PATH=/cc_ws/tros_ws/install:${AMENT_PREFIX_PATH} CMAKE_PREFIX_PATH=/cc_ws/tros_ws/install:/opt/ros/humble LD_LIBRARY_PATH=/cc_ws/tros_ws/install/lib:/opt/ros/humble/opt/rviz_ogre_vendor/lib:/opt/ros/humble/lib/aarch64-linux-gnu:/opt/ros/humble/lib:/cc_ws/userdata/hobot/opt/hobot/deps PYTHONPATH=/cc_ws/tros_ws/install/lib/python3.10/site-packages:/cc_ws/tros_ws/install/local/lib/python3.10/dist-packages:${PYTHONPATH} /usr/bin/cmake --install /cc_ws/tros_ws/build/elevation_net
