[0.183s] Invoking command in '/cc_ws/tros_ws/build/hobot_stereonet': CMAKE_PREFIX_PATH=/opt/ros/humble /usr/bin/cmake /cc_ws/tros_ws/src/box/hobot_perception/hobot_stereonet -DCMAKE_EXPORT_COMPILE_COMMANDS=ON --no-warn-unused-cli -DCMAKE_TOOLCHAIN_FILE=/cc_ws/tros_ws/robot_dev_config/aarch64_toolchainfile.cmake -DPLATFORM_X5=ON -DTHIRDPARTY=ON -DBUILD_TESTING=OFF -DCMAKE_BUILD_RPATH=/cc_ws/tros_ws/build/poco_vendor/poco_external_project_install/lib/;/cc_ws/tros_ws/build/libyaml_vendor/libyaml_install/lib/ -DCMAKE_INSTALL_PREFIX=/cc_ws/tros_ws/install
[0.337s] Not searching for unused variables given on the command line.
[0.337s] -- Found rclcpp: 16.0.8 (/opt/ros/humble/share/rclcpp/cmake)
[0.882s] [33mCMake Warning (dev) at /opt/ros/humble/share/ament_cmake_test/cmake/ament_cmake_test-extras.cmake:19 (option):
[0.882s]   Policy CMP0077 is not set: option() honors normal variables.  Run "cmake
[0.882s]   --help-policy CMP0077" for policy details.  Use the cmake_policy command to
[0.882s]   set the policy and suppress this warning.
[0.883s] 
[0.883s]   For compatibility with older versions of CMake, option is clearing the
[0.883s]   normal variable 'BUILD_TESTING'.
[0.884s] Call Stack (most recent call first):
[0.884s]   /opt/ros/humble/share/ament_cmake_test/cmake/ament_cmake_testConfig.cmake:41 (include)
[0.885s]   /opt/ros/humble/share/ament_cmake/cmake/ament_cmake_export_dependencies-extras.cmake:21 (find_package)
[0.885s]   /opt/ros/humble/share/ament_cmake/cmake/ament_cmakeConfig.cmake:41 (include)
[0.885s]   /opt/ros/humble/share/rcutils/cmake/ament_cmake_export_dependencies-extras.cmake:21 (find_package)
[0.885s]   /opt/ros/humble/share/rcutils/cmake/rcutilsConfig.cmake:41 (include)
[0.885s]   /opt/ros/humble/share/rosidl_runtime_c/cmake/ament_cmake_export_dependencies-extras.cmake:21 (find_package)
[0.886s]   /opt/ros/humble/share/rosidl_runtime_c/cmake/rosidl_runtime_cConfig.cmake:41 (include)
[0.886s]   /opt/ros/humble/share/builtin_interfaces/cmake/ament_cmake_export_dependencies-extras.cmake:21 (find_package)
[0.886s]   /opt/ros/humble/share/builtin_interfaces/cmake/builtin_interfacesConfig.cmake:41 (include)
[0.886s]   /opt/ros/humble/share/libstatistics_collector/cmake/ament_cmake_export_dependencies-extras.cmake:21 (find_package)
[0.887s]   /opt/ros/humble/share/libstatistics_collector/cmake/libstatistics_collectorConfig.cmake:41 (include)
[0.887s]   /opt/ros/humble/share/rclcpp/cmake/ament_cmake_export_dependencies-extras.cmake:21 (find_package)
[0.887s]   /opt/ros/humble/share/rclcpp/cmake/rclcppConfig.cmake:41 (include)
[0.888s]   CMakeLists.txt:16 (find_package)
[0.888s] This warning is for project developers.  Use -Wno-dev to suppress it.
[0.888s] [0m
[0.916s] -- Found rosidl_generator_c: 3.1.5 (/opt/ros/humble/share/rosidl_generator_c/cmake)
[0.925s] -- Found rosidl_adapter: 3.1.5 (/opt/ros/humble/share/rosidl_adapter/cmake)
[0.946s] -- Found rosidl_generator_cpp: 3.1.5 (/opt/ros/humble/share/rosidl_generator_cpp/cmake)
[1.012s] -- Using all available rosidl_typesupport_c: rosidl_typesupport_fastrtps_c;rosidl_typesupport_introspection_c
[1.087s] -- Using all available rosidl_typesupport_cpp: rosidl_typesupport_fastrtps_cpp;rosidl_typesupport_introspection_cpp
[1.336s] -- Found rmw_implementation_cmake: 6.1.1 (/opt/ros/humble/share/rmw_implementation_cmake/cmake)
[1.341s] -- Found rmw_fastrtps_cpp: 6.2.6 (/opt/ros/humble/share/rmw_fastrtps_cpp/cmake)
[1.809s] -- Using RMW implementation 'rmw_fastrtps_cpp' as default
[2.686s] -- Found rclcpp_components: 16.0.8 (/opt/ros/humble/share/rclcpp_components/cmake)
[2.925s] -- Found sensor_msgs: 4.2.3 (/opt/ros/humble/share/sensor_msgs/cmake)
[3.500s] -- Found cv_bridge: 3.2.1 (/opt/ros/humble/share/cv_bridge/cmake)
[3.536s] -- Found message_filters: 4.3.3 (/opt/ros/humble/share/message_filters/cmake)
[3.551s] -- Found tf2_ros: 0.25.6 (/opt/ros/humble/share/tf2_ros/cmake)
[4.997s] [0mPREFIX_PATH is [0m
[4.997s] [0mSYS_ROOT is /cc_ws/tros_ws/robot_dev_config/../../sysroot_docker[0m
[4.998s] [0mhobot_stereonet build platform X5[0m
[5.608s] -- Configuring done
[7.575s] -- Generating done
[7.584s] -- Build files have been written to: /cc_ws/tros_ws/build/hobot_stereonet
[7.614s] Invoked command in '/cc_ws/tros_ws/build/hobot_stereonet' returned '0': CMAKE_PREFIX_PATH=/opt/ros/humble /usr/bin/cmake /cc_ws/tros_ws/src/box/hobot_perception/hobot_stereonet -DCMAKE_EXPORT_COMPILE_COMMANDS=ON --no-warn-unused-cli -DCMAKE_TOOLCHAIN_FILE=/cc_ws/tros_ws/robot_dev_config/aarch64_toolchainfile.cmake -DPLATFORM_X5=ON -DTHIRDPARTY=ON -DBUILD_TESTING=OFF -DCMAKE_BUILD_RPATH=/cc_ws/tros_ws/build/poco_vendor/poco_external_project_install/lib/;/cc_ws/tros_ws/build/libyaml_vendor/libyaml_install/lib/ -DCMAKE_INSTALL_PREFIX=/cc_ws/tros_ws/install
[7.638s] Invoking command in '/cc_ws/tros_ws/build/hobot_stereonet': CMAKE_PREFIX_PATH=/opt/ros/humble /usr/bin/cmake --build /cc_ws/tros_ws/build/hobot_stereonet -- -j12 -l12
[7.793s] [35m[1mConsolidate compiler generated dependencies of target stereonet_model_component_node[0m
[7.834s] [35m[1mConsolidate compiler generated dependencies of target stereonet_model[0m
[7.851s] [35m[1mConsolidate compiler generated dependencies of target stereonet_model_sub_node[0m
[7.856s] [35m[1mConsolidate compiler generated dependencies of target stereonet_model_intra_sub[0m
[7.859s] [35m[1mConsolidate compiler generated dependencies of target stereonet_model_node[0m
[7.903s] [35m[1mConsolidate compiler generated dependencies of target stereonet_model_intra_sub_node[0m
[7.909s] [ 10%] Built target stereonet_model_component_node
[7.925s] [35m[1mConsolidate compiler generated dependencies of target data_collection[0m
[7.951s] [ 25%] Built target stereonet_model_sub_node
[7.989s] [ 35%] Built target stereonet_model_intra_sub
[8.012s] [ 45%] Built target stereonet_model_intra_sub_node
[8.015s] [ 55%] Built target data_collection
[8.037s] [ 75%] Built target stereonet_model
[8.128s] [100%] Built target stereonet_model_node
[8.290s] Invoked command in '/cc_ws/tros_ws/build/hobot_stereonet' returned '0': CMAKE_PREFIX_PATH=/opt/ros/humble /usr/bin/cmake --build /cc_ws/tros_ws/build/hobot_stereonet -- -j12 -l12
[8.809s] Invoking command in '/cc_ws/tros_ws/build/hobot_stereonet': CMAKE_PREFIX_PATH=/opt/ros/humble /usr/bin/cmake --install /cc_ws/tros_ws/build/hobot_stereonet
[10.227s] -- Install configuration: "Release"
[10.227s] -- Up-to-date: /cc_ws/tros_ws/install/lib/hobot_stereonet/stereonet_model_component_node
[10.227s] -- Up-to-date: /cc_ws/tros_ws/install/lib/hobot_stereonet/stereonet_model_intra_sub_node
[10.227s] -- Up-to-date: /cc_ws/tros_ws/install/lib/hobot_stereonet/stereonet_model_node
[10.228s] -- Up-to-date: /cc_ws/tros_ws/install/lib/hobot_stereonet/stereonet_model_intra_sub_node
[10.228s] -- Up-to-date: /cc_ws/tros_ws/install/lib/hobot_stereonet/data_collection
[10.228s] -- Up-to-date: /cc_ws/tros_ws/install/lib/libstereonet_model.so
[10.228s] -- Up-to-date: /cc_ws/tros_ws/install/lib/libstereonet_model_intra_sub.so
[10.228s] -- Up-to-date: /cc_ws/tros_ws/install/share/hobot_stereonet/config
[10.229s] -- Up-to-date: /cc_ws/tros_ws/install/share/hobot_stereonet/config/stereo.yaml
[10.229s] -- Up-to-date: /cc_ws/tros_ws/install/share/hobot_stereonet/config/DStereoV2.3.bin
[10.229s] -- Up-to-date: /cc_ws/tros_ws/install/share/hobot_stereonet/config/dstereo_s100_320_640_352_v2.4.hbm
[10.229s] -- Up-to-date: /cc_ws/tros_ws/install/share/hobot_stereonet/config/stereo_2.yaml
[10.229s] -- Up-to-date: /cc_ws/tros_ws/install/share/hobot_stereonet/config/stereo_cv.yaml
[10.230s] -- Up-to-date: /cc_ws/tros_ws/install/share/hobot_stereonet/config/stereo_26.yaml
[10.230s] -- Up-to-date: /cc_ws/tros_ws/install/share/hobot_stereonet/config/dstereo_s100_320_640_352_v2.1.hbm
[10.230s] -- Up-to-date: /cc_ws/tros_ws/install/share/hobot_stereonet/config/DStereoV2.3.1.bin
[10.230s] -- Up-to-date: /cc_ws/tros_ws/install/share/hobot_stereonet/config/DStereoV2.2.bin
[10.230s] -- Up-to-date: /cc_ws/tros_ws/install/share/hobot_stereonet/config/DStereoV2.4.0_int8.bin
[10.231s] -- Up-to-date: /cc_ws/tros_ws/install/share/hobot_stereonet/config/DStereoV2.4.0_int16.bin
[10.231s] -- Up-to-date: /cc_ws/tros_ws/install/share/hobot_stereonet/config/stereo_15.yaml
[10.231s] -- Up-to-date: /cc_ws/tros_ws/install/share/hobot_stereonet/config/DStereoV2.1.bin
[10.231s] -- Up-to-date: /cc_ws/tros_ws/install/share/hobot_stereonet/config/DStereoV2.0.bin
[10.231s] -- Up-to-date: /cc_ws/tros_ws/install/share/hobot_stereonet/launch/stereonet_model.launch.py
[10.232s] -- Up-to-date: /cc_ws/tros_ws/install/share/hobot_stereonet/launch/stereonet_model_component.launch.py
[10.232s] -- Up-to-date: /cc_ws/tros_ws/install/share/hobot_stereonet/launch/stereonet_model_web_visual.launch.py
[10.232s] -- Up-to-date: /cc_ws/tros_ws/install/share/hobot_stereonet/launch/stereonet_model_web_visual_component.launch.py
[10.232s] -- Up-to-date: /cc_ws/tros_ws/install/share/hobot_stereonet/launch/stereonet_offline_infer.launch.py
[10.232s] -- Up-to-date: /cc_ws/tros_ws/install/share/hobot_stereonet/launch/stereonet_model_web_visual_cmp_rs_230ai.launch.py
[10.233s] -- Up-to-date: /cc_ws/tros_ws/install/share/hobot_stereonet/launch/stereonet_model_web_visual_cmp_rs_2i.launch.py
[10.233s] -- Up-to-date: /cc_ws/tros_ws/install/share/hobot_stereonet/launch/stereonet_model_web_visual_cmp_rs_mini.launch.py
[10.233s] -- Up-to-date: /cc_ws/tros_ws/install/share/hobot_stereonet/launch/stereonet_model_web_visual_cmp_rs_mini_v2.launch.py
[10.233s] -- Up-to-date: /cc_ws/tros_ws/install/share/hobot_stereonet/launch/stereonet_model_web_visual_component_v2.0.launch.py
[10.233s] -- Up-to-date: /cc_ws/tros_ws/install/share/hobot_stereonet/launch/stereonet_model_web_visual_component_v2.1.launch.py
[10.234s] -- Up-to-date: /cc_ws/tros_ws/install/share/hobot_stereonet/launch/stereonet_model_web_visual_component_v2.2.launch.py
[10.234s] -- Up-to-date: /cc_ws/tros_ws/install/share/hobot_stereonet/launch/stereonet_model_web_visual_component_v2.3.launch.py
[10.234s] -- Up-to-date: /cc_ws/tros_ws/install/share/hobot_stereonet/launch/stereonet_model_web_visual_v2.0.launch.py
[10.234s] -- Up-to-date: /cc_ws/tros_ws/install/share/hobot_stereonet/launch/stereonet_model_web_visual_v2.1.launch.py
[10.234s] -- Up-to-date: /cc_ws/tros_ws/install/share/hobot_stereonet/launch/stereonet_model_web_visual_v2.2.launch.py
[10.235s] -- Up-to-date: /cc_ws/tros_ws/install/share/hobot_stereonet/launch/stereonet_model_web_visual_v2.3.launch.py
[10.235s] -- Up-to-date: /cc_ws/tros_ws/install/share/hobot_stereonet/launch/stereonet_model_web_visual_v2.4_int16.launch.py
[10.235s] -- Up-to-date: /cc_ws/tros_ws/install/share/hobot_stereonet/launch/stereonet_model_web_visual_v2.4_int8.launch.py
[10.235s] -- Up-to-date: /cc_ws/tros_ws/install/share/hobot_stereonet/launch/stereonet_model_web_visual_zed_v2.0.launch.py
[10.235s] -- Up-to-date: /cc_ws/tros_ws/install/share/hobot_stereonet/launch/stereonet_model_web_visual_zed_v2.2.launch.py
[10.236s] -- Up-to-date: /cc_ws/tros_ws/install/share/hobot_stereonet/config
[10.236s] -- Up-to-date: /cc_ws/tros_ws/install/share/hobot_stereonet/config/stereo.yaml
[10.236s] -- Up-to-date: /cc_ws/tros_ws/install/share/hobot_stereonet/config/DStereoV2.3.bin
[10.236s] -- Up-to-date: /cc_ws/tros_ws/install/share/hobot_stereonet/config/dstereo_s100_320_640_352_v2.4.hbm
[10.236s] -- Up-to-date: /cc_ws/tros_ws/install/share/hobot_stereonet/config/stereo_2.yaml
[10.237s] -- Up-to-date: /cc_ws/tros_ws/install/share/hobot_stereonet/config/stereo_cv.yaml
[10.237s] -- Up-to-date: /cc_ws/tros_ws/install/share/hobot_stereonet/config/stereo_26.yaml
[10.237s] -- Up-to-date: /cc_ws/tros_ws/install/share/hobot_stereonet/config/dstereo_s100_320_640_352_v2.1.hbm
[10.237s] -- Up-to-date: /cc_ws/tros_ws/install/share/hobot_stereonet/config/DStereoV2.3.1.bin
[10.237s] -- Up-to-date: /cc_ws/tros_ws/install/share/hobot_stereonet/config/DStereoV2.2.bin
[10.238s] -- Up-to-date: /cc_ws/tros_ws/install/share/hobot_stereonet/config/DStereoV2.4.0_int8.bin
[10.238s] -- Up-to-date: /cc_ws/tros_ws/install/share/hobot_stereonet/config/DStereoV2.4.0_int16.bin
[10.238s] -- Up-to-date: /cc_ws/tros_ws/install/share/hobot_stereonet/config/stereo_15.yaml
[10.238s] -- Up-to-date: /cc_ws/tros_ws/install/share/hobot_stereonet/config/DStereoV2.1.bin
[10.241s] -- Up-to-date: /cc_ws/tros_ws/install/share/hobot_stereonet/config/DStereoV2.0.bin
[10.242s] -- Up-to-date: /cc_ws/tros_ws/install/share/hobot_stereonet/data
[10.242s] -- Up-to-date: /cc_ws/tros_ws/install/share/hobot_stereonet/data/left000002.png
[10.242s] -- Up-to-date: /cc_ws/tros_ws/install/share/hobot_stereonet/data/right000000.png
[10.242s] -- Up-to-date: /cc_ws/tros_ws/install/share/hobot_stereonet/data/right000004.png
[10.243s] -- Up-to-date: /cc_ws/tros_ws/install/share/hobot_stereonet/data/right000001.png
[10.243s] -- Up-to-date: /cc_ws/tros_ws/install/share/hobot_stereonet/data/right000002.png
[10.243s] -- Up-to-date: /cc_ws/tros_ws/install/share/hobot_stereonet/data/left000000.png
[10.243s] -- Up-to-date: /cc_ws/tros_ws/install/share/hobot_stereonet/data/left000004.png
[10.244s] -- Up-to-date: /cc_ws/tros_ws/install/share/hobot_stereonet/data/left000003.png
[10.244s] -- Up-to-date: /cc_ws/tros_ws/install/share/hobot_stereonet/data/right000003.png
[10.244s] -- Up-to-date: /cc_ws/tros_ws/install/share/hobot_stereonet/data/left000001.png
[10.244s] -- Up-to-date: /cc_ws/tros_ws/install/share/ament_index/resource_index/package_run_dependencies/hobot_stereonet
[10.244s] -- Up-to-date: /cc_ws/tros_ws/install/share/ament_index/resource_index/parent_prefix_path/hobot_stereonet
[10.245s] -- Up-to-date: /cc_ws/tros_ws/install/share/hobot_stereonet/environment/ament_prefix_path.sh
[10.245s] -- Installing: /cc_ws/tros_ws/install/share/hobot_stereonet/environment/ament_prefix_path.dsv
[10.245s] -- Up-to-date: /cc_ws/tros_ws/install/share/hobot_stereonet/environment/path.sh
[10.245s] -- Installing: /cc_ws/tros_ws/install/share/hobot_stereonet/environment/path.dsv
[10.246s] -- Up-to-date: /cc_ws/tros_ws/install/share/hobot_stereonet/local_setup.bash
[10.246s] -- Up-to-date: /cc_ws/tros_ws/install/share/hobot_stereonet/local_setup.sh
[10.246s] -- Up-to-date: /cc_ws/tros_ws/install/share/hobot_stereonet/local_setup.zsh
[10.246s] -- Installing: /cc_ws/tros_ws/install/share/hobot_stereonet/local_setup.dsv
[10.246s] -- Installing: /cc_ws/tros_ws/install/share/hobot_stereonet/package.dsv
[10.247s] -- Up-to-date: /cc_ws/tros_ws/install/share/ament_index/resource_index/packages/hobot_stereonet
[10.247s] -- Up-to-date: /cc_ws/tros_ws/install/share/ament_index/resource_index/rclcpp_components/hobot_stereonet
[10.247s] -- Up-to-date: /cc_ws/tros_ws/install/share/hobot_stereonet/cmake/hobot_stereonetConfig.cmake
[10.247s] -- Up-to-date: /cc_ws/tros_ws/install/share/hobot_stereonet/cmake/hobot_stereonetConfig-version.cmake
[10.248s] -- Up-to-date: /cc_ws/tros_ws/install/share/hobot_stereonet/package.xml
[10.280s] Invoked command in '/cc_ws/tros_ws/build/hobot_stereonet' returned '0': CMAKE_PREFIX_PATH=/opt/ros/humble /usr/bin/cmake --install /cc_ws/tros_ws/build/hobot_stereonet
