[0.040s] Invoking command in '/cc_ws/tros_ws/build/clip_msgs': CMAKE_PREFIX_PATH=/opt/ros/humble /usr/bin/cmake /cc_ws/tros_ws/src/box/hobot_clip/clip_msgs -DCMAKE_EXPORT_COMPILE_COMMANDS=ON --no-warn-unused-cli -DCMAKE_TOOLCHAIN_FILE=/cc_ws/tros_ws/robot_dev_config/aarch64_toolchainfile.cmake -DPLATFORM_X5=ON -DTHIRDPARTY=ON -DBUILD_TESTING=OFF -DCMAKE_BUILD_RPATH=/cc_ws/tros_ws/build/poco_vendor/poco_external_project_install/lib/;/cc_ws/tros_ws/build/libyaml_vendor/libyaml_install/lib/ -DCMAKE_INSTALL_PREFIX=/cc_ws/tros_ws/install
[0.133s] Not searching for unused variables given on the command line.
[0.134s] -- Found ament_cmake: 1.3.8 (/opt/ros/humble/share/ament_cmake/cmake)
[0.332s] -- Found std_msgs: 4.2.3 (/opt/ros/humble/share/std_msgs/cmake)
[0.333s] [33mCMake Warning (dev) at /opt/ros/humble/share/ament_cmake_test/cmake/ament_cmake_test-extras.cmake:19 (option):
[0.333s]   Policy CMP0077 is not set: option() honors normal variables.  Run "cmake
[0.333s]   --help-policy CMP0077" for policy details.  Use the cmake_policy command to
[0.333s]   set the policy and suppress this warning.
[0.333s] 
[0.333s]   For compatibility with older versions of CMake, option is clearing the
[0.333s]   normal variable 'BUILD_TESTING'.
[0.334s] Call Stack (most recent call first):
[0.334s]   /opt/ros/humble/share/ament_cmake_test/cmake/ament_cmake_testConfig.cmake:41 (include)
[0.334s]   /opt/ros/humble/share/ament_cmake/cmake/ament_cmake_export_dependencies-extras.cmake:21 (find_package)
[0.334s]   /opt/ros/humble/share/ament_cmake/cmake/ament_cmakeConfig.cmake:41 (include)
[0.334s]   CMakeLists.txt:33 (find_package)
[0.334s] This warning is for project developers.  Use -Wno-dev to suppress it.
[0.334s] [0m
[0.360s] -- Found rosidl_generator_c: 3.1.5 (/opt/ros/humble/share/rosidl_generator_c/cmake)
[0.365s] -- Found rosidl_adapter: 3.1.5 (/opt/ros/humble/share/rosidl_adapter/cmake)
[0.378s] -- Found rosidl_generator_cpp: 3.1.5 (/opt/ros/humble/share/rosidl_generator_cpp/cmake)
[0.402s] -- Using all available rosidl_typesupport_c: rosidl_typesupport_fastrtps_c;rosidl_typesupport_introspection_c
[0.434s] -- Using all available rosidl_typesupport_cpp: rosidl_typesupport_fastrtps_cpp;rosidl_typesupport_introspection_cpp
[0.548s] -- Found action_msgs: 1.2.1 (/opt/ros/humble/share/action_msgs/cmake)
[0.686s] -- Found rosidl_default_generators: 1.2.0 (/opt/ros/humble/share/rosidl_default_generators/cmake)
[1.239s] -- Found ament_cmake_ros: 0.10.0 (/opt/ros/humble/share/ament_cmake_ros/cmake)
[1.966s] -- Using all available rosidl_typesupport_c: rosidl_typesupport_fastrtps_c;rosidl_typesupport_introspection_c
[2.421s] -- Using all available rosidl_typesupport_cpp: rosidl_typesupport_fastrtps_cpp;rosidl_typesupport_introspection_cpp
[2.446s] -- Found python_cmake_module: 0.10.0 (/opt/ros/humble/share/python_cmake_module/cmake)
[2.489s] -- Using PYTHON_EXECUTABLE: /usr/bin/python3
[2.490s] -- Using PYTHON_INCLUDE_DIRS: /cc_ws/tros_ws/robot_dev_config/../../sysroot_docker/usr/include/python3.10
[2.490s] -- Using PYTHON_LIBRARIES: /cc_ws/tros_ws/robot_dev_config/../../sysroot_docker/usr/lib/aarch64-linux-gnu/libpython3.10.so
[3.120s] -- Using numpy include directory: /usr/local/lib/python3.10/dist-packages/numpy/core/include
[3.207s] -- Configuring done
[3.417s] -- Generating done
[3.428s] -- Build files have been written to: /cc_ws/tros_ws/build/clip_msgs
[3.441s] Invoked command in '/cc_ws/tros_ws/build/clip_msgs' returned '0': CMAKE_PREFIX_PATH=/opt/ros/humble /usr/bin/cmake /cc_ws/tros_ws/src/box/hobot_clip/clip_msgs -DCMAKE_EXPORT_COMPILE_COMMANDS=ON --no-warn-unused-cli -DCMAKE_TOOLCHAIN_FILE=/cc_ws/tros_ws/robot_dev_config/aarch64_toolchainfile.cmake -DPLATFORM_X5=ON -DTHIRDPARTY=ON -DBUILD_TESTING=OFF -DCMAKE_BUILD_RPATH=/cc_ws/tros_ws/build/poco_vendor/poco_external_project_install/lib/;/cc_ws/tros_ws/build/libyaml_vendor/libyaml_install/lib/ -DCMAKE_INSTALL_PREFIX=/cc_ws/tros_ws/install
[3.459s] Invoking command in '/cc_ws/tros_ws/build/clip_msgs': CMAKE_PREFIX_PATH=/opt/ros/humble /usr/bin/cmake --build /cc_ws/tros_ws/build/clip_msgs -- -j12 -l12
[4.030s] [35m[1mConsolidate compiler generated dependencies of target clip_msgs__rosidl_generator_c[0m
[4.031s] [  2%] Built target clip_msgs__cpp
[4.031s] [ 12%] Built target clip_msgs__rosidl_generator_c
[4.031s] [ 12%] Built target ament_cmake_python_copy_clip_msgs
[4.032s] [35m[1mConsolidate compiler generated dependencies of target clip_msgs__rosidl_typesupport_cpp[0m
[4.032s] [35m[1mConsolidate compiler generated dependencies of target clip_msgs__rosidl_typesupport_introspection_c[0m
[4.032s] [35m[1mConsolidate compiler generated dependencies of target clip_msgs__rosidl_typesupport_fastrtps_cpp[0m
[4.032s] [ 23%] Built target clip_msgs__rosidl_typesupport_cpp
[4.032s] [35m[1mConsolidate compiler generated dependencies of target clip_msgs__rosidl_typesupport_c[0m
[4.032s] [ 33%] Built target clip_msgs__rosidl_typesupport_introspection_c
[4.032s] [35m[1mConsolidate compiler generated dependencies of target clip_msgs__rosidl_typesupport_introspection_cpp[0m
[4.032s] [ 43%] Built target clip_msgs__rosidl_typesupport_c
[4.033s] [ 53%] Built target clip_msgs__rosidl_typesupport_fastrtps_cpp
[4.033s] [35m[1mConsolidate compiler generated dependencies of target clip_msgs__rosidl_typesupport_fastrtps_c[0m
[4.086s] [ 64%] Built target clip_msgs__rosidl_typesupport_introspection_cpp
[4.086s] [ 74%] Built target clip_msgs__rosidl_typesupport_fastrtps_c
[4.220s] [ 74%] Built target clip_msgs
[4.277s] [ 76%] Built target clip_msgs__py
[4.317s] [35m[1mConsolidate compiler generated dependencies of target clip_msgs__rosidl_generator_py[0m
[4.377s] [ 84%] Built target clip_msgs__rosidl_generator_py
[4.406s] [35m[1mConsolidate compiler generated dependencies of target clip_msgs__rosidl_typesupport_fastrtps_c__pyext[0m
[4.409s] [35m[1mConsolidate compiler generated dependencies of target clip_msgs__rosidl_typesupport_c__pyext[0m
[4.422s] [35m[1mConsolidate compiler generated dependencies of target clip_msgs__rosidl_typesupport_introspection_c__pyext[0m
[4.424s] running egg_info
[4.424s] writing clip_msgs.egg-info/PKG-INFO
[4.426s] writing dependency_links to clip_msgs.egg-info/dependency_links.txt
[4.427s] writing top-level names to clip_msgs.egg-info/top_level.txt
[4.430s] reading manifest file 'clip_msgs.egg-info/SOURCES.txt'
[4.431s] writing manifest file 'clip_msgs.egg-info/SOURCES.txt'
[4.438s] [ 89%] Built target clip_msgs__rosidl_typesupport_fastrtps_c__pyext
[4.446s] [ 94%] Built target clip_msgs__rosidl_typesupport_c__pyext
[4.466s] [100%] Built target clip_msgs__rosidl_typesupport_introspection_c__pyext
[4.498s] [100%] Built target ament_cmake_python_build_clip_msgs_egg
[4.517s] Invoked command in '/cc_ws/tros_ws/build/clip_msgs' returned '0': CMAKE_PREFIX_PATH=/opt/ros/humble /usr/bin/cmake --build /cc_ws/tros_ws/build/clip_msgs -- -j12 -l12
[4.861s] Invoking command in '/cc_ws/tros_ws/build/clip_msgs': CMAKE_PREFIX_PATH=/opt/ros/humble /usr/bin/cmake --install /cc_ws/tros_ws/build/clip_msgs
[4.871s] -- Install configuration: ""
[4.871s] -- Up-to-date: /cc_ws/tros_ws/install/share/ament_index/resource_index/rosidl_interfaces/clip_msgs
[4.872s] -- Up-to-date: /cc_ws/tros_ws/install/include/clip_msgs/clip_msgs
[4.872s] -- Up-to-date: /cc_ws/tros_ws/install/include/clip_msgs/clip_msgs/action
[4.872s] -- Up-to-date: /cc_ws/tros_ws/install/include/clip_msgs/clip_msgs/action/detail
[4.873s] -- Up-to-date: /cc_ws/tros_ws/install/include/clip_msgs/clip_msgs/action/detail/get_features__type_support.h
[4.874s] -- Up-to-date: /cc_ws/tros_ws/install/include/clip_msgs/clip_msgs/action/detail/get_features__struct.h
[4.874s] -- Up-to-date: /cc_ws/tros_ws/install/include/clip_msgs/clip_msgs/action/detail/get_features__functions.c
[4.874s] -- Up-to-date: /cc_ws/tros_ws/install/include/clip_msgs/clip_msgs/action/detail/get_features__functions.h
[4.874s] -- Up-to-date: /cc_ws/tros_ws/install/include/clip_msgs/clip_msgs/action/get_features.h
[4.875s] -- Up-to-date: /cc_ws/tros_ws/install/include/clip_msgs/clip_msgs/msg
[4.875s] -- Up-to-date: /cc_ws/tros_ws/install/include/clip_msgs/clip_msgs/msg/rosidl_generator_c__visibility_control.h
[4.880s] -- Up-to-date: /cc_ws/tros_ws/install/include/clip_msgs/clip_msgs/msg/clip_item.h
[4.880s] -- Up-to-date: /cc_ws/tros_ws/install/include/clip_msgs/clip_msgs/msg/detail
[4.880s] -- Up-to-date: /cc_ws/tros_ws/install/include/clip_msgs/clip_msgs/msg/detail/clip_item__struct.h
[4.880s] -- Up-to-date: /cc_ws/tros_ws/install/include/clip_msgs/clip_msgs/msg/detail/clip_item__functions.c
[4.880s] -- Up-to-date: /cc_ws/tros_ws/install/include/clip_msgs/clip_msgs/msg/detail/clip_item__type_support.h
[4.880s] -- Up-to-date: /cc_ws/tros_ws/install/include/clip_msgs/clip_msgs/msg/detail/clip_item__functions.h
[4.880s] -- Up-to-date: /cc_ws/tros_ws/install/share/clip_msgs/environment/library_path.sh
[4.880s] -- Installing: /cc_ws/tros_ws/install/share/clip_msgs/environment/library_path.dsv
[4.881s] -- Up-to-date: /cc_ws/tros_ws/install/lib/libclip_msgs__rosidl_generator_c.so
[4.881s] -- Up-to-date: /cc_ws/tros_ws/install/include/clip_msgs/clip_msgs
[4.881s] -- Up-to-date: /cc_ws/tros_ws/install/include/clip_msgs/clip_msgs/action
[4.881s] -- Up-to-date: /cc_ws/tros_ws/install/include/clip_msgs/clip_msgs/action/detail
[4.881s] -- Up-to-date: /cc_ws/tros_ws/install/include/clip_msgs/clip_msgs/action/detail/get_features__rosidl_typesupport_fastrtps_c.h
[4.881s] -- Up-to-date: /cc_ws/tros_ws/install/include/clip_msgs/clip_msgs/msg
[4.881s] -- Up-to-date: /cc_ws/tros_ws/install/include/clip_msgs/clip_msgs/msg/rosidl_typesupport_fastrtps_c__visibility_control.h
[4.881s] -- Up-to-date: /cc_ws/tros_ws/install/include/clip_msgs/clip_msgs/msg/detail
[4.881s] -- Up-to-date: /cc_ws/tros_ws/install/include/clip_msgs/clip_msgs/msg/detail/clip_item__rosidl_typesupport_fastrtps_c.h
[4.882s] -- Up-to-date: /cc_ws/tros_ws/install/lib/libclip_msgs__rosidl_typesupport_fastrtps_c.so
[4.882s] -- Up-to-date: /cc_ws/tros_ws/install/include/clip_msgs/clip_msgs
[4.882s] -- Up-to-date: /cc_ws/tros_ws/install/include/clip_msgs/clip_msgs/action
[4.882s] -- Up-to-date: /cc_ws/tros_ws/install/include/clip_msgs/clip_msgs/action/get_features.hpp
[4.882s] -- Up-to-date: /cc_ws/tros_ws/install/include/clip_msgs/clip_msgs/action/detail
[4.882s] -- Up-to-date: /cc_ws/tros_ws/install/include/clip_msgs/clip_msgs/action/detail/get_features__traits.hpp
[4.882s] -- Up-to-date: /cc_ws/tros_ws/install/include/clip_msgs/clip_msgs/action/detail/get_features__struct.hpp
[4.882s] -- Up-to-date: /cc_ws/tros_ws/install/include/clip_msgs/clip_msgs/action/detail/get_features__builder.hpp
[4.882s] -- Up-to-date: /cc_ws/tros_ws/install/include/clip_msgs/clip_msgs/msg
[4.882s] -- Up-to-date: /cc_ws/tros_ws/install/include/clip_msgs/clip_msgs/msg/detail
[4.883s] -- Up-to-date: /cc_ws/tros_ws/install/include/clip_msgs/clip_msgs/msg/detail/clip_item__traits.hpp
[4.883s] -- Up-to-date: /cc_ws/tros_ws/install/include/clip_msgs/clip_msgs/msg/detail/clip_item__builder.hpp
[4.883s] -- Up-to-date: /cc_ws/tros_ws/install/include/clip_msgs/clip_msgs/msg/detail/clip_item__struct.hpp
[4.883s] -- Up-to-date: /cc_ws/tros_ws/install/include/clip_msgs/clip_msgs/msg/clip_item.hpp
[4.883s] -- Up-to-date: /cc_ws/tros_ws/install/include/clip_msgs/clip_msgs
[4.883s] -- Up-to-date: /cc_ws/tros_ws/install/include/clip_msgs/clip_msgs/action
[4.883s] -- Up-to-date: /cc_ws/tros_ws/install/include/clip_msgs/clip_msgs/action/detail
[4.883s] -- Up-to-date: /cc_ws/tros_ws/install/include/clip_msgs/clip_msgs/action/detail/get_features__rosidl_typesupport_fastrtps_cpp.hpp
[4.883s] -- Up-to-date: /cc_ws/tros_ws/install/include/clip_msgs/clip_msgs/action/detail/dds_fastrtps
[4.884s] -- Up-to-date: /cc_ws/tros_ws/install/include/clip_msgs/clip_msgs/msg
[4.884s] -- Up-to-date: /cc_ws/tros_ws/install/include/clip_msgs/clip_msgs/msg/detail
[4.884s] -- Up-to-date: /cc_ws/tros_ws/install/include/clip_msgs/clip_msgs/msg/detail/clip_item__rosidl_typesupport_fastrtps_cpp.hpp
[4.884s] -- Up-to-date: /cc_ws/tros_ws/install/include/clip_msgs/clip_msgs/msg/detail/dds_fastrtps
[4.884s] -- Up-to-date: /cc_ws/tros_ws/install/include/clip_msgs/clip_msgs/msg/rosidl_typesupport_fastrtps_cpp__visibility_control.h
[4.884s] -- Up-to-date: /cc_ws/tros_ws/install/lib/libclip_msgs__rosidl_typesupport_fastrtps_cpp.so
[4.884s] -- Up-to-date: /cc_ws/tros_ws/install/include/clip_msgs/clip_msgs
[4.884s] -- Up-to-date: /cc_ws/tros_ws/install/include/clip_msgs/clip_msgs/action
[4.885s] -- Up-to-date: /cc_ws/tros_ws/install/include/clip_msgs/clip_msgs/action/detail
[4.885s] -- Up-to-date: /cc_ws/tros_ws/install/include/clip_msgs/clip_msgs/action/detail/get_features__rosidl_typesupport_introspection_c.h
[4.885s] -- Up-to-date: /cc_ws/tros_ws/install/include/clip_msgs/clip_msgs/action/detail/get_features__type_support.c
[4.885s] -- Up-to-date: /cc_ws/tros_ws/install/include/clip_msgs/clip_msgs/msg
[4.885s] -- Up-to-date: /cc_ws/tros_ws/install/include/clip_msgs/clip_msgs/msg/rosidl_typesupport_introspection_c__visibility_control.h
[4.885s] -- Up-to-date: /cc_ws/tros_ws/install/include/clip_msgs/clip_msgs/msg/detail
[4.885s] -- Up-to-date: /cc_ws/tros_ws/install/include/clip_msgs/clip_msgs/msg/detail/clip_item__type_support.c
[4.885s] -- Up-to-date: /cc_ws/tros_ws/install/include/clip_msgs/clip_msgs/msg/detail/clip_item__rosidl_typesupport_introspection_c.h
[4.885s] -- Up-to-date: /cc_ws/tros_ws/install/lib/libclip_msgs__rosidl_typesupport_introspection_c.so
[4.886s] -- Up-to-date: /cc_ws/tros_ws/install/lib/libclip_msgs__rosidl_typesupport_c.so
[4.886s] -- Up-to-date: /cc_ws/tros_ws/install/include/clip_msgs/clip_msgs
[4.886s] -- Up-to-date: /cc_ws/tros_ws/install/include/clip_msgs/clip_msgs/action
[4.886s] -- Up-to-date: /cc_ws/tros_ws/install/include/clip_msgs/clip_msgs/action/detail
[4.886s] -- Up-to-date: /cc_ws/tros_ws/install/include/clip_msgs/clip_msgs/action/detail/get_features__rosidl_typesupport_introspection_cpp.hpp
[4.886s] -- Up-to-date: /cc_ws/tros_ws/install/include/clip_msgs/clip_msgs/action/detail/get_features__type_support.cpp
[4.886s] -- Up-to-date: /cc_ws/tros_ws/install/include/clip_msgs/clip_msgs/msg
[4.886s] -- Up-to-date: /cc_ws/tros_ws/install/include/clip_msgs/clip_msgs/msg/detail
[4.886s] -- Up-to-date: /cc_ws/tros_ws/install/include/clip_msgs/clip_msgs/msg/detail/clip_item__rosidl_typesupport_introspection_cpp.hpp
[4.886s] -- Up-to-date: /cc_ws/tros_ws/install/include/clip_msgs/clip_msgs/msg/detail/clip_item__type_support.cpp
[4.887s] -- Up-to-date: /cc_ws/tros_ws/install/lib/libclip_msgs__rosidl_typesupport_introspection_cpp.so
[4.887s] -- Up-to-date: /cc_ws/tros_ws/install/lib/libclip_msgs__rosidl_typesupport_cpp.so
[4.887s] -- Up-to-date: /cc_ws/tros_ws/install/share/clip_msgs/environment/pythonpath.sh
[4.887s] -- Installing: /cc_ws/tros_ws/install/share/clip_msgs/environment/pythonpath.dsv
[4.887s] -- Up-to-date: /cc_ws/tros_ws/install/local/lib/python3.10/dist-packages/clip_msgs-0.3.0-py3.10.egg-info
[4.887s] -- Installing: /cc_ws/tros_ws/install/local/lib/python3.10/dist-packages/clip_msgs-0.3.0-py3.10.egg-info/SOURCES.txt
[4.887s] -- Installing: /cc_ws/tros_ws/install/local/lib/python3.10/dist-packages/clip_msgs-0.3.0-py3.10.egg-info/PKG-INFO
[4.887s] -- Installing: /cc_ws/tros_ws/install/local/lib/python3.10/dist-packages/clip_msgs-0.3.0-py3.10.egg-info/dependency_links.txt
[4.887s] -- Installing: /cc_ws/tros_ws/install/local/lib/python3.10/dist-packages/clip_msgs-0.3.0-py3.10.egg-info/top_level.txt
[4.888s] -- Up-to-date: /cc_ws/tros_ws/install/local/lib/python3.10/dist-packages/clip_msgs
[4.888s] -- Up-to-date: /cc_ws/tros_ws/install/local/lib/python3.10/dist-packages/clip_msgs/_clip_msgs_s.ep.rosidl_typesupport_introspection_c.c
[4.901s] -- Up-to-date: /cc_ws/tros_ws/install/local/lib/python3.10/dist-packages/clip_msgs/clip_msgs_s__rosidl_typesupport_introspection_c.cpython-310-aarch64-linux-gnu.so
[4.901s] -- Up-to-date: /cc_ws/tros_ws/install/local/lib/python3.10/dist-packages/clip_msgs/action
[4.901s] -- Up-to-date: /cc_ws/tros_ws/install/local/lib/python3.10/dist-packages/clip_msgs/action/_get_features.py
[4.901s] -- Up-to-date: /cc_ws/tros_ws/install/local/lib/python3.10/dist-packages/clip_msgs/action/_get_features_s.c
[4.901s] -- Up-to-date: /cc_ws/tros_ws/install/local/lib/python3.10/dist-packages/clip_msgs/action/__init__.py
[4.901s] -- Up-to-date: /cc_ws/tros_ws/install/local/lib/python3.10/dist-packages/clip_msgs/_clip_msgs_s.ep.rosidl_typesupport_c.c
[4.901s] -- Up-to-date: /cc_ws/tros_ws/install/local/lib/python3.10/dist-packages/clip_msgs/msg
[4.902s] -- Up-to-date: /cc_ws/tros_ws/install/local/lib/python3.10/dist-packages/clip_msgs/msg/_clip_item_s.c
[4.902s] -- Up-to-date: /cc_ws/tros_ws/install/local/lib/python3.10/dist-packages/clip_msgs/msg/_clip_item.py
[4.902s] -- Up-to-date: /cc_ws/tros_ws/install/local/lib/python3.10/dist-packages/clip_msgs/msg/__init__.py
[4.902s] -- Up-to-date: /cc_ws/tros_ws/install/local/lib/python3.10/dist-packages/clip_msgs/libclip_msgs__rosidl_generator_py.so
[4.902s] -- Up-to-date: /cc_ws/tros_ws/install/local/lib/python3.10/dist-packages/clip_msgs/clip_msgs_s__rosidl_typesupport_fastrtps_c.cpython-310-aarch64-linux-gnu.so
[4.902s] -- Installing: /cc_ws/tros_ws/install/local/lib/python3.10/dist-packages/clip_msgs/__init__.py
[4.903s] -- Up-to-date: /cc_ws/tros_ws/install/local/lib/python3.10/dist-packages/clip_msgs/clip_msgs_s__rosidl_typesupport_c.cpython-310-aarch64-linux-gnu.so
[4.903s] -- Up-to-date: /cc_ws/tros_ws/install/local/lib/python3.10/dist-packages/clip_msgs/_clip_msgs_s.ep.rosidl_typesupport_fastrtps_c.c
[4.970s] Listing '/cc_ws/tros_ws/install/local/lib/python3.10/dist-packages/clip_msgs'...
[4.971s] Compiling '/cc_ws/tros_ws/install/local/lib/python3.10/dist-packages/clip_msgs/__init__.py'...
[4.971s] Listing '/cc_ws/tros_ws/install/local/lib/python3.10/dist-packages/clip_msgs/action'...
[4.971s] Listing '/cc_ws/tros_ws/install/local/lib/python3.10/dist-packages/clip_msgs/msg'...
[4.971s] -- Up-to-date: /cc_ws/tros_ws/install/local/lib/python3.10/dist-packages/clip_msgs/clip_msgs_s__rosidl_typesupport_fastrtps_c.cpython-310-aarch64-linux-gnu.so
[4.971s] -- Up-to-date: /cc_ws/tros_ws/install/local/lib/python3.10/dist-packages/clip_msgs/clip_msgs_s__rosidl_typesupport_introspection_c.cpython-310-aarch64-linux-gnu.so
[4.971s] -- Up-to-date: /cc_ws/tros_ws/install/local/lib/python3.10/dist-packages/clip_msgs/clip_msgs_s__rosidl_typesupport_c.cpython-310-aarch64-linux-gnu.so
[4.971s] -- Up-to-date: /cc_ws/tros_ws/install/lib/libclip_msgs__rosidl_generator_py.so
[4.971s] -- Up-to-date: /cc_ws/tros_ws/install/share/clip_msgs/msg/ClipItem.idl
[4.972s] -- Up-to-date: /cc_ws/tros_ws/install/share/clip_msgs/action/GetFeatures.idl
[4.972s] -- Up-to-date: /cc_ws/tros_ws/install/share/clip_msgs/msg/ClipItem.msg
[4.972s] -- Up-to-date: /cc_ws/tros_ws/install/share/clip_msgs/action/GetFeatures.action
[4.972s] -- Up-to-date: /cc_ws/tros_ws/install/share/ament_index/resource_index/package_run_dependencies/clip_msgs
[4.972s] -- Up-to-date: /cc_ws/tros_ws/install/share/ament_index/resource_index/parent_prefix_path/clip_msgs
[4.972s] -- Up-to-date: /cc_ws/tros_ws/install/share/clip_msgs/environment/ament_prefix_path.sh
[4.972s] -- Installing: /cc_ws/tros_ws/install/share/clip_msgs/environment/ament_prefix_path.dsv
[4.972s] -- Up-to-date: /cc_ws/tros_ws/install/share/clip_msgs/environment/path.sh
[4.973s] -- Installing: /cc_ws/tros_ws/install/share/clip_msgs/environment/path.dsv
[4.973s] -- Up-to-date: /cc_ws/tros_ws/install/share/clip_msgs/local_setup.bash
[4.973s] -- Up-to-date: /cc_ws/tros_ws/install/share/clip_msgs/local_setup.sh
[4.973s] -- Up-to-date: /cc_ws/tros_ws/install/share/clip_msgs/local_setup.zsh
[4.973s] -- Installing: /cc_ws/tros_ws/install/share/clip_msgs/local_setup.dsv
[4.973s] -- Installing: /cc_ws/tros_ws/install/share/clip_msgs/package.dsv
[4.973s] -- Up-to-date: /cc_ws/tros_ws/install/share/ament_index/resource_index/packages/clip_msgs
[4.973s] -- Up-to-date: /cc_ws/tros_ws/install/share/clip_msgs/cmake/export_clip_msgs__rosidl_generator_cExport.cmake
[4.974s] -- Up-to-date: /cc_ws/tros_ws/install/share/clip_msgs/cmake/export_clip_msgs__rosidl_generator_cExport-noconfig.cmake
[4.974s] -- Up-to-date: /cc_ws/tros_ws/install/share/clip_msgs/cmake/export_clip_msgs__rosidl_typesupport_fastrtps_cExport.cmake
[4.974s] -- Up-to-date: /cc_ws/tros_ws/install/share/clip_msgs/cmake/export_clip_msgs__rosidl_typesupport_fastrtps_cExport-noconfig.cmake
[4.974s] -- Up-to-date: /cc_ws/tros_ws/install/share/clip_msgs/cmake/export_clip_msgs__rosidl_generator_cppExport.cmake
[4.974s] -- Up-to-date: /cc_ws/tros_ws/install/share/clip_msgs/cmake/export_clip_msgs__rosidl_typesupport_fastrtps_cppExport.cmake
[4.974s] -- Up-to-date: /cc_ws/tros_ws/install/share/clip_msgs/cmake/export_clip_msgs__rosidl_typesupport_fastrtps_cppExport-noconfig.cmake
[4.974s] -- Up-to-date: /cc_ws/tros_ws/install/share/clip_msgs/cmake/clip_msgs__rosidl_typesupport_introspection_cExport.cmake
[4.975s] -- Up-to-date: /cc_ws/tros_ws/install/share/clip_msgs/cmake/clip_msgs__rosidl_typesupport_introspection_cExport-noconfig.cmake
[4.975s] -- Up-to-date: /cc_ws/tros_ws/install/share/clip_msgs/cmake/clip_msgs__rosidl_typesupport_cExport.cmake
[4.975s] -- Up-to-date: /cc_ws/tros_ws/install/share/clip_msgs/cmake/clip_msgs__rosidl_typesupport_cExport-noconfig.cmake
[4.975s] -- Up-to-date: /cc_ws/tros_ws/install/share/clip_msgs/cmake/clip_msgs__rosidl_typesupport_introspection_cppExport.cmake
[4.975s] -- Up-to-date: /cc_ws/tros_ws/install/share/clip_msgs/cmake/clip_msgs__rosidl_typesupport_introspection_cppExport-noconfig.cmake
[4.975s] -- Up-to-date: /cc_ws/tros_ws/install/share/clip_msgs/cmake/clip_msgs__rosidl_typesupport_cppExport.cmake
[4.975s] -- Up-to-date: /cc_ws/tros_ws/install/share/clip_msgs/cmake/clip_msgs__rosidl_typesupport_cppExport-noconfig.cmake
[4.975s] -- Up-to-date: /cc_ws/tros_ws/install/share/clip_msgs/cmake/export_clip_msgs__rosidl_generator_pyExport.cmake
[4.976s] -- Up-to-date: /cc_ws/tros_ws/install/share/clip_msgs/cmake/export_clip_msgs__rosidl_generator_pyExport-noconfig.cmake
[4.976s] -- Up-to-date: /cc_ws/tros_ws/install/share/clip_msgs/cmake/rosidl_cmake-extras.cmake
[4.984s] -- Up-to-date: /cc_ws/tros_ws/install/share/clip_msgs/cmake/ament_cmake_export_dependencies-extras.cmake
[4.984s] -- Up-to-date: /cc_ws/tros_ws/install/share/clip_msgs/cmake/ament_cmake_export_include_directories-extras.cmake
[4.984s] -- Up-to-date: /cc_ws/tros_ws/install/share/clip_msgs/cmake/ament_cmake_export_libraries-extras.cmake
[4.984s] -- Up-to-date: /cc_ws/tros_ws/install/share/clip_msgs/cmake/ament_cmake_export_targets-extras.cmake
[4.985s] -- Up-to-date: /cc_ws/tros_ws/install/share/clip_msgs/cmake/rosidl_cmake_export_typesupport_targets-extras.cmake
[4.985s] -- Up-to-date: /cc_ws/tros_ws/install/share/clip_msgs/cmake/rosidl_cmake_export_typesupport_libraries-extras.cmake
[4.985s] -- Up-to-date: /cc_ws/tros_ws/install/share/clip_msgs/cmake/clip_msgsConfig.cmake
[4.985s] -- Up-to-date: /cc_ws/tros_ws/install/share/clip_msgs/cmake/clip_msgsConfig-version.cmake
[4.985s] -- Up-to-date: /cc_ws/tros_ws/install/share/clip_msgs/package.xml
[5.012s] Invoked command in '/cc_ws/tros_ws/build/clip_msgs' returned '0': CMAKE_PREFIX_PATH=/opt/ros/humble /usr/bin/cmake --install /cc_ws/tros_ws/build/clip_msgs
