Not searching for unused variables given on the command line.
-- The C compiler identification is GNU 11.4.0
-- The CXX compiler identification is GNU 11.4.0
-- Detecting C compiler ABI info
-- Detecting C compiler ABI info - done
-- Check for working C compiler: /usr/bin/aarch64-linux-gnu-gcc - skipped
-- Detecting C compile features
-- Detecting C compile features - done
-- Detecting CXX compiler ABI info
-- Detecting CXX compiler ABI info - done
-- Check for working CXX compiler: /usr/bin/aarch64-linux-gnu-g++ - skipped
-- Detecting CXX compile features
-- Detecting CXX compile features - done
-- Found ament_cmake: 1.3.8 (/opt/ros/humble/share/ament_cmake/cmake)
-- Found Python3: /usr/bin/python3 (found version "3.10.12") found components: Interpreter 
-- Found rclcpp: 16.0.8 (/opt/ros/humble/share/rclcpp/cmake)
-- Found rosidl_generator_c: 3.1.5 (/opt/ros/humble/share/rosidl_generator_c/cmake)
-- Found rosidl_adapter: 3.1.5 (/opt/ros/humble/share/rosidl_adapter/cmake)
-- Found rosidl_generator_cpp: 3.1.5 (/opt/ros/humble/share/rosidl_generator_cpp/cmake)
-- Using all available rosidl_typesupport_c: rosidl_typesupport_fastrtps_c;rosidl_typesupport_introspection_c
-- Using all available rosidl_typesupport_cpp: rosidl_typesupport_fastrtps_cpp;rosidl_typesupport_introspection_cpp
-- Found rmw_implementation_cmake: 6.1.1 (/opt/ros/humble/share/rmw_implementation_cmake/cmake)
-- Found rmw_fastrtps_cpp: 6.2.6 (/opt/ros/humble/share/rmw_fastrtps_cpp/cmake)
-- Found OpenSSL: /cc_ws/tros_ws/robot_dev_config/../../sysroot_docker/usr/lib/aarch64-linux-gnu/libcrypto.so (found version "3.0.2")  
-- Found FastRTPS: /opt/ros/humble/include  
-- Using RMW implementation 'rmw_fastrtps_cpp' as default
-- Looking for pthread.h
-- Looking for pthread.h - found
-- Performing Test CMAKE_HAVE_LIBC_PTHREAD
-- Performing Test CMAKE_HAVE_LIBC_PTHREAD - Success
-- Found Threads: TRUE  
-- Found sensor_msgs: 4.2.3 (/opt/ros/humble/share/sensor_msgs/cmake)
-- Found ai_msgs: 2.0.1 (/cc_ws/tros_ws/robot_dev_config/../install/share/ai_msgs/cmake)
-- Found dnn_node: 2.5.4 (/cc_ws/tros_ws/robot_dev_config/../install/share/dnn_node/cmake)
-- Found cv_bridge: 3.2.1 (/opt/ros/humble/share/cv_bridge/cmake)
-- Found hobot_cv: 2.3.2 (/cc_ws/tros_ws/robot_dev_config/../install/share/hobot_cv/cmake)
-- Found OpenCV: /cc_ws/sysroot_docker/usr_x5 (found suitable version "4.5.4", minimum required is "4") 
-- Found hbm_img_msgs: 2.0.0 (/cc_ws/tros_ws/robot_dev_config/../install/share/hbm_img_msgs/cmake)
-- Configuring done
-- Generating done
-- Build files have been written to: /cc_ws/tros_ws/build/hobot_dosod
[33mCMake Warning (dev) at /opt/ros/humble/share/ament_cmake_test/cmake/ament_cmake_test-extras.cmake:19 (option):
  Policy CMP0077 is not set: option() honors normal variables.  Run "cmake
  --help-policy CMP0077" for policy details.  Use the cmake_policy command to
  set the policy and suppress this warning.

  For compatibility with older versions of CMake, option is clearing the
  normal variable 'BUILD_TESTING'.
Call Stack (most recent call first):
  /opt/ros/humble/share/ament_cmake_test/cmake/ament_cmake_testConfig.cmake:41 (include)
  /opt/ros/humble/share/ament_cmake/cmake/ament_cmake_export_dependencies-extras.cmake:21 (find_package)
  /opt/ros/humble/share/ament_cmake/cmake/ament_cmakeConfig.cmake:41 (include)
  CMakeLists.txt:35 (find_package)
This warning is for project developers.  Use -Wno-dev to suppress it.
[0m
[0musing shared mem[0m
[0mbuild platform X5[0m
[0mPREFIX_PATH is x5[0m
[0mSYS_ROOT is /cc_ws/tros_ws/robot_dev_config/../../sysroot_docker[0m
[ 20%] [32mBuilding CXX object CMakeFiles/hobot_dosod.dir/src/main.cpp.o[0m
[ 40%] [32mBuilding CXX object CMakeFiles/hobot_dosod.dir/src/post_process/dosod_output_parser.cpp.o[0m
[ 60%] [32mBuilding CXX object CMakeFiles/hobot_dosod.dir/src/dosod_node.cpp.o[0m
[01m[K/cc_ws/tros_ws/src/box/hobot_perception/hobot_dosod/src/dosod_node.cpp:[m[K In member function ‘[01m[Kint DOSODNode::LoadVocabulary()[m[K’:
[01m[K/cc_ws/tros_ws/src/box/hobot_perception/hobot_dosod/src/dosod_node.cpp:420:27:[m[K [01;35m[Kwarning: [m[Kcomparison of integer expressions of different signedness: ‘[01m[Kstd::vector<std::__cxx11::basic_string<char> >::size_type[m[K’ {aka ‘[01m[Klong unsigned int[m[K’} and ‘[01m[Kint[m[K’ [[01;35m[K-Wsign-compare[m[K]
  420 |   if ([01;35m[Kclass_names_.size() != num_class_[m[K) {
      |       [01;35m[K~~~~~~~~~~~~~~~~~~~~^~~~~~~~~~~~~[m[K
In file included from [01m[K/opt/ros/humble/include/rclcpp/rclcpp/logging.hpp:24[m[K,
                 from [01m[K/opt/ros/humble/include/rclcpp/rclcpp/client.hpp:40[m[K,
                 from [01m[K/opt/ros/humble/include/rclcpp/rclcpp/callback_group.hpp:24[m[K,
                 from [01m[K/opt/ros/humble/include/rclcpp/rclcpp/any_executable.hpp:20[m[K,
                 from [01m[K/opt/ros/humble/include/rclcpp/rclcpp/memory_strategy.hpp:25[m[K,
                 from [01m[K/opt/ros/humble/include/rclcpp/rclcpp/memory_strategies.hpp:18[m[K,
                 from [01m[K/opt/ros/humble/include/rclcpp/rclcpp/executor_options.hpp:20[m[K,
                 from [01m[K/opt/ros/humble/include/rclcpp/rclcpp/executor.hpp:37[m[K,
                 from [01m[K/opt/ros/humble/include/rclcpp/rclcpp/executors/multi_threaded_executor.hpp:25[m[K,
                 from [01m[K/opt/ros/humble/include/rclcpp/rclcpp/executors.hpp:21[m[K,
                 from [01m[K/opt/ros/humble/include/rclcpp/rclcpp/rclcpp.hpp:155[m[K,
                 from [01m[K/cc_ws/tros_ws/src/box/hobot_perception/hobot_dosod/src/dosod_node.cpp:21[m[K:
[01m[K/cc_ws/tros_ws/src/box/hobot_perception/hobot_dosod/src/dosod_node.cpp:422:15:[m[K [01;35m[Kwarning: [m[Kformat ‘[01m[K%d[m[K’ expects argument of type ‘[01m[Kint[m[K’, but argument 5 has type ‘[01m[Kstd::vector<std::__cxx11::basic_string<char> >::size_type[m[K’ {aka ‘[01m[Klong unsigned int[m[K’} [[01;35m[K-Wformat=[m[K]
  422 |               [01;35m[K"Vocabulary num[%d] != Num Class[%d] !"[m[K, [32m[Kclass_names_.size()[m[K, num_class_);
      |               [01;35m[K^~~~~~~~~~~~~~~~~~~~~~~~~~~~~~~~~~~~~~~[m[K  [32m[K~~~~~~~~~~~~~~~~~~~[m[K
      |                                                                         [32m[K|[m[K
      |                                                                         [32m[Kstd::vector<std::__cxx11::basic_string<char> >::size_type {aka long unsigned int}[m[K
[01m[K/cc_ws/tros_ws/src/box/hobot_perception/hobot_dosod/src/dosod_node.cpp:422:32:[m[K [01;36m[Knote: [m[Kformat string is defined here
  422 |               "Vocabulary num[[01;36m[K%d[m[K] != Num Class[%d] !", class_names_.size(), num_class_);
      |                               [01;36m[K~^[m[K
      |                                [01;36m[K|[m[K
      |                                [01;36m[Kint[m[K
      |                               [32m[K%ld[m[K
In file included from [01m[K/opt/ros/humble/include/rclcpp/rclcpp/logging.hpp:24[m[K,
                 from [01m[K/opt/ros/humble/include/rclcpp/rclcpp/client.hpp:40[m[K,
                 from [01m[K/opt/ros/humble/include/rclcpp/rclcpp/callback_group.hpp:24[m[K,
                 from [01m[K/opt/ros/humble/include/rclcpp/rclcpp/any_executable.hpp:20[m[K,
                 from [01m[K/opt/ros/humble/include/rclcpp/rclcpp/memory_strategy.hpp:25[m[K,
                 from [01m[K/opt/ros/humble/include/rclcpp/rclcpp/memory_strategies.hpp:18[m[K,
                 from [01m[K/opt/ros/humble/include/rclcpp/rclcpp/executor_options.hpp:20[m[K,
                 from [01m[K/opt/ros/humble/include/rclcpp/rclcpp/executor.hpp:37[m[K,
                 from [01m[K/opt/ros/humble/include/rclcpp/rclcpp/executors/multi_threaded_executor.hpp:25[m[K,
                 from [01m[K/opt/ros/humble/include/rclcpp/rclcpp/executors.hpp:21[m[K,
                 from [01m[K/opt/ros/humble/include/rclcpp/rclcpp/rclcpp.hpp:155[m[K,
                 from [01m[K/cc_ws/tros_ws/src/box/hobot_perception/hobot_dosod/src/dosod_node.cpp:21[m[K:
[01m[K/cc_ws/tros_ws/src/box/hobot_perception/hobot_dosod/src/dosod_node.cpp:[m[K In member function ‘[01m[Kint DOSODNode::LoadHomography()[m[K’:
[01m[K/cc_ws/tros_ws/src/box/hobot_perception/hobot_dosod/src/dosod_node.cpp:465:11:[m[K [01;35m[Kwarning: [m[Kformat ‘[01m[K%d[m[K’ expects argument of type ‘[01m[Kint[m[K’, but argument 5 has type ‘[01m[Kconst char*[m[K’ [[01;35m[K-Wformat=[m[K]
  465 |           [01;35m[K"Load h file Failed! size %d != 9."[m[K,
      |           [01;35m[K^~~~~~~~~~~~~~~~~~~~~~~~~~~~~~~~~~~[m[K
  466 |           [32m[Kname.c_str()[m[K, itr->value.Size());
      |           [32m[K~~~~~~~~~~~~[m[K
      |                     [32m[K|[m[K
      |                     [32m[Kconst char*[m[K
[01m[K/cc_ws/tros_ws/src/box/hobot_perception/hobot_dosod/src/dosod_node.cpp:465:38:[m[K [01;36m[Knote: [m[Kformat string is defined here
  465 |           "Load h file Failed! size [01;36m[K%d[m[K != 9.",
      |                                     [01;36m[K~^[m[K
      |                                      [01;36m[K|[m[K
      |                                      [01;36m[Kint[m[K
      |                                     [32m[K%s[m[K
In file included from [01m[K/opt/ros/humble/include/rclcpp/rclcpp/logging.hpp:24[m[K,
                 from [01m[K/opt/ros/humble/include/rclcpp/rclcpp/client.hpp:40[m[K,
                 from [01m[K/opt/ros/humble/include/rclcpp/rclcpp/callback_group.hpp:24[m[K,
                 from [01m[K/opt/ros/humble/include/rclcpp/rclcpp/any_executable.hpp:20[m[K,
                 from [01m[K/opt/ros/humble/include/rclcpp/rclcpp/memory_strategy.hpp:25[m[K,
                 from [01m[K/opt/ros/humble/include/rclcpp/rclcpp/memory_strategies.hpp:18[m[K,
                 from [01m[K/opt/ros/humble/include/rclcpp/rclcpp/executor_options.hpp:20[m[K,
                 from [01m[K/opt/ros/humble/include/rclcpp/rclcpp/executor.hpp:37[m[K,
                 from [01m[K/opt/ros/humble/include/rclcpp/rclcpp/executors/multi_threaded_executor.hpp:25[m[K,
                 from [01m[K/opt/ros/humble/include/rclcpp/rclcpp/executors.hpp:21[m[K,
                 from [01m[K/opt/ros/humble/include/rclcpp/rclcpp/rclcpp.hpp:155[m[K,
                 from [01m[K/cc_ws/tros_ws/src/box/hobot_perception/hobot_dosod/src/dosod_node.cpp:21[m[K:
[01m[K/cc_ws/tros_ws/src/box/hobot_perception/hobot_dosod/src/dosod_node.cpp:465:11:[m[K [01;35m[Kwarning: [m[Ktoo many arguments for format [[01;35m[K-Wformat-extra-args[m[K]
  465 |           [01;35m[K"Load h file Failed! size %d != 9."[m[K,
      |           [01;35m[K^~~~~~~~~~~~~~~~~~~~~~~~~~~~~~~~~~~[m[K
[01m[K/cc_ws/tros_ws/src/box/hobot_perception/hobot_dosod/src/dosod_node.cpp:[m[K In member function ‘[01m[Kvirtual int DOSODNode::PostProcess(const std::shared_ptr<hobot::dnn_node::DnnNodeOutput>&)[m[K’:
[01m[K/cc_ws/tros_ws/src/box/hobot_perception/hobot_dosod/src/dosod_node.cpp:572:15:[m[K [01;35m[Kwarning: [m[Kformat ‘[01m[K%d[m[K’ expects argument of type ‘[01m[Kint[m[K’, but argument 5 has type ‘[01m[Kstd::vector<hobot::dnn_node::output_parser::Detection>::size_type[m[K’ {aka ‘[01m[Klong unsigned int[m[K’} [[01;35m[K-Wformat=[m[K]
  572 |               [01;35m[K"out box size: %d"[m[K,
      |               [01;35m[K^~~~~~~~~~~~~~~~~~[m[K
  573 |               [32m[Kdet_result->perception.det.size()[m[K);
      |               [32m[K~~~~~~~~~~~~~~~~~~~~~~~~~~~~~~~~~[m[K
      |                                              [32m[K|[m[K
      |                                              [32m[Kstd::vector<hobot::dnn_node::output_parser::Detection>::size_type {aka long unsigned int}[m[K
[01m[K/cc_ws/tros_ws/src/box/hobot_perception/hobot_dosod/src/dosod_node.cpp:572:31:[m[K [01;36m[Knote: [m[Kformat string is defined here
  572 |               "out box size: [01;36m[K%d[m[K",
      |                              [01;36m[K~^[m[K
      |                               [01;36m[K|[m[K
      |                               [01;36m[Kint[m[K
      |                              [32m[K%ld[m[K
[01m[K/cc_ws/tros_ws/src/box/hobot_perception/hobot_dosod/src/dosod_node.cpp:644:25:[m[K [01;35m[Kwarning: [m[Kcomparison of integer expressions of different signedness: ‘[01m[Kint[m[K’ and ‘[01m[Kstd::vector<hobot::dnn_node::output_parser::Detection>::size_type[m[K’ {aka ‘[01m[Klong unsigned int[m[K’} [[01;35m[K-Wsign-compare[m[K]
  644 |       for (int i = 0; [01;35m[Ki < rects.size()[m[K; i++) {
      |                       [01;35m[K~~^~~~~~~~~~~~~~[m[K
[01m[K/cc_ws/tros_ws/src/box/hobot_perception/hobot_dosod/src/dosod_node.cpp:[m[K In constructor ‘[01m[KDOSODNode::DOSODNode(const string&, const rclcpp::NodeOptions&)[m[K’:
[01m[K/cc_ws/tros_ws/src/box/hobot_perception/hobot_dosod/src/dosod_node.cpp:300:11:[m[K [01;35m[Kwarning: [m[Kignoring return value of ‘[01m[Kint system(const char*)[m[K’ declared with attribute ‘[01m[Kwarn_unused_result[m[K’ [[01;35m[K-Wunused-result[m[K]
  300 |     [01;35m[Ksystem(command.c_str())[m[K;
      |     [01;35m[K~~~~~~^~~~~~~~~~~~~~~~~[m[K
[01m[K/cc_ws/tros_ws/src/box/hobot_perception/hobot_dosod/src/dosod_node.cpp:304:11:[m[K [01;35m[Kwarning: [m[Kignoring return value of ‘[01m[Kint system(const char*)[m[K’ declared with attribute ‘[01m[Kwarn_unused_result[m[K’ [[01;35m[K-Wunused-result[m[K]
  304 |     [01;35m[Ksystem(command.c_str())[m[K;
      |     [01;35m[K~~~~~~^~~~~~~~~~~~~~~~~[m[K
[01m[K/cc_ws/tros_ws/src/box/hobot_perception/hobot_dosod/src/dosod_node.cpp:308:11:[m[K [01;35m[Kwarning: [m[Kignoring return value of ‘[01m[Kint system(const char*)[m[K’ declared with attribute ‘[01m[Kwarn_unused_result[m[K’ [[01;35m[K-Wunused-result[m[K]
  308 |     [01;35m[Ksystem(command.c_str())[m[K;
      |     [01;35m[K~~~~~~^~~~~~~~~~~~~~~~~[m[K
In file included from [01m[K/cc_ws/tros_ws/src/box/hobot_perception/hobot_dosod/src/dosod_node.cpp:26[m[K:
[01m[K/cc_ws/tros_ws/src/box/hobot_perception/hobot_dosod/include/image_utils.h:[m[K At global scope:
[01m[K/cc_ws/tros_ws/src/box/hobot_perception/hobot_dosod/include/image_utils.h:37:16:[m[K [01;35m[Kwarning: [m[K‘[01m[Kbgr_putpalette[m[K’ defined but not used [[01;35m[K-Wunused-variable[m[K]
   37 | static uint8_t [01;35m[Kbgr_putpalette[m[K[] = {
      |                [01;35m[K^~~~~~~~~~~~~~[m[K
[01m[K/cc_ws/tros_ws/src/box/hobot_perception/hobot_dosod/src/dosod_node.cpp:[m[K In function ‘[01m[Kint ResizeNV12Img(const char*, const int&, const int&, int&, int&, const int&, const int&, cv::Mat&, float&)[m[K’:
[01m[K/cc_ws/tros_ws/src/box/hobot_perception/hobot_dosod/src/dosod_node.cpp:130:31:[m[K [01;35m[Kwarning: [m[K‘[01m[Kresized_height[m[K’ may be used uninitialized in this function [[01;35m[K-Wmaybe-uninitialized[m[K]
  130 |       [01;35m[Kresized_height % 2 == 0 ? resized_height : resized_height - 1[m[K;
      |       [01;35m[K~~~~~~~~~~~~~~~~~~~~~~~~^~~~~~~~~~~~~~~~~~~~~~~~~~~~~~~~~~~~~[m[K
[01m[K/cc_ws/tros_ws/src/box/hobot_perception/hobot_dosod/src/dosod_node.cpp:121:7:[m[K [01;35m[Kwarning: [m[K‘[01m[Kresized_width[m[K’ may be used uninitialized in this function [[01;35m[K-Wmaybe-uninitialized[m[K]
  121 |   int [01;35m[Kremain[m[K = resized_width % 16;
      |       [01;35m[K^~~~~~[m[K
[ 80%] [32mBuilding CXX object CMakeFiles/hobot_dosod.dir/src/image_utils.cpp.o[0m
In file included from [01m[K/opt/ros/humble/include/rclcpp/rclcpp/logging.hpp:24[m[K,
                 from [01m[K/opt/ros/humble/include/rclcpp/rclcpp/client.hpp:40[m[K,
                 from [01m[K/opt/ros/humble/include/rclcpp/rclcpp/callback_group.hpp:24[m[K,
                 from [01m[K/opt/ros/humble/include/rclcpp/rclcpp/any_executable.hpp:20[m[K,
                 from [01m[K/opt/ros/humble/include/rclcpp/rclcpp/memory_strategy.hpp:25[m[K,
                 from [01m[K/opt/ros/humble/include/rclcpp/rclcpp/memory_strategies.hpp:18[m[K,
                 from [01m[K/opt/ros/humble/include/rclcpp/rclcpp/executor_options.hpp:20[m[K,
                 from [01m[K/opt/ros/humble/include/rclcpp/rclcpp/executor.hpp:37[m[K,
                 from [01m[K/opt/ros/humble/include/rclcpp/rclcpp/executors/multi_threaded_executor.hpp:25[m[K,
                 from [01m[K/opt/ros/humble/include/rclcpp/rclcpp/executors.hpp:21[m[K,
                 from [01m[K/opt/ros/humble/include/rclcpp/rclcpp/rclcpp.hpp:155[m[K,
                 from [01m[K/cc_ws/tros_ws/install/include/dnn_node/dnn_node_data.h:23[m[K,
                 from [01m[K/cc_ws/tros_ws/src/box/hobot_perception/hobot_dosod/include/image_utils.h:23[m[K,
                 from [01m[K/cc_ws/tros_ws/src/box/hobot_perception/hobot_dosod/src/image_utils.cpp:24[m[K:
[01m[K/cc_ws/tros_ws/src/box/hobot_perception/hobot_dosod/src/image_utils.cpp:[m[K In static member function ‘[01m[Kstatic int ImageUtils::Render(const std::shared_ptr<hobot::easy_dnn::NV12PyramidInput>&, const UniquePtr&, int, int, std::string)[m[K’:
[01m[K/cc_ws/tros_ws/src/box/hobot_perception/hobot_dosod/src/image_utils.cpp:50:15:[m[K [01;35m[Kwarning: [m[Kformat ‘[01m[K%d[m[K’ expects argument of type ‘[01m[Kint[m[K’, but argument 5 has type ‘[01m[Kstd::vector<ai_msgs::msg::Target_<std::allocator<void> >, std::allocator<ai_msgs::msg::Target_<std::allocator<void> > > >::size_type[m[K’ {aka ‘[01m[Klong unsigned int[m[K’} [[01;35m[K-Wformat=[m[K]
   50 |               [01;35m[K"target size: %d"[m[K,
      |               [01;35m[K^~~~~~~~~~~~~~~~~[m[K
   51 |               [32m[Kai_msg->targets.size()[m[K);
      |               [32m[K~~~~~~~~~~~~~~~~~~~~~~[m[K
      |                                   [32m[K|[m[K
      |                                   [32m[Kstd::vector<ai_msgs::msg::Target_<std::allocator<void> >, std::allocator<ai_msgs::msg::Target_<std::allocator<void> > > >::size_type {aka long unsigned int}[m[K
[01m[K/cc_ws/tros_ws/src/box/hobot_perception/hobot_dosod/src/image_utils.cpp:50:30:[m[K [01;36m[Knote: [m[Kformat string is defined here
   50 |               "target size: [01;36m[K%d[m[K",
      |                             [01;36m[K~^[m[K
      |                              [01;36m[K|[m[K
      |                              [01;36m[Kint[m[K
      |                             [32m[K%ld[m[K
In file included from [01m[K/opt/ros/humble/include/rclcpp/rclcpp/logging.hpp:24[m[K,
                 from [01m[K/opt/ros/humble/include/rclcpp/rclcpp/client.hpp:40[m[K,
                 from [01m[K/opt/ros/humble/include/rclcpp/rclcpp/callback_group.hpp:24[m[K,
                 from [01m[K/opt/ros/humble/include/rclcpp/rclcpp/any_executable.hpp:20[m[K,
                 from [01m[K/opt/ros/humble/include/rclcpp/rclcpp/memory_strategy.hpp:25[m[K,
                 from [01m[K/opt/ros/humble/include/rclcpp/rclcpp/memory_strategies.hpp:18[m[K,
                 from [01m[K/opt/ros/humble/include/rclcpp/rclcpp/executor_options.hpp:20[m[K,
                 from [01m[K/opt/ros/humble/include/rclcpp/rclcpp/executor.hpp:37[m[K,
                 from [01m[K/opt/ros/humble/include/rclcpp/rclcpp/executors/multi_threaded_executor.hpp:25[m[K,
                 from [01m[K/opt/ros/humble/include/rclcpp/rclcpp/executors.hpp:21[m[K,
                 from [01m[K/opt/ros/humble/include/rclcpp/rclcpp/rclcpp.hpp:155[m[K,
                 from [01m[K/cc_ws/tros_ws/install/include/dnn_node/dnn_node_data.h:23[m[K,
                 from [01m[K/cc_ws/tros_ws/src/box/hobot_perception/hobot_dosod/include/image_utils.h:23[m[K,
                 from [01m[K/cc_ws/tros_ws/src/box/hobot_perception/hobot_dosod/src/image_utils.cpp:24[m[K:
[01m[K/cc_ws/tros_ws/src/box/hobot_perception/hobot_dosod/src/image_utils.cpp:55:17:[m[K [01;35m[Kwarning: [m[Kformat ‘[01m[K%d[m[K’ expects argument of type ‘[01m[Kint[m[K’, but argument 6 has type ‘[01m[Kstd::vector<ai_msgs::msg::Roi_<std::allocator<void> >, std::allocator<ai_msgs::msg::Roi_<std::allocator<void> > > >::size_type[m[K’ {aka ‘[01m[Klong unsigned int[m[K’} [[01;35m[K-Wformat=[m[K]
   55 |                 [01;35m[K"target type: %s, rois.size: %d"[m[K,
      |                 [01;35m[K^~~~~~~~~~~~~~~~~~~~~~~~~~~~~~~~[m[K
   56 |                 target.type.c_str(),
   57 |                 [32m[Ktarget.rois.size()[m[K);
      |                 [32m[K~~~~~~~~~~~~~~~~~~[m[K
      |                                 [32m[K|[m[K
      |                                 [32m[Kstd::vector<ai_msgs::msg::Roi_<std::allocator<void> >, std::allocator<ai_msgs::msg::Roi_<std::allocator<void> > > >::size_type {aka long unsigned int}[m[K
[01m[K/cc_ws/tros_ws/src/box/hobot_perception/hobot_dosod/src/image_utils.cpp:55:47:[m[K [01;36m[Knote: [m[Kformat string is defined here
   55 |                 "target type: %s, rois.size: [01;36m[K%d[m[K",
      |                                              [01;36m[K~^[m[K
      |                                               [01;36m[K|[m[K
      |                                               [01;36m[Kint[m[K
      |                                              [32m[K%ld[m[K
[100%] [32m[1mLinking CXX executable hobot_dosod[0m
[100%] Built target hobot_dosod
-- Install configuration: "RelWithDebInfo"
-- Installing: /cc_ws/tros_ws/install/lib/hobot_dosod/hobot_dosod
-- Set runtime path of "/cc_ws/tros_ws/install/lib/hobot_dosod/hobot_dosod" to ""
-- Installing: /cc_ws/tros_ws/install/share/hobot_dosod/launch
-- Installing: /cc_ws/tros_ws/install/share/hobot_dosod/launch/dosod_advance.launch.py
-- Installing: /cc_ws/tros_ws/install/share/hobot_dosod/launch/dosod.launch.py
-- Installing: /cc_ws/tros_ws/install/share/hobot_dosod/launch/dosod_debug.launch.py
-- Installing: /cc_ws/tros_ws/install/share/hobot_dosod/launch/dosod_feedback.launch.py
-- Installing: /cc_ws/tros_ws/install/share/hobot_dosod/launch/dosod_feedback_align.launch.py
-- Installing: /cc_ws/tros_ws/install/share/hobot_dosod/launch/dosod_grpc.launch.py
-- Installing: /cc_ws/tros_ws/install/lib/hobot_dosod/config/
-- Installing: /cc_ws/tros_ws/install/lib/hobot_dosod/config//dosod_mlp3x_l_rep-int8.bin
-- Installing: /cc_ws/tros_ws/install/lib/hobot_dosod/config/offline_vocabulary.json
-- Installing: /cc_ws/tros_ws/install/lib/hobot_dosod/config/homography.json
-- Installing: /cc_ws/tros_ws/install/lib/hobot_dosod/config/000000160864.jpg
-- Installing: /cc_ws/tros_ws/install/share/ament_index/resource_index/package_run_dependencies/hobot_dosod
-- Installing: /cc_ws/tros_ws/install/share/ament_index/resource_index/parent_prefix_path/hobot_dosod
-- Installing: /cc_ws/tros_ws/install/share/hobot_dosod/environment/ament_prefix_path.sh
-- Installing: /cc_ws/tros_ws/install/share/hobot_dosod/environment/ament_prefix_path.dsv
-- Installing: /cc_ws/tros_ws/install/share/hobot_dosod/environment/path.sh
-- Installing: /cc_ws/tros_ws/install/share/hobot_dosod/environment/path.dsv
-- Installing: /cc_ws/tros_ws/install/share/hobot_dosod/local_setup.bash
-- Installing: /cc_ws/tros_ws/install/share/hobot_dosod/local_setup.sh
-- Installing: /cc_ws/tros_ws/install/share/hobot_dosod/local_setup.zsh
-- Installing: /cc_ws/tros_ws/install/share/hobot_dosod/local_setup.dsv
-- Installing: /cc_ws/tros_ws/install/share/hobot_dosod/package.dsv
-- Installing: /cc_ws/tros_ws/install/share/ament_index/resource_index/packages/hobot_dosod
-- Installing: /cc_ws/tros_ws/install/share/hobot_dosod/cmake/hobot_dosodConfig.cmake
-- Installing: /cc_ws/tros_ws/install/share/hobot_dosod/cmake/hobot_dosodConfig-version.cmake
-- Installing: /cc_ws/tros_ws/install/share/hobot_dosod/package.xml
