[0.264s] Invoking command in '/cc_ws/tros_ws/build/hobot_dosod': AMENT_PREFIX_PATH=/cc_ws/tros_ws/install:${AMENT_PREFIX_PATH} CMAKE_PREFIX_PATH=/cc_ws/tros_ws/install:/opt/ros/humble LD_LIBRARY_PATH=/cc_ws/tros_ws/install/lib:/opt/ros/humble/opt/rviz_ogre_vendor/lib:/opt/ros/humble/lib/aarch64-linux-gnu:/opt/ros/humble/lib:/cc_ws/userdata/hobot/opt/hobot/deps PYTHONPATH=/cc_ws/tros_ws/install/lib/python3.10/site-packages:/cc_ws/tros_ws/install/local/lib/python3.10/dist-packages:${PYTHONPATH} /usr/bin/cmake /cc_ws/tros_ws/src/box/hobot_perception/hobot_dosod -DCMAKE_EXPORT_COMPILE_COMMANDS=ON --no-warn-unused-cli -DCMAKE_TOOLCHAIN_FILE=/cc_ws/tros_ws/robot_dev_config/aarch64_toolchainfile.cmake -DPLATFORM_X5=ON -DTHIRDPARTY=ON -DBUILD_TESTING=OFF -DCMAKE_BUILD_RPATH=/cc_ws/tros_ws/build/poco_vendor/poco_external_project_install/lib/;/cc_ws/tros_ws/build/libyaml_vendor/libyaml_install/lib/ -DCMAKE_INSTALL_PREFIX=/cc_ws/tros_ws/install
[7.853s] Not searching for unused variables given on the command line.
[7.853s] -- The C compiler identification is GNU 11.4.0
[7.854s] -- The CXX compiler identification is GNU 11.4.0
[7.854s] -- Detecting C compiler ABI info
[7.854s] -- Detecting C compiler ABI info - done
[7.854s] -- Check for working C compiler: /usr/bin/aarch64-linux-gnu-gcc - skipped
[7.855s] -- Detecting C compile features
[7.855s] -- Detecting C compile features - done
[7.856s] -- Detecting CXX compiler ABI info
[7.857s] -- Detecting CXX compiler ABI info - done
[7.858s] -- Check for working CXX compiler: /usr/bin/aarch64-linux-gnu-g++ - skipped
[7.865s] -- Detecting CXX compile features
[7.866s] -- Detecting CXX compile features - done
[7.866s] -- Found ament_cmake: 1.3.8 (/opt/ros/humble/share/ament_cmake/cmake)
[7.866s] -- Found Python3: /usr/bin/python3 (found version "3.10.12") found components: Interpreter 
[7.866s] -- Found rclcpp: 16.0.8 (/opt/ros/humble/share/rclcpp/cmake)
[7.867s] -- Found rosidl_generator_c: 3.1.5 (/opt/ros/humble/share/rosidl_generator_c/cmake)
[7.867s] -- Found rosidl_adapter: 3.1.5 (/opt/ros/humble/share/rosidl_adapter/cmake)
[7.867s] -- Found rosidl_generator_cpp: 3.1.5 (/opt/ros/humble/share/rosidl_generator_cpp/cmake)
[7.867s] -- Using all available rosidl_typesupport_c: rosidl_typesupport_fastrtps_c;rosidl_typesupport_introspection_c
[7.868s] -- Using all available rosidl_typesupport_cpp: rosidl_typesupport_fastrtps_cpp;rosidl_typesupport_introspection_cpp
[7.868s] -- Found rmw_implementation_cmake: 6.1.1 (/opt/ros/humble/share/rmw_implementation_cmake/cmake)
[7.868s] -- Found rmw_fastrtps_cpp: 6.2.6 (/opt/ros/humble/share/rmw_fastrtps_cpp/cmake)
[7.868s] -- Found OpenSSL: /cc_ws/tros_ws/robot_dev_config/../../sysroot_docker/usr/lib/aarch64-linux-gnu/libcrypto.so (found version "3.0.2")  
[7.869s] -- Found FastRTPS: /opt/ros/humble/include  
[7.869s] -- Using RMW implementation 'rmw_fastrtps_cpp' as default
[7.869s] -- Looking for pthread.h
[7.869s] -- Looking for pthread.h - found
[7.870s] -- Performing Test CMAKE_HAVE_LIBC_PTHREAD
[7.870s] -- Performing Test CMAKE_HAVE_LIBC_PTHREAD - Success
[7.871s] -- Found Threads: TRUE  
[7.871s] -- Found sensor_msgs: 4.2.3 (/opt/ros/humble/share/sensor_msgs/cmake)
[7.871s] -- Found ai_msgs: 2.0.1 (/cc_ws/tros_ws/robot_dev_config/../install/share/ai_msgs/cmake)
[7.871s] -- Found dnn_node: 2.5.4 (/cc_ws/tros_ws/robot_dev_config/../install/share/dnn_node/cmake)
[7.872s] -- Found cv_bridge: 3.2.1 (/opt/ros/humble/share/cv_bridge/cmake)
[7.872s] -- Found hobot_cv: 2.3.2 (/cc_ws/tros_ws/robot_dev_config/../install/share/hobot_cv/cmake)
[7.872s] -- Found OpenCV: /cc_ws/sysroot_docker/usr_x5 (found suitable version "4.5.4", minimum required is "4") 
[7.872s] -- Found hbm_img_msgs: 2.0.0 (/cc_ws/tros_ws/robot_dev_config/../install/share/hbm_img_msgs/cmake)
[7.873s] -- Configuring done
[7.873s] -- Generating done
[7.873s] -- Build files have been written to: /cc_ws/tros_ws/build/hobot_dosod
[7.873s] [33mCMake Warning (dev) at /opt/ros/humble/share/ament_cmake_test/cmake/ament_cmake_test-extras.cmake:19 (option):
[7.874s]   Policy CMP0077 is not set: option() honors normal variables.  Run "cmake
[7.874s]   --help-policy CMP0077" for policy details.  Use the cmake_policy command to
[7.874s]   set the policy and suppress this warning.
[7.874s] 
[7.875s]   For compatibility with older versions of CMake, option is clearing the
[7.875s]   normal variable 'BUILD_TESTING'.
[7.875s] Call Stack (most recent call first):
[7.875s]   /opt/ros/humble/share/ament_cmake_test/cmake/ament_cmake_testConfig.cmake:41 (include)
[7.875s]   /opt/ros/humble/share/ament_cmake/cmake/ament_cmake_export_dependencies-extras.cmake:21 (find_package)
[7.876s]   /opt/ros/humble/share/ament_cmake/cmake/ament_cmakeConfig.cmake:41 (include)
[7.884s]   CMakeLists.txt:35 (find_package)
[7.885s] This warning is for project developers.  Use -Wno-dev to suppress it.
[7.885s] [0m
[7.885s] [0musing shared mem[0m
[7.886s] [0mbuild platform X5[0m
[7.886s] [0mPREFIX_PATH is x5[0m
[7.886s] [0mSYS_ROOT is /cc_ws/tros_ws/robot_dev_config/../../sysroot_docker[0m
[7.909s] Invoked command in '/cc_ws/tros_ws/build/hobot_dosod' returned '0': AMENT_PREFIX_PATH=/cc_ws/tros_ws/install:${AMENT_PREFIX_PATH} CMAKE_PREFIX_PATH=/cc_ws/tros_ws/install:/opt/ros/humble LD_LIBRARY_PATH=/cc_ws/tros_ws/install/lib:/opt/ros/humble/opt/rviz_ogre_vendor/lib:/opt/ros/humble/lib/aarch64-linux-gnu:/opt/ros/humble/lib:/cc_ws/userdata/hobot/opt/hobot/deps PYTHONPATH=/cc_ws/tros_ws/install/lib/python3.10/site-packages:/cc_ws/tros_ws/install/local/lib/python3.10/dist-packages:${PYTHONPATH} /usr/bin/cmake /cc_ws/tros_ws/src/box/hobot_perception/hobot_dosod -DCMAKE_EXPORT_COMPILE_COMMANDS=ON --no-warn-unused-cli -DCMAKE_TOOLCHAIN_FILE=/cc_ws/tros_ws/robot_dev_config/aarch64_toolchainfile.cmake -DPLATFORM_X5=ON -DTHIRDPARTY=ON -DBUILD_TESTING=OFF -DCMAKE_BUILD_RPATH=/cc_ws/tros_ws/build/poco_vendor/poco_external_project_install/lib/;/cc_ws/tros_ws/build/libyaml_vendor/libyaml_install/lib/ -DCMAKE_INSTALL_PREFIX=/cc_ws/tros_ws/install
[7.916s] Invoking command in '/cc_ws/tros_ws/build/hobot_dosod': AMENT_PREFIX_PATH=/cc_ws/tros_ws/install:${AMENT_PREFIX_PATH} CMAKE_PREFIX_PATH=/cc_ws/tros_ws/install:/opt/ros/humble LD_LIBRARY_PATH=/cc_ws/tros_ws/install/lib:/opt/ros/humble/opt/rviz_ogre_vendor/lib:/opt/ros/humble/lib/aarch64-linux-gnu:/opt/ros/humble/lib:/cc_ws/userdata/hobot/opt/hobot/deps PYTHONPATH=/cc_ws/tros_ws/install/lib/python3.10/site-packages:/cc_ws/tros_ws/install/local/lib/python3.10/dist-packages:${PYTHONPATH} /usr/bin/cmake --build /cc_ws/tros_ws/build/hobot_dosod -- -j12 -l12
[64.955s] [ 20%] [32mBuilding CXX object CMakeFiles/hobot_dosod.dir/src/main.cpp.o[0m
[64.956s] [ 40%] [32mBuilding CXX object CMakeFiles/hobot_dosod.dir/src/post_process/dosod_output_parser.cpp.o[0m
[64.956s] [ 60%] [32mBuilding CXX object CMakeFiles/hobot_dosod.dir/src/dosod_node.cpp.o[0m
[75.931s] [01m[K/cc_ws/tros_ws/src/box/hobot_perception/hobot_dosod/src/dosod_node.cpp:[m[K In member function ‘[01m[Kint DOSODNode::LoadVocabulary()[m[K’:
[75.932s] [01m[K/cc_ws/tros_ws/src/box/hobot_perception/hobot_dosod/src/dosod_node.cpp:420:27:[m[K [01;35m[Kwarning: [m[Kcomparison of integer expressions of different signedness: ‘[01m[Kstd::vector<std::__cxx11::basic_string<char> >::size_type[m[K’ {aka ‘[01m[Klong unsigned int[m[K’} and ‘[01m[Kint[m[K’ [[01;35m[K-Wsign-compare[m[K]
[75.933s]   420 |   if ([01;35m[Kclass_names_.size() != num_class_[m[K) {
[75.934s]       |       [01;35m[K~~~~~~~~~~~~~~~~~~~~^~~~~~~~~~~~~[m[K
[75.935s] In file included from [01m[K/opt/ros/humble/include/rclcpp/rclcpp/logging.hpp:24[m[K,
[75.935s]                  from [01m[K/opt/ros/humble/include/rclcpp/rclcpp/client.hpp:40[m[K,
[75.935s]                  from [01m[K/opt/ros/humble/include/rclcpp/rclcpp/callback_group.hpp:24[m[K,
[75.935s]                  from [01m[K/opt/ros/humble/include/rclcpp/rclcpp/any_executable.hpp:20[m[K,
[75.936s]                  from [01m[K/opt/ros/humble/include/rclcpp/rclcpp/memory_strategy.hpp:25[m[K,
[75.936s]                  from [01m[K/opt/ros/humble/include/rclcpp/rclcpp/memory_strategies.hpp:18[m[K,
[75.936s]                  from [01m[K/opt/ros/humble/include/rclcpp/rclcpp/executor_options.hpp:20[m[K,
[75.936s]                  from [01m[K/opt/ros/humble/include/rclcpp/rclcpp/executor.hpp:37[m[K,
[75.936s]                  from [01m[K/opt/ros/humble/include/rclcpp/rclcpp/executors/multi_threaded_executor.hpp:25[m[K,
[75.937s]                  from [01m[K/opt/ros/humble/include/rclcpp/rclcpp/executors.hpp:21[m[K,
[75.937s]                  from [01m[K/opt/ros/humble/include/rclcpp/rclcpp/rclcpp.hpp:155[m[K,
[75.937s]                  from [01m[K/cc_ws/tros_ws/src/box/hobot_perception/hobot_dosod/src/dosod_node.cpp:21[m[K:
[75.937s] [01m[K/cc_ws/tros_ws/src/box/hobot_perception/hobot_dosod/src/dosod_node.cpp:422:15:[m[K [01;35m[Kwarning: [m[Kformat ‘[01m[K%d[m[K’ expects argument of type ‘[01m[Kint[m[K’, but argument 5 has type ‘[01m[Kstd::vector<std::__cxx11::basic_string<char> >::size_type[m[K’ {aka ‘[01m[Klong unsigned int[m[K’} [[01;35m[K-Wformat=[m[K]
[75.938s]   422 |               [01;35m[K"Vocabulary num[%d] != Num Class[%d] !"[m[K, [32m[Kclass_names_.size()[m[K, num_class_);
[75.938s]       |               [01;35m[K^~~~~~~~~~~~~~~~~~~~~~~~~~~~~~~~~~~~~~~[m[K  [32m[K~~~~~~~~~~~~~~~~~~~[m[K
[75.938s]       |                                                                         [32m[K|[m[K
[75.938s]       |                                                                         [32m[Kstd::vector<std::__cxx11::basic_string<char> >::size_type {aka long unsigned int}[m[K
[75.939s] [01m[K/cc_ws/tros_ws/src/box/hobot_perception/hobot_dosod/src/dosod_node.cpp:422:32:[m[K [01;36m[Knote: [m[Kformat string is defined here
[75.939s]   422 |               "Vocabulary num[[01;36m[K%d[m[K] != Num Class[%d] !", class_names_.size(), num_class_);
[75.939s]       |                               [01;36m[K~^[m[K
[75.939s]       |                                [01;36m[K|[m[K
[75.940s]       |                                [01;36m[Kint[m[K
[75.940s]       |                               [32m[K%ld[m[K
[75.947s] In file included from [01m[K/opt/ros/humble/include/rclcpp/rclcpp/logging.hpp:24[m[K,
[75.947s]                  from [01m[K/opt/ros/humble/include/rclcpp/rclcpp/client.hpp:40[m[K,
[75.948s]                  from [01m[K/opt/ros/humble/include/rclcpp/rclcpp/callback_group.hpp:24[m[K,
[75.948s]                  from [01m[K/opt/ros/humble/include/rclcpp/rclcpp/any_executable.hpp:20[m[K,
[75.948s]                  from [01m[K/opt/ros/humble/include/rclcpp/rclcpp/memory_strategy.hpp:25[m[K,
[75.949s]                  from [01m[K/opt/ros/humble/include/rclcpp/rclcpp/memory_strategies.hpp:18[m[K,
[75.949s]                  from [01m[K/opt/ros/humble/include/rclcpp/rclcpp/executor_options.hpp:20[m[K,
[75.949s]                  from [01m[K/opt/ros/humble/include/rclcpp/rclcpp/executor.hpp:37[m[K,
[75.950s]                  from [01m[K/opt/ros/humble/include/rclcpp/rclcpp/executors/multi_threaded_executor.hpp:25[m[K,
[75.950s]                  from [01m[K/opt/ros/humble/include/rclcpp/rclcpp/executors.hpp:21[m[K,
[75.951s]                  from [01m[K/opt/ros/humble/include/rclcpp/rclcpp/rclcpp.hpp:155[m[K,
[75.951s]                  from [01m[K/cc_ws/tros_ws/src/box/hobot_perception/hobot_dosod/src/dosod_node.cpp:21[m[K:
[75.951s] [01m[K/cc_ws/tros_ws/src/box/hobot_perception/hobot_dosod/src/dosod_node.cpp:[m[K In member function ‘[01m[Kint DOSODNode::LoadHomography()[m[K’:
[75.952s] [01m[K/cc_ws/tros_ws/src/box/hobot_perception/hobot_dosod/src/dosod_node.cpp:465:11:[m[K [01;35m[Kwarning: [m[Kformat ‘[01m[K%d[m[K’ expects argument of type ‘[01m[Kint[m[K’, but argument 5 has type ‘[01m[Kconst char*[m[K’ [[01;35m[K-Wformat=[m[K]
[75.952s]   465 |           [01;35m[K"Load h file Failed! size %d != 9."[m[K,
[75.952s]       |           [01;35m[K^~~~~~~~~~~~~~~~~~~~~~~~~~~~~~~~~~~[m[K
[75.953s]   466 |           [32m[Kname.c_str()[m[K, itr->value.Size());
[75.953s]       |           [32m[K~~~~~~~~~~~~[m[K
[75.953s]       |                     [32m[K|[m[K
[75.954s]       |                     [32m[Kconst char*[m[K
[75.955s] [01m[K/cc_ws/tros_ws/src/box/hobot_perception/hobot_dosod/src/dosod_node.cpp:465:38:[m[K [01;36m[Knote: [m[Kformat string is defined here
[75.955s]   465 |           "Load h file Failed! size [01;36m[K%d[m[K != 9.",
[75.955s]       |                                     [01;36m[K~^[m[K
[75.955s]       |                                      [01;36m[K|[m[K
[75.956s]       |                                      [01;36m[Kint[m[K
[75.961s]       |                                     [32m[K%s[m[K
[75.962s] In file included from [01m[K/opt/ros/humble/include/rclcpp/rclcpp/logging.hpp:24[m[K,
[75.962s]                  from [01m[K/opt/ros/humble/include/rclcpp/rclcpp/client.hpp:40[m[K,
[75.962s]                  from [01m[K/opt/ros/humble/include/rclcpp/rclcpp/callback_group.hpp:24[m[K,
[75.962s]                  from [01m[K/opt/ros/humble/include/rclcpp/rclcpp/any_executable.hpp:20[m[K,
[75.962s]                  from [01m[K/opt/ros/humble/include/rclcpp/rclcpp/memory_strategy.hpp:25[m[K,
[75.963s]                  from [01m[K/opt/ros/humble/include/rclcpp/rclcpp/memory_strategies.hpp:18[m[K,
[75.963s]                  from [01m[K/opt/ros/humble/include/rclcpp/rclcpp/executor_options.hpp:20[m[K,
[75.963s]                  from [01m[K/opt/ros/humble/include/rclcpp/rclcpp/executor.hpp:37[m[K,
[75.963s]                  from [01m[K/opt/ros/humble/include/rclcpp/rclcpp/executors/multi_threaded_executor.hpp:25[m[K,
[75.963s]                  from [01m[K/opt/ros/humble/include/rclcpp/rclcpp/executors.hpp:21[m[K,
[75.964s]                  from [01m[K/opt/ros/humble/include/rclcpp/rclcpp/rclcpp.hpp:155[m[K,
[75.964s]                  from [01m[K/cc_ws/tros_ws/src/box/hobot_perception/hobot_dosod/src/dosod_node.cpp:21[m[K:
[75.964s] [01m[K/cc_ws/tros_ws/src/box/hobot_perception/hobot_dosod/src/dosod_node.cpp:465:11:[m[K [01;35m[Kwarning: [m[Ktoo many arguments for format [[01;35m[K-Wformat-extra-args[m[K]
[75.964s]   465 |           [01;35m[K"Load h file Failed! size %d != 9."[m[K,
[75.965s]       |           [01;35m[K^~~~~~~~~~~~~~~~~~~~~~~~~~~~~~~~~~~[m[K
[76.053s] [01m[K/cc_ws/tros_ws/src/box/hobot_perception/hobot_dosod/src/dosod_node.cpp:[m[K In member function ‘[01m[Kvirtual int DOSODNode::PostProcess(const std::shared_ptr<hobot::dnn_node::DnnNodeOutput>&)[m[K’:
[76.054s] [01m[K/cc_ws/tros_ws/src/box/hobot_perception/hobot_dosod/src/dosod_node.cpp:572:15:[m[K [01;35m[Kwarning: [m[Kformat ‘[01m[K%d[m[K’ expects argument of type ‘[01m[Kint[m[K’, but argument 5 has type ‘[01m[Kstd::vector<hobot::dnn_node::output_parser::Detection>::size_type[m[K’ {aka ‘[01m[Klong unsigned int[m[K’} [[01;35m[K-Wformat=[m[K]
[76.054s]   572 |               [01;35m[K"out box size: %d"[m[K,
[76.054s]       |               [01;35m[K^~~~~~~~~~~~~~~~~~[m[K
[76.054s]   573 |               [32m[Kdet_result->perception.det.size()[m[K);
[76.055s]       |               [32m[K~~~~~~~~~~~~~~~~~~~~~~~~~~~~~~~~~[m[K
[76.055s]       |                                              [32m[K|[m[K
[76.055s]       |                                              [32m[Kstd::vector<hobot::dnn_node::output_parser::Detection>::size_type {aka long unsigned int}[m[K
[76.055s] [01m[K/cc_ws/tros_ws/src/box/hobot_perception/hobot_dosod/src/dosod_node.cpp:572:31:[m[K [01;36m[Knote: [m[Kformat string is defined here
[76.056s]   572 |               "out box size: [01;36m[K%d[m[K",
[76.056s]       |                              [01;36m[K~^[m[K
[76.056s]       |                               [01;36m[K|[m[K
[76.056s]       |                               [01;36m[Kint[m[K
[76.057s]       |                              [32m[K%ld[m[K
[76.101s] [01m[K/cc_ws/tros_ws/src/box/hobot_perception/hobot_dosod/src/dosod_node.cpp:644:25:[m[K [01;35m[Kwarning: [m[Kcomparison of integer expressions of different signedness: ‘[01m[Kint[m[K’ and ‘[01m[Kstd::vector<hobot::dnn_node::output_parser::Detection>::size_type[m[K’ {aka ‘[01m[Klong unsigned int[m[K’} [[01;35m[K-Wsign-compare[m[K]
[76.101s]   644 |       for (int i = 0; [01;35m[Ki < rects.size()[m[K; i++) {
[76.101s]       |                       [01;35m[K~~^~~~~~~~~~~~~~[m[K
[93.031s] [01m[K/cc_ws/tros_ws/src/box/hobot_perception/hobot_dosod/src/dosod_node.cpp:[m[K In constructor ‘[01m[KDOSODNode::DOSODNode(const string&, const rclcpp::NodeOptions&)[m[K’:
[93.032s] [01m[K/cc_ws/tros_ws/src/box/hobot_perception/hobot_dosod/src/dosod_node.cpp:300:11:[m[K [01;35m[Kwarning: [m[Kignoring return value of ‘[01m[Kint system(const char*)[m[K’ declared with attribute ‘[01m[Kwarn_unused_result[m[K’ [[01;35m[K-Wunused-result[m[K]
[93.032s]   300 |     [01;35m[Ksystem(command.c_str())[m[K;
[93.032s]       |     [01;35m[K~~~~~~^~~~~~~~~~~~~~~~~[m[K
[93.032s] [01m[K/cc_ws/tros_ws/src/box/hobot_perception/hobot_dosod/src/dosod_node.cpp:304:11:[m[K [01;35m[Kwarning: [m[Kignoring return value of ‘[01m[Kint system(const char*)[m[K’ declared with attribute ‘[01m[Kwarn_unused_result[m[K’ [[01;35m[K-Wunused-result[m[K]
[93.033s]   304 |     [01;35m[Ksystem(command.c_str())[m[K;
[93.033s]       |     [01;35m[K~~~~~~^~~~~~~~~~~~~~~~~[m[K
[93.033s] [01m[K/cc_ws/tros_ws/src/box/hobot_perception/hobot_dosod/src/dosod_node.cpp:308:11:[m[K [01;35m[Kwarning: [m[Kignoring return value of ‘[01m[Kint system(const char*)[m[K’ declared with attribute ‘[01m[Kwarn_unused_result[m[K’ [[01;35m[K-Wunused-result[m[K]
[93.033s]   308 |     [01;35m[Ksystem(command.c_str())[m[K;
[93.033s]       |     [01;35m[K~~~~~~^~~~~~~~~~~~~~~~~[m[K
[94.404s] In file included from [01m[K/cc_ws/tros_ws/src/box/hobot_perception/hobot_dosod/src/dosod_node.cpp:26[m[K:
[94.404s] [01m[K/cc_ws/tros_ws/src/box/hobot_perception/hobot_dosod/include/image_utils.h:[m[K At global scope:
[94.404s] [01m[K/cc_ws/tros_ws/src/box/hobot_perception/hobot_dosod/include/image_utils.h:37:16:[m[K [01;35m[Kwarning: [m[K‘[01m[Kbgr_putpalette[m[K’ defined but not used [[01;35m[K-Wunused-variable[m[K]
[94.404s]    37 | static uint8_t [01;35m[Kbgr_putpalette[m[K[] = {
[94.405s]       |                [01;35m[K^~~~~~~~~~~~~~[m[K
[113.768s] [01m[K/cc_ws/tros_ws/src/box/hobot_perception/hobot_dosod/src/dosod_node.cpp:[m[K In function ‘[01m[Kint ResizeNV12Img(const char*, const int&, const int&, int&, int&, const int&, const int&, cv::Mat&, float&)[m[K’:
[113.768s] [01m[K/cc_ws/tros_ws/src/box/hobot_perception/hobot_dosod/src/dosod_node.cpp:130:31:[m[K [01;35m[Kwarning: [m[K‘[01m[Kresized_height[m[K’ may be used uninitialized in this function [[01;35m[K-Wmaybe-uninitialized[m[K]
[113.768s]   130 |       [01;35m[Kresized_height % 2 == 0 ? resized_height : resized_height - 1[m[K;
[113.769s]       |       [01;35m[K~~~~~~~~~~~~~~~~~~~~~~~~^~~~~~~~~~~~~~~~~~~~~~~~~~~~~~~~~~~~~[m[K
[113.769s] [01m[K/cc_ws/tros_ws/src/box/hobot_perception/hobot_dosod/src/dosod_node.cpp:121:7:[m[K [01;35m[Kwarning: [m[K‘[01m[Kresized_width[m[K’ may be used uninitialized in this function [[01;35m[K-Wmaybe-uninitialized[m[K]
[113.769s]   121 |   int [01;35m[Kremain[m[K = resized_width % 16;
[113.769s]       |       [01;35m[K^~~~~~[m[K
[156.018s] [ 80%] [32mBuilding CXX object CMakeFiles/hobot_dosod.dir/src/image_utils.cpp.o[0m
[165.894s] In file included from [01m[K/opt/ros/humble/include/rclcpp/rclcpp/logging.hpp:24[m[K,
[165.894s]                  from [01m[K/opt/ros/humble/include/rclcpp/rclcpp/client.hpp:40[m[K,
[165.894s]                  from [01m[K/opt/ros/humble/include/rclcpp/rclcpp/callback_group.hpp:24[m[K,
[165.895s]                  from [01m[K/opt/ros/humble/include/rclcpp/rclcpp/any_executable.hpp:20[m[K,
[165.895s]                  from [01m[K/opt/ros/humble/include/rclcpp/rclcpp/memory_strategy.hpp:25[m[K,
[165.895s]                  from [01m[K/opt/ros/humble/include/rclcpp/rclcpp/memory_strategies.hpp:18[m[K,
[165.896s]                  from [01m[K/opt/ros/humble/include/rclcpp/rclcpp/executor_options.hpp:20[m[K,
[165.896s]                  from [01m[K/opt/ros/humble/include/rclcpp/rclcpp/executor.hpp:37[m[K,
[165.896s]                  from [01m[K/opt/ros/humble/include/rclcpp/rclcpp/executors/multi_threaded_executor.hpp:25[m[K,
[165.896s]                  from [01m[K/opt/ros/humble/include/rclcpp/rclcpp/executors.hpp:21[m[K,
[165.896s]                  from [01m[K/opt/ros/humble/include/rclcpp/rclcpp/rclcpp.hpp:155[m[K,
[165.896s]                  from [01m[K/cc_ws/tros_ws/install/include/dnn_node/dnn_node_data.h:23[m[K,
[165.897s]                  from [01m[K/cc_ws/tros_ws/src/box/hobot_perception/hobot_dosod/include/image_utils.h:23[m[K,
[165.897s]                  from [01m[K/cc_ws/tros_ws/src/box/hobot_perception/hobot_dosod/src/image_utils.cpp:24[m[K:
[165.897s] [01m[K/cc_ws/tros_ws/src/box/hobot_perception/hobot_dosod/src/image_utils.cpp:[m[K In static member function ‘[01m[Kstatic int ImageUtils::Render(const std::shared_ptr<hobot::easy_dnn::NV12PyramidInput>&, const UniquePtr&, int, int, std::string)[m[K’:
[165.897s] [01m[K/cc_ws/tros_ws/src/box/hobot_perception/hobot_dosod/src/image_utils.cpp:50:15:[m[K [01;35m[Kwarning: [m[Kformat ‘[01m[K%d[m[K’ expects argument of type ‘[01m[Kint[m[K’, but argument 5 has type ‘[01m[Kstd::vector<ai_msgs::msg::Target_<std::allocator<void> >, std::allocator<ai_msgs::msg::Target_<std::allocator<void> > > >::size_type[m[K’ {aka ‘[01m[Klong unsigned int[m[K’} [[01;35m[K-Wformat=[m[K]
[165.897s]    50 |               [01;35m[K"target size: %d"[m[K,
[165.898s]       |               [01;35m[K^~~~~~~~~~~~~~~~~[m[K
[165.898s]    51 |               [32m[Kai_msg->targets.size()[m[K);
[165.898s]       |               [32m[K~~~~~~~~~~~~~~~~~~~~~~[m[K
[165.898s]       |                                   [32m[K|[m[K
[165.899s]       |                                   [32m[Kstd::vector<ai_msgs::msg::Target_<std::allocator<void> >, std::allocator<ai_msgs::msg::Target_<std::allocator<void> > > >::size_type {aka long unsigned int}[m[K
[165.899s] [01m[K/cc_ws/tros_ws/src/box/hobot_perception/hobot_dosod/src/image_utils.cpp:50:30:[m[K [01;36m[Knote: [m[Kformat string is defined here
[165.899s]    50 |               "target size: [01;36m[K%d[m[K",
[165.899s]       |                             [01;36m[K~^[m[K
[165.899s]       |                              [01;36m[K|[m[K
[165.900s]       |                              [01;36m[Kint[m[K
[165.900s]       |                             [32m[K%ld[m[K
[165.900s] In file included from [01m[K/opt/ros/humble/include/rclcpp/rclcpp/logging.hpp:24[m[K,
[165.900s]                  from [01m[K/opt/ros/humble/include/rclcpp/rclcpp/client.hpp:40[m[K,
[165.900s]                  from [01m[K/opt/ros/humble/include/rclcpp/rclcpp/callback_group.hpp:24[m[K,
[165.901s]                  from [01m[K/opt/ros/humble/include/rclcpp/rclcpp/any_executable.hpp:20[m[K,
[165.901s]                  from [01m[K/opt/ros/humble/include/rclcpp/rclcpp/memory_strategy.hpp:25[m[K,
[165.901s]                  from [01m[K/opt/ros/humble/include/rclcpp/rclcpp/memory_strategies.hpp:18[m[K,
[165.901s]                  from [01m[K/opt/ros/humble/include/rclcpp/rclcpp/executor_options.hpp:20[m[K,
[165.902s]                  from [01m[K/opt/ros/humble/include/rclcpp/rclcpp/executor.hpp:37[m[K,
[165.902s]                  from [01m[K/opt/ros/humble/include/rclcpp/rclcpp/executors/multi_threaded_executor.hpp:25[m[K,
[165.902s]                  from [01m[K/opt/ros/humble/include/rclcpp/rclcpp/executors.hpp:21[m[K,
[165.902s]                  from [01m[K/opt/ros/humble/include/rclcpp/rclcpp/rclcpp.hpp:155[m[K,
[165.902s]                  from [01m[K/cc_ws/tros_ws/install/include/dnn_node/dnn_node_data.h:23[m[K,
[165.903s]                  from [01m[K/cc_ws/tros_ws/src/box/hobot_perception/hobot_dosod/include/image_utils.h:23[m[K,
[165.903s]                  from [01m[K/cc_ws/tros_ws/src/box/hobot_perception/hobot_dosod/src/image_utils.cpp:24[m[K:
[165.903s] [01m[K/cc_ws/tros_ws/src/box/hobot_perception/hobot_dosod/src/image_utils.cpp:55:17:[m[K [01;35m[Kwarning: [m[Kformat ‘[01m[K%d[m[K’ expects argument of type ‘[01m[Kint[m[K’, but argument 6 has type ‘[01m[Kstd::vector<ai_msgs::msg::Roi_<std::allocator<void> >, std::allocator<ai_msgs::msg::Roi_<std::allocator<void> > > >::size_type[m[K’ {aka ‘[01m[Klong unsigned int[m[K’} [[01;35m[K-Wformat=[m[K]
[165.903s]    55 |                 [01;35m[K"target type: %s, rois.size: %d"[m[K,
[165.903s]       |                 [01;35m[K^~~~~~~~~~~~~~~~~~~~~~~~~~~~~~~~[m[K
[165.904s]    56 |                 target.type.c_str(),
[165.904s]    57 |                 [32m[Ktarget.rois.size()[m[K);
[165.904s]       |                 [32m[K~~~~~~~~~~~~~~~~~~[m[K
[165.904s]       |                                 [32m[K|[m[K
[165.904s]       |                                 [32m[Kstd::vector<ai_msgs::msg::Roi_<std::allocator<void> >, std::allocator<ai_msgs::msg::Roi_<std::allocator<void> > > >::size_type {aka long unsigned int}[m[K
[165.905s] [01m[K/cc_ws/tros_ws/src/box/hobot_perception/hobot_dosod/src/image_utils.cpp:55:47:[m[K [01;36m[Knote: [m[Kformat string is defined here
[165.905s]    55 |                 "target type: %s, rois.size: [01;36m[K%d[m[K",
[165.905s]       |                                              [01;36m[K~^[m[K
[165.905s]       |                                               [01;36m[K|[m[K
[165.905s]       |                                               [01;36m[Kint[m[K
[165.906s]       |                                              [32m[K%ld[m[K
[169.678s] [100%] [32m[1mLinking CXX executable hobot_dosod[0m
[171.738s] [100%] Built target hobot_dosod
[171.782s] Invoked command in '/cc_ws/tros_ws/build/hobot_dosod' returned '0': AMENT_PREFIX_PATH=/cc_ws/tros_ws/install:${AMENT_PREFIX_PATH} CMAKE_PREFIX_PATH=/cc_ws/tros_ws/install:/opt/ros/humble LD_LIBRARY_PATH=/cc_ws/tros_ws/install/lib:/opt/ros/humble/opt/rviz_ogre_vendor/lib:/opt/ros/humble/lib/aarch64-linux-gnu:/opt/ros/humble/lib:/cc_ws/userdata/hobot/opt/hobot/deps PYTHONPATH=/cc_ws/tros_ws/install/lib/python3.10/site-packages:/cc_ws/tros_ws/install/local/lib/python3.10/dist-packages:${PYTHONPATH} /usr/bin/cmake --build /cc_ws/tros_ws/build/hobot_dosod -- -j12 -l12
[171.850s] Invoking command in '/cc_ws/tros_ws/build/hobot_dosod': AMENT_PREFIX_PATH=/cc_ws/tros_ws/install:${AMENT_PREFIX_PATH} CMAKE_PREFIX_PATH=/cc_ws/tros_ws/install:/opt/ros/humble LD_LIBRARY_PATH=/cc_ws/tros_ws/install/lib:/opt/ros/humble/opt/rviz_ogre_vendor/lib:/opt/ros/humble/lib/aarch64-linux-gnu:/opt/ros/humble/lib:/cc_ws/userdata/hobot/opt/hobot/deps PYTHONPATH=/cc_ws/tros_ws/install/lib/python3.10/site-packages:/cc_ws/tros_ws/install/local/lib/python3.10/dist-packages:${PYTHONPATH} /usr/bin/cmake --install /cc_ws/tros_ws/build/hobot_dosod
[171.865s] -- Install configuration: "RelWithDebInfo"
[171.867s] -- Installing: /cc_ws/tros_ws/install/lib/hobot_dosod/hobot_dosod
[171.911s] -- Set runtime path of "/cc_ws/tros_ws/install/lib/hobot_dosod/hobot_dosod" to ""
[171.914s] -- Installing: /cc_ws/tros_ws/install/share/hobot_dosod/launch
[171.915s] -- Installing: /cc_ws/tros_ws/install/share/hobot_dosod/launch/dosod_advance.launch.py
[171.916s] -- Installing: /cc_ws/tros_ws/install/share/hobot_dosod/launch/dosod.launch.py
[171.916s] -- Installing: /cc_ws/tros_ws/install/share/hobot_dosod/launch/dosod_debug.launch.py
[171.916s] -- Installing: /cc_ws/tros_ws/install/share/hobot_dosod/launch/dosod_feedback.launch.py
[171.916s] -- Installing: /cc_ws/tros_ws/install/share/hobot_dosod/launch/dosod_feedback_align.launch.py
[171.916s] -- Installing: /cc_ws/tros_ws/install/share/hobot_dosod/launch/dosod_grpc.launch.py
[171.917s] -- Installing: /cc_ws/tros_ws/install/lib/hobot_dosod/config/
[171.917s] -- Installing: /cc_ws/tros_ws/install/lib/hobot_dosod/config//dosod_mlp3x_l_rep-int8.bin
[172.062s] -- Installing: /cc_ws/tros_ws/install/lib/hobot_dosod/config/offline_vocabulary.json
[172.063s] -- Installing: /cc_ws/tros_ws/install/lib/hobot_dosod/config/homography.json
[172.063s] -- Installing: /cc_ws/tros_ws/install/lib/hobot_dosod/config/000000160864.jpg
[172.064s] -- Installing: /cc_ws/tros_ws/install/share/ament_index/resource_index/package_run_dependencies/hobot_dosod
[172.065s] -- Installing: /cc_ws/tros_ws/install/share/ament_index/resource_index/parent_prefix_path/hobot_dosod
[172.065s] -- Installing: /cc_ws/tros_ws/install/share/hobot_dosod/environment/ament_prefix_path.sh
[172.066s] -- Installing: /cc_ws/tros_ws/install/share/hobot_dosod/environment/ament_prefix_path.dsv
[172.066s] -- Installing: /cc_ws/tros_ws/install/share/hobot_dosod/environment/path.sh
[172.066s] -- Installing: /cc_ws/tros_ws/install/share/hobot_dosod/environment/path.dsv
[172.067s] -- Installing: /cc_ws/tros_ws/install/share/hobot_dosod/local_setup.bash
[172.067s] -- Installing: /cc_ws/tros_ws/install/share/hobot_dosod/local_setup.sh
[172.068s] -- Installing: /cc_ws/tros_ws/install/share/hobot_dosod/local_setup.zsh
[172.068s] -- Installing: /cc_ws/tros_ws/install/share/hobot_dosod/local_setup.dsv
[172.068s] -- Installing: /cc_ws/tros_ws/install/share/hobot_dosod/package.dsv
[172.069s] -- Installing: /cc_ws/tros_ws/install/share/ament_index/resource_index/packages/hobot_dosod
[172.069s] -- Installing: /cc_ws/tros_ws/install/share/hobot_dosod/cmake/hobot_dosodConfig.cmake
[172.070s] -- Installing: /cc_ws/tros_ws/install/share/hobot_dosod/cmake/hobot_dosodConfig-version.cmake
[172.070s] -- Installing: /cc_ws/tros_ws/install/share/hobot_dosod/package.xml
[172.075s] Invoked command in '/cc_ws/tros_ws/build/hobot_dosod' returned '0': AMENT_PREFIX_PATH=/cc_ws/tros_ws/install:${AMENT_PREFIX_PATH} CMAKE_PREFIX_PATH=/cc_ws/tros_ws/install:/opt/ros/humble LD_LIBRARY_PATH=/cc_ws/tros_ws/install/lib:/opt/ros/humble/opt/rviz_ogre_vendor/lib:/opt/ros/humble/lib/aarch64-linux-gnu:/opt/ros/humble/lib:/cc_ws/userdata/hobot/opt/hobot/deps PYTHONPATH=/cc_ws/tros_ws/install/lib/python3.10/site-packages:/cc_ws/tros_ws/install/local/lib/python3.10/dist-packages:${PYTHONPATH} /usr/bin/cmake --install /cc_ws/tros_ws/build/hobot_dosod
