[0.373s] Invoking command in '/cc_ws/tros_ws/build/mono2d_body_detection': AMENT_PREFIX_PATH=/cc_ws/tros_ws/install:${AMENT_PREFIX_PATH} CMAKE_PREFIX_PATH=/cc_ws/tros_ws/install:/opt/ros/humble LD_LIBRARY_PATH=/cc_ws/tros_ws/install/lib:/opt/ros/humble/opt/rviz_ogre_vendor/lib:/opt/ros/humble/lib/aarch64-linux-gnu:/opt/ros/humble/lib:/cc_ws/userdata/hobot/opt/hobot/deps PYTHONPATH=/cc_ws/tros_ws/install/lib/python3.10/site-packages:/cc_ws/tros_ws/install/local/lib/python3.10/dist-packages:${PYTHONPATH} /usr/bin/cmake /cc_ws/tros_ws/src/box/hobot_perception/mono2d_body_detection -DCMAKE_EXPORT_COMPILE_COMMANDS=ON --no-warn-unused-cli -DCMAKE_TOOLCHAIN_FILE=/cc_ws/tros_ws/robot_dev_config/aarch64_toolchainfile.cmake -DPLATFORM_X5=ON -DTHIRDPARTY=ON -DBUILD_TESTING=OFF -DCMAKE_BUILD_RPATH=/cc_ws/tros_ws/build/poco_vendor/poco_external_project_install/lib/;/cc_ws/tros_ws/build/libyaml_vendor/libyaml_install/lib/ -DCMAKE_INSTALL_PREFIX=/cc_ws/tros_ws/install
[0.458s] Not searching for unused variables given on the command line.
[0.467s] -- Found ament_cmake: 1.3.8 (/opt/ros/humble/share/ament_cmake/cmake)
[0.710s] [33mCMake Warning (dev) at /opt/ros/humble/share/ament_cmake_test/cmake/ament_cmake_test-extras.cmake:19 (option):
[0.710s]   Policy CMP0077 is not set: option() honors normal variables.  Run "cmake
[0.710s]   --help-policy CMP0077" for policy details.  Use the cmake_policy command to
[0.710s]   set the policy and suppress this warning.
[0.710s] 
[0.711s]   For compatibility with older versions of CMake, option is clearing the
[0.711s]   normal variable 'BUILD_TESTING'.
[0.711s] Call Stack (most recent call first):
[0.711s]   /opt/ros/humble/share/ament_cmake_test/cmake/ament_cmake_testConfig.cmake:41 (include)
[0.711s]   /opt/ros/humble/share/ament_cmake/cmake/ament_cmake_export_dependencies-extras.cmake:21 (find_package)
[0.711s]   /opt/ros/humble/share/ament_cmake/cmake/ament_cmakeConfig.cmake:41 (include)
[0.711s]   CMakeLists.txt:33 (find_package)
[0.711s] This warning is for project developers.  Use -Wno-dev to suppress it.
[0.711s] [0m
[0.712s] -- Found rclcpp: 16.0.8 (/opt/ros/humble/share/rclcpp/cmake)
[0.765s] -- Found rosidl_generator_c: 3.1.5 (/opt/ros/humble/share/rosidl_generator_c/cmake)
[0.772s] -- Found rosidl_adapter: 3.1.5 (/opt/ros/humble/share/rosidl_adapter/cmake)
[0.785s] -- Found rosidl_generator_cpp: 3.1.5 (/opt/ros/humble/share/rosidl_generator_cpp/cmake)
[0.820s] -- Using all available rosidl_typesupport_c: rosidl_typesupport_fastrtps_c;rosidl_typesupport_introspection_c
[0.877s] -- Using all available rosidl_typesupport_cpp: rosidl_typesupport_fastrtps_cpp;rosidl_typesupport_introspection_cpp
[1.042s] -- Found rmw_implementation_cmake: 6.1.1 (/opt/ros/humble/share/rmw_implementation_cmake/cmake)
[1.045s] -- Found rmw_fastrtps_cpp: 6.2.6 (/opt/ros/humble/share/rmw_fastrtps_cpp/cmake)
[1.425s] -- Using RMW implementation 'rmw_fastrtps_cpp' as default
[2.692s] -- Found sensor_msgs: 4.2.3 (/opt/ros/humble/share/sensor_msgs/cmake)
[3.317s] -- Found ai_msgs: 2.0.1 (/cc_ws/tros_ws/robot_dev_config/../install/share/ai_msgs/cmake)
[3.682s] -- Found dnn_node: 2.5.4 (/cc_ws/tros_ws/robot_dev_config/../install/share/dnn_node/cmake)
[3.686s] -- Found cv_bridge: 3.2.1 (/opt/ros/humble/share/cv_bridge/cmake)
[3.813s] -- Found hobot_cv: 2.3.2 (/cc_ws/tros_ws/robot_dev_config/../install/share/hobot_cv/cmake)
[3.829s] -- Found rclcpp_components: 16.0.8 (/opt/ros/humble/share/rclcpp_components/cmake)
[4.279s] -- Found hbm_img_msgs: 2.0.0 (/cc_ws/tros_ws/robot_dev_config/../install/share/hbm_img_msgs/cmake)
[4.455s] [0mbuild mono2d_body_detection for platform X5[0m
[4.455s] [0mCMAKE_SYSROOT is /cc_ws/tros_ws/robot_dev_config/../../sysroot_docker[0m
[4.459s] -- Found hobot_mot: 2.0.2 (/cc_ws/tros_ws/robot_dev_config/../install/share/hobot_mot/cmake)
[4.891s] -- Configuring done
[4.977s] -- Generating done
[4.990s] -- Build files have been written to: /cc_ws/tros_ws/build/mono2d_body_detection
[5.011s] Invoked command in '/cc_ws/tros_ws/build/mono2d_body_detection' returned '0': AMENT_PREFIX_PATH=/cc_ws/tros_ws/install:${AMENT_PREFIX_PATH} CMAKE_PREFIX_PATH=/cc_ws/tros_ws/install:/opt/ros/humble LD_LIBRARY_PATH=/cc_ws/tros_ws/install/lib:/opt/ros/humble/opt/rviz_ogre_vendor/lib:/opt/ros/humble/lib/aarch64-linux-gnu:/opt/ros/humble/lib:/cc_ws/userdata/hobot/opt/hobot/deps PYTHONPATH=/cc_ws/tros_ws/install/lib/python3.10/site-packages:/cc_ws/tros_ws/install/local/lib/python3.10/dist-packages:${PYTHONPATH} /usr/bin/cmake /cc_ws/tros_ws/src/box/hobot_perception/mono2d_body_detection -DCMAKE_EXPORT_COMPILE_COMMANDS=ON --no-warn-unused-cli -DCMAKE_TOOLCHAIN_FILE=/cc_ws/tros_ws/robot_dev_config/aarch64_toolchainfile.cmake -DPLATFORM_X5=ON -DTHIRDPARTY=ON -DBUILD_TESTING=OFF -DCMAKE_BUILD_RPATH=/cc_ws/tros_ws/build/poco_vendor/poco_external_project_install/lib/;/cc_ws/tros_ws/build/libyaml_vendor/libyaml_install/lib/ -DCMAKE_INSTALL_PREFIX=/cc_ws/tros_ws/install
[5.011s] Invoking command in '/cc_ws/tros_ws/build/mono2d_body_detection': AMENT_PREFIX_PATH=/cc_ws/tros_ws/install:${AMENT_PREFIX_PATH} CMAKE_PREFIX_PATH=/cc_ws/tros_ws/install:/opt/ros/humble LD_LIBRARY_PATH=/cc_ws/tros_ws/install/lib:/opt/ros/humble/opt/rviz_ogre_vendor/lib:/opt/ros/humble/lib/aarch64-linux-gnu:/opt/ros/humble/lib:/cc_ws/userdata/hobot/opt/hobot/deps PYTHONPATH=/cc_ws/tros_ws/install/lib/python3.10/site-packages:/cc_ws/tros_ws/install/local/lib/python3.10/dist-packages:${PYTHONPATH} /usr/bin/cmake --build /cc_ws/tros_ws/build/mono2d_body_detection -- -j12 -l12
[5.349s] [35m[1mConsolidate compiler generated dependencies of target mono2d_body_detection[0m
[5.385s] [35m[1mConsolidate compiler generated dependencies of target mono2d_body_detection_component[0m
[5.454s] [ 33%] Built target mono2d_body_detection
[5.624s] [100%] Built target mono2d_body_detection_component
[5.770s] Invoked command in '/cc_ws/tros_ws/build/mono2d_body_detection' returned '0': AMENT_PREFIX_PATH=/cc_ws/tros_ws/install:${AMENT_PREFIX_PATH} CMAKE_PREFIX_PATH=/cc_ws/tros_ws/install:/opt/ros/humble LD_LIBRARY_PATH=/cc_ws/tros_ws/install/lib:/opt/ros/humble/opt/rviz_ogre_vendor/lib:/opt/ros/humble/lib/aarch64-linux-gnu:/opt/ros/humble/lib:/cc_ws/userdata/hobot/opt/hobot/deps PYTHONPATH=/cc_ws/tros_ws/install/lib/python3.10/site-packages:/cc_ws/tros_ws/install/local/lib/python3.10/dist-packages:${PYTHONPATH} /usr/bin/cmake --build /cc_ws/tros_ws/build/mono2d_body_detection -- -j12 -l12
[6.295s] Invoking command in '/cc_ws/tros_ws/build/mono2d_body_detection': AMENT_PREFIX_PATH=/cc_ws/tros_ws/install:${AMENT_PREFIX_PATH} CMAKE_PREFIX_PATH=/cc_ws/tros_ws/install:/opt/ros/humble LD_LIBRARY_PATH=/cc_ws/tros_ws/install/lib:/opt/ros/humble/opt/rviz_ogre_vendor/lib:/opt/ros/humble/lib/aarch64-linux-gnu:/opt/ros/humble/lib:/cc_ws/userdata/hobot/opt/hobot/deps PYTHONPATH=/cc_ws/tros_ws/install/lib/python3.10/site-packages:/cc_ws/tros_ws/install/local/lib/python3.10/dist-packages:${PYTHONPATH} /usr/bin/cmake --install /cc_ws/tros_ws/build/mono2d_body_detection
[6.410s] -- Install configuration: ""
[6.450s] -- Up-to-date: /cc_ws/tros_ws/install/lib/mono2d_body_detection/mono2d_body_detection
[6.451s] -- Up-to-date: /cc_ws/tros_ws/install/lib/mono2d_body_detection/mono2d_body_detection
[6.451s] -- Up-to-date: /cc_ws/tros_ws/install/lib/libmono2d_body_detection_component.so
[6.451s] -- Up-to-date: /cc_ws/tros_ws/install/lib/mono2d_body_detection/config/
[6.451s] -- Up-to-date: /cc_ws/tros_ws/install/lib/mono2d_body_detection/config//multitask_body_head_face_hand_kps_960x544.hbm
[6.451s] -- Up-to-date: /cc_ws/tros_ws/install/lib/mono2d_body_detection/config/iou2_euclid_method_param.json
[6.451s] -- Up-to-date: /cc_ws/tros_ws/install/lib/mono2d_body_detection/config/iou2_method_param.json
[6.451s] -- Up-to-date: /cc_ws/tros_ws/install/lib/mono2d_body_detection/config/person_body.jpg
[6.452s] -- Up-to-date: /cc_ws/tros_ws/install/share/mono2d_body_detection/launch
[6.452s] -- Up-to-date: /cc_ws/tros_ws/install/share/mono2d_body_detection/launch/mono2d_body_detection_without_camera.launch.py
[6.452s] -- Up-to-date: /cc_ws/tros_ws/install/share/mono2d_body_detection/launch/mono2d_body_detection.launch.py
[6.452s] -- Up-to-date: /cc_ws/tros_ws/install/share/ament_index/resource_index/package_run_dependencies/mono2d_body_detection
[6.452s] -- Up-to-date: /cc_ws/tros_ws/install/share/ament_index/resource_index/parent_prefix_path/mono2d_body_detection
[6.452s] -- Up-to-date: /cc_ws/tros_ws/install/share/mono2d_body_detection/environment/ament_prefix_path.sh
[6.452s] -- Installing: /cc_ws/tros_ws/install/share/mono2d_body_detection/environment/ament_prefix_path.dsv
[6.453s] -- Up-to-date: /cc_ws/tros_ws/install/share/mono2d_body_detection/environment/path.sh
[6.453s] -- Installing: /cc_ws/tros_ws/install/share/mono2d_body_detection/environment/path.dsv
[6.453s] -- Up-to-date: /cc_ws/tros_ws/install/share/mono2d_body_detection/local_setup.bash
[6.453s] -- Up-to-date: /cc_ws/tros_ws/install/share/mono2d_body_detection/local_setup.sh
[6.453s] -- Up-to-date: /cc_ws/tros_ws/install/share/mono2d_body_detection/local_setup.zsh
[6.453s] -- Installing: /cc_ws/tros_ws/install/share/mono2d_body_detection/local_setup.dsv
[6.453s] -- Installing: /cc_ws/tros_ws/install/share/mono2d_body_detection/package.dsv
[6.453s] -- Up-to-date: /cc_ws/tros_ws/install/share/ament_index/resource_index/packages/mono2d_body_detection
[6.453s] -- Up-to-date: /cc_ws/tros_ws/install/share/ament_index/resource_index/rclcpp_components/mono2d_body_detection
[6.454s] -- Up-to-date: /cc_ws/tros_ws/install/share/mono2d_body_detection/cmake/mono2d_body_detectionConfig.cmake
[6.454s] -- Up-to-date: /cc_ws/tros_ws/install/share/mono2d_body_detection/cmake/mono2d_body_detectionConfig-version.cmake
[6.454s] -- Up-to-date: /cc_ws/tros_ws/install/share/mono2d_body_detection/package.xml
[6.474s] Invoked command in '/cc_ws/tros_ws/build/mono2d_body_detection' returned '0': AMENT_PREFIX_PATH=/cc_ws/tros_ws/install:${AMENT_PREFIX_PATH} CMAKE_PREFIX_PATH=/cc_ws/tros_ws/install:/opt/ros/humble LD_LIBRARY_PATH=/cc_ws/tros_ws/install/lib:/opt/ros/humble/opt/rviz_ogre_vendor/lib:/opt/ros/humble/lib/aarch64-linux-gnu:/opt/ros/humble/lib:/cc_ws/userdata/hobot/opt/hobot/deps PYTHONPATH=/cc_ws/tros_ws/install/lib/python3.10/site-packages:/cc_ws/tros_ws/install/local/lib/python3.10/dist-packages:${PYTHONPATH} /usr/bin/cmake --install /cc_ws/tros_ws/build/mono2d_body_detection
