Not searching for unused variables given on the command line.
-- The C compiler identification is GNU 11.4.0
-- The CXX compiler identification is GNU 11.4.0
-- Detecting C compiler ABI info
-- Detecting C compiler ABI info - done
-- Check for working C compiler: /usr/bin/aarch64-linux-gnu-gcc - skipped
-- Detecting C compile features
-- Detecting C compile features - done
-- Detecting CXX compiler ABI info
-- Detecting CXX compiler ABI info - done
-- Check for working CXX compiler: /usr/bin/aarch64-linux-gnu-g++ - skipped
-- Detecting CXX compile features
-- Detecting CXX compile features - done
-- Found ament_cmake: 1.3.8 (/opt/ros/humble/share/ament_cmake/cmake)
-- Found Python3: /usr/bin/python3 (found version "3.10.12") found components: Interpreter 
-- Found rclcpp: 16.0.8 (/opt/ros/humble/share/rclcpp/cmake)
-- Found rosidl_generator_c: 3.1.5 (/opt/ros/humble/share/rosidl_generator_c/cmake)
-- Found rosidl_adapter: 3.1.5 (/opt/ros/humble/share/rosidl_adapter/cmake)
-- Found rosidl_generator_cpp: 3.1.5 (/opt/ros/humble/share/rosidl_generator_cpp/cmake)
-- Using all available rosidl_typesupport_c: rosidl_typesupport_fastrtps_c;rosidl_typesupport_introspection_c
-- Using all available rosidl_typesupport_cpp: rosidl_typesupport_fastrtps_cpp;rosidl_typesupport_introspection_cpp
-- Found rmw_implementation_cmake: 6.1.1 (/opt/ros/humble/share/rmw_implementation_cmake/cmake)
-- Found rmw_fastrtps_cpp: 6.2.6 (/opt/ros/humble/share/rmw_fastrtps_cpp/cmake)
-- Found OpenSSL: /cc_ws/tros_ws/robot_dev_config/../../sysroot_docker/usr/lib/aarch64-linux-gnu/libcrypto.so (found version "3.0.2")  
-- Found FastRTPS: /opt/ros/humble/include  
-- Using RMW implementation 'rmw_fastrtps_cpp' as default
-- Looking for pthread.h
-- Looking for pthread.h - found
-- Performing Test CMAKE_HAVE_LIBC_PTHREAD
-- Performing Test CMAKE_HAVE_LIBC_PTHREAD - Success
-- Found Threads: TRUE  
-- Found sensor_msgs: 4.2.3 (/opt/ros/humble/share/sensor_msgs/cmake)
-- Found ai_msgs: 2.0.1 (/cc_ws/tros_ws/robot_dev_config/../install/share/ai_msgs/cmake)
-- Found dnn_node: 2.5.4 (/cc_ws/tros_ws/robot_dev_config/../install/share/dnn_node/cmake)
-- Found cv_bridge: 3.2.1 (/opt/ros/humble/share/cv_bridge/cmake)
-- Found hobot_cv: 2.3.2 (/cc_ws/tros_ws/robot_dev_config/../install/share/hobot_cv/cmake)
-- Found rclcpp_components: 16.0.8 (/opt/ros/humble/share/rclcpp_components/cmake)
-- Found hbm_img_msgs: 2.0.0 (/cc_ws/tros_ws/robot_dev_config/../install/share/hbm_img_msgs/cmake)
-- Found hobot_mot: 2.0.2 (/cc_ws/tros_ws/robot_dev_config/../install/share/hobot_mot/cmake)
-- Configuring done
-- Generating done
-- Build files have been written to: /cc_ws/tros_ws/build/mono2d_body_detection
[ 16%] [32mBuilding CXX object CMakeFiles/mono2d_body_detection_component.dir/src/main.cpp.o[0m
[ 33%] [32mBuilding CXX object CMakeFiles/mono2d_body_detection_component.dir/src/post_process/yolo_pose_parser.cpp.o[0m
[ 50%] [32mBuilding CXX object CMakeFiles/mono2d_body_detection_component.dir/src/mono2d_body_det_node.cpp.o[0m
[ 66%] [32m[1mLinking CXX shared library libmono2d_body_detection_component.so[0m
[ 66%] Built target mono2d_body_detection_component
[ 83%] [32mBuilding CXX object CMakeFiles/mono2d_body_detection.dir/rclcpp_components/node_main_mono2d_body_detection.cpp.o[0m
[100%] [32m[1mLinking CXX executable mono2d_body_detection[0m
[100%] Built target mono2d_body_detection
-- Install configuration: ""
-- Installing: /cc_ws/tros_ws/install/lib/mono2d_body_detection/mono2d_body_detection
-- Set runtime path of "/cc_ws/tros_ws/install/lib/mono2d_body_detection/mono2d_body_detection" to ""
-- Up-to-date: /cc_ws/tros_ws/install/lib/mono2d_body_detection/mono2d_body_detection
-- Installing: /cc_ws/tros_ws/install/lib/libmono2d_body_detection_component.so
-- Set runtime path of "/cc_ws/tros_ws/install/lib/libmono2d_body_detection_component.so" to ""
-- Installing: /cc_ws/tros_ws/install/lib/mono2d_body_detection/config/
-- Installing: /cc_ws/tros_ws/install/lib/mono2d_body_detection/config//multitask_body_head_face_hand_kps_960x544.hbm
-- Installing: /cc_ws/tros_ws/install/lib/mono2d_body_detection/config/iou2_euclid_method_param.json
-- Installing: /cc_ws/tros_ws/install/lib/mono2d_body_detection/config/iou2_method_param.json
-- Installing: /cc_ws/tros_ws/install/lib/mono2d_body_detection/config/person_body.jpg
-- Installing: /cc_ws/tros_ws/install/share/mono2d_body_detection/launch
-- Installing: /cc_ws/tros_ws/install/share/mono2d_body_detection/launch/mono2d_body_detection_without_camera.launch.py
-- Installing: /cc_ws/tros_ws/install/share/mono2d_body_detection/launch/mono2d_body_detection.launch.py
-- Installing: /cc_ws/tros_ws/install/share/ament_index/resource_index/package_run_dependencies/mono2d_body_detection
-- Installing: /cc_ws/tros_ws/install/share/ament_index/resource_index/parent_prefix_path/mono2d_body_detection
-- Installing: /cc_ws/tros_ws/install/share/mono2d_body_detection/environment/ament_prefix_path.sh
-- Installing: /cc_ws/tros_ws/install/share/mono2d_body_detection/environment/ament_prefix_path.dsv
-- Installing: /cc_ws/tros_ws/install/share/mono2d_body_detection/environment/path.sh
-- Installing: /cc_ws/tros_ws/install/share/mono2d_body_detection/environment/path.dsv
-- Installing: /cc_ws/tros_ws/install/share/mono2d_body_detection/local_setup.bash
-- Installing: /cc_ws/tros_ws/install/share/mono2d_body_detection/local_setup.sh
-- Installing: /cc_ws/tros_ws/install/share/mono2d_body_detection/local_setup.zsh
-- Installing: /cc_ws/tros_ws/install/share/mono2d_body_detection/local_setup.dsv
-- Installing: /cc_ws/tros_ws/install/share/mono2d_body_detection/package.dsv
-- Installing: /cc_ws/tros_ws/install/share/ament_index/resource_index/packages/mono2d_body_detection
-- Installing: /cc_ws/tros_ws/install/share/ament_index/resource_index/rclcpp_components/mono2d_body_detection
-- Installing: /cc_ws/tros_ws/install/share/mono2d_body_detection/cmake/mono2d_body_detectionConfig.cmake
-- Installing: /cc_ws/tros_ws/install/share/mono2d_body_detection/cmake/mono2d_body_detectionConfig-version.cmake
-- Installing: /cc_ws/tros_ws/install/share/mono2d_body_detection/package.xml
