[0.089s] Invoking command in '/cc_ws/tros_ws/build/hobot_mot': CMAKE_PREFIX_PATH=/opt/ros/humble /usr/bin/cmake /cc_ws/tros_ws/src/box/hobot_perception/mot -DCMAKE_EXPORT_COMPILE_COMMANDS=ON --no-warn-unused-cli -DCMAKE_TOOLCHAIN_FILE=/cc_ws/tros_ws/robot_dev_config/aarch64_toolchainfile.cmake -DPLATFORM_X5=ON -DTHIRDPARTY=ON -DBUILD_TESTING=OFF -DCMAKE_BUILD_RPATH=/cc_ws/tros_ws/build/poco_vendor/poco_external_project_install/lib/;/cc_ws/tros_ws/build/libyaml_vendor/libyaml_install/lib/ -DCMAKE_INSTALL_PREFIX=/cc_ws/tros_ws/install
[0.207s] Not searching for unused variables given on the command line.
[0.207s] -- Found ament_cmake: 1.3.8 (/opt/ros/humble/share/ament_cmake/cmake)
[0.653s] [33mCMake Warning (dev) at /opt/ros/humble/share/ament_cmake_test/cmake/ament_cmake_test-extras.cmake:19 (option):
[0.654s]   Policy CMP0077 is not set: option() honors normal variables.  Run "cmake
[0.654s]   --help-policy CMP0077" for policy details.  Use the cmake_policy command to
[0.654s]   set the policy and suppress this warning.
[0.654s] 
[0.655s]   For compatibility with older versions of CMake, option is clearing the
[0.655s]   normal variable 'BUILD_TESTING'.
[0.655s] Call Stack (most recent call first):
[0.655s]   /opt/ros/humble/share/ament_cmake_test/cmake/ament_cmake_testConfig.cmake:41 (include)
[0.655s]   /opt/ros/humble/share/ament_cmake/cmake/ament_cmake_export_dependencies-extras.cmake:21 (find_package)
[0.656s]   /opt/ros/humble/share/ament_cmake/cmake/ament_cmakeConfig.cmake:41 (include)
[0.656s]   CMakeLists.txt:33 (find_package)
[0.656s] This warning is for project developers.  Use -Wno-dev to suppress it.
[0.656s] [0m
[0.657s] -- Found rclcpp: 16.0.8 (/opt/ros/humble/share/rclcpp/cmake)
[0.814s] -- Found rosidl_generator_c: 3.1.5 (/opt/ros/humble/share/rosidl_generator_c/cmake)
[0.825s] -- Found rosidl_adapter: 3.1.5 (/opt/ros/humble/share/rosidl_adapter/cmake)
[0.846s] -- Found rosidl_generator_cpp: 3.1.5 (/opt/ros/humble/share/rosidl_generator_cpp/cmake)
[0.907s] -- Using all available rosidl_typesupport_c: rosidl_typesupport_fastrtps_c;rosidl_typesupport_introspection_c
[0.998s] -- Using all available rosidl_typesupport_cpp: rosidl_typesupport_fastrtps_cpp;rosidl_typesupport_introspection_cpp
[1.397s] -- Found rmw_implementation_cmake: 6.1.1 (/opt/ros/humble/share/rmw_implementation_cmake/cmake)
[1.406s] -- Found rmw_fastrtps_cpp: 6.2.6 (/opt/ros/humble/share/rmw_fastrtps_cpp/cmake)
[1.814s] -- Using RMW implementation 'rmw_fastrtps_cpp' as default
[2.707s] [0mCMAKE_SYSROOT is /cc_ws/tros_ws/robot_dev_config/../../sysroot_docker[0m
[3.078s] -- Configuring done
[3.163s] -- Generating done
[3.170s] -- Build files have been written to: /cc_ws/tros_ws/build/hobot_mot
[3.201s] Invoked command in '/cc_ws/tros_ws/build/hobot_mot' returned '0': CMAKE_PREFIX_PATH=/opt/ros/humble /usr/bin/cmake /cc_ws/tros_ws/src/box/hobot_perception/mot -DCMAKE_EXPORT_COMPILE_COMMANDS=ON --no-warn-unused-cli -DCMAKE_TOOLCHAIN_FILE=/cc_ws/tros_ws/robot_dev_config/aarch64_toolchainfile.cmake -DPLATFORM_X5=ON -DTHIRDPARTY=ON -DBUILD_TESTING=OFF -DCMAKE_BUILD_RPATH=/cc_ws/tros_ws/build/poco_vendor/poco_external_project_install/lib/;/cc_ws/tros_ws/build/libyaml_vendor/libyaml_install/lib/ -DCMAKE_INSTALL_PREFIX=/cc_ws/tros_ws/install
[3.202s] Invoking command in '/cc_ws/tros_ws/build/hobot_mot': CMAKE_PREFIX_PATH=/opt/ros/humble /usr/bin/cmake --build /cc_ws/tros_ws/build/hobot_mot -- -j12 -l12
[3.393s] [35m[1mConsolidate compiler generated dependencies of target hobot_mot[0m
[3.539s] [100%] Built target hobot_mot
[3.575s] Invoked command in '/cc_ws/tros_ws/build/hobot_mot' returned '0': CMAKE_PREFIX_PATH=/opt/ros/humble /usr/bin/cmake --build /cc_ws/tros_ws/build/hobot_mot -- -j12 -l12
[3.859s] Invoking command in '/cc_ws/tros_ws/build/hobot_mot': CMAKE_PREFIX_PATH=/opt/ros/humble /usr/bin/cmake --install /cc_ws/tros_ws/build/hobot_mot
[3.904s] -- Install configuration: ""
[3.904s] -- Up-to-date: /cc_ws/tros_ws/install/lib/libhobot_mot.so
[3.905s] -- Up-to-date: /cc_ws/tros_ws/install/include/hobot_mot/hobot_mot.h
[3.905s] -- Up-to-date: /cc_ws/tros_ws/install/include/hobot_mot/mot_data_type.h
[3.905s] -- Up-to-date: /cc_ws/tros_ws/install/lib/hobot_mot/config/
[3.906s] -- Up-to-date: /cc_ws/tros_ws/install/lib/hobot_mot/config//iou2_method_param.json
[3.907s] -- Up-to-date: /cc_ws/tros_ws/install/lib/hobot_mot/config//iou2_euclid_method_param.json
[3.908s] -- Up-to-date: /cc_ws/tros_ws/install/lib/hobot_mot/config//iou_method_param.json
[3.908s] -- Up-to-date: /cc_ws/tros_ws/install/lib/hobot_mot/config//reid_method_param.json
[3.908s] -- Up-to-date: /cc_ws/tros_ws/install/lib/libhobot_mot.so
[3.908s] -- Up-to-date: /cc_ws/tros_ws/install/share/hobot_mot/environment/library_path.sh
[3.908s] -- Installing: /cc_ws/tros_ws/install/share/hobot_mot/environment/library_path.dsv
[3.911s] -- Up-to-date: /cc_ws/tros_ws/install/share/ament_index/resource_index/package_run_dependencies/hobot_mot
[3.911s] -- Up-to-date: /cc_ws/tros_ws/install/share/ament_index/resource_index/parent_prefix_path/hobot_mot
[3.912s] -- Up-to-date: /cc_ws/tros_ws/install/share/hobot_mot/environment/ament_prefix_path.sh
[3.912s] -- Installing: /cc_ws/tros_ws/install/share/hobot_mot/environment/ament_prefix_path.dsv
[3.912s] -- Up-to-date: /cc_ws/tros_ws/install/share/hobot_mot/environment/path.sh
[3.912s] -- Installing: /cc_ws/tros_ws/install/share/hobot_mot/environment/path.dsv
[3.914s] -- Up-to-date: /cc_ws/tros_ws/install/share/hobot_mot/local_setup.bash
[3.915s] -- Up-to-date: /cc_ws/tros_ws/install/share/hobot_mot/local_setup.sh
[3.915s] -- Up-to-date: /cc_ws/tros_ws/install/share/hobot_mot/local_setup.zsh
[3.916s] -- Installing: /cc_ws/tros_ws/install/share/hobot_mot/local_setup.dsv
[3.916s] -- Installing: /cc_ws/tros_ws/install/share/hobot_mot/package.dsv
[3.916s] -- Up-to-date: /cc_ws/tros_ws/install/share/ament_index/resource_index/packages/hobot_mot
[3.917s] -- Up-to-date: /cc_ws/tros_ws/install/share/hobot_mot/cmake/hobot_motExport.cmake
[3.917s] -- Up-to-date: /cc_ws/tros_ws/install/share/hobot_mot/cmake/hobot_motExport-noconfig.cmake
[3.918s] -- Up-to-date: /cc_ws/tros_ws/install/share/hobot_mot/cmake/ament_cmake_export_include_directories-extras.cmake
[3.918s] -- Up-to-date: /cc_ws/tros_ws/install/share/hobot_mot/cmake/ament_cmake_export_libraries-extras.cmake
[3.919s] -- Up-to-date: /cc_ws/tros_ws/install/share/hobot_mot/cmake/ament_cmake_export_targets-extras.cmake
[3.919s] -- Up-to-date: /cc_ws/tros_ws/install/share/hobot_mot/cmake/hobot_motConfig.cmake
[3.920s] -- Up-to-date: /cc_ws/tros_ws/install/share/hobot_mot/cmake/hobot_motConfig-version.cmake
[3.920s] -- Up-to-date: /cc_ws/tros_ws/install/share/hobot_mot/package.xml
[3.945s] Invoked command in '/cc_ws/tros_ws/build/hobot_mot' returned '0': CMAKE_PREFIX_PATH=/opt/ros/humble /usr/bin/cmake --install /cc_ws/tros_ws/build/hobot_mot
