[0.036s] Invoking command in '/cc_ws/tros_ws/build/hobot_shm': CMAKE_PREFIX_PATH=/opt/ros/humble /usr/bin/cmake /cc_ws/tros_ws/src/box/hobot_shm -DCMAKE_EXPORT_COMPILE_COMMANDS=ON --no-warn-unused-cli -DCMAKE_TOOLCHAIN_FILE=/cc_ws/tros_ws/robot_dev_config/aarch64_toolchainfile.cmake -DPLATFORM_X5=ON -DTHIRDPARTY=ON -DBUILD_TESTING=OFF -DCMAKE_BUILD_RPATH=/cc_ws/tros_ws/build/poco_vendor/poco_external_project_install/lib/;/cc_ws/tros_ws/build/libyaml_vendor/libyaml_install/lib/ -DCMAKE_INSTALL_PREFIX=/cc_ws/tros_ws/install
[0.449s] [33mCMake Warning (dev) at /opt/ros/humble/share/ament_cmake_test/cmake/ament_cmake_test-extras.cmake:19 (option):
[0.450s]   Policy CMP0077 is not set: option() honors normal variables.  Run "cmake
[0.450s]   --help-policy CMP0077" for policy details.  Use the cmake_policy command to
[0.450s]   set the policy and suppress this warning.
[0.463s] 
[0.463s]   For compatibility with older versions of CMake, option is clearing the
[0.463s]   normal variable 'BUILD_TESTING'.
[0.463s] Call Stack (most recent call first):
[0.463s]   /opt/ros/humble/share/ament_cmake_test/cmake/ament_cmake_testConfig.cmake:41 (include)
[0.464s]   /opt/ros/humble/share/ament_cmake/cmake/ament_cmake_export_dependencies-extras.cmake:21 (find_package)
[0.464s]   /opt/ros/humble/share/ament_cmake/cmake/ament_cmakeConfig.cmake:41 (include)
[0.464s]   CMakeLists.txt:19 (find_package)
[0.464s] This warning is for project developers.  Use -Wno-dev to suppress it.
[0.464s] [0m
[0.464s] Not searching for unused variables given on the command line.
[0.464s] -- Found ament_cmake: 1.3.8 (/opt/ros/humble/share/ament_cmake/cmake)
[0.546s] -- Configuring done
[0.549s] -- Generating done
[0.553s] -- Build files have been written to: /cc_ws/tros_ws/build/hobot_shm
[0.571s] Invoked command in '/cc_ws/tros_ws/build/hobot_shm' returned '0': CMAKE_PREFIX_PATH=/opt/ros/humble /usr/bin/cmake /cc_ws/tros_ws/src/box/hobot_shm -DCMAKE_EXPORT_COMPILE_COMMANDS=ON --no-warn-unused-cli -DCMAKE_TOOLCHAIN_FILE=/cc_ws/tros_ws/robot_dev_config/aarch64_toolchainfile.cmake -DPLATFORM_X5=ON -DTHIRDPARTY=ON -DBUILD_TESTING=OFF -DCMAKE_BUILD_RPATH=/cc_ws/tros_ws/build/poco_vendor/poco_external_project_install/lib/;/cc_ws/tros_ws/build/libyaml_vendor/libyaml_install/lib/ -DCMAKE_INSTALL_PREFIX=/cc_ws/tros_ws/install
[0.573s] Invoking command in '/cc_ws/tros_ws/build/hobot_shm': CMAKE_PREFIX_PATH=/opt/ros/humble /usr/bin/cmake --build /cc_ws/tros_ws/build/hobot_shm -- -j12 -l12
[0.706s] Invoked command in '/cc_ws/tros_ws/build/hobot_shm' returned '0': CMAKE_PREFIX_PATH=/opt/ros/humble /usr/bin/cmake --build /cc_ws/tros_ws/build/hobot_shm -- -j12 -l12
[0.783s] Invoking command in '/cc_ws/tros_ws/build/hobot_shm': CMAKE_PREFIX_PATH=/opt/ros/humble /usr/bin/cmake --install /cc_ws/tros_ws/build/hobot_shm
[0.809s] -- Install configuration: ""
[0.809s] -- Up-to-date: /cc_ws/tros_ws/install/lib/hobot_shm/config/
[0.809s] -- Up-to-date: /cc_ws/tros_ws/install/lib/hobot_shm/config//shm_fastdds.xml
[0.809s] -- Up-to-date: /cc_ws/tros_ws/install/share/hobot_shm//launch
[0.809s] -- Up-to-date: /cc_ws/tros_ws/install/share/hobot_shm//launch/hobot_shm.launch.py
[0.809s] -- Up-to-date: /cc_ws/tros_ws/install/share/ament_index/resource_index/package_run_dependencies/hobot_shm
[0.809s] -- Up-to-date: /cc_ws/tros_ws/install/share/ament_index/resource_index/parent_prefix_path/hobot_shm
[0.809s] -- Up-to-date: /cc_ws/tros_ws/install/share/hobot_shm/environment/ament_prefix_path.sh
[0.809s] -- Installing: /cc_ws/tros_ws/install/share/hobot_shm/environment/ament_prefix_path.dsv
[0.810s] -- Up-to-date: /cc_ws/tros_ws/install/share/hobot_shm/environment/path.sh
[0.810s] -- Installing: /cc_ws/tros_ws/install/share/hobot_shm/environment/path.dsv
[0.810s] -- Up-to-date: /cc_ws/tros_ws/install/share/hobot_shm/local_setup.bash
[0.810s] -- Up-to-date: /cc_ws/tros_ws/install/share/hobot_shm/local_setup.sh
[0.810s] -- Up-to-date: /cc_ws/tros_ws/install/share/hobot_shm/local_setup.zsh
[0.810s] -- Installing: /cc_ws/tros_ws/install/share/hobot_shm/local_setup.dsv
[0.810s] -- Installing: /cc_ws/tros_ws/install/share/hobot_shm/package.dsv
[0.811s] -- Up-to-date: /cc_ws/tros_ws/install/share/ament_index/resource_index/packages/hobot_shm
[0.811s] -- Up-to-date: /cc_ws/tros_ws/install/share/hobot_shm/cmake/hobot_shmConfig.cmake
[0.811s] -- Up-to-date: /cc_ws/tros_ws/install/share/hobot_shm/cmake/hobot_shmConfig-version.cmake
[0.811s] -- Up-to-date: /cc_ws/tros_ws/install/share/hobot_shm/package.xml
[0.826s] Invoked command in '/cc_ws/tros_ws/build/hobot_shm' returned '0': CMAKE_PREFIX_PATH=/opt/ros/humble /usr/bin/cmake --install /cc_ws/tros_ws/build/hobot_shm
