[0.040s] Invoking command in '/cc_ws/tros_ws/build/img_msgs': CMAKE_PREFIX_PATH=/opt/ros/humble /usr/bin/cmake /cc_ws/tros_ws/src/box/hobot_msgs/img_msgs -DCMAKE_EXPORT_COMPILE_COMMANDS=ON --no-warn-unused-cli -DCMAKE_TOOLCHAIN_FILE=/cc_ws/tros_ws/robot_dev_config/aarch64_toolchainfile.cmake -DPLATFORM_X5=ON -DTHIRDPARTY=ON -DBUILD_TESTING=OFF -DCMAKE_BUILD_RPATH=/cc_ws/tros_ws/build/poco_vendor/poco_external_project_install/lib/;/cc_ws/tros_ws/build/libyaml_vendor/libyaml_install/lib/ -DCMAKE_INSTALL_PREFIX=/cc_ws/tros_ws/install
[0.090s] Not searching for unused variables given on the command line.
[0.134s] -- The C compiler identification is GNU 11.4.0
[0.257s] -- The CXX compiler identification is GNU 11.4.0
[0.271s] -- Detecting C compiler ABI info
[0.401s] -- Detecting C compiler ABI info - done
[0.415s] -- Check for working C compiler: /usr/bin/aarch64-linux-gnu-gcc - skipped
[0.415s] -- Detecting C compile features
[0.419s] -- Detecting C compile features - done
[0.421s] -- Detecting CXX compiler ABI info
[0.562s] -- Detecting CXX compiler ABI info - done
[0.575s] -- Check for working CXX compiler: /usr/bin/aarch64-linux-gnu-g++ - skipped
[0.576s] -- Detecting CXX compile features
[0.577s] -- Detecting CXX compile features - done
[0.580s] -- Found ament_cmake: 1.3.8 (/opt/ros/humble/share/ament_cmake/cmake)
[0.791s] -- Found Python3: /usr/bin/python3 (found version "3.10.12") found components: Interpreter 
[0.953s] [33mCMake Warning (dev) at /opt/ros/humble/share/ament_cmake_test/cmake/ament_cmake_test-extras.cmake:19 (option):
[0.953s]   Policy CMP0077 is not set: option() honors normal variables.  Run "cmake
[0.953s]   --help-policy CMP0077" for policy details.  Use the cmake_policy command to
[0.953s]   set the policy and suppress this warning.
[0.953s] 
[0.953s]   For compatibility with older versions of CMake, option is clearing the
[0.953s]   normal variable 'BUILD_TESTING'.
[0.953s] Call Stack (most recent call first):
[0.953s]   /opt/ros/humble/share/ament_cmake_test/cmake/ament_cmake_testConfig.cmake:41 (include)
[0.954s]   /opt/ros/humble/share/ament_cmake/cmake/ament_cmake_export_dependencies-extras.cmake:21 (find_package)
[0.954s]   /opt/ros/humble/share/ament_cmake/cmake/ament_cmakeConfig.cmake:41 (include)
[0.954s]   CMakeLists.txt:36 (find_package)
[0.954s] This warning is for project developers.  Use -Wno-dev to suppress it.
[0.954s] [0m
[0.964s] -- Found builtin_interfaces: 1.2.1 (/opt/ros/humble/share/builtin_interfaces/cmake)
[1.037s] -- Found rosidl_generator_c: 3.1.5 (/opt/ros/humble/share/rosidl_generator_c/cmake)
[1.045s] -- Found rosidl_adapter: 3.1.5 (/opt/ros/humble/share/rosidl_adapter/cmake)
[1.060s] -- Found rosidl_generator_cpp: 3.1.5 (/opt/ros/humble/share/rosidl_generator_cpp/cmake)
[1.096s] -- Using all available rosidl_typesupport_c: rosidl_typesupport_fastrtps_c;rosidl_typesupport_introspection_c
[1.127s] -- Using all available rosidl_typesupport_cpp: rosidl_typesupport_fastrtps_cpp;rosidl_typesupport_introspection_cpp
[1.157s] -- Found rosidl_default_generators: 1.2.0 (/opt/ros/humble/share/rosidl_default_generators/cmake)
[1.561s] -- Found ament_cmake_ros: 0.10.0 (/opt/ros/humble/share/ament_cmake_ros/cmake)
[1.989s] -- Using all available rosidl_typesupport_c: rosidl_typesupport_fastrtps_c;rosidl_typesupport_introspection_c
[2.163s] -- Using all available rosidl_typesupport_cpp: rosidl_typesupport_fastrtps_cpp;rosidl_typesupport_introspection_cpp
[2.188s] -- Found PythonInterp: /usr/bin/python3 (found suitable version "3.10.12", minimum required is "3.6") 
[2.190s] -- Found python_cmake_module: 0.10.0 (/opt/ros/humble/share/python_cmake_module/cmake)
[2.222s] -- Found PythonLibs: /cc_ws/tros_ws/robot_dev_config/../../sysroot_docker/usr/lib/aarch64-linux-gnu/libpython3.10.so (found suitable version "3.10.12", minimum required is "3.5") 
[2.223s] -- Using PYTHON_EXECUTABLE: /usr/bin/python3
[2.223s] -- Using PYTHON_INCLUDE_DIRS: /cc_ws/tros_ws/robot_dev_config/../../sysroot_docker/usr/include/python3.10
[2.223s] -- Using PYTHON_LIBRARIES: /cc_ws/tros_ws/robot_dev_config/../../sysroot_docker/usr/lib/aarch64-linux-gnu/libpython3.10.so
[2.225s] -- Found PythonExtra: .so  
[2.525s] -- Using numpy include directory: /usr/local/lib/python3.10/dist-packages/numpy/core/include
[2.577s] -- Configuring done
[2.656s] -- Generating done
[2.683s] -- Build files have been written to: /cc_ws/tros_ws/build/img_msgs
[2.735s] Invoked command in '/cc_ws/tros_ws/build/img_msgs' returned '0': CMAKE_PREFIX_PATH=/opt/ros/humble /usr/bin/cmake /cc_ws/tros_ws/src/box/hobot_msgs/img_msgs -DCMAKE_EXPORT_COMPILE_COMMANDS=ON --no-warn-unused-cli -DCMAKE_TOOLCHAIN_FILE=/cc_ws/tros_ws/robot_dev_config/aarch64_toolchainfile.cmake -DPLATFORM_X5=ON -DTHIRDPARTY=ON -DBUILD_TESTING=OFF -DCMAKE_BUILD_RPATH=/cc_ws/tros_ws/build/poco_vendor/poco_external_project_install/lib/;/cc_ws/tros_ws/build/libyaml_vendor/libyaml_install/lib/ -DCMAKE_INSTALL_PREFIX=/cc_ws/tros_ws/install
[2.735s] Invoking command in '/cc_ws/tros_ws/build/img_msgs': CMAKE_PREFIX_PATH=/opt/ros/humble /usr/bin/cmake --build /cc_ws/tros_ws/build/img_msgs -- -j12 -l12
[4.452s] [  3%] [34m[1mGenerating C code for ROS interfaces[0m
[4.452s] [  6%] [34m[1mGenerating C++ code for ROS interfaces[0m
[4.452s] [  6%] Built target ament_cmake_python_copy_img_msgs
[4.833s] running egg_info
[4.845s] creating img_msgs.egg-info
[4.858s] writing img_msgs.egg-info/PKG-INFO
[4.859s] writing dependency_links to img_msgs.egg-info/dependency_links.txt
[4.860s] writing top-level names to img_msgs.egg-info/top_level.txt
[4.860s] writing manifest file 'img_msgs.egg-info/SOURCES.txt'
[4.890s] reading manifest file 'img_msgs.egg-info/SOURCES.txt'
[4.890s] writing manifest file 'img_msgs.egg-info/SOURCES.txt'
[5.076s] [  6%] Built target ament_cmake_python_build_img_msgs_egg
[5.218s] [  6%] Built target img_msgs__cpp
[5.307s] [  9%] [34m[1mGenerating C++ type support dispatch for ROS interfaces[0m
[5.311s] [ 12%] [34m[1mGenerating C++ type support for eProsima Fast-RTPS[0m
[5.376s] [ 16%] [34m[1mGenerating C++ introspection for ROS interfaces[0m
[5.683s] [ 19%] [32mBuilding C object CMakeFiles/img_msgs__rosidl_generator_c.dir/rosidl_generator_c/img_msgs/msg/detail/h26_x_frame__functions.c.o[0m
[6.192s] [ 22%] [32m[1mLinking C shared library libimg_msgs__rosidl_generator_c.so[0m
[6.378s] [ 25%] [32mBuilding CXX object CMakeFiles/img_msgs__rosidl_typesupport_cpp.dir/rosidl_typesupport_cpp/img_msgs/msg/h26_x_frame__type_support.cpp.o[0m
[6.400s] [ 25%] Built target img_msgs__rosidl_generator_c
[6.514s] [ 29%] [34m[1mGenerating C introspection for ROS interfaces[0m
[6.514s] [ 32%] [34m[1mGenerating C type support for eProsima Fast-RTPS[0m
[6.541s] [ 35%] [34m[1mGenerating C type support dispatch for ROS interfaces[0m
[9.438s] [ 38%] [32mBuilding CXX object CMakeFiles/img_msgs__rosidl_typesupport_introspection_cpp.dir/rosidl_typesupport_introspection_cpp/img_msgs/msg/detail/h26_x_frame__type_support.cpp.o[0m
[10.059s] [ 41%] [32mBuilding CXX object CMakeFiles/img_msgs__rosidl_typesupport_fastrtps_cpp.dir/rosidl_typesupport_fastrtps_cpp/img_msgs/msg/detail/dds_fastrtps/h26_x_frame__type_support.cpp.o[0m
[10.525s] [ 45%] [32mBuilding CXX object CMakeFiles/img_msgs__rosidl_typesupport_c.dir/rosidl_typesupport_c/img_msgs/msg/h26_x_frame__type_support.cpp.o[0m
[10.767s] [ 48%] [32mBuilding CXX object CMakeFiles/img_msgs__rosidl_typesupport_fastrtps_c.dir/rosidl_typesupport_fastrtps_c/img_msgs/msg/detail/h26_x_frame__type_support_c.cpp.o[0m
[10.992s] [ 51%] [32m[1mLinking CXX shared library libimg_msgs__rosidl_typesupport_c.so[0m
[11.113s] [ 54%] [32mBuilding C object CMakeFiles/img_msgs__rosidl_typesupport_introspection_c.dir/rosidl_typesupport_introspection_c/img_msgs/msg/detail/h26_x_frame__type_support.c.o[0m
[11.250s] [ 58%] [32m[1mLinking CXX shared library libimg_msgs__rosidl_typesupport_cpp.so[0m
[11.622s] [ 58%] Built target img_msgs__rosidl_typesupport_c
[11.765s] [ 61%] [32m[1mLinking C shared library libimg_msgs__rosidl_typesupport_introspection_c.so[0m
[11.830s] [ 61%] Built target img_msgs__rosidl_typesupport_cpp
[12.146s] [ 61%] Built target img_msgs__rosidl_typesupport_introspection_c
[14.876s] [ 64%] [32m[1mLinking CXX shared library libimg_msgs__rosidl_typesupport_introspection_cpp.so[0m
[15.811s] [ 64%] Built target img_msgs__rosidl_typesupport_introspection_cpp
[17.215s] [ 67%] [32m[1mLinking CXX shared library libimg_msgs__rosidl_typesupport_fastrtps_c.so[0m
[17.629s] [ 70%] [32m[1mLinking CXX shared library libimg_msgs__rosidl_typesupport_fastrtps_cpp.so[0m
[18.078s] [ 70%] Built target img_msgs__rosidl_typesupport_fastrtps_c
[18.526s] [ 70%] Built target img_msgs__rosidl_typesupport_fastrtps_cpp
[18.718s] [ 70%] Built target img_msgs
[18.952s] [ 74%] [34m[1mGenerating Python code for ROS interfaces[0m
[22.641s] [ 74%] Built target img_msgs__py
[22.929s] [ 77%] [32mBuilding C object CMakeFiles/img_msgs__rosidl_generator_py.dir/rosidl_generator_py/img_msgs/msg/_h26_x_frame_s.c.o[0m
[24.764s] [ 80%] [32m[1mLinking C shared library rosidl_generator_py/img_msgs/libimg_msgs__rosidl_generator_py.so[0m
[25.131s] [ 80%] Built target img_msgs__rosidl_generator_py
[25.330s] [ 83%] [32mBuilding C object CMakeFiles/img_msgs__rosidl_typesupport_fastrtps_c__pyext.dir/rosidl_generator_py/img_msgs/_img_msgs_s.ep.rosidl_typesupport_fastrtps_c.c.o[0m
[26.989s] [ 87%] [32m[1mLinking C shared library rosidl_generator_py/img_msgs/img_msgs_s__rosidl_typesupport_fastrtps_c.cpython-310-aarch64-linux-gnu.so[0m
[27.405s] [ 87%] Built target img_msgs__rosidl_typesupport_fastrtps_c__pyext
[27.671s] [ 90%] [32mBuilding C object CMakeFiles/img_msgs__rosidl_typesupport_c__pyext.dir/rosidl_generator_py/img_msgs/_img_msgs_s.ep.rosidl_typesupport_c.c.o[0m
[28.929s] [ 93%] [32m[1mLinking C shared library rosidl_generator_py/img_msgs/img_msgs_s__rosidl_typesupport_c.cpython-310-aarch64-linux-gnu.so[0m
[29.217s] [ 93%] Built target img_msgs__rosidl_typesupport_c__pyext
[29.439s] [ 96%] [32mBuilding C object CMakeFiles/img_msgs__rosidl_typesupport_introspection_c__pyext.dir/rosidl_generator_py/img_msgs/_img_msgs_s.ep.rosidl_typesupport_introspection_c.c.o[0m
[30.411s] [100%] [32m[1mLinking C shared library rosidl_generator_py/img_msgs/img_msgs_s__rosidl_typesupport_introspection_c.cpython-310-aarch64-linux-gnu.so[0m
[30.760s] [100%] Built target img_msgs__rosidl_typesupport_introspection_c__pyext
[30.939s] Invoked command in '/cc_ws/tros_ws/build/img_msgs' returned '0': CMAKE_PREFIX_PATH=/opt/ros/humble /usr/bin/cmake --build /cc_ws/tros_ws/build/img_msgs -- -j12 -l12
[32.227s] Invoking command in '/cc_ws/tros_ws/build/img_msgs': CMAKE_PREFIX_PATH=/opt/ros/humble /usr/bin/cmake --install /cc_ws/tros_ws/build/img_msgs
[48.800s] -- Install configuration: ""
[48.802s] -- Installing: /cc_ws/tros_ws/install/share/ament_index/resource_index/rosidl_interfaces/img_msgs
[48.806s] -- Installing: /cc_ws/tros_ws/install/include/img_msgs/img_msgs
[48.806s] -- Installing: /cc_ws/tros_ws/install/include/img_msgs/img_msgs/msg
[48.807s] -- Installing: /cc_ws/tros_ws/install/include/img_msgs/img_msgs/msg/rosidl_generator_c__visibility_control.h
[48.821s] -- Installing: /cc_ws/tros_ws/install/include/img_msgs/img_msgs/msg/h26_x_frame.h
[48.823s] -- Installing: /cc_ws/tros_ws/install/include/img_msgs/img_msgs/msg/detail
[48.823s] -- Installing: /cc_ws/tros_ws/install/include/img_msgs/img_msgs/msg/detail/h26_x_frame__functions.c
[48.824s] -- Installing: /cc_ws/tros_ws/install/include/img_msgs/img_msgs/msg/detail/h26_x_frame__struct.h
[48.824s] -- Installing: /cc_ws/tros_ws/install/include/img_msgs/img_msgs/msg/detail/h26_x_frame__type_support.h
[48.825s] -- Installing: /cc_ws/tros_ws/install/include/img_msgs/img_msgs/msg/detail/h26_x_frame__functions.h
[48.826s] -- Installing: /cc_ws/tros_ws/install/share/img_msgs/environment/library_path.sh
[48.832s] -- Installing: /cc_ws/tros_ws/install/share/img_msgs/environment/library_path.dsv
[48.832s] -- Installing: /cc_ws/tros_ws/install/lib/libimg_msgs__rosidl_generator_c.so
[48.833s] -- Set runtime path of "/cc_ws/tros_ws/install/lib/libimg_msgs__rosidl_generator_c.so" to ""
[48.833s] -- Up-to-date: /cc_ws/tros_ws/install/include/img_msgs/img_msgs
[48.833s] -- Up-to-date: /cc_ws/tros_ws/install/include/img_msgs/img_msgs/msg
[48.833s] -- Installing: /cc_ws/tros_ws/install/include/img_msgs/img_msgs/msg/rosidl_typesupport_fastrtps_c__visibility_control.h
[48.833s] -- Up-to-date: /cc_ws/tros_ws/install/include/img_msgs/img_msgs/msg/detail
[48.834s] -- Installing: /cc_ws/tros_ws/install/include/img_msgs/img_msgs/msg/detail/h26_x_frame__rosidl_typesupport_fastrtps_c.h
[48.834s] -- Installing: /cc_ws/tros_ws/install/lib/libimg_msgs__rosidl_typesupport_fastrtps_c.so
[48.834s] -- Set runtime path of "/cc_ws/tros_ws/install/lib/libimg_msgs__rosidl_typesupport_fastrtps_c.so" to ""
[48.834s] -- Up-to-date: /cc_ws/tros_ws/install/include/img_msgs/img_msgs
[48.834s] -- Up-to-date: /cc_ws/tros_ws/install/include/img_msgs/img_msgs/msg
[48.835s] -- Installing: /cc_ws/tros_ws/install/include/img_msgs/img_msgs/msg/h26_x_frame.hpp
[48.835s] -- Up-to-date: /cc_ws/tros_ws/install/include/img_msgs/img_msgs/msg/detail
[48.835s] -- Installing: /cc_ws/tros_ws/install/include/img_msgs/img_msgs/msg/detail/h26_x_frame__traits.hpp
[48.836s] -- Installing: /cc_ws/tros_ws/install/include/img_msgs/img_msgs/msg/detail/h26_x_frame__builder.hpp
[48.836s] -- Installing: /cc_ws/tros_ws/install/include/img_msgs/img_msgs/msg/detail/h26_x_frame__struct.hpp
[48.836s] -- Up-to-date: /cc_ws/tros_ws/install/include/img_msgs/img_msgs
[48.836s] -- Up-to-date: /cc_ws/tros_ws/install/include/img_msgs/img_msgs/msg
[48.836s] -- Up-to-date: /cc_ws/tros_ws/install/include/img_msgs/img_msgs/msg/detail
[48.836s] -- Installing: /cc_ws/tros_ws/install/include/img_msgs/img_msgs/msg/detail/h26_x_frame__rosidl_typesupport_fastrtps_cpp.hpp
[48.837s] -- Installing: /cc_ws/tros_ws/install/include/img_msgs/img_msgs/msg/detail/dds_fastrtps
[48.837s] -- Installing: /cc_ws/tros_ws/install/include/img_msgs/img_msgs/msg/rosidl_typesupport_fastrtps_cpp__visibility_control.h
[48.837s] -- Installing: /cc_ws/tros_ws/install/lib/libimg_msgs__rosidl_typesupport_fastrtps_cpp.so
[48.837s] -- Set runtime path of "/cc_ws/tros_ws/install/lib/libimg_msgs__rosidl_typesupport_fastrtps_cpp.so" to ""
[48.838s] -- Up-to-date: /cc_ws/tros_ws/install/include/img_msgs/img_msgs
[48.838s] -- Up-to-date: /cc_ws/tros_ws/install/include/img_msgs/img_msgs/msg
[48.838s] -- Installing: /cc_ws/tros_ws/install/include/img_msgs/img_msgs/msg/rosidl_typesupport_introspection_c__visibility_control.h
[48.838s] -- Up-to-date: /cc_ws/tros_ws/install/include/img_msgs/img_msgs/msg/detail
[48.838s] -- Installing: /cc_ws/tros_ws/install/include/img_msgs/img_msgs/msg/detail/h26_x_frame__rosidl_typesupport_introspection_c.h
[48.838s] -- Installing: /cc_ws/tros_ws/install/include/img_msgs/img_msgs/msg/detail/h26_x_frame__type_support.c
[48.839s] -- Installing: /cc_ws/tros_ws/install/lib/libimg_msgs__rosidl_typesupport_introspection_c.so
[48.839s] -- Set runtime path of "/cc_ws/tros_ws/install/lib/libimg_msgs__rosidl_typesupport_introspection_c.so" to ""
[48.839s] -- Installing: /cc_ws/tros_ws/install/lib/libimg_msgs__rosidl_typesupport_c.so
[48.839s] -- Set runtime path of "/cc_ws/tros_ws/install/lib/libimg_msgs__rosidl_typesupport_c.so" to ""
[48.839s] -- Up-to-date: /cc_ws/tros_ws/install/include/img_msgs/img_msgs
[48.840s] -- Up-to-date: /cc_ws/tros_ws/install/include/img_msgs/img_msgs/msg
[48.840s] -- Up-to-date: /cc_ws/tros_ws/install/include/img_msgs/img_msgs/msg/detail
[48.840s] -- Installing: /cc_ws/tros_ws/install/include/img_msgs/img_msgs/msg/detail/h26_x_frame__type_support.cpp
[48.840s] -- Installing: /cc_ws/tros_ws/install/include/img_msgs/img_msgs/msg/detail/h26_x_frame__rosidl_typesupport_introspection_cpp.hpp
[48.840s] -- Installing: /cc_ws/tros_ws/install/lib/libimg_msgs__rosidl_typesupport_introspection_cpp.so
[48.841s] -- Set runtime path of "/cc_ws/tros_ws/install/lib/libimg_msgs__rosidl_typesupport_introspection_cpp.so" to ""
[48.841s] -- Installing: /cc_ws/tros_ws/install/lib/libimg_msgs__rosidl_typesupport_cpp.so
[48.841s] -- Set runtime path of "/cc_ws/tros_ws/install/lib/libimg_msgs__rosidl_typesupport_cpp.so" to ""
[48.842s] -- Installing: /cc_ws/tros_ws/install/share/img_msgs/environment/pythonpath.sh
[48.842s] -- Installing: /cc_ws/tros_ws/install/share/img_msgs/environment/pythonpath.dsv
[48.842s] -- Installing: /cc_ws/tros_ws/install/local/lib/python3.10/dist-packages/img_msgs-2.0.0-py3.10.egg-info
[48.843s] -- Installing: /cc_ws/tros_ws/install/local/lib/python3.10/dist-packages/img_msgs-2.0.0-py3.10.egg-info/SOURCES.txt
[48.843s] -- Installing: /cc_ws/tros_ws/install/local/lib/python3.10/dist-packages/img_msgs-2.0.0-py3.10.egg-info/PKG-INFO
[48.843s] -- Installing: /cc_ws/tros_ws/install/local/lib/python3.10/dist-packages/img_msgs-2.0.0-py3.10.egg-info/dependency_links.txt
[48.843s] -- Installing: /cc_ws/tros_ws/install/local/lib/python3.10/dist-packages/img_msgs-2.0.0-py3.10.egg-info/top_level.txt
[48.843s] -- Installing: /cc_ws/tros_ws/install/local/lib/python3.10/dist-packages/img_msgs
[48.843s] -- Installing: /cc_ws/tros_ws/install/local/lib/python3.10/dist-packages/img_msgs/_img_msgs_s.ep.rosidl_typesupport_fastrtps_c.c
[48.844s] -- Installing: /cc_ws/tros_ws/install/local/lib/python3.10/dist-packages/img_msgs/img_msgs_s__rosidl_typesupport_introspection_c.cpython-310-aarch64-linux-gnu.so
[48.844s] -- Installing: /cc_ws/tros_ws/install/local/lib/python3.10/dist-packages/img_msgs/_img_msgs_s.ep.rosidl_typesupport_c.c
[48.844s] -- Installing: /cc_ws/tros_ws/install/local/lib/python3.10/dist-packages/img_msgs/img_msgs_s__rosidl_typesupport_c.cpython-310-aarch64-linux-gnu.so
[48.844s] -- Installing: /cc_ws/tros_ws/install/local/lib/python3.10/dist-packages/img_msgs/msg
[48.844s] -- Installing: /cc_ws/tros_ws/install/local/lib/python3.10/dist-packages/img_msgs/msg/__init__.py
[48.845s] -- Installing: /cc_ws/tros_ws/install/local/lib/python3.10/dist-packages/img_msgs/msg/_h26_x_frame.py
[48.845s] -- Installing: /cc_ws/tros_ws/install/local/lib/python3.10/dist-packages/img_msgs/msg/_h26_x_frame_s.c
[48.845s] -- Installing: /cc_ws/tros_ws/install/local/lib/python3.10/dist-packages/img_msgs/img_msgs_s__rosidl_typesupport_fastrtps_c.cpython-310-aarch64-linux-gnu.so
[48.845s] -- Installing: /cc_ws/tros_ws/install/local/lib/python3.10/dist-packages/img_msgs/_img_msgs_s.ep.rosidl_typesupport_introspection_c.c
[48.845s] -- Installing: /cc_ws/tros_ws/install/local/lib/python3.10/dist-packages/img_msgs/__init__.py
[48.846s] -- Installing: /cc_ws/tros_ws/install/local/lib/python3.10/dist-packages/img_msgs/libimg_msgs__rosidl_generator_py.so
[48.846s] Listing '/cc_ws/tros_ws/install/local/lib/python3.10/dist-packages/img_msgs'...
[48.846s] Compiling '/cc_ws/tros_ws/install/local/lib/python3.10/dist-packages/img_msgs/__init__.py'...
[48.846s] Listing '/cc_ws/tros_ws/install/local/lib/python3.10/dist-packages/img_msgs/msg'...
[48.846s] Compiling '/cc_ws/tros_ws/install/local/lib/python3.10/dist-packages/img_msgs/msg/__init__.py'...
[48.846s] Compiling '/cc_ws/tros_ws/install/local/lib/python3.10/dist-packages/img_msgs/msg/_h26_x_frame.py'...
[48.847s] -- Installing: /cc_ws/tros_ws/install/local/lib/python3.10/dist-packages/img_msgs/img_msgs_s__rosidl_typesupport_fastrtps_c.cpython-310-aarch64-linux-gnu.so
[48.847s] -- Set runtime path of "/cc_ws/tros_ws/install/local/lib/python3.10/dist-packages/img_msgs/img_msgs_s__rosidl_typesupport_fastrtps_c.cpython-310-aarch64-linux-gnu.so" to ""
[48.869s] -- Installing: /cc_ws/tros_ws/install/local/lib/python3.10/dist-packages/img_msgs/img_msgs_s__rosidl_typesupport_introspection_c.cpython-310-aarch64-linux-gnu.so
[48.869s] -- Set runtime path of "/cc_ws/tros_ws/install/local/lib/python3.10/dist-packages/img_msgs/img_msgs_s__rosidl_typesupport_introspection_c.cpython-310-aarch64-linux-gnu.so" to ""
[48.869s] -- Installing: /cc_ws/tros_ws/install/local/lib/python3.10/dist-packages/img_msgs/img_msgs_s__rosidl_typesupport_c.cpython-310-aarch64-linux-gnu.so
[48.870s] -- Set runtime path of "/cc_ws/tros_ws/install/local/lib/python3.10/dist-packages/img_msgs/img_msgs_s__rosidl_typesupport_c.cpython-310-aarch64-linux-gnu.so" to ""
[48.870s] -- Installing: /cc_ws/tros_ws/install/lib/libimg_msgs__rosidl_generator_py.so
[48.870s] -- Set runtime path of "/cc_ws/tros_ws/install/lib/libimg_msgs__rosidl_generator_py.so" to ""
[48.870s] -- Installing: /cc_ws/tros_ws/install/share/img_msgs/msg/H26XFrame.idl
[48.870s] -- Installing: /cc_ws/tros_ws/install/share/img_msgs/msg/H26XFrame.msg
[48.871s] -- Installing: /cc_ws/tros_ws/install/share/ament_index/resource_index/package_run_dependencies/img_msgs
[48.871s] -- Installing: /cc_ws/tros_ws/install/share/ament_index/resource_index/parent_prefix_path/img_msgs
[48.871s] -- Installing: /cc_ws/tros_ws/install/share/img_msgs/environment/ament_prefix_path.sh
[48.871s] -- Installing: /cc_ws/tros_ws/install/share/img_msgs/environment/ament_prefix_path.dsv
[48.871s] -- Installing: /cc_ws/tros_ws/install/share/img_msgs/environment/path.sh
[48.872s] -- Installing: /cc_ws/tros_ws/install/share/img_msgs/environment/path.dsv
[48.872s] -- Installing: /cc_ws/tros_ws/install/share/img_msgs/local_setup.bash
[48.872s] -- Installing: /cc_ws/tros_ws/install/share/img_msgs/local_setup.sh
[48.872s] -- Installing: /cc_ws/tros_ws/install/share/img_msgs/local_setup.zsh
[48.872s] -- Installing: /cc_ws/tros_ws/install/share/img_msgs/local_setup.dsv
[48.872s] -- Installing: /cc_ws/tros_ws/install/share/img_msgs/package.dsv
[48.873s] -- Installing: /cc_ws/tros_ws/install/share/ament_index/resource_index/packages/img_msgs
[48.873s] -- Installing: /cc_ws/tros_ws/install/share/img_msgs/cmake/export_img_msgs__rosidl_generator_cExport.cmake
[48.873s] -- Installing: /cc_ws/tros_ws/install/share/img_msgs/cmake/export_img_msgs__rosidl_generator_cExport-noconfig.cmake
[48.873s] -- Installing: /cc_ws/tros_ws/install/share/img_msgs/cmake/export_img_msgs__rosidl_typesupport_fastrtps_cExport.cmake
[48.874s] -- Installing: /cc_ws/tros_ws/install/share/img_msgs/cmake/export_img_msgs__rosidl_typesupport_fastrtps_cExport-noconfig.cmake
[48.874s] -- Installing: /cc_ws/tros_ws/install/share/img_msgs/cmake/export_img_msgs__rosidl_generator_cppExport.cmake
[48.874s] -- Installing: /cc_ws/tros_ws/install/share/img_msgs/cmake/export_img_msgs__rosidl_typesupport_fastrtps_cppExport.cmake
[48.874s] -- Installing: /cc_ws/tros_ws/install/share/img_msgs/cmake/export_img_msgs__rosidl_typesupport_fastrtps_cppExport-noconfig.cmake
[48.874s] -- Installing: /cc_ws/tros_ws/install/share/img_msgs/cmake/img_msgs__rosidl_typesupport_introspection_cExport.cmake
[48.874s] -- Installing: /cc_ws/tros_ws/install/share/img_msgs/cmake/img_msgs__rosidl_typesupport_introspection_cExport-noconfig.cmake
[48.875s] -- Installing: /cc_ws/tros_ws/install/share/img_msgs/cmake/img_msgs__rosidl_typesupport_cExport.cmake
[48.875s] -- Installing: /cc_ws/tros_ws/install/share/img_msgs/cmake/img_msgs__rosidl_typesupport_cExport-noconfig.cmake
[48.875s] -- Installing: /cc_ws/tros_ws/install/share/img_msgs/cmake/img_msgs__rosidl_typesupport_introspection_cppExport.cmake
[48.882s] -- Installing: /cc_ws/tros_ws/install/share/img_msgs/cmake/img_msgs__rosidl_typesupport_introspection_cppExport-noconfig.cmake
[48.882s] -- Installing: /cc_ws/tros_ws/install/share/img_msgs/cmake/img_msgs__rosidl_typesupport_cppExport.cmake
[48.882s] -- Installing: /cc_ws/tros_ws/install/share/img_msgs/cmake/img_msgs__rosidl_typesupport_cppExport-noconfig.cmake
[48.882s] -- Installing: /cc_ws/tros_ws/install/share/img_msgs/cmake/export_img_msgs__rosidl_generator_pyExport.cmake
[48.882s] -- Installing: /cc_ws/tros_ws/install/share/img_msgs/cmake/export_img_msgs__rosidl_generator_pyExport-noconfig.cmake
[48.883s] -- Installing: /cc_ws/tros_ws/install/share/img_msgs/cmake/rosidl_cmake-extras.cmake
[48.883s] -- Installing: /cc_ws/tros_ws/install/share/img_msgs/cmake/ament_cmake_export_dependencies-extras.cmake
[48.883s] -- Installing: /cc_ws/tros_ws/install/share/img_msgs/cmake/ament_cmake_export_include_directories-extras.cmake
[48.883s] -- Installing: /cc_ws/tros_ws/install/share/img_msgs/cmake/ament_cmake_export_libraries-extras.cmake
[48.883s] -- Installing: /cc_ws/tros_ws/install/share/img_msgs/cmake/ament_cmake_export_targets-extras.cmake
[48.884s] -- Installing: /cc_ws/tros_ws/install/share/img_msgs/cmake/rosidl_cmake_export_typesupport_targets-extras.cmake
[48.884s] -- Installing: /cc_ws/tros_ws/install/share/img_msgs/cmake/rosidl_cmake_export_typesupport_libraries-extras.cmake
[48.884s] -- Installing: /cc_ws/tros_ws/install/share/img_msgs/cmake/img_msgsConfig.cmake
[48.884s] -- Installing: /cc_ws/tros_ws/install/share/img_msgs/cmake/img_msgsConfig-version.cmake
[48.884s] -- Installing: /cc_ws/tros_ws/install/share/img_msgs/package.xml
[48.951s] Invoked command in '/cc_ws/tros_ws/build/img_msgs' returned '0': CMAKE_PREFIX_PATH=/opt/ros/humble /usr/bin/cmake --install /cc_ws/tros_ws/build/img_msgs
