[0.211s] Invoking command in '/cc_ws/tros_ws/build/hobot_codec': AMENT_PREFIX_PATH=/cc_ws/tros_ws/install:${AMENT_PREFIX_PATH} CMAKE_PREFIX_PATH=/cc_ws/tros_ws/install:/opt/ros/humble LD_LIBRARY_PATH=/cc_ws/tros_ws/install/lib:/opt/ros/humble/opt/rviz_ogre_vendor/lib:/opt/ros/humble/lib/aarch64-linux-gnu:/opt/ros/humble/lib:/cc_ws/userdata/hobot/opt/hobot/deps PYTHONPATH=/cc_ws/tros_ws/install/lib/python3.10/site-packages:/cc_ws/tros_ws/install/local/lib/python3.10/dist-packages:${PYTHONPATH} /usr/bin/cmake /cc_ws/tros_ws/src/box/hobot_codec -DCMAKE_EXPORT_COMPILE_COMMANDS=ON --no-warn-unused-cli -DCMAKE_TOOLCHAIN_FILE=/cc_ws/tros_ws/robot_dev_config/aarch64_toolchainfile.cmake -DPLATFORM_X5=ON -DTHIRDPARTY=ON -DBUILD_TESTING=OFF -DCMAKE_BUILD_RPATH=/cc_ws/tros_ws/build/poco_vendor/poco_external_project_install/lib/;/cc_ws/tros_ws/build/libyaml_vendor/libyaml_install/lib/ -DCMAKE_INSTALL_PREFIX=/cc_ws/tros_ws/install
[0.519s] Not searching for unused variables given on the command line.
[0.519s] -- Found hbm_img_msgs: 2.0.0 (/cc_ws/tros_ws/robot_dev_config/../install/share/hbm_img_msgs/cmake)
[0.845s] [33mCMake Warning (dev) at /opt/ros/humble/share/ament_cmake_test/cmake/ament_cmake_test-extras.cmake:19 (option):
[0.845s]   Policy CMP0077 is not set: option() honors normal variables.  Run "cmake
[0.845s]   --help-policy CMP0077" for policy details.  Use the cmake_policy command to
[0.846s]   set the policy and suppress this warning.
[0.846s] 
[0.846s]   For compatibility with older versions of CMake, option is clearing the
[0.846s]   normal variable 'BUILD_TESTING'.
[0.846s] Call Stack (most recent call first):
[0.847s]   /opt/ros/humble/share/ament_cmake_test/cmake/ament_cmake_testConfig.cmake:41 (include)
[0.847s]   /opt/ros/humble/share/ament_cmake/cmake/ament_cmake_export_dependencies-extras.cmake:21 (find_package)
[0.847s]   /opt/ros/humble/share/ament_cmake/cmake/ament_cmakeConfig.cmake:41 (include)
[0.847s]   /opt/ros/humble/share/rcutils/cmake/ament_cmake_export_dependencies-extras.cmake:21 (find_package)
[0.848s]   /opt/ros/humble/share/rcutils/cmake/rcutilsConfig.cmake:41 (include)
[0.848s]   /opt/ros/humble/share/rosidl_runtime_c/cmake/ament_cmake_export_dependencies-extras.cmake:21 (find_package)
[0.848s]   /opt/ros/humble/share/rosidl_runtime_c/cmake/rosidl_runtime_cConfig.cmake:41 (include)
[0.848s]   /opt/ros/humble/share/builtin_interfaces/cmake/ament_cmake_export_dependencies-extras.cmake:21 (find_package)
[0.848s]   /opt/ros/humble/share/builtin_interfaces/cmake/builtin_interfacesConfig.cmake:41 (include)
[0.849s]   /cc_ws/tros_ws/install/share/hbm_img_msgs/cmake/ament_cmake_export_dependencies-extras.cmake:21 (find_package)
[0.849s]   /cc_ws/tros_ws/install/share/hbm_img_msgs/cmake/hbm_img_msgsConfig.cmake:41 (include)
[0.849s]   CMakeLists.txt:34 (find_package)
[0.849s] This warning is for project developers.  Use -Wno-dev to suppress it.
[0.849s] [0m
[0.881s] -- Found rosidl_generator_c: 3.1.5 (/opt/ros/humble/share/rosidl_generator_c/cmake)
[0.891s] -- Found rosidl_adapter: 3.1.5 (/opt/ros/humble/share/rosidl_adapter/cmake)
[0.912s] -- Found rosidl_generator_cpp: 3.1.5 (/opt/ros/humble/share/rosidl_generator_cpp/cmake)
[0.954s] -- Using all available rosidl_typesupport_c: rosidl_typesupport_fastrtps_c;rosidl_typesupport_introspection_c
[1.012s] -- Using all available rosidl_typesupport_cpp: rosidl_typesupport_fastrtps_cpp;rosidl_typesupport_introspection_cpp
[1.262s] -- Found rclcpp: 16.0.8 (/opt/ros/humble/share/rclcpp/cmake)
[1.446s] -- Found rmw_implementation_cmake: 6.1.1 (/opt/ros/humble/share/rmw_implementation_cmake/cmake)
[1.459s] -- Found rmw_fastrtps_cpp: 6.2.6 (/opt/ros/humble/share/rmw_fastrtps_cpp/cmake)
[1.819s] -- Using RMW implementation 'rmw_fastrtps_cpp' as default
[2.355s] -- Found sensor_msgs: 4.2.3 (/opt/ros/humble/share/sensor_msgs/cmake)
[2.835s] -- Found img_msgs: 2.0.0 (/cc_ws/tros_ws/robot_dev_config/../install/share/img_msgs/cmake)
[2.997s] -- Found rclcpp_components: 16.0.8 (/opt/ros/humble/share/rclcpp_components/cmake)
[3.308s] [0mbuild platform X5[0m
[3.309s] [0mPREFIX_PATH: x5[0m
[3.621s] -- Configuring done
[3.724s] -- Generating done
[3.731s] -- Build files have been written to: /cc_ws/tros_ws/build/hobot_codec
[3.761s] Invoked command in '/cc_ws/tros_ws/build/hobot_codec' returned '0': AMENT_PREFIX_PATH=/cc_ws/tros_ws/install:${AMENT_PREFIX_PATH} CMAKE_PREFIX_PATH=/cc_ws/tros_ws/install:/opt/ros/humble LD_LIBRARY_PATH=/cc_ws/tros_ws/install/lib:/opt/ros/humble/opt/rviz_ogre_vendor/lib:/opt/ros/humble/lib/aarch64-linux-gnu:/opt/ros/humble/lib:/cc_ws/userdata/hobot/opt/hobot/deps PYTHONPATH=/cc_ws/tros_ws/install/lib/python3.10/site-packages:/cc_ws/tros_ws/install/local/lib/python3.10/dist-packages:${PYTHONPATH} /usr/bin/cmake /cc_ws/tros_ws/src/box/hobot_codec -DCMAKE_EXPORT_COMPILE_COMMANDS=ON --no-warn-unused-cli -DCMAKE_TOOLCHAIN_FILE=/cc_ws/tros_ws/robot_dev_config/aarch64_toolchainfile.cmake -DPLATFORM_X5=ON -DTHIRDPARTY=ON -DBUILD_TESTING=OFF -DCMAKE_BUILD_RPATH=/cc_ws/tros_ws/build/poco_vendor/poco_external_project_install/lib/;/cc_ws/tros_ws/build/libyaml_vendor/libyaml_install/lib/ -DCMAKE_INSTALL_PREFIX=/cc_ws/tros_ws/install
[3.762s] Invoking command in '/cc_ws/tros_ws/build/hobot_codec': AMENT_PREFIX_PATH=/cc_ws/tros_ws/install:${AMENT_PREFIX_PATH} CMAKE_PREFIX_PATH=/cc_ws/tros_ws/install:/opt/ros/humble LD_LIBRARY_PATH=/cc_ws/tros_ws/install/lib:/opt/ros/humble/opt/rviz_ogre_vendor/lib:/opt/ros/humble/lib/aarch64-linux-gnu:/opt/ros/humble/lib:/cc_ws/userdata/hobot/opt/hobot/deps PYTHONPATH=/cc_ws/tros_ws/install/lib/python3.10/site-packages:/cc_ws/tros_ws/install/local/lib/python3.10/dist-packages:${PYTHONPATH} /usr/bin/cmake --build /cc_ws/tros_ws/build/hobot_codec -- -j12 -l12
[4.595s] [35m[1mConsolidate compiler generated dependencies of target hobot_codec_component[0m
[4.595s] [ 75%] Built target hobot_codec_component
[4.596s] [35m[1mConsolidate compiler generated dependencies of target hobot_codec_republish[0m
[4.596s] [100%] Built target hobot_codec_republish
[4.604s] Invoked command in '/cc_ws/tros_ws/build/hobot_codec' returned '0': AMENT_PREFIX_PATH=/cc_ws/tros_ws/install:${AMENT_PREFIX_PATH} CMAKE_PREFIX_PATH=/cc_ws/tros_ws/install:/opt/ros/humble LD_LIBRARY_PATH=/cc_ws/tros_ws/install/lib:/opt/ros/humble/opt/rviz_ogre_vendor/lib:/opt/ros/humble/lib/aarch64-linux-gnu:/opt/ros/humble/lib:/cc_ws/userdata/hobot/opt/hobot/deps PYTHONPATH=/cc_ws/tros_ws/install/lib/python3.10/site-packages:/cc_ws/tros_ws/install/local/lib/python3.10/dist-packages:${PYTHONPATH} /usr/bin/cmake --build /cc_ws/tros_ws/build/hobot_codec -- -j12 -l12
[4.912s] Invoking command in '/cc_ws/tros_ws/build/hobot_codec': AMENT_PREFIX_PATH=/cc_ws/tros_ws/install:${AMENT_PREFIX_PATH} CMAKE_PREFIX_PATH=/cc_ws/tros_ws/install:/opt/ros/humble LD_LIBRARY_PATH=/cc_ws/tros_ws/install/lib:/opt/ros/humble/opt/rviz_ogre_vendor/lib:/opt/ros/humble/lib/aarch64-linux-gnu:/opt/ros/humble/lib:/cc_ws/userdata/hobot/opt/hobot/deps PYTHONPATH=/cc_ws/tros_ws/install/lib/python3.10/site-packages:/cc_ws/tros_ws/install/local/lib/python3.10/dist-packages:${PYTHONPATH} /usr/bin/cmake --install /cc_ws/tros_ws/build/hobot_codec
[5.447s] -- Install configuration: "RelWithDebInfo"
[5.448s] -- Up-to-date: /cc_ws/tros_ws/install/lib/hobot_codec/hobot_codec_republish
[5.448s] -- Up-to-date: /cc_ws/tros_ws/install/lib/hobot_codec/hobot_codec_republish
[5.448s] -- Up-to-date: /cc_ws/tros_ws/install/lib/libhobot_codec_component.so
[5.448s] -- Up-to-date: /cc_ws/tros_ws/install/lib/hobot_codec
[5.448s] -- Up-to-date: /cc_ws/tros_ws/install/share/hobot_codec/launch
[5.448s] -- Up-to-date: /cc_ws/tros_ws/install/share/hobot_codec/launch/hobot_codec.launch.py
[5.449s] -- Up-to-date: /cc_ws/tros_ws/install/share/hobot_codec/launch/hobot_codec_encode.launch.py
[5.449s] -- Up-to-date: /cc_ws/tros_ws/install/share/hobot_codec/launch/hobot_codec_decode.launch.py
[5.449s] -- Up-to-date: /cc_ws/tros_ws/install/share/hobot_codec/launch/hobot_codec_benchmark.launch.py
[5.449s] -- Up-to-date: /cc_ws/tros_ws/install/lib/hobot_codec/config/
[5.450s] -- Up-to-date: /cc_ws/tros_ws/install/lib/hobot_codec/config//1920x1080.nv12
[5.450s] -- Up-to-date: /cc_ws/tros_ws/install/lib/hobot_codec/config//1920x1080.h265
[5.450s] -- Up-to-date: /cc_ws/tros_ws/install/lib/hobot_codec/config//1920x1080.jpeg
[5.450s] -- Up-to-date: /cc_ws/tros_ws/install/lib/hobot_codec/config//1920x1080.h264
[5.450s] -- Up-to-date: /cc_ws/tros_ws/install/share/ament_index/resource_index/package_run_dependencies/hobot_codec
[5.450s] -- Up-to-date: /cc_ws/tros_ws/install/share/ament_index/resource_index/parent_prefix_path/hobot_codec
[5.451s] -- Up-to-date: /cc_ws/tros_ws/install/share/hobot_codec/environment/ament_prefix_path.sh
[5.451s] -- Installing: /cc_ws/tros_ws/install/share/hobot_codec/environment/ament_prefix_path.dsv
[5.452s] -- Up-to-date: /cc_ws/tros_ws/install/share/hobot_codec/environment/path.sh
[5.452s] -- Installing: /cc_ws/tros_ws/install/share/hobot_codec/environment/path.dsv
[5.452s] -- Up-to-date: /cc_ws/tros_ws/install/share/hobot_codec/local_setup.bash
[5.452s] -- Up-to-date: /cc_ws/tros_ws/install/share/hobot_codec/local_setup.sh
[5.453s] -- Up-to-date: /cc_ws/tros_ws/install/share/hobot_codec/local_setup.zsh
[5.453s] -- Installing: /cc_ws/tros_ws/install/share/hobot_codec/local_setup.dsv
[5.453s] -- Installing: /cc_ws/tros_ws/install/share/hobot_codec/package.dsv
[5.453s] -- Up-to-date: /cc_ws/tros_ws/install/share/ament_index/resource_index/packages/hobot_codec
[5.453s] -- Up-to-date: /cc_ws/tros_ws/install/share/ament_index/resource_index/rclcpp_components/hobot_codec
[5.454s] -- Up-to-date: /cc_ws/tros_ws/install/share/hobot_codec/cmake/hobot_codecConfig.cmake
[5.454s] -- Up-to-date: /cc_ws/tros_ws/install/share/hobot_codec/cmake/hobot_codecConfig-version.cmake
[5.454s] -- Up-to-date: /cc_ws/tros_ws/install/share/hobot_codec/package.xml
[5.465s] Invoked command in '/cc_ws/tros_ws/build/hobot_codec' returned '0': AMENT_PREFIX_PATH=/cc_ws/tros_ws/install:${AMENT_PREFIX_PATH} CMAKE_PREFIX_PATH=/cc_ws/tros_ws/install:/opt/ros/humble LD_LIBRARY_PATH=/cc_ws/tros_ws/install/lib:/opt/ros/humble/opt/rviz_ogre_vendor/lib:/opt/ros/humble/lib/aarch64-linux-gnu:/opt/ros/humble/lib:/cc_ws/userdata/hobot/opt/hobot/deps PYTHONPATH=/cc_ws/tros_ws/install/lib/python3.10/site-packages:/cc_ws/tros_ws/install/local/lib/python3.10/dist-packages:${PYTHONPATH} /usr/bin/cmake --install /cc_ws/tros_ws/build/hobot_codec
