[0.066s] Invoking command in '/cc_ws/tros_ws/build/ground_robot_planner': CMAKE_PREFIX_PATH=/opt/ros/humble /usr/bin/cmake /cc_ws/tros_ws/src/dm_unitree/GroundRobotPlanner_ros2/src/ground_robot_planner -DCMAKE_EXPORT_COMPILE_COMMANDS=ON --no-warn-unused-cli -DCMAKE_TOOLCHAIN_FILE=/cc_ws/tros_ws/robot_dev_config/aarch64_toolchainfile.cmake -DPLATFORM_X5=ON -DTHIRDPARTY=ON -DBUILD_TESTING=OFF -DCMAKE_BUILD_RPATH=/cc_ws/tros_ws/build/poco_vendor/poco_external_project_install/lib/;/cc_ws/tros_ws/build/libyaml_vendor/libyaml_install/lib/ -DCMAKE_INSTALL_PREFIX=/cc_ws/tros_ws/install
[0.368s] Not searching for unused variables given on the command line.
[0.378s] -- Found ament_cmake: 1.3.8 (/opt/ros/humble/share/ament_cmake/cmake)
[0.410s] [33mCMake Warning (dev) at /opt/ros/humble/share/ament_cmake_test/cmake/ament_cmake_test-extras.cmake:19 (option):
[0.410s]   Policy CMP0077 is not set: option() honors normal variables.  Run "cmake
[0.410s]   --help-policy CMP0077" for policy details.  Use the cmake_policy command to
[0.411s]   set the policy and suppress this warning.
[0.411s] 
[0.411s]   For compatibility with older versions of CMake, option is clearing the
[0.411s]   normal variable 'BUILD_TESTING'.
[0.411s] Call Stack (most recent call first):
[0.411s]   /opt/ros/humble/share/ament_cmake_test/cmake/ament_cmake_testConfig.cmake:41 (include)
[0.411s]   /opt/ros/humble/share/ament_cmake/cmake/ament_cmake_export_dependencies-extras.cmake:21 (find_package)
[0.411s]   /opt/ros/humble/share/ament_cmake/cmake/ament_cmakeConfig.cmake:41 (include)
[0.412s]   CMakeLists.txt:25 (find_package)
[0.412s] This warning is for project developers.  Use -Wno-dev to suppress it.
[0.412s] [0m
[0.412s] -- Found rclcpp: 16.0.8 (/opt/ros/humble/share/rclcpp/cmake)
[0.534s] -- Found rosidl_generator_c: 3.1.5 (/opt/ros/humble/share/rosidl_generator_c/cmake)
[0.540s] -- Found rosidl_adapter: 3.1.5 (/opt/ros/humble/share/rosidl_adapter/cmake)
[0.552s] -- Found rosidl_generator_cpp: 3.1.5 (/opt/ros/humble/share/rosidl_generator_cpp/cmake)
[0.577s] -- Using all available rosidl_typesupport_c: rosidl_typesupport_fastrtps_c;rosidl_typesupport_introspection_c
[0.616s] -- Using all available rosidl_typesupport_cpp: rosidl_typesupport_fastrtps_cpp;rosidl_typesupport_introspection_cpp
[0.784s] -- Found rmw_implementation_cmake: 6.1.1 (/opt/ros/humble/share/rmw_implementation_cmake/cmake)
[0.792s] -- Found rmw_fastrtps_cpp: 6.2.6 (/opt/ros/humble/share/rmw_fastrtps_cpp/cmake)
[1.374s] -- Using RMW implementation 'rmw_fastrtps_cpp' as default
[2.048s] -- Found sensor_msgs: 4.2.3 (/opt/ros/humble/share/sensor_msgs/cmake)
[2.450s] -- Found nav_msgs: 4.2.3 (/opt/ros/humble/share/nav_msgs/cmake)
[2.635s] -- Found visualization_msgs: 4.2.3 (/opt/ros/humble/share/visualization_msgs/cmake)
[2.915s] -- Found cv_bridge: 3.2.1 (/opt/ros/humble/share/cv_bridge/cmake)
[2.968s] -- Checking for module 'eigen3'
[2.969s] --   No package 'eigen3' found
[2.972s] -- Eigen found (include: /cc_ws/tros_ws/robot_dev_config/../../sysroot_docker/usr/include/eigen3, version: 3.4.0)
[3.037s] -- FLANN found (include: /cc_ws/tros_ws/robot_dev_config/../../sysroot_docker/usr/include, lib: /cc_ws/tros_ws/robot_dev_config/../../sysroot_docker/usr/lib/aarch64-linux-gnu/libflann_cpp.so)
[3.053s] -- The imported target "VTK::WrapHierarchy" references the file
[3.053s]    "/cc_ws/sysroot_docker/usr/bin/vtkWrapHierarchy-9.1"
[3.058s] but this file does not exist.  Possible reasons include:
[3.058s] * The file was deleted, renamed, or moved to another location.
[3.059s] * An install or uninstall procedure did not complete successfully.
[3.059s] * The installation package was faulty and contained
[3.059s]    "/cc_ws/sysroot_docker/usr/lib/aarch64-linux-gnu/cmake/vtk-9.1/VTK-targets.cmake"
[3.059s] but not all the files it references.
[3.059s] 
[3.059s] -- The imported target "VTK::WrapPython" references the file
[3.060s]    "/cc_ws/sysroot_docker/usr/bin/vtkWrapPython-9.1"
[3.060s] but this file does not exist.  Possible reasons include:
[3.060s] * The file was deleted, renamed, or moved to another location.
[3.060s] * An install or uninstall procedure did not complete successfully.
[3.060s] * The installation package was faulty and contained
[3.060s]    "/cc_ws/sysroot_docker/usr/lib/aarch64-linux-gnu/cmake/vtk-9.1/VTK-targets.cmake"
[3.061s] but not all the files it references.
[3.062s] 
[3.062s] -- The imported target "VTK::WrapPythonInit" references the file
[3.062s]    "/cc_ws/sysroot_docker/usr/bin/vtkWrapPythonInit-9.1"
[3.062s] but this file does not exist.  Possible reasons include:
[3.062s] * The file was deleted, renamed, or moved to another location.
[3.062s] * An install or uninstall procedure did not complete successfully.
[3.062s] * The installation package was faulty and contained
[3.063s]    "/cc_ws/sysroot_docker/usr/lib/aarch64-linux-gnu/cmake/vtk-9.1/VTK-targets.cmake"
[3.063s] but not all the files it references.
[3.063s] 
[3.063s] -- The imported target "VTK::ParseJava" references the file
[3.063s]    "/cc_ws/sysroot_docker/usr/bin/vtkParseJava-9.1"
[3.063s] but this file does not exist.  Possible reasons include:
[3.063s] * The file was deleted, renamed, or moved to another location.
[3.063s] * An install or uninstall procedure did not complete successfully.
[3.064s] * The installation package was faulty and contained
[3.064s]    "/cc_ws/sysroot_docker/usr/lib/aarch64-linux-gnu/cmake/vtk-9.1/VTK-targets.cmake"
[3.064s] but not all the files it references.
[3.064s] 
[3.064s] -- The imported target "VTK::WrapJava" references the file
[3.064s]    "/cc_ws/sysroot_docker/usr/bin/vtkWrapJava-9.1"
[3.064s] but this file does not exist.  Possible reasons include:
[3.065s] * The file was deleted, renamed, or moved to another location.
[3.065s] * An install or uninstall procedure did not complete successfully.
[3.065s] * The installation package was faulty and contained
[3.065s]    "/cc_ws/sysroot_docker/usr/lib/aarch64-linux-gnu/cmake/vtk-9.1/VTK-targets.cmake"
[3.065s] but not all the files it references.
[3.065s] 
[3.066s] -- The imported target "VTK::vtkProbeOpenGLVersion" references the file
[3.066s]    "/cc_ws/sysroot_docker/usr/bin/vtkProbeOpenGLVersion-9.1"
[3.066s] but this file does not exist.  Possible reasons include:
[3.066s] * The file was deleted, renamed, or moved to another location.
[3.066s] * An install or uninstall procedure did not complete successfully.
[3.066s] * The installation package was faulty and contained
[3.066s]    "/cc_ws/sysroot_docker/usr/lib/aarch64-linux-gnu/cmake/vtk-9.1/VTK-targets.cmake"
[3.066s] but not all the files it references.
[3.067s] 
[3.228s] -- Checking for module 'mpi-c'
[3.244s] --   No package 'mpi-c' found
[3.300s] -- Could NOT find MPI_C (missing: MPI_C_LIB_NAMES MPI_C_HEADER_DIR MPI_C_WORKS) 
[3.300s] -- Could NOT find MPI (missing: MPI_C_FOUND C) 
[3.406s] -- Found Eigen3: /cc_ws/tros_ws/robot_dev_config/../../sysroot_docker/usr/include/eigen3 (found version "3.4.0") 
[3.755s] -- OpenNI found (version: 1.5.4.0, include: /cc_ws/tros_ws/robot_dev_config/../../sysroot_docker/usr/include/ni, lib: /cc_ws/tros_ws/robot_dev_config/../../sysroot_docker/usr/lib/libOpenNI.so;libusb::libusb)
[3.771s] -- OpenNI2 found (version: 2.2.0.33, include: /cc_ws/tros_ws/robot_dev_config/../../sysroot_docker/usr/include/openni2, lib: /cc_ws/tros_ws/robot_dev_config/../../sysroot_docker/usr/lib/aarch64-linux-gnu/libOpenNI2.so;libusb::libusb)
[3.772s] [0m** WARNING ** io features related to pcap will be disabled[0m
[3.948s] -- Checking for module 'mpi-c'
[3.948s] --   No package 'mpi-c' found
[4.052s] -- Could NOT find MPI_C (missing: MPI_C_LIB_NAMES MPI_C_HEADER_DIR MPI_C_WORKS) 
[4.052s] -- Could NOT find MPI (missing: MPI_C_FOUND C) 
[4.409s] -- Checking for module 'eigen3'
[4.420s] --   No package 'eigen3' found
[4.422s] -- Eigen found (include: /cc_ws/tros_ws/robot_dev_config/../../sysroot_docker/usr/include/eigen3, version: 3.4.0)
[4.471s] -- OpenNI found (version: 1.5.4.0, include: /cc_ws/tros_ws/robot_dev_config/../../sysroot_docker/usr/include/ni, lib: /cc_ws/tros_ws/robot_dev_config/../../sysroot_docker/usr/lib/libOpenNI.so;libusb::libusb)
[4.486s] -- OpenNI2 found (version: 2.2.0.33, include: /cc_ws/tros_ws/robot_dev_config/../../sysroot_docker/usr/include/openni2, lib: /cc_ws/tros_ws/robot_dev_config/../../sysroot_docker/usr/lib/aarch64-linux-gnu/libOpenNI2.so;libusb::libusb)
[4.708s] -- Checking for module 'mpi-c'
[4.714s] --   No package 'mpi-c' found
[4.850s] -- Could NOT find MPI_C (missing: MPI_C_LIB_NAMES MPI_C_HEADER_DIR MPI_C_WORKS) 
[4.852s] -- Could NOT find MPI (missing: MPI_C_FOUND C) 
[5.304s] -- Found Qhull version 8.0.2
[5.537s] -- Checking for module 'mpi-c'
[5.546s] --   No package 'mpi-c' found
[5.675s] -- Could NOT find MPI_C (missing: MPI_C_LIB_NAMES MPI_C_HEADER_DIR MPI_C_WORKS) 
[5.675s] -- Could NOT find MPI (missing: MPI_C_FOUND C) 
[6.097s] -- OpenNI found (version: 1.5.4.0, include: /cc_ws/tros_ws/robot_dev_config/../../sysroot_docker/usr/include/ni, lib: /cc_ws/tros_ws/robot_dev_config/../../sysroot_docker/usr/lib/libOpenNI.so;libusb::libusb)
[6.309s] -- Checking for module 'mpi-c'
[6.326s] --   No package 'mpi-c' found
[6.426s] -- Could NOT find MPI_C (missing: MPI_C_LIB_NAMES MPI_C_HEADER_DIR MPI_C_WORKS) 
[6.427s] -- Could NOT find MPI (missing: MPI_C_FOUND C) 
[6.847s] -- looking for PCL_COMMON
[6.847s] -- Could NOT find PCL_COMMON (missing: PCL_COMMON_LIBRARY PCL_COMMON_INCLUDE_DIR) 
[6.847s] -- looking for PCL_KDTREE
[6.848s] -- Could NOT find PCL_KDTREE (missing: PCL_KDTREE_LIBRARY PCL_KDTREE_INCLUDE_DIR) 
[6.848s] -- looking for PCL_OCTREE
[6.848s] -- Could NOT find PCL_OCTREE (missing: PCL_OCTREE_LIBRARY PCL_OCTREE_INCLUDE_DIR) 
[6.849s] -- looking for PCL_SEARCH
[6.858s] -- Could NOT find PCL_SEARCH (missing: PCL_SEARCH_LIBRARY PCL_SEARCH_INCLUDE_DIR) 
[6.858s] -- looking for PCL_SAMPLE_CONSENSUS
[6.858s] -- Could NOT find PCL_SAMPLE_CONSENSUS (missing: PCL_SAMPLE_CONSENSUS_LIBRARY PCL_SAMPLE_CONSENSUS_INCLUDE_DIR) 
[6.859s] -- looking for PCL_FILTERS
[6.859s] -- Could NOT find PCL_FILTERS (missing: PCL_FILTERS_LIBRARY PCL_FILTERS_INCLUDE_DIR) 
[6.859s] -- looking for PCL_2D
[6.859s] -- Could NOT find PCL_2D (missing: PCL_2D_INCLUDE_DIR) 
[6.859s] -- looking for PCL_GEOMETRY
[6.859s] -- Could NOT find PCL_GEOMETRY (missing: PCL_GEOMETRY_INCLUDE_DIR) 
[6.865s] -- looking for PCL_IO
[6.865s] -- Could NOT find PCL_IO (missing: PCL_IO_LIBRARY PCL_IO_INCLUDE_DIR) 
[6.865s] -- looking for PCL_FEATURES
[6.865s] -- Could NOT find PCL_FEATURES (missing: PCL_FEATURES_LIBRARY PCL_FEATURES_INCLUDE_DIR) 
[6.865s] -- looking for PCL_ML
[6.865s] -- Could NOT find PCL_ML (missing: PCL_ML_LIBRARY PCL_ML_INCLUDE_DIR) 
[6.866s] -- looking for PCL_SEGMENTATION
[6.866s] -- Could NOT find PCL_SEGMENTATION (missing: PCL_SEGMENTATION_LIBRARY PCL_SEGMENTATION_INCLUDE_DIR) 
[6.866s] -- looking for PCL_VISUALIZATION
[6.867s] -- Could NOT find PCL_VISUALIZATION (missing: PCL_VISUALIZATION_LIBRARY PCL_VISUALIZATION_INCLUDE_DIR) 
[6.867s] -- looking for PCL_SURFACE
[6.867s] -- Could NOT find PCL_SURFACE (missing: PCL_SURFACE_LIBRARY PCL_SURFACE_INCLUDE_DIR) 
[6.868s] -- looking for PCL_REGISTRATION
[6.868s] -- Could NOT find PCL_REGISTRATION (missing: PCL_REGISTRATION_LIBRARY PCL_REGISTRATION_INCLUDE_DIR) 
[6.868s] -- looking for PCL_KEYPOINTS
[6.868s] -- Could NOT find PCL_KEYPOINTS (missing: PCL_KEYPOINTS_LIBRARY PCL_KEYPOINTS_INCLUDE_DIR) 
[6.869s] -- looking for PCL_TRACKING
[6.869s] -- Could NOT find PCL_TRACKING (missing: PCL_TRACKING_LIBRARY PCL_TRACKING_INCLUDE_DIR) 
[6.869s] -- looking for PCL_RECOGNITION
[6.886s] -- Could NOT find PCL_RECOGNITION (missing: PCL_RECOGNITION_LIBRARY PCL_RECOGNITION_INCLUDE_DIR) 
[6.886s] -- looking for PCL_STEREO
[6.886s] -- Could NOT find PCL_STEREO (missing: PCL_STEREO_LIBRARY PCL_STEREO_INCLUDE_DIR) 
[6.887s] -- looking for PCL_APPS
[6.887s] -- Could NOT find PCL_APPS (missing: PCL_APPS_LIBRARY PCL_APPS_INCLUDE_DIR) 
[6.887s] -- looking for PCL_IN_HAND_SCANNER
[6.891s] -- Could NOT find PCL_IN_HAND_SCANNER (missing: PCL_IN_HAND_SCANNER_INCLUDE_DIR) 
[6.891s] -- looking for PCL_MODELER
[6.891s] -- Could NOT find PCL_MODELER (missing: PCL_MODELER_INCLUDE_DIR) 
[6.891s] -- looking for PCL_POINT_CLOUD_EDITOR
[6.893s] -- Could NOT find PCL_POINT_CLOUD_EDITOR (missing: PCL_POINT_CLOUD_EDITOR_INCLUDE_DIR) 
[6.894s] -- looking for PCL_OUTOFCORE
[6.905s] -- Could NOT find PCL_OUTOFCORE (missing: PCL_OUTOFCORE_LIBRARY PCL_OUTOFCORE_INCLUDE_DIR) 
[6.905s] -- looking for PCL_PEOPLE
[6.905s] -- Could NOT find PCL_PEOPLE (missing: PCL_PEOPLE_LIBRARY PCL_PEOPLE_INCLUDE_DIR) 
[6.905s] -- Found pcl_conversions: 2.4.0 (/opt/ros/humble/share/pcl_conversions/cmake)
[7.350s] -- Found tf2: 0.25.6 (/opt/ros/humble/share/tf2/cmake)
[7.369s] -- Found tf2_ros: 0.25.6 (/opt/ros/humble/share/tf2_ros/cmake)
[8.200s] -- Found tf2_geometry_msgs: 0.25.6 (/opt/ros/humble/share/tf2_geometry_msgs/cmake)
[8.214s] -- Found eigen3_cmake_module: 0.1.1 (/opt/ros/humble/share/eigen3_cmake_module/cmake)
[8.222s] -- Found Eigen3: TRUE (found version "3.4.0") 
[8.223s] -- Ensuring Eigen3 include directory is part of orocos-kdl CMake target
[8.686s] -- Configuring done
[8.903s] -- Generating done
[8.909s] -- Build files have been written to: /cc_ws/tros_ws/build/ground_robot_planner
[8.966s] Invoked command in '/cc_ws/tros_ws/build/ground_robot_planner' returned '0': CMAKE_PREFIX_PATH=/opt/ros/humble /usr/bin/cmake /cc_ws/tros_ws/src/dm_unitree/GroundRobotPlanner_ros2/src/ground_robot_planner -DCMAKE_EXPORT_COMPILE_COMMANDS=ON --no-warn-unused-cli -DCMAKE_TOOLCHAIN_FILE=/cc_ws/tros_ws/robot_dev_config/aarch64_toolchainfile.cmake -DPLATFORM_X5=ON -DTHIRDPARTY=ON -DBUILD_TESTING=OFF -DCMAKE_BUILD_RPATH=/cc_ws/tros_ws/build/poco_vendor/poco_external_project_install/lib/;/cc_ws/tros_ws/build/libyaml_vendor/libyaml_install/lib/ -DCMAKE_INSTALL_PREFIX=/cc_ws/tros_ws/install
[8.967s] Invoking command in '/cc_ws/tros_ws/build/ground_robot_planner': CMAKE_PREFIX_PATH=/opt/ros/humble /usr/bin/cmake --build /cc_ws/tros_ws/build/ground_robot_planner -- -j12 -l12
[9.276s] [35m[1mConsolidate compiler generated dependencies of target ground_robot_planner_lib[0m
[9.441s] [ 64%] Built target ground_robot_planner_lib
[9.491s] [35m[1mConsolidate compiler generated dependencies of target controller_node[0m
[9.518s] [35m[1mConsolidate compiler generated dependencies of target navigation_manager_node[0m
[9.544s] [35m[1mConsolidate compiler generated dependencies of target grid_map_node[0m
[9.586s] [ 70%] [32m[1mLinking CXX executable controller_node[0m
[9.631s] [ 76%] [32m[1mLinking CXX executable navigation_manager_node[0m
[9.664s] [ 82%] [32m[1mLinking CXX executable grid_map_node[0m
[23.030s] [ 88%] Built target grid_map_node
[27.828s] [ 94%] Built target controller_node
[27.904s] [100%] Built target navigation_manager_node
[27.939s] Invoked command in '/cc_ws/tros_ws/build/ground_robot_planner' returned '0': CMAKE_PREFIX_PATH=/opt/ros/humble /usr/bin/cmake --build /cc_ws/tros_ws/build/ground_robot_planner -- -j12 -l12
[28.276s] Invoking command in '/cc_ws/tros_ws/build/ground_robot_planner': CMAKE_PREFIX_PATH=/opt/ros/humble /usr/bin/cmake --install /cc_ws/tros_ws/build/ground_robot_planner
[28.387s] -- Install configuration: ""
[28.387s] -- Installing: /cc_ws/tros_ws/install/lib/ground_robot_planner/controller_node
[28.388s] -- Set runtime path of "/cc_ws/tros_ws/install/lib/ground_robot_planner/controller_node" to ""
[28.389s] -- Installing: /cc_ws/tros_ws/install/lib/ground_robot_planner/grid_map_node
[28.389s] -- Set runtime path of "/cc_ws/tros_ws/install/lib/ground_robot_planner/grid_map_node" to ""
[28.401s] -- Up-to-date: /cc_ws/tros_ws/install/share/ground_robot_planner/launch
[28.401s] -- Up-to-date: /cc_ws/tros_ws/install/share/ground_robot_planner/launch/test_controller_without_rviz_test_sg.py
[28.402s] -- Up-to-date: /cc_ws/tros_ws/install/share/ground_robot_planner/launch/test_controller_without_rviz_suanli.py
[28.402s] -- Up-to-date: /cc_ws/tros_ws/install/share/ground_robot_planner/launch/test_navigation_manager.py
[28.402s] -- Up-to-date: /cc_ws/tros_ws/install/share/ground_robot_planner/launch/test_controller_without_rviz.py
[28.402s] -- Up-to-date: /cc_ws/tros_ws/install/share/ground_robot_planner/launch/test_controller_without_rviz_test_jmw1.py
[28.403s] -- Up-to-date: /cc_ws/tros_ws/install/share/ground_robot_planner/launch/test_controller1.py
[28.403s] -- Up-to-date: /cc_ws/tros_ws/install/share/ground_robot_planner/launch/nav_stereo.py
[28.403s] -- Up-to-date: /cc_ws/tros_ws/install/share/ground_robot_planner/launch/test_controller_without_rviz_g1.py
[28.403s] -- Up-to-date: /cc_ws/tros_ws/install/share/ground_robot_planner/launch/test_controller_without_rviz_b2.py
[28.404s] -- Up-to-date: /cc_ws/tros_ws/install/share/ground_robot_planner/launch/test_controller_big1.py
[28.405s] -- Up-to-date: /cc_ws/tros_ws/install/share/ground_robot_planner/launch/test_controller_without_rviz_test.py
[28.405s] -- Up-to-date: /cc_ws/tros_ws/install/share/ground_robot_planner/launch/launch_planner.py
[28.406s] -- Up-to-date: /cc_ws/tros_ws/install/share/ground_robot_planner/launch/dwa_test.launch.py
[28.407s] -- Up-to-date: /cc_ws/tros_ws/install/share/ground_robot_planner/launch/test_gridmap.py
[28.407s] -- Up-to-date: /cc_ws/tros_ws/install/share/ground_robot_planner/launch/test_controller_without_rviz_test.py.bak
[28.407s] -- Up-to-date: /cc_ws/tros_ws/install/share/ground_robot_planner/launch/test_controller_without_rviz_b2_update.py
[28.407s] -- Installing: /cc_ws/tros_ws/install/share/ground_robot_planner/launch/nav_stereo_without.py
[28.408s] -- Up-to-date: /cc_ws/tros_ws/install/share/ground_robot_planner/launch/test_controller.py
[28.408s] -- Up-to-date: /cc_ws/tros_ws/install/share/ground_robot_planner/config
[28.408s] -- Up-to-date: /cc_ws/tros_ws/install/share/ground_robot_planner/config/rviz.rviz
[28.408s] -- Up-to-date: /cc_ws/tros_ws/install/share/ground_robot_planner/config/rviz2.rviz
[28.408s] -- Up-to-date: /cc_ws/tros_ws/install/share/ground_robot_planner/config/planner_params.yaml
[28.409s] -- Up-to-date: /cc_ws/tros_ws/install/share/ground_robot_planner/config/trajectory_sampler_params.yaml
[28.409s] -- Up-to-date: /cc_ws/tros_ws/install/share/ground_robot_planner/config/dwa_params.yaml
[28.409s] -- Up-to-date: /cc_ws/tros_ws/install/share/ground_robot_planner/config/controller_visualization.rviz
[28.409s] -- Up-to-date: /cc_ws/tros_ws/install/include/ground_robot_planner
[28.410s] -- Up-to-date: /cc_ws/tros_ws/install/include/ground_robot_planner/dwa.h
[28.410s] -- Up-to-date: /cc_ws/tros_ws/install/include/ground_robot_planner/statistics_manager.h
[28.410s] -- Up-to-date: /cc_ws/tros_ws/install/include/ground_robot_planner/path_follower.h
[28.411s] -- Up-to-date: /cc_ws/tros_ws/install/include/ground_robot_planner/astar_planner.h
[28.411s] -- Up-to-date: /cc_ws/tros_ws/install/include/ground_robot_planner/controller.h
[28.411s] -- Up-to-date: /cc_ws/tros_ws/install/include/ground_robot_planner/ray_caster.h
[28.411s] -- Up-to-date: /cc_ws/tros_ws/install/include/ground_robot_planner/grid_map.h
[28.412s] -- Up-to-date: /cc_ws/tros_ws/install/include/ground_robot_planner/state_manager.h
[28.412s] -- Up-to-date: /cc_ws/tros_ws/install/include/ground_robot_planner/navigation_manager.h
[28.412s] -- Up-to-date: /cc_ws/tros_ws/install/include/ground_robot_planner/parameter_manager.h
[28.412s] -- Up-to-date: /cc_ws/tros_ws/install/lib/libground_robot_planner_lib.a
[28.413s] -- Up-to-date: /cc_ws/tros_ws/install/share/ament_index/resource_index/package_run_dependencies/ground_robot_planner
[28.413s] -- Up-to-date: /cc_ws/tros_ws/install/share/ament_index/resource_index/parent_prefix_path/ground_robot_planner
[28.413s] -- Up-to-date: /cc_ws/tros_ws/install/share/ground_robot_planner/environment/ament_prefix_path.sh
[28.413s] -- Installing: /cc_ws/tros_ws/install/share/ground_robot_planner/environment/ament_prefix_path.dsv
[28.413s] -- Up-to-date: /cc_ws/tros_ws/install/share/ground_robot_planner/environment/path.sh
[28.414s] -- Installing: /cc_ws/tros_ws/install/share/ground_robot_planner/environment/path.dsv
[28.414s] -- Up-to-date: /cc_ws/tros_ws/install/share/ground_robot_planner/local_setup.bash
[28.414s] -- Up-to-date: /cc_ws/tros_ws/install/share/ground_robot_planner/local_setup.sh
[28.415s] -- Up-to-date: /cc_ws/tros_ws/install/share/ground_robot_planner/local_setup.zsh
[28.415s] -- Installing: /cc_ws/tros_ws/install/share/ground_robot_planner/local_setup.dsv
[28.415s] -- Installing: /cc_ws/tros_ws/install/share/ground_robot_planner/package.dsv
[28.415s] -- Up-to-date: /cc_ws/tros_ws/install/share/ament_index/resource_index/packages/ground_robot_planner
[28.415s] -- Up-to-date: /cc_ws/tros_ws/install/share/ground_robot_planner/cmake/ground_robot_plannerConfig.cmake
[28.416s] -- Up-to-date: /cc_ws/tros_ws/install/share/ground_robot_planner/cmake/ground_robot_plannerConfig-version.cmake
[28.416s] -- Up-to-date: /cc_ws/tros_ws/install/share/ground_robot_planner/package.xml
[28.530s] Invoked command in '/cc_ws/tros_ws/build/ground_robot_planner' returned '0': CMAKE_PREFIX_PATH=/opt/ros/humble /usr/bin/cmake --install /cc_ws/tros_ws/build/ground_robot_planner
