[33mCMake Warning (dev) at /opt/ros/humble/share/ament_cmake_test/cmake/ament_cmake_test-extras.cmake:19 (option):
  Policy CMP0077 is not set: option() honors normal variables.  Run "cmake
  --help-policy CMP0077" for policy details.  Use the cmake_policy command to
  set the policy and suppress this warning.

  For compatibility with older versions of CMake, option is clearing the
  normal variable 'BUILD_TESTING'.
Call Stack (most recent call first):
  /opt/ros/humble/share/ament_cmake_test/cmake/ament_cmake_testConfig.cmake:41 (include)
  /opt/ros/humble/share/ament_cmake/cmake/ament_cmake_export_dependencies-extras.cmake:21 (find_package)
  /opt/ros/humble/share/ament_cmake/cmake/ament_cmakeConfig.cmake:41 (include)
  CMakeLists.txt:33 (find_package)
This warning is for project developers.  Use -Wno-dev to suppress it.
[0m
[0mbuild platform X5[0m
[0mCMAKE_SYSROOT is /cc_ws/tros_ws/robot_dev_config/../../sysroot_docker[0m
Not searching for unused variables given on the command line.
-- The C compiler identification is GNU 11.4.0
-- The CXX compiler identification is GNU 11.4.0
-- Detecting C compiler ABI info
-- Detecting C compiler ABI info - done
-- Check for working C compiler: /usr/bin/aarch64-linux-gnu-gcc - skipped
-- Detecting C compile features
-- Detecting C compile features - done
-- Detecting CXX compiler ABI info
-- Detecting CXX compiler ABI info - done
-- Check for working CXX compiler: /usr/bin/aarch64-linux-gnu-g++ - skipped
-- Detecting CXX compile features
-- Detecting CXX compile features - done
-- Found ament_cmake: 1.3.8 (/opt/ros/humble/share/ament_cmake/cmake)
-- Found Python3: /usr/bin/python3 (found version "3.10.12") found components: Interpreter 
-- Found rclcpp: 16.0.8 (/opt/ros/humble/share/rclcpp/cmake)
-- Found rosidl_generator_c: 3.1.5 (/opt/ros/humble/share/rosidl_generator_c/cmake)
-- Found rosidl_adapter: 3.1.5 (/opt/ros/humble/share/rosidl_adapter/cmake)
-- Found rosidl_generator_cpp: 3.1.5 (/opt/ros/humble/share/rosidl_generator_cpp/cmake)
-- Using all available rosidl_typesupport_c: rosidl_typesupport_fastrtps_c;rosidl_typesupport_introspection_c
-- Using all available rosidl_typesupport_cpp: rosidl_typesupport_fastrtps_cpp;rosidl_typesupport_introspection_cpp
-- Found rmw_implementation_cmake: 6.1.1 (/opt/ros/humble/share/rmw_implementation_cmake/cmake)
-- Found rmw_fastrtps_cpp: 6.2.6 (/opt/ros/humble/share/rmw_fastrtps_cpp/cmake)
-- Found OpenSSL: /cc_ws/tros_ws/robot_dev_config/../../sysroot_docker/usr/lib/aarch64-linux-gnu/libcrypto.so (found version "3.0.2")  
-- Found FastRTPS: /opt/ros/humble/include  
-- Using RMW implementation 'rmw_fastrtps_cpp' as default
-- Looking for pthread.h
-- Looking for pthread.h - found
-- Performing Test CMAKE_HAVE_LIBC_PTHREAD
-- Performing Test CMAKE_HAVE_LIBC_PTHREAD - Success
-- Found Threads: TRUE  
-- Found ai_msgs: 2.0.1 (/cc_ws/tros_ws/robot_dev_config/../install/share/ai_msgs/cmake)
-- Found cv_bridge: 3.2.1 (/opt/ros/humble/share/cv_bridge/cmake)
-- Found hobot_cv: 2.3.2 (/cc_ws/tros_ws/robot_dev_config/../install/share/hobot_cv/cmake)
-- Found dnn_node: 2.5.4 (/cc_ws/tros_ws/robot_dev_config/../install/share/dnn_node/cmake)
-- Found hbm_img_msgs: 2.0.0 (/cc_ws/tros_ws/robot_dev_config/../install/share/hbm_img_msgs/cmake)
-- Configuring done
-- Generating done
-- Build files have been written to: /cc_ws/tros_ws/build/mono_pwcnet
[ 16%] [32mBuilding CXX object CMakeFiles/mono_pwcnet.dir/src/main.cpp.o[0m
[ 33%] [32mBuilding CXX object CMakeFiles/mono_pwcnet.dir/src/image_utils.cpp.o[0m
[ 50%] [32mBuilding CXX object CMakeFiles/mono_pwcnet.dir/src/image_proc.cpp.o[0m
[ 66%] [32mBuilding CXX object CMakeFiles/mono_pwcnet.dir/src/pwcnet_output_parser.cpp.o[0m
[01m[K/cc_ws/tros_ws/src/box/hobot_perception/mono_pwcnet/src/image_proc.cpp:[m[K In static member function ‘[01m[Kstatic int32_t ImageProc::Nv12ToYUV444(cv::Mat&, const int&, const int&, cv::Mat&, int)[m[K’:
[01m[K/cc_ws/tros_ws/src/box/hobot_perception/mono_pwcnet/src/image_proc.cpp:123:11:[m[K [01;35m[Kwarning: [m[Kunused variable ‘[01m[Kuv_height[m[K’ [[01;35m[K-Wunused-variable[m[K]
  123 |   int32_t [01;35m[Kuv_height[m[K = height / 2;
      |           [01;35m[K^~~~~~~~~[m[K
[01m[K/cc_ws/tros_ws/src/box/hobot_perception/mono_pwcnet/src/pwcnet_output_parser.cpp:[m[K In member function ‘[01m[Kint32_t PwcNetOutputParser::PostProcess(std::vector<std::shared_ptr<hobot::easy_dnn::DNNTensor> >&, int, int, int, int, std::shared_ptr<OpticalFlow>&, float)[m[K’:
[01m[K/cc_ws/tros_ws/src/box/hobot_perception/mono_pwcnet/src/pwcnet_output_parser.cpp:53:11:[m[K [01;35m[Kwarning: [m[Kunused parameter ‘[01m[Kratio[m[K’ [[01;35m[K-Wunused-parameter[m[K]
   53 |     [01;35m[Kfloat ratio[m[K) {
      |     [01;35m[K~~~~~~^~~~~[m[K
[ 83%] [32mBuilding CXX object CMakeFiles/mono_pwcnet.dir/src/pwcnet_node.cpp.o[0m
In file included from [01m[K/opt/ros/humble/include/rclcpp/rclcpp/logging.hpp:24[m[K,
                 from [01m[K/opt/ros/humble/include/rclcpp/rclcpp/client.hpp:40[m[K,
                 from [01m[K/opt/ros/humble/include/rclcpp/rclcpp/callback_group.hpp:24[m[K,
                 from [01m[K/opt/ros/humble/include/rclcpp/rclcpp/any_executable.hpp:20[m[K,
                 from [01m[K/opt/ros/humble/include/rclcpp/rclcpp/memory_strategy.hpp:25[m[K,
                 from [01m[K/opt/ros/humble/include/rclcpp/rclcpp/memory_strategies.hpp:18[m[K,
                 from [01m[K/opt/ros/humble/include/rclcpp/rclcpp/executor_options.hpp:20[m[K,
                 from [01m[K/opt/ros/humble/include/rclcpp/rclcpp/executor.hpp:37[m[K,
                 from [01m[K/opt/ros/humble/include/rclcpp/rclcpp/executors/multi_threaded_executor.hpp:25[m[K,
                 from [01m[K/opt/ros/humble/include/rclcpp/rclcpp/executors.hpp:21[m[K,
                 from [01m[K/opt/ros/humble/include/rclcpp/rclcpp/rclcpp.hpp:155[m[K,
                 from [01m[K/cc_ws/tros_ws/install/include/dnn_node/dnn_node_data.h:23[m[K,
                 from [01m[K/cc_ws/tros_ws/src/box/hobot_perception/mono_pwcnet/include/image_utils.h:23[m[K,
                 from [01m[K/cc_ws/tros_ws/src/box/hobot_perception/mono_pwcnet/src/pwcnet_node.cpp:23[m[K:
[01m[K/cc_ws/tros_ws/src/box/hobot_perception/mono_pwcnet/src/pwcnet_node.cpp:[m[K In member function ‘[01m[Kvirtual int PwcNetNode::PostProcess(const std::shared_ptr<hobot::dnn_node::DnnNodeOutput>&)[m[K’:
[01m[K/cc_ws/tros_ws/src/box/hobot_perception/mono_pwcnet/src/pwcnet_node.cpp:255:17:[m[K [01;35m[Kwarning: [m[Kformat ‘[01m[K%d[m[K’ expects argument of type ‘[01m[Kint[m[K’, but argument 5 has type ‘[01m[Kstd::vector<float>::size_type[m[K’ {aka ‘[01m[Klong unsigned int[m[K’} [[01;35m[K-Wformat=[m[K]
  255 |                 [01;35m[K"features size: %d, width: %d, height: %d, step: %d"[m[K,
      |                 [01;35m[K^~~~~~~~~~~~~~~~~~~~~~~~~~~~~~~~~~~~~~~~~~~~~~~~~~~~[m[K
  256 |                 [32m[Kcapture.features.size()[m[K,
      |                 [32m[K~~~~~~~~~~~~~~~~~~~~~~~[m[K
      |                                      [32m[K|[m[K
      |                                      [32m[Kstd::vector<float>::size_type {aka long unsigned int}[m[K
[01m[K/cc_ws/tros_ws/src/box/hobot_perception/mono_pwcnet/src/pwcnet_node.cpp:255:34:[m[K [01;36m[Knote: [m[Kformat string is defined here
  255 |                 "features size: [01;36m[K%d[m[K, width: %d, height: %d, step: %d",
      |                                 [01;36m[K~^[m[K
      |                                  [01;36m[K|[m[K
      |                                  [01;36m[Kint[m[K
      |                                 [32m[K%ld[m[K
[01m[K/cc_ws/tros_ws/src/box/hobot_perception/mono_pwcnet/src/pwcnet_node.cpp:[m[K In member function ‘[01m[Kvoid PwcNetNode::RosImgProcess(sensor_msgs::msg::Image_<std::allocator<void> >::ConstSharedPtr)[m[K’:
[01m[K/cc_ws/tros_ws/src/box/hobot_perception/mono_pwcnet/src/pwcnet_node.cpp:378:27:[m[K [01;35m[Kwarning: [m[Kcomparison of integer expressions of different signedness: ‘[01m[Kstd::queue<cv::Mat>::size_type[m[K’ {aka ‘[01m[Klong unsigned int[m[K’} and ‘[01m[Kint[m[K’ [[01;35m[K-Wsign-compare[m[K]
  378 |     if ([01;35m[Kcache_img_.size() > cache_img_limit_[m[K) {
      |         [01;35m[K~~~~~~~~~~~~~~~~~~^~~~~~~~~~~~~~~~~~[m[K
[01m[K/cc_ws/tros_ws/src/box/hobot_perception/mono_pwcnet/src/pwcnet_node.cpp:427:26:[m[K [01;35m[Kwarning: [m[Kcomparison of integer expressions of different signedness: ‘[01m[Kstd::queue<std::pair<std::shared_ptr<PwcNetOutput>, std::shared_ptr<hobot::easy_dnn::DNNTensor> > >::size_type[m[K’ {aka ‘[01m[Klong unsigned int[m[K’} and ‘[01m[Kint[m[K’ [[01;35m[K-Wsign-compare[m[K]
  427 |   if ([01;35m[Kcache_task_.size() > cache_task_limit_[m[K) {
      |       [01;35m[K~~~~~~~~~~~~~~~~~~~^~~~~~~~~~~~~~~~~~~[m[K
[01m[K/cc_ws/tros_ws/src/box/hobot_perception/mono_pwcnet/src/pwcnet_node.cpp:[m[K In member function ‘[01m[Kvoid PwcNetNode::SharedMemImgProcess(hbm_img_msgs::msg::HbmMsg1080P_<std::allocator<void> >::ConstSharedPtr)[m[K’:
[01m[K/cc_ws/tros_ws/src/box/hobot_perception/mono_pwcnet/src/pwcnet_node.cpp:500:27:[m[K [01;35m[Kwarning: [m[Kcomparison of integer expressions of different signedness: ‘[01m[Kstd::queue<cv::Mat>::size_type[m[K’ {aka ‘[01m[Klong unsigned int[m[K’} and ‘[01m[Kint[m[K’ [[01;35m[K-Wsign-compare[m[K]
  500 |     if ([01;35m[Kcache_img_.size() > cache_img_limit_[m[K) {
      |         [01;35m[K~~~~~~~~~~~~~~~~~~^~~~~~~~~~~~~~~~~~[m[K
[01m[K/cc_ws/tros_ws/src/box/hobot_perception/mono_pwcnet/src/pwcnet_node.cpp:551:26:[m[K [01;35m[Kwarning: [m[Kcomparison of integer expressions of different signedness: ‘[01m[Kstd::queue<std::pair<std::shared_ptr<PwcNetOutput>, std::shared_ptr<hobot::easy_dnn::DNNTensor> > >::size_type[m[K’ {aka ‘[01m[Klong unsigned int[m[K’} and ‘[01m[Kint[m[K’ [[01;35m[K-Wsign-compare[m[K]
  551 |   if ([01;35m[Kcache_task_.size() > cache_task_limit_[m[K) {
      |       [01;35m[K~~~~~~~~~~~~~~~~~~~^~~~~~~~~~~~~~~~~~~[m[K
[01m[K/cc_ws/tros_ws/src/box/hobot_perception/mono_pwcnet/src/pwcnet_node.cpp:466:8:[m[K [01;35m[Kwarning: [m[Kvariable ‘[01m[Ktp_start[m[K’ set but not used [[01;35m[K-Wunused-but-set-variable[m[K]
  466 |   auto [01;35m[Ktp_start[m[K = std::chrono::system_clock::now();
      |        [01;35m[K^~~~~~~~[m[K
In file included from [01m[K/opt/ros/humble/include/rclcpp/rclcpp/logging.hpp:24[m[K,
                 from [01m[K/opt/ros/humble/include/rclcpp/rclcpp/client.hpp:40[m[K,
                 from [01m[K/opt/ros/humble/include/rclcpp/rclcpp/callback_group.hpp:24[m[K,
                 from [01m[K/opt/ros/humble/include/rclcpp/rclcpp/any_executable.hpp:20[m[K,
                 from [01m[K/opt/ros/humble/include/rclcpp/rclcpp/memory_strategy.hpp:25[m[K,
                 from [01m[K/opt/ros/humble/include/rclcpp/rclcpp/memory_strategies.hpp:18[m[K,
                 from [01m[K/opt/ros/humble/include/rclcpp/rclcpp/executor_options.hpp:20[m[K,
                 from [01m[K/opt/ros/humble/include/rclcpp/rclcpp/executor.hpp:37[m[K,
                 from [01m[K/opt/ros/humble/include/rclcpp/rclcpp/executors/multi_threaded_executor.hpp:25[m[K,
                 from [01m[K/opt/ros/humble/include/rclcpp/rclcpp/executors.hpp:21[m[K,
                 from [01m[K/opt/ros/humble/include/rclcpp/rclcpp/rclcpp.hpp:155[m[K,
                 from [01m[K/cc_ws/tros_ws/install/include/dnn_node/dnn_node_data.h:23[m[K,
                 from [01m[K/cc_ws/tros_ws/src/box/hobot_perception/mono_pwcnet/include/image_utils.h:23[m[K,
                 from [01m[K/cc_ws/tros_ws/src/box/hobot_perception/mono_pwcnet/src/pwcnet_node.cpp:23[m[K:
[01m[K/cc_ws/tros_ws/src/box/hobot_perception/mono_pwcnet/src/pwcnet_node.cpp:[m[K In member function ‘[01m[Kint PwcNetNode::FeedFromLocal()[m[K’:
[01m[K/cc_ws/tros_ws/src/box/hobot_perception/mono_pwcnet/src/pwcnet_node.cpp:589:19:[m[K [01;35m[Kwarning: [m[Kformat ‘[01m[K%d[m[K’ expects argument of type ‘[01m[Kint[m[K’, but argument 5 has type ‘[01m[Kstd::vector<std::__cxx11::basic_string<char> >::size_type[m[K’ {aka ‘[01m[Klong unsigned int[m[K’} [[01;35m[K-Wformat=[m[K]
  589 |                   [01;35m[K"Invalid file size: %d, the size should be 2"[m[K, [32m[Kimage_file_.size()[m[K);
      |                   [01;35m[K^~~~~~~~~~~~~~~~~~~~~~~~~~~~~~~~~~~~~~~~~~~~~[m[K  [32m[K~~~~~~~~~~~~~~~~~~[m[K
      |                                                                                  [32m[K|[m[K
      |                                                                                  [32m[Kstd::vector<std::__cxx11::basic_string<char> >::size_type {aka long unsigned int}[m[K
[01m[K/cc_ws/tros_ws/src/box/hobot_perception/mono_pwcnet/src/pwcnet_node.cpp:589:40:[m[K [01;36m[Knote: [m[Kformat string is defined here
  589 |                   "Invalid file size: [01;36m[K%d[m[K, the size should be 2", image_file_.size());
      |                                       [01;36m[K~^[m[K
      |                                        [01;36m[K|[m[K
      |                                        [01;36m[Kint[m[K
      |                                       [32m[K%ld[m[K
[100%] [32m[1mLinking CXX executable mono_pwcnet[0m
[100%] Built target mono_pwcnet
-- Install configuration: ""
-- Installing: /cc_ws/tros_ws/install/lib/mono_pwcnet/mono_pwcnet
-- Set runtime path of "/cc_ws/tros_ws/install/lib/mono_pwcnet/mono_pwcnet" to ""
-- Installing: /cc_ws/tros_ws/install/lib/mono_pwcnet/config/
-- Installing: /cc_ws/tros_ws/install/lib/mono_pwcnet/config//model.hbm
-- Installing: /cc_ws/tros_ws/install/lib/mono_pwcnet/config/img001.jpg
-- Installing: /cc_ws/tros_ws/install/lib/mono_pwcnet/config/img002.jpg
-- Installing: /cc_ws/tros_ws/install/share/mono_pwcnet/launch
-- Installing: /cc_ws/tros_ws/install/share/mono_pwcnet/launch/pwcnet.launch.py
-- Installing: /cc_ws/tros_ws/install/share/ament_index/resource_index/package_run_dependencies/mono_pwcnet
-- Installing: /cc_ws/tros_ws/install/share/ament_index/resource_index/parent_prefix_path/mono_pwcnet
-- Installing: /cc_ws/tros_ws/install/share/mono_pwcnet/environment/ament_prefix_path.sh
-- Installing: /cc_ws/tros_ws/install/share/mono_pwcnet/environment/ament_prefix_path.dsv
-- Installing: /cc_ws/tros_ws/install/share/mono_pwcnet/environment/path.sh
-- Installing: /cc_ws/tros_ws/install/share/mono_pwcnet/environment/path.dsv
-- Installing: /cc_ws/tros_ws/install/share/mono_pwcnet/local_setup.bash
-- Installing: /cc_ws/tros_ws/install/share/mono_pwcnet/local_setup.sh
-- Installing: /cc_ws/tros_ws/install/share/mono_pwcnet/local_setup.zsh
-- Installing: /cc_ws/tros_ws/install/share/mono_pwcnet/local_setup.dsv
-- Installing: /cc_ws/tros_ws/install/share/mono_pwcnet/package.dsv
-- Installing: /cc_ws/tros_ws/install/share/ament_index/resource_index/packages/mono_pwcnet
-- Installing: /cc_ws/tros_ws/install/share/mono_pwcnet/cmake/mono_pwcnetConfig.cmake
-- Installing: /cc_ws/tros_ws/install/share/mono_pwcnet/cmake/mono_pwcnetConfig-version.cmake
-- Installing: /cc_ws/tros_ws/install/share/mono_pwcnet/package.xml
