[0.155s] Invoking command in '/cc_ws/tros_ws/build/mono_pwcnet': AMENT_PREFIX_PATH=/cc_ws/tros_ws/install:${AMENT_PREFIX_PATH} CMAKE_PREFIX_PATH=/cc_ws/tros_ws/install:/opt/ros/humble LD_LIBRARY_PATH=/cc_ws/tros_ws/install/lib:/opt/ros/humble/opt/rviz_ogre_vendor/lib:/opt/ros/humble/lib/aarch64-linux-gnu:/opt/ros/humble/lib:/cc_ws/userdata/hobot/opt/hobot/deps PYTHONPATH=/cc_ws/tros_ws/install/lib/python3.10/site-packages:/cc_ws/tros_ws/install/local/lib/python3.10/dist-packages:${PYTHONPATH} /usr/bin/cmake /cc_ws/tros_ws/src/box/hobot_perception/mono_pwcnet -DCMAKE_EXPORT_COMPILE_COMMANDS=ON --no-warn-unused-cli -DCMAKE_TOOLCHAIN_FILE=/cc_ws/tros_ws/robot_dev_config/aarch64_toolchainfile.cmake -DPLATFORM_X5=ON -DTHIRDPARTY=ON -DBUILD_TESTING=OFF -DCMAKE_BUILD_RPATH=/cc_ws/tros_ws/build/poco_vendor/poco_external_project_install/lib/;/cc_ws/tros_ws/build/libyaml_vendor/libyaml_install/lib/ -DCMAKE_INSTALL_PREFIX=/cc_ws/tros_ws/install
[7.634s] [33mCMake Warning (dev) at /opt/ros/humble/share/ament_cmake_test/cmake/ament_cmake_test-extras.cmake:19 (option):
[7.634s]   Policy CMP0077 is not set: option() honors normal variables.  Run "cmake
[7.634s]   --help-policy CMP0077" for policy details.  Use the cmake_policy command to
[7.635s]   set the policy and suppress this warning.
[7.635s] 
[7.635s]   For compatibility with older versions of CMake, option is clearing the
[7.635s]   normal variable 'BUILD_TESTING'.
[7.636s] Call Stack (most recent call first):
[7.636s]   /opt/ros/humble/share/ament_cmake_test/cmake/ament_cmake_testConfig.cmake:41 (include)
[7.636s]   /opt/ros/humble/share/ament_cmake/cmake/ament_cmake_export_dependencies-extras.cmake:21 (find_package)
[7.636s]   /opt/ros/humble/share/ament_cmake/cmake/ament_cmakeConfig.cmake:41 (include)
[7.636s]   CMakeLists.txt:33 (find_package)
[7.637s] This warning is for project developers.  Use -Wno-dev to suppress it.
[7.640s] [0m
[7.640s] [0mbuild platform X5[0m
[7.640s] [0mCMAKE_SYSROOT is /cc_ws/tros_ws/robot_dev_config/../../sysroot_docker[0m
[7.646s] Not searching for unused variables given on the command line.
[7.647s] -- The C compiler identification is GNU 11.4.0
[7.647s] -- The CXX compiler identification is GNU 11.4.0
[7.651s] -- Detecting C compiler ABI info
[7.652s] -- Detecting C compiler ABI info - done
[7.652s] -- Check for working C compiler: /usr/bin/aarch64-linux-gnu-gcc - skipped
[7.652s] -- Detecting C compile features
[7.652s] -- Detecting C compile features - done
[7.653s] -- Detecting CXX compiler ABI info
[7.653s] -- Detecting CXX compiler ABI info - done
[7.653s] -- Check for working CXX compiler: /usr/bin/aarch64-linux-gnu-g++ - skipped
[7.653s] -- Detecting CXX compile features
[7.654s] -- Detecting CXX compile features - done
[7.654s] -- Found ament_cmake: 1.3.8 (/opt/ros/humble/share/ament_cmake/cmake)
[7.654s] -- Found Python3: /usr/bin/python3 (found version "3.10.12") found components: Interpreter 
[7.654s] -- Found rclcpp: 16.0.8 (/opt/ros/humble/share/rclcpp/cmake)
[7.655s] -- Found rosidl_generator_c: 3.1.5 (/opt/ros/humble/share/rosidl_generator_c/cmake)
[7.655s] -- Found rosidl_adapter: 3.1.5 (/opt/ros/humble/share/rosidl_adapter/cmake)
[7.655s] -- Found rosidl_generator_cpp: 3.1.5 (/opt/ros/humble/share/rosidl_generator_cpp/cmake)
[7.655s] -- Using all available rosidl_typesupport_c: rosidl_typesupport_fastrtps_c;rosidl_typesupport_introspection_c
[7.656s] -- Using all available rosidl_typesupport_cpp: rosidl_typesupport_fastrtps_cpp;rosidl_typesupport_introspection_cpp
[7.656s] -- Found rmw_implementation_cmake: 6.1.1 (/opt/ros/humble/share/rmw_implementation_cmake/cmake)
[7.656s] -- Found rmw_fastrtps_cpp: 6.2.6 (/opt/ros/humble/share/rmw_fastrtps_cpp/cmake)
[7.656s] -- Found OpenSSL: /cc_ws/tros_ws/robot_dev_config/../../sysroot_docker/usr/lib/aarch64-linux-gnu/libcrypto.so (found version "3.0.2")  
[7.656s] -- Found FastRTPS: /opt/ros/humble/include  
[7.657s] -- Using RMW implementation 'rmw_fastrtps_cpp' as default
[7.657s] -- Looking for pthread.h
[7.657s] -- Looking for pthread.h - found
[7.657s] -- Performing Test CMAKE_HAVE_LIBC_PTHREAD
[7.658s] -- Performing Test CMAKE_HAVE_LIBC_PTHREAD - Success
[7.658s] -- Found Threads: TRUE  
[7.658s] -- Found ai_msgs: 2.0.1 (/cc_ws/tros_ws/robot_dev_config/../install/share/ai_msgs/cmake)
[7.658s] -- Found cv_bridge: 3.2.1 (/opt/ros/humble/share/cv_bridge/cmake)
[7.659s] -- Found hobot_cv: 2.3.2 (/cc_ws/tros_ws/robot_dev_config/../install/share/hobot_cv/cmake)
[7.659s] -- Found dnn_node: 2.5.4 (/cc_ws/tros_ws/robot_dev_config/../install/share/dnn_node/cmake)
[7.659s] -- Found hbm_img_msgs: 2.0.0 (/cc_ws/tros_ws/robot_dev_config/../install/share/hbm_img_msgs/cmake)
[7.659s] -- Configuring done
[7.660s] -- Generating done
[7.660s] -- Build files have been written to: /cc_ws/tros_ws/build/mono_pwcnet
[7.699s] Invoked command in '/cc_ws/tros_ws/build/mono_pwcnet' returned '0': AMENT_PREFIX_PATH=/cc_ws/tros_ws/install:${AMENT_PREFIX_PATH} CMAKE_PREFIX_PATH=/cc_ws/tros_ws/install:/opt/ros/humble LD_LIBRARY_PATH=/cc_ws/tros_ws/install/lib:/opt/ros/humble/opt/rviz_ogre_vendor/lib:/opt/ros/humble/lib/aarch64-linux-gnu:/opt/ros/humble/lib:/cc_ws/userdata/hobot/opt/hobot/deps PYTHONPATH=/cc_ws/tros_ws/install/lib/python3.10/site-packages:/cc_ws/tros_ws/install/local/lib/python3.10/dist-packages:${PYTHONPATH} /usr/bin/cmake /cc_ws/tros_ws/src/box/hobot_perception/mono_pwcnet -DCMAKE_EXPORT_COMPILE_COMMANDS=ON --no-warn-unused-cli -DCMAKE_TOOLCHAIN_FILE=/cc_ws/tros_ws/robot_dev_config/aarch64_toolchainfile.cmake -DPLATFORM_X5=ON -DTHIRDPARTY=ON -DBUILD_TESTING=OFF -DCMAKE_BUILD_RPATH=/cc_ws/tros_ws/build/poco_vendor/poco_external_project_install/lib/;/cc_ws/tros_ws/build/libyaml_vendor/libyaml_install/lib/ -DCMAKE_INSTALL_PREFIX=/cc_ws/tros_ws/install
[7.700s] Invoking command in '/cc_ws/tros_ws/build/mono_pwcnet': AMENT_PREFIX_PATH=/cc_ws/tros_ws/install:${AMENT_PREFIX_PATH} CMAKE_PREFIX_PATH=/cc_ws/tros_ws/install:/opt/ros/humble LD_LIBRARY_PATH=/cc_ws/tros_ws/install/lib:/opt/ros/humble/opt/rviz_ogre_vendor/lib:/opt/ros/humble/lib/aarch64-linux-gnu:/opt/ros/humble/lib:/cc_ws/userdata/hobot/opt/hobot/deps PYTHONPATH=/cc_ws/tros_ws/install/lib/python3.10/site-packages:/cc_ws/tros_ws/install/local/lib/python3.10/dist-packages:${PYTHONPATH} /usr/bin/cmake --build /cc_ws/tros_ws/build/mono_pwcnet -- -j12 -l12
[69.130s] [ 16%] [32mBuilding CXX object CMakeFiles/mono_pwcnet.dir/src/main.cpp.o[0m
[69.133s] [ 33%] [32mBuilding CXX object CMakeFiles/mono_pwcnet.dir/src/image_utils.cpp.o[0m
[69.133s] [ 50%] [32mBuilding CXX object CMakeFiles/mono_pwcnet.dir/src/image_proc.cpp.o[0m
[69.133s] [ 66%] [32mBuilding CXX object CMakeFiles/mono_pwcnet.dir/src/pwcnet_output_parser.cpp.o[0m
[69.140s] [01m[K/cc_ws/tros_ws/src/box/hobot_perception/mono_pwcnet/src/image_proc.cpp:[m[K In static member function ‘[01m[Kstatic int32_t ImageProc::Nv12ToYUV444(cv::Mat&, const int&, const int&, cv::Mat&, int)[m[K’:
[69.140s] [01m[K/cc_ws/tros_ws/src/box/hobot_perception/mono_pwcnet/src/image_proc.cpp:123:11:[m[K [01;35m[Kwarning: [m[Kunused variable ‘[01m[Kuv_height[m[K’ [[01;35m[K-Wunused-variable[m[K]
[69.140s]   123 |   int32_t [01;35m[Kuv_height[m[K = height / 2;
[69.140s]       |           [01;35m[K^~~~~~~~~[m[K
[69.141s] [01m[K/cc_ws/tros_ws/src/box/hobot_perception/mono_pwcnet/src/pwcnet_output_parser.cpp:[m[K In member function ‘[01m[Kint32_t PwcNetOutputParser::PostProcess(std::vector<std::shared_ptr<hobot::easy_dnn::DNNTensor> >&, int, int, int, int, std::shared_ptr<OpticalFlow>&, float)[m[K’:
[69.141s] [01m[K/cc_ws/tros_ws/src/box/hobot_perception/mono_pwcnet/src/pwcnet_output_parser.cpp:53:11:[m[K [01;35m[Kwarning: [m[Kunused parameter ‘[01m[Kratio[m[K’ [[01;35m[K-Wunused-parameter[m[K]
[69.141s]    53 |     [01;35m[Kfloat ratio[m[K) {
[69.141s]       |     [01;35m[K~~~~~~^~~~~[m[K
[69.980s] [ 83%] [32mBuilding CXX object CMakeFiles/mono_pwcnet.dir/src/pwcnet_node.cpp.o[0m
[82.392s] In file included from [01m[K/opt/ros/humble/include/rclcpp/rclcpp/logging.hpp:24[m[K,
[82.392s]                  from [01m[K/opt/ros/humble/include/rclcpp/rclcpp/client.hpp:40[m[K,
[82.392s]                  from [01m[K/opt/ros/humble/include/rclcpp/rclcpp/callback_group.hpp:24[m[K,
[82.393s]                  from [01m[K/opt/ros/humble/include/rclcpp/rclcpp/any_executable.hpp:20[m[K,
[82.393s]                  from [01m[K/opt/ros/humble/include/rclcpp/rclcpp/memory_strategy.hpp:25[m[K,
[82.393s]                  from [01m[K/opt/ros/humble/include/rclcpp/rclcpp/memory_strategies.hpp:18[m[K,
[82.393s]                  from [01m[K/opt/ros/humble/include/rclcpp/rclcpp/executor_options.hpp:20[m[K,
[82.393s]                  from [01m[K/opt/ros/humble/include/rclcpp/rclcpp/executor.hpp:37[m[K,
[82.394s]                  from [01m[K/opt/ros/humble/include/rclcpp/rclcpp/executors/multi_threaded_executor.hpp:25[m[K,
[82.394s]                  from [01m[K/opt/ros/humble/include/rclcpp/rclcpp/executors.hpp:21[m[K,
[82.394s]                  from [01m[K/opt/ros/humble/include/rclcpp/rclcpp/rclcpp.hpp:155[m[K,
[82.394s]                  from [01m[K/cc_ws/tros_ws/install/include/dnn_node/dnn_node_data.h:23[m[K,
[82.394s]                  from [01m[K/cc_ws/tros_ws/src/box/hobot_perception/mono_pwcnet/include/image_utils.h:23[m[K,
[82.395s]                  from [01m[K/cc_ws/tros_ws/src/box/hobot_perception/mono_pwcnet/src/pwcnet_node.cpp:23[m[K:
[82.395s] [01m[K/cc_ws/tros_ws/src/box/hobot_perception/mono_pwcnet/src/pwcnet_node.cpp:[m[K In member function ‘[01m[Kvirtual int PwcNetNode::PostProcess(const std::shared_ptr<hobot::dnn_node::DnnNodeOutput>&)[m[K’:
[82.395s] [01m[K/cc_ws/tros_ws/src/box/hobot_perception/mono_pwcnet/src/pwcnet_node.cpp:255:17:[m[K [01;35m[Kwarning: [m[Kformat ‘[01m[K%d[m[K’ expects argument of type ‘[01m[Kint[m[K’, but argument 5 has type ‘[01m[Kstd::vector<float>::size_type[m[K’ {aka ‘[01m[Klong unsigned int[m[K’} [[01;35m[K-Wformat=[m[K]
[82.395s]   255 |                 [01;35m[K"features size: %d, width: %d, height: %d, step: %d"[m[K,
[82.395s]       |                 [01;35m[K^~~~~~~~~~~~~~~~~~~~~~~~~~~~~~~~~~~~~~~~~~~~~~~~~~~~[m[K
[82.396s]   256 |                 [32m[Kcapture.features.size()[m[K,
[82.396s]       |                 [32m[K~~~~~~~~~~~~~~~~~~~~~~~[m[K
[82.396s]       |                                      [32m[K|[m[K
[82.396s]       |                                      [32m[Kstd::vector<float>::size_type {aka long unsigned int}[m[K
[82.397s] [01m[K/cc_ws/tros_ws/src/box/hobot_perception/mono_pwcnet/src/pwcnet_node.cpp:255:34:[m[K [01;36m[Knote: [m[Kformat string is defined here
[82.397s]   255 |                 "features size: [01;36m[K%d[m[K, width: %d, height: %d, step: %d",
[82.397s]       |                                 [01;36m[K~^[m[K
[82.397s]       |                                  [01;36m[K|[m[K
[82.397s]       |                                  [01;36m[Kint[m[K
[82.398s]       |                                 [32m[K%ld[m[K
[82.433s] [01m[K/cc_ws/tros_ws/src/box/hobot_perception/mono_pwcnet/src/pwcnet_node.cpp:[m[K In member function ‘[01m[Kvoid PwcNetNode::RosImgProcess(sensor_msgs::msg::Image_<std::allocator<void> >::ConstSharedPtr)[m[K’:
[82.433s] [01m[K/cc_ws/tros_ws/src/box/hobot_perception/mono_pwcnet/src/pwcnet_node.cpp:378:27:[m[K [01;35m[Kwarning: [m[Kcomparison of integer expressions of different signedness: ‘[01m[Kstd::queue<cv::Mat>::size_type[m[K’ {aka ‘[01m[Klong unsigned int[m[K’} and ‘[01m[Kint[m[K’ [[01;35m[K-Wsign-compare[m[K]
[82.434s]   378 |     if ([01;35m[Kcache_img_.size() > cache_img_limit_[m[K) {
[82.434s]       |         [01;35m[K~~~~~~~~~~~~~~~~~~^~~~~~~~~~~~~~~~~~[m[K
[82.434s] [01m[K/cc_ws/tros_ws/src/box/hobot_perception/mono_pwcnet/src/pwcnet_node.cpp:427:26:[m[K [01;35m[Kwarning: [m[Kcomparison of integer expressions of different signedness: ‘[01m[Kstd::queue<std::pair<std::shared_ptr<PwcNetOutput>, std::shared_ptr<hobot::easy_dnn::DNNTensor> > >::size_type[m[K’ {aka ‘[01m[Klong unsigned int[m[K’} and ‘[01m[Kint[m[K’ [[01;35m[K-Wsign-compare[m[K]
[82.435s]   427 |   if ([01;35m[Kcache_task_.size() > cache_task_limit_[m[K) {
[82.435s]       |       [01;35m[K~~~~~~~~~~~~~~~~~~~^~~~~~~~~~~~~~~~~~~[m[K
[82.473s] [01m[K/cc_ws/tros_ws/src/box/hobot_perception/mono_pwcnet/src/pwcnet_node.cpp:[m[K In member function ‘[01m[Kvoid PwcNetNode::SharedMemImgProcess(hbm_img_msgs::msg::HbmMsg1080P_<std::allocator<void> >::ConstSharedPtr)[m[K’:
[82.473s] [01m[K/cc_ws/tros_ws/src/box/hobot_perception/mono_pwcnet/src/pwcnet_node.cpp:500:27:[m[K [01;35m[Kwarning: [m[Kcomparison of integer expressions of different signedness: ‘[01m[Kstd::queue<cv::Mat>::size_type[m[K’ {aka ‘[01m[Klong unsigned int[m[K’} and ‘[01m[Kint[m[K’ [[01;35m[K-Wsign-compare[m[K]
[82.473s]   500 |     if ([01;35m[Kcache_img_.size() > cache_img_limit_[m[K) {
[82.474s]       |         [01;35m[K~~~~~~~~~~~~~~~~~~^~~~~~~~~~~~~~~~~~[m[K
[82.480s] [01m[K/cc_ws/tros_ws/src/box/hobot_perception/mono_pwcnet/src/pwcnet_node.cpp:551:26:[m[K [01;35m[Kwarning: [m[Kcomparison of integer expressions of different signedness: ‘[01m[Kstd::queue<std::pair<std::shared_ptr<PwcNetOutput>, std::shared_ptr<hobot::easy_dnn::DNNTensor> > >::size_type[m[K’ {aka ‘[01m[Klong unsigned int[m[K’} and ‘[01m[Kint[m[K’ [[01;35m[K-Wsign-compare[m[K]
[82.480s]   551 |   if ([01;35m[Kcache_task_.size() > cache_task_limit_[m[K) {
[82.480s]       |       [01;35m[K~~~~~~~~~~~~~~~~~~~^~~~~~~~~~~~~~~~~~~[m[K
[82.484s] [01m[K/cc_ws/tros_ws/src/box/hobot_perception/mono_pwcnet/src/pwcnet_node.cpp:466:8:[m[K [01;35m[Kwarning: [m[Kvariable ‘[01m[Ktp_start[m[K’ set but not used [[01;35m[K-Wunused-but-set-variable[m[K]
[82.484s]   466 |   auto [01;35m[Ktp_start[m[K = std::chrono::system_clock::now();
[82.485s]       |        [01;35m[K^~~~~~~~[m[K
[82.491s] In file included from [01m[K/opt/ros/humble/include/rclcpp/rclcpp/logging.hpp:24[m[K,
[82.492s]                  from [01m[K/opt/ros/humble/include/rclcpp/rclcpp/client.hpp:40[m[K,
[82.492s]                  from [01m[K/opt/ros/humble/include/rclcpp/rclcpp/callback_group.hpp:24[m[K,
[82.492s]                  from [01m[K/opt/ros/humble/include/rclcpp/rclcpp/any_executable.hpp:20[m[K,
[82.492s]                  from [01m[K/opt/ros/humble/include/rclcpp/rclcpp/memory_strategy.hpp:25[m[K,
[82.492s]                  from [01m[K/opt/ros/humble/include/rclcpp/rclcpp/memory_strategies.hpp:18[m[K,
[82.493s]                  from [01m[K/opt/ros/humble/include/rclcpp/rclcpp/executor_options.hpp:20[m[K,
[82.493s]                  from [01m[K/opt/ros/humble/include/rclcpp/rclcpp/executor.hpp:37[m[K,
[82.493s]                  from [01m[K/opt/ros/humble/include/rclcpp/rclcpp/executors/multi_threaded_executor.hpp:25[m[K,
[82.493s]                  from [01m[K/opt/ros/humble/include/rclcpp/rclcpp/executors.hpp:21[m[K,
[82.493s]                  from [01m[K/opt/ros/humble/include/rclcpp/rclcpp/rclcpp.hpp:155[m[K,
[82.494s]                  from [01m[K/cc_ws/tros_ws/install/include/dnn_node/dnn_node_data.h:23[m[K,
[82.494s]                  from [01m[K/cc_ws/tros_ws/src/box/hobot_perception/mono_pwcnet/include/image_utils.h:23[m[K,
[82.494s]                  from [01m[K/cc_ws/tros_ws/src/box/hobot_perception/mono_pwcnet/src/pwcnet_node.cpp:23[m[K:
[82.494s] [01m[K/cc_ws/tros_ws/src/box/hobot_perception/mono_pwcnet/src/pwcnet_node.cpp:[m[K In member function ‘[01m[Kint PwcNetNode::FeedFromLocal()[m[K’:
[82.495s] [01m[K/cc_ws/tros_ws/src/box/hobot_perception/mono_pwcnet/src/pwcnet_node.cpp:589:19:[m[K [01;35m[Kwarning: [m[Kformat ‘[01m[K%d[m[K’ expects argument of type ‘[01m[Kint[m[K’, but argument 5 has type ‘[01m[Kstd::vector<std::__cxx11::basic_string<char> >::size_type[m[K’ {aka ‘[01m[Klong unsigned int[m[K’} [[01;35m[K-Wformat=[m[K]
[82.495s]   589 |                   [01;35m[K"Invalid file size: %d, the size should be 2"[m[K, [32m[Kimage_file_.size()[m[K);
[82.495s]       |                   [01;35m[K^~~~~~~~~~~~~~~~~~~~~~~~~~~~~~~~~~~~~~~~~~~~~[m[K  [32m[K~~~~~~~~~~~~~~~~~~[m[K
[82.495s]       |                                                                                  [32m[K|[m[K
[82.496s]       |                                                                                  [32m[Kstd::vector<std::__cxx11::basic_string<char> >::size_type {aka long unsigned int}[m[K
[82.496s] [01m[K/cc_ws/tros_ws/src/box/hobot_perception/mono_pwcnet/src/pwcnet_node.cpp:589:40:[m[K [01;36m[Knote: [m[Kformat string is defined here
[82.496s]   589 |                   "Invalid file size: [01;36m[K%d[m[K, the size should be 2", image_file_.size());
[82.496s]       |                                       [01;36m[K~^[m[K
[82.496s]       |                                        [01;36m[K|[m[K
[82.497s]       |                                        [01;36m[Kint[m[K
[82.497s]       |                                       [32m[K%ld[m[K
[128.818s] [100%] [32m[1mLinking CXX executable mono_pwcnet[0m
[134.063s] [100%] Built target mono_pwcnet
[134.143s] Invoked command in '/cc_ws/tros_ws/build/mono_pwcnet' returned '0': AMENT_PREFIX_PATH=/cc_ws/tros_ws/install:${AMENT_PREFIX_PATH} CMAKE_PREFIX_PATH=/cc_ws/tros_ws/install:/opt/ros/humble LD_LIBRARY_PATH=/cc_ws/tros_ws/install/lib:/opt/ros/humble/opt/rviz_ogre_vendor/lib:/opt/ros/humble/lib/aarch64-linux-gnu:/opt/ros/humble/lib:/cc_ws/userdata/hobot/opt/hobot/deps PYTHONPATH=/cc_ws/tros_ws/install/lib/python3.10/site-packages:/cc_ws/tros_ws/install/local/lib/python3.10/dist-packages:${PYTHONPATH} /usr/bin/cmake --build /cc_ws/tros_ws/build/mono_pwcnet -- -j12 -l12
[134.636s] Invoking command in '/cc_ws/tros_ws/build/mono_pwcnet': AMENT_PREFIX_PATH=/cc_ws/tros_ws/install:${AMENT_PREFIX_PATH} CMAKE_PREFIX_PATH=/cc_ws/tros_ws/install:/opt/ros/humble LD_LIBRARY_PATH=/cc_ws/tros_ws/install/lib:/opt/ros/humble/opt/rviz_ogre_vendor/lib:/opt/ros/humble/lib/aarch64-linux-gnu:/opt/ros/humble/lib:/cc_ws/userdata/hobot/opt/hobot/deps PYTHONPATH=/cc_ws/tros_ws/install/lib/python3.10/site-packages:/cc_ws/tros_ws/install/local/lib/python3.10/dist-packages:${PYTHONPATH} /usr/bin/cmake --install /cc_ws/tros_ws/build/mono_pwcnet
[157.556s] -- Install configuration: ""
[157.556s] -- Installing: /cc_ws/tros_ws/install/lib/mono_pwcnet/mono_pwcnet
[157.556s] -- Set runtime path of "/cc_ws/tros_ws/install/lib/mono_pwcnet/mono_pwcnet" to ""
[157.556s] -- Installing: /cc_ws/tros_ws/install/lib/mono_pwcnet/config/
[157.557s] -- Installing: /cc_ws/tros_ws/install/lib/mono_pwcnet/config//model.hbm
[157.557s] -- Installing: /cc_ws/tros_ws/install/lib/mono_pwcnet/config/img001.jpg
[157.557s] -- Installing: /cc_ws/tros_ws/install/lib/mono_pwcnet/config/img002.jpg
[157.557s] -- Installing: /cc_ws/tros_ws/install/share/mono_pwcnet/launch
[157.557s] -- Installing: /cc_ws/tros_ws/install/share/mono_pwcnet/launch/pwcnet.launch.py
[157.558s] -- Installing: /cc_ws/tros_ws/install/share/ament_index/resource_index/package_run_dependencies/mono_pwcnet
[157.558s] -- Installing: /cc_ws/tros_ws/install/share/ament_index/resource_index/parent_prefix_path/mono_pwcnet
[157.558s] -- Installing: /cc_ws/tros_ws/install/share/mono_pwcnet/environment/ament_prefix_path.sh
[157.558s] -- Installing: /cc_ws/tros_ws/install/share/mono_pwcnet/environment/ament_prefix_path.dsv
[157.559s] -- Installing: /cc_ws/tros_ws/install/share/mono_pwcnet/environment/path.sh
[157.559s] -- Installing: /cc_ws/tros_ws/install/share/mono_pwcnet/environment/path.dsv
[157.559s] -- Installing: /cc_ws/tros_ws/install/share/mono_pwcnet/local_setup.bash
[157.559s] -- Installing: /cc_ws/tros_ws/install/share/mono_pwcnet/local_setup.sh
[157.560s] -- Installing: /cc_ws/tros_ws/install/share/mono_pwcnet/local_setup.zsh
[157.560s] -- Installing: /cc_ws/tros_ws/install/share/mono_pwcnet/local_setup.dsv
[157.560s] -- Installing: /cc_ws/tros_ws/install/share/mono_pwcnet/package.dsv
[157.560s] -- Installing: /cc_ws/tros_ws/install/share/ament_index/resource_index/packages/mono_pwcnet
[157.560s] -- Installing: /cc_ws/tros_ws/install/share/mono_pwcnet/cmake/mono_pwcnetConfig.cmake
[157.561s] -- Installing: /cc_ws/tros_ws/install/share/mono_pwcnet/cmake/mono_pwcnetConfig-version.cmake
[157.561s] -- Installing: /cc_ws/tros_ws/install/share/mono_pwcnet/package.xml
[157.731s] Invoked command in '/cc_ws/tros_ws/build/mono_pwcnet' returned '0': AMENT_PREFIX_PATH=/cc_ws/tros_ws/install:${AMENT_PREFIX_PATH} CMAKE_PREFIX_PATH=/cc_ws/tros_ws/install:/opt/ros/humble LD_LIBRARY_PATH=/cc_ws/tros_ws/install/lib:/opt/ros/humble/opt/rviz_ogre_vendor/lib:/opt/ros/humble/lib/aarch64-linux-gnu:/opt/ros/humble/lib:/cc_ws/userdata/hobot/opt/hobot/deps PYTHONPATH=/cc_ws/tros_ws/install/lib/python3.10/site-packages:/cc_ws/tros_ws/install/local/lib/python3.10/dist-packages:${PYTHONPATH} /usr/bin/cmake --install /cc_ws/tros_ws/build/mono_pwcnet
