[33mCMake Warning (dev) at /opt/ros/humble/share/ament_cmake_test/cmake/ament_cmake_test-extras.cmake:19 (option):
  Policy CMP0077 is not set: option() honors normal variables.  Run "cmake
  --help-policy CMP0077" for policy details.  Use the cmake_policy command to
  set the policy and suppress this warning.

  For compatibility with older versions of CMake, option is clearing the
  normal variable 'BUILD_TESTING'.
Call Stack (most recent call first):
  /opt/ros/humble/share/ament_cmake_test/cmake/ament_cmake_testConfig.cmake:41 (include)
  /opt/ros/humble/share/ament_cmake/cmake/ament_cmake_export_dependencies-extras.cmake:21 (find_package)
  /opt/ros/humble/share/ament_cmake/cmake/ament_cmakeConfig.cmake:41 (include)
  /opt/ros/humble/share/rcutils/cmake/ament_cmake_export_dependencies-extras.cmake:21 (find_package)
  /opt/ros/humble/share/rcutils/cmake/rcutilsConfig.cmake:41 (include)
  /opt/ros/humble/share/rosidl_runtime_c/cmake/ament_cmake_export_dependencies-extras.cmake:21 (find_package)
  /opt/ros/humble/share/rosidl_runtime_c/cmake/rosidl_runtime_cConfig.cmake:41 (include)
  /opt/ros/humble/share/builtin_interfaces/cmake/ament_cmake_export_dependencies-extras.cmake:21 (find_package)
  /opt/ros/humble/share/builtin_interfaces/cmake/builtin_interfacesConfig.cmake:41 (include)
  /opt/ros/humble/share/libstatistics_collector/cmake/ament_cmake_export_dependencies-extras.cmake:21 (find_package)
  /opt/ros/humble/share/libstatistics_collector/cmake/libstatistics_collectorConfig.cmake:41 (include)
  /opt/ros/humble/share/rclcpp/cmake/ament_cmake_export_dependencies-extras.cmake:21 (find_package)
  /opt/ros/humble/share/rclcpp/cmake/rclcppConfig.cmake:41 (include)
  CMakeLists.txt:16 (find_package)
This warning is for project developers.  Use -Wno-dev to suppress it.
[0m
[0mPREFIX_PATH is [0m
[0mSYS_ROOT is /cc_ws/tros_ws/robot_dev_config/../../sysroot_docker[0m
[0mhobot_stereonet build platform X5[0m
In file included from [01m[K/opt/ros/humble/include/rclcpp/rclcpp/qos_event.hpp:29[m[K,
                 from [01m[K/opt/ros/humble/include/rclcpp/rclcpp/publisher_options.hpp:29[m[K,
                 from [01m[K/opt/ros/humble/include/rclcpp/rclcpp/node_options.hpp:26[m[K,
                 from [01m[K/opt/ros/humble/include/rclcpp_components/rclcpp_components/node_factory.hpp:18[m[K,
                 from [01m[K/opt/ros/humble/include/rclcpp_components/rclcpp_components/node_factory_template.hpp:21[m[K,
                 from [01m[K/opt/ros/humble/include/rclcpp_components/rclcpp_components/register_node_macro.hpp:19[m[K,
                 from [01m[K/cc_ws/tros_ws/src/box/hobot_perception/hobot_stereonet/src/stereonet_component.cpp:16[m[K:
[01m[K/cc_ws/tros_ws/src/box/hobot_perception/hobot_stereonet/include/pcl_filter.h:[m[K In static member function ‘[01m[Kstatic void pcl_filter::applyfilter(sensor_msgs::msg::PointCloud2&, float, int, float)[m[K’:
[01m[K/cc_ws/tros_ws/src/box/hobot_perception/hobot_stereonet/include/pcl_filter.h:37:42:[m[K [01;35m[Kwarning: [m[Kformat ‘[01m[K%d[m[K’ expects argument of type ‘[01m[Kint[m[K’, but argument 5 has type ‘[01m[Kstd::size_t[m[K’ {aka ‘[01m[Klong unsigned int[m[K’} [[01;35m[K-Wformat=[m[K]
   37 |     RCLCPP_DEBUG(rclcpp::get_logger(""), [01;35m[K"origin pcd size: %d"[m[K, [32m[Kcloud->size()[m[K);
      |                                          [01;35m[K^~~~~~~~~~~~~~~~~~~~~[m[K  [32m[K~~~~~~~~~~~~~[m[K
      |                                                                            [32m[K|[m[K
      |                                                                            [32m[Kstd::size_t {aka long unsigned int}[m[K
In file included from [01m[K/cc_ws/tros_ws/src/box/hobot_perception/hobot_stereonet/src/stereonet_component.cpp:18[m[K:
[01m[K/cc_ws/tros_ws/src/box/hobot_perception/hobot_stereonet/include/pcl_filter.h:37:61:[m[K [01;36m[Knote: [m[Kformat string is defined here
   37 |     RCLCPP_DEBUG(rclcpp::get_logger(""), "origin pcd size: [01;36m[K%d[m[K", cloud->size());
      |                                                            [01;36m[K~^[m[K
      |                                                             [01;36m[K|[m[K
      |                                                             [01;36m[Kint[m[K
      |                                                            [32m[K%ld[m[K
In file included from [01m[K/opt/ros/humble/include/rclcpp/rclcpp/qos_event.hpp:29[m[K,
                 from [01m[K/opt/ros/humble/include/rclcpp/rclcpp/publisher_options.hpp:29[m[K,
                 from [01m[K/opt/ros/humble/include/rclcpp/rclcpp/node_options.hpp:26[m[K,
                 from [01m[K/opt/ros/humble/include/rclcpp_components/rclcpp_components/node_factory.hpp:18[m[K,
                 from [01m[K/opt/ros/humble/include/rclcpp_components/rclcpp_components/node_factory_template.hpp:21[m[K,
                 from [01m[K/opt/ros/humble/include/rclcpp_components/rclcpp_components/register_node_macro.hpp:19[m[K,
                 from [01m[K/cc_ws/tros_ws/src/box/hobot_perception/hobot_stereonet/src/stereonet_component.cpp:16[m[K:
[01m[K/cc_ws/tros_ws/src/box/hobot_perception/hobot_stereonet/include/pcl_filter.h:43:42:[m[K [01;35m[Kwarning: [m[Kformat ‘[01m[K%d[m[K’ expects argument of type ‘[01m[Kint[m[K’, but argument 5 has type ‘[01m[Kstd::size_t[m[K’ {aka ‘[01m[Klong unsigned int[m[K’} [[01;35m[K-Wformat=[m[K]
   43 |     RCLCPP_DEBUG(rclcpp::get_logger(""), [01;35m[K"after voxel, pcd size: %d"[m[K, [32m[Kcloud_filtered->size()[m[K);
      |                                          [01;35m[K^~~~~~~~~~~~~~~~~~~~~~~~~~~[m[K  [32m[K~~~~~~~~~~~~~~~~~~~~~~[m[K
      |                                                                                           [32m[K|[m[K
      |                                                                                           [32m[Kstd::size_t {aka long unsigned int}[m[K
In file included from [01m[K/cc_ws/tros_ws/src/box/hobot_perception/hobot_stereonet/src/stereonet_component.cpp:18[m[K:
[01m[K/cc_ws/tros_ws/src/box/hobot_perception/hobot_stereonet/include/pcl_filter.h:43:67:[m[K [01;36m[Knote: [m[Kformat string is defined here
   43 |     RCLCPP_DEBUG(rclcpp::get_logger(""), "after voxel, pcd size: [01;36m[K%d[m[K", cloud_filtered->size());
      |                                                                  [01;36m[K~^[m[K
      |                                                                   [01;36m[K|[m[K
      |                                                                   [01;36m[Kint[m[K
      |                                                                  [32m[K%ld[m[K
In file included from [01m[K/opt/ros/humble/include/rclcpp/rclcpp/qos_event.hpp:29[m[K,
                 from [01m[K/opt/ros/humble/include/rclcpp/rclcpp/publisher_options.hpp:29[m[K,
                 from [01m[K/opt/ros/humble/include/rclcpp/rclcpp/node_options.hpp:26[m[K,
                 from [01m[K/opt/ros/humble/include/rclcpp_components/rclcpp_components/node_factory.hpp:18[m[K,
                 from [01m[K/opt/ros/humble/include/rclcpp_components/rclcpp_components/node_factory_template.hpp:21[m[K,
                 from [01m[K/opt/ros/humble/include/rclcpp_components/rclcpp_components/register_node_macro.hpp:19[m[K,
                 from [01m[K/cc_ws/tros_ws/src/box/hobot_perception/hobot_stereonet/src/stereonet_component.cpp:16[m[K:
[01m[K/cc_ws/tros_ws/src/box/hobot_perception/hobot_stereonet/include/pcl_filter.h:50:42:[m[K [01;35m[Kwarning: [m[Kformat ‘[01m[K%d[m[K’ expects argument of type ‘[01m[Kint[m[K’, but argument 5 has type ‘[01m[Kstd::size_t[m[K’ {aka ‘[01m[Klong unsigned int[m[K’} [[01;35m[K-Wformat=[m[K]
   50 |     RCLCPP_DEBUG(rclcpp::get_logger(""), [01;35m[K"after StatisticalOutlierRemoval, pcd size: %d"[m[K, [32m[Kcloud_filtered->size()[m[K);
      |                                          [01;35m[K^~~~~~~~~~~~~~~~~~~~~~~~~~~~~~~~~~~~~~~~~~~~~~~[m[K  [32m[K~~~~~~~~~~~~~~~~~~~~~~[m[K
      |                                                                                                               [32m[K|[m[K
      |                                                                                                               [32m[Kstd::size_t {aka long unsigned int}[m[K
In file included from [01m[K/cc_ws/tros_ws/src/box/hobot_perception/hobot_stereonet/src/stereonet_component.cpp:18[m[K:
[01m[K/cc_ws/tros_ws/src/box/hobot_perception/hobot_stereonet/include/pcl_filter.h:50:87:[m[K [01;36m[Knote: [m[Kformat string is defined here
   50 |     RCLCPP_DEBUG(rclcpp::get_logger(""), "after StatisticalOutlierRemoval, pcd size: [01;36m[K%d[m[K", cloud_filtered->size());
      |                                                                                      [01;36m[K~^[m[K
      |                                                                                       [01;36m[K|[m[K
      |                                                                                       [01;36m[Kint[m[K
      |                                                                                      [32m[K%ld[m[K
In file included from [01m[K/opt/ros/humble/include/rclcpp/rclcpp/qos_event.hpp:29[m[K,
                 from [01m[K/opt/ros/humble/include/rclcpp/rclcpp/publisher_options.hpp:29[m[K,
                 from [01m[K/opt/ros/humble/include/rclcpp/rclcpp/node_options.hpp:26[m[K,
                 from [01m[K/opt/ros/humble/include/rclcpp_components/rclcpp_components/node_factory.hpp:18[m[K,
                 from [01m[K/opt/ros/humble/include/rclcpp_components/rclcpp_components/node_factory_template.hpp:21[m[K,
                 from [01m[K/opt/ros/humble/include/rclcpp_components/rclcpp_components/register_node_macro.hpp:19[m[K,
                 from [01m[K/cc_ws/tros_ws/src/box/hobot_perception/hobot_stereonet/src/stereonet_component.cpp:16[m[K:
[01m[K/cc_ws/tros_ws/src/box/hobot_perception/hobot_stereonet/include/pcl_filter.h:82:18:[m[K [01;35m[Kwarning: [m[Kformat ‘[01m[K%d[m[K’ expects argument of type ‘[01m[Kint[m[K’, but argument 5 has type ‘[01m[Klong int[m[K’ [[01;35m[K-Wformat=[m[K]
   82 |                  [01;35m[K"ROS to PCL: %dms, "[m[K
      |                  [01;35m[K^~~~~~~~~~~~~~~~~~~~[m[K
   83 | [01;35m[K                 "PCL filter: %dms,, "[m[K
      |                  [01;35m[K~~~~~~~~~~~~~~~~~~~~~[m[K
   84 | [01;35m[K                 "PCL to ROS: %dms"[m[K, [32m[Kd1[m[K, d2, d3);
      |                  [01;35m[K~~~~~~~~~~~~~~~~~~[m[K  [32m[K~~[m[K
      |                                      [32m[K|[m[K
      |                                      [32m[Klong int[m[K
In file included from [01m[K/cc_ws/tros_ws/src/box/hobot_perception/hobot_stereonet/src/stereonet_component.cpp:18[m[K:
[01m[K/cc_ws/tros_ws/src/box/hobot_perception/hobot_stereonet/include/pcl_filter.h:82:32:[m[K [01;36m[Knote: [m[Kformat string is defined here
   82 |                  "ROS to PCL: [01;36m[K%d[m[Kms, "
      |                               [01;36m[K~^[m[K
      |                                [01;36m[K|[m[K
      |                                [01;36m[Kint[m[K
      |                               [32m[K%ld[m[K
In file included from [01m[K/opt/ros/humble/include/rclcpp/rclcpp/qos_event.hpp:29[m[K,
                 from [01m[K/opt/ros/humble/include/rclcpp/rclcpp/publisher_options.hpp:29[m[K,
                 from [01m[K/opt/ros/humble/include/rclcpp/rclcpp/node_options.hpp:26[m[K,
                 from [01m[K/opt/ros/humble/include/rclcpp_components/rclcpp_components/node_factory.hpp:18[m[K,
                 from [01m[K/opt/ros/humble/include/rclcpp_components/rclcpp_components/node_factory_template.hpp:21[m[K,
                 from [01m[K/opt/ros/humble/include/rclcpp_components/rclcpp_components/register_node_macro.hpp:19[m[K,
                 from [01m[K/cc_ws/tros_ws/src/box/hobot_perception/hobot_stereonet/src/stereonet_component.cpp:16[m[K:
[01m[K/cc_ws/tros_ws/src/box/hobot_perception/hobot_stereonet/include/pcl_filter.h:82:18:[m[K [01;35m[Kwarning: [m[Kformat ‘[01m[K%d[m[K’ expects argument of type ‘[01m[Kint[m[K’, but argument 6 has type ‘[01m[Klong int[m[K’ [[01;35m[K-Wformat=[m[K]
   82 |                  [01;35m[K"ROS to PCL: %dms, "[m[K
      |                  [01;35m[K^~~~~~~~~~~~~~~~~~~~[m[K
   83 | [01;35m[K                 "PCL filter: %dms,, "[m[K
      |                  [01;35m[K~~~~~~~~~~~~~~~~~~~~~[m[K
   84 | [01;35m[K                 "PCL to ROS: %dms"[m[K, d1, [32m[Kd2[m[K, d3);
      |                  [01;35m[K~~~~~~~~~~~~~~~~~~[m[K      [32m[K~~[m[K
      |                                          [32m[K|[m[K
      |                                          [32m[Klong int[m[K
In file included from [01m[K/cc_ws/tros_ws/src/box/hobot_perception/hobot_stereonet/src/stereonet_component.cpp:18[m[K:
[01m[K/cc_ws/tros_ws/src/box/hobot_perception/hobot_stereonet/include/pcl_filter.h:83:32:[m[K [01;36m[Knote: [m[Kformat string is defined here
   83 |                  "PCL filter: [01;36m[K%d[m[Kms,, "
      |                               [01;36m[K~^[m[K
      |                                [01;36m[K|[m[K
      |                                [01;36m[Kint[m[K
      |                               [32m[K%ld[m[K
In file included from [01m[K/opt/ros/humble/include/rclcpp/rclcpp/qos_event.hpp:29[m[K,
                 from [01m[K/opt/ros/humble/include/rclcpp/rclcpp/publisher_options.hpp:29[m[K,
                 from [01m[K/opt/ros/humble/include/rclcpp/rclcpp/node_options.hpp:26[m[K,
                 from [01m[K/opt/ros/humble/include/rclcpp_components/rclcpp_components/node_factory.hpp:18[m[K,
                 from [01m[K/opt/ros/humble/include/rclcpp_components/rclcpp_components/node_factory_template.hpp:21[m[K,
                 from [01m[K/opt/ros/humble/include/rclcpp_components/rclcpp_components/register_node_macro.hpp:19[m[K,
                 from [01m[K/cc_ws/tros_ws/src/box/hobot_perception/hobot_stereonet/src/stereonet_component.cpp:16[m[K:
[01m[K/cc_ws/tros_ws/src/box/hobot_perception/hobot_stereonet/include/pcl_filter.h:82:18:[m[K [01;35m[Kwarning: [m[Kformat ‘[01m[K%d[m[K’ expects argument of type ‘[01m[Kint[m[K’, but argument 7 has type ‘[01m[Klong int[m[K’ [[01;35m[K-Wformat=[m[K]
   82 |                  [01;35m[K"ROS to PCL: %dms, "[m[K
      |                  [01;35m[K^~~~~~~~~~~~~~~~~~~~[m[K
   83 | [01;35m[K                 "PCL filter: %dms,, "[m[K
      |                  [01;35m[K~~~~~~~~~~~~~~~~~~~~~[m[K
   84 | [01;35m[K                 "PCL to ROS: %dms"[m[K, d1, d2, [32m[Kd3[m[K);
      |                  [01;35m[K~~~~~~~~~~~~~~~~~~[m[K          [32m[K~~[m[K
      |                                              [32m[K|[m[K
      |                                              [32m[Klong int[m[K
In file included from [01m[K/cc_ws/tros_ws/src/box/hobot_perception/hobot_stereonet/src/stereonet_component.cpp:18[m[K:
[01m[K/cc_ws/tros_ws/src/box/hobot_perception/hobot_stereonet/include/pcl_filter.h:84:32:[m[K [01;36m[Knote: [m[Kformat string is defined here
   84 |                  "PCL to ROS: [01;36m[K%d[m[Kms", d1, d2, d3);
      |                               [01;36m[K~^[m[K
      |                                [01;36m[K|[m[K
      |                                [01;36m[Kint[m[K
      |                               [32m[K%ld[m[K
In file included from [01m[K/opt/ros/humble/include/rclcpp/rclcpp/qos_event.hpp:29[m[K,
                 from [01m[K/opt/ros/humble/include/rclcpp/rclcpp/publisher_options.hpp:29[m[K,
                 from [01m[K/opt/ros/humble/include/rclcpp/rclcpp/node_options.hpp:26[m[K,
                 from [01m[K/opt/ros/humble/include/rclcpp_components/rclcpp_components/node_factory.hpp:18[m[K,
                 from [01m[K/opt/ros/humble/include/rclcpp_components/rclcpp_components/node_factory_template.hpp:21[m[K,
                 from [01m[K/opt/ros/humble/include/rclcpp_components/rclcpp_components/register_node_macro.hpp:19[m[K,
                 from [01m[K/cc_ws/tros_ws/src/box/hobot_perception/hobot_stereonet/src/stereonet_component.cpp:16[m[K:
[01m[K/cc_ws/tros_ws/src/box/hobot_perception/hobot_stereonet/src/stereonet_component.cpp:[m[K In member function ‘[01m[Kvoid stereonet::StereoNetNode::pub_func(stereonet::StereoNetNode::pub_data_t&)[m[K’:
[01m[K/cc_ws/tros_ws/src/box/hobot_perception/hobot_stereonet/src/stereonet_component.cpp:1130:9:[m[K [01;35m[Kwarning: [m[Kunknown conversion type character ‘[01m[K,[m[K’ in format [[01;35m[K-Wformat=[m[K]
 1130 |         [01;35m[K"fps: %d, latency: %dms, cpu_usage: %d%, bpu_usage: %d%"[m[K,
      |         [01;35m[K^~~~~~~~~~~~~~~~~~~~~~~~~~~~~~~~~~~~~~~~~~~~~~~~~~~~~~~~[m[K
[01m[K/cc_ws/tros_ws/src/box/hobot_perception/hobot_stereonet/src/stereonet_component.cpp:1130:48:[m[K [01;36m[Knote: [m[Kformat string is defined here
 1130 |         "fps: %d, latency: %dms, cpu_usage: %d%[01;36m[K,[m[K bpu_usage: %d%",
      |                                                [01;36m[K^[m[K
In file included from [01m[K/opt/ros/humble/include/rclcpp/rclcpp/qos_event.hpp:29[m[K,
                 from [01m[K/opt/ros/humble/include/rclcpp/rclcpp/publisher_options.hpp:29[m[K,
                 from [01m[K/opt/ros/humble/include/rclcpp/rclcpp/node_options.hpp:26[m[K,
                 from [01m[K/opt/ros/humble/include/rclcpp_components/rclcpp_components/node_factory.hpp:18[m[K,
                 from [01m[K/opt/ros/humble/include/rclcpp_components/rclcpp_components/node_factory_template.hpp:21[m[K,
                 from [01m[K/opt/ros/humble/include/rclcpp_components/rclcpp_components/register_node_macro.hpp:19[m[K,
                 from [01m[K/cc_ws/tros_ws/src/box/hobot_perception/hobot_stereonet/src/stereonet_component.cpp:16[m[K:
[01m[K/cc_ws/tros_ws/src/box/hobot_perception/hobot_stereonet/src/stereonet_component.cpp:1130:9:[m[K [01;35m[Kwarning: [m[Kspurious trailing ‘[01m[K%[m[K’ in format [[01;35m[K-Wformat=[m[K]
 1130 |         [01;35m[K"fps: %d, latency: %dms, cpu_usage: %d%, bpu_usage: %d%"[m[K,
      |         [01;35m[K^~~~~~~~~~~~~~~~~~~~~~~~~~~~~~~~~~~~~~~~~~~~~~~~~~~~~~~~[m[K
[01m[K/cc_ws/tros_ws/src/box/hobot_perception/hobot_stereonet/src/stereonet_component.cpp:1130:63:[m[K [01;36m[Knote: [m[Kformat string is defined here
 1130 |         "fps: %d, latency: %dms, cpu_usage: %d%, bpu_usage: %d[01;36m[K%[m[K",
      |                                                               [01;36m[K^[m[K
In file included from [01m[K/opt/ros/humble/include/rclcpp/rclcpp/qos_event.hpp:29[m[K,
                 from [01m[K/opt/ros/humble/include/rclcpp/rclcpp/publisher_options.hpp:29[m[K,
                 from [01m[K/opt/ros/humble/include/rclcpp/rclcpp/node_options.hpp:26[m[K,
                 from [01m[K/opt/ros/humble/include/rclcpp_components/rclcpp_components/node_factory.hpp:18[m[K,
                 from [01m[K/opt/ros/humble/include/rclcpp_components/rclcpp_components/node_factory_template.hpp:21[m[K,
                 from [01m[K/opt/ros/humble/include/rclcpp_components/rclcpp_components/register_node_macro.hpp:19[m[K,
                 from [01m[K/cc_ws/tros_ws/src/box/hobot_perception/hobot_stereonet/src/stereonet_component.cpp:16[m[K:
[01m[K/cc_ws/tros_ws/src/box/hobot_perception/hobot_stereonet/include/pcl_filter.h:[m[K In static member function ‘[01m[Kstatic void pcl_filter::applyfilter(sensor_msgs::msg::PointCloud2&, float, int, float)[m[K’:
[01m[K/cc_ws/tros_ws/src/box/hobot_perception/hobot_stereonet/include/pcl_filter.h:37:42:[m[K [01;35m[Kwarning: [m[Kformat ‘[01m[K%d[m[K’ expects argument of type ‘[01m[Kint[m[K’, but argument 5 has type ‘[01m[Kstd::size_t[m[K’ {aka ‘[01m[Klong unsigned int[m[K’} [[01;35m[K-Wformat=[m[K]
   37 |     RCLCPP_DEBUG(rclcpp::get_logger(""), [01;35m[K"origin pcd size: %d"[m[K, [32m[Kcloud->size()[m[K);
      |                                          [01;35m[K^~~~~~~~~~~~~~~~~~~~~[m[K  [32m[K~~~~~~~~~~~~~[m[K
      |                                                                            [32m[K|[m[K
      |                                                                            [32m[Kstd::size_t {aka long unsigned int}[m[K
In file included from [01m[K/cc_ws/tros_ws/src/box/hobot_perception/hobot_stereonet/src/stereonet_component.cpp:18[m[K:
[01m[K/cc_ws/tros_ws/src/box/hobot_perception/hobot_stereonet/include/pcl_filter.h:37:61:[m[K [01;36m[Knote: [m[Kformat string is defined here
   37 |     RCLCPP_DEBUG(rclcpp::get_logger(""), "origin pcd size: [01;36m[K%d[m[K", cloud->size());
      |                                                            [01;36m[K~^[m[K
      |                                                             [01;36m[K|[m[K
      |                                                             [01;36m[Kint[m[K
      |                                                            [32m[K%ld[m[K
In file included from [01m[K/opt/ros/humble/include/rclcpp/rclcpp/qos_event.hpp:29[m[K,
                 from [01m[K/opt/ros/humble/include/rclcpp/rclcpp/publisher_options.hpp:29[m[K,
                 from [01m[K/opt/ros/humble/include/rclcpp/rclcpp/node_options.hpp:26[m[K,
                 from [01m[K/opt/ros/humble/include/rclcpp_components/rclcpp_components/node_factory.hpp:18[m[K,
                 from [01m[K/opt/ros/humble/include/rclcpp_components/rclcpp_components/node_factory_template.hpp:21[m[K,
                 from [01m[K/opt/ros/humble/include/rclcpp_components/rclcpp_components/register_node_macro.hpp:19[m[K,
                 from [01m[K/cc_ws/tros_ws/src/box/hobot_perception/hobot_stereonet/src/stereonet_component.cpp:16[m[K:
[01m[K/cc_ws/tros_ws/src/box/hobot_perception/hobot_stereonet/include/pcl_filter.h:43:42:[m[K [01;35m[Kwarning: [m[Kformat ‘[01m[K%d[m[K’ expects argument of type ‘[01m[Kint[m[K’, but argument 5 has type ‘[01m[Kstd::size_t[m[K’ {aka ‘[01m[Klong unsigned int[m[K’} [[01;35m[K-Wformat=[m[K]
   43 |     RCLCPP_DEBUG(rclcpp::get_logger(""), [01;35m[K"after voxel, pcd size: %d"[m[K, [32m[Kcloud_filtered->size()[m[K);
      |                                          [01;35m[K^~~~~~~~~~~~~~~~~~~~~~~~~~~[m[K  [32m[K~~~~~~~~~~~~~~~~~~~~~~[m[K
      |                                                                                           [32m[K|[m[K
      |                                                                                           [32m[Kstd::size_t {aka long unsigned int}[m[K
In file included from [01m[K/cc_ws/tros_ws/src/box/hobot_perception/hobot_stereonet/src/stereonet_component.cpp:18[m[K:
[01m[K/cc_ws/tros_ws/src/box/hobot_perception/hobot_stereonet/include/pcl_filter.h:43:67:[m[K [01;36m[Knote: [m[Kformat string is defined here
   43 |     RCLCPP_DEBUG(rclcpp::get_logger(""), "after voxel, pcd size: [01;36m[K%d[m[K", cloud_filtered->size());
      |                                                                  [01;36m[K~^[m[K
      |                                                                   [01;36m[K|[m[K
      |                                                                   [01;36m[Kint[m[K
      |                                                                  [32m[K%ld[m[K
In file included from [01m[K/opt/ros/humble/include/rclcpp/rclcpp/qos_event.hpp:29[m[K,
                 from [01m[K/opt/ros/humble/include/rclcpp/rclcpp/publisher_options.hpp:29[m[K,
                 from [01m[K/opt/ros/humble/include/rclcpp/rclcpp/node_options.hpp:26[m[K,
                 from [01m[K/opt/ros/humble/include/rclcpp_components/rclcpp_components/node_factory.hpp:18[m[K,
                 from [01m[K/opt/ros/humble/include/rclcpp_components/rclcpp_components/node_factory_template.hpp:21[m[K,
                 from [01m[K/opt/ros/humble/include/rclcpp_components/rclcpp_components/register_node_macro.hpp:19[m[K,
                 from [01m[K/cc_ws/tros_ws/src/box/hobot_perception/hobot_stereonet/src/stereonet_component.cpp:16[m[K:
[01m[K/cc_ws/tros_ws/src/box/hobot_perception/hobot_stereonet/include/pcl_filter.h:50:42:[m[K [01;35m[Kwarning: [m[Kformat ‘[01m[K%d[m[K’ expects argument of type ‘[01m[Kint[m[K’, but argument 5 has type ‘[01m[Kstd::size_t[m[K’ {aka ‘[01m[Klong unsigned int[m[K’} [[01;35m[K-Wformat=[m[K]
   50 |     RCLCPP_DEBUG(rclcpp::get_logger(""), [01;35m[K"after StatisticalOutlierRemoval, pcd size: %d"[m[K, [32m[Kcloud_filtered->size()[m[K);
      |                                          [01;35m[K^~~~~~~~~~~~~~~~~~~~~~~~~~~~~~~~~~~~~~~~~~~~~~~[m[K  [32m[K~~~~~~~~~~~~~~~~~~~~~~[m[K
      |                                                                                                               [32m[K|[m[K
      |                                                                                                               [32m[Kstd::size_t {aka long unsigned int}[m[K
In file included from [01m[K/cc_ws/tros_ws/src/box/hobot_perception/hobot_stereonet/src/stereonet_component.cpp:18[m[K:
[01m[K/cc_ws/tros_ws/src/box/hobot_perception/hobot_stereonet/include/pcl_filter.h:50:87:[m[K [01;36m[Knote: [m[Kformat string is defined here
   50 |     RCLCPP_DEBUG(rclcpp::get_logger(""), "after StatisticalOutlierRemoval, pcd size: [01;36m[K%d[m[K", cloud_filtered->size());
      |                                                                                      [01;36m[K~^[m[K
      |                                                                                       [01;36m[K|[m[K
      |                                                                                       [01;36m[Kint[m[K
      |                                                                                      [32m[K%ld[m[K
In file included from [01m[K/opt/ros/humble/include/rclcpp/rclcpp/qos_event.hpp:29[m[K,
                 from [01m[K/opt/ros/humble/include/rclcpp/rclcpp/publisher_options.hpp:29[m[K,
                 from [01m[K/opt/ros/humble/include/rclcpp/rclcpp/node_options.hpp:26[m[K,
                 from [01m[K/opt/ros/humble/include/rclcpp_components/rclcpp_components/node_factory.hpp:18[m[K,
                 from [01m[K/opt/ros/humble/include/rclcpp_components/rclcpp_components/node_factory_template.hpp:21[m[K,
                 from [01m[K/opt/ros/humble/include/rclcpp_components/rclcpp_components/register_node_macro.hpp:19[m[K,
                 from [01m[K/cc_ws/tros_ws/src/box/hobot_perception/hobot_stereonet/src/stereonet_component.cpp:16[m[K:
[01m[K/cc_ws/tros_ws/src/box/hobot_perception/hobot_stereonet/include/pcl_filter.h:82:18:[m[K [01;35m[Kwarning: [m[Kformat ‘[01m[K%d[m[K’ expects argument of type ‘[01m[Kint[m[K’, but argument 5 has type ‘[01m[Klong int[m[K’ [[01;35m[K-Wformat=[m[K]
   82 |                  [01;35m[K"ROS to PCL: %dms, "[m[K
      |                  [01;35m[K^~~~~~~~~~~~~~~~~~~~[m[K
   83 | [01;35m[K                 "PCL filter: %dms,, "[m[K
      |                  [01;35m[K~~~~~~~~~~~~~~~~~~~~~[m[K
   84 | [01;35m[K                 "PCL to ROS: %dms"[m[K, [32m[Kd1[m[K, d2, d3);
      |                  [01;35m[K~~~~~~~~~~~~~~~~~~[m[K  [32m[K~~[m[K
      |                                      [32m[K|[m[K
      |                                      [32m[Klong int[m[K
In file included from [01m[K/cc_ws/tros_ws/src/box/hobot_perception/hobot_stereonet/src/stereonet_component.cpp:18[m[K:
[01m[K/cc_ws/tros_ws/src/box/hobot_perception/hobot_stereonet/include/pcl_filter.h:82:32:[m[K [01;36m[Knote: [m[Kformat string is defined here
   82 |                  "ROS to PCL: [01;36m[K%d[m[Kms, "
      |                               [01;36m[K~^[m[K
      |                                [01;36m[K|[m[K
      |                                [01;36m[Kint[m[K
      |                               [32m[K%ld[m[K
In file included from [01m[K/opt/ros/humble/include/rclcpp/rclcpp/qos_event.hpp:29[m[K,
                 from [01m[K/opt/ros/humble/include/rclcpp/rclcpp/publisher_options.hpp:29[m[K,
                 from [01m[K/opt/ros/humble/include/rclcpp/rclcpp/node_options.hpp:26[m[K,
                 from [01m[K/opt/ros/humble/include/rclcpp_components/rclcpp_components/node_factory.hpp:18[m[K,
                 from [01m[K/opt/ros/humble/include/rclcpp_components/rclcpp_components/node_factory_template.hpp:21[m[K,
                 from [01m[K/opt/ros/humble/include/rclcpp_components/rclcpp_components/register_node_macro.hpp:19[m[K,
                 from [01m[K/cc_ws/tros_ws/src/box/hobot_perception/hobot_stereonet/src/stereonet_component.cpp:16[m[K:
[01m[K/cc_ws/tros_ws/src/box/hobot_perception/hobot_stereonet/include/pcl_filter.h:82:18:[m[K [01;35m[Kwarning: [m[Kformat ‘[01m[K%d[m[K’ expects argument of type ‘[01m[Kint[m[K’, but argument 6 has type ‘[01m[Klong int[m[K’ [[01;35m[K-Wformat=[m[K]
   82 |                  [01;35m[K"ROS to PCL: %dms, "[m[K
      |                  [01;35m[K^~~~~~~~~~~~~~~~~~~~[m[K
   83 | [01;35m[K                 "PCL filter: %dms,, "[m[K
      |                  [01;35m[K~~~~~~~~~~~~~~~~~~~~~[m[K
   84 | [01;35m[K                 "PCL to ROS: %dms"[m[K, d1, [32m[Kd2[m[K, d3);
      |                  [01;35m[K~~~~~~~~~~~~~~~~~~[m[K      [32m[K~~[m[K
      |                                          [32m[K|[m[K
      |                                          [32m[Klong int[m[K
In file included from [01m[K/cc_ws/tros_ws/src/box/hobot_perception/hobot_stereonet/src/stereonet_component.cpp:18[m[K:
[01m[K/cc_ws/tros_ws/src/box/hobot_perception/hobot_stereonet/include/pcl_filter.h:83:32:[m[K [01;36m[Knote: [m[Kformat string is defined here
   83 |                  "PCL filter: [01;36m[K%d[m[Kms,, "
      |                               [01;36m[K~^[m[K
      |                                [01;36m[K|[m[K
      |                                [01;36m[Kint[m[K
      |                               [32m[K%ld[m[K
In file included from [01m[K/opt/ros/humble/include/rclcpp/rclcpp/qos_event.hpp:29[m[K,
                 from [01m[K/opt/ros/humble/include/rclcpp/rclcpp/publisher_options.hpp:29[m[K,
                 from [01m[K/opt/ros/humble/include/rclcpp/rclcpp/node_options.hpp:26[m[K,
                 from [01m[K/opt/ros/humble/include/rclcpp_components/rclcpp_components/node_factory.hpp:18[m[K,
                 from [01m[K/opt/ros/humble/include/rclcpp_components/rclcpp_components/node_factory_template.hpp:21[m[K,
                 from [01m[K/opt/ros/humble/include/rclcpp_components/rclcpp_components/register_node_macro.hpp:19[m[K,
                 from [01m[K/cc_ws/tros_ws/src/box/hobot_perception/hobot_stereonet/src/stereonet_component.cpp:16[m[K:
[01m[K/cc_ws/tros_ws/src/box/hobot_perception/hobot_stereonet/include/pcl_filter.h:82:18:[m[K [01;35m[Kwarning: [m[Kformat ‘[01m[K%d[m[K’ expects argument of type ‘[01m[Kint[m[K’, but argument 7 has type ‘[01m[Klong int[m[K’ [[01;35m[K-Wformat=[m[K]
   82 |                  [01;35m[K"ROS to PCL: %dms, "[m[K
      |                  [01;35m[K^~~~~~~~~~~~~~~~~~~~[m[K
   83 | [01;35m[K                 "PCL filter: %dms,, "[m[K
      |                  [01;35m[K~~~~~~~~~~~~~~~~~~~~~[m[K
   84 | [01;35m[K                 "PCL to ROS: %dms"[m[K, d1, d2, [32m[Kd3[m[K);
      |                  [01;35m[K~~~~~~~~~~~~~~~~~~[m[K          [32m[K~~[m[K
      |                                              [32m[K|[m[K
      |                                              [32m[Klong int[m[K
In file included from [01m[K/cc_ws/tros_ws/src/box/hobot_perception/hobot_stereonet/src/stereonet_component.cpp:18[m[K:
[01m[K/cc_ws/tros_ws/src/box/hobot_perception/hobot_stereonet/include/pcl_filter.h:84:32:[m[K [01;36m[Knote: [m[Kformat string is defined here
   84 |                  "PCL to ROS: [01;36m[K%d[m[Kms", d1, d2, d3);
      |                               [01;36m[K~^[m[K
      |                                [01;36m[K|[m[K
      |                                [01;36m[Kint[m[K
      |                               [32m[K%ld[m[K
In file included from [01m[K/opt/ros/humble/include/rclcpp/rclcpp/qos_event.hpp:29[m[K,
                 from [01m[K/opt/ros/humble/include/rclcpp/rclcpp/publisher_options.hpp:29[m[K,
                 from [01m[K/opt/ros/humble/include/rclcpp/rclcpp/node_options.hpp:26[m[K,
                 from [01m[K/opt/ros/humble/include/rclcpp_components/rclcpp_components/node_factory.hpp:18[m[K,
                 from [01m[K/opt/ros/humble/include/rclcpp_components/rclcpp_components/node_factory_template.hpp:21[m[K,
                 from [01m[K/opt/ros/humble/include/rclcpp_components/rclcpp_components/register_node_macro.hpp:19[m[K,
                 from [01m[K/cc_ws/tros_ws/src/box/hobot_perception/hobot_stereonet/src/stereonet_component.cpp:16[m[K:
[01m[K/cc_ws/tros_ws/src/box/hobot_perception/hobot_stereonet/src/stereonet_component.cpp:[m[K In member function ‘[01m[Kvoid stereonet::StereoNetNode::pub_func(stereonet::StereoNetNode::pub_data_t&)[m[K’:
[01m[K/cc_ws/tros_ws/src/box/hobot_perception/hobot_stereonet/src/stereonet_component.cpp:1130:9:[m[K [01;35m[Kwarning: [m[Kunknown conversion type character ‘[01m[K,[m[K’ in format [[01;35m[K-Wformat=[m[K]
 1130 |         [01;35m[K"fps: %d, latency: %dms, cpu_usage: %d%, bpu_usage: %d%"[m[K,
      |         [01;35m[K^~~~~~~~~~~~~~~~~~~~~~~~~~~~~~~~~~~~~~~~~~~~~~~~~~~~~~~~[m[K
[01m[K/cc_ws/tros_ws/src/box/hobot_perception/hobot_stereonet/src/stereonet_component.cpp:1130:48:[m[K [01;36m[Knote: [m[Kformat string is defined here
 1130 |         "fps: %d, latency: %dms, cpu_usage: %d%[01;36m[K,[m[K bpu_usage: %d%",
      |                                                [01;36m[K^[m[K
In file included from [01m[K/opt/ros/humble/include/rclcpp/rclcpp/qos_event.hpp:29[m[K,
                 from [01m[K/opt/ros/humble/include/rclcpp/rclcpp/publisher_options.hpp:29[m[K,
                 from [01m[K/opt/ros/humble/include/rclcpp/rclcpp/node_options.hpp:26[m[K,
                 from [01m[K/opt/ros/humble/include/rclcpp_components/rclcpp_components/node_factory.hpp:18[m[K,
                 from [01m[K/opt/ros/humble/include/rclcpp_components/rclcpp_components/node_factory_template.hpp:21[m[K,
                 from [01m[K/opt/ros/humble/include/rclcpp_components/rclcpp_components/register_node_macro.hpp:19[m[K,
                 from [01m[K/cc_ws/tros_ws/src/box/hobot_perception/hobot_stereonet/src/stereonet_component.cpp:16[m[K:
[01m[K/cc_ws/tros_ws/src/box/hobot_perception/hobot_stereonet/src/stereonet_component.cpp:1130:9:[m[K [01;35m[Kwarning: [m[Kspurious trailing ‘[01m[K%[m[K’ in format [[01;35m[K-Wformat=[m[K]
 1130 |         [01;35m[K"fps: %d, latency: %dms, cpu_usage: %d%, bpu_usage: %d%"[m[K,
      |         [01;35m[K^~~~~~~~~~~~~~~~~~~~~~~~~~~~~~~~~~~~~~~~~~~~~~~~~~~~~~~~[m[K
[01m[K/cc_ws/tros_ws/src/box/hobot_perception/hobot_stereonet/src/stereonet_component.cpp:1130:63:[m[K [01;36m[Knote: [m[Kformat string is defined here
 1130 |         "fps: %d, latency: %dms, cpu_usage: %d%, bpu_usage: %d[01;36m[K%[m[K",
      |                                                               [01;36m[K^[m[K
[01m[K/cc_ws/tros_ws/src/box/hobot_perception/hobot_stereonet/src/stereonet_component.cpp:[m[K In function ‘[01m[Kvoid stereonet::save_images(cv::Mat&, cv::Mat&, uint64_t, const string&)[m[K’:
[01m[K/cc_ws/tros_ws/src/box/hobot_perception/hobot_stereonet/src/stereonet_component.cpp:836:11:[m[K [01;35m[Kwarning: [m[Kignoring return value of ‘[01m[Kint system(const char*)[m[K’ declared with attribute ‘[01m[Kwarn_unused_result[m[K’ [[01;35m[K-Wunused-result[m[K]
  836 |     [01;35m[Ksystem("mkdir -p"[m[K
      |     [01;35m[K~~~~~~^~~~~~~~~~~[m[K
  837 | [01;35m[K           " ./images/cam0/data/"[m[K
      |            [01;35m[K~~~~~~~~~~~~~~~~~~~~~~[m[K
  838 | [01;35m[K           " ./images/cam1/data/"[m[K
      |            [01;35m[K~~~~~~~~~~~~~~~~~~~~~~[m[K
  839 | [01;35m[K           " ./images/cam_combine/data/")[m[K;
      |            [01;35m[K~~~~~~~~~~~~~~~~~~~~~~~~~~~~~~[m[K
[01m[K/cc_ws/tros_ws/src/box/hobot_perception/hobot_stereonet/src/stereonet_component.cpp:[m[K In function ‘[01m[Kvoid stereonet::save_images(cv::Mat&, cv::Mat&, uint64_t, const string&)[m[K’:
[01m[K/cc_ws/tros_ws/src/box/hobot_perception/hobot_stereonet/src/stereonet_component.cpp:836:11:[m[K [01;35m[Kwarning: [m[Kignoring return value of ‘[01m[Kint system(const char*)[m[K’ declared with attribute ‘[01m[Kwarn_unused_result[m[K’ [[01;35m[K-Wunused-result[m[K]
  836 |     [01;35m[Ksystem("mkdir -p"[m[K
      |     [01;35m[K~~~~~~^~~~~~~~~~~[m[K
  837 | [01;35m[K           " ./images/cam0/data/"[m[K
      |            [01;35m[K~~~~~~~~~~~~~~~~~~~~~~[m[K
  838 | [01;35m[K           " ./images/cam1/data/"[m[K
      |            [01;35m[K~~~~~~~~~~~~~~~~~~~~~~[m[K
  839 | [01;35m[K           " ./images/cam_combine/data/")[m[K;
      |            [01;35m[K~~~~~~~~~~~~~~~~~~~~~~~~~~~~~~[m[K
