[0.015s] Invoking command in '/cc_ws/tros_ws/build/hobot_stereonet': CMAKE_PREFIX_PATH=/opt/ros/humble HISTTIMEFORMAT=%F %T /usr/bin/cmake /cc_ws/tros_ws/src/box/hobot_perception/hobot_stereonet -DCMAKE_EXPORT_COMPILE_COMMANDS=ON --no-warn-unused-cli -DCMAKE_TOOLCHAIN_FILE=/cc_ws/tros_ws/robot_dev_config/aarch64_toolchainfile.cmake -DPLATFORM_X5=ON -DTHIRDPARTY=ON -DBUILD_TESTING=OFF -DCMAKE_BUILD_RPATH=/cc_ws/tros_ws/build/poco_vendor/poco_external_project_install/lib/;/cc_ws/tros_ws/build/libyaml_vendor/libyaml_install/lib/ -DCMAKE_INSTALL_PREFIX=/cc_ws/tros_ws/install
[0.022s] Not searching for unused variables given on the command line.
[0.040s] -- Found rclcpp: 16.0.8 (/opt/ros/humble/share/rclcpp/cmake)
[0.181s] [33mCMake Warning (dev) at /opt/ros/humble/share/ament_cmake_test/cmake/ament_cmake_test-extras.cmake:19 (option):
[0.181s]   Policy CMP0077 is not set: option() honors normal variables.  Run "cmake
[0.181s]   --help-policy CMP0077" for policy details.  Use the cmake_policy command to
[0.181s]   set the policy and suppress this warning.
[0.181s] 
[0.181s]   For compatibility with older versions of CMake, option is clearing the
[0.181s]   normal variable 'BUILD_TESTING'.
[0.181s] Call Stack (most recent call first):
[0.182s]   /opt/ros/humble/share/ament_cmake_test/cmake/ament_cmake_testConfig.cmake:41 (include)
[0.182s]   /opt/ros/humble/share/ament_cmake/cmake/ament_cmake_export_dependencies-extras.cmake:21 (find_package)
[0.182s]   /opt/ros/humble/share/ament_cmake/cmake/ament_cmakeConfig.cmake:41 (include)
[0.182s]   /opt/ros/humble/share/rcutils/cmake/ament_cmake_export_dependencies-extras.cmake:21 (find_package)
[0.182s]   /opt/ros/humble/share/rcutils/cmake/rcutilsConfig.cmake:41 (include)
[0.182s]   /opt/ros/humble/share/rosidl_runtime_c/cmake/ament_cmake_export_dependencies-extras.cmake:21 (find_package)
[0.182s]   /opt/ros/humble/share/rosidl_runtime_c/cmake/rosidl_runtime_cConfig.cmake:41 (include)
[0.182s]   /opt/ros/humble/share/builtin_interfaces/cmake/ament_cmake_export_dependencies-extras.cmake:21 (find_package)
[0.182s]   /opt/ros/humble/share/builtin_interfaces/cmake/builtin_interfacesConfig.cmake:41 (include)
[0.182s]   /opt/ros/humble/share/libstatistics_collector/cmake/ament_cmake_export_dependencies-extras.cmake:21 (find_package)
[0.183s]   /opt/ros/humble/share/libstatistics_collector/cmake/libstatistics_collectorConfig.cmake:41 (include)
[0.183s]   /opt/ros/humble/share/rclcpp/cmake/ament_cmake_export_dependencies-extras.cmake:21 (find_package)
[0.183s]   /opt/ros/humble/share/rclcpp/cmake/rclcppConfig.cmake:41 (include)
[0.183s]   CMakeLists.txt:16 (find_package)
[0.183s] This warning is for project developers.  Use -Wno-dev to suppress it.
[0.183s] [0m
[0.193s] -- Found rosidl_generator_c: 3.1.5 (/opt/ros/humble/share/rosidl_generator_c/cmake)
[0.196s] -- Found rosidl_adapter: 3.1.5 (/opt/ros/humble/share/rosidl_adapter/cmake)
[0.205s] -- Found rosidl_generator_cpp: 3.1.5 (/opt/ros/humble/share/rosidl_generator_cpp/cmake)
[0.220s] -- Using all available rosidl_typesupport_c: rosidl_typesupport_fastrtps_c;rosidl_typesupport_introspection_c
[0.239s] -- Using all available rosidl_typesupport_cpp: rosidl_typesupport_fastrtps_cpp;rosidl_typesupport_introspection_cpp
[0.309s] -- Found rmw_implementation_cmake: 6.1.1 (/opt/ros/humble/share/rmw_implementation_cmake/cmake)
[0.311s] -- Found rmw_fastrtps_cpp: 6.2.6 (/opt/ros/humble/share/rmw_fastrtps_cpp/cmake)
[0.421s] -- Using RMW implementation 'rmw_fastrtps_cpp' as default
[0.601s] -- Found rclcpp_components: 16.0.8 (/opt/ros/humble/share/rclcpp_components/cmake)
[0.668s] -- Found sensor_msgs: 4.2.3 (/opt/ros/humble/share/sensor_msgs/cmake)
[0.804s] -- Found cv_bridge: 3.2.1 (/opt/ros/humble/share/cv_bridge/cmake)
[0.813s] -- Found message_filters: 4.3.3 (/opt/ros/humble/share/message_filters/cmake)
[0.819s] -- Found tf2_ros: 0.25.6 (/opt/ros/humble/share/tf2_ros/cmake)
[1.103s] [0mPREFIX_PATH is [0m
[1.103s] [0mSYS_ROOT is /cc_ws/tros_ws/robot_dev_config/../../sysroot_docker[0m
[1.103s] -- Preferred ROS distribution: humble
[1.103s] [0mhobot_stereonet build platform X5[0m
[1.267s] -- Configuring done
[1.737s] -- Generating done
[1.739s] -- Build files have been written to: /cc_ws/tros_ws/build/hobot_stereonet
[1.748s] Invoked command in '/cc_ws/tros_ws/build/hobot_stereonet' returned '0': CMAKE_PREFIX_PATH=/opt/ros/humble HISTTIMEFORMAT=%F %T /usr/bin/cmake /cc_ws/tros_ws/src/box/hobot_perception/hobot_stereonet -DCMAKE_EXPORT_COMPILE_COMMANDS=ON --no-warn-unused-cli -DCMAKE_TOOLCHAIN_FILE=/cc_ws/tros_ws/robot_dev_config/aarch64_toolchainfile.cmake -DPLATFORM_X5=ON -DTHIRDPARTY=ON -DBUILD_TESTING=OFF -DCMAKE_BUILD_RPATH=/cc_ws/tros_ws/build/poco_vendor/poco_external_project_install/lib/;/cc_ws/tros_ws/build/libyaml_vendor/libyaml_install/lib/ -DCMAKE_INSTALL_PREFIX=/cc_ws/tros_ws/install
[1.750s] Invoking command in '/cc_ws/tros_ws/build/hobot_stereonet': CMAKE_PREFIX_PATH=/opt/ros/humble HISTTIMEFORMAT=%F %T /usr/bin/cmake --build /cc_ws/tros_ws/build/hobot_stereonet -- -j12 -l12
[1.787s] [35m[1mConsolidate compiler generated dependencies of target stereonet_model_intra_sub_node[0m
[1.789s] [35m[1mConsolidate compiler generated dependencies of target stereonet_model_component_node[0m
[1.791s] [35m[1mConsolidate compiler generated dependencies of target stereonet_model_intra_sub[0m
[1.793s] [35m[1mConsolidate compiler generated dependencies of target stereonet_model_sub_node[0m
[1.794s] [35m[1mConsolidate compiler generated dependencies of target data_collection[0m
[1.796s] [35m[1mConsolidate compiler generated dependencies of target stereonet_model[0m
[1.798s] [35m[1mConsolidate compiler generated dependencies of target stereonet_model_node[0m
[1.809s] [ 10%] Built target stereonet_model_intra_sub_node
[1.810s] [ 20%] Built target stereonet_model_component_node
[1.815s] [ 30%] Built target stereonet_model_intra_sub
[1.817s] [ 40%] Built target data_collection
[1.824s] [ 55%] Built target stereonet_model_sub_node
[1.836s] [ 60%] [32mBuilding CXX object CMakeFiles/stereonet_model.dir/src/stereonet_component.cpp.o[0m
[1.841s] [ 70%] [32mBuilding CXX object CMakeFiles/stereonet_model_node.dir/src/stereonet_component.cpp.o[0m
[1.841s] [ 70%] [32mBuilding CXX object CMakeFiles/stereonet_model_node.dir/src/node.cpp.o[0m
[11.145s] In file included from [01m[K/opt/ros/humble/include/rclcpp/rclcpp/qos_event.hpp:29[m[K,
[11.145s]                  from [01m[K/opt/ros/humble/include/rclcpp/rclcpp/publisher_options.hpp:29[m[K,
[11.145s]                  from [01m[K/opt/ros/humble/include/rclcpp/rclcpp/node_options.hpp:26[m[K,
[11.145s]                  from [01m[K/opt/ros/humble/include/rclcpp_components/rclcpp_components/node_factory.hpp:18[m[K,
[11.145s]                  from [01m[K/opt/ros/humble/include/rclcpp_components/rclcpp_components/node_factory_template.hpp:21[m[K,
[11.146s]                  from [01m[K/opt/ros/humble/include/rclcpp_components/rclcpp_components/register_node_macro.hpp:19[m[K,
[11.146s]                  from [01m[K/cc_ws/tros_ws/src/box/hobot_perception/hobot_stereonet/src/stereonet_component.cpp:16[m[K:
[11.146s] [01m[K/cc_ws/tros_ws/src/box/hobot_perception/hobot_stereonet/include/pcl_filter.h:[m[K In static member function ‘[01m[Kstatic void pcl_filter::applyfilter(sensor_msgs::msg::PointCloud2&, float, int, float)[m[K’:
[11.146s] [01m[K/cc_ws/tros_ws/src/box/hobot_perception/hobot_stereonet/include/pcl_filter.h:37:42:[m[K [01;35m[Kwarning: [m[Kformat ‘[01m[K%d[m[K’ expects argument of type ‘[01m[Kint[m[K’, but argument 5 has type ‘[01m[Kstd::size_t[m[K’ {aka ‘[01m[Klong unsigned int[m[K’} [[01;35m[K-Wformat=[m[K]
[11.146s]    37 |     RCLCPP_DEBUG(rclcpp::get_logger(""), [01;35m[K"origin pcd size: %d"[m[K, [32m[Kcloud->size()[m[K);
[11.146s]       |                                          [01;35m[K^~~~~~~~~~~~~~~~~~~~~[m[K  [32m[K~~~~~~~~~~~~~[m[K
[11.146s]       |                                                                            [32m[K|[m[K
[11.146s]       |                                                                            [32m[Kstd::size_t {aka long unsigned int}[m[K
[11.146s] In file included from [01m[K/cc_ws/tros_ws/src/box/hobot_perception/hobot_stereonet/src/stereonet_component.cpp:18[m[K:
[11.146s] [01m[K/cc_ws/tros_ws/src/box/hobot_perception/hobot_stereonet/include/pcl_filter.h:37:61:[m[K [01;36m[Knote: [m[Kformat string is defined here
[11.146s]    37 |     RCLCPP_DEBUG(rclcpp::get_logger(""), "origin pcd size: [01;36m[K%d[m[K", cloud->size());
[11.146s]       |                                                            [01;36m[K~^[m[K
[11.146s]       |                                                             [01;36m[K|[m[K
[11.146s]       |                                                             [01;36m[Kint[m[K
[11.146s]       |                                                            [32m[K%ld[m[K
[11.148s] In file included from [01m[K/opt/ros/humble/include/rclcpp/rclcpp/qos_event.hpp:29[m[K,
[11.148s]                  from [01m[K/opt/ros/humble/include/rclcpp/rclcpp/publisher_options.hpp:29[m[K,
[11.149s]                  from [01m[K/opt/ros/humble/include/rclcpp/rclcpp/node_options.hpp:26[m[K,
[11.149s]                  from [01m[K/opt/ros/humble/include/rclcpp_components/rclcpp_components/node_factory.hpp:18[m[K,
[11.149s]                  from [01m[K/opt/ros/humble/include/rclcpp_components/rclcpp_components/node_factory_template.hpp:21[m[K,
[11.149s]                  from [01m[K/opt/ros/humble/include/rclcpp_components/rclcpp_components/register_node_macro.hpp:19[m[K,
[11.149s]                  from [01m[K/cc_ws/tros_ws/src/box/hobot_perception/hobot_stereonet/src/stereonet_component.cpp:16[m[K:
[11.149s] [01m[K/cc_ws/tros_ws/src/box/hobot_perception/hobot_stereonet/include/pcl_filter.h:43:42:[m[K [01;35m[Kwarning: [m[Kformat ‘[01m[K%d[m[K’ expects argument of type ‘[01m[Kint[m[K’, but argument 5 has type ‘[01m[Kstd::size_t[m[K’ {aka ‘[01m[Klong unsigned int[m[K’} [[01;35m[K-Wformat=[m[K]
[11.149s]    43 |     RCLCPP_DEBUG(rclcpp::get_logger(""), [01;35m[K"after voxel, pcd size: %d"[m[K, [32m[Kcloud_filtered->size()[m[K);
[11.149s]       |                                          [01;35m[K^~~~~~~~~~~~~~~~~~~~~~~~~~~[m[K  [32m[K~~~~~~~~~~~~~~~~~~~~~~[m[K
[11.149s]       |                                                                                           [32m[K|[m[K
[11.149s]       |                                                                                           [32m[Kstd::size_t {aka long unsigned int}[m[K
[11.149s] In file included from [01m[K/cc_ws/tros_ws/src/box/hobot_perception/hobot_stereonet/src/stereonet_component.cpp:18[m[K:
[11.149s] [01m[K/cc_ws/tros_ws/src/box/hobot_perception/hobot_stereonet/include/pcl_filter.h:43:67:[m[K [01;36m[Knote: [m[Kformat string is defined here
[11.149s]    43 |     RCLCPP_DEBUG(rclcpp::get_logger(""), "after voxel, pcd size: [01;36m[K%d[m[K", cloud_filtered->size());
[11.149s]       |                                                                  [01;36m[K~^[m[K
[11.149s]       |                                                                   [01;36m[K|[m[K
[11.150s]       |                                                                   [01;36m[Kint[m[K
[11.150s]       |                                                                  [32m[K%ld[m[K
[11.150s] In file included from [01m[K/opt/ros/humble/include/rclcpp/rclcpp/qos_event.hpp:29[m[K,
[11.150s]                  from [01m[K/opt/ros/humble/include/rclcpp/rclcpp/publisher_options.hpp:29[m[K,
[11.150s]                  from [01m[K/opt/ros/humble/include/rclcpp/rclcpp/node_options.hpp:26[m[K,
[11.150s]                  from [01m[K/opt/ros/humble/include/rclcpp_components/rclcpp_components/node_factory.hpp:18[m[K,
[11.150s]                  from [01m[K/opt/ros/humble/include/rclcpp_components/rclcpp_components/node_factory_template.hpp:21[m[K,
[11.150s]                  from [01m[K/opt/ros/humble/include/rclcpp_components/rclcpp_components/register_node_macro.hpp:19[m[K,
[11.150s]                  from [01m[K/cc_ws/tros_ws/src/box/hobot_perception/hobot_stereonet/src/stereonet_component.cpp:16[m[K:
[11.150s] [01m[K/cc_ws/tros_ws/src/box/hobot_perception/hobot_stereonet/include/pcl_filter.h:50:42:[m[K [01;35m[Kwarning: [m[Kformat ‘[01m[K%d[m[K’ expects argument of type ‘[01m[Kint[m[K’, but argument 5 has type ‘[01m[Kstd::size_t[m[K’ {aka ‘[01m[Klong unsigned int[m[K’} [[01;35m[K-Wformat=[m[K]
[11.150s]    50 |     RCLCPP_DEBUG(rclcpp::get_logger(""), [01;35m[K"after StatisticalOutlierRemoval, pcd size: %d"[m[K, [32m[Kcloud_filtered->size()[m[K);
[11.151s]       |                                          [01;35m[K^~~~~~~~~~~~~~~~~~~~~~~~~~~~~~~~~~~~~~~~~~~~~~~[m[K  [32m[K~~~~~~~~~~~~~~~~~~~~~~[m[K
[11.151s]       |                                                                                                               [32m[K|[m[K
[11.151s]       |                                                                                                               [32m[Kstd::size_t {aka long unsigned int}[m[K
[11.151s] In file included from [01m[K/cc_ws/tros_ws/src/box/hobot_perception/hobot_stereonet/src/stereonet_component.cpp:18[m[K:
[11.151s] [01m[K/cc_ws/tros_ws/src/box/hobot_perception/hobot_stereonet/include/pcl_filter.h:50:87:[m[K [01;36m[Knote: [m[Kformat string is defined here
[11.151s]    50 |     RCLCPP_DEBUG(rclcpp::get_logger(""), "after StatisticalOutlierRemoval, pcd size: [01;36m[K%d[m[K", cloud_filtered->size());
[11.151s]       |                                                                                      [01;36m[K~^[m[K
[11.151s]       |                                                                                       [01;36m[K|[m[K
[11.151s]       |                                                                                       [01;36m[Kint[m[K
[11.151s]       |                                                                                      [32m[K%ld[m[K
[11.151s] In file included from [01m[K/opt/ros/humble/include/rclcpp/rclcpp/qos_event.hpp:29[m[K,
[11.151s]                  from [01m[K/opt/ros/humble/include/rclcpp/rclcpp/publisher_options.hpp:29[m[K,
[11.151s]                  from [01m[K/opt/ros/humble/include/rclcpp/rclcpp/node_options.hpp:26[m[K,
[11.152s]                  from [01m[K/opt/ros/humble/include/rclcpp_components/rclcpp_components/node_factory.hpp:18[m[K,
[11.152s]                  from [01m[K/opt/ros/humble/include/rclcpp_components/rclcpp_components/node_factory_template.hpp:21[m[K,
[11.152s]                  from [01m[K/opt/ros/humble/include/rclcpp_components/rclcpp_components/register_node_macro.hpp:19[m[K,
[11.152s]                  from [01m[K/cc_ws/tros_ws/src/box/hobot_perception/hobot_stereonet/src/stereonet_component.cpp:16[m[K:
[11.152s] [01m[K/cc_ws/tros_ws/src/box/hobot_perception/hobot_stereonet/include/pcl_filter.h:82:18:[m[K [01;35m[Kwarning: [m[Kformat ‘[01m[K%d[m[K’ expects argument of type ‘[01m[Kint[m[K’, but argument 5 has type ‘[01m[Klong int[m[K’ [[01;35m[K-Wformat=[m[K]
[11.152s]    82 |                  [01;35m[K"ROS to PCL: %dms, "[m[K
[11.152s]       |                  [01;35m[K^~~~~~~~~~~~~~~~~~~~[m[K
[11.152s]    83 | [01;35m[K                 "PCL filter: %dms,, "[m[K
[11.152s]       |                  [01;35m[K~~~~~~~~~~~~~~~~~~~~~[m[K
[11.152s]    84 | [01;35m[K                 "PCL to ROS: %dms"[m[K, [32m[Kd1[m[K, d2, d3);
[11.153s]       |                  [01;35m[K~~~~~~~~~~~~~~~~~~[m[K  [32m[K~~[m[K
[11.153s]       |                                      [32m[K|[m[K
[11.153s]       |                                      [32m[Klong int[m[K
[11.153s] In file included from [01m[K/cc_ws/tros_ws/src/box/hobot_perception/hobot_stereonet/src/stereonet_component.cpp:18[m[K:
[11.153s] [01m[K/cc_ws/tros_ws/src/box/hobot_perception/hobot_stereonet/include/pcl_filter.h:82:32:[m[K [01;36m[Knote: [m[Kformat string is defined here
[11.153s]    82 |                  "ROS to PCL: [01;36m[K%d[m[Kms, "
[11.153s]       |                               [01;36m[K~^[m[K
[11.153s]       |                                [01;36m[K|[m[K
[11.153s]       |                                [01;36m[Kint[m[K
[11.153s]       |                               [32m[K%ld[m[K
[11.153s] In file included from [01m[K/opt/ros/humble/include/rclcpp/rclcpp/qos_event.hpp:29[m[K,
[11.153s]                  from [01m[K/opt/ros/humble/include/rclcpp/rclcpp/publisher_options.hpp:29[m[K,
[11.153s]                  from [01m[K/opt/ros/humble/include/rclcpp/rclcpp/node_options.hpp:26[m[K,
[11.153s]                  from [01m[K/opt/ros/humble/include/rclcpp_components/rclcpp_components/node_factory.hpp:18[m[K,
[11.154s]                  from [01m[K/opt/ros/humble/include/rclcpp_components/rclcpp_components/node_factory_template.hpp:21[m[K,
[11.154s]                  from [01m[K/opt/ros/humble/include/rclcpp_components/rclcpp_components/register_node_macro.hpp:19[m[K,
[11.154s]                  from [01m[K/cc_ws/tros_ws/src/box/hobot_perception/hobot_stereonet/src/stereonet_component.cpp:16[m[K:
[11.154s] [01m[K/cc_ws/tros_ws/src/box/hobot_perception/hobot_stereonet/include/pcl_filter.h:82:18:[m[K [01;35m[Kwarning: [m[Kformat ‘[01m[K%d[m[K’ expects argument of type ‘[01m[Kint[m[K’, but argument 6 has type ‘[01m[Klong int[m[K’ [[01;35m[K-Wformat=[m[K]
[11.154s]    82 |                  [01;35m[K"ROS to PCL: %dms, "[m[K
[11.154s]       |                  [01;35m[K^~~~~~~~~~~~~~~~~~~~[m[K
[11.154s]    83 | [01;35m[K                 "PCL filter: %dms,, "[m[K
[11.154s]       |                  [01;35m[K~~~~~~~~~~~~~~~~~~~~~[m[K
[11.154s]    84 | [01;35m[K                 "PCL to ROS: %dms"[m[K, d1, [32m[Kd2[m[K, d3);
[11.154s]       |                  [01;35m[K~~~~~~~~~~~~~~~~~~[m[K      [32m[K~~[m[K
[11.154s]       |                                          [32m[K|[m[K
[11.154s]       |                                          [32m[Klong int[m[K
[11.154s] In file included from [01m[K/cc_ws/tros_ws/src/box/hobot_perception/hobot_stereonet/src/stereonet_component.cpp:18[m[K:
[11.154s] [01m[K/cc_ws/tros_ws/src/box/hobot_perception/hobot_stereonet/include/pcl_filter.h:83:32:[m[K [01;36m[Knote: [m[Kformat string is defined here
[11.154s]    83 |                  "PCL filter: [01;36m[K%d[m[Kms,, "
[11.155s]       |                               [01;36m[K~^[m[K
[11.155s]       |                                [01;36m[K|[m[K
[11.155s]       |                                [01;36m[Kint[m[K
[11.155s]       |                               [32m[K%ld[m[K
[11.155s] In file included from [01m[K/opt/ros/humble/include/rclcpp/rclcpp/qos_event.hpp:29[m[K,
[11.155s]                  from [01m[K/opt/ros/humble/include/rclcpp/rclcpp/publisher_options.hpp:29[m[K,
[11.155s]                  from [01m[K/opt/ros/humble/include/rclcpp/rclcpp/node_options.hpp:26[m[K,
[11.155s]                  from [01m[K/opt/ros/humble/include/rclcpp_components/rclcpp_components/node_factory.hpp:18[m[K,
[11.155s]                  from [01m[K/opt/ros/humble/include/rclcpp_components/rclcpp_components/node_factory_template.hpp:21[m[K,
[11.155s]                  from [01m[K/opt/ros/humble/include/rclcpp_components/rclcpp_components/register_node_macro.hpp:19[m[K,
[11.155s]                  from [01m[K/cc_ws/tros_ws/src/box/hobot_perception/hobot_stereonet/src/stereonet_component.cpp:16[m[K:
[11.155s] [01m[K/cc_ws/tros_ws/src/box/hobot_perception/hobot_stereonet/include/pcl_filter.h:82:18:[m[K [01;35m[Kwarning: [m[Kformat ‘[01m[K%d[m[K’ expects argument of type ‘[01m[Kint[m[K’, but argument 7 has type ‘[01m[Klong int[m[K’ [[01;35m[K-Wformat=[m[K]
[11.155s]    82 |                  [01;35m[K"ROS to PCL: %dms, "[m[K
[11.155s]       |                  [01;35m[K^~~~~~~~~~~~~~~~~~~~[m[K
[11.155s]    83 | [01;35m[K                 "PCL filter: %dms,, "[m[K
[11.156s]       |                  [01;35m[K~~~~~~~~~~~~~~~~~~~~~[m[K
[11.156s]    84 | [01;35m[K                 "PCL to ROS: %dms"[m[K, d1, d2, [32m[Kd3[m[K);
[11.156s]       |                  [01;35m[K~~~~~~~~~~~~~~~~~~[m[K          [32m[K~~[m[K
[11.156s]       |                                              [32m[K|[m[K
[11.156s]       |                                              [32m[Klong int[m[K
[11.156s] In file included from [01m[K/cc_ws/tros_ws/src/box/hobot_perception/hobot_stereonet/src/stereonet_component.cpp:18[m[K:
[11.156s] [01m[K/cc_ws/tros_ws/src/box/hobot_perception/hobot_stereonet/include/pcl_filter.h:84:32:[m[K [01;36m[Knote: [m[Kformat string is defined here
[11.156s]    84 |                  "PCL to ROS: [01;36m[K%d[m[Kms", d1, d2, d3);
[11.156s]       |                               [01;36m[K~^[m[K
[11.156s]       |                                [01;36m[K|[m[K
[11.156s]       |                                [01;36m[Kint[m[K
[11.156s]       |                               [32m[K%ld[m[K
[11.252s] In file included from [01m[K/opt/ros/humble/include/rclcpp/rclcpp/qos_event.hpp:29[m[K,
[11.252s]                  from [01m[K/opt/ros/humble/include/rclcpp/rclcpp/publisher_options.hpp:29[m[K,
[11.252s]                  from [01m[K/opt/ros/humble/include/rclcpp/rclcpp/node_options.hpp:26[m[K,
[11.252s]                  from [01m[K/opt/ros/humble/include/rclcpp_components/rclcpp_components/node_factory.hpp:18[m[K,
[11.252s]                  from [01m[K/opt/ros/humble/include/rclcpp_components/rclcpp_components/node_factory_template.hpp:21[m[K,
[11.252s]                  from [01m[K/opt/ros/humble/include/rclcpp_components/rclcpp_components/register_node_macro.hpp:19[m[K,
[11.252s]                  from [01m[K/cc_ws/tros_ws/src/box/hobot_perception/hobot_stereonet/src/stereonet_component.cpp:16[m[K:
[11.252s] [01m[K/cc_ws/tros_ws/src/box/hobot_perception/hobot_stereonet/src/stereonet_component.cpp:[m[K In member function ‘[01m[Kvoid stereonet::StereoNetNode::pub_func(stereonet::StereoNetNode::pub_data_t&)[m[K’:
[11.252s] [01m[K/cc_ws/tros_ws/src/box/hobot_perception/hobot_stereonet/src/stereonet_component.cpp:1130:9:[m[K [01;35m[Kwarning: [m[Kunknown conversion type character ‘[01m[K,[m[K’ in format [[01;35m[K-Wformat=[m[K]
[11.252s]  1130 |         [01;35m[K"fps: %d, latency: %dms, cpu_usage: %d%, bpu_usage: %d%"[m[K,
[11.253s]       |         [01;35m[K^~~~~~~~~~~~~~~~~~~~~~~~~~~~~~~~~~~~~~~~~~~~~~~~~~~~~~~~[m[K
[11.253s] [01m[K/cc_ws/tros_ws/src/box/hobot_perception/hobot_stereonet/src/stereonet_component.cpp:1130:48:[m[K [01;36m[Knote: [m[Kformat string is defined here
[11.253s]  1130 |         "fps: %d, latency: %dms, cpu_usage: %d%[01;36m[K,[m[K bpu_usage: %d%",
[11.253s]       |                                                [01;36m[K^[m[K
[11.253s] In file included from [01m[K/opt/ros/humble/include/rclcpp/rclcpp/qos_event.hpp:29[m[K,
[11.253s]                  from [01m[K/opt/ros/humble/include/rclcpp/rclcpp/publisher_options.hpp:29[m[K,
[11.253s]                  from [01m[K/opt/ros/humble/include/rclcpp/rclcpp/node_options.hpp:26[m[K,
[11.253s]                  from [01m[K/opt/ros/humble/include/rclcpp_components/rclcpp_components/node_factory.hpp:18[m[K,
[11.253s]                  from [01m[K/opt/ros/humble/include/rclcpp_components/rclcpp_components/node_factory_template.hpp:21[m[K,
[11.253s]                  from [01m[K/opt/ros/humble/include/rclcpp_components/rclcpp_components/register_node_macro.hpp:19[m[K,
[11.253s]                  from [01m[K/cc_ws/tros_ws/src/box/hobot_perception/hobot_stereonet/src/stereonet_component.cpp:16[m[K:
[11.253s] [01m[K/cc_ws/tros_ws/src/box/hobot_perception/hobot_stereonet/src/stereonet_component.cpp:1130:9:[m[K [01;35m[Kwarning: [m[Kspurious trailing ‘[01m[K%[m[K’ in format [[01;35m[K-Wformat=[m[K]
[11.253s]  1130 |         [01;35m[K"fps: %d, latency: %dms, cpu_usage: %d%, bpu_usage: %d%"[m[K,
[11.253s]       |         [01;35m[K^~~~~~~~~~~~~~~~~~~~~~~~~~~~~~~~~~~~~~~~~~~~~~~~~~~~~~~~[m[K
[11.254s] [01m[K/cc_ws/tros_ws/src/box/hobot_perception/hobot_stereonet/src/stereonet_component.cpp:1130:63:[m[K [01;36m[Knote: [m[Kformat string is defined here
[11.254s]  1130 |         "fps: %d, latency: %dms, cpu_usage: %d%, bpu_usage: %d[01;36m[K%[m[K",
[11.254s]       |                                                               [01;36m[K^[m[K
[11.471s] In file included from [01m[K/opt/ros/humble/include/rclcpp/rclcpp/qos_event.hpp:29[m[K,
[11.471s]                  from [01m[K/opt/ros/humble/include/rclcpp/rclcpp/publisher_options.hpp:29[m[K,
[11.471s]                  from [01m[K/opt/ros/humble/include/rclcpp/rclcpp/node_options.hpp:26[m[K,
[11.471s]                  from [01m[K/opt/ros/humble/include/rclcpp_components/rclcpp_components/node_factory.hpp:18[m[K,
[11.472s]                  from [01m[K/opt/ros/humble/include/rclcpp_components/rclcpp_components/node_factory_template.hpp:21[m[K,
[11.472s]                  from [01m[K/opt/ros/humble/include/rclcpp_components/rclcpp_components/register_node_macro.hpp:19[m[K,
[11.472s]                  from [01m[K/cc_ws/tros_ws/src/box/hobot_perception/hobot_stereonet/src/stereonet_component.cpp:16[m[K:
[11.472s] [01m[K/cc_ws/tros_ws/src/box/hobot_perception/hobot_stereonet/include/pcl_filter.h:[m[K In static member function ‘[01m[Kstatic void pcl_filter::applyfilter(sensor_msgs::msg::PointCloud2&, float, int, float)[m[K’:
[11.472s] [01m[K/cc_ws/tros_ws/src/box/hobot_perception/hobot_stereonet/include/pcl_filter.h:37:42:[m[K [01;35m[Kwarning: [m[Kformat ‘[01m[K%d[m[K’ expects argument of type ‘[01m[Kint[m[K’, but argument 5 has type ‘[01m[Kstd::size_t[m[K’ {aka ‘[01m[Klong unsigned int[m[K’} [[01;35m[K-Wformat=[m[K]
[11.472s]    37 |     RCLCPP_DEBUG(rclcpp::get_logger(""), [01;35m[K"origin pcd size: %d"[m[K, [32m[Kcloud->size()[m[K);
[11.472s]       |                                          [01;35m[K^~~~~~~~~~~~~~~~~~~~~[m[K  [32m[K~~~~~~~~~~~~~[m[K
[11.472s]       |                                                                            [32m[K|[m[K
[11.472s]       |                                                                            [32m[Kstd::size_t {aka long unsigned int}[m[K
[11.472s] In file included from [01m[K/cc_ws/tros_ws/src/box/hobot_perception/hobot_stereonet/src/stereonet_component.cpp:18[m[K:
[11.472s] [01m[K/cc_ws/tros_ws/src/box/hobot_perception/hobot_stereonet/include/pcl_filter.h:37:61:[m[K [01;36m[Knote: [m[Kformat string is defined here
[11.472s]    37 |     RCLCPP_DEBUG(rclcpp::get_logger(""), "origin pcd size: [01;36m[K%d[m[K", cloud->size());
[11.472s]       |                                                            [01;36m[K~^[m[K
[11.472s]       |                                                             [01;36m[K|[m[K
[11.473s]       |                                                             [01;36m[Kint[m[K
[11.473s]       |                                                            [32m[K%ld[m[K
[11.476s] In file included from [01m[K/opt/ros/humble/include/rclcpp/rclcpp/qos_event.hpp:29[m[K,
[11.476s]                  from [01m[K/opt/ros/humble/include/rclcpp/rclcpp/publisher_options.hpp:29[m[K,
[11.476s]                  from [01m[K/opt/ros/humble/include/rclcpp/rclcpp/node_options.hpp:26[m[K,
[11.476s]                  from [01m[K/opt/ros/humble/include/rclcpp_components/rclcpp_components/node_factory.hpp:18[m[K,
[11.476s]                  from [01m[K/opt/ros/humble/include/rclcpp_components/rclcpp_components/node_factory_template.hpp:21[m[K,
[11.476s]                  from [01m[K/opt/ros/humble/include/rclcpp_components/rclcpp_components/register_node_macro.hpp:19[m[K,
[11.476s]                  from [01m[K/cc_ws/tros_ws/src/box/hobot_perception/hobot_stereonet/src/stereonet_component.cpp:16[m[K:
[11.476s] [01m[K/cc_ws/tros_ws/src/box/hobot_perception/hobot_stereonet/include/pcl_filter.h:43:42:[m[K [01;35m[Kwarning: [m[Kformat ‘[01m[K%d[m[K’ expects argument of type ‘[01m[Kint[m[K’, but argument 5 has type ‘[01m[Kstd::size_t[m[K’ {aka ‘[01m[Klong unsigned int[m[K’} [[01;35m[K-Wformat=[m[K]
[11.476s]    43 |     RCLCPP_DEBUG(rclcpp::get_logger(""), [01;35m[K"after voxel, pcd size: %d"[m[K, [32m[Kcloud_filtered->size()[m[K);
[11.476s]       |                                          [01;35m[K^~~~~~~~~~~~~~~~~~~~~~~~~~~[m[K  [32m[K~~~~~~~~~~~~~~~~~~~~~~[m[K
[11.476s]       |                                                                                           [32m[K|[m[K
[11.477s]       |                                                                                           [32m[Kstd::size_t {aka long unsigned int}[m[K
[11.477s] In file included from [01m[K/cc_ws/tros_ws/src/box/hobot_perception/hobot_stereonet/src/stereonet_component.cpp:18[m[K:
[11.477s] [01m[K/cc_ws/tros_ws/src/box/hobot_perception/hobot_stereonet/include/pcl_filter.h:43:67:[m[K [01;36m[Knote: [m[Kformat string is defined here
[11.477s]    43 |     RCLCPP_DEBUG(rclcpp::get_logger(""), "after voxel, pcd size: [01;36m[K%d[m[K", cloud_filtered->size());
[11.477s]       |                                                                  [01;36m[K~^[m[K
[11.477s]       |                                                                   [01;36m[K|[m[K
[11.477s]       |                                                                   [01;36m[Kint[m[K
[11.477s]       |                                                                  [32m[K%ld[m[K
[11.478s] In file included from [01m[K/opt/ros/humble/include/rclcpp/rclcpp/qos_event.hpp:29[m[K,
[11.478s]                  from [01m[K/opt/ros/humble/include/rclcpp/rclcpp/publisher_options.hpp:29[m[K,
[11.478s]                  from [01m[K/opt/ros/humble/include/rclcpp/rclcpp/node_options.hpp:26[m[K,
[11.478s]                  from [01m[K/opt/ros/humble/include/rclcpp_components/rclcpp_components/node_factory.hpp:18[m[K,
[11.478s]                  from [01m[K/opt/ros/humble/include/rclcpp_components/rclcpp_components/node_factory_template.hpp:21[m[K,
[11.478s]                  from [01m[K/opt/ros/humble/include/rclcpp_components/rclcpp_components/register_node_macro.hpp:19[m[K,
[11.478s]                  from [01m[K/cc_ws/tros_ws/src/box/hobot_perception/hobot_stereonet/src/stereonet_component.cpp:16[m[K:
[11.478s] [01m[K/cc_ws/tros_ws/src/box/hobot_perception/hobot_stereonet/include/pcl_filter.h:50:42:[m[K [01;35m[Kwarning: [m[Kformat ‘[01m[K%d[m[K’ expects argument of type ‘[01m[Kint[m[K’, but argument 5 has type ‘[01m[Kstd::size_t[m[K’ {aka ‘[01m[Klong unsigned int[m[K’} [[01;35m[K-Wformat=[m[K]
[11.478s]    50 |     RCLCPP_DEBUG(rclcpp::get_logger(""), [01;35m[K"after StatisticalOutlierRemoval, pcd size: %d"[m[K, [32m[Kcloud_filtered->size()[m[K);
[11.478s]       |                                          [01;35m[K^~~~~~~~~~~~~~~~~~~~~~~~~~~~~~~~~~~~~~~~~~~~~~~[m[K  [32m[K~~~~~~~~~~~~~~~~~~~~~~[m[K
[11.478s]       |                                                                                                               [32m[K|[m[K
[11.478s]       |                                                                                                               [32m[Kstd::size_t {aka long unsigned int}[m[K
[11.478s] In file included from [01m[K/cc_ws/tros_ws/src/box/hobot_perception/hobot_stereonet/src/stereonet_component.cpp:18[m[K:
[11.479s] [01m[K/cc_ws/tros_ws/src/box/hobot_perception/hobot_stereonet/include/pcl_filter.h:50:87:[m[K [01;36m[Knote: [m[Kformat string is defined here
[11.479s]    50 |     RCLCPP_DEBUG(rclcpp::get_logger(""), "after StatisticalOutlierRemoval, pcd size: [01;36m[K%d[m[K", cloud_filtered->size());
[11.479s]       |                                                                                      [01;36m[K~^[m[K
[11.479s]       |                                                                                       [01;36m[K|[m[K
[11.479s]       |                                                                                       [01;36m[Kint[m[K
[11.479s]       |                                                                                      [32m[K%ld[m[K
[11.479s] In file included from [01m[K/opt/ros/humble/include/rclcpp/rclcpp/qos_event.hpp:29[m[K,
[11.479s]                  from [01m[K/opt/ros/humble/include/rclcpp/rclcpp/publisher_options.hpp:29[m[K,
[11.479s]                  from [01m[K/opt/ros/humble/include/rclcpp/rclcpp/node_options.hpp:26[m[K,
[11.479s]                  from [01m[K/opt/ros/humble/include/rclcpp_components/rclcpp_components/node_factory.hpp:18[m[K,
[11.479s]                  from [01m[K/opt/ros/humble/include/rclcpp_components/rclcpp_components/node_factory_template.hpp:21[m[K,
[11.480s]                  from [01m[K/opt/ros/humble/include/rclcpp_components/rclcpp_components/register_node_macro.hpp:19[m[K,
[11.480s]                  from [01m[K/cc_ws/tros_ws/src/box/hobot_perception/hobot_stereonet/src/stereonet_component.cpp:16[m[K:
[11.480s] [01m[K/cc_ws/tros_ws/src/box/hobot_perception/hobot_stereonet/include/pcl_filter.h:82:18:[m[K [01;35m[Kwarning: [m[Kformat ‘[01m[K%d[m[K’ expects argument of type ‘[01m[Kint[m[K’, but argument 5 has type ‘[01m[Klong int[m[K’ [[01;35m[K-Wformat=[m[K]
[11.480s]    82 |                  [01;35m[K"ROS to PCL: %dms, "[m[K
[11.480s]       |                  [01;35m[K^~~~~~~~~~~~~~~~~~~~[m[K
[11.480s]    83 | [01;35m[K                 "PCL filter: %dms,, "[m[K
[11.480s]       |                  [01;35m[K~~~~~~~~~~~~~~~~~~~~~[m[K
[11.480s]    84 | [01;35m[K                 "PCL to ROS: %dms"[m[K, [32m[Kd1[m[K, d2, d3);
[11.480s]       |                  [01;35m[K~~~~~~~~~~~~~~~~~~[m[K  [32m[K~~[m[K
[11.480s]       |                                      [32m[K|[m[K
[11.481s]       |                                      [32m[Klong int[m[K
[11.481s] In file included from [01m[K/cc_ws/tros_ws/src/box/hobot_perception/hobot_stereonet/src/stereonet_component.cpp:18[m[K:
[11.481s] [01m[K/cc_ws/tros_ws/src/box/hobot_perception/hobot_stereonet/include/pcl_filter.h:82:32:[m[K [01;36m[Knote: [m[Kformat string is defined here
[11.481s]    82 |                  "ROS to PCL: [01;36m[K%d[m[Kms, "
[11.481s]       |                               [01;36m[K~^[m[K
[11.481s]       |                                [01;36m[K|[m[K
[11.481s]       |                                [01;36m[Kint[m[K
[11.481s]       |                               [32m[K%ld[m[K
[11.481s] In file included from [01m[K/opt/ros/humble/include/rclcpp/rclcpp/qos_event.hpp:29[m[K,
[11.481s]                  from [01m[K/opt/ros/humble/include/rclcpp/rclcpp/publisher_options.hpp:29[m[K,
[11.481s]                  from [01m[K/opt/ros/humble/include/rclcpp/rclcpp/node_options.hpp:26[m[K,
[11.481s]                  from [01m[K/opt/ros/humble/include/rclcpp_components/rclcpp_components/node_factory.hpp:18[m[K,
[11.481s]                  from [01m[K/opt/ros/humble/include/rclcpp_components/rclcpp_components/node_factory_template.hpp:21[m[K,
[11.481s]                  from [01m[K/opt/ros/humble/include/rclcpp_components/rclcpp_components/register_node_macro.hpp:19[m[K,
[11.481s]                  from [01m[K/cc_ws/tros_ws/src/box/hobot_perception/hobot_stereonet/src/stereonet_component.cpp:16[m[K:
[11.481s] [01m[K/cc_ws/tros_ws/src/box/hobot_perception/hobot_stereonet/include/pcl_filter.h:82:18:[m[K [01;35m[Kwarning: [m[Kformat ‘[01m[K%d[m[K’ expects argument of type ‘[01m[Kint[m[K’, but argument 6 has type ‘[01m[Klong int[m[K’ [[01;35m[K-Wformat=[m[K]
[11.482s]    82 |                  [01;35m[K"ROS to PCL: %dms, "[m[K
[11.482s]       |                  [01;35m[K^~~~~~~~~~~~~~~~~~~~[m[K
[11.482s]    83 | [01;35m[K                 "PCL filter: %dms,, "[m[K
[11.482s]       |                  [01;35m[K~~~~~~~~~~~~~~~~~~~~~[m[K
[11.482s]    84 | [01;35m[K                 "PCL to ROS: %dms"[m[K, d1, [32m[Kd2[m[K, d3);
[11.482s]       |                  [01;35m[K~~~~~~~~~~~~~~~~~~[m[K      [32m[K~~[m[K
[11.482s]       |                                          [32m[K|[m[K
[11.482s]       |                                          [32m[Klong int[m[K
[11.482s] In file included from [01m[K/cc_ws/tros_ws/src/box/hobot_perception/hobot_stereonet/src/stereonet_component.cpp:18[m[K:
[11.482s] [01m[K/cc_ws/tros_ws/src/box/hobot_perception/hobot_stereonet/include/pcl_filter.h:83:32:[m[K [01;36m[Knote: [m[Kformat string is defined here
[11.482s]    83 |                  "PCL filter: [01;36m[K%d[m[Kms,, "
[11.482s]       |                               [01;36m[K~^[m[K
[11.482s]       |                                [01;36m[K|[m[K
[11.482s]       |                                [01;36m[Kint[m[K
[11.483s]       |                               [32m[K%ld[m[K
[11.483s] In file included from [01m[K/opt/ros/humble/include/rclcpp/rclcpp/qos_event.hpp:29[m[K,
[11.483s]                  from [01m[K/opt/ros/humble/include/rclcpp/rclcpp/publisher_options.hpp:29[m[K,
[11.483s]                  from [01m[K/opt/ros/humble/include/rclcpp/rclcpp/node_options.hpp:26[m[K,
[11.483s]                  from [01m[K/opt/ros/humble/include/rclcpp_components/rclcpp_components/node_factory.hpp:18[m[K,
[11.483s]                  from [01m[K/opt/ros/humble/include/rclcpp_components/rclcpp_components/node_factory_template.hpp:21[m[K,
[11.483s]                  from [01m[K/opt/ros/humble/include/rclcpp_components/rclcpp_components/register_node_macro.hpp:19[m[K,
[11.483s]                  from [01m[K/cc_ws/tros_ws/src/box/hobot_perception/hobot_stereonet/src/stereonet_component.cpp:16[m[K:
[11.483s] [01m[K/cc_ws/tros_ws/src/box/hobot_perception/hobot_stereonet/include/pcl_filter.h:82:18:[m[K [01;35m[Kwarning: [m[Kformat ‘[01m[K%d[m[K’ expects argument of type ‘[01m[Kint[m[K’, but argument 7 has type ‘[01m[Klong int[m[K’ [[01;35m[K-Wformat=[m[K]
[11.483s]    82 |                  [01;35m[K"ROS to PCL: %dms, "[m[K
[11.483s]       |                  [01;35m[K^~~~~~~~~~~~~~~~~~~~[m[K
[11.483s]    83 | [01;35m[K                 "PCL filter: %dms,, "[m[K
[11.483s]       |                  [01;35m[K~~~~~~~~~~~~~~~~~~~~~[m[K
[11.483s]    84 | [01;35m[K                 "PCL to ROS: %dms"[m[K, d1, d2, [32m[Kd3[m[K);
[11.484s]       |                  [01;35m[K~~~~~~~~~~~~~~~~~~[m[K          [32m[K~~[m[K
[11.484s]       |                                              [32m[K|[m[K
[11.484s]       |                                              [32m[Klong int[m[K
[11.484s] In file included from [01m[K/cc_ws/tros_ws/src/box/hobot_perception/hobot_stereonet/src/stereonet_component.cpp:18[m[K:
[11.484s] [01m[K/cc_ws/tros_ws/src/box/hobot_perception/hobot_stereonet/include/pcl_filter.h:84:32:[m[K [01;36m[Knote: [m[Kformat string is defined here
[11.484s]    84 |                  "PCL to ROS: [01;36m[K%d[m[Kms", d1, d2, d3);
[11.484s]       |                               [01;36m[K~^[m[K
[11.484s]       |                                [01;36m[K|[m[K
[11.484s]       |                                [01;36m[Kint[m[K
[11.485s]       |                               [32m[K%ld[m[K
[11.576s] In file included from [01m[K/opt/ros/humble/include/rclcpp/rclcpp/qos_event.hpp:29[m[K,
[11.576s]                  from [01m[K/opt/ros/humble/include/rclcpp/rclcpp/publisher_options.hpp:29[m[K,
[11.576s]                  from [01m[K/opt/ros/humble/include/rclcpp/rclcpp/node_options.hpp:26[m[K,
[11.576s]                  from [01m[K/opt/ros/humble/include/rclcpp_components/rclcpp_components/node_factory.hpp:18[m[K,
[11.576s]                  from [01m[K/opt/ros/humble/include/rclcpp_components/rclcpp_components/node_factory_template.hpp:21[m[K,
[11.576s]                  from [01m[K/opt/ros/humble/include/rclcpp_components/rclcpp_components/register_node_macro.hpp:19[m[K,
[11.576s]                  from [01m[K/cc_ws/tros_ws/src/box/hobot_perception/hobot_stereonet/src/stereonet_component.cpp:16[m[K:
[11.576s] [01m[K/cc_ws/tros_ws/src/box/hobot_perception/hobot_stereonet/src/stereonet_component.cpp:[m[K In member function ‘[01m[Kvoid stereonet::StereoNetNode::pub_func(stereonet::StereoNetNode::pub_data_t&)[m[K’:
[11.576s] [01m[K/cc_ws/tros_ws/src/box/hobot_perception/hobot_stereonet/src/stereonet_component.cpp:1130:9:[m[K [01;35m[Kwarning: [m[Kunknown conversion type character ‘[01m[K,[m[K’ in format [[01;35m[K-Wformat=[m[K]
[11.576s]  1130 |         [01;35m[K"fps: %d, latency: %dms, cpu_usage: %d%, bpu_usage: %d%"[m[K,
[11.576s]       |         [01;35m[K^~~~~~~~~~~~~~~~~~~~~~~~~~~~~~~~~~~~~~~~~~~~~~~~~~~~~~~~[m[K
[11.576s] [01m[K/cc_ws/tros_ws/src/box/hobot_perception/hobot_stereonet/src/stereonet_component.cpp:1130:48:[m[K [01;36m[Knote: [m[Kformat string is defined here
[11.577s]  1130 |         "fps: %d, latency: %dms, cpu_usage: %d%[01;36m[K,[m[K bpu_usage: %d%",
[11.577s]       |                                                [01;36m[K^[m[K
[11.577s] In file included from [01m[K/opt/ros/humble/include/rclcpp/rclcpp/qos_event.hpp:29[m[K,
[11.577s]                  from [01m[K/opt/ros/humble/include/rclcpp/rclcpp/publisher_options.hpp:29[m[K,
[11.577s]                  from [01m[K/opt/ros/humble/include/rclcpp/rclcpp/node_options.hpp:26[m[K,
[11.577s]                  from [01m[K/opt/ros/humble/include/rclcpp_components/rclcpp_components/node_factory.hpp:18[m[K,
[11.577s]                  from [01m[K/opt/ros/humble/include/rclcpp_components/rclcpp_components/node_factory_template.hpp:21[m[K,
[11.577s]                  from [01m[K/opt/ros/humble/include/rclcpp_components/rclcpp_components/register_node_macro.hpp:19[m[K,
[11.577s]                  from [01m[K/cc_ws/tros_ws/src/box/hobot_perception/hobot_stereonet/src/stereonet_component.cpp:16[m[K:
[11.577s] [01m[K/cc_ws/tros_ws/src/box/hobot_perception/hobot_stereonet/src/stereonet_component.cpp:1130:9:[m[K [01;35m[Kwarning: [m[Kspurious trailing ‘[01m[K%[m[K’ in format [[01;35m[K-Wformat=[m[K]
[11.577s]  1130 |         [01;35m[K"fps: %d, latency: %dms, cpu_usage: %d%, bpu_usage: %d%"[m[K,
[11.577s]       |         [01;35m[K^~~~~~~~~~~~~~~~~~~~~~~~~~~~~~~~~~~~~~~~~~~~~~~~~~~~~~~~[m[K
[11.577s] [01m[K/cc_ws/tros_ws/src/box/hobot_perception/hobot_stereonet/src/stereonet_component.cpp:1130:63:[m[K [01;36m[Knote: [m[Kformat string is defined here
[11.577s]  1130 |         "fps: %d, latency: %dms, cpu_usage: %d%, bpu_usage: %d[01;36m[K%[m[K",
[11.578s]       |                                                               [01;36m[K^[m[K
[20.342s] [01m[K/cc_ws/tros_ws/src/box/hobot_perception/hobot_stereonet/src/stereonet_component.cpp:[m[K In function ‘[01m[Kvoid stereonet::save_images(cv::Mat&, cv::Mat&, uint64_t, const string&)[m[K’:
[20.342s] [01m[K/cc_ws/tros_ws/src/box/hobot_perception/hobot_stereonet/src/stereonet_component.cpp:836:11:[m[K [01;35m[Kwarning: [m[Kignoring return value of ‘[01m[Kint system(const char*)[m[K’ declared with attribute ‘[01m[Kwarn_unused_result[m[K’ [[01;35m[K-Wunused-result[m[K]
[20.342s]   836 |     [01;35m[Ksystem("mkdir -p"[m[K
[20.342s]       |     [01;35m[K~~~~~~^~~~~~~~~~~[m[K
[20.342s]   837 | [01;35m[K           " ./images/cam0/data/"[m[K
[20.342s]       |            [01;35m[K~~~~~~~~~~~~~~~~~~~~~~[m[K
[20.342s]   838 | [01;35m[K           " ./images/cam1/data/"[m[K
[20.342s]       |            [01;35m[K~~~~~~~~~~~~~~~~~~~~~~[m[K
[20.342s]   839 | [01;35m[K           " ./images/cam_combine/data/")[m[K;
[20.342s]       |            [01;35m[K~~~~~~~~~~~~~~~~~~~~~~~~~~~~~~[m[K
[20.699s] [01m[K/cc_ws/tros_ws/src/box/hobot_perception/hobot_stereonet/src/stereonet_component.cpp:[m[K In function ‘[01m[Kvoid stereonet::save_images(cv::Mat&, cv::Mat&, uint64_t, const string&)[m[K’:
[20.699s] [01m[K/cc_ws/tros_ws/src/box/hobot_perception/hobot_stereonet/src/stereonet_component.cpp:836:11:[m[K [01;35m[Kwarning: [m[Kignoring return value of ‘[01m[Kint system(const char*)[m[K’ declared with attribute ‘[01m[Kwarn_unused_result[m[K’ [[01;35m[K-Wunused-result[m[K]
[20.699s]   836 |     [01;35m[Ksystem("mkdir -p"[m[K
[20.699s]       |     [01;35m[K~~~~~~^~~~~~~~~~~[m[K
[20.699s]   837 | [01;35m[K           " ./images/cam0/data/"[m[K
[20.699s]       |            [01;35m[K~~~~~~~~~~~~~~~~~~~~~~[m[K
[20.699s]   838 | [01;35m[K           " ./images/cam1/data/"[m[K
[20.699s]       |            [01;35m[K~~~~~~~~~~~~~~~~~~~~~~[m[K
[20.699s]   839 | [01;35m[K           " ./images/cam_combine/data/")[m[K;
[20.699s]       |            [01;35m[K~~~~~~~~~~~~~~~~~~~~~~~~~~~~~~[m[K
[52.936s] [ 75%] [32m[1mLinking CXX shared library libstereonet_model.so[0m
[53.598s] [ 80%] [32m[1mLinking CXX executable stereonet_model_node[0m
[55.397s] [ 90%] Built target stereonet_model
[56.367s] [100%] Built target stereonet_model_node
[56.376s] Invoked command in '/cc_ws/tros_ws/build/hobot_stereonet' returned '0': CMAKE_PREFIX_PATH=/opt/ros/humble HISTTIMEFORMAT=%F %T /usr/bin/cmake --build /cc_ws/tros_ws/build/hobot_stereonet -- -j12 -l12
[56.417s] Invoking command in '/cc_ws/tros_ws/build/hobot_stereonet': CMAKE_PREFIX_PATH=/opt/ros/humble HISTTIMEFORMAT=%F %T /usr/bin/cmake --install /cc_ws/tros_ws/build/hobot_stereonet
[56.423s] -- Install configuration: "Release"
[56.423s] -- Up-to-date: /cc_ws/tros_ws/install/lib/hobot_stereonet/stereonet_model_component_node
[56.423s] -- Up-to-date: /cc_ws/tros_ws/install/lib/hobot_stereonet/stereonet_model_intra_sub_node
[56.423s] -- Installing: /cc_ws/tros_ws/install/lib/hobot_stereonet/stereonet_model_node
[56.427s] -- Set runtime path of "/cc_ws/tros_ws/install/lib/hobot_stereonet/stereonet_model_node" to ""
[56.427s] -- Up-to-date: /cc_ws/tros_ws/install/lib/hobot_stereonet/stereonet_model_intra_sub_node
[56.427s] -- Up-to-date: /cc_ws/tros_ws/install/lib/hobot_stereonet/data_collection
[56.427s] -- Installing: /cc_ws/tros_ws/install/lib/libstereonet_model.so
[56.432s] -- Set runtime path of "/cc_ws/tros_ws/install/lib/libstereonet_model.so" to ""
[56.432s] -- Up-to-date: /cc_ws/tros_ws/install/lib/libstereonet_model_intra_sub.so
[56.432s] -- Up-to-date: /cc_ws/tros_ws/install/share/hobot_stereonet/config
[56.432s] -- Up-to-date: /cc_ws/tros_ws/install/share/hobot_stereonet/config/stereo.yaml
[56.432s] -- Up-to-date: /cc_ws/tros_ws/install/share/hobot_stereonet/config/DStereoV2.3.bin
[56.432s] -- Up-to-date: /cc_ws/tros_ws/install/share/hobot_stereonet/config/DStereoV2.4_int16.bin
[56.432s] -- Up-to-date: /cc_ws/tros_ws/install/share/hobot_stereonet/config/dstereo_s100_320_640_352_v2.4.hbm
[56.432s] -- Up-to-date: /cc_ws/tros_ws/install/share/hobot_stereonet/config/stereo_2.yaml
[56.432s] -- Up-to-date: /cc_ws/tros_ws/install/share/hobot_stereonet/config/stereo_cv.yaml
[56.433s] -- Up-to-date: /cc_ws/tros_ws/install/share/hobot_stereonet/config/stereo_26.yaml
[56.433s] -- Up-to-date: /cc_ws/tros_ws/install/share/hobot_stereonet/config/dstereo_s100_320_640_352_v2.1.hbm
[56.433s] -- Up-to-date: /cc_ws/tros_ws/install/share/hobot_stereonet/config/DStereoV2.3.1.bin
[56.433s] -- Up-to-date: /cc_ws/tros_ws/install/share/hobot_stereonet/config/DStereoV2.4_int8.bin
[56.433s] -- Up-to-date: /cc_ws/tros_ws/install/share/hobot_stereonet/config/DStereoV2.2.bin
[56.433s] -- Up-to-date: /cc_ws/tros_ws/install/share/hobot_stereonet/config/stereo_15.yaml
[56.433s] -- Up-to-date: /cc_ws/tros_ws/install/share/hobot_stereonet/config/DStereoV2.1.bin
[56.433s] -- Up-to-date: /cc_ws/tros_ws/install/share/hobot_stereonet/config/DStereoV2.0.bin
[56.433s] -- Up-to-date: /cc_ws/tros_ws/install/share/hobot_stereonet/config/DStereoV2.4_int16_320_256.bin
[56.433s] -- Up-to-date: /cc_ws/tros_ws/install/share/hobot_stereonet/launch/stereonet_model.launch.py
[56.433s] -- Up-to-date: /cc_ws/tros_ws/install/share/hobot_stereonet/launch/stereonet_model_component.launch.py
[56.434s] -- Up-to-date: /cc_ws/tros_ws/install/share/hobot_stereonet/launch/stereonet_model_web_visual.launch.py
[56.434s] -- Up-to-date: /cc_ws/tros_ws/install/share/hobot_stereonet/launch/stereonet_model_web_visual_component.launch.py
[56.434s] -- Up-to-date: /cc_ws/tros_ws/install/share/hobot_stereonet/launch/stereonet_offline_infer.launch.py
[56.434s] -- Up-to-date: /cc_ws/tros_ws/install/share/hobot_stereonet/launch/stereonet_model_web_visual_cmp_rs_230ai.launch.py
[56.434s] -- Up-to-date: /cc_ws/tros_ws/install/share/hobot_stereonet/launch/stereonet_model_web_visual_cmp_rs_2i.launch.py
[56.434s] -- Up-to-date: /cc_ws/tros_ws/install/share/hobot_stereonet/launch/stereonet_model_web_visual_cmp_rs_mini.launch.py
[56.434s] -- Up-to-date: /cc_ws/tros_ws/install/share/hobot_stereonet/launch/stereonet_model_web_visual_cmp_rs_mini_v2.launch.py
[56.434s] -- Up-to-date: /cc_ws/tros_ws/install/share/hobot_stereonet/launch/stereonet_model_web_visual_component_v2.0.launch.py
[56.434s] -- Up-to-date: /cc_ws/tros_ws/install/share/hobot_stereonet/launch/stereonet_model_web_visual_component_v2.1.launch.py
[56.434s] -- Up-to-date: /cc_ws/tros_ws/install/share/hobot_stereonet/launch/stereonet_model_web_visual_component_v2.2.launch.py
[56.434s] -- Up-to-date: /cc_ws/tros_ws/install/share/hobot_stereonet/launch/stereonet_model_web_visual_component_v2.3.launch.py
[56.434s] -- Up-to-date: /cc_ws/tros_ws/install/share/hobot_stereonet/launch/stereonet_model_web_visual_v2.0.launch.py
[56.434s] -- Up-to-date: /cc_ws/tros_ws/install/share/hobot_stereonet/launch/stereonet_model_web_visual_v2.1.launch.py
[56.434s] -- Up-to-date: /cc_ws/tros_ws/install/share/hobot_stereonet/launch/stereonet_model_web_visual_v2.2.launch.py
[56.435s] -- Up-to-date: /cc_ws/tros_ws/install/share/hobot_stereonet/launch/stereonet_model_web_visual_v2.3.launch.py
[56.435s] -- Up-to-date: /cc_ws/tros_ws/install/share/hobot_stereonet/launch/stereonet_model_web_visual_v2.4_int16.launch.py
[56.435s] -- Up-to-date: /cc_ws/tros_ws/install/share/hobot_stereonet/launch/stereonet_model_web_visual_v2.4_int16_320_256.launch.py
[56.435s] -- Up-to-date: /cc_ws/tros_ws/install/share/hobot_stereonet/launch/stereonet_model_web_visual_v2.4_int8.launch.py
[56.435s] -- Up-to-date: /cc_ws/tros_ws/install/share/hobot_stereonet/launch/stereonet_model_web_visual_zed_v2.0.launch.py
[56.435s] -- Up-to-date: /cc_ws/tros_ws/install/share/hobot_stereonet/launch/stereonet_model_web_visual_zed_v2.2.launch.py
[56.435s] -- Up-to-date: /cc_ws/tros_ws/install/share/hobot_stereonet/config
[56.436s] -- Up-to-date: /cc_ws/tros_ws/install/share/hobot_stereonet/config/stereo.yaml
[56.436s] -- Up-to-date: /cc_ws/tros_ws/install/share/hobot_stereonet/config/DStereoV2.3.bin
[56.436s] -- Up-to-date: /cc_ws/tros_ws/install/share/hobot_stereonet/config/DStereoV2.4_int16.bin
[56.436s] -- Up-to-date: /cc_ws/tros_ws/install/share/hobot_stereonet/config/dstereo_s100_320_640_352_v2.4.hbm
[56.436s] -- Up-to-date: /cc_ws/tros_ws/install/share/hobot_stereonet/config/stereo_2.yaml
[56.436s] -- Up-to-date: /cc_ws/tros_ws/install/share/hobot_stereonet/config/stereo_cv.yaml
[56.437s] -- Up-to-date: /cc_ws/tros_ws/install/share/hobot_stereonet/config/stereo_26.yaml
[56.437s] -- Up-to-date: /cc_ws/tros_ws/install/share/hobot_stereonet/config/dstereo_s100_320_640_352_v2.1.hbm
[56.437s] -- Up-to-date: /cc_ws/tros_ws/install/share/hobot_stereonet/config/DStereoV2.3.1.bin
[56.437s] -- Up-to-date: /cc_ws/tros_ws/install/share/hobot_stereonet/config/DStereoV2.4_int8.bin
[56.437s] -- Up-to-date: /cc_ws/tros_ws/install/share/hobot_stereonet/config/DStereoV2.2.bin
[56.437s] -- Up-to-date: /cc_ws/tros_ws/install/share/hobot_stereonet/config/stereo_15.yaml
[56.438s] -- Up-to-date: /cc_ws/tros_ws/install/share/hobot_stereonet/config/DStereoV2.1.bin
[56.438s] -- Up-to-date: /cc_ws/tros_ws/install/share/hobot_stereonet/config/DStereoV2.0.bin
[56.438s] -- Up-to-date: /cc_ws/tros_ws/install/share/hobot_stereonet/config/DStereoV2.4_int16_320_256.bin
[56.438s] -- Up-to-date: /cc_ws/tros_ws/install/share/hobot_stereonet/data
[56.438s] -- Up-to-date: /cc_ws/tros_ws/install/share/hobot_stereonet/data/left000002.png
[56.438s] -- Up-to-date: /cc_ws/tros_ws/install/share/hobot_stereonet/data/right000000.png
[56.438s] -- Up-to-date: /cc_ws/tros_ws/install/share/hobot_stereonet/data/right000004.png
[56.439s] -- Up-to-date: /cc_ws/tros_ws/install/share/hobot_stereonet/data/right000001.png
[56.439s] -- Up-to-date: /cc_ws/tros_ws/install/share/hobot_stereonet/data/right000002.png
[56.439s] -- Up-to-date: /cc_ws/tros_ws/install/share/hobot_stereonet/data/left000000.png
[56.439s] -- Up-to-date: /cc_ws/tros_ws/install/share/hobot_stereonet/data/left000004.png
[56.439s] -- Up-to-date: /cc_ws/tros_ws/install/share/hobot_stereonet/data/left000003.png
[56.439s] -- Up-to-date: /cc_ws/tros_ws/install/share/hobot_stereonet/data/right000003.png
[56.439s] -- Up-to-date: /cc_ws/tros_ws/install/share/hobot_stereonet/data/left000001.png
[56.440s] -- Up-to-date: /cc_ws/tros_ws/install/share/ament_index/resource_index/package_run_dependencies/hobot_stereonet
[56.440s] -- Up-to-date: /cc_ws/tros_ws/install/share/ament_index/resource_index/parent_prefix_path/hobot_stereonet
[56.440s] -- Up-to-date: /cc_ws/tros_ws/install/share/hobot_stereonet/environment/ament_prefix_path.sh
[56.440s] -- Installing: /cc_ws/tros_ws/install/share/hobot_stereonet/environment/ament_prefix_path.dsv
[56.440s] -- Up-to-date: /cc_ws/tros_ws/install/share/hobot_stereonet/environment/path.sh
[56.441s] -- Installing: /cc_ws/tros_ws/install/share/hobot_stereonet/environment/path.dsv
[56.441s] -- Up-to-date: /cc_ws/tros_ws/install/share/hobot_stereonet/local_setup.bash
[56.441s] -- Up-to-date: /cc_ws/tros_ws/install/share/hobot_stereonet/local_setup.sh
[56.441s] -- Up-to-date: /cc_ws/tros_ws/install/share/hobot_stereonet/local_setup.zsh
[56.441s] -- Installing: /cc_ws/tros_ws/install/share/hobot_stereonet/local_setup.dsv
[56.441s] -- Installing: /cc_ws/tros_ws/install/share/hobot_stereonet/package.dsv
[56.442s] -- Up-to-date: /cc_ws/tros_ws/install/share/ament_index/resource_index/packages/hobot_stereonet
[56.442s] -- Up-to-date: /cc_ws/tros_ws/install/share/ament_index/resource_index/rclcpp_components/hobot_stereonet
[56.442s] -- Up-to-date: /cc_ws/tros_ws/install/share/hobot_stereonet/cmake/hobot_stereonetConfig.cmake
[56.442s] -- Up-to-date: /cc_ws/tros_ws/install/share/hobot_stereonet/cmake/hobot_stereonetConfig-version.cmake
[56.442s] -- Up-to-date: /cc_ws/tros_ws/install/share/hobot_stereonet/package.xml
[56.442s] Invoked command in '/cc_ws/tros_ws/build/hobot_stereonet' returned '0': CMAKE_PREFIX_PATH=/opt/ros/humble HISTTIMEFORMAT=%F %T /usr/bin/cmake --install /cc_ws/tros_ws/build/hobot_stereonet
