[0.046s] Invoking command in '/cc_ws/tros_ws/build/img_msgs': CMAKE_PREFIX_PATH=/opt/ros/humble /usr/bin/cmake /cc_ws/tros_ws/src/box/hobot_msgs/img_msgs -DCMAKE_EXPORT_COMPILE_COMMANDS=ON --no-warn-unused-cli -DCMAKE_TOOLCHAIN_FILE=/cc_ws/tros_ws/robot_dev_config/aarch64_toolchainfile.cmake -DPLATFORM_X5=ON -DTHIRDPARTY=ON -DBUILD_TESTING=OFF -DCMAKE_BUILD_RPATH=/cc_ws/tros_ws/build/poco_vendor/poco_external_project_install/lib/;/cc_ws/tros_ws/build/libyaml_vendor/libyaml_install/lib/ -DCMAKE_INSTALL_PREFIX=/cc_ws/tros_ws/install
[0.123s] Not searching for unused variables given on the command line.
[0.123s] -- Found ament_cmake: 1.3.8 (/opt/ros/humble/share/ament_cmake/cmake)
[0.302s] [33mCMake Warning (dev) at /opt/ros/humble/share/ament_cmake_test/cmake/ament_cmake_test-extras.cmake:19 (option):
[0.303s]   Policy CMP0077 is not set: option() honors normal variables.  Run "cmake
[0.303s]   --help-policy CMP0077" for policy details.  Use the cmake_policy command to
[0.303s]   set the policy and suppress this warning.
[0.303s] 
[0.304s]   For compatibility with older versions of CMake, option is clearing the
[0.304s]   normal variable 'BUILD_TESTING'.
[0.304s] Call Stack (most recent call first):
[0.304s]   /opt/ros/humble/share/ament_cmake_test/cmake/ament_cmake_testConfig.cmake:41 (include)
[0.305s]   /opt/ros/humble/share/ament_cmake/cmake/ament_cmake_export_dependencies-extras.cmake:21 (find_package)
[0.305s]   /opt/ros/humble/share/ament_cmake/cmake/ament_cmakeConfig.cmake:41 (include)
[0.305s]   CMakeLists.txt:36 (find_package)
[0.305s] This warning is for project developers.  Use -Wno-dev to suppress it.
[0.305s] [0m
[0.308s] -- Found builtin_interfaces: 1.2.1 (/opt/ros/humble/share/builtin_interfaces/cmake)
[0.364s] -- Found rosidl_generator_c: 3.1.5 (/opt/ros/humble/share/rosidl_generator_c/cmake)
[0.369s] -- Found rosidl_adapter: 3.1.5 (/opt/ros/humble/share/rosidl_adapter/cmake)
[0.402s] -- Found rosidl_generator_cpp: 3.1.5 (/opt/ros/humble/share/rosidl_generator_cpp/cmake)
[0.428s] -- Using all available rosidl_typesupport_c: rosidl_typesupport_fastrtps_c;rosidl_typesupport_introspection_c
[0.468s] -- Using all available rosidl_typesupport_cpp: rosidl_typesupport_fastrtps_cpp;rosidl_typesupport_introspection_cpp
[0.500s] -- Found rosidl_default_generators: 1.2.0 (/opt/ros/humble/share/rosidl_default_generators/cmake)
[0.923s] -- Found ament_cmake_ros: 0.10.0 (/opt/ros/humble/share/ament_cmake_ros/cmake)
[1.420s] -- Using all available rosidl_typesupport_c: rosidl_typesupport_fastrtps_c;rosidl_typesupport_introspection_c
[1.586s] -- Using all available rosidl_typesupport_cpp: rosidl_typesupport_fastrtps_cpp;rosidl_typesupport_introspection_cpp
[1.621s] -- Found python_cmake_module: 0.10.0 (/opt/ros/humble/share/python_cmake_module/cmake)
[1.662s] -- Using PYTHON_EXECUTABLE: /usr/bin/python3
[1.663s] -- Using PYTHON_INCLUDE_DIRS: /cc_ws/tros_ws/robot_dev_config/../../sysroot_docker/usr/include/python3.10
[1.663s] -- Using PYTHON_LIBRARIES: /cc_ws/tros_ws/robot_dev_config/../../sysroot_docker/usr/lib/aarch64-linux-gnu/libpython3.10.so
[2.094s] -- Using numpy include directory: /usr/local/lib/python3.10/dist-packages/numpy/core/include
[2.106s] -- Configuring done
[2.260s] -- Generating done
[2.265s] -- Build files have been written to: /cc_ws/tros_ws/build/img_msgs
[2.306s] Invoked command in '/cc_ws/tros_ws/build/img_msgs' returned '0': CMAKE_PREFIX_PATH=/opt/ros/humble /usr/bin/cmake /cc_ws/tros_ws/src/box/hobot_msgs/img_msgs -DCMAKE_EXPORT_COMPILE_COMMANDS=ON --no-warn-unused-cli -DCMAKE_TOOLCHAIN_FILE=/cc_ws/tros_ws/robot_dev_config/aarch64_toolchainfile.cmake -DPLATFORM_X5=ON -DTHIRDPARTY=ON -DBUILD_TESTING=OFF -DCMAKE_BUILD_RPATH=/cc_ws/tros_ws/build/poco_vendor/poco_external_project_install/lib/;/cc_ws/tros_ws/build/libyaml_vendor/libyaml_install/lib/ -DCMAKE_INSTALL_PREFIX=/cc_ws/tros_ws/install
[2.316s] Invoking command in '/cc_ws/tros_ws/build/img_msgs': CMAKE_PREFIX_PATH=/opt/ros/humble /usr/bin/cmake --build /cc_ws/tros_ws/build/img_msgs -- -j12 -l12
[2.724s] [  3%] Built target img_msgs__cpp
[2.725s] [35m[1mConsolidate compiler generated dependencies of target img_msgs__rosidl_generator_c[0m
[2.726s] [35m[1mConsolidate compiler generated dependencies of target img_msgs__rosidl_typesupport_cpp[0m
[2.727s] [ 12%] Built target img_msgs__rosidl_generator_c
[2.728s] [35m[1mConsolidate compiler generated dependencies of target img_msgs__rosidl_typesupport_fastrtps_cpp[0m
[2.729s] [35m[1mConsolidate compiler generated dependencies of target img_msgs__rosidl_typesupport_introspection_cpp[0m
[2.730s] [ 12%] Built target ament_cmake_python_copy_img_msgs
[2.731s] [ 22%] Built target img_msgs__rosidl_typesupport_cpp
[2.732s] [ 32%] Built target img_msgs__rosidl_typesupport_fastrtps_cpp
[2.737s] [ 41%] Built target img_msgs__rosidl_typesupport_introspection_cpp
[2.757s] [35m[1mConsolidate compiler generated dependencies of target img_msgs__rosidl_typesupport_fastrtps_c[0m
[2.786s] [35m[1mConsolidate compiler generated dependencies of target img_msgs__rosidl_typesupport_c[0m
[2.787s] [35m[1mConsolidate compiler generated dependencies of target img_msgs__rosidl_typesupport_introspection_c[0m
[2.855s] [ 51%] Built target img_msgs__rosidl_typesupport_fastrtps_c
[2.899s] [ 61%] Built target img_msgs__rosidl_typesupport_introspection_c
[2.903s] [ 70%] Built target img_msgs__rosidl_typesupport_c
[2.971s] [ 70%] Built target img_msgs
[3.135s] [ 74%] Built target img_msgs__py
[3.190s] [35m[1mConsolidate compiler generated dependencies of target img_msgs__rosidl_generator_py[0m
[3.220s] [ 80%] Built target img_msgs__rosidl_generator_py
[3.279s] [35m[1mConsolidate compiler generated dependencies of target img_msgs__rosidl_typesupport_fastrtps_c__pyext[0m
[3.279s] [35m[1mConsolidate compiler generated dependencies of target img_msgs__rosidl_typesupport_introspection_c__pyext[0m
[3.289s] [35m[1mConsolidate compiler generated dependencies of target img_msgs__rosidl_typesupport_c__pyext[0m
[3.370s] [ 87%] Built target img_msgs__rosidl_typesupport_introspection_c__pyext
[3.375s] [ 93%] Built target img_msgs__rosidl_typesupport_fastrtps_c__pyext
[3.375s] running egg_info
[3.378s] writing img_msgs.egg-info/PKG-INFO
[3.379s] [100%] Built target img_msgs__rosidl_typesupport_c__pyext
[3.379s] writing dependency_links to img_msgs.egg-info/dependency_links.txt
[3.379s] writing top-level names to img_msgs.egg-info/top_level.txt
[3.386s] reading manifest file 'img_msgs.egg-info/SOURCES.txt'
[3.387s] writing manifest file 'img_msgs.egg-info/SOURCES.txt'
[3.663s] [100%] Built target ament_cmake_python_build_img_msgs_egg
[3.734s] Invoked command in '/cc_ws/tros_ws/build/img_msgs' returned '0': CMAKE_PREFIX_PATH=/opt/ros/humble /usr/bin/cmake --build /cc_ws/tros_ws/build/img_msgs -- -j12 -l12
[4.417s] Invoking command in '/cc_ws/tros_ws/build/img_msgs': CMAKE_PREFIX_PATH=/opt/ros/humble /usr/bin/cmake --install /cc_ws/tros_ws/build/img_msgs
[4.471s] -- Install configuration: ""
[4.471s] -- Up-to-date: /cc_ws/tros_ws/install/share/ament_index/resource_index/rosidl_interfaces/img_msgs
[4.471s] -- Up-to-date: /cc_ws/tros_ws/install/include/img_msgs/img_msgs
[4.471s] -- Up-to-date: /cc_ws/tros_ws/install/include/img_msgs/img_msgs/msg
[4.471s] -- Up-to-date: /cc_ws/tros_ws/install/include/img_msgs/img_msgs/msg/rosidl_generator_c__visibility_control.h
[4.471s] -- Up-to-date: /cc_ws/tros_ws/install/include/img_msgs/img_msgs/msg/h26_x_frame.h
[4.472s] -- Up-to-date: /cc_ws/tros_ws/install/include/img_msgs/img_msgs/msg/detail
[4.472s] -- Up-to-date: /cc_ws/tros_ws/install/include/img_msgs/img_msgs/msg/detail/h26_x_frame__functions.c
[4.472s] -- Up-to-date: /cc_ws/tros_ws/install/include/img_msgs/img_msgs/msg/detail/h26_x_frame__struct.h
[4.472s] -- Up-to-date: /cc_ws/tros_ws/install/include/img_msgs/img_msgs/msg/detail/h26_x_frame__type_support.h
[4.472s] -- Up-to-date: /cc_ws/tros_ws/install/include/img_msgs/img_msgs/msg/detail/h26_x_frame__functions.h
[4.472s] -- Up-to-date: /cc_ws/tros_ws/install/share/img_msgs/environment/library_path.sh
[4.472s] -- Installing: /cc_ws/tros_ws/install/share/img_msgs/environment/library_path.dsv
[4.473s] -- Up-to-date: /cc_ws/tros_ws/install/lib/libimg_msgs__rosidl_generator_c.so
[4.473s] -- Up-to-date: /cc_ws/tros_ws/install/include/img_msgs/img_msgs
[4.473s] -- Up-to-date: /cc_ws/tros_ws/install/include/img_msgs/img_msgs/msg
[4.473s] -- Up-to-date: /cc_ws/tros_ws/install/include/img_msgs/img_msgs/msg/rosidl_typesupport_fastrtps_c__visibility_control.h
[4.473s] -- Up-to-date: /cc_ws/tros_ws/install/include/img_msgs/img_msgs/msg/detail
[4.473s] -- Up-to-date: /cc_ws/tros_ws/install/include/img_msgs/img_msgs/msg/detail/h26_x_frame__rosidl_typesupport_fastrtps_c.h
[4.473s] -- Up-to-date: /cc_ws/tros_ws/install/lib/libimg_msgs__rosidl_typesupport_fastrtps_c.so
[4.473s] -- Up-to-date: /cc_ws/tros_ws/install/include/img_msgs/img_msgs
[4.473s] -- Up-to-date: /cc_ws/tros_ws/install/include/img_msgs/img_msgs/msg
[4.474s] -- Up-to-date: /cc_ws/tros_ws/install/include/img_msgs/img_msgs/msg/h26_x_frame.hpp
[4.474s] -- Up-to-date: /cc_ws/tros_ws/install/include/img_msgs/img_msgs/msg/detail
[4.474s] -- Up-to-date: /cc_ws/tros_ws/install/include/img_msgs/img_msgs/msg/detail/h26_x_frame__traits.hpp
[4.474s] -- Up-to-date: /cc_ws/tros_ws/install/include/img_msgs/img_msgs/msg/detail/h26_x_frame__builder.hpp
[4.474s] -- Up-to-date: /cc_ws/tros_ws/install/include/img_msgs/img_msgs/msg/detail/h26_x_frame__struct.hpp
[4.474s] -- Up-to-date: /cc_ws/tros_ws/install/include/img_msgs/img_msgs
[4.474s] -- Up-to-date: /cc_ws/tros_ws/install/include/img_msgs/img_msgs/msg
[4.474s] -- Up-to-date: /cc_ws/tros_ws/install/include/img_msgs/img_msgs/msg/detail
[4.475s] -- Up-to-date: /cc_ws/tros_ws/install/include/img_msgs/img_msgs/msg/detail/h26_x_frame__rosidl_typesupport_fastrtps_cpp.hpp
[4.475s] -- Up-to-date: /cc_ws/tros_ws/install/include/img_msgs/img_msgs/msg/detail/dds_fastrtps
[4.475s] -- Up-to-date: /cc_ws/tros_ws/install/include/img_msgs/img_msgs/msg/rosidl_typesupport_fastrtps_cpp__visibility_control.h
[4.475s] -- Up-to-date: /cc_ws/tros_ws/install/lib/libimg_msgs__rosidl_typesupport_fastrtps_cpp.so
[4.475s] -- Up-to-date: /cc_ws/tros_ws/install/include/img_msgs/img_msgs
[4.475s] -- Up-to-date: /cc_ws/tros_ws/install/include/img_msgs/img_msgs/msg
[4.475s] -- Up-to-date: /cc_ws/tros_ws/install/include/img_msgs/img_msgs/msg/rosidl_typesupport_introspection_c__visibility_control.h
[4.475s] -- Up-to-date: /cc_ws/tros_ws/install/include/img_msgs/img_msgs/msg/detail
[4.475s] -- Up-to-date: /cc_ws/tros_ws/install/include/img_msgs/img_msgs/msg/detail/h26_x_frame__rosidl_typesupport_introspection_c.h
[4.476s] -- Up-to-date: /cc_ws/tros_ws/install/include/img_msgs/img_msgs/msg/detail/h26_x_frame__type_support.c
[4.476s] -- Up-to-date: /cc_ws/tros_ws/install/lib/libimg_msgs__rosidl_typesupport_introspection_c.so
[4.476s] -- Up-to-date: /cc_ws/tros_ws/install/lib/libimg_msgs__rosidl_typesupport_c.so
[4.476s] -- Up-to-date: /cc_ws/tros_ws/install/include/img_msgs/img_msgs
[4.476s] -- Up-to-date: /cc_ws/tros_ws/install/include/img_msgs/img_msgs/msg
[4.476s] -- Up-to-date: /cc_ws/tros_ws/install/include/img_msgs/img_msgs/msg/detail
[4.476s] -- Up-to-date: /cc_ws/tros_ws/install/include/img_msgs/img_msgs/msg/detail/h26_x_frame__type_support.cpp
[4.476s] -- Up-to-date: /cc_ws/tros_ws/install/include/img_msgs/img_msgs/msg/detail/h26_x_frame__rosidl_typesupport_introspection_cpp.hpp
[4.476s] -- Up-to-date: /cc_ws/tros_ws/install/lib/libimg_msgs__rosidl_typesupport_introspection_cpp.so
[4.477s] -- Up-to-date: /cc_ws/tros_ws/install/lib/libimg_msgs__rosidl_typesupport_cpp.so
[4.477s] -- Up-to-date: /cc_ws/tros_ws/install/share/img_msgs/environment/pythonpath.sh
[4.477s] -- Installing: /cc_ws/tros_ws/install/share/img_msgs/environment/pythonpath.dsv
[4.477s] -- Up-to-date: /cc_ws/tros_ws/install/local/lib/python3.10/dist-packages/img_msgs-2.0.0-py3.10.egg-info
[4.477s] -- Installing: /cc_ws/tros_ws/install/local/lib/python3.10/dist-packages/img_msgs-2.0.0-py3.10.egg-info/SOURCES.txt
[4.477s] -- Installing: /cc_ws/tros_ws/install/local/lib/python3.10/dist-packages/img_msgs-2.0.0-py3.10.egg-info/PKG-INFO
[4.477s] -- Installing: /cc_ws/tros_ws/install/local/lib/python3.10/dist-packages/img_msgs-2.0.0-py3.10.egg-info/dependency_links.txt
[4.477s] -- Installing: /cc_ws/tros_ws/install/local/lib/python3.10/dist-packages/img_msgs-2.0.0-py3.10.egg-info/top_level.txt
[4.477s] -- Up-to-date: /cc_ws/tros_ws/install/local/lib/python3.10/dist-packages/img_msgs
[4.478s] -- Up-to-date: /cc_ws/tros_ws/install/local/lib/python3.10/dist-packages/img_msgs/_img_msgs_s.ep.rosidl_typesupport_fastrtps_c.c
[4.478s] -- Up-to-date: /cc_ws/tros_ws/install/local/lib/python3.10/dist-packages/img_msgs/img_msgs_s__rosidl_typesupport_introspection_c.cpython-310-aarch64-linux-gnu.so
[4.478s] -- Up-to-date: /cc_ws/tros_ws/install/local/lib/python3.10/dist-packages/img_msgs/_img_msgs_s.ep.rosidl_typesupport_c.c
[4.478s] -- Up-to-date: /cc_ws/tros_ws/install/local/lib/python3.10/dist-packages/img_msgs/img_msgs_s__rosidl_typesupport_c.cpython-310-aarch64-linux-gnu.so
[4.478s] -- Up-to-date: /cc_ws/tros_ws/install/local/lib/python3.10/dist-packages/img_msgs/msg
[4.478s] -- Up-to-date: /cc_ws/tros_ws/install/local/lib/python3.10/dist-packages/img_msgs/msg/__init__.py
[4.478s] -- Up-to-date: /cc_ws/tros_ws/install/local/lib/python3.10/dist-packages/img_msgs/msg/_h26_x_frame.py
[4.478s] -- Up-to-date: /cc_ws/tros_ws/install/local/lib/python3.10/dist-packages/img_msgs/msg/_h26_x_frame_s.c
[4.478s] -- Up-to-date: /cc_ws/tros_ws/install/local/lib/python3.10/dist-packages/img_msgs/img_msgs_s__rosidl_typesupport_fastrtps_c.cpython-310-aarch64-linux-gnu.so
[4.479s] -- Up-to-date: /cc_ws/tros_ws/install/local/lib/python3.10/dist-packages/img_msgs/_img_msgs_s.ep.rosidl_typesupport_introspection_c.c
[4.479s] -- Installing: /cc_ws/tros_ws/install/local/lib/python3.10/dist-packages/img_msgs/__init__.py
[4.479s] -- Up-to-date: /cc_ws/tros_ws/install/local/lib/python3.10/dist-packages/img_msgs/libimg_msgs__rosidl_generator_py.so
[4.511s] Listing '/cc_ws/tros_ws/install/local/lib/python3.10/dist-packages/img_msgs'...
[4.511s] Compiling '/cc_ws/tros_ws/install/local/lib/python3.10/dist-packages/img_msgs/__init__.py'...
[4.511s] Listing '/cc_ws/tros_ws/install/local/lib/python3.10/dist-packages/img_msgs/msg'...
[4.520s] -- Up-to-date: /cc_ws/tros_ws/install/local/lib/python3.10/dist-packages/img_msgs/img_msgs_s__rosidl_typesupport_fastrtps_c.cpython-310-aarch64-linux-gnu.so
[4.520s] -- Up-to-date: /cc_ws/tros_ws/install/local/lib/python3.10/dist-packages/img_msgs/img_msgs_s__rosidl_typesupport_introspection_c.cpython-310-aarch64-linux-gnu.so
[4.521s] -- Up-to-date: /cc_ws/tros_ws/install/local/lib/python3.10/dist-packages/img_msgs/img_msgs_s__rosidl_typesupport_c.cpython-310-aarch64-linux-gnu.so
[4.522s] -- Up-to-date: /cc_ws/tros_ws/install/lib/libimg_msgs__rosidl_generator_py.so
[4.522s] -- Up-to-date: /cc_ws/tros_ws/install/share/img_msgs/msg/H26XFrame.idl
[4.522s] -- Up-to-date: /cc_ws/tros_ws/install/share/img_msgs/msg/H26XFrame.msg
[4.522s] -- Up-to-date: /cc_ws/tros_ws/install/share/ament_index/resource_index/package_run_dependencies/img_msgs
[4.522s] -- Up-to-date: /cc_ws/tros_ws/install/share/ament_index/resource_index/parent_prefix_path/img_msgs
[4.522s] -- Up-to-date: /cc_ws/tros_ws/install/share/img_msgs/environment/ament_prefix_path.sh
[4.527s] -- Installing: /cc_ws/tros_ws/install/share/img_msgs/environment/ament_prefix_path.dsv
[4.527s] -- Up-to-date: /cc_ws/tros_ws/install/share/img_msgs/environment/path.sh
[4.527s] -- Installing: /cc_ws/tros_ws/install/share/img_msgs/environment/path.dsv
[4.527s] -- Up-to-date: /cc_ws/tros_ws/install/share/img_msgs/local_setup.bash
[4.527s] -- Up-to-date: /cc_ws/tros_ws/install/share/img_msgs/local_setup.sh
[4.527s] -- Up-to-date: /cc_ws/tros_ws/install/share/img_msgs/local_setup.zsh
[4.527s] -- Installing: /cc_ws/tros_ws/install/share/img_msgs/local_setup.dsv
[4.527s] -- Installing: /cc_ws/tros_ws/install/share/img_msgs/package.dsv
[4.528s] -- Up-to-date: /cc_ws/tros_ws/install/share/ament_index/resource_index/packages/img_msgs
[4.528s] -- Up-to-date: /cc_ws/tros_ws/install/share/img_msgs/cmake/export_img_msgs__rosidl_generator_cExport.cmake
[4.528s] -- Up-to-date: /cc_ws/tros_ws/install/share/img_msgs/cmake/export_img_msgs__rosidl_generator_cExport-noconfig.cmake
[4.528s] -- Up-to-date: /cc_ws/tros_ws/install/share/img_msgs/cmake/export_img_msgs__rosidl_typesupport_fastrtps_cExport.cmake
[4.528s] -- Up-to-date: /cc_ws/tros_ws/install/share/img_msgs/cmake/export_img_msgs__rosidl_typesupport_fastrtps_cExport-noconfig.cmake
[4.529s] -- Up-to-date: /cc_ws/tros_ws/install/share/img_msgs/cmake/export_img_msgs__rosidl_generator_cppExport.cmake
[4.529s] -- Up-to-date: /cc_ws/tros_ws/install/share/img_msgs/cmake/export_img_msgs__rosidl_typesupport_fastrtps_cppExport.cmake
[4.529s] -- Up-to-date: /cc_ws/tros_ws/install/share/img_msgs/cmake/export_img_msgs__rosidl_typesupport_fastrtps_cppExport-noconfig.cmake
[4.529s] -- Up-to-date: /cc_ws/tros_ws/install/share/img_msgs/cmake/img_msgs__rosidl_typesupport_introspection_cExport.cmake
[4.530s] -- Up-to-date: /cc_ws/tros_ws/install/share/img_msgs/cmake/img_msgs__rosidl_typesupport_introspection_cExport-noconfig.cmake
[4.530s] -- Up-to-date: /cc_ws/tros_ws/install/share/img_msgs/cmake/img_msgs__rosidl_typesupport_cExport.cmake
[4.530s] -- Up-to-date: /cc_ws/tros_ws/install/share/img_msgs/cmake/img_msgs__rosidl_typesupport_cExport-noconfig.cmake
[4.530s] -- Up-to-date: /cc_ws/tros_ws/install/share/img_msgs/cmake/img_msgs__rosidl_typesupport_introspection_cppExport.cmake
[4.530s] -- Up-to-date: /cc_ws/tros_ws/install/share/img_msgs/cmake/img_msgs__rosidl_typesupport_introspection_cppExport-noconfig.cmake
[4.530s] -- Up-to-date: /cc_ws/tros_ws/install/share/img_msgs/cmake/img_msgs__rosidl_typesupport_cppExport.cmake
[4.530s] -- Up-to-date: /cc_ws/tros_ws/install/share/img_msgs/cmake/img_msgs__rosidl_typesupport_cppExport-noconfig.cmake
[4.531s] -- Up-to-date: /cc_ws/tros_ws/install/share/img_msgs/cmake/export_img_msgs__rosidl_generator_pyExport.cmake
[4.531s] -- Up-to-date: /cc_ws/tros_ws/install/share/img_msgs/cmake/export_img_msgs__rosidl_generator_pyExport-noconfig.cmake
[4.531s] -- Up-to-date: /cc_ws/tros_ws/install/share/img_msgs/cmake/rosidl_cmake-extras.cmake
[4.531s] -- Up-to-date: /cc_ws/tros_ws/install/share/img_msgs/cmake/ament_cmake_export_dependencies-extras.cmake
[4.531s] -- Up-to-date: /cc_ws/tros_ws/install/share/img_msgs/cmake/ament_cmake_export_include_directories-extras.cmake
[4.531s] -- Up-to-date: /cc_ws/tros_ws/install/share/img_msgs/cmake/ament_cmake_export_libraries-extras.cmake
[4.531s] -- Up-to-date: /cc_ws/tros_ws/install/share/img_msgs/cmake/ament_cmake_export_targets-extras.cmake
[4.532s] -- Up-to-date: /cc_ws/tros_ws/install/share/img_msgs/cmake/rosidl_cmake_export_typesupport_targets-extras.cmake
[4.532s] -- Up-to-date: /cc_ws/tros_ws/install/share/img_msgs/cmake/rosidl_cmake_export_typesupport_libraries-extras.cmake
[4.532s] -- Up-to-date: /cc_ws/tros_ws/install/share/img_msgs/cmake/img_msgsConfig.cmake
[4.532s] -- Up-to-date: /cc_ws/tros_ws/install/share/img_msgs/cmake/img_msgsConfig-version.cmake
[4.532s] -- Up-to-date: /cc_ws/tros_ws/install/share/img_msgs/package.xml
[4.559s] Invoked command in '/cc_ws/tros_ws/build/img_msgs' returned '0': CMAKE_PREFIX_PATH=/opt/ros/humble /usr/bin/cmake --install /cc_ws/tros_ws/build/img_msgs
