[0.039s] Invoking command in '/cc_ws/tros_ws/build/base': CMAKE_PREFIX_PATH=/opt/ros/humble /usr/bin/cmake /cc_ws/tros_ws/tros_arm_build/packages/ros_base -DCMAKE_EXPORT_COMPILE_COMMANDS=ON --no-warn-unused-cli -DCMAKE_TOOLCHAIN_FILE=/cc_ws/tros_ws/robot_dev_config/aarch64_toolchainfile.cmake -DPLATFORM_X5=ON -DTHIRDPARTY=ON -DBUILD_TESTING=OFF -DCMAKE_BUILD_RPATH=/cc_ws/tros_ws/build/poco_vendor/poco_external_project_install/lib/;/cc_ws/tros_ws/build/libyaml_vendor/libyaml_install/lib/ -DCMAKE_INSTALL_PREFIX=/cc_ws/tros_ws/install
[0.095s] Not searching for unused variables given on the command line.
[0.140s] -- The C compiler identification is GNU 11.4.0
[0.244s] -- The CXX compiler identification is GNU 11.4.0
[0.254s] -- Detecting C compiler ABI info
[0.371s] -- Detecting C compiler ABI info - done
[0.387s] -- Check for working C compiler: /usr/bin/aarch64-linux-gnu-gcc - skipped
[0.388s] -- Detecting C compile features
[0.389s] -- Detecting C compile features - done
[0.394s] -- Detecting CXX compiler ABI info
[0.540s] -- Detecting CXX compiler ABI info - done
[0.554s] -- Check for working CXX compiler: /usr/bin/aarch64-linux-gnu-g++ - skipped
[0.554s] -- Detecting CXX compile features
[0.555s] -- Detecting CXX compile features - done
[0.558s] -- Found ament_cmake: 1.3.8 (/opt/ros/humble/share/ament_cmake/cmake)
[0.729s] -- Found Python3: /usr/bin/python3 (found version "3.10.12") found components: Interpreter 
[0.957s] [33mCMake Warning (dev) at /opt/ros/humble/share/ament_cmake_test/cmake/ament_cmake_test-extras.cmake:19 (option):
[0.958s]   Policy CMP0077 is not set: option() honors normal variables.  Run "cmake
[0.958s]   --help-policy CMP0077" for policy details.  Use the cmake_policy command to
[0.958s]   set the policy and suppress this warning.
[0.958s] 
[0.958s]   For compatibility with older versions of CMake, option is clearing the
[0.958s]   normal variable 'BUILD_TESTING'.
[0.958s] Call Stack (most recent call first):
[0.958s]   /opt/ros/humble/share/ament_cmake_test/cmake/ament_cmake_testConfig.cmake:41 (include)
[0.958s]   /opt/ros/humble/share/ament_cmake/cmake/ament_cmake_export_dependencies-extras.cmake:21 (find_package)
[0.958s]   /opt/ros/humble/share/ament_cmake/cmake/ament_cmakeConfig.cmake:41 (include)
[0.959s]   CMakeLists.txt:4 (find_package)
[0.959s] This warning is for project developers.  Use -Wno-dev to suppress it.
[0.959s] [0m
[1.082s] -- Configuring done
[1.087s] -- Generating done
[1.088s] -- Build files have been written to: /cc_ws/tros_ws/build/base
[1.102s] Invoked command in '/cc_ws/tros_ws/build/base' returned '0': CMAKE_PREFIX_PATH=/opt/ros/humble /usr/bin/cmake /cc_ws/tros_ws/tros_arm_build/packages/ros_base -DCMAKE_EXPORT_COMPILE_COMMANDS=ON --no-warn-unused-cli -DCMAKE_TOOLCHAIN_FILE=/cc_ws/tros_ws/robot_dev_config/aarch64_toolchainfile.cmake -DPLATFORM_X5=ON -DTHIRDPARTY=ON -DBUILD_TESTING=OFF -DCMAKE_BUILD_RPATH=/cc_ws/tros_ws/build/poco_vendor/poco_external_project_install/lib/;/cc_ws/tros_ws/build/libyaml_vendor/libyaml_install/lib/ -DCMAKE_INSTALL_PREFIX=/cc_ws/tros_ws/install
[1.103s] Invoking command in '/cc_ws/tros_ws/build/base': CMAKE_PREFIX_PATH=/opt/ros/humble /usr/bin/cmake --build /cc_ws/tros_ws/build/base -- -j12 -l12
[2.697s] Invoked command in '/cc_ws/tros_ws/build/base' returned '0': CMAKE_PREFIX_PATH=/opt/ros/humble /usr/bin/cmake --build /cc_ws/tros_ws/build/base -- -j12 -l12
[3.005s] Invoking command in '/cc_ws/tros_ws/build/base': CMAKE_PREFIX_PATH=/opt/ros/humble /usr/bin/cmake --install /cc_ws/tros_ws/build/base
[4.797s] -- Install configuration: ""
[4.797s] -- Installing: /cc_ws/tros_ws/install/share/ament_index/resource_index/package_run_dependencies/base
[4.797s] -- Installing: /cc_ws/tros_ws/install/share/ament_index/resource_index/parent_prefix_path/base
[4.797s] -- Installing: /cc_ws/tros_ws/install/share/base/environment/ament_prefix_path.sh
[4.797s] -- Installing: /cc_ws/tros_ws/install/share/base/environment/ament_prefix_path.dsv
[4.797s] -- Installing: /cc_ws/tros_ws/install/share/base/environment/path.sh
[4.797s] -- Installing: /cc_ws/tros_ws/install/share/base/environment/path.dsv
[4.797s] -- Installing: /cc_ws/tros_ws/install/share/base/local_setup.bash
[4.798s] -- Installing: /cc_ws/tros_ws/install/share/base/local_setup.sh
[4.798s] -- Installing: /cc_ws/tros_ws/install/share/base/local_setup.zsh
[4.798s] -- Installing: /cc_ws/tros_ws/install/share/base/local_setup.dsv
[4.798s] -- Installing: /cc_ws/tros_ws/install/share/base/package.dsv
[4.798s] -- Installing: /cc_ws/tros_ws/install/share/ament_index/resource_index/packages/base
[4.798s] -- Installing: /cc_ws/tros_ws/install/share/base/cmake/baseConfig.cmake
[4.798s] -- Installing: /cc_ws/tros_ws/install/share/base/cmake/baseConfig-version.cmake
[4.798s] -- Installing: /cc_ws/tros_ws/install/share/base/package.xml
[4.833s] Invoked command in '/cc_ws/tros_ws/build/base' returned '0': CMAKE_PREFIX_PATH=/opt/ros/humble /usr/bin/cmake --install /cc_ws/tros_ws/build/base
