[0.443s] Invoking command in '/cc_ws/tros_ws/build/mono3d_indoor_detection': AMENT_PREFIX_PATH=/cc_ws/tros_ws/install:${AMENT_PREFIX_PATH} CMAKE_PREFIX_PATH=/cc_ws/tros_ws/install:/opt/ros/humble LD_LIBRARY_PATH=/cc_ws/tros_ws/install/lib:/opt/ros/humble/opt/rviz_ogre_vendor/lib:/opt/ros/humble/lib/aarch64-linux-gnu:/opt/ros/humble/lib:/cc_ws/userdata/hobot/opt/hobot/deps PYTHONPATH=/cc_ws/tros_ws/install/lib/python3.10/site-packages:/cc_ws/tros_ws/install/local/lib/python3.10/dist-packages:${PYTHONPATH} /usr/bin/cmake /cc_ws/tros_ws/src/box/hobot_perception/mono3d_indoor_detection -DCMAKE_EXPORT_COMPILE_COMMANDS=ON --no-warn-unused-cli -DCMAKE_TOOLCHAIN_FILE=/cc_ws/tros_ws/robot_dev_config/aarch64_toolchainfile.cmake -DPLATFORM_X5=ON -DTHIRDPARTY=ON -DBUILD_TESTING=OFF -DCMAKE_BUILD_RPATH=/cc_ws/tros_ws/build/poco_vendor/poco_external_project_install/lib/;/cc_ws/tros_ws/build/libyaml_vendor/libyaml_install/lib/ -DCMAKE_INSTALL_PREFIX=/cc_ws/tros_ws/install
[0.617s] Not searching for unused variables given on the command line.
[0.617s] -- Found ament_cmake: 1.3.8 (/opt/ros/humble/share/ament_cmake/cmake)
[1.134s] [33mCMake Warning (dev) at /opt/ros/humble/share/ament_cmake_test/cmake/ament_cmake_test-extras.cmake:19 (option):
[1.134s]   Policy CMP0077 is not set: option() honors normal variables.  Run "cmake
[1.134s]   --help-policy CMP0077" for policy details.  Use the cmake_policy command to
[1.135s]   set the policy and suppress this warning.
[1.135s] 
[1.135s]   For compatibility with older versions of CMake, option is clearing the
[1.135s]   normal variable 'BUILD_TESTING'.
[1.136s] Call Stack (most recent call first):
[1.136s]   /opt/ros/humble/share/ament_cmake_test/cmake/ament_cmake_testConfig.cmake:41 (include)
[1.136s]   /opt/ros/humble/share/ament_cmake/cmake/ament_cmake_export_dependencies-extras.cmake:21 (find_package)
[1.136s]   /opt/ros/humble/share/ament_cmake/cmake/ament_cmakeConfig.cmake:41 (include)
[1.136s]   CMakeLists.txt:35 (find_package)
[1.137s] This warning is for project developers.  Use -Wno-dev to suppress it.
[1.137s] [0m
[1.142s] -- Found rclcpp: 16.0.8 (/opt/ros/humble/share/rclcpp/cmake)
[1.258s] -- Found rosidl_generator_c: 3.1.5 (/opt/ros/humble/share/rosidl_generator_c/cmake)
[1.267s] -- Found rosidl_adapter: 3.1.5 (/opt/ros/humble/share/rosidl_adapter/cmake)
[1.291s] -- Found rosidl_generator_cpp: 3.1.5 (/opt/ros/humble/share/rosidl_generator_cpp/cmake)
[1.338s] -- Using all available rosidl_typesupport_c: rosidl_typesupport_fastrtps_c;rosidl_typesupport_introspection_c
[1.404s] -- Using all available rosidl_typesupport_cpp: rosidl_typesupport_fastrtps_cpp;rosidl_typesupport_introspection_cpp
[1.684s] -- Found rmw_implementation_cmake: 6.1.1 (/opt/ros/humble/share/rmw_implementation_cmake/cmake)
[1.689s] -- Found rmw_fastrtps_cpp: 6.2.6 (/opt/ros/humble/share/rmw_fastrtps_cpp/cmake)
[2.179s] -- Using RMW implementation 'rmw_fastrtps_cpp' as default
[2.909s] -- Found ai_msgs: 2.0.1 (/cc_ws/tros_ws/robot_dev_config/../install/share/ai_msgs/cmake)
[4.100s] -- Found dnn_node: 2.5.4 (/cc_ws/tros_ws/robot_dev_config/../install/share/dnn_node/cmake)
[4.136s] -- Found hbm_img_msgs: 2.0.0 (/cc_ws/tros_ws/robot_dev_config/../install/share/hbm_img_msgs/cmake)
[4.312s] [0mbuild platform X5[0m
[4.312s] [0mCMAKE_SYSROOT is /cc_ws/tros_ws/robot_dev_config/../../sysroot_docker[0m
[4.700s] -- Configuring done
[4.809s] -- Generating done
[4.814s] -- Build files have been written to: /cc_ws/tros_ws/build/mono3d_indoor_detection
[4.834s] Invoked command in '/cc_ws/tros_ws/build/mono3d_indoor_detection' returned '0': AMENT_PREFIX_PATH=/cc_ws/tros_ws/install:${AMENT_PREFIX_PATH} CMAKE_PREFIX_PATH=/cc_ws/tros_ws/install:/opt/ros/humble LD_LIBRARY_PATH=/cc_ws/tros_ws/install/lib:/opt/ros/humble/opt/rviz_ogre_vendor/lib:/opt/ros/humble/lib/aarch64-linux-gnu:/opt/ros/humble/lib:/cc_ws/userdata/hobot/opt/hobot/deps PYTHONPATH=/cc_ws/tros_ws/install/lib/python3.10/site-packages:/cc_ws/tros_ws/install/local/lib/python3.10/dist-packages:${PYTHONPATH} /usr/bin/cmake /cc_ws/tros_ws/src/box/hobot_perception/mono3d_indoor_detection -DCMAKE_EXPORT_COMPILE_COMMANDS=ON --no-warn-unused-cli -DCMAKE_TOOLCHAIN_FILE=/cc_ws/tros_ws/robot_dev_config/aarch64_toolchainfile.cmake -DPLATFORM_X5=ON -DTHIRDPARTY=ON -DBUILD_TESTING=OFF -DCMAKE_BUILD_RPATH=/cc_ws/tros_ws/build/poco_vendor/poco_external_project_install/lib/;/cc_ws/tros_ws/build/libyaml_vendor/libyaml_install/lib/ -DCMAKE_INSTALL_PREFIX=/cc_ws/tros_ws/install
[4.839s] Invoking command in '/cc_ws/tros_ws/build/mono3d_indoor_detection': AMENT_PREFIX_PATH=/cc_ws/tros_ws/install:${AMENT_PREFIX_PATH} CMAKE_PREFIX_PATH=/cc_ws/tros_ws/install:/opt/ros/humble LD_LIBRARY_PATH=/cc_ws/tros_ws/install/lib:/opt/ros/humble/opt/rviz_ogre_vendor/lib:/opt/ros/humble/lib/aarch64-linux-gnu:/opt/ros/humble/lib:/cc_ws/userdata/hobot/opt/hobot/deps PYTHONPATH=/cc_ws/tros_ws/install/lib/python3.10/site-packages:/cc_ws/tros_ws/install/local/lib/python3.10/dist-packages:${PYTHONPATH} /usr/bin/cmake --build /cc_ws/tros_ws/build/mono3d_indoor_detection -- -j12 -l12
[5.011s] [35m[1mConsolidate compiler generated dependencies of target mono3d_indoor_detection[0m
[5.111s] [ 66%] Built target mono3d_indoor_detection
[5.166s] [35m[1mConsolidate compiler generated dependencies of target image_publisher[0m
[5.221s] [100%] Built target image_publisher
[5.253s] Invoked command in '/cc_ws/tros_ws/build/mono3d_indoor_detection' returned '0': AMENT_PREFIX_PATH=/cc_ws/tros_ws/install:${AMENT_PREFIX_PATH} CMAKE_PREFIX_PATH=/cc_ws/tros_ws/install:/opt/ros/humble LD_LIBRARY_PATH=/cc_ws/tros_ws/install/lib:/opt/ros/humble/opt/rviz_ogre_vendor/lib:/opt/ros/humble/lib/aarch64-linux-gnu:/opt/ros/humble/lib:/cc_ws/userdata/hobot/opt/hobot/deps PYTHONPATH=/cc_ws/tros_ws/install/lib/python3.10/site-packages:/cc_ws/tros_ws/install/local/lib/python3.10/dist-packages:${PYTHONPATH} /usr/bin/cmake --build /cc_ws/tros_ws/build/mono3d_indoor_detection -- -j12 -l12
[5.491s] Invoking command in '/cc_ws/tros_ws/build/mono3d_indoor_detection': AMENT_PREFIX_PATH=/cc_ws/tros_ws/install:${AMENT_PREFIX_PATH} CMAKE_PREFIX_PATH=/cc_ws/tros_ws/install:/opt/ros/humble LD_LIBRARY_PATH=/cc_ws/tros_ws/install/lib:/opt/ros/humble/opt/rviz_ogre_vendor/lib:/opt/ros/humble/lib/aarch64-linux-gnu:/opt/ros/humble/lib:/cc_ws/userdata/hobot/opt/hobot/deps PYTHONPATH=/cc_ws/tros_ws/install/lib/python3.10/site-packages:/cc_ws/tros_ws/install/local/lib/python3.10/dist-packages:${PYTHONPATH} /usr/bin/cmake --install /cc_ws/tros_ws/build/mono3d_indoor_detection
[5.517s] -- Install configuration: ""
[5.519s] -- Up-to-date: /cc_ws/tros_ws/install/lib/mono3d_indoor_detection/mono3d_indoor_detection
[5.524s] -- Up-to-date: /cc_ws/tros_ws/install/lib/mono3d_indoor_detection/image_publisher
[5.532s] -- Up-to-date: /cc_ws/tros_ws/install/lib/mono3d_indoor_detection/config/
[5.533s] -- Up-to-date: /cc_ws/tros_ws/install/lib/mono3d_indoor_detection/config//centernet.hbm
[5.533s] -- Up-to-date: /cc_ws/tros_ws/install/lib/mono3d_indoor_detection/config//images
[5.533s] -- Up-to-date: /cc_ws/tros_ws/install/lib/mono3d_indoor_detection/config//images/3d_detection.png
[5.533s] -- Up-to-date: /cc_ws/tros_ws/install/lib/mono3d_indoor_detection/config/centernet.yaml
[5.534s] -- Up-to-date: /cc_ws/tros_ws/install/share/mono3d_indoor_detection/launch
[5.534s] -- Up-to-date: /cc_ws/tros_ws/install/share/mono3d_indoor_detection/launch/mono3d_indoor_detection_pipeline.launch.py
[5.534s] -- Up-to-date: /cc_ws/tros_ws/install/share/mono3d_indoor_detection/launch/mono3d_indoor_detection.launch.py
[5.538s] -- Up-to-date: /cc_ws/tros_ws/install/share/ament_index/resource_index/package_run_dependencies/mono3d_indoor_detection
[5.538s] -- Up-to-date: /cc_ws/tros_ws/install/share/ament_index/resource_index/parent_prefix_path/mono3d_indoor_detection
[5.539s] -- Up-to-date: /cc_ws/tros_ws/install/share/mono3d_indoor_detection/environment/ament_prefix_path.sh
[5.540s] -- Installing: /cc_ws/tros_ws/install/share/mono3d_indoor_detection/environment/ament_prefix_path.dsv
[5.541s] -- Up-to-date: /cc_ws/tros_ws/install/share/mono3d_indoor_detection/environment/path.sh
[5.543s] -- Installing: /cc_ws/tros_ws/install/share/mono3d_indoor_detection/environment/path.dsv
[5.544s] -- Up-to-date: /cc_ws/tros_ws/install/share/mono3d_indoor_detection/local_setup.bash
[5.545s] -- Up-to-date: /cc_ws/tros_ws/install/share/mono3d_indoor_detection/local_setup.sh
[5.545s] -- Up-to-date: /cc_ws/tros_ws/install/share/mono3d_indoor_detection/local_setup.zsh
[5.546s] -- Installing: /cc_ws/tros_ws/install/share/mono3d_indoor_detection/local_setup.dsv
[5.550s] -- Installing: /cc_ws/tros_ws/install/share/mono3d_indoor_detection/package.dsv
[5.559s] -- Up-to-date: /cc_ws/tros_ws/install/share/ament_index/resource_index/packages/mono3d_indoor_detection
[5.564s] -- Up-to-date: /cc_ws/tros_ws/install/share/mono3d_indoor_detection/cmake/mono3d_indoor_detectionConfig.cmake
[5.569s] -- Up-to-date: /cc_ws/tros_ws/install/share/mono3d_indoor_detection/cmake/mono3d_indoor_detectionConfig-version.cmake
[5.569s] -- Up-to-date: /cc_ws/tros_ws/install/share/mono3d_indoor_detection/package.xml
[5.573s] Invoked command in '/cc_ws/tros_ws/build/mono3d_indoor_detection' returned '0': AMENT_PREFIX_PATH=/cc_ws/tros_ws/install:${AMENT_PREFIX_PATH} CMAKE_PREFIX_PATH=/cc_ws/tros_ws/install:/opt/ros/humble LD_LIBRARY_PATH=/cc_ws/tros_ws/install/lib:/opt/ros/humble/opt/rviz_ogre_vendor/lib:/opt/ros/humble/lib/aarch64-linux-gnu:/opt/ros/humble/lib:/cc_ws/userdata/hobot/opt/hobot/deps PYTHONPATH=/cc_ws/tros_ws/install/lib/python3.10/site-packages:/cc_ws/tros_ws/install/local/lib/python3.10/dist-packages:${PYTHONPATH} /usr/bin/cmake --install /cc_ws/tros_ws/build/mono3d_indoor_detection
