[33mCMake Warning (dev) at /opt/ros/humble/share/ament_cmake_test/cmake/ament_cmake_test-extras.cmake:19 (option):
  Policy CMP0077 is not set: option() honors normal variables.  Run "cmake
  --help-policy CMP0077" for policy details.  Use the cmake_policy command to
  set the policy and suppress this warning.

  For compatibility with older versions of CMake, option is clearing the
  normal variable 'BUILD_TESTING'.
Call Stack (most recent call first):
  /opt/ros/humble/share/ament_cmake_test/cmake/ament_cmake_testConfig.cmake:41 (include)
  /opt/ros/humble/share/ament_cmake/cmake/ament_cmake_export_dependencies-extras.cmake:21 (find_package)
  /opt/ros/humble/share/ament_cmake/cmake/ament_cmakeConfig.cmake:41 (include)
  CMakeLists.txt:21 (find_package)
This warning is for project developers.  Use -Wno-dev to suppress it.
[0m
In file included from [01m[K/cc_ws/tros_ws/src/box/hobot_clip/clip_manage/include/clip_manage_node.h:24[m[K,
                 from [01m[K/cc_ws/tros_ws/src/box/hobot_clip/clip_manage/src/main.cpp:17[m[K:
[01m[K/cc_ws/tros_ws/src/box/hobot_clip/clip_manage/include/database.h:[m[K In constructor ‘[01m[KClipItemDatabase::ClipItemDatabase()[m[K’:
[01m[K/cc_ws/tros_ws/src/box/hobot_clip/clip_manage/include/database.h:64:15:[m[K [01;35m[Kwarning: [m[K‘[01m[KClipItemDatabase::db_name[m[K’ will be initialized after [[01;35m[K-Wreorder[m[K]
   64 |   std::string [01;35m[Kdb_name[m[K;
      |               [01;35m[K^~~~~~~[m[K
[01m[K/cc_ws/tros_ws/src/box/hobot_clip/clip_manage/include/database.h:62:12:[m[K [01;35m[Kwarning: [m[K  ‘[01m[Ksqlite3* ClipItemDatabase::db[m[K’ [[01;35m[K-Wreorder[m[K]
   62 |   sqlite3* [01;35m[Kdb[m[K;
      |            [01;35m[K^~[m[K
[01m[K/cc_ws/tros_ws/src/box/hobot_clip/clip_manage/include/database.h:29:3:[m[K [01;35m[Kwarning: [m[K  when initialized here [[01;35m[K-Wreorder[m[K]
   29 |   [01;35m[KClipItemDatabase[m[K() : db_name(""), db(nullptr) {}
      |   [01;35m[K^~~~~~~~~~~~~~~~[m[K
[01m[K/cc_ws/tros_ws/src/box/hobot_clip/clip_manage/include/database.h:[m[K In constructor ‘[01m[KClipItemDatabase::ClipItemDatabase(const string&)[m[K’:
[01m[K/cc_ws/tros_ws/src/box/hobot_clip/clip_manage/include/database.h:64:15:[m[K [01;35m[Kwarning: [m[K‘[01m[KClipItemDatabase::db_name[m[K’ will be initialized after [[01;35m[K-Wreorder[m[K]
   64 |   std::string [01;35m[Kdb_name[m[K;
      |               [01;35m[K^~~~~~~[m[K
[01m[K/cc_ws/tros_ws/src/box/hobot_clip/clip_manage/include/database.h:62:12:[m[K [01;35m[Kwarning: [m[K  ‘[01m[Ksqlite3* ClipItemDatabase::db[m[K’ [[01;35m[K-Wreorder[m[K]
   62 |   sqlite3* [01;35m[Kdb[m[K;
      |            [01;35m[K^~[m[K
[01m[K/cc_ws/tros_ws/src/box/hobot_clip/clip_manage/include/database.h:30:12:[m[K [01;35m[Kwarning: [m[K  when initialized here [[01;35m[K-Wreorder[m[K]
   30 |   explicit [01;35m[KClipItemDatabase[m[K(const std::string& db_name) : db_name(db_name), db(nullptr) {
      |            [01;35m[K^~~~~~~~~~~~~~~~[m[K
[01m[K/cc_ws/tros_ws/src/box/hobot_clip/clip_manage/src/feature_workflow.cpp:[m[K In function ‘[01m[KMatrix cosine_similarity(const Matrix&, const Matrix&)[m[K’:
[01m[K/cc_ws/tros_ws/src/box/hobot_clip/clip_manage/src/feature_workflow.cpp:26:27:[m[K [01;35m[Kwarning: [m[Kcomparison of integer expressions of different signedness: ‘[01m[Kint[m[K’ and ‘[01m[Kstd::vector<float>::size_type[m[K’ {aka ‘[01m[Klong unsigned int[m[K’} [[01;35m[K-Wsign-compare[m[K]
   26 |         for (int j = 0; [01;35m[Kj < features1[i].size()[m[K; ++j) {
      |                         [01;35m[K~~^~~~~~~~~~~~~~~~~~~~~[m[K
[01m[K/cc_ws/tros_ws/src/box/hobot_clip/clip_manage/src/feature_workflow.cpp:32:27:[m[K [01;35m[Kwarning: [m[Kcomparison of integer expressions of different signedness: ‘[01m[Kint[m[K’ and ‘[01m[Kstd::vector<float>::size_type[m[K’ {aka ‘[01m[Klong unsigned int[m[K’} [[01;35m[K-Wsign-compare[m[K]
   32 |         for (int j = 0; [01;35m[Kj < features2[i].size()[m[K; ++j) {
      |                         [01;35m[K~~^~~~~~~~~~~~~~~~~~~~~[m[K
[01m[K/cc_ws/tros_ws/src/box/hobot_clip/clip_manage/src/feature_workflow.cpp:42:27:[m[K [01;35m[Kwarning: [m[Kcomparison of integer expressions of different signedness: ‘[01m[Kint[m[K’ and ‘[01m[Kstd::vector<float>::size_type[m[K’ {aka ‘[01m[Klong unsigned int[m[K’} [[01;35m[K-Wsign-compare[m[K]
   42 |         for (int j = 0; [01;35m[Kj < features1[i].size()[m[K; ++j) {
      |                         [01;35m[K~~^~~~~~~~~~~~~~~~~~~~~[m[K
[01m[K/cc_ws/tros_ws/src/box/hobot_clip/clip_manage/src/feature_workflow.cpp:47:27:[m[K [01;35m[Kwarning: [m[Kcomparison of integer expressions of different signedness: ‘[01m[Kint[m[K’ and ‘[01m[Kstd::vector<float>::size_type[m[K’ {aka ‘[01m[Klong unsigned int[m[K’} [[01;35m[K-Wsign-compare[m[K]
   47 |         for (int j = 0; [01;35m[Kj < features2[i].size()[m[K; ++j) {
      |                         [01;35m[K~~^~~~~~~~~~~~~~~~~~~~~[m[K
[01m[K/cc_ws/tros_ws/src/box/hobot_clip/clip_manage/src/feature_workflow.cpp:57:31:[m[K [01;35m[Kwarning: [m[Kcomparison of integer expressions of different signedness: ‘[01m[Kint[m[K’ and ‘[01m[Kstd::vector<float>::size_type[m[K’ {aka ‘[01m[Klong unsigned int[m[K’} [[01;35m[K-Wsign-compare[m[K]
   57 |             for (int k = 0; [01;35m[Kk < features1_normalized[i].size()[m[K; ++k) {
      |                             [01;35m[K~~^~~~~~~~~~~~~~~~~~~~~~~~~~~~~~~~[m[K
In file included from [01m[K/cc_ws/tros_ws/src/box/hobot_clip/clip_manage/src/database.cpp:24[m[K:
[01m[K/cc_ws/tros_ws/src/box/hobot_clip/clip_manage/include/database.h:[m[K In constructor ‘[01m[KClipItemDatabase::ClipItemDatabase()[m[K’:
[01m[K/cc_ws/tros_ws/src/box/hobot_clip/clip_manage/include/database.h:64:15:[m[K [01;35m[Kwarning: [m[K‘[01m[KClipItemDatabase::db_name[m[K’ will be initialized after [[01;35m[K-Wreorder[m[K]
   64 |   std::string [01;35m[Kdb_name[m[K;
      |               [01;35m[K^~~~~~~[m[K
[01m[K/cc_ws/tros_ws/src/box/hobot_clip/clip_manage/include/database.h:62:12:[m[K [01;35m[Kwarning: [m[K  ‘[01m[Ksqlite3* ClipItemDatabase::db[m[K’ [[01;35m[K-Wreorder[m[K]
   62 |   sqlite3* [01;35m[Kdb[m[K;
      |            [01;35m[K^~[m[K
[01m[K/cc_ws/tros_ws/src/box/hobot_clip/clip_manage/include/database.h:29:3:[m[K [01;35m[Kwarning: [m[K  when initialized here [[01;35m[K-Wreorder[m[K]
   29 |   [01;35m[KClipItemDatabase[m[K() : db_name(""), db(nullptr) {}
      |   [01;35m[K^~~~~~~~~~~~~~~~[m[K
[01m[K/cc_ws/tros_ws/src/box/hobot_clip/clip_manage/include/database.h:[m[K In constructor ‘[01m[KClipItemDatabase::ClipItemDatabase(const string&)[m[K’:
[01m[K/cc_ws/tros_ws/src/box/hobot_clip/clip_manage/include/database.h:64:15:[m[K [01;35m[Kwarning: [m[K‘[01m[KClipItemDatabase::db_name[m[K’ will be initialized after [[01;35m[K-Wreorder[m[K]
   64 |   std::string [01;35m[Kdb_name[m[K;
      |               [01;35m[K^~~~~~~[m[K
[01m[K/cc_ws/tros_ws/src/box/hobot_clip/clip_manage/include/database.h:62:12:[m[K [01;35m[Kwarning: [m[K  ‘[01m[Ksqlite3* ClipItemDatabase::db[m[K’ [[01;35m[K-Wreorder[m[K]
   62 |   sqlite3* [01;35m[Kdb[m[K;
      |            [01;35m[K^~[m[K
[01m[K/cc_ws/tros_ws/src/box/hobot_clip/clip_manage/include/database.h:30:12:[m[K [01;35m[Kwarning: [m[K  when initialized here [[01;35m[K-Wreorder[m[K]
   30 |   explicit [01;35m[KClipItemDatabase[m[K(const std::string& db_name) : db_name(db_name), db(nullptr) {
      |            [01;35m[K^~~~~~~~~~~~~~~~[m[K
In file included from [01m[K/cc_ws/tros_ws/src/box/hobot_clip/clip_manage/include/clip_manage_node.h:24[m[K,
                 from [01m[K/cc_ws/tros_ws/src/box/hobot_clip/clip_manage/src/clip_manage_node.cpp:23[m[K:
[01m[K/cc_ws/tros_ws/src/box/hobot_clip/clip_manage/include/database.h:[m[K In constructor ‘[01m[KClipItemDatabase::ClipItemDatabase()[m[K’:
[01m[K/cc_ws/tros_ws/src/box/hobot_clip/clip_manage/include/database.h:64:15:[m[K [01;35m[Kwarning: [m[K‘[01m[KClipItemDatabase::db_name[m[K’ will be initialized after [[01;35m[K-Wreorder[m[K]
   64 |   std::string [01;35m[Kdb_name[m[K;
      |               [01;35m[K^~~~~~~[m[K
[01m[K/cc_ws/tros_ws/src/box/hobot_clip/clip_manage/include/database.h:62:12:[m[K [01;35m[Kwarning: [m[K  ‘[01m[Ksqlite3* ClipItemDatabase::db[m[K’ [[01;35m[K-Wreorder[m[K]
   62 |   sqlite3* [01;35m[Kdb[m[K;
      |            [01;35m[K^~[m[K
[01m[K/cc_ws/tros_ws/src/box/hobot_clip/clip_manage/include/database.h:29:3:[m[K [01;35m[Kwarning: [m[K  when initialized here [[01;35m[K-Wreorder[m[K]
   29 |   [01;35m[KClipItemDatabase[m[K() : db_name(""), db(nullptr) {}
      |   [01;35m[K^~~~~~~~~~~~~~~~[m[K
[01m[K/cc_ws/tros_ws/src/box/hobot_clip/clip_manage/include/database.h:[m[K In constructor ‘[01m[KClipItemDatabase::ClipItemDatabase(const string&)[m[K’:
[01m[K/cc_ws/tros_ws/src/box/hobot_clip/clip_manage/include/database.h:64:15:[m[K [01;35m[Kwarning: [m[K‘[01m[KClipItemDatabase::db_name[m[K’ will be initialized after [[01;35m[K-Wreorder[m[K]
   64 |   std::string [01;35m[Kdb_name[m[K;
      |               [01;35m[K^~~~~~~[m[K
[01m[K/cc_ws/tros_ws/src/box/hobot_clip/clip_manage/include/database.h:62:12:[m[K [01;35m[Kwarning: [m[K  ‘[01m[Ksqlite3* ClipItemDatabase::db[m[K’ [[01;35m[K-Wreorder[m[K]
   62 |   sqlite3* [01;35m[Kdb[m[K;
      |            [01;35m[K^~[m[K
[01m[K/cc_ws/tros_ws/src/box/hobot_clip/clip_manage/include/database.h:30:12:[m[K [01;35m[Kwarning: [m[K  when initialized here [[01;35m[K-Wreorder[m[K]
   30 |   explicit [01;35m[KClipItemDatabase[m[K(const std::string& db_name) : db_name(db_name), db(nullptr) {
      |            [01;35m[K^~~~~~~~~~~~~~~~[m[K
In file included from [01m[K/opt/ros/humble/include/rclcpp/rclcpp/logging.hpp:24[m[K,
                 from [01m[K/opt/ros/humble/include/rclcpp/rclcpp/client.hpp:40[m[K,
                 from [01m[K/opt/ros/humble/include/rclcpp/rclcpp/callback_group.hpp:24[m[K,
                 from [01m[K/opt/ros/humble/include/rclcpp/rclcpp/any_executable.hpp:20[m[K,
                 from [01m[K/opt/ros/humble/include/rclcpp/rclcpp/memory_strategy.hpp:25[m[K,
                 from [01m[K/opt/ros/humble/include/rclcpp/rclcpp/memory_strategies.hpp:18[m[K,
                 from [01m[K/opt/ros/humble/include/rclcpp/rclcpp/executor_options.hpp:20[m[K,
                 from [01m[K/opt/ros/humble/include/rclcpp/rclcpp/executor.hpp:37[m[K,
                 from [01m[K/opt/ros/humble/include/rclcpp/rclcpp/executors/multi_threaded_executor.hpp:25[m[K,
                 from [01m[K/opt/ros/humble/include/rclcpp/rclcpp/executors.hpp:21[m[K,
                 from [01m[K/opt/ros/humble/include/rclcpp/rclcpp/rclcpp.hpp:155[m[K,
                 from [01m[K/cc_ws/tros_ws/src/box/hobot_clip/clip_manage/include/clip_manage_node.h:22[m[K,
                 from [01m[K/cc_ws/tros_ws/src/box/hobot_clip/clip_manage/src/clip_manage_node.cpp:23[m[K:
[01m[K/cc_ws/tros_ws/src/box/hobot_clip/clip_manage/src/clip_manage_node.cpp:[m[K In lambda function:
[01m[K/cc_ws/tros_ws/src/box/hobot_clip/clip_manage/src/clip_manage_node.cpp:168:17:[m[K [01;35m[Kwarning: [m[Kformat ‘[01m[K%d[m[K’ expects argument of type ‘[01m[Kint[m[K’, but argument 5 has type ‘[01m[Kstd::chrono::duration<long int, std::ratio<1, 1000> >::rep[m[K’ {aka ‘[01m[Klong int[m[K’} [[01;35m[K-Wformat=[m[K]
  168 |                 [01;35m[K"Query finished! Cost %d ms."[m[K, [32m[Kduration.count()[m[K);
      |                 [01;35m[K^~~~~~~~~~~~~~~~~~~~~~~~~~~~~[m[K  [32m[K~~~~~~~~~~~~~~~~[m[K
      |                                                              [32m[K|[m[K
      |                                                              [32m[Kstd::chrono::duration<long int, std::ratio<1, 1000> >::rep {aka long int}[m[K
[01m[K/cc_ws/tros_ws/src/box/hobot_clip/clip_manage/src/clip_manage_node.cpp:168:40:[m[K [01;36m[Knote: [m[Kformat string is defined here
  168 |                 "Query finished! Cost [01;36m[K%d[m[K ms.", duration.count());
      |                                       [01;36m[K~^[m[K
      |                                        [01;36m[K|[m[K
      |                                        [01;36m[Kint[m[K
      |                                       [32m[K%ld[m[K
[01m[K/cc_ws/tros_ws/src/box/hobot_clip/clip_manage/src/clip_manage_node.cpp:175:27:[m[K [01;35m[Kwarning: [m[Kcomparison of integer expressions of different signedness: ‘[01m[Kint[m[K’ and ‘[01m[Kstd::vector<ClipItem>::size_type[m[K’ {aka ‘[01m[Klong unsigned int[m[K’} [[01;35m[K-Wsign-compare[m[K]
  175 |         for (int i = 0; [01;35m[Ki < target_items.size()[m[K; i++) {
      |                         [01;35m[K~~^~~~~~~~~~~~~~~~~~~~~[m[K
In file included from [01m[K/opt/ros/humble/include/rclcpp/rclcpp/logging.hpp:24[m[K,
                 from [01m[K/opt/ros/humble/include/rclcpp/rclcpp/client.hpp:40[m[K,
                 from [01m[K/opt/ros/humble/include/rclcpp/rclcpp/callback_group.hpp:24[m[K,
                 from [01m[K/opt/ros/humble/include/rclcpp/rclcpp/any_executable.hpp:20[m[K,
                 from [01m[K/opt/ros/humble/include/rclcpp/rclcpp/memory_strategy.hpp:25[m[K,
                 from [01m[K/opt/ros/humble/include/rclcpp/rclcpp/memory_strategies.hpp:18[m[K,
                 from [01m[K/opt/ros/humble/include/rclcpp/rclcpp/executor_options.hpp:20[m[K,
                 from [01m[K/opt/ros/humble/include/rclcpp/rclcpp/executor.hpp:37[m[K,
                 from [01m[K/opt/ros/humble/include/rclcpp/rclcpp/executors/multi_threaded_executor.hpp:25[m[K,
                 from [01m[K/opt/ros/humble/include/rclcpp/rclcpp/executors.hpp:21[m[K,
                 from [01m[K/opt/ros/humble/include/rclcpp/rclcpp/rclcpp.hpp:155[m[K,
                 from [01m[K/cc_ws/tros_ws/src/box/hobot_clip/clip_manage/include/clip_manage_node.h:22[m[K,
                 from [01m[K/cc_ws/tros_ws/src/box/hobot_clip/clip_manage/src/clip_manage_node.cpp:23[m[K:
[01m[K/cc_ws/tros_ws/src/box/hobot_clip/clip_manage/src/clip_manage_node.cpp:183:15:[m[K [01;35m[Kwarning: [m[Kformat ‘[01m[K%s[m[K’ expects argument of type ‘[01m[Kchar*[m[K’, but argument 5 has type ‘[01m[Kstd::string[m[K’ {aka ‘[01m[Kstd::__cxx11::basic_string<char>[m[K’} [[01;35m[K-Wformat=[m[K]
  183 |               [01;35m[K"Link file %s failed."[m[K, item.url);
      |               [01;35m[K^~~~~~~~~~~~~~~~~~~~~~[m[K
[01m[K/cc_ws/tros_ws/src/box/hobot_clip/clip_manage/src/clip_manage_node.cpp:183:27:[m[K [01;36m[Knote: [m[Kformat string is defined here
  183 |               "Link file [01;36m[K%s[m[K failed.", item.url);
      |                          [01;36m[K~^[m[K
      |                           [01;36m[K|[m[K
      |                           [01;36m[Kchar*[m[K
[01m[K/cc_ws/tros_ws/src/box/hobot_clip/clip_manage/src/clip_manage_node.cpp:146:15:[m[K [01;35m[Kwarning: [m[Kunused variable ‘[01m[Kitem[m[K’ [[01;35m[K-Wunused-variable[m[K]
  146 |         auto& [01;35m[Kitem[m[K = feedback->item;
      |               [01;35m[K^~~~[m[K
[01m[K/cc_ws/tros_ws/src/box/hobot_clip/clip_manage/src/clip_manage_node.cpp:[m[K In member function ‘[01m[Kint ClipNode::Run()[m[K’:
[01m[K/cc_ws/tros_ws/src/box/hobot_clip/clip_manage/src/clip_manage_node.cpp:187:9:[m[K [01;35m[Kwarning: [m[Kunused variable ‘[01m[Kret[m[K’ [[01;35m[K-Wunused-variable[m[K]
  187 |     int [01;35m[Kret[m[K = encode_text_client_->send_goal(texts, 10000);
      |         [01;35m[K^~~[m[K
In file included from [01m[K/opt/ros/humble/include/rclcpp/rclcpp/logging.hpp:24[m[K,
                 from [01m[K/opt/ros/humble/include/rclcpp/rclcpp/client.hpp:40[m[K,
                 from [01m[K/opt/ros/humble/include/rclcpp/rclcpp/callback_group.hpp:24[m[K,
                 from [01m[K/opt/ros/humble/include/rclcpp/rclcpp/any_executable.hpp:20[m[K,
                 from [01m[K/opt/ros/humble/include/rclcpp/rclcpp/memory_strategy.hpp:25[m[K,
                 from [01m[K/opt/ros/humble/include/rclcpp/rclcpp/memory_strategies.hpp:18[m[K,
                 from [01m[K/opt/ros/humble/include/rclcpp/rclcpp/executor_options.hpp:20[m[K,
                 from [01m[K/opt/ros/humble/include/rclcpp/rclcpp/executor.hpp:37[m[K,
                 from [01m[K/opt/ros/humble/include/rclcpp/rclcpp/executors/multi_threaded_executor.hpp:25[m[K,
                 from [01m[K/opt/ros/humble/include/rclcpp/rclcpp/executors.hpp:21[m[K,
                 from [01m[K/opt/ros/humble/include/rclcpp/rclcpp/rclcpp.hpp:155[m[K,
                 from [01m[K/cc_ws/tros_ws/src/box/hobot_clip/clip_manage/include/clip_manage_node.h:22[m[K,
                 from [01m[K/cc_ws/tros_ws/src/box/hobot_clip/clip_manage/src/clip_manage_node.cpp:23[m[K:
[01m[K/cc_ws/tros_ws/src/box/hobot_clip/clip_manage/src/clip_manage_node.cpp:[m[K In member function ‘[01m[Kint ClipNode::Storage()[m[K’:
[01m[K/cc_ws/tros_ws/src/box/hobot_clip/clip_manage/src/clip_manage_node.cpp:207:15:[m[K [01;35m[Kwarning: [m[Kformat ‘[01m[K%d[m[K’ expects argument of type ‘[01m[Kint[m[K’, but argument 5 has type ‘[01m[Kstd::vector<std::__cxx11::basic_string<char> >::size_type[m[K’ {aka ‘[01m[Klong unsigned int[m[K’} [[01;35m[K-Wformat=[m[K]
  207 |               [01;35m[K"Storage size: %d."[m[K, [32m[Kurls.size()[m[K);
      |               [01;35m[K^~~~~~~~~~~~~~~~~~~[m[K  [32m[K~~~~~~~~~~~[m[K
      |                                             [32m[K|[m[K
      |                                             [32m[Kstd::vector<std::__cxx11::basic_string<char> >::size_type {aka long unsigned int}[m[K
[01m[K/cc_ws/tros_ws/src/box/hobot_clip/clip_manage/src/clip_manage_node.cpp:207:31:[m[K [01;36m[Knote: [m[Kformat string is defined here
  207 |               "Storage size: [01;36m[K%d[m[K.", urls.size());
      |                              [01;36m[K~^[m[K
      |                               [01;36m[K|[m[K
      |                               [01;36m[Kint[m[K
      |                              [32m[K%ld[m[K
[01m[K/cc_ws/tros_ws/src/box/hobot_clip/clip_manage/src/clip_manage_node.cpp:[m[K In lambda function:
[01m[K/cc_ws/tros_ws/src/box/hobot_clip/clip_manage/src/clip_manage_node.cpp:214:15:[m[K [01;35m[Kwarning: [m[Kunused variable ‘[01m[Kitem[m[K’ [[01;35m[K-Wunused-variable[m[K]
  214 |         auto& [01;35m[Kitem[m[K = feedback->item;
      |               [01;35m[K^~~~[m[K
[01m[K/cc_ws/tros_ws/src/box/hobot_clip/clip_manage/src/clip_manage_node.cpp:[m[K In member function ‘[01m[Kint ClipNode::Storage()[m[K’:
[01m[K/cc_ws/tros_ws/src/box/hobot_clip/clip_manage/src/clip_manage_node.cpp:236:9:[m[K [01;35m[Kwarning: [m[Kunused variable ‘[01m[Kret[m[K’ [[01;35m[K-Wunused-variable[m[K]
  236 |     int [01;35m[Kret[m[K = encode_image_client_->send_goal(urls, 10000);
      |         [01;35m[K^~~[m[K
[01m[K/cc_ws/tros_ws/src/box/hobot_clip/clip_manage/src/clip_manage_node.cpp:[m[K In member function ‘[01m[Kint ClipNode::Query(const float*, std::vector<ClipItem>&)[m[K’:
[01m[K/cc_ws/tros_ws/src/box/hobot_clip/clip_manage/src/clip_manage_node.cpp:269:29:[m[K [01;35m[Kwarning: [m[Kcomparison of integer expressions of different signedness: ‘[01m[Kstd::vector<ClipItem>::size_type[m[K’ {aka ‘[01m[Klong unsigned int[m[K’} and ‘[01m[Kint[m[K’ [[01;35m[K-Wsign-compare[m[K]
  269 |     if ([01;35m[Ktarget_items.size() > topk_[m[K) {
      |         [01;35m[K~~~~~~~~~~~~~~~~~~~~^~~~~~~[m[K
[01m[K/cc_ws/tros_ws/src/box/hobot_clip/clip_manage/src/clip_manage_node.cpp:[m[K In lambda function:
[01m[K/cc_ws/tros_ws/src/box/hobot_clip/clip_manage/src/clip_manage_node.cpp:172:20:[m[K [01;35m[Kwarning: [m[Kignoring return value of ‘[01m[Kint system(const char*)[m[K’ declared with attribute ‘[01m[Kwarn_unused_result[m[K’ [[01;35m[K-Wunused-result[m[K]
  172 |         [01;35m[Kstd::system(command1.c_str())[m[K;
      |         [01;35m[K~~~~~~~~~~~^~~~~~~~~~~~~~~~~~[m[K
[01m[K/cc_ws/tros_ws/src/box/hobot_clip/clip_manage/src/clip_manage_node.cpp:174:20:[m[K [01;35m[Kwarning: [m[Kignoring return value of ‘[01m[Kint system(const char*)[m[K’ declared with attribute ‘[01m[Kwarn_unused_result[m[K’ [[01;35m[K-Wunused-result[m[K]
  174 |         [01;35m[Kstd::system(command2.c_str())[m[K;
      |         [01;35m[K~~~~~~~~~~~^~~~~~~~~~~~~~~~~~[m[K
