Not searching for unused variables given on the command line.
-- The C compiler identification is GNU 11.4.0
-- The CXX compiler identification is GNU 11.4.0
-- Detecting C compiler ABI info
-- Detecting C compiler ABI info - done
-- Check for working C compiler: /usr/bin/aarch64-linux-gnu-gcc - skipped
-- Detecting C compile features
-- Detecting C compile features - done
-- Detecting CXX compiler ABI info
-- Detecting CXX compiler ABI info - done
-- Check for working CXX compiler: /usr/bin/aarch64-linux-gnu-g++ - skipped
-- Detecting CXX compile features
-- Detecting CXX compile features - done
-- Found ament_cmake: 1.3.8 (/opt/ros/humble/share/ament_cmake/cmake)
-- Found Python3: /usr/bin/python3 (found version "3.10.12") found components: Interpreter 
-- Found rclcpp: 16.0.8 (/opt/ros/humble/share/rclcpp/cmake)
-- Found rosidl_generator_c: 3.1.5 (/opt/ros/humble/share/rosidl_generator_c/cmake)
-- Found rosidl_adapter: 3.1.5 (/opt/ros/humble/share/rosidl_adapter/cmake)
-- Found rosidl_generator_cpp: 3.1.5 (/opt/ros/humble/share/rosidl_generator_cpp/cmake)
-- Using all available rosidl_typesupport_c: rosidl_typesupport_fastrtps_c;rosidl_typesupport_introspection_c
-- Using all available rosidl_typesupport_cpp: rosidl_typesupport_fastrtps_cpp;rosidl_typesupport_introspection_cpp
-- Found rmw_implementation_cmake: 6.1.1 (/opt/ros/humble/share/rmw_implementation_cmake/cmake)
-- Found rmw_fastrtps_cpp: 6.2.6 (/opt/ros/humble/share/rmw_fastrtps_cpp/cmake)
-- Found OpenSSL: /cc_ws/tros_ws/robot_dev_config/../../sysroot_docker/usr/lib/aarch64-linux-gnu/libcrypto.so (found version "3.0.2")  
-- Found FastRTPS: /opt/ros/humble/include  
-- Using RMW implementation 'rmw_fastrtps_cpp' as default
-- Looking for pthread.h
-- Looking for pthread.h - found
-- Performing Test CMAKE_HAVE_LIBC_PTHREAD
-- Performing Test CMAKE_HAVE_LIBC_PTHREAD - Success
-- Found Threads: TRUE  
-- Found rclcpp_action: 16.0.8 (/opt/ros/humble/share/rclcpp_action/cmake)
-- Found SQLite3: /cc_ws/tros_ws/robot_dev_config/../../sysroot_docker/usr/include (found version "3.37.2") 
-- Found clip_msgs: 0.3.0 (/cc_ws/tros_ws/robot_dev_config/../install/share/clip_msgs/cmake)
-- Configuring done
-- Generating done
-- Build files have been written to: /cc_ws/tros_ws/build/clip_manage
[ 12%] [32mBuilding CXX object CMakeFiles/clip_manage.dir/src/main.cpp.o[0m
[ 25%] [32mBuilding CXX object CMakeFiles/clip_manage.dir/src/text_action_client.cpp.o[0m
[ 37%] [32mBuilding CXX object CMakeFiles/clip_manage.dir/src/image_action_client.cpp.o[0m
[ 50%] [32mBuilding CXX object CMakeFiles/clip_manage.dir/src/item.cpp.o[0m
[ 62%] [32mBuilding CXX object CMakeFiles/clip_manage.dir/src/feature_workflow.cpp.o[0m
[ 75%] [32mBuilding CXX object CMakeFiles/clip_manage.dir/src/database.cpp.o[0m
[ 87%] [32mBuilding CXX object CMakeFiles/clip_manage.dir/src/clip_manage_node.cpp.o[0m
[100%] [32m[1mLinking CXX executable clip_manage[0m
[100%] Built target clip_manage
-- Install configuration: "RelWithDebInfo"
-- Installing: /cc_ws/tros_ws/install/lib/clip_manage/clip_manage
-- Set runtime path of "/cc_ws/tros_ws/install/lib/clip_manage/clip_manage" to ""
-- Installing: /cc_ws/tros_ws/install/lib/clip_manage/config/index.html
-- Installing: /cc_ws/tros_ws/install/share/clip_manage/launch
-- Installing: /cc_ws/tros_ws/install/share/clip_manage/launch/hobot_clip_manage.launch.py
-- Installing: /cc_ws/tros_ws/install/share/ament_index/resource_index/package_run_dependencies/clip_manage
-- Installing: /cc_ws/tros_ws/install/share/ament_index/resource_index/parent_prefix_path/clip_manage
-- Installing: /cc_ws/tros_ws/install/share/clip_manage/environment/ament_prefix_path.sh
-- Installing: /cc_ws/tros_ws/install/share/clip_manage/environment/ament_prefix_path.dsv
-- Installing: /cc_ws/tros_ws/install/share/clip_manage/environment/path.sh
-- Installing: /cc_ws/tros_ws/install/share/clip_manage/environment/path.dsv
-- Installing: /cc_ws/tros_ws/install/share/clip_manage/local_setup.bash
-- Installing: /cc_ws/tros_ws/install/share/clip_manage/local_setup.sh
-- Installing: /cc_ws/tros_ws/install/share/clip_manage/local_setup.zsh
-- Installing: /cc_ws/tros_ws/install/share/clip_manage/local_setup.dsv
-- Installing: /cc_ws/tros_ws/install/share/clip_manage/package.dsv
-- Installing: /cc_ws/tros_ws/install/share/ament_index/resource_index/packages/clip_manage
-- Installing: /cc_ws/tros_ws/install/share/clip_manage/cmake/clip_manageConfig.cmake
-- Installing: /cc_ws/tros_ws/install/share/clip_manage/cmake/clip_manageConfig-version.cmake
-- Installing: /cc_ws/tros_ws/install/share/clip_manage/package.xml
