[0.049s] Invoking command in '/cc_ws/tros_ws/build/clip_manage': AMENT_PREFIX_PATH=/cc_ws/tros_ws/install:${AMENT_PREFIX_PATH} CMAKE_PREFIX_PATH=/cc_ws/tros_ws/install:/opt/ros/humble LD_LIBRARY_PATH=/cc_ws/tros_ws/install/lib:/opt/ros/humble/opt/rviz_ogre_vendor/lib:/opt/ros/humble/lib/aarch64-linux-gnu:/opt/ros/humble/lib:/cc_ws/userdata/hobot/opt/hobot/deps PYTHONPATH=/cc_ws/tros_ws/install/local/lib/python3.10/dist-packages:${PYTHONPATH} /usr/bin/cmake /cc_ws/tros_ws/src/box/hobot_clip/clip_manage -DCMAKE_EXPORT_COMPILE_COMMANDS=ON --no-warn-unused-cli -DCMAKE_TOOLCHAIN_FILE=/cc_ws/tros_ws/robot_dev_config/aarch64_toolchainfile.cmake -DPLATFORM_X5=ON -DTHIRDPARTY=ON -DBUILD_TESTING=OFF -DCMAKE_BUILD_RPATH=/cc_ws/tros_ws/build/poco_vendor/poco_external_project_install/lib/;/cc_ws/tros_ws/build/libyaml_vendor/libyaml_install/lib/ -DCMAKE_INSTALL_PREFIX=/cc_ws/tros_ws/install
[28.653s] [33mCMake Warning (dev) at /opt/ros/humble/share/ament_cmake_test/cmake/ament_cmake_test-extras.cmake:19 (option):
[28.654s]   Policy CMP0077 is not set: option() honors normal variables.  Run "cmake
[28.654s]   --help-policy CMP0077" for policy details.  Use the cmake_policy command to
[28.654s]   set the policy and suppress this warning.
[28.654s] 
[28.654s]   For compatibility with older versions of CMake, option is clearing the
[28.654s]   normal variable 'BUILD_TESTING'.
[28.654s] Call Stack (most recent call first):
[28.654s]   /opt/ros/humble/share/ament_cmake_test/cmake/ament_cmake_testConfig.cmake:41 (include)
[28.655s]   /opt/ros/humble/share/ament_cmake/cmake/ament_cmake_export_dependencies-extras.cmake:21 (find_package)
[28.655s]   /opt/ros/humble/share/ament_cmake/cmake/ament_cmakeConfig.cmake:41 (include)
[28.655s]   CMakeLists.txt:21 (find_package)
[28.655s] This warning is for project developers.  Use -Wno-dev to suppress it.
[28.655s] [0m
[28.657s] Not searching for unused variables given on the command line.
[28.661s] -- The C compiler identification is GNU 11.4.0
[28.678s] -- The CXX compiler identification is GNU 11.4.0
[28.678s] -- Detecting C compiler ABI info
[28.679s] -- Detecting C compiler ABI info - done
[28.679s] -- Check for working C compiler: /usr/bin/aarch64-linux-gnu-gcc - skipped
[28.679s] -- Detecting C compile features
[28.680s] -- Detecting C compile features - done
[28.680s] -- Detecting CXX compiler ABI info
[28.680s] -- Detecting CXX compiler ABI info - done
[28.680s] -- Check for working CXX compiler: /usr/bin/aarch64-linux-gnu-g++ - skipped
[28.681s] -- Detecting CXX compile features
[28.681s] -- Detecting CXX compile features - done
[28.681s] -- Found ament_cmake: 1.3.8 (/opt/ros/humble/share/ament_cmake/cmake)
[28.682s] -- Found Python3: /usr/bin/python3 (found version "3.10.12") found components: Interpreter 
[28.682s] -- Found rclcpp: 16.0.8 (/opt/ros/humble/share/rclcpp/cmake)
[28.682s] -- Found rosidl_generator_c: 3.1.5 (/opt/ros/humble/share/rosidl_generator_c/cmake)
[28.683s] -- Found rosidl_adapter: 3.1.5 (/opt/ros/humble/share/rosidl_adapter/cmake)
[28.683s] -- Found rosidl_generator_cpp: 3.1.5 (/opt/ros/humble/share/rosidl_generator_cpp/cmake)
[28.683s] -- Using all available rosidl_typesupport_c: rosidl_typesupport_fastrtps_c;rosidl_typesupport_introspection_c
[28.690s] -- Using all available rosidl_typesupport_cpp: rosidl_typesupport_fastrtps_cpp;rosidl_typesupport_introspection_cpp
[28.690s] -- Found rmw_implementation_cmake: 6.1.1 (/opt/ros/humble/share/rmw_implementation_cmake/cmake)
[28.691s] -- Found rmw_fastrtps_cpp: 6.2.6 (/opt/ros/humble/share/rmw_fastrtps_cpp/cmake)
[28.691s] -- Found OpenSSL: /cc_ws/tros_ws/robot_dev_config/../../sysroot_docker/usr/lib/aarch64-linux-gnu/libcrypto.so (found version "3.0.2")  
[28.693s] -- Found FastRTPS: /opt/ros/humble/include  
[28.693s] -- Using RMW implementation 'rmw_fastrtps_cpp' as default
[28.694s] -- Looking for pthread.h
[28.694s] -- Looking for pthread.h - found
[28.694s] -- Performing Test CMAKE_HAVE_LIBC_PTHREAD
[28.694s] -- Performing Test CMAKE_HAVE_LIBC_PTHREAD - Success
[28.695s] -- Found Threads: TRUE  
[28.695s] -- Found rclcpp_action: 16.0.8 (/opt/ros/humble/share/rclcpp_action/cmake)
[28.695s] -- Found SQLite3: /cc_ws/tros_ws/robot_dev_config/../../sysroot_docker/usr/include (found version "3.37.2") 
[28.696s] -- Found clip_msgs: 0.3.0 (/cc_ws/tros_ws/robot_dev_config/../install/share/clip_msgs/cmake)
[28.696s] -- Configuring done
[28.696s] -- Generating done
[28.697s] -- Build files have been written to: /cc_ws/tros_ws/build/clip_manage
[28.832s] Invoked command in '/cc_ws/tros_ws/build/clip_manage' returned '0': AMENT_PREFIX_PATH=/cc_ws/tros_ws/install:${AMENT_PREFIX_PATH} CMAKE_PREFIX_PATH=/cc_ws/tros_ws/install:/opt/ros/humble LD_LIBRARY_PATH=/cc_ws/tros_ws/install/lib:/opt/ros/humble/opt/rviz_ogre_vendor/lib:/opt/ros/humble/lib/aarch64-linux-gnu:/opt/ros/humble/lib:/cc_ws/userdata/hobot/opt/hobot/deps PYTHONPATH=/cc_ws/tros_ws/install/local/lib/python3.10/dist-packages:${PYTHONPATH} /usr/bin/cmake /cc_ws/tros_ws/src/box/hobot_clip/clip_manage -DCMAKE_EXPORT_COMPILE_COMMANDS=ON --no-warn-unused-cli -DCMAKE_TOOLCHAIN_FILE=/cc_ws/tros_ws/robot_dev_config/aarch64_toolchainfile.cmake -DPLATFORM_X5=ON -DTHIRDPARTY=ON -DBUILD_TESTING=OFF -DCMAKE_BUILD_RPATH=/cc_ws/tros_ws/build/poco_vendor/poco_external_project_install/lib/;/cc_ws/tros_ws/build/libyaml_vendor/libyaml_install/lib/ -DCMAKE_INSTALL_PREFIX=/cc_ws/tros_ws/install
[28.833s] Invoking command in '/cc_ws/tros_ws/build/clip_manage': AMENT_PREFIX_PATH=/cc_ws/tros_ws/install:${AMENT_PREFIX_PATH} CMAKE_PREFIX_PATH=/cc_ws/tros_ws/install:/opt/ros/humble LD_LIBRARY_PATH=/cc_ws/tros_ws/install/lib:/opt/ros/humble/opt/rviz_ogre_vendor/lib:/opt/ros/humble/lib/aarch64-linux-gnu:/opt/ros/humble/lib:/cc_ws/userdata/hobot/opt/hobot/deps PYTHONPATH=/cc_ws/tros_ws/install/local/lib/python3.10/dist-packages:${PYTHONPATH} /usr/bin/cmake --build /cc_ws/tros_ws/build/clip_manage -- -j12 -l12
[28.836s] [ 12%] [32mBuilding CXX object CMakeFiles/clip_manage.dir/src/main.cpp.o[0m
[38.681s] In file included from [01m[K/cc_ws/tros_ws/src/box/hobot_clip/clip_manage/include/clip_manage_node.h:24[m[K,
[38.682s]                  from [01m[K/cc_ws/tros_ws/src/box/hobot_clip/clip_manage/src/main.cpp:17[m[K:
[38.682s] [01m[K/cc_ws/tros_ws/src/box/hobot_clip/clip_manage/include/database.h:[m[K In constructor ‘[01m[KClipItemDatabase::ClipItemDatabase()[m[K’:
[38.682s] [01m[K/cc_ws/tros_ws/src/box/hobot_clip/clip_manage/include/database.h:64:15:[m[K [01;35m[Kwarning: [m[K‘[01m[KClipItemDatabase::db_name[m[K’ will be initialized after [[01;35m[K-Wreorder[m[K]
[38.682s]    64 |   std::string [01;35m[Kdb_name[m[K;
[38.683s]       |               [01;35m[K^~~~~~~[m[K
[38.687s] [01m[K/cc_ws/tros_ws/src/box/hobot_clip/clip_manage/include/database.h:62:12:[m[K [01;35m[Kwarning: [m[K  ‘[01m[Ksqlite3* ClipItemDatabase::db[m[K’ [[01;35m[K-Wreorder[m[K]
[38.688s]    62 |   sqlite3* [01;35m[Kdb[m[K;
[38.688s]       |            [01;35m[K^~[m[K
[38.688s] [01m[K/cc_ws/tros_ws/src/box/hobot_clip/clip_manage/include/database.h:29:3:[m[K [01;35m[Kwarning: [m[K  when initialized here [[01;35m[K-Wreorder[m[K]
[38.688s]    29 |   [01;35m[KClipItemDatabase[m[K() : db_name(""), db(nullptr) {}
[38.691s]       |   [01;35m[K^~~~~~~~~~~~~~~~[m[K
[38.691s] [01m[K/cc_ws/tros_ws/src/box/hobot_clip/clip_manage/include/database.h:[m[K In constructor ‘[01m[KClipItemDatabase::ClipItemDatabase(const string&)[m[K’:
[38.692s] [01m[K/cc_ws/tros_ws/src/box/hobot_clip/clip_manage/include/database.h:64:15:[m[K [01;35m[Kwarning: [m[K‘[01m[KClipItemDatabase::db_name[m[K’ will be initialized after [[01;35m[K-Wreorder[m[K]
[38.692s]    64 |   std::string [01;35m[Kdb_name[m[K;
[38.692s]       |               [01;35m[K^~~~~~~[m[K
[38.693s] [01m[K/cc_ws/tros_ws/src/box/hobot_clip/clip_manage/include/database.h:62:12:[m[K [01;35m[Kwarning: [m[K  ‘[01m[Ksqlite3* ClipItemDatabase::db[m[K’ [[01;35m[K-Wreorder[m[K]
[38.693s]    62 |   sqlite3* [01;35m[Kdb[m[K;
[38.693s]       |            [01;35m[K^~[m[K
[38.693s] [01m[K/cc_ws/tros_ws/src/box/hobot_clip/clip_manage/include/database.h:30:12:[m[K [01;35m[Kwarning: [m[K  when initialized here [[01;35m[K-Wreorder[m[K]
[38.694s]    30 |   explicit [01;35m[KClipItemDatabase[m[K(const std::string& db_name) : db_name(db_name), db(nullptr) {
[38.694s]       |            [01;35m[K^~~~~~~~~~~~~~~~[m[K
[44.307s] [ 25%] [32mBuilding CXX object CMakeFiles/clip_manage.dir/src/text_action_client.cpp.o[0m
[69.333s] [ 37%] [32mBuilding CXX object CMakeFiles/clip_manage.dir/src/image_action_client.cpp.o[0m
[91.295s] [ 50%] [32mBuilding CXX object CMakeFiles/clip_manage.dir/src/item.cpp.o[0m
[92.293s] [ 62%] [32mBuilding CXX object CMakeFiles/clip_manage.dir/src/feature_workflow.cpp.o[0m
[92.841s] [01m[K/cc_ws/tros_ws/src/box/hobot_clip/clip_manage/src/feature_workflow.cpp:[m[K In function ‘[01m[KMatrix cosine_similarity(const Matrix&, const Matrix&)[m[K’:
[92.842s] [01m[K/cc_ws/tros_ws/src/box/hobot_clip/clip_manage/src/feature_workflow.cpp:26:27:[m[K [01;35m[Kwarning: [m[Kcomparison of integer expressions of different signedness: ‘[01m[Kint[m[K’ and ‘[01m[Kstd::vector<float>::size_type[m[K’ {aka ‘[01m[Klong unsigned int[m[K’} [[01;35m[K-Wsign-compare[m[K]
[92.842s]    26 |         for (int j = 0; [01;35m[Kj < features1[i].size()[m[K; ++j) {
[92.842s]       |                         [01;35m[K~~^~~~~~~~~~~~~~~~~~~~~[m[K
[92.842s] [01m[K/cc_ws/tros_ws/src/box/hobot_clip/clip_manage/src/feature_workflow.cpp:32:27:[m[K [01;35m[Kwarning: [m[Kcomparison of integer expressions of different signedness: ‘[01m[Kint[m[K’ and ‘[01m[Kstd::vector<float>::size_type[m[K’ {aka ‘[01m[Klong unsigned int[m[K’} [[01;35m[K-Wsign-compare[m[K]
[92.842s]    32 |         for (int j = 0; [01;35m[Kj < features2[i].size()[m[K; ++j) {
[92.843s]       |                         [01;35m[K~~^~~~~~~~~~~~~~~~~~~~~[m[K
[92.845s] [01m[K/cc_ws/tros_ws/src/box/hobot_clip/clip_manage/src/feature_workflow.cpp:42:27:[m[K [01;35m[Kwarning: [m[Kcomparison of integer expressions of different signedness: ‘[01m[Kint[m[K’ and ‘[01m[Kstd::vector<float>::size_type[m[K’ {aka ‘[01m[Klong unsigned int[m[K’} [[01;35m[K-Wsign-compare[m[K]
[92.845s]    42 |         for (int j = 0; [01;35m[Kj < features1[i].size()[m[K; ++j) {
[92.845s]       |                         [01;35m[K~~^~~~~~~~~~~~~~~~~~~~~[m[K
[92.845s] [01m[K/cc_ws/tros_ws/src/box/hobot_clip/clip_manage/src/feature_workflow.cpp:47:27:[m[K [01;35m[Kwarning: [m[Kcomparison of integer expressions of different signedness: ‘[01m[Kint[m[K’ and ‘[01m[Kstd::vector<float>::size_type[m[K’ {aka ‘[01m[Klong unsigned int[m[K’} [[01;35m[K-Wsign-compare[m[K]
[92.845s]    47 |         for (int j = 0; [01;35m[Kj < features2[i].size()[m[K; ++j) {
[92.846s]       |                         [01;35m[K~~^~~~~~~~~~~~~~~~~~~~~[m[K
[92.847s] [01m[K/cc_ws/tros_ws/src/box/hobot_clip/clip_manage/src/feature_workflow.cpp:57:31:[m[K [01;35m[Kwarning: [m[Kcomparison of integer expressions of different signedness: ‘[01m[Kint[m[K’ and ‘[01m[Kstd::vector<float>::size_type[m[K’ {aka ‘[01m[Klong unsigned int[m[K’} [[01;35m[K-Wsign-compare[m[K]
[92.847s]    57 |             for (int k = 0; [01;35m[Kk < features1_normalized[i].size()[m[K; ++k) {
[92.847s]       |                             [01;35m[K~~^~~~~~~~~~~~~~~~~~~~~~~~~~~~~~~~[m[K
[93.790s] [ 75%] [32mBuilding CXX object CMakeFiles/clip_manage.dir/src/database.cpp.o[0m
[101.516s] In file included from [01m[K/cc_ws/tros_ws/src/box/hobot_clip/clip_manage/src/database.cpp:24[m[K:
[101.517s] [01m[K/cc_ws/tros_ws/src/box/hobot_clip/clip_manage/include/database.h:[m[K In constructor ‘[01m[KClipItemDatabase::ClipItemDatabase()[m[K’:
[101.517s] [01m[K/cc_ws/tros_ws/src/box/hobot_clip/clip_manage/include/database.h:64:15:[m[K [01;35m[Kwarning: [m[K‘[01m[KClipItemDatabase::db_name[m[K’ will be initialized after [[01;35m[K-Wreorder[m[K]
[101.517s]    64 |   std::string [01;35m[Kdb_name[m[K;
[101.518s]       |               [01;35m[K^~~~~~~[m[K
[101.518s] [01m[K/cc_ws/tros_ws/src/box/hobot_clip/clip_manage/include/database.h:62:12:[m[K [01;35m[Kwarning: [m[K  ‘[01m[Ksqlite3* ClipItemDatabase::db[m[K’ [[01;35m[K-Wreorder[m[K]
[101.518s]    62 |   sqlite3* [01;35m[Kdb[m[K;
[101.518s]       |            [01;35m[K^~[m[K
[101.518s] [01m[K/cc_ws/tros_ws/src/box/hobot_clip/clip_manage/include/database.h:29:3:[m[K [01;35m[Kwarning: [m[K  when initialized here [[01;35m[K-Wreorder[m[K]
[101.519s]    29 |   [01;35m[KClipItemDatabase[m[K() : db_name(""), db(nullptr) {}
[101.519s]       |   [01;35m[K^~~~~~~~~~~~~~~~[m[K
[101.519s] [01m[K/cc_ws/tros_ws/src/box/hobot_clip/clip_manage/include/database.h:[m[K In constructor ‘[01m[KClipItemDatabase::ClipItemDatabase(const string&)[m[K’:
[101.520s] [01m[K/cc_ws/tros_ws/src/box/hobot_clip/clip_manage/include/database.h:64:15:[m[K [01;35m[Kwarning: [m[K‘[01m[KClipItemDatabase::db_name[m[K’ will be initialized after [[01;35m[K-Wreorder[m[K]
[101.520s]    64 |   std::string [01;35m[Kdb_name[m[K;
[101.521s]       |               [01;35m[K^~~~~~~[m[K
[101.521s] [01m[K/cc_ws/tros_ws/src/box/hobot_clip/clip_manage/include/database.h:62:12:[m[K [01;35m[Kwarning: [m[K  ‘[01m[Ksqlite3* ClipItemDatabase::db[m[K’ [[01;35m[K-Wreorder[m[K]
[101.521s]    62 |   sqlite3* [01;35m[Kdb[m[K;
[101.521s]       |            [01;35m[K^~[m[K
[101.521s] [01m[K/cc_ws/tros_ws/src/box/hobot_clip/clip_manage/include/database.h:30:12:[m[K [01;35m[Kwarning: [m[K  when initialized here [[01;35m[K-Wreorder[m[K]
[101.522s]    30 |   explicit [01;35m[KClipItemDatabase[m[K(const std::string& db_name) : db_name(db_name), db(nullptr) {
[101.522s]       |            [01;35m[K^~~~~~~~~~~~~~~~[m[K
[108.464s] [ 87%] [32mBuilding CXX object CMakeFiles/clip_manage.dir/src/clip_manage_node.cpp.o[0m
[117.390s] In file included from [01m[K/cc_ws/tros_ws/src/box/hobot_clip/clip_manage/include/clip_manage_node.h:24[m[K,
[117.391s]                  from [01m[K/cc_ws/tros_ws/src/box/hobot_clip/clip_manage/src/clip_manage_node.cpp:23[m[K:
[117.391s] [01m[K/cc_ws/tros_ws/src/box/hobot_clip/clip_manage/include/database.h:[m[K In constructor ‘[01m[KClipItemDatabase::ClipItemDatabase()[m[K’:
[117.391s] [01m[K/cc_ws/tros_ws/src/box/hobot_clip/clip_manage/include/database.h:64:15:[m[K [01;35m[Kwarning: [m[K‘[01m[KClipItemDatabase::db_name[m[K’ will be initialized after [[01;35m[K-Wreorder[m[K]
[117.391s]    64 |   std::string [01;35m[Kdb_name[m[K;
[117.392s]       |               [01;35m[K^~~~~~~[m[K
[117.392s] [01m[K/cc_ws/tros_ws/src/box/hobot_clip/clip_manage/include/database.h:62:12:[m[K [01;35m[Kwarning: [m[K  ‘[01m[Ksqlite3* ClipItemDatabase::db[m[K’ [[01;35m[K-Wreorder[m[K]
[117.392s]    62 |   sqlite3* [01;35m[Kdb[m[K;
[117.392s]       |            [01;35m[K^~[m[K
[117.393s] [01m[K/cc_ws/tros_ws/src/box/hobot_clip/clip_manage/include/database.h:29:3:[m[K [01;35m[Kwarning: [m[K  when initialized here [[01;35m[K-Wreorder[m[K]
[117.393s]    29 |   [01;35m[KClipItemDatabase[m[K() : db_name(""), db(nullptr) {}
[117.393s]       |   [01;35m[K^~~~~~~~~~~~~~~~[m[K
[117.395s] [01m[K/cc_ws/tros_ws/src/box/hobot_clip/clip_manage/include/database.h:[m[K In constructor ‘[01m[KClipItemDatabase::ClipItemDatabase(const string&)[m[K’:
[117.395s] [01m[K/cc_ws/tros_ws/src/box/hobot_clip/clip_manage/include/database.h:64:15:[m[K [01;35m[Kwarning: [m[K‘[01m[KClipItemDatabase::db_name[m[K’ will be initialized after [[01;35m[K-Wreorder[m[K]
[117.395s]    64 |   std::string [01;35m[Kdb_name[m[K;
[117.396s]       |               [01;35m[K^~~~~~~[m[K
[117.396s] [01m[K/cc_ws/tros_ws/src/box/hobot_clip/clip_manage/include/database.h:62:12:[m[K [01;35m[Kwarning: [m[K  ‘[01m[Ksqlite3* ClipItemDatabase::db[m[K’ [[01;35m[K-Wreorder[m[K]
[117.396s]    62 |   sqlite3* [01;35m[Kdb[m[K;
[117.396s]       |            [01;35m[K^~[m[K
[117.397s] [01m[K/cc_ws/tros_ws/src/box/hobot_clip/clip_manage/include/database.h:30:12:[m[K [01;35m[Kwarning: [m[K  when initialized here [[01;35m[K-Wreorder[m[K]
[117.397s]    30 |   explicit [01;35m[KClipItemDatabase[m[K(const std::string& db_name) : db_name(db_name), db(nullptr) {
[117.397s]       |            [01;35m[K^~~~~~~~~~~~~~~~[m[K
[119.337s] In file included from [01m[K/opt/ros/humble/include/rclcpp/rclcpp/logging.hpp:24[m[K,
[119.337s]                  from [01m[K/opt/ros/humble/include/rclcpp/rclcpp/client.hpp:40[m[K,
[119.337s]                  from [01m[K/opt/ros/humble/include/rclcpp/rclcpp/callback_group.hpp:24[m[K,
[119.338s]                  from [01m[K/opt/ros/humble/include/rclcpp/rclcpp/any_executable.hpp:20[m[K,
[119.338s]                  from [01m[K/opt/ros/humble/include/rclcpp/rclcpp/memory_strategy.hpp:25[m[K,
[119.338s]                  from [01m[K/opt/ros/humble/include/rclcpp/rclcpp/memory_strategies.hpp:18[m[K,
[119.338s]                  from [01m[K/opt/ros/humble/include/rclcpp/rclcpp/executor_options.hpp:20[m[K,
[119.339s]                  from [01m[K/opt/ros/humble/include/rclcpp/rclcpp/executor.hpp:37[m[K,
[119.339s]                  from [01m[K/opt/ros/humble/include/rclcpp/rclcpp/executors/multi_threaded_executor.hpp:25[m[K,
[119.339s]                  from [01m[K/opt/ros/humble/include/rclcpp/rclcpp/executors.hpp:21[m[K,
[119.340s]                  from [01m[K/opt/ros/humble/include/rclcpp/rclcpp/rclcpp.hpp:155[m[K,
[119.340s]                  from [01m[K/cc_ws/tros_ws/src/box/hobot_clip/clip_manage/include/clip_manage_node.h:22[m[K,
[119.340s]                  from [01m[K/cc_ws/tros_ws/src/box/hobot_clip/clip_manage/src/clip_manage_node.cpp:23[m[K:
[119.340s] [01m[K/cc_ws/tros_ws/src/box/hobot_clip/clip_manage/src/clip_manage_node.cpp:[m[K In lambda function:
[119.340s] [01m[K/cc_ws/tros_ws/src/box/hobot_clip/clip_manage/src/clip_manage_node.cpp:168:17:[m[K [01;35m[Kwarning: [m[Kformat ‘[01m[K%d[m[K’ expects argument of type ‘[01m[Kint[m[K’, but argument 5 has type ‘[01m[Kstd::chrono::duration<long int, std::ratio<1, 1000> >::rep[m[K’ {aka ‘[01m[Klong int[m[K’} [[01;35m[K-Wformat=[m[K]
[119.341s]   168 |                 [01;35m[K"Query finished! Cost %d ms."[m[K, [32m[Kduration.count()[m[K);
[119.341s]       |                 [01;35m[K^~~~~~~~~~~~~~~~~~~~~~~~~~~~~[m[K  [32m[K~~~~~~~~~~~~~~~~[m[K
[119.341s]       |                                                              [32m[K|[m[K
[119.341s]       |                                                              [32m[Kstd::chrono::duration<long int, std::ratio<1, 1000> >::rep {aka long int}[m[K
[119.342s] [01m[K/cc_ws/tros_ws/src/box/hobot_clip/clip_manage/src/clip_manage_node.cpp:168:40:[m[K [01;36m[Knote: [m[Kformat string is defined here
[119.342s]   168 |                 "Query finished! Cost [01;36m[K%d[m[K ms.", duration.count());
[119.342s]       |                                       [01;36m[K~^[m[K
[119.342s]       |                                        [01;36m[K|[m[K
[119.343s]       |                                        [01;36m[Kint[m[K
[119.343s]       |                                       [32m[K%ld[m[K
[119.343s] [01m[K/cc_ws/tros_ws/src/box/hobot_clip/clip_manage/src/clip_manage_node.cpp:175:27:[m[K [01;35m[Kwarning: [m[Kcomparison of integer expressions of different signedness: ‘[01m[Kint[m[K’ and ‘[01m[Kstd::vector<ClipItem>::size_type[m[K’ {aka ‘[01m[Klong unsigned int[m[K’} [[01;35m[K-Wsign-compare[m[K]
[119.343s]   175 |         for (int i = 0; [01;35m[Ki < target_items.size()[m[K; i++) {
[119.344s]       |                         [01;35m[K~~^~~~~~~~~~~~~~~~~~~~~[m[K
[119.344s] In file included from [01m[K/opt/ros/humble/include/rclcpp/rclcpp/logging.hpp:24[m[K,
[119.345s]                  from [01m[K/opt/ros/humble/include/rclcpp/rclcpp/client.hpp:40[m[K,
[119.345s]                  from [01m[K/opt/ros/humble/include/rclcpp/rclcpp/callback_group.hpp:24[m[K,
[119.345s]                  from [01m[K/opt/ros/humble/include/rclcpp/rclcpp/any_executable.hpp:20[m[K,
[119.345s]                  from [01m[K/opt/ros/humble/include/rclcpp/rclcpp/memory_strategy.hpp:25[m[K,
[119.345s]                  from [01m[K/opt/ros/humble/include/rclcpp/rclcpp/memory_strategies.hpp:18[m[K,
[119.346s]                  from [01m[K/opt/ros/humble/include/rclcpp/rclcpp/executor_options.hpp:20[m[K,
[119.346s]                  from [01m[K/opt/ros/humble/include/rclcpp/rclcpp/executor.hpp:37[m[K,
[119.346s]                  from [01m[K/opt/ros/humble/include/rclcpp/rclcpp/executors/multi_threaded_executor.hpp:25[m[K,
[119.347s]                  from [01m[K/opt/ros/humble/include/rclcpp/rclcpp/executors.hpp:21[m[K,
[119.347s]                  from [01m[K/opt/ros/humble/include/rclcpp/rclcpp/rclcpp.hpp:155[m[K,
[119.347s]                  from [01m[K/cc_ws/tros_ws/src/box/hobot_clip/clip_manage/include/clip_manage_node.h:22[m[K,
[119.347s]                  from [01m[K/cc_ws/tros_ws/src/box/hobot_clip/clip_manage/src/clip_manage_node.cpp:23[m[K:
[119.348s] [01m[K/cc_ws/tros_ws/src/box/hobot_clip/clip_manage/src/clip_manage_node.cpp:183:15:[m[K [01;35m[Kwarning: [m[Kformat ‘[01m[K%s[m[K’ expects argument of type ‘[01m[Kchar*[m[K’, but argument 5 has type ‘[01m[Kstd::string[m[K’ {aka ‘[01m[Kstd::__cxx11::basic_string<char>[m[K’} [[01;35m[K-Wformat=[m[K]
[119.348s]   183 |               [01;35m[K"Link file %s failed."[m[K, item.url);
[119.348s]       |               [01;35m[K^~~~~~~~~~~~~~~~~~~~~~[m[K
[119.348s] [01m[K/cc_ws/tros_ws/src/box/hobot_clip/clip_manage/src/clip_manage_node.cpp:183:27:[m[K [01;36m[Knote: [m[Kformat string is defined here
[119.348s]   183 |               "Link file [01;36m[K%s[m[K failed.", item.url);
[119.349s]       |                          [01;36m[K~^[m[K
[119.350s]       |                           [01;36m[K|[m[K
[119.350s]       |                           [01;36m[Kchar*[m[K
[119.350s] [01m[K/cc_ws/tros_ws/src/box/hobot_clip/clip_manage/src/clip_manage_node.cpp:146:15:[m[K [01;35m[Kwarning: [m[Kunused variable ‘[01m[Kitem[m[K’ [[01;35m[K-Wunused-variable[m[K]
[119.350s]   146 |         auto& [01;35m[Kitem[m[K = feedback->item;
[119.351s]       |               [01;35m[K^~~~[m[K
[119.356s] [01m[K/cc_ws/tros_ws/src/box/hobot_clip/clip_manage/src/clip_manage_node.cpp:[m[K In member function ‘[01m[Kint ClipNode::Run()[m[K’:
[119.356s] [01m[K/cc_ws/tros_ws/src/box/hobot_clip/clip_manage/src/clip_manage_node.cpp:187:9:[m[K [01;35m[Kwarning: [m[Kunused variable ‘[01m[Kret[m[K’ [[01;35m[K-Wunused-variable[m[K]
[119.356s]   187 |     int [01;35m[Kret[m[K = encode_text_client_->send_goal(texts, 10000);
[119.357s]       |         [01;35m[K^~~[m[K
[119.358s] In file included from [01m[K/opt/ros/humble/include/rclcpp/rclcpp/logging.hpp:24[m[K,
[119.358s]                  from [01m[K/opt/ros/humble/include/rclcpp/rclcpp/client.hpp:40[m[K,
[119.359s]                  from [01m[K/opt/ros/humble/include/rclcpp/rclcpp/callback_group.hpp:24[m[K,
[119.359s]                  from [01m[K/opt/ros/humble/include/rclcpp/rclcpp/any_executable.hpp:20[m[K,
[119.359s]                  from [01m[K/opt/ros/humble/include/rclcpp/rclcpp/memory_strategy.hpp:25[m[K,
[119.359s]                  from [01m[K/opt/ros/humble/include/rclcpp/rclcpp/memory_strategies.hpp:18[m[K,
[119.360s]                  from [01m[K/opt/ros/humble/include/rclcpp/rclcpp/executor_options.hpp:20[m[K,
[119.360s]                  from [01m[K/opt/ros/humble/include/rclcpp/rclcpp/executor.hpp:37[m[K,
[119.362s]                  from [01m[K/opt/ros/humble/include/rclcpp/rclcpp/executors/multi_threaded_executor.hpp:25[m[K,
[119.362s]                  from [01m[K/opt/ros/humble/include/rclcpp/rclcpp/executors.hpp:21[m[K,
[119.362s]                  from [01m[K/opt/ros/humble/include/rclcpp/rclcpp/rclcpp.hpp:155[m[K,
[119.362s]                  from [01m[K/cc_ws/tros_ws/src/box/hobot_clip/clip_manage/include/clip_manage_node.h:22[m[K,
[119.363s]                  from [01m[K/cc_ws/tros_ws/src/box/hobot_clip/clip_manage/src/clip_manage_node.cpp:23[m[K:
[119.363s] [01m[K/cc_ws/tros_ws/src/box/hobot_clip/clip_manage/src/clip_manage_node.cpp:[m[K In member function ‘[01m[Kint ClipNode::Storage()[m[K’:
[119.363s] [01m[K/cc_ws/tros_ws/src/box/hobot_clip/clip_manage/src/clip_manage_node.cpp:207:15:[m[K [01;35m[Kwarning: [m[Kformat ‘[01m[K%d[m[K’ expects argument of type ‘[01m[Kint[m[K’, but argument 5 has type ‘[01m[Kstd::vector<std::__cxx11::basic_string<char> >::size_type[m[K’ {aka ‘[01m[Klong unsigned int[m[K’} [[01;35m[K-Wformat=[m[K]
[119.363s]   207 |               [01;35m[K"Storage size: %d."[m[K, [32m[Kurls.size()[m[K);
[119.363s]       |               [01;35m[K^~~~~~~~~~~~~~~~~~~[m[K  [32m[K~~~~~~~~~~~[m[K
[119.364s]       |                                             [32m[K|[m[K
[119.364s]       |                                             [32m[Kstd::vector<std::__cxx11::basic_string<char> >::size_type {aka long unsigned int}[m[K
[119.368s] [01m[K/cc_ws/tros_ws/src/box/hobot_clip/clip_manage/src/clip_manage_node.cpp:207:31:[m[K [01;36m[Knote: [m[Kformat string is defined here
[119.368s]   207 |               "Storage size: [01;36m[K%d[m[K.", urls.size());
[119.369s]       |                              [01;36m[K~^[m[K
[119.369s]       |                               [01;36m[K|[m[K
[119.370s]       |                               [01;36m[Kint[m[K
[119.370s]       |                              [32m[K%ld[m[K
[119.370s] [01m[K/cc_ws/tros_ws/src/box/hobot_clip/clip_manage/src/clip_manage_node.cpp:[m[K In lambda function:
[119.370s] [01m[K/cc_ws/tros_ws/src/box/hobot_clip/clip_manage/src/clip_manage_node.cpp:214:15:[m[K [01;35m[Kwarning: [m[Kunused variable ‘[01m[Kitem[m[K’ [[01;35m[K-Wunused-variable[m[K]
[119.371s]   214 |         auto& [01;35m[Kitem[m[K = feedback->item;
[119.371s]       |               [01;35m[K^~~~[m[K
[119.379s] [01m[K/cc_ws/tros_ws/src/box/hobot_clip/clip_manage/src/clip_manage_node.cpp:[m[K In member function ‘[01m[Kint ClipNode::Storage()[m[K’:
[119.380s] [01m[K/cc_ws/tros_ws/src/box/hobot_clip/clip_manage/src/clip_manage_node.cpp:236:9:[m[K [01;35m[Kwarning: [m[Kunused variable ‘[01m[Kret[m[K’ [[01;35m[K-Wunused-variable[m[K]
[119.380s]   236 |     int [01;35m[Kret[m[K = encode_image_client_->send_goal(urls, 10000);
[119.380s]       |         [01;35m[K^~~[m[K
[119.402s] [01m[K/cc_ws/tros_ws/src/box/hobot_clip/clip_manage/src/clip_manage_node.cpp:[m[K In member function ‘[01m[Kint ClipNode::Query(const float*, std::vector<ClipItem>&)[m[K’:
[119.403s] [01m[K/cc_ws/tros_ws/src/box/hobot_clip/clip_manage/src/clip_manage_node.cpp:269:29:[m[K [01;35m[Kwarning: [m[Kcomparison of integer expressions of different signedness: ‘[01m[Kstd::vector<ClipItem>::size_type[m[K’ {aka ‘[01m[Klong unsigned int[m[K’} and ‘[01m[Kint[m[K’ [[01;35m[K-Wsign-compare[m[K]
[119.403s]   269 |     if ([01;35m[Ktarget_items.size() > topk_[m[K) {
[119.403s]       |         [01;35m[K~~~~~~~~~~~~~~~~~~~~^~~~~~~[m[K
[121.943s] [01m[K/cc_ws/tros_ws/src/box/hobot_clip/clip_manage/src/clip_manage_node.cpp:[m[K In lambda function:
[121.943s] [01m[K/cc_ws/tros_ws/src/box/hobot_clip/clip_manage/src/clip_manage_node.cpp:172:20:[m[K [01;35m[Kwarning: [m[Kignoring return value of ‘[01m[Kint system(const char*)[m[K’ declared with attribute ‘[01m[Kwarn_unused_result[m[K’ [[01;35m[K-Wunused-result[m[K]
[121.944s]   172 |         [01;35m[Kstd::system(command1.c_str())[m[K;
[121.944s]       |         [01;35m[K~~~~~~~~~~~^~~~~~~~~~~~~~~~~~[m[K
[121.945s] [01m[K/cc_ws/tros_ws/src/box/hobot_clip/clip_manage/src/clip_manage_node.cpp:174:20:[m[K [01;35m[Kwarning: [m[Kignoring return value of ‘[01m[Kint system(const char*)[m[K’ declared with attribute ‘[01m[Kwarn_unused_result[m[K’ [[01;35m[K-Wunused-result[m[K]
[121.945s]   174 |         [01;35m[Kstd::system(command2.c_str())[m[K;
[121.945s]       |         [01;35m[K~~~~~~~~~~~^~~~~~~~~~~~~~~~~~[m[K
[134.934s] [100%] [32m[1mLinking CXX executable clip_manage[0m
[135.605s] [100%] Built target clip_manage
[135.631s] Invoked command in '/cc_ws/tros_ws/build/clip_manage' returned '0': AMENT_PREFIX_PATH=/cc_ws/tros_ws/install:${AMENT_PREFIX_PATH} CMAKE_PREFIX_PATH=/cc_ws/tros_ws/install:/opt/ros/humble LD_LIBRARY_PATH=/cc_ws/tros_ws/install/lib:/opt/ros/humble/opt/rviz_ogre_vendor/lib:/opt/ros/humble/lib/aarch64-linux-gnu:/opt/ros/humble/lib:/cc_ws/userdata/hobot/opt/hobot/deps PYTHONPATH=/cc_ws/tros_ws/install/local/lib/python3.10/dist-packages:${PYTHONPATH} /usr/bin/cmake --build /cc_ws/tros_ws/build/clip_manage -- -j12 -l12
[135.806s] Invoking command in '/cc_ws/tros_ws/build/clip_manage': AMENT_PREFIX_PATH=/cc_ws/tros_ws/install:${AMENT_PREFIX_PATH} CMAKE_PREFIX_PATH=/cc_ws/tros_ws/install:/opt/ros/humble LD_LIBRARY_PATH=/cc_ws/tros_ws/install/lib:/opt/ros/humble/opt/rviz_ogre_vendor/lib:/opt/ros/humble/lib/aarch64-linux-gnu:/opt/ros/humble/lib:/cc_ws/userdata/hobot/opt/hobot/deps PYTHONPATH=/cc_ws/tros_ws/install/local/lib/python3.10/dist-packages:${PYTHONPATH} /usr/bin/cmake --install /cc_ws/tros_ws/build/clip_manage
[160.515s] -- Install configuration: "RelWithDebInfo"
[160.516s] -- Installing: /cc_ws/tros_ws/install/lib/clip_manage/clip_manage
[160.516s] -- Set runtime path of "/cc_ws/tros_ws/install/lib/clip_manage/clip_manage" to ""
[160.516s] -- Installing: /cc_ws/tros_ws/install/lib/clip_manage/config/index.html
[160.516s] -- Installing: /cc_ws/tros_ws/install/share/clip_manage/launch
[160.517s] -- Installing: /cc_ws/tros_ws/install/share/clip_manage/launch/hobot_clip_manage.launch.py
[160.517s] -- Installing: /cc_ws/tros_ws/install/share/ament_index/resource_index/package_run_dependencies/clip_manage
[160.517s] -- Installing: /cc_ws/tros_ws/install/share/ament_index/resource_index/parent_prefix_path/clip_manage
[160.517s] -- Installing: /cc_ws/tros_ws/install/share/clip_manage/environment/ament_prefix_path.sh
[160.517s] -- Installing: /cc_ws/tros_ws/install/share/clip_manage/environment/ament_prefix_path.dsv
[160.518s] -- Installing: /cc_ws/tros_ws/install/share/clip_manage/environment/path.sh
[160.518s] -- Installing: /cc_ws/tros_ws/install/share/clip_manage/environment/path.dsv
[160.518s] -- Installing: /cc_ws/tros_ws/install/share/clip_manage/local_setup.bash
[160.518s] -- Installing: /cc_ws/tros_ws/install/share/clip_manage/local_setup.sh
[160.518s] -- Installing: /cc_ws/tros_ws/install/share/clip_manage/local_setup.zsh
[160.519s] -- Installing: /cc_ws/tros_ws/install/share/clip_manage/local_setup.dsv
[160.519s] -- Installing: /cc_ws/tros_ws/install/share/clip_manage/package.dsv
[160.519s] -- Installing: /cc_ws/tros_ws/install/share/ament_index/resource_index/packages/clip_manage
[160.519s] -- Installing: /cc_ws/tros_ws/install/share/clip_manage/cmake/clip_manageConfig.cmake
[160.519s] -- Installing: /cc_ws/tros_ws/install/share/clip_manage/cmake/clip_manageConfig-version.cmake
[160.520s] -- Installing: /cc_ws/tros_ws/install/share/clip_manage/package.xml
[160.595s] Invoked command in '/cc_ws/tros_ws/build/clip_manage' returned '0': AMENT_PREFIX_PATH=/cc_ws/tros_ws/install:${AMENT_PREFIX_PATH} CMAKE_PREFIX_PATH=/cc_ws/tros_ws/install:/opt/ros/humble LD_LIBRARY_PATH=/cc_ws/tros_ws/install/lib:/opt/ros/humble/opt/rviz_ogre_vendor/lib:/opt/ros/humble/lib/aarch64-linux-gnu:/opt/ros/humble/lib:/cc_ws/userdata/hobot/opt/hobot/deps PYTHONPATH=/cc_ws/tros_ws/install/local/lib/python3.10/dist-packages:${PYTHONPATH} /usr/bin/cmake --install /cc_ws/tros_ws/build/clip_manage
