[0.519s] Invoking command in '/cc_ws/tros_ws/build/dnn_node_sample': AMENT_PREFIX_PATH=/cc_ws/tros_ws/install:${AMENT_PREFIX_PATH} CMAKE_PREFIX_PATH=/cc_ws/tros_ws/install:/opt/ros/humble LD_LIBRARY_PATH=/cc_ws/tros_ws/install/lib:/opt/ros/humble/opt/rviz_ogre_vendor/lib:/opt/ros/humble/lib/aarch64-linux-gnu:/opt/ros/humble/lib:/cc_ws/userdata/hobot/opt/hobot/deps PYTHONPATH=/cc_ws/tros_ws/install/lib/python3.10/site-packages:/cc_ws/tros_ws/install/local/lib/python3.10/dist-packages:${PYTHONPATH} /usr/bin/cmake /cc_ws/tros_ws/src/box/hobot_dnn/dnn_node_sample -DCMAKE_EXPORT_COMPILE_COMMANDS=ON --no-warn-unused-cli -DCMAKE_TOOLCHAIN_FILE=/cc_ws/tros_ws/robot_dev_config/aarch64_toolchainfile.cmake -DPLATFORM_X5=ON -DTHIRDPARTY=ON -DBUILD_TESTING=OFF -DCMAKE_BUILD_RPATH=/cc_ws/tros_ws/build/poco_vendor/poco_external_project_install/lib/;/cc_ws/tros_ws/build/libyaml_vendor/libyaml_install/lib/ -DCMAKE_INSTALL_PREFIX=/cc_ws/tros_ws/install
[0.602s] Not searching for unused variables given on the command line.
[0.602s] -- Found ament_cmake: 1.3.8 (/opt/ros/humble/share/ament_cmake/cmake)
[1.361s] [33mCMake Warning (dev) at /opt/ros/humble/share/ament_cmake_test/cmake/ament_cmake_test-extras.cmake:19 (option):
[1.361s]   Policy CMP0077 is not set: option() honors normal variables.  Run "cmake
[1.361s]   --help-policy CMP0077" for policy details.  Use the cmake_policy command to
[1.361s]   set the policy and suppress this warning.
[1.362s] 
[1.362s]   For compatibility with older versions of CMake, option is clearing the
[1.362s]   normal variable 'BUILD_TESTING'.
[1.363s] Call Stack (most recent call first):
[1.363s]   /opt/ros/humble/share/ament_cmake_test/cmake/ament_cmake_testConfig.cmake:41 (include)
[1.363s]   /opt/ros/humble/share/ament_cmake/cmake/ament_cmake_export_dependencies-extras.cmake:21 (find_package)
[1.363s]   /opt/ros/humble/share/ament_cmake/cmake/ament_cmakeConfig.cmake:41 (include)
[1.364s]   CMakeLists.txt:19 (find_package)
[1.364s] This warning is for project developers.  Use -Wno-dev to suppress it.
[1.364s] [0m
[1.395s] -- Found rclcpp: 16.0.8 (/opt/ros/humble/share/rclcpp/cmake)
[1.666s] -- Found rosidl_generator_c: 3.1.5 (/opt/ros/humble/share/rosidl_generator_c/cmake)
[1.699s] -- Found rosidl_adapter: 3.1.5 (/opt/ros/humble/share/rosidl_adapter/cmake)
[1.739s] -- Found rosidl_generator_cpp: 3.1.5 (/opt/ros/humble/share/rosidl_generator_cpp/cmake)
[1.878s] -- Using all available rosidl_typesupport_c: rosidl_typesupport_fastrtps_c;rosidl_typesupport_introspection_c
[2.006s] -- Using all available rosidl_typesupport_cpp: rosidl_typesupport_fastrtps_cpp;rosidl_typesupport_introspection_cpp
[2.520s] -- Found rmw_implementation_cmake: 6.1.1 (/opt/ros/humble/share/rmw_implementation_cmake/cmake)
[2.533s] -- Found rmw_fastrtps_cpp: 6.2.6 (/opt/ros/humble/share/rmw_fastrtps_cpp/cmake)
[3.202s] -- Using RMW implementation 'rmw_fastrtps_cpp' as default
[4.099s] -- Found sensor_msgs: 4.2.3 (/opt/ros/humble/share/sensor_msgs/cmake)
[5.124s] -- Found ai_msgs: 2.0.1 (/cc_ws/tros_ws/robot_dev_config/../install/share/ai_msgs/cmake)
[5.977s] -- Found hbm_img_msgs: 2.0.0 (/cc_ws/tros_ws/robot_dev_config/../install/share/hbm_img_msgs/cmake)
[6.253s] -- Found dnn_node: 2.5.4 (/cc_ws/tros_ws/robot_dev_config/../install/share/dnn_node/cmake)
[6.260s] -- Found hobot_cv: 2.3.2 (/cc_ws/tros_ws/robot_dev_config/../install/share/hobot_cv/cmake)
[6.266s] [0minvalid platform, build platform X3 default[0m
[6.266s] [0mPREFIX_PATH is x3[0m
[6.267s] [0mSYS_ROOT is /cc_ws/tros_ws/robot_dev_config/../../sysroot_docker[0m
[6.268s] [0mhobot_cv_LIBRARIES is /cc_ws/tros_ws/install/lib/libhobot_cv.so[0m
[6.268s] [0mupdate HOBOTCV_LIB_INSTALL_PATH as /cc_ws/tros_ws/install/lib[0m
[6.272s] [0mHOBOTCV_LIB_INSTALL_PATH is /cc_ws/tros_ws/install/lib[0m
[6.977s] -- Configuring done
[7.168s] -- Generating done
[7.168s] -- Build files have been written to: /cc_ws/tros_ws/build/dnn_node_sample
[7.201s] Invoked command in '/cc_ws/tros_ws/build/dnn_node_sample' returned '0': AMENT_PREFIX_PATH=/cc_ws/tros_ws/install:${AMENT_PREFIX_PATH} CMAKE_PREFIX_PATH=/cc_ws/tros_ws/install:/opt/ros/humble LD_LIBRARY_PATH=/cc_ws/tros_ws/install/lib:/opt/ros/humble/opt/rviz_ogre_vendor/lib:/opt/ros/humble/lib/aarch64-linux-gnu:/opt/ros/humble/lib:/cc_ws/userdata/hobot/opt/hobot/deps PYTHONPATH=/cc_ws/tros_ws/install/lib/python3.10/site-packages:/cc_ws/tros_ws/install/local/lib/python3.10/dist-packages:${PYTHONPATH} /usr/bin/cmake /cc_ws/tros_ws/src/box/hobot_dnn/dnn_node_sample -DCMAKE_EXPORT_COMPILE_COMMANDS=ON --no-warn-unused-cli -DCMAKE_TOOLCHAIN_FILE=/cc_ws/tros_ws/robot_dev_config/aarch64_toolchainfile.cmake -DPLATFORM_X5=ON -DTHIRDPARTY=ON -DBUILD_TESTING=OFF -DCMAKE_BUILD_RPATH=/cc_ws/tros_ws/build/poco_vendor/poco_external_project_install/lib/;/cc_ws/tros_ws/build/libyaml_vendor/libyaml_install/lib/ -DCMAKE_INSTALL_PREFIX=/cc_ws/tros_ws/install
[7.202s] Invoking command in '/cc_ws/tros_ws/build/dnn_node_sample': AMENT_PREFIX_PATH=/cc_ws/tros_ws/install:${AMENT_PREFIX_PATH} CMAKE_PREFIX_PATH=/cc_ws/tros_ws/install:/opt/ros/humble LD_LIBRARY_PATH=/cc_ws/tros_ws/install/lib:/opt/ros/humble/opt/rviz_ogre_vendor/lib:/opt/ros/humble/lib/aarch64-linux-gnu:/opt/ros/humble/lib:/cc_ws/userdata/hobot/opt/hobot/deps PYTHONPATH=/cc_ws/tros_ws/install/lib/python3.10/site-packages:/cc_ws/tros_ws/install/local/lib/python3.10/dist-packages:${PYTHONPATH} /usr/bin/cmake --build /cc_ws/tros_ws/build/dnn_node_sample -- -j12 -l12
[8.220s] [35m[1mConsolidate compiler generated dependencies of target dnn_node_sample[0m
[8.220s] [100%] Built target dnn_node_sample
[8.361s] Invoked command in '/cc_ws/tros_ws/build/dnn_node_sample' returned '0': AMENT_PREFIX_PATH=/cc_ws/tros_ws/install:${AMENT_PREFIX_PATH} CMAKE_PREFIX_PATH=/cc_ws/tros_ws/install:/opt/ros/humble LD_LIBRARY_PATH=/cc_ws/tros_ws/install/lib:/opt/ros/humble/opt/rviz_ogre_vendor/lib:/opt/ros/humble/lib/aarch64-linux-gnu:/opt/ros/humble/lib:/cc_ws/userdata/hobot/opt/hobot/deps PYTHONPATH=/cc_ws/tros_ws/install/lib/python3.10/site-packages:/cc_ws/tros_ws/install/local/lib/python3.10/dist-packages:${PYTHONPATH} /usr/bin/cmake --build /cc_ws/tros_ws/build/dnn_node_sample -- -j12 -l12
[9.144s] Invoking command in '/cc_ws/tros_ws/build/dnn_node_sample': AMENT_PREFIX_PATH=/cc_ws/tros_ws/install:${AMENT_PREFIX_PATH} CMAKE_PREFIX_PATH=/cc_ws/tros_ws/install:/opt/ros/humble LD_LIBRARY_PATH=/cc_ws/tros_ws/install/lib:/opt/ros/humble/opt/rviz_ogre_vendor/lib:/opt/ros/humble/lib/aarch64-linux-gnu:/opt/ros/humble/lib:/cc_ws/userdata/hobot/opt/hobot/deps PYTHONPATH=/cc_ws/tros_ws/install/lib/python3.10/site-packages:/cc_ws/tros_ws/install/local/lib/python3.10/dist-packages:${PYTHONPATH} /usr/bin/cmake --install /cc_ws/tros_ws/build/dnn_node_sample
[9.206s] -- Install configuration: ""
[9.207s] -- Up-to-date: /cc_ws/tros_ws/install/lib/dnn_node_sample/dnn_node_sample
[9.208s] -- Up-to-date: /cc_ws/tros_ws/install/lib/dnn_node_sample/config/
[9.208s] -- Up-to-date: /cc_ws/tros_ws/install/lib/dnn_node_sample/config//yolov5_672x672_nv12.bin
[9.210s] -- Up-to-date: /cc_ws/tros_ws/install/lib/dnn_node_sample/config//target.jpg
[9.211s] -- Up-to-date: /cc_ws/tros_ws/install/share/dnn_node_sample/launch
[9.213s] -- Up-to-date: /cc_ws/tros_ws/install/share/dnn_node_sample/launch/dnn_node_sample.launch.py
[9.214s] -- Up-to-date: /cc_ws/tros_ws/install/share/ament_index/resource_index/package_run_dependencies/dnn_node_sample
[9.215s] -- Up-to-date: /cc_ws/tros_ws/install/share/ament_index/resource_index/parent_prefix_path/dnn_node_sample
[9.217s] -- Up-to-date: /cc_ws/tros_ws/install/share/dnn_node_sample/environment/ament_prefix_path.sh
[9.219s] -- Installing: /cc_ws/tros_ws/install/share/dnn_node_sample/environment/ament_prefix_path.dsv
[9.221s] -- Up-to-date: /cc_ws/tros_ws/install/share/dnn_node_sample/environment/path.sh
[9.221s] -- Installing: /cc_ws/tros_ws/install/share/dnn_node_sample/environment/path.dsv
[9.222s] -- Up-to-date: /cc_ws/tros_ws/install/share/dnn_node_sample/local_setup.bash
[9.223s] -- Up-to-date: /cc_ws/tros_ws/install/share/dnn_node_sample/local_setup.sh
[9.224s] -- Up-to-date: /cc_ws/tros_ws/install/share/dnn_node_sample/local_setup.zsh
[9.224s] -- Installing: /cc_ws/tros_ws/install/share/dnn_node_sample/local_setup.dsv
[9.229s] -- Installing: /cc_ws/tros_ws/install/share/dnn_node_sample/package.dsv
[9.230s] -- Up-to-date: /cc_ws/tros_ws/install/share/ament_index/resource_index/packages/dnn_node_sample
[9.238s] -- Up-to-date: /cc_ws/tros_ws/install/share/dnn_node_sample/cmake/dnn_node_sampleConfig.cmake
[9.239s] -- Up-to-date: /cc_ws/tros_ws/install/share/dnn_node_sample/cmake/dnn_node_sampleConfig-version.cmake
[9.239s] -- Up-to-date: /cc_ws/tros_ws/install/share/dnn_node_sample/package.xml
[9.247s] Invoked command in '/cc_ws/tros_ws/build/dnn_node_sample' returned '0': AMENT_PREFIX_PATH=/cc_ws/tros_ws/install:${AMENT_PREFIX_PATH} CMAKE_PREFIX_PATH=/cc_ws/tros_ws/install:/opt/ros/humble LD_LIBRARY_PATH=/cc_ws/tros_ws/install/lib:/opt/ros/humble/opt/rviz_ogre_vendor/lib:/opt/ros/humble/lib/aarch64-linux-gnu:/opt/ros/humble/lib:/cc_ws/userdata/hobot/opt/hobot/deps PYTHONPATH=/cc_ws/tros_ws/install/lib/python3.10/site-packages:/cc_ws/tros_ws/install/local/lib/python3.10/dist-packages:${PYTHONPATH} /usr/bin/cmake --install /cc_ws/tros_ws/build/dnn_node_sample
