[0.052s] Invoking command in '/cc_ws/tros_ws/build/hobot_usb_cam': AMENT_PREFIX_PATH=/cc_ws/tros_ws/install:${AMENT_PREFIX_PATH} CMAKE_PREFIX_PATH=/cc_ws/tros_ws/install:/opt/ros/humble LD_LIBRARY_PATH=/cc_ws/tros_ws/install/lib:/opt/ros/humble/opt/rviz_ogre_vendor/lib:/opt/ros/humble/lib/aarch64-linux-gnu:/opt/ros/humble/lib:/cc_ws/userdata/hobot/opt/hobot/deps PYTHONPATH=/cc_ws/tros_ws/install/local/lib/python3.10/dist-packages:/cc_ws/tros_ws/install/lib/python3.10/site-packages:${PYTHONPATH} /usr/bin/cmake /cc_ws/tros_ws/src/box/hobot_sensor/hobot_usb_cam -DCMAKE_EXPORT_COMPILE_COMMANDS=ON --no-warn-unused-cli -DCMAKE_TOOLCHAIN_FILE=/cc_ws/tros_ws/robot_dev_config/aarch64_toolchainfile.cmake -DPLATFORM_X5=ON -DTHIRDPARTY=ON -DBUILD_TESTING=OFF -DCMAKE_BUILD_RPATH=/cc_ws/tros_ws/build/poco_vendor/poco_external_project_install/lib/;/cc_ws/tros_ws/build/libyaml_vendor/libyaml_install/lib/ -DCMAKE_INSTALL_PREFIX=/cc_ws/tros_ws/install
[0.071s] Not searching for unused variables given on the command line.
[0.089s] -- Found hbm_img_msgs: 2.0.0 (/cc_ws/tros_ws/robot_dev_config/../install/share/hbm_img_msgs/cmake)
[0.473s] [33mCMake Warning (dev) at /opt/ros/humble/share/ament_cmake_test/cmake/ament_cmake_test-extras.cmake:19 (option):
[0.474s]   Policy CMP0077 is not set: option() honors normal variables.  Run "cmake
[0.474s]   --help-policy CMP0077" for policy details.  Use the cmake_policy command to
[0.474s]   set the policy and suppress this warning.
[0.474s] 
[0.475s]   For compatibility with older versions of CMake, option is clearing the
[0.475s]   normal variable 'BUILD_TESTING'.
[0.475s] Call Stack (most recent call first):
[0.475s]   /opt/ros/humble/share/ament_cmake_test/cmake/ament_cmake_testConfig.cmake:41 (include)
[0.476s]   /opt/ros/humble/share/ament_cmake/cmake/ament_cmake_export_dependencies-extras.cmake:21 (find_package)
[0.476s]   /opt/ros/humble/share/ament_cmake/cmake/ament_cmakeConfig.cmake:41 (include)
[0.476s]   /opt/ros/humble/share/rcutils/cmake/ament_cmake_export_dependencies-extras.cmake:21 (find_package)
[0.476s]   /opt/ros/humble/share/rcutils/cmake/rcutilsConfig.cmake:41 (include)
[0.477s]   /opt/ros/humble/share/rosidl_runtime_c/cmake/ament_cmake_export_dependencies-extras.cmake:21 (find_package)
[0.477s]   /opt/ros/humble/share/rosidl_runtime_c/cmake/rosidl_runtime_cConfig.cmake:41 (include)
[0.477s]   /opt/ros/humble/share/builtin_interfaces/cmake/ament_cmake_export_dependencies-extras.cmake:21 (find_package)
[0.489s]   /opt/ros/humble/share/builtin_interfaces/cmake/builtin_interfacesConfig.cmake:41 (include)
[0.489s]   /cc_ws/tros_ws/install/share/hbm_img_msgs/cmake/ament_cmake_export_dependencies-extras.cmake:21 (find_package)
[0.489s]   /cc_ws/tros_ws/install/share/hbm_img_msgs/cmake/hbm_img_msgsConfig.cmake:41 (include)
[0.490s]   CMakeLists.txt:32 (find_package)
[0.490s] This warning is for project developers.  Use -Wno-dev to suppress it.
[0.490s] [0m
[0.504s] -- Found rosidl_generator_c: 3.1.5 (/opt/ros/humble/share/rosidl_generator_c/cmake)
[0.534s] -- Found rosidl_adapter: 3.1.5 (/opt/ros/humble/share/rosidl_adapter/cmake)
[0.534s] -- Found rosidl_generator_cpp: 3.1.5 (/opt/ros/humble/share/rosidl_generator_cpp/cmake)
[0.572s] -- Using all available rosidl_typesupport_c: rosidl_typesupport_fastrtps_c;rosidl_typesupport_introspection_c
[0.625s] -- Using all available rosidl_typesupport_cpp: rosidl_typesupport_fastrtps_cpp;rosidl_typesupport_introspection_cpp
[0.876s] -- Found ament_cmake_auto: 1.3.8 (/opt/ros/humble/share/ament_cmake_auto/cmake)
[1.291s] -- Found rmw_implementation_cmake: 6.1.1 (/opt/ros/humble/share/rmw_implementation_cmake/cmake)
[1.295s] -- Found rmw_fastrtps_cpp: 6.2.6 (/opt/ros/humble/share/rmw_fastrtps_cpp/cmake)
[1.740s] -- Using RMW implementation 'rmw_fastrtps_cpp' as default
[3.266s] -- Found ament_lint_auto: 0.12.10 (/opt/ros/humble/share/ament_lint_auto/cmake)
[3.329s] -- Added test 'copyright' to check source files copyright and LICENSE
[3.340s] -- Added test 'cppcheck' to perform static code analysis on C / C++ code
[3.341s] -- Configured cppcheck include dirs: /cc_ws/tros_ws/src/box/hobot_sensor/hobot_usb_cam/include
[3.341s] -- Configured cppcheck exclude dirs and/or files: 
[3.354s] -- Added test 'cpplint' to check C / C++ code against the Google style
[3.354s] -- Configured cpplint exclude dirs and/or files: 
[3.358s] -- Added test 'flake8' to check Python code syntax and style conventions
[3.361s] -- Added test 'lint_cmake' to check CMake code style
[3.364s] -- Added test 'pep257' to check Python code against some of the docstring style conventions in PEP 257
[3.372s] -- Added test 'uncrustify' to check C / C++ code style
[3.372s] -- Configured uncrustify additional arguments: 
[3.374s] -- Added test 'xmllint' to check XML markup files
[3.376s] -- Configuring done
[3.435s] -- Generating done
[3.441s] -- Build files have been written to: /cc_ws/tros_ws/build/hobot_usb_cam
[3.484s] Invoked command in '/cc_ws/tros_ws/build/hobot_usb_cam' returned '0': AMENT_PREFIX_PATH=/cc_ws/tros_ws/install:${AMENT_PREFIX_PATH} CMAKE_PREFIX_PATH=/cc_ws/tros_ws/install:/opt/ros/humble LD_LIBRARY_PATH=/cc_ws/tros_ws/install/lib:/opt/ros/humble/opt/rviz_ogre_vendor/lib:/opt/ros/humble/lib/aarch64-linux-gnu:/opt/ros/humble/lib:/cc_ws/userdata/hobot/opt/hobot/deps PYTHONPATH=/cc_ws/tros_ws/install/local/lib/python3.10/dist-packages:/cc_ws/tros_ws/install/lib/python3.10/site-packages:${PYTHONPATH} /usr/bin/cmake /cc_ws/tros_ws/src/box/hobot_sensor/hobot_usb_cam -DCMAKE_EXPORT_COMPILE_COMMANDS=ON --no-warn-unused-cli -DCMAKE_TOOLCHAIN_FILE=/cc_ws/tros_ws/robot_dev_config/aarch64_toolchainfile.cmake -DPLATFORM_X5=ON -DTHIRDPARTY=ON -DBUILD_TESTING=OFF -DCMAKE_BUILD_RPATH=/cc_ws/tros_ws/build/poco_vendor/poco_external_project_install/lib/;/cc_ws/tros_ws/build/libyaml_vendor/libyaml_install/lib/ -DCMAKE_INSTALL_PREFIX=/cc_ws/tros_ws/install
[3.485s] Invoking command in '/cc_ws/tros_ws/build/hobot_usb_cam': AMENT_PREFIX_PATH=/cc_ws/tros_ws/install:${AMENT_PREFIX_PATH} CMAKE_PREFIX_PATH=/cc_ws/tros_ws/install:/opt/ros/humble LD_LIBRARY_PATH=/cc_ws/tros_ws/install/lib:/opt/ros/humble/opt/rviz_ogre_vendor/lib:/opt/ros/humble/lib/aarch64-linux-gnu:/opt/ros/humble/lib:/cc_ws/userdata/hobot/opt/hobot/deps PYTHONPATH=/cc_ws/tros_ws/install/local/lib/python3.10/dist-packages:/cc_ws/tros_ws/install/lib/python3.10/site-packages:${PYTHONPATH} /usr/bin/cmake --build /cc_ws/tros_ws/build/hobot_usb_cam -- -j12 -l12
[4.016s] [35m[1mConsolidate compiler generated dependencies of target hobot_usb_cam[0m
[4.017s] [100%] Built target hobot_usb_cam
[4.047s] Invoked command in '/cc_ws/tros_ws/build/hobot_usb_cam' returned '0': AMENT_PREFIX_PATH=/cc_ws/tros_ws/install:${AMENT_PREFIX_PATH} CMAKE_PREFIX_PATH=/cc_ws/tros_ws/install:/opt/ros/humble LD_LIBRARY_PATH=/cc_ws/tros_ws/install/lib:/opt/ros/humble/opt/rviz_ogre_vendor/lib:/opt/ros/humble/lib/aarch64-linux-gnu:/opt/ros/humble/lib:/cc_ws/userdata/hobot/opt/hobot/deps PYTHONPATH=/cc_ws/tros_ws/install/local/lib/python3.10/dist-packages:/cc_ws/tros_ws/install/lib/python3.10/site-packages:${PYTHONPATH} /usr/bin/cmake --build /cc_ws/tros_ws/build/hobot_usb_cam -- -j12 -l12
[4.170s] Invoking command in '/cc_ws/tros_ws/build/hobot_usb_cam': AMENT_PREFIX_PATH=/cc_ws/tros_ws/install:${AMENT_PREFIX_PATH} CMAKE_PREFIX_PATH=/cc_ws/tros_ws/install:/opt/ros/humble LD_LIBRARY_PATH=/cc_ws/tros_ws/install/lib:/opt/ros/humble/opt/rviz_ogre_vendor/lib:/opt/ros/humble/lib/aarch64-linux-gnu:/opt/ros/humble/lib:/cc_ws/userdata/hobot/opt/hobot/deps PYTHONPATH=/cc_ws/tros_ws/install/local/lib/python3.10/dist-packages:/cc_ws/tros_ws/install/lib/python3.10/site-packages:${PYTHONPATH} /usr/bin/cmake --install /cc_ws/tros_ws/build/hobot_usb_cam
[4.339s] -- Install configuration: ""
[4.339s] -- Up-to-date: /cc_ws/tros_ws/install/lib/hobot_usb_cam/hobot_usb_cam
[4.339s] -- Up-to-date: /cc_ws/tros_ws/install/share/hobot_usb_cam//launch
[4.340s] -- Up-to-date: /cc_ws/tros_ws/install/share/hobot_usb_cam//launch/hobot_usb_cam_websocket.launch.py
[4.340s] -- Up-to-date: /cc_ws/tros_ws/install/share/hobot_usb_cam//launch/hobot_usb_cam.launch.py
[4.340s] -- Up-to-date: /cc_ws/tros_ws/install/share/ament_index/resource_index/package_run_dependencies/hobot_usb_cam
[4.340s] -- Up-to-date: /cc_ws/tros_ws/install/share/ament_index/resource_index/parent_prefix_path/hobot_usb_cam
[4.340s] -- Up-to-date: /cc_ws/tros_ws/install/share/hobot_usb_cam/environment/ament_prefix_path.sh
[4.341s] -- Installing: /cc_ws/tros_ws/install/share/hobot_usb_cam/environment/ament_prefix_path.dsv
[4.341s] -- Up-to-date: /cc_ws/tros_ws/install/share/hobot_usb_cam/environment/path.sh
[4.341s] -- Installing: /cc_ws/tros_ws/install/share/hobot_usb_cam/environment/path.dsv
[4.341s] -- Up-to-date: /cc_ws/tros_ws/install/share/hobot_usb_cam/local_setup.bash
[4.341s] -- Up-to-date: /cc_ws/tros_ws/install/share/hobot_usb_cam/local_setup.sh
[4.342s] -- Up-to-date: /cc_ws/tros_ws/install/share/hobot_usb_cam/local_setup.zsh
[4.342s] -- Installing: /cc_ws/tros_ws/install/share/hobot_usb_cam/local_setup.dsv
[4.342s] -- Installing: /cc_ws/tros_ws/install/share/hobot_usb_cam/package.dsv
[4.342s] -- Up-to-date: /cc_ws/tros_ws/install/share/ament_index/resource_index/packages/hobot_usb_cam
[4.342s] -- Up-to-date: /cc_ws/tros_ws/install/share/hobot_usb_cam/cmake/hobot_usb_camConfig.cmake
[4.342s] -- Up-to-date: /cc_ws/tros_ws/install/share/hobot_usb_cam/cmake/hobot_usb_camConfig-version.cmake
[4.343s] -- Up-to-date: /cc_ws/tros_ws/install/share/hobot_usb_cam/package.xml
[4.382s] Invoked command in '/cc_ws/tros_ws/build/hobot_usb_cam' returned '0': AMENT_PREFIX_PATH=/cc_ws/tros_ws/install:${AMENT_PREFIX_PATH} CMAKE_PREFIX_PATH=/cc_ws/tros_ws/install:/opt/ros/humble LD_LIBRARY_PATH=/cc_ws/tros_ws/install/lib:/opt/ros/humble/opt/rviz_ogre_vendor/lib:/opt/ros/humble/lib/aarch64-linux-gnu:/opt/ros/humble/lib:/cc_ws/userdata/hobot/opt/hobot/deps PYTHONPATH=/cc_ws/tros_ws/install/local/lib/python3.10/dist-packages:/cc_ws/tros_ws/install/lib/python3.10/site-packages:${PYTHONPATH} /usr/bin/cmake --install /cc_ws/tros_ws/build/hobot_usb_cam
