[0.481s] Invoking command in '/cc_ws/tros_ws/build/mono3d_indoor_detection': AMENT_PREFIX_PATH=/cc_ws/tros_ws/install:${AMENT_PREFIX_PATH} CMAKE_PREFIX_PATH=/cc_ws/tros_ws/install:/opt/ros/humble LD_LIBRARY_PATH=/cc_ws/tros_ws/install/lib:/opt/ros/humble/opt/rviz_ogre_vendor/lib:/opt/ros/humble/lib/aarch64-linux-gnu:/opt/ros/humble/lib:/cc_ws/userdata/hobot/opt/hobot/deps PYTHONPATH=/cc_ws/tros_ws/install/lib/python3.10/site-packages:/cc_ws/tros_ws/install/local/lib/python3.10/dist-packages:${PYTHONPATH} /usr/bin/cmake /cc_ws/tros_ws/src/box/hobot_perception/mono3d_indoor_detection -DCMAKE_EXPORT_COMPILE_COMMANDS=ON --no-warn-unused-cli -DCMAKE_TOOLCHAIN_FILE=/cc_ws/tros_ws/robot_dev_config/aarch64_toolchainfile.cmake -DPLATFORM_X5=ON -DTHIRDPARTY=ON -DBUILD_TESTING=OFF -DCMAKE_BUILD_RPATH=/cc_ws/tros_ws/build/poco_vendor/poco_external_project_install/lib/;/cc_ws/tros_ws/build/libyaml_vendor/libyaml_install/lib/ -DCMAKE_INSTALL_PREFIX=/cc_ws/tros_ws/install
[0.506s] Not searching for unused variables given on the command line.
[0.543s] -- Found ament_cmake: 1.3.8 (/opt/ros/humble/share/ament_cmake/cmake)
[1.309s] [33mCMake Warning (dev) at /opt/ros/humble/share/ament_cmake_test/cmake/ament_cmake_test-extras.cmake:19 (option):
[1.310s]   Policy CMP0077 is not set: option() honors normal variables.  Run "cmake
[1.311s]   --help-policy CMP0077" for policy details.  Use the cmake_policy command to
[1.311s]   set the policy and suppress this warning.
[1.312s] 
[1.312s]   For compatibility with older versions of CMake, option is clearing the
[1.313s]   normal variable 'BUILD_TESTING'.
[1.313s] Call Stack (most recent call first):
[1.313s]   /opt/ros/humble/share/ament_cmake_test/cmake/ament_cmake_testConfig.cmake:41 (include)
[1.314s]   /opt/ros/humble/share/ament_cmake/cmake/ament_cmake_export_dependencies-extras.cmake:21 (find_package)
[1.314s]   /opt/ros/humble/share/ament_cmake/cmake/ament_cmakeConfig.cmake:41 (include)
[1.315s]   CMakeLists.txt:35 (find_package)
[1.315s] This warning is for project developers.  Use -Wno-dev to suppress it.
[1.315s] [0m
[1.321s] -- Found rclcpp: 16.0.8 (/opt/ros/humble/share/rclcpp/cmake)
[1.539s] -- Found rosidl_generator_c: 3.1.5 (/opt/ros/humble/share/rosidl_generator_c/cmake)
[1.549s] -- Found rosidl_adapter: 3.1.5 (/opt/ros/humble/share/rosidl_adapter/cmake)
[1.596s] -- Found rosidl_generator_cpp: 3.1.5 (/opt/ros/humble/share/rosidl_generator_cpp/cmake)
[1.710s] -- Using all available rosidl_typesupport_c: rosidl_typesupport_fastrtps_c;rosidl_typesupport_introspection_c
[1.817s] -- Using all available rosidl_typesupport_cpp: rosidl_typesupport_fastrtps_cpp;rosidl_typesupport_introspection_cpp
[2.180s] -- Found rmw_implementation_cmake: 6.1.1 (/opt/ros/humble/share/rmw_implementation_cmake/cmake)
[2.190s] -- Found rmw_fastrtps_cpp: 6.2.6 (/opt/ros/humble/share/rmw_fastrtps_cpp/cmake)
[3.236s] -- Using RMW implementation 'rmw_fastrtps_cpp' as default
[4.324s] -- Found ai_msgs: 2.0.1 (/cc_ws/tros_ws/robot_dev_config/../install/share/ai_msgs/cmake)
[6.230s] -- Found dnn_node: 2.5.4 (/cc_ws/tros_ws/robot_dev_config/../install/share/dnn_node/cmake)
[6.312s] -- Found hbm_img_msgs: 2.0.0 (/cc_ws/tros_ws/robot_dev_config/../install/share/hbm_img_msgs/cmake)
[6.645s] [0mbuild platform X5[0m
[6.646s] [0mCMAKE_SYSROOT is /cc_ws/tros_ws/robot_dev_config/../../sysroot_docker[0m
[7.068s] -- Configuring done
[7.263s] -- Generating done
[7.278s] -- Build files have been written to: /cc_ws/tros_ws/build/mono3d_indoor_detection
[7.317s] Invoked command in '/cc_ws/tros_ws/build/mono3d_indoor_detection' returned '0': AMENT_PREFIX_PATH=/cc_ws/tros_ws/install:${AMENT_PREFIX_PATH} CMAKE_PREFIX_PATH=/cc_ws/tros_ws/install:/opt/ros/humble LD_LIBRARY_PATH=/cc_ws/tros_ws/install/lib:/opt/ros/humble/opt/rviz_ogre_vendor/lib:/opt/ros/humble/lib/aarch64-linux-gnu:/opt/ros/humble/lib:/cc_ws/userdata/hobot/opt/hobot/deps PYTHONPATH=/cc_ws/tros_ws/install/lib/python3.10/site-packages:/cc_ws/tros_ws/install/local/lib/python3.10/dist-packages:${PYTHONPATH} /usr/bin/cmake /cc_ws/tros_ws/src/box/hobot_perception/mono3d_indoor_detection -DCMAKE_EXPORT_COMPILE_COMMANDS=ON --no-warn-unused-cli -DCMAKE_TOOLCHAIN_FILE=/cc_ws/tros_ws/robot_dev_config/aarch64_toolchainfile.cmake -DPLATFORM_X5=ON -DTHIRDPARTY=ON -DBUILD_TESTING=OFF -DCMAKE_BUILD_RPATH=/cc_ws/tros_ws/build/poco_vendor/poco_external_project_install/lib/;/cc_ws/tros_ws/build/libyaml_vendor/libyaml_install/lib/ -DCMAKE_INSTALL_PREFIX=/cc_ws/tros_ws/install
[7.318s] Invoking command in '/cc_ws/tros_ws/build/mono3d_indoor_detection': AMENT_PREFIX_PATH=/cc_ws/tros_ws/install:${AMENT_PREFIX_PATH} CMAKE_PREFIX_PATH=/cc_ws/tros_ws/install:/opt/ros/humble LD_LIBRARY_PATH=/cc_ws/tros_ws/install/lib:/opt/ros/humble/opt/rviz_ogre_vendor/lib:/opt/ros/humble/lib/aarch64-linux-gnu:/opt/ros/humble/lib:/cc_ws/userdata/hobot/opt/hobot/deps PYTHONPATH=/cc_ws/tros_ws/install/lib/python3.10/site-packages:/cc_ws/tros_ws/install/local/lib/python3.10/dist-packages:${PYTHONPATH} /usr/bin/cmake --build /cc_ws/tros_ws/build/mono3d_indoor_detection -- -j12 -l12
[7.475s] [35m[1mConsolidate compiler generated dependencies of target mono3d_indoor_detection[0m
[7.550s] [35m[1mConsolidate compiler generated dependencies of target image_publisher[0m
[7.667s] [ 66%] Built target mono3d_indoor_detection
[7.708s] [100%] Built target image_publisher
[7.844s] Invoked command in '/cc_ws/tros_ws/build/mono3d_indoor_detection' returned '0': AMENT_PREFIX_PATH=/cc_ws/tros_ws/install:${AMENT_PREFIX_PATH} CMAKE_PREFIX_PATH=/cc_ws/tros_ws/install:/opt/ros/humble LD_LIBRARY_PATH=/cc_ws/tros_ws/install/lib:/opt/ros/humble/opt/rviz_ogre_vendor/lib:/opt/ros/humble/lib/aarch64-linux-gnu:/opt/ros/humble/lib:/cc_ws/userdata/hobot/opt/hobot/deps PYTHONPATH=/cc_ws/tros_ws/install/lib/python3.10/site-packages:/cc_ws/tros_ws/install/local/lib/python3.10/dist-packages:${PYTHONPATH} /usr/bin/cmake --build /cc_ws/tros_ws/build/mono3d_indoor_detection -- -j12 -l12
[8.333s] Invoking command in '/cc_ws/tros_ws/build/mono3d_indoor_detection': AMENT_PREFIX_PATH=/cc_ws/tros_ws/install:${AMENT_PREFIX_PATH} CMAKE_PREFIX_PATH=/cc_ws/tros_ws/install:/opt/ros/humble LD_LIBRARY_PATH=/cc_ws/tros_ws/install/lib:/opt/ros/humble/opt/rviz_ogre_vendor/lib:/opt/ros/humble/lib/aarch64-linux-gnu:/opt/ros/humble/lib:/cc_ws/userdata/hobot/opt/hobot/deps PYTHONPATH=/cc_ws/tros_ws/install/lib/python3.10/site-packages:/cc_ws/tros_ws/install/local/lib/python3.10/dist-packages:${PYTHONPATH} /usr/bin/cmake --install /cc_ws/tros_ws/build/mono3d_indoor_detection
[8.358s] -- Install configuration: ""
[8.359s] -- Up-to-date: /cc_ws/tros_ws/install/lib/mono3d_indoor_detection/mono3d_indoor_detection
[8.360s] -- Up-to-date: /cc_ws/tros_ws/install/lib/mono3d_indoor_detection/image_publisher
[8.361s] -- Up-to-date: /cc_ws/tros_ws/install/lib/mono3d_indoor_detection/config/
[8.361s] -- Up-to-date: /cc_ws/tros_ws/install/lib/mono3d_indoor_detection/config//centernet.hbm
[8.362s] -- Up-to-date: /cc_ws/tros_ws/install/lib/mono3d_indoor_detection/config//images
[8.362s] -- Up-to-date: /cc_ws/tros_ws/install/lib/mono3d_indoor_detection/config//images/3d_detection.png
[8.363s] -- Up-to-date: /cc_ws/tros_ws/install/lib/mono3d_indoor_detection/config/centernet.yaml
[8.363s] -- Up-to-date: /cc_ws/tros_ws/install/share/mono3d_indoor_detection/launch
[8.364s] -- Up-to-date: /cc_ws/tros_ws/install/share/mono3d_indoor_detection/launch/mono3d_indoor_detection_pipeline.launch.py
[8.365s] -- Up-to-date: /cc_ws/tros_ws/install/share/mono3d_indoor_detection/launch/mono3d_indoor_detection.launch.py
[8.365s] -- Up-to-date: /cc_ws/tros_ws/install/share/ament_index/resource_index/package_run_dependencies/mono3d_indoor_detection
[8.365s] -- Up-to-date: /cc_ws/tros_ws/install/share/ament_index/resource_index/parent_prefix_path/mono3d_indoor_detection
[8.366s] -- Up-to-date: /cc_ws/tros_ws/install/share/mono3d_indoor_detection/environment/ament_prefix_path.sh
[8.366s] -- Installing: /cc_ws/tros_ws/install/share/mono3d_indoor_detection/environment/ament_prefix_path.dsv
[8.367s] -- Up-to-date: /cc_ws/tros_ws/install/share/mono3d_indoor_detection/environment/path.sh
[8.367s] -- Installing: /cc_ws/tros_ws/install/share/mono3d_indoor_detection/environment/path.dsv
[8.367s] -- Up-to-date: /cc_ws/tros_ws/install/share/mono3d_indoor_detection/local_setup.bash
[8.368s] -- Up-to-date: /cc_ws/tros_ws/install/share/mono3d_indoor_detection/local_setup.sh
[8.368s] -- Up-to-date: /cc_ws/tros_ws/install/share/mono3d_indoor_detection/local_setup.zsh
[8.368s] -- Installing: /cc_ws/tros_ws/install/share/mono3d_indoor_detection/local_setup.dsv
[8.369s] -- Installing: /cc_ws/tros_ws/install/share/mono3d_indoor_detection/package.dsv
[8.369s] -- Up-to-date: /cc_ws/tros_ws/install/share/ament_index/resource_index/packages/mono3d_indoor_detection
[8.370s] -- Up-to-date: /cc_ws/tros_ws/install/share/mono3d_indoor_detection/cmake/mono3d_indoor_detectionConfig.cmake
[8.371s] -- Up-to-date: /cc_ws/tros_ws/install/share/mono3d_indoor_detection/cmake/mono3d_indoor_detectionConfig-version.cmake
[8.372s] -- Up-to-date: /cc_ws/tros_ws/install/share/mono3d_indoor_detection/package.xml
[8.416s] Invoked command in '/cc_ws/tros_ws/build/mono3d_indoor_detection' returned '0': AMENT_PREFIX_PATH=/cc_ws/tros_ws/install:${AMENT_PREFIX_PATH} CMAKE_PREFIX_PATH=/cc_ws/tros_ws/install:/opt/ros/humble LD_LIBRARY_PATH=/cc_ws/tros_ws/install/lib:/opt/ros/humble/opt/rviz_ogre_vendor/lib:/opt/ros/humble/lib/aarch64-linux-gnu:/opt/ros/humble/lib:/cc_ws/userdata/hobot/opt/hobot/deps PYTHONPATH=/cc_ws/tros_ws/install/lib/python3.10/site-packages:/cc_ws/tros_ws/install/local/lib/python3.10/dist-packages:${PYTHONPATH} /usr/bin/cmake --install /cc_ws/tros_ws/build/mono3d_indoor_detection
