[0.088s] Invoking command in '/cc_ws/tros_ws/build/reid': AMENT_PREFIX_PATH=/cc_ws/tros_ws/install:${AMENT_PREFIX_PATH} CMAKE_PREFIX_PATH=/cc_ws/tros_ws/install:/opt/ros/humble LD_LIBRARY_PATH=/cc_ws/tros_ws/install/lib:/opt/ros/humble/opt/rviz_ogre_vendor/lib:/opt/ros/humble/lib/aarch64-linux-gnu:/opt/ros/humble/lib:/cc_ws/userdata/hobot/opt/hobot/deps PYTHONPATH=/cc_ws/tros_ws/install/lib/python3.10/site-packages:/cc_ws/tros_ws/install/local/lib/python3.10/dist-packages:${PYTHONPATH} /usr/bin/cmake /cc_ws/tros_ws/src/box/hobot_perception/reid -DCMAKE_EXPORT_COMPILE_COMMANDS=ON --no-warn-unused-cli -DCMAKE_TOOLCHAIN_FILE=/cc_ws/tros_ws/robot_dev_config/aarch64_toolchainfile.cmake -DPLATFORM_X5=ON -DTHIRDPARTY=ON -DBUILD_TESTING=OFF -DCMAKE_BUILD_RPATH=/cc_ws/tros_ws/build/poco_vendor/poco_external_project_install/lib/;/cc_ws/tros_ws/build/libyaml_vendor/libyaml_install/lib/ -DCMAKE_INSTALL_PREFIX=/cc_ws/tros_ws/install
[0.442s] Not searching for unused variables given on the command line.
[0.442s] -- Found ament_cmake: 1.3.8 (/opt/ros/humble/share/ament_cmake/cmake)
[0.525s] [33mCMake Warning (dev) at /opt/ros/humble/share/ament_cmake_test/cmake/ament_cmake_test-extras.cmake:19 (option):
[0.525s]   Policy CMP0077 is not set: option() honors normal variables.  Run "cmake
[0.526s]   --help-policy CMP0077" for policy details.  Use the cmake_policy command to
[0.526s]   set the policy and suppress this warning.
[0.526s] 
[0.526s]   For compatibility with older versions of CMake, option is clearing the
[0.527s]   normal variable 'BUILD_TESTING'.
[0.527s] Call Stack (most recent call first):
[0.527s]   /opt/ros/humble/share/ament_cmake_test/cmake/ament_cmake_testConfig.cmake:41 (include)
[0.527s]   /opt/ros/humble/share/ament_cmake/cmake/ament_cmake_export_dependencies-extras.cmake:21 (find_package)
[0.527s]   /opt/ros/humble/share/ament_cmake/cmake/ament_cmakeConfig.cmake:41 (include)
[0.528s]   CMakeLists.txt:33 (find_package)
[0.528s] This warning is for project developers.  Use -Wno-dev to suppress it.
[0.528s] [0m
[0.529s] -- Found rclcpp: 16.0.8 (/opt/ros/humble/share/rclcpp/cmake)
[0.631s] -- Found rosidl_generator_c: 3.1.5 (/opt/ros/humble/share/rosidl_generator_c/cmake)
[0.661s] -- Found rosidl_adapter: 3.1.5 (/opt/ros/humble/share/rosidl_adapter/cmake)
[0.661s] -- Found rosidl_generator_cpp: 3.1.5 (/opt/ros/humble/share/rosidl_generator_cpp/cmake)
[0.704s] -- Using all available rosidl_typesupport_c: rosidl_typesupport_fastrtps_c;rosidl_typesupport_introspection_c
[0.763s] -- Using all available rosidl_typesupport_cpp: rosidl_typesupport_fastrtps_cpp;rosidl_typesupport_introspection_cpp
[0.982s] -- Found rmw_implementation_cmake: 6.1.1 (/opt/ros/humble/share/rmw_implementation_cmake/cmake)
[0.982s] -- Found rmw_fastrtps_cpp: 6.2.6 (/opt/ros/humble/share/rmw_fastrtps_cpp/cmake)
[1.302s] -- Using RMW implementation 'rmw_fastrtps_cpp' as default
[1.914s] -- Found sensor_msgs: 4.2.3 (/opt/ros/humble/share/sensor_msgs/cmake)
[2.304s] -- Found ai_msgs: 2.0.1 (/cc_ws/tros_ws/robot_dev_config/../install/share/ai_msgs/cmake)
[2.603s] -- Found dnn_node: 2.5.4 (/cc_ws/tros_ws/robot_dev_config/../install/share/dnn_node/cmake)
[2.623s] -- Found hbm_img_msgs: 2.0.0 (/cc_ws/tros_ws/robot_dev_config/../install/share/hbm_img_msgs/cmake)
[2.727s] [0mbuild platform X5[0m
[2.729s] [0mCMAKE_SYSROOT is /cc_ws/tros_ws/robot_dev_config/../../sysroot_docker[0m
[3.033s] -- Configuring done
[3.120s] -- Generating done
[3.130s] -- Build files have been written to: /cc_ws/tros_ws/build/reid
[3.157s] Invoked command in '/cc_ws/tros_ws/build/reid' returned '0': AMENT_PREFIX_PATH=/cc_ws/tros_ws/install:${AMENT_PREFIX_PATH} CMAKE_PREFIX_PATH=/cc_ws/tros_ws/install:/opt/ros/humble LD_LIBRARY_PATH=/cc_ws/tros_ws/install/lib:/opt/ros/humble/opt/rviz_ogre_vendor/lib:/opt/ros/humble/lib/aarch64-linux-gnu:/opt/ros/humble/lib:/cc_ws/userdata/hobot/opt/hobot/deps PYTHONPATH=/cc_ws/tros_ws/install/lib/python3.10/site-packages:/cc_ws/tros_ws/install/local/lib/python3.10/dist-packages:${PYTHONPATH} /usr/bin/cmake /cc_ws/tros_ws/src/box/hobot_perception/reid -DCMAKE_EXPORT_COMPILE_COMMANDS=ON --no-warn-unused-cli -DCMAKE_TOOLCHAIN_FILE=/cc_ws/tros_ws/robot_dev_config/aarch64_toolchainfile.cmake -DPLATFORM_X5=ON -DTHIRDPARTY=ON -DBUILD_TESTING=OFF -DCMAKE_BUILD_RPATH=/cc_ws/tros_ws/build/poco_vendor/poco_external_project_install/lib/;/cc_ws/tros_ws/build/libyaml_vendor/libyaml_install/lib/ -DCMAKE_INSTALL_PREFIX=/cc_ws/tros_ws/install
[3.159s] Invoking command in '/cc_ws/tros_ws/build/reid': AMENT_PREFIX_PATH=/cc_ws/tros_ws/install:${AMENT_PREFIX_PATH} CMAKE_PREFIX_PATH=/cc_ws/tros_ws/install:/opt/ros/humble LD_LIBRARY_PATH=/cc_ws/tros_ws/install/lib:/opt/ros/humble/opt/rviz_ogre_vendor/lib:/opt/ros/humble/lib/aarch64-linux-gnu:/opt/ros/humble/lib:/cc_ws/userdata/hobot/opt/hobot/deps PYTHONPATH=/cc_ws/tros_ws/install/lib/python3.10/site-packages:/cc_ws/tros_ws/install/local/lib/python3.10/dist-packages:${PYTHONPATH} /usr/bin/cmake --build /cc_ws/tros_ws/build/reid -- -j12 -l12
[3.294s] [35m[1mConsolidate compiler generated dependencies of target reid[0m
[3.364s] [ 14%] [32m[1mLinking CXX executable reid[0m
[7.170s] [100%] Built target reid
[7.194s] Invoked command in '/cc_ws/tros_ws/build/reid' returned '0': AMENT_PREFIX_PATH=/cc_ws/tros_ws/install:${AMENT_PREFIX_PATH} CMAKE_PREFIX_PATH=/cc_ws/tros_ws/install:/opt/ros/humble LD_LIBRARY_PATH=/cc_ws/tros_ws/install/lib:/opt/ros/humble/opt/rviz_ogre_vendor/lib:/opt/ros/humble/lib/aarch64-linux-gnu:/opt/ros/humble/lib:/cc_ws/userdata/hobot/opt/hobot/deps PYTHONPATH=/cc_ws/tros_ws/install/lib/python3.10/site-packages:/cc_ws/tros_ws/install/local/lib/python3.10/dist-packages:${PYTHONPATH} /usr/bin/cmake --build /cc_ws/tros_ws/build/reid -- -j12 -l12
[7.250s] Invoking command in '/cc_ws/tros_ws/build/reid': AMENT_PREFIX_PATH=/cc_ws/tros_ws/install:${AMENT_PREFIX_PATH} CMAKE_PREFIX_PATH=/cc_ws/tros_ws/install:/opt/ros/humble LD_LIBRARY_PATH=/cc_ws/tros_ws/install/lib:/opt/ros/humble/opt/rviz_ogre_vendor/lib:/opt/ros/humble/lib/aarch64-linux-gnu:/opt/ros/humble/lib:/cc_ws/userdata/hobot/opt/hobot/deps PYTHONPATH=/cc_ws/tros_ws/install/lib/python3.10/site-packages:/cc_ws/tros_ws/install/local/lib/python3.10/dist-packages:${PYTHONPATH} /usr/bin/cmake --install /cc_ws/tros_ws/build/reid
[7.264s] -- Install configuration: ""
[7.264s] -- Installing: /cc_ws/tros_ws/install/lib/reid/reid
[7.279s] -- Set runtime path of "/cc_ws/tros_ws/install/lib/reid/reid" to ""
[7.280s] -- Up-to-date: /cc_ws/tros_ws/install/lib/reid/config/
[7.281s] -- Up-to-date: /cc_ws/tros_ws/install/lib/reid/config//reid.bin
[7.281s] -- Up-to-date: /cc_ws/tros_ws/install/lib/reid/config/960x544.nv12
[7.282s] -- Up-to-date: /cc_ws/tros_ws/install/share/reid/launch
[7.282s] -- Up-to-date: /cc_ws/tros_ws/install/share/reid/launch/reid.launch.py
[7.282s] -- Up-to-date: /cc_ws/tros_ws/install/share/ament_index/resource_index/package_run_dependencies/reid
[7.283s] -- Up-to-date: /cc_ws/tros_ws/install/share/ament_index/resource_index/parent_prefix_path/reid
[7.283s] -- Up-to-date: /cc_ws/tros_ws/install/share/reid/environment/ament_prefix_path.sh
[7.283s] -- Installing: /cc_ws/tros_ws/install/share/reid/environment/ament_prefix_path.dsv
[7.283s] -- Up-to-date: /cc_ws/tros_ws/install/share/reid/environment/path.sh
[7.284s] -- Installing: /cc_ws/tros_ws/install/share/reid/environment/path.dsv
[7.284s] -- Up-to-date: /cc_ws/tros_ws/install/share/reid/local_setup.bash
[7.285s] -- Up-to-date: /cc_ws/tros_ws/install/share/reid/local_setup.sh
[7.285s] -- Up-to-date: /cc_ws/tros_ws/install/share/reid/local_setup.zsh
[7.286s] -- Installing: /cc_ws/tros_ws/install/share/reid/local_setup.dsv
[7.286s] -- Installing: /cc_ws/tros_ws/install/share/reid/package.dsv
[7.286s] -- Up-to-date: /cc_ws/tros_ws/install/share/ament_index/resource_index/packages/reid
[7.287s] -- Up-to-date: /cc_ws/tros_ws/install/share/reid/cmake/reidConfig.cmake
[7.287s] -- Up-to-date: /cc_ws/tros_ws/install/share/reid/cmake/reidConfig-version.cmake
[7.287s] -- Up-to-date: /cc_ws/tros_ws/install/share/reid/package.xml
[7.289s] Invoked command in '/cc_ws/tros_ws/build/reid' returned '0': AMENT_PREFIX_PATH=/cc_ws/tros_ws/install:${AMENT_PREFIX_PATH} CMAKE_PREFIX_PATH=/cc_ws/tros_ws/install:/opt/ros/humble LD_LIBRARY_PATH=/cc_ws/tros_ws/install/lib:/opt/ros/humble/opt/rviz_ogre_vendor/lib:/opt/ros/humble/lib/aarch64-linux-gnu:/opt/ros/humble/lib:/cc_ws/userdata/hobot/opt/hobot/deps PYTHONPATH=/cc_ws/tros_ws/install/lib/python3.10/site-packages:/cc_ws/tros_ws/install/local/lib/python3.10/dist-packages:${PYTHONPATH} /usr/bin/cmake --install /cc_ws/tros_ws/build/reid
