[0.092s] Invoking command in '/cc_ws/tros_ws/build/hobot_chatbot': CMAKE_PREFIX_PATH=/opt/ros/humble /usr/bin/cmake /cc_ws/tros_ws/src/app/hobot_chatbot -DCMAKE_EXPORT_COMPILE_COMMANDS=ON --no-warn-unused-cli -DCMAKE_TOOLCHAIN_FILE=/cc_ws/tros_ws/robot_dev_config/aarch64_toolchainfile.cmake -DPLATFORM_X5=ON -DTHIRDPARTY=ON -DBUILD_TESTING=OFF -DCMAKE_BUILD_RPATH=/cc_ws/tros_ws/build/poco_vendor/poco_external_project_install/lib/;/cc_ws/tros_ws/build/libyaml_vendor/libyaml_install/lib/ -DCMAKE_INSTALL_PREFIX=/cc_ws/tros_ws/install
[13.426s] Not searching for unused variables given on the command line.
[13.430s] -- The C compiler identification is GNU 11.4.0
[13.430s] -- The CXX compiler identification is GNU 11.4.0
[13.431s] -- Detecting C compiler ABI info
[13.431s] -- Detecting C compiler ABI info - done
[13.431s] -- Check for working C compiler: /usr/bin/aarch64-linux-gnu-gcc - skipped
[13.431s] -- Detecting C compile features
[13.431s] -- Detecting C compile features - done
[13.432s] -- Detecting CXX compiler ABI info
[13.432s] -- Detecting CXX compiler ABI info - done
[13.432s] -- Check for working CXX compiler: /usr/bin/aarch64-linux-gnu-g++ - skipped
[13.432s] -- Detecting CXX compile features
[13.432s] -- Detecting CXX compile features - done
[13.433s] -- Found ament_cmake: 1.3.8 (/opt/ros/humble/share/ament_cmake/cmake)
[13.433s] -- Found Python3: /usr/bin/python3 (found version "3.10.12") found components: Interpreter 
[13.434s] -- Configuring done
[13.435s] -- Generating done
[13.435s] -- Build files have been written to: /cc_ws/tros_ws/build/hobot_chatbot
[13.435s] [33mCMake Warning (dev) at /opt/ros/humble/share/ament_cmake_test/cmake/ament_cmake_test-extras.cmake:19 (option):
[13.437s]   Policy CMP0077 is not set: option() honors normal variables.  Run "cmake
[13.439s]   --help-policy CMP0077" for policy details.  Use the cmake_policy command to
[13.440s]   set the policy and suppress this warning.
[13.441s] 
[13.442s]   For compatibility with older versions of CMake, option is clearing the
[13.442s]   normal variable 'BUILD_TESTING'.
[13.442s] Call Stack (most recent call first):
[13.443s]   /opt/ros/humble/share/ament_cmake_test/cmake/ament_cmake_testConfig.cmake:41 (include)
[13.443s]   /opt/ros/humble/share/ament_cmake/cmake/ament_cmake_export_dependencies-extras.cmake:21 (find_package)
[13.443s]   /opt/ros/humble/share/ament_cmake/cmake/ament_cmakeConfig.cmake:41 (include)
[13.443s]   CMakeLists.txt:19 (find_package)
[13.444s] This warning is for project developers.  Use -Wno-dev to suppress it.
[13.455s] [0m
[13.516s] Invoked command in '/cc_ws/tros_ws/build/hobot_chatbot' returned '0': CMAKE_PREFIX_PATH=/opt/ros/humble /usr/bin/cmake /cc_ws/tros_ws/src/app/hobot_chatbot -DCMAKE_EXPORT_COMPILE_COMMANDS=ON --no-warn-unused-cli -DCMAKE_TOOLCHAIN_FILE=/cc_ws/tros_ws/robot_dev_config/aarch64_toolchainfile.cmake -DPLATFORM_X5=ON -DTHIRDPARTY=ON -DBUILD_TESTING=OFF -DCMAKE_BUILD_RPATH=/cc_ws/tros_ws/build/poco_vendor/poco_external_project_install/lib/;/cc_ws/tros_ws/build/libyaml_vendor/libyaml_install/lib/ -DCMAKE_INSTALL_PREFIX=/cc_ws/tros_ws/install
[13.523s] Invoking command in '/cc_ws/tros_ws/build/hobot_chatbot': CMAKE_PREFIX_PATH=/opt/ros/humble /usr/bin/cmake --build /cc_ws/tros_ws/build/hobot_chatbot -- -j12 -l12
[13.585s] Invoked command in '/cc_ws/tros_ws/build/hobot_chatbot' returned '0': CMAKE_PREFIX_PATH=/opt/ros/humble /usr/bin/cmake --build /cc_ws/tros_ws/build/hobot_chatbot -- -j12 -l12
[13.672s] Invoking command in '/cc_ws/tros_ws/build/hobot_chatbot': CMAKE_PREFIX_PATH=/opt/ros/humble /usr/bin/cmake --install /cc_ws/tros_ws/build/hobot_chatbot
[15.211s] -- Install configuration: ""
[15.211s] -- Installing: /cc_ws/tros_ws/install/share/hobot_chatbot/launch
[15.212s] -- Installing: /cc_ws/tros_ws/install/share/hobot_chatbot/launch/chatbot.launch.py
[15.212s] -- Installing: /cc_ws/tros_ws/install/share/ament_index/resource_index/package_run_dependencies/hobot_chatbot
[15.212s] -- Installing: /cc_ws/tros_ws/install/share/ament_index/resource_index/parent_prefix_path/hobot_chatbot
[15.212s] -- Installing: /cc_ws/tros_ws/install/share/hobot_chatbot/environment/ament_prefix_path.sh
[15.213s] -- Installing: /cc_ws/tros_ws/install/share/hobot_chatbot/environment/ament_prefix_path.dsv
[15.213s] -- Installing: /cc_ws/tros_ws/install/share/hobot_chatbot/environment/path.sh
[15.213s] -- Installing: /cc_ws/tros_ws/install/share/hobot_chatbot/environment/path.dsv
[15.213s] -- Installing: /cc_ws/tros_ws/install/share/hobot_chatbot/local_setup.bash
[15.214s] -- Installing: /cc_ws/tros_ws/install/share/hobot_chatbot/local_setup.sh
[15.214s] -- Installing: /cc_ws/tros_ws/install/share/hobot_chatbot/local_setup.zsh
[15.214s] -- Installing: /cc_ws/tros_ws/install/share/hobot_chatbot/local_setup.dsv
[15.214s] -- Installing: /cc_ws/tros_ws/install/share/hobot_chatbot/package.dsv
[15.214s] -- Installing: /cc_ws/tros_ws/install/share/ament_index/resource_index/packages/hobot_chatbot
[15.215s] -- Installing: /cc_ws/tros_ws/install/share/hobot_chatbot/cmake/hobot_chatbotConfig.cmake
[15.215s] -- Installing: /cc_ws/tros_ws/install/share/hobot_chatbot/cmake/hobot_chatbotConfig-version.cmake
[15.215s] -- Installing: /cc_ws/tros_ws/install/share/hobot_chatbot/package.xml
[15.260s] Invoked command in '/cc_ws/tros_ws/build/hobot_chatbot' returned '0': CMAKE_PREFIX_PATH=/opt/ros/humble /usr/bin/cmake --install /cc_ws/tros_ws/build/hobot_chatbot
