[33mCMake Warning (dev) at /opt/ros/humble/share/ament_cmake_test/cmake/ament_cmake_test-extras.cmake:19 (option):
  Policy CMP0077 is not set: option() honors normal variables.  Run "cmake
  --help-policy CMP0077" for policy details.  Use the cmake_policy command to
  set the policy and suppress this warning.

  For compatibility with older versions of CMake, option is clearing the
  normal variable 'BUILD_TESTING'.
Call Stack (most recent call first):
  /opt/ros/humble/share/ament_cmake_test/cmake/ament_cmake_testConfig.cmake:41 (include)
  /opt/ros/humble/share/ament_cmake/cmake/ament_cmake_export_dependencies-extras.cmake:21 (find_package)
  /opt/ros/humble/share/ament_cmake/cmake/ament_cmakeConfig.cmake:41 (include)
  /opt/ros/humble/share/rcutils/cmake/ament_cmake_export_dependencies-extras.cmake:21 (find_package)
  /opt/ros/humble/share/rcutils/cmake/rcutilsConfig.cmake:41 (include)
  /opt/ros/humble/share/rosidl_runtime_c/cmake/ament_cmake_export_dependencies-extras.cmake:21 (find_package)
  /opt/ros/humble/share/rosidl_runtime_c/cmake/rosidl_runtime_cConfig.cmake:41 (include)
  /opt/ros/humble/share/builtin_interfaces/cmake/ament_cmake_export_dependencies-extras.cmake:21 (find_package)
  /opt/ros/humble/share/builtin_interfaces/cmake/builtin_interfacesConfig.cmake:41 (include)
  /cc_ws/tros_ws/install/share/hbm_img_msgs/cmake/ament_cmake_export_dependencies-extras.cmake:21 (find_package)
  /cc_ws/tros_ws/install/share/hbm_img_msgs/cmake/hbm_img_msgsConfig.cmake:41 (include)
  CMakeLists.txt:34 (find_package)
This warning is for project developers.  Use -Wno-dev to suppress it.
[0m
[0mbuild platform X5[0m
[0mPREFIX_PATH: x5[0m
