[0.043s] Invoking command in '/cc_ws/tros_ws/build/trigger_node': CMAKE_PREFIX_PATH=/opt/ros/humble /usr/bin/cmake /cc_ws/tros_ws/src/box/hobot_trigger/trigger_node -DCMAKE_EXPORT_COMPILE_COMMANDS=ON --no-warn-unused-cli -DCMAKE_TOOLCHAIN_FILE=/cc_ws/tros_ws/robot_dev_config/aarch64_toolchainfile.cmake -DPLATFORM_X5=ON -DTHIRDPARTY=ON -DBUILD_TESTING=OFF -DCMAKE_BUILD_RPATH=/cc_ws/tros_ws/build/poco_vendor/poco_external_project_install/lib/;/cc_ws/tros_ws/build/libyaml_vendor/libyaml_install/lib/ -DCMAKE_INSTALL_PREFIX=/cc_ws/tros_ws/install
[1.430s] Not searching for unused variables given on the command line.
[1.430s] -- Found ament_cmake: 1.3.8 (/opt/ros/humble/share/ament_cmake/cmake)
[1.430s] -- Found rclcpp: 16.0.8 (/opt/ros/humble/share/rclcpp/cmake)
[1.431s] -- Found rosidl_generator_c: 3.1.5 (/opt/ros/humble/share/rosidl_generator_c/cmake)
[1.431s] -- Found rosidl_adapter: 3.1.5 (/opt/ros/humble/share/rosidl_adapter/cmake)
[1.431s] -- Found rosidl_generator_cpp: 3.1.5 (/opt/ros/humble/share/rosidl_generator_cpp/cmake)
[1.431s] -- Using all available rosidl_typesupport_c: rosidl_typesupport_fastrtps_c;rosidl_typesupport_introspection_c
[1.431s] -- Using all available rosidl_typesupport_cpp: rosidl_typesupport_fastrtps_cpp;rosidl_typesupport_introspection_cpp
[1.431s] -- Found rmw_implementation_cmake: 6.1.1 (/opt/ros/humble/share/rmw_implementation_cmake/cmake)
[1.431s] -- Found rmw_fastrtps_cpp: 6.2.6 (/opt/ros/humble/share/rmw_fastrtps_cpp/cmake)
[1.431s] -- Using RMW implementation 'rmw_fastrtps_cpp' as default
[1.431s] -- Found rosbag2_cpp: 0.15.9 (/opt/ros/humble/share/rosbag2_cpp/cmake)
[1.433s] [33mCMake Warning (dev) at /opt/ros/humble/share/ament_cmake_test/cmake/ament_cmake_test-extras.cmake:19 (option):
[1.434s]   Policy CMP0077 is not set: option() honors normal variables.  Run "cmake
[1.434s]   --help-policy CMP0077" for policy details.  Use the cmake_policy command to
[1.434s]   set the policy and suppress this warning.
[1.434s] 
[1.434s]   For compatibility with older versions of CMake, option is clearing the
[1.434s]   normal variable 'BUILD_TESTING'.
[1.434s] Call Stack (most recent call first):
[1.434s]   /opt/ros/humble/share/ament_cmake_test/cmake/ament_cmake_testConfig.cmake:41 (include)
[1.434s]   /opt/ros/humble/share/ament_cmake/cmake/ament_cmake_export_dependencies-extras.cmake:21 (find_package)
[1.434s]   /opt/ros/humble/share/ament_cmake/cmake/ament_cmakeConfig.cmake:41 (include)
[1.435s]   CMakeLists.txt:33 (find_package)
[1.435s] This warning is for project developers.  Use -Wno-dev to suppress it.
[1.435s] [0m
[1.435s] [0minvalid platform, build platform X3 default[0m
[1.435s] [0mPREFIX_PATH is x3[0m
[1.435s] [0mSYS_ROOT is /cc_ws/tros_ws/robot_dev_config/../../sysroot_docker[0m
[1.505s] -- Configuring done
[1.537s] -- Generating done
[1.541s] -- Build files have been written to: /cc_ws/tros_ws/build/trigger_node
[1.569s] Invoked command in '/cc_ws/tros_ws/build/trigger_node' returned '0': CMAKE_PREFIX_PATH=/opt/ros/humble /usr/bin/cmake /cc_ws/tros_ws/src/box/hobot_trigger/trigger_node -DCMAKE_EXPORT_COMPILE_COMMANDS=ON --no-warn-unused-cli -DCMAKE_TOOLCHAIN_FILE=/cc_ws/tros_ws/robot_dev_config/aarch64_toolchainfile.cmake -DPLATFORM_X5=ON -DTHIRDPARTY=ON -DBUILD_TESTING=OFF -DCMAKE_BUILD_RPATH=/cc_ws/tros_ws/build/poco_vendor/poco_external_project_install/lib/;/cc_ws/tros_ws/build/libyaml_vendor/libyaml_install/lib/ -DCMAKE_INSTALL_PREFIX=/cc_ws/tros_ws/install
[1.569s] Invoking command in '/cc_ws/tros_ws/build/trigger_node': CMAKE_PREFIX_PATH=/opt/ros/humble /usr/bin/cmake --build /cc_ws/tros_ws/build/trigger_node -- -j12 -l12
[1.691s] [35m[1mConsolidate compiler generated dependencies of target trigger_node[0m
[1.696s] [100%] Built target trigger_node
[1.719s] Invoked command in '/cc_ws/tros_ws/build/trigger_node' returned '0': CMAKE_PREFIX_PATH=/opt/ros/humble /usr/bin/cmake --build /cc_ws/tros_ws/build/trigger_node -- -j12 -l12
[1.750s] Invoking command in '/cc_ws/tros_ws/build/trigger_node': CMAKE_PREFIX_PATH=/opt/ros/humble /usr/bin/cmake --install /cc_ws/tros_ws/build/trigger_node
[1.799s] -- Install configuration: ""
[1.799s] -- Up-to-date: /cc_ws/tros_ws/install/lib/libtrigger_node.so
[1.799s] -- Up-to-date: /cc_ws/tros_ws/install/include/trigger_node/trigger_node.h
[1.799s] -- Up-to-date: /cc_ws/tros_ws/install/lib/libtrigger_node.so
[1.799s] -- Up-to-date: /cc_ws/tros_ws/install/share/trigger_node/environment/library_path.sh
[1.799s] -- Installing: /cc_ws/tros_ws/install/share/trigger_node/environment/library_path.dsv
[1.799s] -- Up-to-date: /cc_ws/tros_ws/install/share/ament_index/resource_index/package_run_dependencies/trigger_node
[1.800s] -- Up-to-date: /cc_ws/tros_ws/install/share/ament_index/resource_index/parent_prefix_path/trigger_node
[1.800s] -- Up-to-date: /cc_ws/tros_ws/install/share/trigger_node/environment/ament_prefix_path.sh
[1.800s] -- Installing: /cc_ws/tros_ws/install/share/trigger_node/environment/ament_prefix_path.dsv
[1.800s] -- Up-to-date: /cc_ws/tros_ws/install/share/trigger_node/environment/path.sh
[1.800s] -- Installing: /cc_ws/tros_ws/install/share/trigger_node/environment/path.dsv
[1.800s] -- Up-to-date: /cc_ws/tros_ws/install/share/trigger_node/local_setup.bash
[1.800s] -- Up-to-date: /cc_ws/tros_ws/install/share/trigger_node/local_setup.sh
[1.800s] -- Up-to-date: /cc_ws/tros_ws/install/share/trigger_node/local_setup.zsh
[1.800s] -- Installing: /cc_ws/tros_ws/install/share/trigger_node/local_setup.dsv
[1.800s] -- Installing: /cc_ws/tros_ws/install/share/trigger_node/package.dsv
[1.801s] -- Up-to-date: /cc_ws/tros_ws/install/share/ament_index/resource_index/packages/trigger_node
[1.801s] -- Up-to-date: /cc_ws/tros_ws/install/share/trigger_node/cmake/trigger_nodeExport.cmake
[1.801s] -- Up-to-date: /cc_ws/tros_ws/install/share/trigger_node/cmake/trigger_nodeExport-noconfig.cmake
[1.801s] -- Up-to-date: /cc_ws/tros_ws/install/share/trigger_node/cmake/ament_cmake_export_include_directories-extras.cmake
[1.801s] -- Up-to-date: /cc_ws/tros_ws/install/share/trigger_node/cmake/ament_cmake_export_libraries-extras.cmake
[1.801s] -- Up-to-date: /cc_ws/tros_ws/install/share/trigger_node/cmake/ament_cmake_export_targets-extras.cmake
[1.801s] -- Up-to-date: /cc_ws/tros_ws/install/share/trigger_node/cmake/trigger_nodeConfig.cmake
[1.801s] -- Up-to-date: /cc_ws/tros_ws/install/share/trigger_node/cmake/trigger_nodeConfig-version.cmake
[1.801s] -- Up-to-date: /cc_ws/tros_ws/install/share/trigger_node/package.xml
[1.921s] Invoked command in '/cc_ws/tros_ws/build/trigger_node' returned '0': CMAKE_PREFIX_PATH=/opt/ros/humble /usr/bin/cmake --install /cc_ws/tros_ws/build/trigger_node
