[0.120s] Invoking command in '/cc_ws/tros_ws/build/hobot_visualization': AMENT_PREFIX_PATH=/cc_ws/tros_ws/install:${AMENT_PREFIX_PATH} CMAKE_PREFIX_PATH=/cc_ws/tros_ws/install:/opt/ros/humble LD_LIBRARY_PATH=/cc_ws/tros_ws/install/lib:/opt/ros/humble/opt/rviz_ogre_vendor/lib:/opt/ros/humble/lib/aarch64-linux-gnu:/opt/ros/humble/lib:/cc_ws/userdata/hobot/opt/hobot/deps PYTHONPATH=/cc_ws/tros_ws/install/local/lib/python3.10/dist-packages:/cc_ws/tros_ws/install/lib/python3.10/site-packages:${PYTHONPATH} /usr/bin/cmake /cc_ws/tros_ws/src/tools/hobot_visualization -DCMAKE_EXPORT_COMPILE_COMMANDS=ON --no-warn-unused-cli -DCMAKE_TOOLCHAIN_FILE=/cc_ws/tros_ws/robot_dev_config/aarch64_toolchainfile.cmake -DPLATFORM_X5=ON -DTHIRDPARTY=ON -DBUILD_TESTING=OFF -DCMAKE_BUILD_RPATH=/cc_ws/tros_ws/build/poco_vendor/poco_external_project_install/lib/;/cc_ws/tros_ws/build/libyaml_vendor/libyaml_install/lib/ -DCMAKE_INSTALL_PREFIX=/cc_ws/tros_ws/install
[1.774s] Not searching for unused variables given on the command line.
[1.775s] -- Found ament_cmake: 1.3.8 (/opt/ros/humble/share/ament_cmake/cmake)
[1.775s] -- Found ai_msgs: 2.0.1 (/cc_ws/tros_ws/robot_dev_config/../install/share/ai_msgs/cmake)
[1.775s] -- Found rosidl_generator_c: 3.1.5 (/opt/ros/humble/share/rosidl_generator_c/cmake)
[1.775s] -- Found rosidl_adapter: 3.1.5 (/opt/ros/humble/share/rosidl_adapter/cmake)
[1.776s] -- Found rosidl_generator_cpp: 3.1.5 (/opt/ros/humble/share/rosidl_generator_cpp/cmake)
[1.776s] -- Using all available rosidl_typesupport_c: rosidl_typesupport_fastrtps_c;rosidl_typesupport_introspection_c
[1.776s] -- Using all available rosidl_typesupport_cpp: rosidl_typesupport_fastrtps_cpp;rosidl_typesupport_introspection_cpp
[1.777s] [33mCMake Warning (dev) at /opt/ros/humble/share/ament_cmake_test/cmake/ament_cmake_test-extras.cmake:19 (option):
[1.777s]   Policy CMP0077 is not set: option() honors normal variables.  Run "cmake
[1.777s]   --help-policy CMP0077" for policy details.  Use the cmake_policy command to
[1.777s]   set the policy and suppress this warning.
[1.778s] 
[1.778s]   For compatibility with older versions of CMake, option is clearing the
[1.778s]   normal variable 'BUILD_TESTING'.
[1.778s] Call Stack (most recent call first):
[1.779s]   /opt/ros/humble/share/ament_cmake_test/cmake/ament_cmake_testConfig.cmake:41 (include)
[1.779s]   /opt/ros/humble/share/ament_cmake/cmake/ament_cmake_export_dependencies-extras.cmake:21 (find_package)
[1.779s]   /opt/ros/humble/share/ament_cmake/cmake/ament_cmakeConfig.cmake:41 (include)
[1.779s]   CMakeLists.txt:19 (find_package)
[1.788s] This warning is for project developers.  Use -Wno-dev to suppress it.
[1.789s] [0m
[4.892s] -- Found rclcpp: 16.0.8 (/opt/ros/humble/share/rclcpp/cmake)
[5.637s] -- Found rmw_implementation_cmake: 6.1.1 (/opt/ros/humble/share/rmw_implementation_cmake/cmake)
[5.665s] -- Found rmw_fastrtps_cpp: 6.2.6 (/opt/ros/humble/share/rmw_fastrtps_cpp/cmake)
[6.862s] -- Using RMW implementation 'rmw_fastrtps_cpp' as default
[8.409s] -- Found visualization_msgs: 4.2.3 (/opt/ros/humble/share/visualization_msgs/cmake)
[9.245s] [0minvalid platform, build platform X3 default[0m
[9.246s] [0mPREFIX_PATH is x3[0m
[9.246s] [0mSYS_ROOT is /cc_ws/tros_ws/robot_dev_config/../../sysroot_docker[0m
[9.741s] -- Configuring done
[9.878s] -- Generating done
[9.879s] -- Build files have been written to: /cc_ws/tros_ws/build/hobot_visualization
[10.137s] Invoked command in '/cc_ws/tros_ws/build/hobot_visualization' returned '0': AMENT_PREFIX_PATH=/cc_ws/tros_ws/install:${AMENT_PREFIX_PATH} CMAKE_PREFIX_PATH=/cc_ws/tros_ws/install:/opt/ros/humble LD_LIBRARY_PATH=/cc_ws/tros_ws/install/lib:/opt/ros/humble/opt/rviz_ogre_vendor/lib:/opt/ros/humble/lib/aarch64-linux-gnu:/opt/ros/humble/lib:/cc_ws/userdata/hobot/opt/hobot/deps PYTHONPATH=/cc_ws/tros_ws/install/local/lib/python3.10/dist-packages:/cc_ws/tros_ws/install/lib/python3.10/site-packages:${PYTHONPATH} /usr/bin/cmake /cc_ws/tros_ws/src/tools/hobot_visualization -DCMAKE_EXPORT_COMPILE_COMMANDS=ON --no-warn-unused-cli -DCMAKE_TOOLCHAIN_FILE=/cc_ws/tros_ws/robot_dev_config/aarch64_toolchainfile.cmake -DPLATFORM_X5=ON -DTHIRDPARTY=ON -DBUILD_TESTING=OFF -DCMAKE_BUILD_RPATH=/cc_ws/tros_ws/build/poco_vendor/poco_external_project_install/lib/;/cc_ws/tros_ws/build/libyaml_vendor/libyaml_install/lib/ -DCMAKE_INSTALL_PREFIX=/cc_ws/tros_ws/install
[10.169s] Invoking command in '/cc_ws/tros_ws/build/hobot_visualization': AMENT_PREFIX_PATH=/cc_ws/tros_ws/install:${AMENT_PREFIX_PATH} CMAKE_PREFIX_PATH=/cc_ws/tros_ws/install:/opt/ros/humble LD_LIBRARY_PATH=/cc_ws/tros_ws/install/lib:/opt/ros/humble/opt/rviz_ogre_vendor/lib:/opt/ros/humble/lib/aarch64-linux-gnu:/opt/ros/humble/lib:/cc_ws/userdata/hobot/opt/hobot/deps PYTHONPATH=/cc_ws/tros_ws/install/local/lib/python3.10/dist-packages:/cc_ws/tros_ws/install/lib/python3.10/site-packages:${PYTHONPATH} /usr/bin/cmake --build /cc_ws/tros_ws/build/hobot_visualization -- -j12 -l12
[10.656s] [35m[1mConsolidate compiler generated dependencies of target hobot_visualization[0m
[10.706s] [ 33%] [32m[1mLinking CXX executable hobot_visualization[0m
[13.730s] [100%] Built target hobot_visualization
[13.783s] Invoked command in '/cc_ws/tros_ws/build/hobot_visualization' returned '0': AMENT_PREFIX_PATH=/cc_ws/tros_ws/install:${AMENT_PREFIX_PATH} CMAKE_PREFIX_PATH=/cc_ws/tros_ws/install:/opt/ros/humble LD_LIBRARY_PATH=/cc_ws/tros_ws/install/lib:/opt/ros/humble/opt/rviz_ogre_vendor/lib:/opt/ros/humble/lib/aarch64-linux-gnu:/opt/ros/humble/lib:/cc_ws/userdata/hobot/opt/hobot/deps PYTHONPATH=/cc_ws/tros_ws/install/local/lib/python3.10/dist-packages:/cc_ws/tros_ws/install/lib/python3.10/site-packages:${PYTHONPATH} /usr/bin/cmake --build /cc_ws/tros_ws/build/hobot_visualization -- -j12 -l12
[13.946s] Invoking command in '/cc_ws/tros_ws/build/hobot_visualization': AMENT_PREFIX_PATH=/cc_ws/tros_ws/install:${AMENT_PREFIX_PATH} CMAKE_PREFIX_PATH=/cc_ws/tros_ws/install:/opt/ros/humble LD_LIBRARY_PATH=/cc_ws/tros_ws/install/lib:/opt/ros/humble/opt/rviz_ogre_vendor/lib:/opt/ros/humble/lib/aarch64-linux-gnu:/opt/ros/humble/lib:/cc_ws/userdata/hobot/opt/hobot/deps PYTHONPATH=/cc_ws/tros_ws/install/local/lib/python3.10/dist-packages:/cc_ws/tros_ws/install/lib/python3.10/site-packages:${PYTHONPATH} /usr/bin/cmake --install /cc_ws/tros_ws/build/hobot_visualization
[16.420s] -- Install configuration: ""
[16.420s] -- Installing: /cc_ws/tros_ws/install/lib/hobot_visualization/hobot_visualization
[16.421s] -- Set runtime path of "/cc_ws/tros_ws/install/lib/hobot_visualization/hobot_visualization" to ""
[16.421s] -- Up-to-date: /cc_ws/tros_ws/install/share/hobot_visualization/launch
[16.421s] -- Up-to-date: /cc_ws/tros_ws/install/share/hobot_visualization/launch/hobot_vis_render.launch.py
[16.421s] -- Up-to-date: /cc_ws/tros_ws/install/share/ament_index/resource_index/package_run_dependencies/hobot_visualization
[16.422s] -- Up-to-date: /cc_ws/tros_ws/install/share/ament_index/resource_index/parent_prefix_path/hobot_visualization
[16.422s] -- Up-to-date: /cc_ws/tros_ws/install/share/hobot_visualization/environment/ament_prefix_path.sh
[16.422s] -- Installing: /cc_ws/tros_ws/install/share/hobot_visualization/environment/ament_prefix_path.dsv
[16.422s] -- Up-to-date: /cc_ws/tros_ws/install/share/hobot_visualization/environment/path.sh
[16.423s] -- Installing: /cc_ws/tros_ws/install/share/hobot_visualization/environment/path.dsv
[16.423s] -- Up-to-date: /cc_ws/tros_ws/install/share/hobot_visualization/local_setup.bash
[16.423s] -- Up-to-date: /cc_ws/tros_ws/install/share/hobot_visualization/local_setup.sh
[16.423s] -- Up-to-date: /cc_ws/tros_ws/install/share/hobot_visualization/local_setup.zsh
[16.423s] -- Installing: /cc_ws/tros_ws/install/share/hobot_visualization/local_setup.dsv
[16.424s] -- Installing: /cc_ws/tros_ws/install/share/hobot_visualization/package.dsv
[16.424s] -- Up-to-date: /cc_ws/tros_ws/install/share/ament_index/resource_index/packages/hobot_visualization
[16.428s] -- Up-to-date: /cc_ws/tros_ws/install/share/hobot_visualization/cmake/hobot_visualizationConfig.cmake
[16.445s] -- Up-to-date: /cc_ws/tros_ws/install/share/hobot_visualization/cmake/hobot_visualizationConfig-version.cmake
[16.446s] -- Up-to-date: /cc_ws/tros_ws/install/share/hobot_visualization/package.xml
[16.478s] Invoked command in '/cc_ws/tros_ws/build/hobot_visualization' returned '0': AMENT_PREFIX_PATH=/cc_ws/tros_ws/install:${AMENT_PREFIX_PATH} CMAKE_PREFIX_PATH=/cc_ws/tros_ws/install:/opt/ros/humble LD_LIBRARY_PATH=/cc_ws/tros_ws/install/lib:/opt/ros/humble/opt/rviz_ogre_vendor/lib:/opt/ros/humble/lib/aarch64-linux-gnu:/opt/ros/humble/lib:/cc_ws/userdata/hobot/opt/hobot/deps PYTHONPATH=/cc_ws/tros_ws/install/local/lib/python3.10/dist-packages:/cc_ws/tros_ws/install/lib/python3.10/site-packages:${PYTHONPATH} /usr/bin/cmake --install /cc_ws/tros_ws/build/hobot_visualization
