Not searching for unused variables given on the command line.
-- Found OpenCV: /cc_ws/sysroot_docker/usr_x5 (found version "4.5.4") 
-- Found ament_cmake_auto: 1.3.8 (/opt/ros/humble/share/ament_cmake_auto/cmake)
-- Found rosidl_generator_c: 3.1.5 (/opt/ros/humble/share/rosidl_generator_c/cmake)
-- Found rosidl_adapter: 3.1.5 (/opt/ros/humble/share/rosidl_adapter/cmake)
-- Found rosidl_generator_cpp: 3.1.5 (/opt/ros/humble/share/rosidl_generator_cpp/cmake)
-- Using all available rosidl_typesupport_c: rosidl_typesupport_fastrtps_c;rosidl_typesupport_introspection_c
-- Using all available rosidl_typesupport_cpp: rosidl_typesupport_fastrtps_cpp;rosidl_typesupport_introspection_cpp
-- Found rmw_implementation_cmake: 6.1.1 (/opt/ros/humble/share/rmw_implementation_cmake/cmake)
-- Found rmw_fastrtps_cpp: 6.2.6 (/opt/ros/humble/share/rmw_fastrtps_cpp/cmake)
-- Using RMW implementation 'rmw_fastrtps_cpp' as default
-- Found OpenCV: /cc_ws/sysroot_docker/usr_x5 (found suitable version "4.5.4", minimum required is "4") 
-- Configuring done
-- Generating done
-- Build files have been written to: /cc_ws/tros_ws/build/mipi_cam
[35m[1mConsolidate compiler generated dependencies of target mipi_cam_plugin[0m
[ 86%] Built target mipi_cam_plugin
[35m[1mConsolidate compiler generated dependencies of target mipi_cam[0m
[100%] Built target mipi_cam
-- Install configuration: "Release"
-- Up-to-date: /cc_ws/tros_ws/install/lib/mipi_cam/mipi_cam
-- Up-to-date: /cc_ws/tros_ws/install/lib/mipi_cam/mipi_cam
-- Up-to-date: /cc_ws/tros_ws/install/lib/libmipi_cam_plugin.so
-- Up-to-date: /cc_ws/tros_ws/install/lib/mipi_cam/config/
-- Up-to-date: /cc_ws/tros_ws/install/lib/mipi_cam/config//SC230ai_dual_calibration.yaml
-- Up-to-date: /cc_ws/tros_ws/install/lib/mipi_cam/config//sc132gs_calibration.yaml
-- Up-to-date: /cc_ws/tros_ws/install/lib/mipi_cam/config//GC4663_calibration.yaml
-- Up-to-date: /cc_ws/tros_ws/install/lib/mipi_cam/config//sc132gs_calibration_90.yaml
-- Up-to-date: /cc_ws/tros_ws/install/lib/mipi_cam/config//SC132gs_dual_calibration.yaml
-- Up-to-date: /cc_ws/tros_ws/install/lib/mipi_cam/config//F37_calibration.yaml
-- Up-to-date: /cc_ws/tros_ws/install/share/mipi_cam//launch
-- Up-to-date: /cc_ws/tros_ws/install/share/mipi_cam//launch/mipi_cam.launch.py
-- Up-to-date: /cc_ws/tros_ws/install/share/mipi_cam//launch/mipi_cam_topic_remap.launch.py
-- Up-to-date: /cc_ws/tros_ws/install/share/mipi_cam//launch/mipi_cam_websocket.launch.py
-- Up-to-date: /cc_ws/tros_ws/install/share/mipi_cam//launch/mipi_cam_dual_channel.launch.py
-- Up-to-date: /cc_ws/tros_ws/install/share/mipi_cam//launch/mipi_cam_1920x1080_bgr8.launch.py
-- Up-to-date: /cc_ws/tros_ws/install/share/mipi_cam//launch/mipi_cam_dual_channel_websocket.launch.py
-- Up-to-date: /cc_ws/tros_ws/install/share/mipi_cam//launch/mipi_cam_640x480_bgr8_hbmem.launch.py
-- Up-to-date: /cc_ws/tros_ws/install/share/mipi_cam//launch/mipi_cam_640x480_bgr8.launch.py
-- Up-to-date: /cc_ws/tros_ws/install/share/mipi_cam//launch/mipi_cam_640x480_nv12_hbmem.launch.py
-- Up-to-date: /cc_ws/tros_ws/install/share/mipi_cam//launch/mipi_cam_1920x1080_nv12_hbmem.launch.py
-- Up-to-date: /cc_ws/tros_ws/install/share/mipi_cam//launch/mipi_cam_1920x1080_bgr8_hbmem.launch.py
-- Up-to-date: /cc_ws/tros_ws/install/share/ament_index/resource_index/package_run_dependencies/mipi_cam
-- Up-to-date: /cc_ws/tros_ws/install/share/ament_index/resource_index/parent_prefix_path/mipi_cam
-- Up-to-date: /cc_ws/tros_ws/install/share/mipi_cam/environment/ament_prefix_path.sh
-- Installing: /cc_ws/tros_ws/install/share/mipi_cam/environment/ament_prefix_path.dsv
-- Up-to-date: /cc_ws/tros_ws/install/share/mipi_cam/environment/path.sh
-- Installing: /cc_ws/tros_ws/install/share/mipi_cam/environment/path.dsv
-- Up-to-date: /cc_ws/tros_ws/install/share/mipi_cam/local_setup.bash
-- Up-to-date: /cc_ws/tros_ws/install/share/mipi_cam/local_setup.sh
-- Up-to-date: /cc_ws/tros_ws/install/share/mipi_cam/local_setup.zsh
-- Installing: /cc_ws/tros_ws/install/share/mipi_cam/local_setup.dsv
-- Installing: /cc_ws/tros_ws/install/share/mipi_cam/package.dsv
-- Up-to-date: /cc_ws/tros_ws/install/share/ament_index/resource_index/packages/mipi_cam
-- Up-to-date: /cc_ws/tros_ws/install/share/ament_index/resource_index/rclcpp_components/mipi_cam
-- Up-to-date: /cc_ws/tros_ws/install/share/mipi_cam/cmake/mipi_camConfig.cmake
-- Up-to-date: /cc_ws/tros_ws/install/share/mipi_cam/cmake/mipi_camConfig-version.cmake
-- Up-to-date: /cc_ws/tros_ws/install/share/mipi_cam/package.xml
