[0.036s] Invoking command in '/cc_ws/tros_ws/build/clip_msgs': CMAKE_PREFIX_PATH=/opt/ros/humble /usr/bin/cmake /cc_ws/tros_ws/src/box/hobot_clip/clip_msgs -DCMAKE_EXPORT_COMPILE_COMMANDS=ON --no-warn-unused-cli -DCMAKE_TOOLCHAIN_FILE=/cc_ws/tros_ws/robot_dev_config/aarch64_toolchainfile.cmake -DPLATFORM_X5=ON -DTHIRDPARTY=ON -DBUILD_TESTING=OFF -DCMAKE_BUILD_RPATH=/cc_ws/tros_ws/build/poco_vendor/poco_external_project_install/lib/;/cc_ws/tros_ws/build/libyaml_vendor/libyaml_install/lib/ -DCMAKE_INSTALL_PREFIX=/cc_ws/tros_ws/install
[0.185s] Not searching for unused variables given on the command line.
[0.185s] -- Found ament_cmake: 1.3.8 (/opt/ros/humble/share/ament_cmake/cmake)
[0.259s] [33mCMake Warning (dev) at /opt/ros/humble/share/ament_cmake_test/cmake/ament_cmake_test-extras.cmake:19 (option):
[0.259s]   Policy CMP0077 is not set: option() honors normal variables.  Run "cmake
[0.259s]   --help-policy CMP0077" for policy details.  Use the cmake_policy command to
[0.260s]   set the policy and suppress this warning.
[0.260s] 
[0.261s]   For compatibility with older versions of CMake, option is clearing the
[0.261s]   normal variable 'BUILD_TESTING'.
[0.261s] Call Stack (most recent call first):
[0.261s]   /opt/ros/humble/share/ament_cmake_test/cmake/ament_cmake_testConfig.cmake:41 (include)
[0.261s]   /opt/ros/humble/share/ament_cmake/cmake/ament_cmake_export_dependencies-extras.cmake:21 (find_package)
[0.261s]   /opt/ros/humble/share/ament_cmake/cmake/ament_cmakeConfig.cmake:41 (include)
[0.261s]   CMakeLists.txt:33 (find_package)
[0.261s] This warning is for project developers.  Use -Wno-dev to suppress it.
[0.261s] [0m
[0.271s] -- Found std_msgs: 4.2.3 (/opt/ros/humble/share/std_msgs/cmake)
[0.301s] -- Found rosidl_generator_c: 3.1.5 (/opt/ros/humble/share/rosidl_generator_c/cmake)
[0.302s] -- Found rosidl_adapter: 3.1.5 (/opt/ros/humble/share/rosidl_adapter/cmake)
[0.308s] -- Found rosidl_generator_cpp: 3.1.5 (/opt/ros/humble/share/rosidl_generator_cpp/cmake)
[0.327s] -- Using all available rosidl_typesupport_c: rosidl_typesupport_fastrtps_c;rosidl_typesupport_introspection_c
[0.354s] -- Using all available rosidl_typesupport_cpp: rosidl_typesupport_fastrtps_cpp;rosidl_typesupport_introspection_cpp
[0.454s] -- Found action_msgs: 1.2.1 (/opt/ros/humble/share/action_msgs/cmake)
[0.561s] -- Found rosidl_default_generators: 1.2.0 (/opt/ros/humble/share/rosidl_default_generators/cmake)
[1.062s] -- Found ament_cmake_ros: 0.10.0 (/opt/ros/humble/share/ament_cmake_ros/cmake)
[1.717s] -- Using all available rosidl_typesupport_c: rosidl_typesupport_fastrtps_c;rosidl_typesupport_introspection_c
[2.027s] -- Using all available rosidl_typesupport_cpp: rosidl_typesupport_fastrtps_cpp;rosidl_typesupport_introspection_cpp
[2.027s] -- Found python_cmake_module: 0.10.0 (/opt/ros/humble/share/python_cmake_module/cmake)
[2.061s] -- Using PYTHON_EXECUTABLE: /usr/bin/python3
[2.061s] -- Using PYTHON_INCLUDE_DIRS: /cc_ws/tros_ws/robot_dev_config/../../sysroot_docker/usr/include/python3.10
[2.061s] -- Using PYTHON_LIBRARIES: /cc_ws/tros_ws/robot_dev_config/../../sysroot_docker/usr/lib/aarch64-linux-gnu/libpython3.10.so
[2.419s] -- Using numpy include directory: /usr/local/lib/python3.10/dist-packages/numpy/core/include
[2.457s] -- Configuring done
[2.540s] -- Generating done
[2.544s] -- Build files have been written to: /cc_ws/tros_ws/build/clip_msgs
[2.600s] Invoked command in '/cc_ws/tros_ws/build/clip_msgs' returned '0': CMAKE_PREFIX_PATH=/opt/ros/humble /usr/bin/cmake /cc_ws/tros_ws/src/box/hobot_clip/clip_msgs -DCMAKE_EXPORT_COMPILE_COMMANDS=ON --no-warn-unused-cli -DCMAKE_TOOLCHAIN_FILE=/cc_ws/tros_ws/robot_dev_config/aarch64_toolchainfile.cmake -DPLATFORM_X5=ON -DTHIRDPARTY=ON -DBUILD_TESTING=OFF -DCMAKE_BUILD_RPATH=/cc_ws/tros_ws/build/poco_vendor/poco_external_project_install/lib/;/cc_ws/tros_ws/build/libyaml_vendor/libyaml_install/lib/ -DCMAKE_INSTALL_PREFIX=/cc_ws/tros_ws/install
[2.601s] Invoking command in '/cc_ws/tros_ws/build/clip_msgs': CMAKE_PREFIX_PATH=/opt/ros/humble /usr/bin/cmake --build /cc_ws/tros_ws/build/clip_msgs -- -j12 -l12
[2.725s] [35m[1mConsolidate compiler generated dependencies of target clip_msgs__rosidl_generator_c[0m
[2.743s] [  2%] Built target clip_msgs__cpp
[2.762s] [ 12%] Built target clip_msgs__rosidl_generator_c
[2.774s] [35m[1mConsolidate compiler generated dependencies of target clip_msgs__rosidl_typesupport_introspection_cpp[0m
[2.774s] [35m[1mConsolidate compiler generated dependencies of target clip_msgs__rosidl_typesupport_cpp[0m
[2.774s] [35m[1mConsolidate compiler generated dependencies of target clip_msgs__rosidl_typesupport_fastrtps_cpp[0m
[2.798s] [ 12%] Built target ament_cmake_python_copy_clip_msgs
[2.799s] [35m[1mConsolidate compiler generated dependencies of target clip_msgs__rosidl_typesupport_introspection_c[0m
[2.807s] [35m[1mConsolidate compiler generated dependencies of target clip_msgs__rosidl_typesupport_fastrtps_c[0m
[2.817s] [35m[1mConsolidate compiler generated dependencies of target clip_msgs__rosidl_typesupport_c[0m
[2.823s] [ 23%] Built target clip_msgs__rosidl_typesupport_cpp
[2.833s] [ 33%] Built target clip_msgs__rosidl_typesupport_introspection_cpp
[2.868s] [ 53%] Built target clip_msgs__rosidl_typesupport_fastrtps_c
[2.869s] [ 53%] Built target clip_msgs__rosidl_typesupport_introspection_c
[2.870s] [ 64%] Built target clip_msgs__rosidl_typesupport_fastrtps_cpp
[2.877s] [ 74%] Built target clip_msgs__rosidl_typesupport_c
[2.909s] [ 74%] Built target clip_msgs
[2.943s] [ 76%] Built target clip_msgs__py
[2.969s] [35m[1mConsolidate compiler generated dependencies of target clip_msgs__rosidl_generator_py[0m
[2.998s] [ 84%] Built target clip_msgs__rosidl_generator_py
[3.027s] [35m[1mConsolidate compiler generated dependencies of target clip_msgs__rosidl_typesupport_fastrtps_c__pyext[0m
[3.063s] [35m[1mConsolidate compiler generated dependencies of target clip_msgs__rosidl_typesupport_c__pyext[0m
[3.063s] [ 89%] Built target clip_msgs__rosidl_typesupport_fastrtps_c__pyext
[3.066s] [35m[1mConsolidate compiler generated dependencies of target clip_msgs__rosidl_typesupport_introspection_c__pyext[0m
[3.086s] [ 94%] Built target clip_msgs__rosidl_typesupport_c__pyext
[3.107s] [100%] Built target clip_msgs__rosidl_typesupport_introspection_c__pyext
[3.225s] running egg_info
[3.229s] writing clip_msgs.egg-info/PKG-INFO
[3.230s] writing dependency_links to clip_msgs.egg-info/dependency_links.txt
[3.230s] writing top-level names to clip_msgs.egg-info/top_level.txt
[3.235s] reading manifest file 'clip_msgs.egg-info/SOURCES.txt'
[3.241s] writing manifest file 'clip_msgs.egg-info/SOURCES.txt'
[3.362s] [100%] Built target ament_cmake_python_build_clip_msgs_egg
[3.388s] Invoked command in '/cc_ws/tros_ws/build/clip_msgs' returned '0': CMAKE_PREFIX_PATH=/opt/ros/humble /usr/bin/cmake --build /cc_ws/tros_ws/build/clip_msgs -- -j12 -l12
[3.608s] Invoking command in '/cc_ws/tros_ws/build/clip_msgs': CMAKE_PREFIX_PATH=/opt/ros/humble /usr/bin/cmake --install /cc_ws/tros_ws/build/clip_msgs
[3.701s] -- Install configuration: ""
[3.701s] -- Up-to-date: /cc_ws/tros_ws/install/share/ament_index/resource_index/rosidl_interfaces/clip_msgs
[3.701s] -- Up-to-date: /cc_ws/tros_ws/install/include/clip_msgs/clip_msgs
[3.701s] -- Up-to-date: /cc_ws/tros_ws/install/include/clip_msgs/clip_msgs/action
[3.701s] -- Up-to-date: /cc_ws/tros_ws/install/include/clip_msgs/clip_msgs/action/detail
[3.701s] -- Up-to-date: /cc_ws/tros_ws/install/include/clip_msgs/clip_msgs/action/detail/get_features__type_support.h
[3.702s] -- Up-to-date: /cc_ws/tros_ws/install/include/clip_msgs/clip_msgs/action/detail/get_features__struct.h
[3.702s] -- Up-to-date: /cc_ws/tros_ws/install/include/clip_msgs/clip_msgs/action/detail/get_features__functions.c
[3.702s] -- Up-to-date: /cc_ws/tros_ws/install/include/clip_msgs/clip_msgs/action/detail/get_features__functions.h
[3.702s] -- Up-to-date: /cc_ws/tros_ws/install/include/clip_msgs/clip_msgs/action/get_features.h
[3.702s] -- Up-to-date: /cc_ws/tros_ws/install/include/clip_msgs/clip_msgs/msg
[3.702s] -- Up-to-date: /cc_ws/tros_ws/install/include/clip_msgs/clip_msgs/msg/rosidl_generator_c__visibility_control.h
[3.702s] -- Up-to-date: /cc_ws/tros_ws/install/include/clip_msgs/clip_msgs/msg/clip_item.h
[3.702s] -- Up-to-date: /cc_ws/tros_ws/install/include/clip_msgs/clip_msgs/msg/detail
[3.702s] -- Up-to-date: /cc_ws/tros_ws/install/include/clip_msgs/clip_msgs/msg/detail/clip_item__struct.h
[3.703s] -- Up-to-date: /cc_ws/tros_ws/install/include/clip_msgs/clip_msgs/msg/detail/clip_item__functions.c
[3.703s] -- Up-to-date: /cc_ws/tros_ws/install/include/clip_msgs/clip_msgs/msg/detail/clip_item__type_support.h
[3.703s] -- Up-to-date: /cc_ws/tros_ws/install/include/clip_msgs/clip_msgs/msg/detail/clip_item__functions.h
[3.703s] -- Up-to-date: /cc_ws/tros_ws/install/share/clip_msgs/environment/library_path.sh
[3.703s] -- Installing: /cc_ws/tros_ws/install/share/clip_msgs/environment/library_path.dsv
[3.703s] -- Up-to-date: /cc_ws/tros_ws/install/lib/libclip_msgs__rosidl_generator_c.so
[3.703s] -- Up-to-date: /cc_ws/tros_ws/install/include/clip_msgs/clip_msgs
[3.703s] -- Up-to-date: /cc_ws/tros_ws/install/include/clip_msgs/clip_msgs/action
[3.703s] -- Up-to-date: /cc_ws/tros_ws/install/include/clip_msgs/clip_msgs/action/detail
[3.704s] -- Up-to-date: /cc_ws/tros_ws/install/include/clip_msgs/clip_msgs/action/detail/get_features__rosidl_typesupport_fastrtps_c.h
[3.704s] -- Up-to-date: /cc_ws/tros_ws/install/include/clip_msgs/clip_msgs/msg
[3.704s] -- Up-to-date: /cc_ws/tros_ws/install/include/clip_msgs/clip_msgs/msg/rosidl_typesupport_fastrtps_c__visibility_control.h
[3.704s] -- Up-to-date: /cc_ws/tros_ws/install/include/clip_msgs/clip_msgs/msg/detail
[3.704s] -- Up-to-date: /cc_ws/tros_ws/install/include/clip_msgs/clip_msgs/msg/detail/clip_item__rosidl_typesupport_fastrtps_c.h
[3.704s] -- Up-to-date: /cc_ws/tros_ws/install/lib/libclip_msgs__rosidl_typesupport_fastrtps_c.so
[3.704s] -- Up-to-date: /cc_ws/tros_ws/install/include/clip_msgs/clip_msgs
[3.704s] -- Up-to-date: /cc_ws/tros_ws/install/include/clip_msgs/clip_msgs/action
[3.704s] -- Up-to-date: /cc_ws/tros_ws/install/include/clip_msgs/clip_msgs/action/get_features.hpp
[3.705s] -- Up-to-date: /cc_ws/tros_ws/install/include/clip_msgs/clip_msgs/action/detail
[3.705s] -- Up-to-date: /cc_ws/tros_ws/install/include/clip_msgs/clip_msgs/action/detail/get_features__traits.hpp
[3.706s] -- Up-to-date: /cc_ws/tros_ws/install/include/clip_msgs/clip_msgs/action/detail/get_features__struct.hpp
[3.706s] -- Up-to-date: /cc_ws/tros_ws/install/include/clip_msgs/clip_msgs/action/detail/get_features__builder.hpp
[3.706s] -- Up-to-date: /cc_ws/tros_ws/install/include/clip_msgs/clip_msgs/msg
[3.707s] -- Up-to-date: /cc_ws/tros_ws/install/include/clip_msgs/clip_msgs/msg/detail
[3.707s] -- Up-to-date: /cc_ws/tros_ws/install/include/clip_msgs/clip_msgs/msg/detail/clip_item__traits.hpp
[3.707s] -- Up-to-date: /cc_ws/tros_ws/install/include/clip_msgs/clip_msgs/msg/detail/clip_item__builder.hpp
[3.707s] -- Up-to-date: /cc_ws/tros_ws/install/include/clip_msgs/clip_msgs/msg/detail/clip_item__struct.hpp
[3.707s] -- Up-to-date: /cc_ws/tros_ws/install/include/clip_msgs/clip_msgs/msg/clip_item.hpp
[3.707s] -- Up-to-date: /cc_ws/tros_ws/install/include/clip_msgs/clip_msgs
[3.707s] -- Up-to-date: /cc_ws/tros_ws/install/include/clip_msgs/clip_msgs/action
[3.708s] -- Up-to-date: /cc_ws/tros_ws/install/include/clip_msgs/clip_msgs/action/detail
[3.708s] -- Up-to-date: /cc_ws/tros_ws/install/include/clip_msgs/clip_msgs/action/detail/get_features__rosidl_typesupport_fastrtps_cpp.hpp
[3.708s] -- Up-to-date: /cc_ws/tros_ws/install/include/clip_msgs/clip_msgs/action/detail/dds_fastrtps
[3.708s] -- Up-to-date: /cc_ws/tros_ws/install/include/clip_msgs/clip_msgs/msg
[3.708s] -- Up-to-date: /cc_ws/tros_ws/install/include/clip_msgs/clip_msgs/msg/detail
[3.708s] -- Up-to-date: /cc_ws/tros_ws/install/include/clip_msgs/clip_msgs/msg/detail/clip_item__rosidl_typesupport_fastrtps_cpp.hpp
[3.708s] -- Up-to-date: /cc_ws/tros_ws/install/include/clip_msgs/clip_msgs/msg/detail/dds_fastrtps
[3.708s] -- Up-to-date: /cc_ws/tros_ws/install/include/clip_msgs/clip_msgs/msg/rosidl_typesupport_fastrtps_cpp__visibility_control.h
[3.710s] -- Up-to-date: /cc_ws/tros_ws/install/lib/libclip_msgs__rosidl_typesupport_fastrtps_cpp.so
[3.710s] -- Up-to-date: /cc_ws/tros_ws/install/include/clip_msgs/clip_msgs
[3.710s] -- Up-to-date: /cc_ws/tros_ws/install/include/clip_msgs/clip_msgs/action
[3.710s] -- Up-to-date: /cc_ws/tros_ws/install/include/clip_msgs/clip_msgs/action/detail
[3.710s] -- Up-to-date: /cc_ws/tros_ws/install/include/clip_msgs/clip_msgs/action/detail/get_features__rosidl_typesupport_introspection_c.h
[3.710s] -- Up-to-date: /cc_ws/tros_ws/install/include/clip_msgs/clip_msgs/action/detail/get_features__type_support.c
[3.711s] -- Up-to-date: /cc_ws/tros_ws/install/include/clip_msgs/clip_msgs/msg
[3.711s] -- Up-to-date: /cc_ws/tros_ws/install/include/clip_msgs/clip_msgs/msg/rosidl_typesupport_introspection_c__visibility_control.h
[3.711s] -- Up-to-date: /cc_ws/tros_ws/install/include/clip_msgs/clip_msgs/msg/detail
[3.711s] -- Up-to-date: /cc_ws/tros_ws/install/include/clip_msgs/clip_msgs/msg/detail/clip_item__type_support.c
[3.711s] -- Up-to-date: /cc_ws/tros_ws/install/include/clip_msgs/clip_msgs/msg/detail/clip_item__rosidl_typesupport_introspection_c.h
[3.711s] -- Up-to-date: /cc_ws/tros_ws/install/lib/libclip_msgs__rosidl_typesupport_introspection_c.so
[3.711s] -- Up-to-date: /cc_ws/tros_ws/install/lib/libclip_msgs__rosidl_typesupport_c.so
[3.711s] -- Up-to-date: /cc_ws/tros_ws/install/include/clip_msgs/clip_msgs
[3.711s] -- Up-to-date: /cc_ws/tros_ws/install/include/clip_msgs/clip_msgs/action
[3.712s] -- Up-to-date: /cc_ws/tros_ws/install/include/clip_msgs/clip_msgs/action/detail
[3.712s] -- Up-to-date: /cc_ws/tros_ws/install/include/clip_msgs/clip_msgs/action/detail/get_features__rosidl_typesupport_introspection_cpp.hpp
[3.712s] -- Up-to-date: /cc_ws/tros_ws/install/include/clip_msgs/clip_msgs/action/detail/get_features__type_support.cpp
[3.712s] -- Up-to-date: /cc_ws/tros_ws/install/include/clip_msgs/clip_msgs/msg
[3.712s] -- Up-to-date: /cc_ws/tros_ws/install/include/clip_msgs/clip_msgs/msg/detail
[3.712s] -- Up-to-date: /cc_ws/tros_ws/install/include/clip_msgs/clip_msgs/msg/detail/clip_item__rosidl_typesupport_introspection_cpp.hpp
[3.712s] -- Up-to-date: /cc_ws/tros_ws/install/include/clip_msgs/clip_msgs/msg/detail/clip_item__type_support.cpp
[3.712s] -- Up-to-date: /cc_ws/tros_ws/install/lib/libclip_msgs__rosidl_typesupport_introspection_cpp.so
[3.712s] -- Up-to-date: /cc_ws/tros_ws/install/lib/libclip_msgs__rosidl_typesupport_cpp.so
[3.713s] -- Up-to-date: /cc_ws/tros_ws/install/share/clip_msgs/environment/pythonpath.sh
[3.713s] -- Installing: /cc_ws/tros_ws/install/share/clip_msgs/environment/pythonpath.dsv
[3.713s] -- Up-to-date: /cc_ws/tros_ws/install/local/lib/python3.10/dist-packages/clip_msgs-0.3.0-py3.10.egg-info
[3.713s] -- Installing: /cc_ws/tros_ws/install/local/lib/python3.10/dist-packages/clip_msgs-0.3.0-py3.10.egg-info/SOURCES.txt
[3.713s] -- Installing: /cc_ws/tros_ws/install/local/lib/python3.10/dist-packages/clip_msgs-0.3.0-py3.10.egg-info/PKG-INFO
[3.713s] -- Installing: /cc_ws/tros_ws/install/local/lib/python3.10/dist-packages/clip_msgs-0.3.0-py3.10.egg-info/dependency_links.txt
[3.713s] -- Installing: /cc_ws/tros_ws/install/local/lib/python3.10/dist-packages/clip_msgs-0.3.0-py3.10.egg-info/top_level.txt
[3.713s] -- Up-to-date: /cc_ws/tros_ws/install/local/lib/python3.10/dist-packages/clip_msgs
[3.713s] -- Up-to-date: /cc_ws/tros_ws/install/local/lib/python3.10/dist-packages/clip_msgs/_clip_msgs_s.ep.rosidl_typesupport_introspection_c.c
[3.714s] -- Up-to-date: /cc_ws/tros_ws/install/local/lib/python3.10/dist-packages/clip_msgs/clip_msgs_s__rosidl_typesupport_introspection_c.cpython-310-aarch64-linux-gnu.so
[3.714s] -- Up-to-date: /cc_ws/tros_ws/install/local/lib/python3.10/dist-packages/clip_msgs/action
[3.714s] -- Up-to-date: /cc_ws/tros_ws/install/local/lib/python3.10/dist-packages/clip_msgs/action/_get_features.py
[3.714s] -- Up-to-date: /cc_ws/tros_ws/install/local/lib/python3.10/dist-packages/clip_msgs/action/_get_features_s.c
[3.714s] -- Up-to-date: /cc_ws/tros_ws/install/local/lib/python3.10/dist-packages/clip_msgs/action/__init__.py
[3.714s] -- Up-to-date: /cc_ws/tros_ws/install/local/lib/python3.10/dist-packages/clip_msgs/_clip_msgs_s.ep.rosidl_typesupport_c.c
[3.714s] -- Up-to-date: /cc_ws/tros_ws/install/local/lib/python3.10/dist-packages/clip_msgs/msg
[3.714s] -- Up-to-date: /cc_ws/tros_ws/install/local/lib/python3.10/dist-packages/clip_msgs/msg/_clip_item_s.c
[3.715s] -- Up-to-date: /cc_ws/tros_ws/install/local/lib/python3.10/dist-packages/clip_msgs/msg/_clip_item.py
[3.715s] -- Up-to-date: /cc_ws/tros_ws/install/local/lib/python3.10/dist-packages/clip_msgs/msg/__init__.py
[3.715s] -- Up-to-date: /cc_ws/tros_ws/install/local/lib/python3.10/dist-packages/clip_msgs/libclip_msgs__rosidl_generator_py.so
[3.715s] -- Up-to-date: /cc_ws/tros_ws/install/local/lib/python3.10/dist-packages/clip_msgs/clip_msgs_s__rosidl_typesupport_fastrtps_c.cpython-310-aarch64-linux-gnu.so
[3.715s] -- Installing: /cc_ws/tros_ws/install/local/lib/python3.10/dist-packages/clip_msgs/__init__.py
[3.715s] -- Up-to-date: /cc_ws/tros_ws/install/local/lib/python3.10/dist-packages/clip_msgs/clip_msgs_s__rosidl_typesupport_c.cpython-310-aarch64-linux-gnu.so
[3.715s] -- Up-to-date: /cc_ws/tros_ws/install/local/lib/python3.10/dist-packages/clip_msgs/_clip_msgs_s.ep.rosidl_typesupport_fastrtps_c.c
[3.715s] Listing '/cc_ws/tros_ws/install/local/lib/python3.10/dist-packages/clip_msgs'...
[3.715s] Compiling '/cc_ws/tros_ws/install/local/lib/python3.10/dist-packages/clip_msgs/__init__.py'...
[3.716s] Listing '/cc_ws/tros_ws/install/local/lib/python3.10/dist-packages/clip_msgs/action'...
[3.716s] Listing '/cc_ws/tros_ws/install/local/lib/python3.10/dist-packages/clip_msgs/msg'...
[3.716s] -- Up-to-date: /cc_ws/tros_ws/install/local/lib/python3.10/dist-packages/clip_msgs/clip_msgs_s__rosidl_typesupport_fastrtps_c.cpython-310-aarch64-linux-gnu.so
[3.716s] -- Up-to-date: /cc_ws/tros_ws/install/local/lib/python3.10/dist-packages/clip_msgs/clip_msgs_s__rosidl_typesupport_introspection_c.cpython-310-aarch64-linux-gnu.so
[3.716s] -- Up-to-date: /cc_ws/tros_ws/install/local/lib/python3.10/dist-packages/clip_msgs/clip_msgs_s__rosidl_typesupport_c.cpython-310-aarch64-linux-gnu.so
[3.716s] -- Up-to-date: /cc_ws/tros_ws/install/lib/libclip_msgs__rosidl_generator_py.so
[3.716s] -- Up-to-date: /cc_ws/tros_ws/install/share/clip_msgs/msg/ClipItem.idl
[3.716s] -- Up-to-date: /cc_ws/tros_ws/install/share/clip_msgs/action/GetFeatures.idl
[3.717s] -- Up-to-date: /cc_ws/tros_ws/install/share/clip_msgs/msg/ClipItem.msg
[3.717s] -- Up-to-date: /cc_ws/tros_ws/install/share/clip_msgs/action/GetFeatures.action
[3.717s] -- Up-to-date: /cc_ws/tros_ws/install/share/ament_index/resource_index/package_run_dependencies/clip_msgs
[3.717s] -- Up-to-date: /cc_ws/tros_ws/install/share/ament_index/resource_index/parent_prefix_path/clip_msgs
[3.717s] -- Up-to-date: /cc_ws/tros_ws/install/share/clip_msgs/environment/ament_prefix_path.sh
[3.717s] -- Installing: /cc_ws/tros_ws/install/share/clip_msgs/environment/ament_prefix_path.dsv
[3.717s] -- Up-to-date: /cc_ws/tros_ws/install/share/clip_msgs/environment/path.sh
[3.717s] -- Installing: /cc_ws/tros_ws/install/share/clip_msgs/environment/path.dsv
[3.717s] -- Up-to-date: /cc_ws/tros_ws/install/share/clip_msgs/local_setup.bash
[3.718s] -- Up-to-date: /cc_ws/tros_ws/install/share/clip_msgs/local_setup.sh
[3.718s] -- Up-to-date: /cc_ws/tros_ws/install/share/clip_msgs/local_setup.zsh
[3.718s] -- Installing: /cc_ws/tros_ws/install/share/clip_msgs/local_setup.dsv
[3.718s] -- Installing: /cc_ws/tros_ws/install/share/clip_msgs/package.dsv
[3.718s] -- Up-to-date: /cc_ws/tros_ws/install/share/ament_index/resource_index/packages/clip_msgs
[3.718s] -- Up-to-date: /cc_ws/tros_ws/install/share/clip_msgs/cmake/export_clip_msgs__rosidl_generator_cExport.cmake
[3.718s] -- Up-to-date: /cc_ws/tros_ws/install/share/clip_msgs/cmake/export_clip_msgs__rosidl_generator_cExport-noconfig.cmake
[3.718s] -- Up-to-date: /cc_ws/tros_ws/install/share/clip_msgs/cmake/export_clip_msgs__rosidl_typesupport_fastrtps_cExport.cmake
[3.718s] -- Up-to-date: /cc_ws/tros_ws/install/share/clip_msgs/cmake/export_clip_msgs__rosidl_typesupport_fastrtps_cExport-noconfig.cmake
[3.719s] -- Up-to-date: /cc_ws/tros_ws/install/share/clip_msgs/cmake/export_clip_msgs__rosidl_generator_cppExport.cmake
[3.719s] -- Up-to-date: /cc_ws/tros_ws/install/share/clip_msgs/cmake/export_clip_msgs__rosidl_typesupport_fastrtps_cppExport.cmake
[3.719s] -- Up-to-date: /cc_ws/tros_ws/install/share/clip_msgs/cmake/export_clip_msgs__rosidl_typesupport_fastrtps_cppExport-noconfig.cmake
[3.719s] -- Up-to-date: /cc_ws/tros_ws/install/share/clip_msgs/cmake/clip_msgs__rosidl_typesupport_introspection_cExport.cmake
[3.719s] -- Up-to-date: /cc_ws/tros_ws/install/share/clip_msgs/cmake/clip_msgs__rosidl_typesupport_introspection_cExport-noconfig.cmake
[3.719s] -- Up-to-date: /cc_ws/tros_ws/install/share/clip_msgs/cmake/clip_msgs__rosidl_typesupport_cExport.cmake
[3.719s] -- Up-to-date: /cc_ws/tros_ws/install/share/clip_msgs/cmake/clip_msgs__rosidl_typesupport_cExport-noconfig.cmake
[3.719s] -- Up-to-date: /cc_ws/tros_ws/install/share/clip_msgs/cmake/clip_msgs__rosidl_typesupport_introspection_cppExport.cmake
[3.719s] -- Up-to-date: /cc_ws/tros_ws/install/share/clip_msgs/cmake/clip_msgs__rosidl_typesupport_introspection_cppExport-noconfig.cmake
[3.720s] -- Up-to-date: /cc_ws/tros_ws/install/share/clip_msgs/cmake/clip_msgs__rosidl_typesupport_cppExport.cmake
[3.720s] -- Up-to-date: /cc_ws/tros_ws/install/share/clip_msgs/cmake/clip_msgs__rosidl_typesupport_cppExport-noconfig.cmake
[3.720s] -- Up-to-date: /cc_ws/tros_ws/install/share/clip_msgs/cmake/export_clip_msgs__rosidl_generator_pyExport.cmake
[3.720s] -- Up-to-date: /cc_ws/tros_ws/install/share/clip_msgs/cmake/export_clip_msgs__rosidl_generator_pyExport-noconfig.cmake
[3.720s] -- Up-to-date: /cc_ws/tros_ws/install/share/clip_msgs/cmake/rosidl_cmake-extras.cmake
[3.720s] -- Up-to-date: /cc_ws/tros_ws/install/share/clip_msgs/cmake/ament_cmake_export_dependencies-extras.cmake
[3.720s] -- Up-to-date: /cc_ws/tros_ws/install/share/clip_msgs/cmake/ament_cmake_export_include_directories-extras.cmake
[3.720s] -- Up-to-date: /cc_ws/tros_ws/install/share/clip_msgs/cmake/ament_cmake_export_libraries-extras.cmake
[3.721s] -- Up-to-date: /cc_ws/tros_ws/install/share/clip_msgs/cmake/ament_cmake_export_targets-extras.cmake
[3.721s] -- Up-to-date: /cc_ws/tros_ws/install/share/clip_msgs/cmake/rosidl_cmake_export_typesupport_targets-extras.cmake
[3.721s] -- Up-to-date: /cc_ws/tros_ws/install/share/clip_msgs/cmake/rosidl_cmake_export_typesupport_libraries-extras.cmake
[3.721s] -- Up-to-date: /cc_ws/tros_ws/install/share/clip_msgs/cmake/clip_msgsConfig.cmake
[3.721s] -- Up-to-date: /cc_ws/tros_ws/install/share/clip_msgs/cmake/clip_msgsConfig-version.cmake
[3.721s] -- Up-to-date: /cc_ws/tros_ws/install/share/clip_msgs/package.xml
[3.745s] Invoked command in '/cc_ws/tros_ws/build/clip_msgs' returned '0': CMAKE_PREFIX_PATH=/opt/ros/humble /usr/bin/cmake --install /cc_ws/tros_ws/build/clip_msgs
