[0.041s] Invoking command in '/cc_ws/tros_ws/build/clip_manage': AMENT_PREFIX_PATH=/cc_ws/tros_ws/install:${AMENT_PREFIX_PATH} CMAKE_PREFIX_PATH=/cc_ws/tros_ws/install:/opt/ros/humble LD_LIBRARY_PATH=/cc_ws/tros_ws/install/lib:/opt/ros/humble/opt/rviz_ogre_vendor/lib:/opt/ros/humble/lib/aarch64-linux-gnu:/opt/ros/humble/lib:/cc_ws/userdata/hobot/opt/hobot/deps PYTHONPATH=/cc_ws/tros_ws/install/local/lib/python3.10/dist-packages:/cc_ws/tros_ws/install/lib/python3.10/site-packages:${PYTHONPATH} /usr/bin/cmake /cc_ws/tros_ws/src/box/hobot_clip/clip_manage -DCMAKE_EXPORT_COMPILE_COMMANDS=ON --no-warn-unused-cli -DCMAKE_TOOLCHAIN_FILE=/cc_ws/tros_ws/robot_dev_config/aarch64_toolchainfile.cmake -DPLATFORM_X5=ON -DTHIRDPARTY=ON -DBUILD_TESTING=OFF -DCMAKE_BUILD_RPATH=/cc_ws/tros_ws/build/poco_vendor/poco_external_project_install/lib/;/cc_ws/tros_ws/build/libyaml_vendor/libyaml_install/lib/ -DCMAKE_INSTALL_PREFIX=/cc_ws/tros_ws/install
[0.318s] [33mCMake Warning (dev) at /opt/ros/humble/share/ament_cmake_test/cmake/ament_cmake_test-extras.cmake:19 (option):
[0.318s]   Policy CMP0077 is not set: option() honors normal variables.  Run "cmake
[0.318s]   --help-policy CMP0077" for policy details.  Use the cmake_policy command to
[0.318s]   set the policy and suppress this warning.
[0.318s] 
[0.319s]   For compatibility with older versions of CMake, option is clearing the
[0.319s]   normal variable 'BUILD_TESTING'.
[0.319s] Call Stack (most recent call first):
[0.319s]   /opt/ros/humble/share/ament_cmake_test/cmake/ament_cmake_testConfig.cmake:41 (include)
[0.319s]   /opt/ros/humble/share/ament_cmake/cmake/ament_cmake_export_dependencies-extras.cmake:21 (find_package)
[0.319s]   /opt/ros/humble/share/ament_cmake/cmake/ament_cmakeConfig.cmake:41 (include)
[0.319s]   CMakeLists.txt:21 (find_package)
[0.319s] This warning is for project developers.  Use -Wno-dev to suppress it.
[0.319s] [0m
[0.320s] Not searching for unused variables given on the command line.
[0.320s] -- Found ament_cmake: 1.3.8 (/opt/ros/humble/share/ament_cmake/cmake)
[0.320s] -- Found rclcpp: 16.0.8 (/opt/ros/humble/share/rclcpp/cmake)
[0.361s] -- Found rosidl_generator_c: 3.1.5 (/opt/ros/humble/share/rosidl_generator_c/cmake)
[0.367s] -- Found rosidl_adapter: 3.1.5 (/opt/ros/humble/share/rosidl_adapter/cmake)
[0.380s] -- Found rosidl_generator_cpp: 3.1.5 (/opt/ros/humble/share/rosidl_generator_cpp/cmake)
[0.412s] -- Using all available rosidl_typesupport_c: rosidl_typesupport_fastrtps_c;rosidl_typesupport_introspection_c
[0.495s] -- Using all available rosidl_typesupport_cpp: rosidl_typesupport_fastrtps_cpp;rosidl_typesupport_introspection_cpp
[0.619s] -- Found rmw_implementation_cmake: 6.1.1 (/opt/ros/humble/share/rmw_implementation_cmake/cmake)
[0.621s] -- Found rmw_fastrtps_cpp: 6.2.6 (/opt/ros/humble/share/rmw_fastrtps_cpp/cmake)
[0.897s] -- Using RMW implementation 'rmw_fastrtps_cpp' as default
[1.232s] -- Found rclcpp_action: 16.0.8 (/opt/ros/humble/share/rclcpp_action/cmake)
[1.416s] -- Found clip_msgs: 0.3.0 (/cc_ws/tros_ws/robot_dev_config/../install/share/clip_msgs/cmake)
[1.827s] -- Configuring done
[1.924s] -- Generating done
[1.926s] -- Build files have been written to: /cc_ws/tros_ws/build/clip_manage
[1.960s] Invoked command in '/cc_ws/tros_ws/build/clip_manage' returned '0': AMENT_PREFIX_PATH=/cc_ws/tros_ws/install:${AMENT_PREFIX_PATH} CMAKE_PREFIX_PATH=/cc_ws/tros_ws/install:/opt/ros/humble LD_LIBRARY_PATH=/cc_ws/tros_ws/install/lib:/opt/ros/humble/opt/rviz_ogre_vendor/lib:/opt/ros/humble/lib/aarch64-linux-gnu:/opt/ros/humble/lib:/cc_ws/userdata/hobot/opt/hobot/deps PYTHONPATH=/cc_ws/tros_ws/install/local/lib/python3.10/dist-packages:/cc_ws/tros_ws/install/lib/python3.10/site-packages:${PYTHONPATH} /usr/bin/cmake /cc_ws/tros_ws/src/box/hobot_clip/clip_manage -DCMAKE_EXPORT_COMPILE_COMMANDS=ON --no-warn-unused-cli -DCMAKE_TOOLCHAIN_FILE=/cc_ws/tros_ws/robot_dev_config/aarch64_toolchainfile.cmake -DPLATFORM_X5=ON -DTHIRDPARTY=ON -DBUILD_TESTING=OFF -DCMAKE_BUILD_RPATH=/cc_ws/tros_ws/build/poco_vendor/poco_external_project_install/lib/;/cc_ws/tros_ws/build/libyaml_vendor/libyaml_install/lib/ -DCMAKE_INSTALL_PREFIX=/cc_ws/tros_ws/install
[1.961s] Invoking command in '/cc_ws/tros_ws/build/clip_manage': AMENT_PREFIX_PATH=/cc_ws/tros_ws/install:${AMENT_PREFIX_PATH} CMAKE_PREFIX_PATH=/cc_ws/tros_ws/install:/opt/ros/humble LD_LIBRARY_PATH=/cc_ws/tros_ws/install/lib:/opt/ros/humble/opt/rviz_ogre_vendor/lib:/opt/ros/humble/lib/aarch64-linux-gnu:/opt/ros/humble/lib:/cc_ws/userdata/hobot/opt/hobot/deps PYTHONPATH=/cc_ws/tros_ws/install/local/lib/python3.10/dist-packages:/cc_ws/tros_ws/install/lib/python3.10/site-packages:${PYTHONPATH} /usr/bin/cmake --build /cc_ws/tros_ws/build/clip_manage -- -j12 -l12
[2.756s] [35m[1mConsolidate compiler generated dependencies of target clip_manage[0m
[2.756s] [100%] Built target clip_manage
[2.790s] Invoked command in '/cc_ws/tros_ws/build/clip_manage' returned '0': AMENT_PREFIX_PATH=/cc_ws/tros_ws/install:${AMENT_PREFIX_PATH} CMAKE_PREFIX_PATH=/cc_ws/tros_ws/install:/opt/ros/humble LD_LIBRARY_PATH=/cc_ws/tros_ws/install/lib:/opt/ros/humble/opt/rviz_ogre_vendor/lib:/opt/ros/humble/lib/aarch64-linux-gnu:/opt/ros/humble/lib:/cc_ws/userdata/hobot/opt/hobot/deps PYTHONPATH=/cc_ws/tros_ws/install/local/lib/python3.10/dist-packages:/cc_ws/tros_ws/install/lib/python3.10/site-packages:${PYTHONPATH} /usr/bin/cmake --build /cc_ws/tros_ws/build/clip_manage -- -j12 -l12
[3.036s] Invoking command in '/cc_ws/tros_ws/build/clip_manage': AMENT_PREFIX_PATH=/cc_ws/tros_ws/install:${AMENT_PREFIX_PATH} CMAKE_PREFIX_PATH=/cc_ws/tros_ws/install:/opt/ros/humble LD_LIBRARY_PATH=/cc_ws/tros_ws/install/lib:/opt/ros/humble/opt/rviz_ogre_vendor/lib:/opt/ros/humble/lib/aarch64-linux-gnu:/opt/ros/humble/lib:/cc_ws/userdata/hobot/opt/hobot/deps PYTHONPATH=/cc_ws/tros_ws/install/local/lib/python3.10/dist-packages:/cc_ws/tros_ws/install/lib/python3.10/site-packages:${PYTHONPATH} /usr/bin/cmake --install /cc_ws/tros_ws/build/clip_manage
[3.059s] -- Install configuration: "RelWithDebInfo"
[3.059s] -- Up-to-date: /cc_ws/tros_ws/install/lib/clip_manage/clip_manage
[3.059s] -- Up-to-date: /cc_ws/tros_ws/install/lib/clip_manage/config/index.html
[3.059s] -- Up-to-date: /cc_ws/tros_ws/install/share/clip_manage/launch
[3.059s] -- Up-to-date: /cc_ws/tros_ws/install/share/clip_manage/launch/hobot_clip_manage.launch.py
[3.059s] -- Up-to-date: /cc_ws/tros_ws/install/share/ament_index/resource_index/package_run_dependencies/clip_manage
[3.059s] -- Up-to-date: /cc_ws/tros_ws/install/share/ament_index/resource_index/parent_prefix_path/clip_manage
[3.059s] -- Up-to-date: /cc_ws/tros_ws/install/share/clip_manage/environment/ament_prefix_path.sh
[3.060s] -- Installing: /cc_ws/tros_ws/install/share/clip_manage/environment/ament_prefix_path.dsv
[3.060s] -- Up-to-date: /cc_ws/tros_ws/install/share/clip_manage/environment/path.sh
[3.060s] -- Installing: /cc_ws/tros_ws/install/share/clip_manage/environment/path.dsv
[3.067s] -- Up-to-date: /cc_ws/tros_ws/install/share/clip_manage/local_setup.bash
[3.067s] -- Up-to-date: /cc_ws/tros_ws/install/share/clip_manage/local_setup.sh
[3.067s] -- Up-to-date: /cc_ws/tros_ws/install/share/clip_manage/local_setup.zsh
[3.067s] -- Installing: /cc_ws/tros_ws/install/share/clip_manage/local_setup.dsv
[3.067s] -- Installing: /cc_ws/tros_ws/install/share/clip_manage/package.dsv
[3.067s] -- Up-to-date: /cc_ws/tros_ws/install/share/ament_index/resource_index/packages/clip_manage
[3.067s] -- Up-to-date: /cc_ws/tros_ws/install/share/clip_manage/cmake/clip_manageConfig.cmake
[3.068s] -- Up-to-date: /cc_ws/tros_ws/install/share/clip_manage/cmake/clip_manageConfig-version.cmake
[3.068s] -- Up-to-date: /cc_ws/tros_ws/install/share/clip_manage/package.xml
[3.073s] Invoked command in '/cc_ws/tros_ws/build/clip_manage' returned '0': AMENT_PREFIX_PATH=/cc_ws/tros_ws/install:${AMENT_PREFIX_PATH} CMAKE_PREFIX_PATH=/cc_ws/tros_ws/install:/opt/ros/humble LD_LIBRARY_PATH=/cc_ws/tros_ws/install/lib:/opt/ros/humble/opt/rviz_ogre_vendor/lib:/opt/ros/humble/lib/aarch64-linux-gnu:/opt/ros/humble/lib:/cc_ws/userdata/hobot/opt/hobot/deps PYTHONPATH=/cc_ws/tros_ws/install/local/lib/python3.10/dist-packages:/cc_ws/tros_ws/install/lib/python3.10/site-packages:${PYTHONPATH} /usr/bin/cmake --install /cc_ws/tros_ws/build/clip_manage
