[0.529s] Invoking command in '/cc_ws/tros_ws/build/mono2d_body_detection': AMENT_PREFIX_PATH=/cc_ws/tros_ws/install:${AMENT_PREFIX_PATH} CMAKE_PREFIX_PATH=/cc_ws/tros_ws/install:/opt/ros/humble LD_LIBRARY_PATH=/cc_ws/tros_ws/install/lib:/opt/ros/humble/opt/rviz_ogre_vendor/lib:/opt/ros/humble/lib/aarch64-linux-gnu:/opt/ros/humble/lib:/cc_ws/userdata/hobot/opt/hobot/deps PYTHONPATH=/cc_ws/tros_ws/install/lib/python3.10/site-packages:/cc_ws/tros_ws/install/local/lib/python3.10/dist-packages:${PYTHONPATH} /usr/bin/cmake /cc_ws/tros_ws/src/box/hobot_perception/mono2d_body_detection -DCMAKE_EXPORT_COMPILE_COMMANDS=ON --no-warn-unused-cli -DCMAKE_TOOLCHAIN_FILE=/cc_ws/tros_ws/robot_dev_config/aarch64_toolchainfile.cmake -DPLATFORM_X5=ON -DTHIRDPARTY=ON -DBUILD_TESTING=OFF -DCMAKE_BUILD_RPATH=/cc_ws/tros_ws/build/poco_vendor/poco_external_project_install/lib/;/cc_ws/tros_ws/build/libyaml_vendor/libyaml_install/lib/ -DCMAKE_INSTALL_PREFIX=/cc_ws/tros_ws/install
[0.561s] Not searching for unused variables given on the command line.
[0.592s] -- Found ament_cmake: 1.3.8 (/opt/ros/humble/share/ament_cmake/cmake)
[0.954s] [33mCMake Warning (dev) at /opt/ros/humble/share/ament_cmake_test/cmake/ament_cmake_test-extras.cmake:19 (option):
[0.954s]   Policy CMP0077 is not set: option() honors normal variables.  Run "cmake
[0.954s]   --help-policy CMP0077" for policy details.  Use the cmake_policy command to
[0.954s]   set the policy and suppress this warning.
[0.954s] 
[0.954s]   For compatibility with older versions of CMake, option is clearing the
[0.955s]   normal variable 'BUILD_TESTING'.
[0.955s] Call Stack (most recent call first):
[0.955s]   /opt/ros/humble/share/ament_cmake_test/cmake/ament_cmake_testConfig.cmake:41 (include)
[0.955s]   /opt/ros/humble/share/ament_cmake/cmake/ament_cmake_export_dependencies-extras.cmake:21 (find_package)
[0.955s]   /opt/ros/humble/share/ament_cmake/cmake/ament_cmakeConfig.cmake:41 (include)
[0.955s]   CMakeLists.txt:33 (find_package)
[0.955s] This warning is for project developers.  Use -Wno-dev to suppress it.
[0.955s] [0m
[0.956s] -- Found rclcpp: 16.0.8 (/opt/ros/humble/share/rclcpp/cmake)
[1.012s] -- Found rosidl_generator_c: 3.1.5 (/opt/ros/humble/share/rosidl_generator_c/cmake)
[1.015s] -- Found rosidl_adapter: 3.1.5 (/opt/ros/humble/share/rosidl_adapter/cmake)
[1.045s] -- Found rosidl_generator_cpp: 3.1.5 (/opt/ros/humble/share/rosidl_generator_cpp/cmake)
[1.066s] -- Using all available rosidl_typesupport_c: rosidl_typesupport_fastrtps_c;rosidl_typesupport_introspection_c
[1.117s] -- Using all available rosidl_typesupport_cpp: rosidl_typesupport_fastrtps_cpp;rosidl_typesupport_introspection_cpp
[1.353s] -- Found rmw_implementation_cmake: 6.1.1 (/opt/ros/humble/share/rmw_implementation_cmake/cmake)
[1.355s] -- Found rmw_fastrtps_cpp: 6.2.6 (/opt/ros/humble/share/rmw_fastrtps_cpp/cmake)
[1.783s] -- Using RMW implementation 'rmw_fastrtps_cpp' as default
[2.320s] -- Found sensor_msgs: 4.2.3 (/opt/ros/humble/share/sensor_msgs/cmake)
[2.762s] -- Found ai_msgs: 2.0.1 (/cc_ws/tros_ws/robot_dev_config/../install/share/ai_msgs/cmake)
[3.264s] -- Found dnn_node: 2.5.4 (/cc_ws/tros_ws/robot_dev_config/../install/share/dnn_node/cmake)
[3.272s] -- Found cv_bridge: 3.2.1 (/opt/ros/humble/share/cv_bridge/cmake)
[3.336s] -- Found hobot_cv: 2.3.2 (/cc_ws/tros_ws/robot_dev_config/../install/share/hobot_cv/cmake)
[3.344s] -- Found rclcpp_components: 16.0.8 (/opt/ros/humble/share/rclcpp_components/cmake)
[3.650s] -- Found hbm_img_msgs: 2.0.0 (/cc_ws/tros_ws/robot_dev_config/../install/share/hbm_img_msgs/cmake)
[3.795s] [0mbuild mono2d_body_detection for platform X5[0m
[3.795s] [0mCMAKE_SYSROOT is /cc_ws/tros_ws/robot_dev_config/../../sysroot_docker[0m
[3.795s] -- Found hobot_mot: 2.0.2 (/cc_ws/tros_ws/robot_dev_config/../install/share/hobot_mot/cmake)
[4.113s] -- Configuring done
[4.195s] -- Generating done
[4.203s] -- Build files have been written to: /cc_ws/tros_ws/build/mono2d_body_detection
[4.222s] Invoked command in '/cc_ws/tros_ws/build/mono2d_body_detection' returned '0': AMENT_PREFIX_PATH=/cc_ws/tros_ws/install:${AMENT_PREFIX_PATH} CMAKE_PREFIX_PATH=/cc_ws/tros_ws/install:/opt/ros/humble LD_LIBRARY_PATH=/cc_ws/tros_ws/install/lib:/opt/ros/humble/opt/rviz_ogre_vendor/lib:/opt/ros/humble/lib/aarch64-linux-gnu:/opt/ros/humble/lib:/cc_ws/userdata/hobot/opt/hobot/deps PYTHONPATH=/cc_ws/tros_ws/install/lib/python3.10/site-packages:/cc_ws/tros_ws/install/local/lib/python3.10/dist-packages:${PYTHONPATH} /usr/bin/cmake /cc_ws/tros_ws/src/box/hobot_perception/mono2d_body_detection -DCMAKE_EXPORT_COMPILE_COMMANDS=ON --no-warn-unused-cli -DCMAKE_TOOLCHAIN_FILE=/cc_ws/tros_ws/robot_dev_config/aarch64_toolchainfile.cmake -DPLATFORM_X5=ON -DTHIRDPARTY=ON -DBUILD_TESTING=OFF -DCMAKE_BUILD_RPATH=/cc_ws/tros_ws/build/poco_vendor/poco_external_project_install/lib/;/cc_ws/tros_ws/build/libyaml_vendor/libyaml_install/lib/ -DCMAKE_INSTALL_PREFIX=/cc_ws/tros_ws/install
[4.231s] Invoking command in '/cc_ws/tros_ws/build/mono2d_body_detection': AMENT_PREFIX_PATH=/cc_ws/tros_ws/install:${AMENT_PREFIX_PATH} CMAKE_PREFIX_PATH=/cc_ws/tros_ws/install:/opt/ros/humble LD_LIBRARY_PATH=/cc_ws/tros_ws/install/lib:/opt/ros/humble/opt/rviz_ogre_vendor/lib:/opt/ros/humble/lib/aarch64-linux-gnu:/opt/ros/humble/lib:/cc_ws/userdata/hobot/opt/hobot/deps PYTHONPATH=/cc_ws/tros_ws/install/lib/python3.10/site-packages:/cc_ws/tros_ws/install/local/lib/python3.10/dist-packages:${PYTHONPATH} /usr/bin/cmake --build /cc_ws/tros_ws/build/mono2d_body_detection -- -j12 -l12
[5.281s] [35m[1mConsolidate compiler generated dependencies of target mono2d_body_detection_component[0m
[5.281s] [35m[1mConsolidate compiler generated dependencies of target mono2d_body_detection[0m
[5.281s] [ 33%] Built target mono2d_body_detection
[5.281s] [100%] Built target mono2d_body_detection_component
[5.384s] Invoked command in '/cc_ws/tros_ws/build/mono2d_body_detection' returned '0': AMENT_PREFIX_PATH=/cc_ws/tros_ws/install:${AMENT_PREFIX_PATH} CMAKE_PREFIX_PATH=/cc_ws/tros_ws/install:/opt/ros/humble LD_LIBRARY_PATH=/cc_ws/tros_ws/install/lib:/opt/ros/humble/opt/rviz_ogre_vendor/lib:/opt/ros/humble/lib/aarch64-linux-gnu:/opt/ros/humble/lib:/cc_ws/userdata/hobot/opt/hobot/deps PYTHONPATH=/cc_ws/tros_ws/install/lib/python3.10/site-packages:/cc_ws/tros_ws/install/local/lib/python3.10/dist-packages:${PYTHONPATH} /usr/bin/cmake --build /cc_ws/tros_ws/build/mono2d_body_detection -- -j12 -l12
[5.837s] Invoking command in '/cc_ws/tros_ws/build/mono2d_body_detection': AMENT_PREFIX_PATH=/cc_ws/tros_ws/install:${AMENT_PREFIX_PATH} CMAKE_PREFIX_PATH=/cc_ws/tros_ws/install:/opt/ros/humble LD_LIBRARY_PATH=/cc_ws/tros_ws/install/lib:/opt/ros/humble/opt/rviz_ogre_vendor/lib:/opt/ros/humble/lib/aarch64-linux-gnu:/opt/ros/humble/lib:/cc_ws/userdata/hobot/opt/hobot/deps PYTHONPATH=/cc_ws/tros_ws/install/lib/python3.10/site-packages:/cc_ws/tros_ws/install/local/lib/python3.10/dist-packages:${PYTHONPATH} /usr/bin/cmake --install /cc_ws/tros_ws/build/mono2d_body_detection
[5.904s] -- Install configuration: ""
[5.908s] -- Up-to-date: /cc_ws/tros_ws/install/lib/mono2d_body_detection/mono2d_body_detection
[5.909s] -- Up-to-date: /cc_ws/tros_ws/install/lib/mono2d_body_detection/mono2d_body_detection
[5.909s] -- Up-to-date: /cc_ws/tros_ws/install/lib/libmono2d_body_detection_component.so
[5.909s] -- Up-to-date: /cc_ws/tros_ws/install/lib/mono2d_body_detection/config/
[5.909s] -- Up-to-date: /cc_ws/tros_ws/install/lib/mono2d_body_detection/config//multitask_body_head_face_hand_kps_960x544.hbm
[5.909s] -- Up-to-date: /cc_ws/tros_ws/install/lib/mono2d_body_detection/config/iou2_euclid_method_param.json
[5.909s] -- Up-to-date: /cc_ws/tros_ws/install/lib/mono2d_body_detection/config/iou2_method_param.json
[5.909s] -- Up-to-date: /cc_ws/tros_ws/install/lib/mono2d_body_detection/config/person_body.jpg
[5.909s] -- Up-to-date: /cc_ws/tros_ws/install/share/mono2d_body_detection/launch
[5.909s] -- Up-to-date: /cc_ws/tros_ws/install/share/mono2d_body_detection/launch/mono2d_body_detection_without_camera.launch.py
[5.910s] -- Up-to-date: /cc_ws/tros_ws/install/share/mono2d_body_detection/launch/mono2d_body_detection.launch.py
[5.910s] -- Up-to-date: /cc_ws/tros_ws/install/share/ament_index/resource_index/package_run_dependencies/mono2d_body_detection
[5.910s] -- Up-to-date: /cc_ws/tros_ws/install/share/ament_index/resource_index/parent_prefix_path/mono2d_body_detection
[5.910s] -- Up-to-date: /cc_ws/tros_ws/install/share/mono2d_body_detection/environment/ament_prefix_path.sh
[5.911s] -- Installing: /cc_ws/tros_ws/install/share/mono2d_body_detection/environment/ament_prefix_path.dsv
[5.911s] -- Up-to-date: /cc_ws/tros_ws/install/share/mono2d_body_detection/environment/path.sh
[5.911s] -- Installing: /cc_ws/tros_ws/install/share/mono2d_body_detection/environment/path.dsv
[5.911s] -- Up-to-date: /cc_ws/tros_ws/install/share/mono2d_body_detection/local_setup.bash
[5.911s] -- Up-to-date: /cc_ws/tros_ws/install/share/mono2d_body_detection/local_setup.sh
[5.911s] -- Up-to-date: /cc_ws/tros_ws/install/share/mono2d_body_detection/local_setup.zsh
[5.911s] -- Installing: /cc_ws/tros_ws/install/share/mono2d_body_detection/local_setup.dsv
[5.911s] -- Installing: /cc_ws/tros_ws/install/share/mono2d_body_detection/package.dsv
[5.911s] -- Up-to-date: /cc_ws/tros_ws/install/share/ament_index/resource_index/packages/mono2d_body_detection
[5.912s] -- Up-to-date: /cc_ws/tros_ws/install/share/ament_index/resource_index/rclcpp_components/mono2d_body_detection
[5.912s] -- Up-to-date: /cc_ws/tros_ws/install/share/mono2d_body_detection/cmake/mono2d_body_detectionConfig.cmake
[5.912s] -- Up-to-date: /cc_ws/tros_ws/install/share/mono2d_body_detection/cmake/mono2d_body_detectionConfig-version.cmake
[5.912s] -- Up-to-date: /cc_ws/tros_ws/install/share/mono2d_body_detection/package.xml
[5.912s] Invoked command in '/cc_ws/tros_ws/build/mono2d_body_detection' returned '0': AMENT_PREFIX_PATH=/cc_ws/tros_ws/install:${AMENT_PREFIX_PATH} CMAKE_PREFIX_PATH=/cc_ws/tros_ws/install:/opt/ros/humble LD_LIBRARY_PATH=/cc_ws/tros_ws/install/lib:/opt/ros/humble/opt/rviz_ogre_vendor/lib:/opt/ros/humble/lib/aarch64-linux-gnu:/opt/ros/humble/lib:/cc_ws/userdata/hobot/opt/hobot/deps PYTHONPATH=/cc_ws/tros_ws/install/lib/python3.10/site-packages:/cc_ws/tros_ws/install/local/lib/python3.10/dist-packages:${PYTHONPATH} /usr/bin/cmake --install /cc_ws/tros_ws/build/mono2d_body_detection
