Not searching for unused variables given on the command line.
-- Found ament_cmake: 1.3.8 (/opt/ros/humble/share/ament_cmake/cmake)
[33mCMake Warning (dev) at /opt/ros/humble/share/ament_cmake_test/cmake/ament_cmake_test-extras.cmake:19 (option):
  Policy CMP0077 is not set: option() honors normal variables.  Run "cmake
  --help-policy CMP0077" for policy details.  Use the cmake_policy command to
  set the policy and suppress this warning.

  For compatibility with older versions of CMake, option is clearing the
  normal variable 'BUILD_TESTING'.
Call Stack (most recent call first):
  /opt/ros/humble/share/ament_cmake_test/cmake/ament_cmake_testConfig.cmake:41 (include)
  /opt/ros/humble/share/ament_cmake/cmake/ament_cmake_export_dependencies-extras.cmake:21 (find_package)
  /opt/ros/humble/share/ament_cmake/cmake/ament_cmakeConfig.cmake:41 (include)
  CMakeLists.txt:33 (find_package)
This warning is for project developers.  Use -Wno-dev to suppress it.
[0m
-- Found rclcpp: 16.0.8 (/opt/ros/humble/share/rclcpp/cmake)
-- Found rosidl_generator_c: 3.1.5 (/opt/ros/humble/share/rosidl_generator_c/cmake)
-- Found rosidl_adapter: 3.1.5 (/opt/ros/humble/share/rosidl_adapter/cmake)
-- Found rosidl_generator_cpp: 3.1.5 (/opt/ros/humble/share/rosidl_generator_cpp/cmake)
-- Using all available rosidl_typesupport_c: rosidl_typesupport_fastrtps_c;rosidl_typesupport_introspection_c
-- Using all available rosidl_typesupport_cpp: rosidl_typesupport_fastrtps_cpp;rosidl_typesupport_introspection_cpp
-- Found rmw_implementation_cmake: 6.1.1 (/opt/ros/humble/share/rmw_implementation_cmake/cmake)
-- Found rmw_fastrtps_cpp: 6.2.6 (/opt/ros/humble/share/rmw_fastrtps_cpp/cmake)
-- Using RMW implementation 'rmw_fastrtps_cpp' as default
[0mbuild platform X5[0m
[0mPREFIX_PATH is libdnn[0m
[0mSYS_ROOT is /cc_ws/tros_ws/robot_dev_config/../../sysroot_docker[0m
-- Configuring done
-- Generating done
-- Build files have been written to: /cc_ws/tros_ws/build/dnn_node
[35m[1mConsolidate compiler generated dependencies of target dnn_node[0m
[100%] Built target dnn_node
-- Install configuration: ""
-- Up-to-date: /cc_ws/tros_ws/install/lib/libdnn_node.so
-- Up-to-date: /cc_ws/tros_ws/install/include/dnn_node/dnn_node.h
-- Up-to-date: /cc_ws/tros_ws/install/include/dnn_node/dnn_node_data.h
-- Up-to-date: /cc_ws/tros_ws/install/include/dnn_node/util/image_proc.h
-- Up-to-date: /cc_ws/tros_ws/install/include/dnn_node/util/output_parser/
-- Up-to-date: /cc_ws/tros_ws/install/include/dnn_node/util/output_parser//perception_common.h
-- Up-to-date: /cc_ws/tros_ws/install/include/dnn_node/util/output_parser//segmentation
-- Up-to-date: /cc_ws/tros_ws/install/include/dnn_node/util/output_parser//segmentation/ptq_yolo8_seg_output_parser.h
-- Up-to-date: /cc_ws/tros_ws/install/include/dnn_node/util/output_parser//segmentation/ptq_unet_output_parser.h
-- Up-to-date: /cc_ws/tros_ws/install/include/dnn_node/util/output_parser//segmentation/ptq_stdc_output_parser.h
-- Up-to-date: /cc_ws/tros_ws/install/include/dnn_node/util/output_parser//utils.h
-- Up-to-date: /cc_ws/tros_ws/install/include/dnn_node/util/output_parser//classification
-- Up-to-date: /cc_ws/tros_ws/install/include/dnn_node/util/output_parser//classification/ptq_classification_output_parser.h
-- Up-to-date: /cc_ws/tros_ws/install/include/dnn_node/util/output_parser//detection
-- Up-to-date: /cc_ws/tros_ws/install/include/dnn_node/util/output_parser//detection/ptq_yolo3_darknet_output_parser.h
-- Up-to-date: /cc_ws/tros_ws/install/include/dnn_node/util/output_parser//detection/ptq_yolo2_output_parser.h
-- Up-to-date: /cc_ws/tros_ws/install/include/dnn_node/util/output_parser//detection/ptq_yolo10_output_parser.h
-- Up-to-date: /cc_ws/tros_ws/install/include/dnn_node/util/output_parser//detection/fcos_output_parser.h
-- Up-to-date: /cc_ws/tros_ws/install/include/dnn_node/util/output_parser//detection/ptq_ssd_output_parser.h
-- Up-to-date: /cc_ws/tros_ws/install/include/dnn_node/util/output_parser//detection/ptq_yolov5x_output_parser.h
-- Up-to-date: /cc_ws/tros_ws/install/include/dnn_node/util/output_parser//detection/ptq_yolo5_output_parser.h
-- Up-to-date: /cc_ws/tros_ws/install/include/dnn_node/util/output_parser//detection/ptq_yolo8_output_parser.h
-- Up-to-date: /cc_ws/tros_ws/install/include/dnn_node/util/output_parser//detection/fasterrcnn_output_parser.h
-- Up-to-date: /cc_ws/tros_ws/install/include/dnn_node/util/output_parser//detection/nms.h
-- Up-to-date: /cc_ws/tros_ws/install/include/dnn_node/util/output_parser//detection/ptq_efficientdet_output_parser.h
-- Up-to-date: /cc_ws/tros_ws/install/include/easy_dnn/
-- Up-to-date: /cc_ws/tros_ws/install/include/easy_dnn//model_roi_infer_task.h
-- Up-to-date: /cc_ws/tros_ws/install/include/easy_dnn//task.h
-- Up-to-date: /cc_ws/tros_ws/install/include/easy_dnn//model.h
-- Up-to-date: /cc_ws/tros_ws/install/include/easy_dnn//model_infer_task.h
-- Up-to-date: /cc_ws/tros_ws/install/include/easy_dnn//common.h
-- Up-to-date: /cc_ws/tros_ws/install/include/easy_dnn//input_process.h
-- Up-to-date: /cc_ws/tros_ws/install/include/easy_dnn//data_structure.h
-- Up-to-date: /cc_ws/tros_ws/install/lib/libdnn_node.so
-- Up-to-date: /cc_ws/tros_ws/install/share/dnn_node/environment/library_path.sh
-- Installing: /cc_ws/tros_ws/install/share/dnn_node/environment/library_path.dsv
-- Up-to-date: /cc_ws/tros_ws/install/share/ament_index/resource_index/package_run_dependencies/dnn_node
-- Up-to-date: /cc_ws/tros_ws/install/share/ament_index/resource_index/parent_prefix_path/dnn_node
-- Up-to-date: /cc_ws/tros_ws/install/share/dnn_node/environment/ament_prefix_path.sh
-- Installing: /cc_ws/tros_ws/install/share/dnn_node/environment/ament_prefix_path.dsv
-- Up-to-date: /cc_ws/tros_ws/install/share/dnn_node/environment/path.sh
-- Installing: /cc_ws/tros_ws/install/share/dnn_node/environment/path.dsv
-- Up-to-date: /cc_ws/tros_ws/install/share/dnn_node/local_setup.bash
-- Up-to-date: /cc_ws/tros_ws/install/share/dnn_node/local_setup.sh
-- Up-to-date: /cc_ws/tros_ws/install/share/dnn_node/local_setup.zsh
-- Installing: /cc_ws/tros_ws/install/share/dnn_node/local_setup.dsv
-- Installing: /cc_ws/tros_ws/install/share/dnn_node/package.dsv
-- Up-to-date: /cc_ws/tros_ws/install/share/ament_index/resource_index/packages/dnn_node
-- Up-to-date: /cc_ws/tros_ws/install/share/dnn_node/cmake/dnn_nodeExport.cmake
-- Up-to-date: /cc_ws/tros_ws/install/share/dnn_node/cmake/dnn_nodeExport-noconfig.cmake
-- Up-to-date: /cc_ws/tros_ws/install/share/dnn_node/cmake/ament_cmake_export_include_directories-extras.cmake
-- Up-to-date: /cc_ws/tros_ws/install/share/dnn_node/cmake/ament_cmake_export_libraries-extras.cmake
-- Up-to-date: /cc_ws/tros_ws/install/share/dnn_node/cmake/ament_cmake_export_targets-extras.cmake
-- Up-to-date: /cc_ws/tros_ws/install/share/dnn_node/cmake/dnn_nodeConfig.cmake
-- Up-to-date: /cc_ws/tros_ws/install/share/dnn_node/cmake/dnn_nodeConfig-version.cmake
-- Up-to-date: /cc_ws/tros_ws/install/share/dnn_node/package.xml
