Not searching for unused variables given on the command line.
-- The C compiler identification is GNU 11.4.0
-- The CXX compiler identification is GNU 11.4.0
-- Detecting C compiler ABI info
-- Detecting C compiler ABI info - done
-- Check for working C compiler: /usr/bin/aarch64-linux-gnu-gcc - skipped
-- Detecting C compile features
-- Detecting C compile features - done
-- Detecting CXX compiler ABI info
-- Detecting CXX compiler ABI info - done
-- Check for working CXX compiler: /usr/bin/aarch64-linux-gnu-g++ - skipped
-- Detecting CXX compile features
-- Detecting CXX compile features - done
-- Found ament_cmake: 1.3.8 (/opt/ros/humble/share/ament_cmake/cmake)
-- Found Python3: /usr/bin/python3 (found version "3.10.12") found components: Interpreter 
-- Found rclcpp: 16.0.8 (/opt/ros/humble/share/rclcpp/cmake)
-- Found rosidl_generator_c: 3.1.5 (/opt/ros/humble/share/rosidl_generator_c/cmake)
-- Found rosidl_adapter: 3.1.5 (/opt/ros/humble/share/rosidl_adapter/cmake)
-- Found rosidl_generator_cpp: 3.1.5 (/opt/ros/humble/share/rosidl_generator_cpp/cmake)
-- Using all available rosidl_typesupport_c: rosidl_typesupport_fastrtps_c;rosidl_typesupport_introspection_c
-- Using all available rosidl_typesupport_cpp: rosidl_typesupport_fastrtps_cpp;rosidl_typesupport_introspection_cpp
-- Found rmw_implementation_cmake: 6.1.1 (/opt/ros/humble/share/rmw_implementation_cmake/cmake)
-- Found rmw_fastrtps_cpp: 6.2.6 (/opt/ros/humble/share/rmw_fastrtps_cpp/cmake)
-- Found OpenSSL: /cc_ws/tros_ws/robot_dev_config/../../sysroot_docker/usr/lib/aarch64-linux-gnu/libcrypto.so (found version "3.0.2")  
-- Found FastRTPS: /opt/ros/humble/include  
-- Using RMW implementation 'rmw_fastrtps_cpp' as default
-- Looking for pthread.h
-- Looking for pthread.h - found
-- Performing Test CMAKE_HAVE_LIBC_PTHREAD
-- Performing Test CMAKE_HAVE_LIBC_PTHREAD - Success
-- Found Threads: TRUE  
-- Found dnn_node: 2.5.4 (/cc_ws/tros_ws/robot_dev_config/../install/share/dnn_node/cmake)
-- Found sensor_msgs: 4.2.3 (/opt/ros/humble/share/sensor_msgs/cmake)
-- Found nav_msgs: 4.2.3 (/opt/ros/humble/share/nav_msgs/cmake)
-- Found rclcpp_components: 16.0.8 (/opt/ros/humble/share/rclcpp_components/cmake)
-- Found cv_bridge: 3.2.1 (/opt/ros/humble/share/cv_bridge/cmake)
-- Found tf2: 0.25.6 (/opt/ros/humble/share/tf2/cmake)
-- Found tf2_ros: 0.25.6 (/opt/ros/humble/share/tf2_ros/cmake)
-- Found tf2_geometry_msgs: 0.25.6 (/opt/ros/humble/share/tf2_geometry_msgs/cmake)
-- Found eigen3_cmake_module: 0.1.1 (/opt/ros/humble/share/eigen3_cmake_module/cmake)
-- Found Eigen3: TRUE (found version "3.4.0") 
-- Ensuring Eigen3 include directory is part of orocos-kdl CMake target
-- Performing Test COMPILER_SUPPORTS_CXX17
-- Performing Test COMPILER_SUPPORTS_CXX17 - Success
-- Performing Test COMPILER_SUPPORTS_CXX14
-- Performing Test COMPILER_SUPPORTS_CXX14 - Success
-- Performing Test COMPILER_SUPPORTS_CXX11
-- Performing Test COMPILER_SUPPORTS_CXX11 - Success
-- Performing Test COMPILER_SUPPORTS_CXX0X
-- Performing Test COMPILER_SUPPORTS_CXX0X - Success
-- Using flag -std=c++17.
-- Found OpenCV: /cc_ws/sysroot_docker/usr_x5 (found suitable version "4.5.4", minimum required is "4") 
-- BUILD TYPE:Release
-- Compiling on Unix
-- Found OpenMP_C: -fopenmp (found version "4.5") 
-- Found OpenMP_CXX: -fopenmp (found version "4.5") 
-- Found OpenMP: TRUE (found version "4.5")  
-- Found Eigen3: TRUE (found suitable version "3.4.0", minimum required is "3.1.0") 
-- Configuring done
-- Generating done
-- Build files have been written to: /cc_ws/tros_ws/build/orb_slam3
[  1%] [32mBuilding CXX object Thirdparty/DBoW2/CMakeFiles/DBoW2.dir/DBoW2/FORB.cpp.o[0m
[  1%] [32mBuilding CXX object Thirdparty/DBoW2/CMakeFiles/DBoW2.dir/DBoW2/BowVector.cpp.o[0m
[  2%] [32mBuilding CXX object Thirdparty/DBoW2/CMakeFiles/DBoW2.dir/DBoW2/FeatureVector.cpp.o[0m
[  3%] [32mBuilding CXX object Thirdparty/g2o/CMakeFiles/g2o.dir/g2o/types/types_sba.cpp.o[0m
[  4%] [32mBuilding CXX object Thirdparty/DBoW2/CMakeFiles/DBoW2.dir/DBoW2/ScoringObject.cpp.o[0m
[  5%] [32mBuilding CXX object Thirdparty/g2o/CMakeFiles/g2o.dir/g2o/types/types_six_dof_expmap.cpp.o[0m
[  6%] [32mBuilding CXX object Thirdparty/DBoW2/CMakeFiles/DBoW2.dir/DUtils/Timestamp.cpp.o[0m
[  7%] [32mBuilding CXX object Thirdparty/g2o/CMakeFiles/g2o.dir/g2o/types/types_seven_dof_expmap.cpp.o[0m
[  8%] [32mBuilding CXX object Thirdparty/DBoW2/CMakeFiles/DBoW2.dir/DUtils/Random.cpp.o[0m
[  9%] [32mBuilding CXX object Thirdparty/g2o/CMakeFiles/g2o.dir/g2o/core/hyper_graph.cpp.o[0m
[ 10%] [32mBuilding CXX object Thirdparty/g2o/CMakeFiles/g2o.dir/g2o/core/hyper_graph_action.cpp.o[0m
[ 11%] [32mBuilding CXX object Thirdparty/g2o/CMakeFiles/g2o.dir/g2o/core/marginal_covariance_cholesky.cpp.o[0m
[ 12%] [32mBuilding CXX object Thirdparty/g2o/CMakeFiles/g2o.dir/g2o/core/matrix_structure.cpp.o[0m
[ 13%] [32mBuilding CXX object Thirdparty/g2o/CMakeFiles/g2o.dir/g2o/core/batch_stats.cpp.o[0m
[ 14%] [32mBuilding CXX object Thirdparty/g2o/CMakeFiles/g2o.dir/g2o/core/parameter.cpp.o[0m
[ 15%] [32mBuilding CXX object Thirdparty/g2o/CMakeFiles/g2o.dir/g2o/core/cache.cpp.o[0m
[ 16%] [32mBuilding CXX object Thirdparty/g2o/CMakeFiles/g2o.dir/g2o/core/optimizable_graph.cpp.o[0m
[ 17%] [32mBuilding CXX object Thirdparty/g2o/CMakeFiles/g2o.dir/g2o/core/solver.cpp.o[0m
[ 17%] [32mBuilding CXX object Thirdparty/g2o/CMakeFiles/g2o.dir/g2o/core/optimization_algorithm_factory.cpp.o[0m
[ 18%] [32mBuilding CXX object Thirdparty/g2o/CMakeFiles/g2o.dir/g2o/core/estimate_propagator.cpp.o[0m
[ 19%] [32mBuilding CXX object Thirdparty/g2o/CMakeFiles/g2o.dir/g2o/core/factory.cpp.o[0m
[ 20%] [32m[1mLinking CXX shared library /cc_ws/tros_ws/src/box/orb_slam3/ORB_SLAM3/lib/libDBoW2.so[0m
[ 20%] Built target DBoW2
[ 21%] [32mBuilding CXX object Thirdparty/g2o/CMakeFiles/g2o.dir/g2o/core/sparse_optimizer.cpp.o[0m
[ 22%] [32mBuilding CXX object Thirdparty/g2o/CMakeFiles/g2o.dir/g2o/core/hyper_dijkstra.cpp.o[0m
[ 23%] [32mBuilding CXX object Thirdparty/g2o/CMakeFiles/g2o.dir/g2o/core/parameter_container.cpp.o[0m
[ 24%] [32mBuilding CXX object Thirdparty/g2o/CMakeFiles/g2o.dir/g2o/stuff/string_tools.cpp.o[0m
[ 26%] [32mBuilding CXX object Thirdparty/g2o/CMakeFiles/g2o.dir/g2o/stuff/timeutil.cpp.o[0m
[ 26%] [32mBuilding C object Thirdparty/g2o/CMakeFiles/g2o.dir/g2o/stuff/os_specific.c.o[0m
[ 27%] [32mBuilding CXX object Thirdparty/g2o/CMakeFiles/g2o.dir/g2o/stuff/property.cpp.o[0m
[ 28%] [32mBuilding CXX object Thirdparty/g2o/CMakeFiles/g2o.dir/g2o/core/robust_kernel_impl.cpp.o[0m
[ 29%] [32mBuilding CXX object Thirdparty/g2o/CMakeFiles/g2o.dir/g2o/core/robust_kernel_factory.cpp.o[0m
[ 30%] [32mBuilding CXX object Thirdparty/g2o/CMakeFiles/g2o.dir/g2o/core/robust_kernel.cpp.o[0m
[ 31%] [32mBuilding CXX object Thirdparty/g2o/CMakeFiles/g2o.dir/g2o/core/jacobian_workspace.cpp.o[0m
[ 32%] [32mBuilding CXX object Thirdparty/g2o/CMakeFiles/g2o.dir/g2o/core/optimization_algorithm_gauss_newton.cpp.o[0m
[ 33%] [32mBuilding CXX object Thirdparty/g2o/CMakeFiles/g2o.dir/g2o/core/optimization_algorithm_levenberg.cpp.o[0m
[ 34%] [32mBuilding CXX object Thirdparty/g2o/CMakeFiles/g2o.dir/g2o/core/optimization_algorithm_with_hessian.cpp.o[0m
[ 35%] [32mBuilding CXX object Thirdparty/g2o/CMakeFiles/g2o.dir/g2o/core/optimization_algorithm.cpp.o[0m
[ 36%] [32m[1mLinking CXX shared library /cc_ws/tros_ws/src/box/orb_slam3/ORB_SLAM3/Thirdparty/g2o/lib/libg2o.so[0m
[ 36%] Built target g2o
[ 37%] [32mBuilding CXX object CMakeFiles/orb_slam3.dir/src/System.cc.o[0m
[ 38%] [32mBuilding CXX object CMakeFiles/orb_slam3.dir/src/LoopClosing.cc.o[0m
[ 39%] [32mBuilding CXX object CMakeFiles/orb_slam3.dir/src/LocalMapping.cc.o[0m
[ 40%] [32mBuilding CXX object CMakeFiles/orb_slam3.dir/src/Tracking.cc.o[0m
[ 41%] [32mBuilding CXX object CMakeFiles/orb_slam3.dir/src/Atlas.cc.o[0m
[ 42%] [32mBuilding CXX object CMakeFiles/orb_slam3.dir/src/KeyFrame.cc.o[0m
[ 45%] [32mBuilding CXX object CMakeFiles/orb_slam3.dir/src/MapPoint.cc.o[0m
[ 45%] [32mBuilding CXX object CMakeFiles/orb_slam3.dir/src/Converter.cc.o[0m
[ 45%] [32mBuilding CXX object CMakeFiles/orb_slam3.dir/src/FrameDrawer.cc.o[0m
[ 46%] [32mBuilding CXX object CMakeFiles/orb_slam3.dir/src/SuperPointExtractor.cc.o[0m
[ 46%] [32mBuilding CXX object CMakeFiles/orb_slam3.dir/src/ORBmatcher.cc.o[0m
[ 47%] [32mBuilding CXX object CMakeFiles/orb_slam3.dir/src/ORBextractor.cc.o[0m
[ 48%] [32mBuilding CXX object CMakeFiles/orb_slam3.dir/src/CameraModels/Pinhole.cpp.o[0m
[ 49%] [32mBuilding CXX object CMakeFiles/orb_slam3.dir/src/G2oTypes.cc.o[0m
[ 50%] [32mBuilding CXX object CMakeFiles/orb_slam3.dir/src/ImuTypes.cc.o[0m
[ 51%] [32mBuilding CXX object CMakeFiles/orb_slam3.dir/src/Viewer.cc.o[0m
[ 52%] [32mBuilding CXX object CMakeFiles/orb_slam3.dir/src/Sim3Solver.cc.o[0m
[ 53%] [32mBuilding CXX object CMakeFiles/orb_slam3.dir/src/KeyFrameDatabase.cc.o[0m
[ 54%] [32mBuilding CXX object CMakeFiles/orb_slam3.dir/src/Frame.cc.o[0m
[ 55%] [32mBuilding CXX object CMakeFiles/orb_slam3.dir/src/Optimizer.cc.o[0m
[ 56%] [32mBuilding CXX object CMakeFiles/orb_slam3.dir/src/MapDrawer.cc.o[0m
