[0.060s] Invoking command in '/cc_ws/tros_ws/build/orb_slam3': AMENT_PREFIX_PATH=/cc_ws/tros_ws/install:${AMENT_PREFIX_PATH} CMAKE_PREFIX_PATH=/cc_ws/tros_ws/install:/opt/ros/humble LD_LIBRARY_PATH=/cc_ws/tros_ws/install/lib:/opt/ros/humble/opt/rviz_ogre_vendor/lib:/opt/ros/humble/lib/aarch64-linux-gnu:/opt/ros/humble/lib:/cc_ws/userdata/hobot/opt/hobot/deps PYTHONPATH=/cc_ws/tros_ws/install/lib/python3.10/site-packages:${PYTHONPATH} /usr/bin/cmake /cc_ws/tros_ws/src/box/orb_slam3/ORB_SLAM3 -DCMAKE_EXPORT_COMPILE_COMMANDS=ON --no-warn-unused-cli -DCMAKE_TOOLCHAIN_FILE=/cc_ws/tros_ws/robot_dev_config/aarch64_toolchainfile.cmake -DPLATFORM_X5=ON -DTHIRDPARTY=ON -DBUILD_TESTING=OFF -DCMAKE_BUILD_RPATH=/cc_ws/tros_ws/build/poco_vendor/poco_external_project_install/lib/;/cc_ws/tros_ws/build/libyaml_vendor/libyaml_install/lib/ -DCMAKE_INSTALL_PREFIX=/cc_ws/tros_ws/install
[0.280s] Not searching for unused variables given on the command line.
[0.321s] -- The C compiler identification is GNU 11.4.0
[0.529s] -- The CXX compiler identification is GNU 11.4.0
[0.543s] -- Detecting C compiler ABI info
[0.679s] -- Detecting C compiler ABI info - done
[0.715s] -- Check for working C compiler: /usr/bin/aarch64-linux-gnu-gcc - skipped
[0.715s] -- Detecting C compile features
[0.716s] -- Detecting C compile features - done
[0.716s] -- Detecting CXX compiler ABI info
[0.974s] -- Detecting CXX compiler ABI info - done
[0.989s] -- Check for working CXX compiler: /usr/bin/aarch64-linux-gnu-g++ - skipped
[0.990s] -- Detecting CXX compile features
[0.991s] -- Detecting CXX compile features - done
[0.993s] [0mBuild type: Release[0m
[0.993s] [0mENABLE_VIEWER: OFF[0m
[0.998s] -- Found ament_cmake: 1.3.8 (/opt/ros/humble/share/ament_cmake/cmake)
[1.256s] -- Found Python3: /usr/bin/python3 (found version "3.10.12") found components: Interpreter 
[1.428s] [33mCMake Warning (dev) at /opt/ros/humble/share/ament_cmake_test/cmake/ament_cmake_test-extras.cmake:19 (option):
[1.428s]   Policy CMP0077 is not set: option() honors normal variables.  Run "cmake
[1.429s]   --help-policy CMP0077" for policy details.  Use the cmake_policy command to
[1.436s]   set the policy and suppress this warning.
[1.436s] 
[1.436s]   For compatibility with older versions of CMake, option is clearing the
[1.436s]   normal variable 'BUILD_TESTING'.
[1.436s] Call Stack (most recent call first):
[1.436s]   /opt/ros/humble/share/ament_cmake_test/cmake/ament_cmake_testConfig.cmake:41 (include)
[1.437s]   /opt/ros/humble/share/ament_cmake/cmake/ament_cmake_export_dependencies-extras.cmake:21 (find_package)
[1.437s]   /opt/ros/humble/share/ament_cmake/cmake/ament_cmakeConfig.cmake:41 (include)
[1.437s]   CMakeLists.txt:29 (find_package)
[1.437s] This warning is for project developers.  Use -Wno-dev to suppress it.
[1.437s] [0m
[1.437s] -- Found rclcpp: 16.0.8 (/opt/ros/humble/share/rclcpp/cmake)
[1.502s] -- Found rosidl_generator_c: 3.1.5 (/opt/ros/humble/share/rosidl_generator_c/cmake)
[1.513s] -- Found rosidl_adapter: 3.1.5 (/opt/ros/humble/share/rosidl_adapter/cmake)
[1.528s] -- Found rosidl_generator_cpp: 3.1.5 (/opt/ros/humble/share/rosidl_generator_cpp/cmake)
[1.555s] -- Using all available rosidl_typesupport_c: rosidl_typesupport_fastrtps_c;rosidl_typesupport_introspection_c
[1.592s] -- Using all available rosidl_typesupport_cpp: rosidl_typesupport_fastrtps_cpp;rosidl_typesupport_introspection_cpp
[1.737s] -- Found rmw_implementation_cmake: 6.1.1 (/opt/ros/humble/share/rmw_implementation_cmake/cmake)
[1.745s] -- Found rmw_fastrtps_cpp: 6.2.6 (/opt/ros/humble/share/rmw_fastrtps_cpp/cmake)
[2.045s] -- Found OpenSSL: /cc_ws/tros_ws/robot_dev_config/../../sysroot_docker/usr/lib/aarch64-linux-gnu/libcrypto.so (found version "3.0.2")  
[2.109s] -- Found FastRTPS: /opt/ros/humble/include  
[2.191s] -- Using RMW implementation 'rmw_fastrtps_cpp' as default
[2.209s] -- Looking for pthread.h
[2.361s] -- Looking for pthread.h - found
[2.373s] -- Performing Test CMAKE_HAVE_LIBC_PTHREAD
[2.529s] -- Performing Test CMAKE_HAVE_LIBC_PTHREAD - Success
[2.529s] -- Found Threads: TRUE  
[2.884s] -- Found dnn_node: 2.5.4 (/cc_ws/tros_ws/robot_dev_config/../install/share/dnn_node/cmake)
[2.896s] -- Found sensor_msgs: 4.2.3 (/opt/ros/humble/share/sensor_msgs/cmake)
[3.133s] -- Found nav_msgs: 4.2.3 (/opt/ros/humble/share/nav_msgs/cmake)
[3.299s] -- Found rclcpp_components: 16.0.8 (/opt/ros/humble/share/rclcpp_components/cmake)
[3.486s] -- Found cv_bridge: 3.2.1 (/opt/ros/humble/share/cv_bridge/cmake)
[3.522s] -- Found tf2: 0.25.6 (/opt/ros/humble/share/tf2/cmake)
[3.575s] -- Found tf2_ros: 0.25.6 (/opt/ros/humble/share/tf2_ros/cmake)
[4.212s] -- Found tf2_geometry_msgs: 0.25.6 (/opt/ros/humble/share/tf2_geometry_msgs/cmake)
[4.255s] -- Found eigen3_cmake_module: 0.1.1 (/opt/ros/humble/share/eigen3_cmake_module/cmake)
[4.255s] -- Found Eigen3: TRUE (found version "3.4.0") 
[4.255s] -- Ensuring Eigen3 include directory is part of orocos-kdl CMake target
[4.272s] [0mdnn_node_includes: [0m
[4.272s] [0mdnn_node_includes: /cc_ws/tros_ws/install/include[0m
[4.275s] -- Performing Test COMPILER_SUPPORTS_CXX17
[4.473s] -- Performing Test COMPILER_SUPPORTS_CXX17 - Success
[4.474s] -- Performing Test COMPILER_SUPPORTS_CXX14
[4.802s] -- Performing Test COMPILER_SUPPORTS_CXX14 - Success
[4.804s] -- Performing Test COMPILER_SUPPORTS_CXX11
[5.110s] -- Performing Test COMPILER_SUPPORTS_CXX11 - Success
[5.111s] -- Performing Test COMPILER_SUPPORTS_CXX0X
[5.344s] -- Performing Test COMPILER_SUPPORTS_CXX0X - Success
[5.361s] -- Using flag -std=c++17.
[5.361s] -- Found OpenCV: /cc_ws/sysroot_docker/usr_x5 (found suitable version "4.5.4", minimum required is "4") 
[5.361s] [0mOPENCV VERSION:[0m
[5.361s] [0m4.5.4[0m
[5.412s] [33mCMake Warning at CMakeLists.txt:95 (find_package):
[5.412s]   By not providing "Findrealsense2.cmake" in CMAKE_MODULE_PATH this project
[5.412s]   has asked CMake to find a package configuration file provided by
[5.412s]   "realsense2", but CMake did not find one.
[5.412s] 
[5.412s]   Could not find a package configuration file provided by "realsense2" with
[5.412s]   any of the following names:
[5.413s] 
[5.413s]     realsense2Config.cmake
[5.413s]     realsense2-config.cmake
[5.413s] 
[5.413s]   Add the installation prefix of "realsense2" to CMAKE_PREFIX_PATH or set
[5.413s]   "realsense2_DIR" to a directory containing one of the above files.  If
[5.413s]   "realsense2" provides a separate development package or SDK, be sure it has
[5.413s]   been installed.
[5.414s] 
[5.414s] [0m
[5.423s] [0mCMake Deprecation Warning at Thirdparty/g2o/CMakeLists.txt:1 (CMAKE_MINIMUM_REQUIRED):
[5.423s]   Compatibility with CMake < 2.8.12 will be removed from a future version of
[5.423s]   CMake.
[5.423s] 
[5.424s]   Update the VERSION argument <min> value or use a ...<max> suffix to tell
[5.424s]   CMake that the project does not need compatibility with older versions.
[5.424s] 
[5.424s] [0m
[5.424s] -- BUILD TYPE:Release
[5.424s] -- Compiling on Unix
[6.176s] -- Found OpenMP_C: -fopenmp (found version "4.5") 
[6.473s] -- Found OpenMP_CXX: -fopenmp (found version "4.5") 
[6.474s] -- Found OpenMP: TRUE (found version "4.5")  
[6.478s] -- Found Eigen3: TRUE (found suitable version "3.4.0", minimum required is "3.1.0") 
[6.499s] [0mCMake Deprecation Warning at Thirdparty/DBoW2/CMakeLists.txt:1 (cmake_minimum_required):
[6.499s]   Compatibility with CMake < 2.8.12 will be removed from a future version of
[6.499s]   CMake.
[6.499s] 
[6.500s]   Update the VERSION argument <min> value or use a ...<max> suffix to tell
[6.500s]   CMake that the project does not need compatibility with older versions.
[6.500s] 
[6.500s] [0m
[6.501s] [0mOpenCV_LIBS: opencv_calib3d;opencv_core;opencv_dnn;opencv_features2d;opencv_flann;opencv_highgui;opencv_imgcodecs;opencv_imgproc;opencv_ml;opencv_objdetect;opencv_photo;opencv_stitching;opencv_video;opencv_videoio;opencv_alphamat;opencv_aruco;opencv_barcode;opencv_bgsegm;opencv_bioinspired;opencv_ccalib;opencv_datasets;opencv_dnn_objdetect;opencv_dnn_superres;opencv_dpm;opencv_face;opencv_freetype;opencv_fuzzy;opencv_hdf;opencv_hfs;opencv_img_hash;opencv_intensity_transform;opencv_line_descriptor;opencv_mcc;opencv_optflow;opencv_phase_unwrapping;opencv_plot;opencv_quality;opencv_rapid;opencv_reg;opencv_rgbd;opencv_saliency;opencv_shape;opencv_stereo;opencv_structured_light;opencv_superres;opencv_surface_matching;opencv_text;opencv_tracking;opencv_videostab;opencv_viz;opencv_wechat_qrcode;opencv_ximgproc;opencv_xobjdetect;opencv_xphoto;opencv_calib3d;opencv_core;opencv_dnn;opencv_features2d;opencv_flann;opencv_highgui;opencv_imgcodecs;opencv_imgproc;opencv_ml;opencv_objdetect;opencv_photo;opencv_stitching;opencv_video;opencv_videoio;opencv_alphamat;opencv_aruco;opencv_barcode;opencv_bgsegm;opencv_bioinspired;opencv_ccalib;opencv_datasets;opencv_dnn_objdetect;opencv_dnn_superres;opencv_dpm;opencv_face;opencv_freetype;opencv_fuzzy;opencv_hdf;opencv_hfs;opencv_img_hash;opencv_intensity_transform;opencv_line_descriptor;opencv_mcc;opencv_optflow;opencv_phase_unwrapping;opencv_plot;opencv_quality;opencv_rapid;opencv_reg;opencv_rgbd;opencv_saliency;opencv_shape;opencv_stereo;opencv_structured_light;opencv_superres;opencv_surface_matching;opencv_text;opencv_tracking;opencv_videostab;opencv_viz;opencv_wechat_qrcode;opencv_ximgproc;opencv_xobjdetect;opencv_xphoto[0m
[6.501s] [0mPangolin_LIBRARIES: [0m
[6.501s] [0mTORCH_LIBRARIES: [0m
[6.691s] -- Configuring done
[7.763s] -- Generating done
[7.785s] -- Build files have been written to: /cc_ws/tros_ws/build/orb_slam3
[7.845s] Invoked command in '/cc_ws/tros_ws/build/orb_slam3' returned '0': AMENT_PREFIX_PATH=/cc_ws/tros_ws/install:${AMENT_PREFIX_PATH} CMAKE_PREFIX_PATH=/cc_ws/tros_ws/install:/opt/ros/humble LD_LIBRARY_PATH=/cc_ws/tros_ws/install/lib:/opt/ros/humble/opt/rviz_ogre_vendor/lib:/opt/ros/humble/lib/aarch64-linux-gnu:/opt/ros/humble/lib:/cc_ws/userdata/hobot/opt/hobot/deps PYTHONPATH=/cc_ws/tros_ws/install/lib/python3.10/site-packages:${PYTHONPATH} /usr/bin/cmake /cc_ws/tros_ws/src/box/orb_slam3/ORB_SLAM3 -DCMAKE_EXPORT_COMPILE_COMMANDS=ON --no-warn-unused-cli -DCMAKE_TOOLCHAIN_FILE=/cc_ws/tros_ws/robot_dev_config/aarch64_toolchainfile.cmake -DPLATFORM_X5=ON -DTHIRDPARTY=ON -DBUILD_TESTING=OFF -DCMAKE_BUILD_RPATH=/cc_ws/tros_ws/build/poco_vendor/poco_external_project_install/lib/;/cc_ws/tros_ws/build/libyaml_vendor/libyaml_install/lib/ -DCMAKE_INSTALL_PREFIX=/cc_ws/tros_ws/install
[7.846s] Invoking command in '/cc_ws/tros_ws/build/orb_slam3': AMENT_PREFIX_PATH=/cc_ws/tros_ws/install:${AMENT_PREFIX_PATH} CMAKE_PREFIX_PATH=/cc_ws/tros_ws/install:/opt/ros/humble LD_LIBRARY_PATH=/cc_ws/tros_ws/install/lib:/opt/ros/humble/opt/rviz_ogre_vendor/lib:/opt/ros/humble/lib/aarch64-linux-gnu:/opt/ros/humble/lib:/cc_ws/userdata/hobot/opt/hobot/deps PYTHONPATH=/cc_ws/tros_ws/install/lib/python3.10/site-packages:${PYTHONPATH} /usr/bin/cmake --build /cc_ws/tros_ws/build/orb_slam3 -- -j12 -l12
[8.042s] [  1%] [32mBuilding CXX object Thirdparty/DBoW2/CMakeFiles/DBoW2.dir/DBoW2/FORB.cpp.o[0m
[8.105s] [  1%] [32mBuilding CXX object Thirdparty/DBoW2/CMakeFiles/DBoW2.dir/DBoW2/BowVector.cpp.o[0m
[8.105s] [  2%] [32mBuilding CXX object Thirdparty/DBoW2/CMakeFiles/DBoW2.dir/DBoW2/FeatureVector.cpp.o[0m
[8.105s] [  3%] [32mBuilding CXX object Thirdparty/g2o/CMakeFiles/g2o.dir/g2o/types/types_sba.cpp.o[0m
[8.105s] [  4%] [32mBuilding CXX object Thirdparty/DBoW2/CMakeFiles/DBoW2.dir/DBoW2/ScoringObject.cpp.o[0m
[8.105s] [  5%] [32mBuilding CXX object Thirdparty/g2o/CMakeFiles/g2o.dir/g2o/types/types_six_dof_expmap.cpp.o[0m
[8.106s] [  6%] [32mBuilding CXX object Thirdparty/DBoW2/CMakeFiles/DBoW2.dir/DUtils/Timestamp.cpp.o[0m
[8.106s] [  7%] [32mBuilding CXX object Thirdparty/g2o/CMakeFiles/g2o.dir/g2o/types/types_seven_dof_expmap.cpp.o[0m
[8.106s] [  8%] [32mBuilding CXX object Thirdparty/DBoW2/CMakeFiles/DBoW2.dir/DUtils/Random.cpp.o[0m
[8.159s] [  9%] [32mBuilding CXX object Thirdparty/g2o/CMakeFiles/g2o.dir/g2o/core/hyper_graph.cpp.o[0m
[8.222s] [ 10%] [32mBuilding CXX object Thirdparty/g2o/CMakeFiles/g2o.dir/g2o/core/hyper_graph_action.cpp.o[0m
[8.223s] [ 11%] [32mBuilding CXX object Thirdparty/g2o/CMakeFiles/g2o.dir/g2o/core/marginal_covariance_cholesky.cpp.o[0m
[11.930s] [ 12%] [32mBuilding CXX object Thirdparty/g2o/CMakeFiles/g2o.dir/g2o/core/matrix_structure.cpp.o[0m
[12.335s] [ 13%] [32mBuilding CXX object Thirdparty/g2o/CMakeFiles/g2o.dir/g2o/core/batch_stats.cpp.o[0m
[12.362s] [ 14%] [32mBuilding CXX object Thirdparty/g2o/CMakeFiles/g2o.dir/g2o/core/parameter.cpp.o[0m
[14.235s] [ 15%] [32mBuilding CXX object Thirdparty/g2o/CMakeFiles/g2o.dir/g2o/core/cache.cpp.o[0m
[14.401s] [ 16%] [32mBuilding CXX object Thirdparty/g2o/CMakeFiles/g2o.dir/g2o/core/optimizable_graph.cpp.o[0m
[14.703s] [ 17%] [32mBuilding CXX object Thirdparty/g2o/CMakeFiles/g2o.dir/g2o/core/solver.cpp.o[0m
[15.694s] [ 17%] [32mBuilding CXX object Thirdparty/g2o/CMakeFiles/g2o.dir/g2o/core/optimization_algorithm_factory.cpp.o[0m
[17.007s] [ 18%] [32mBuilding CXX object Thirdparty/g2o/CMakeFiles/g2o.dir/g2o/core/estimate_propagator.cpp.o[0m
[17.410s] [ 19%] [32mBuilding CXX object Thirdparty/g2o/CMakeFiles/g2o.dir/g2o/core/factory.cpp.o[0m
[17.426s] [ 20%] [32m[1mLinking CXX shared library /cc_ws/tros_ws/src/box/orb_slam3/ORB_SLAM3/lib/libDBoW2.so[0m
[18.117s] [ 20%] Built target DBoW2
[18.166s] [ 21%] [32mBuilding CXX object Thirdparty/g2o/CMakeFiles/g2o.dir/g2o/core/sparse_optimizer.cpp.o[0m
[20.197s] [ 22%] [32mBuilding CXX object Thirdparty/g2o/CMakeFiles/g2o.dir/g2o/core/hyper_dijkstra.cpp.o[0m
[20.470s] [ 23%] [32mBuilding CXX object Thirdparty/g2o/CMakeFiles/g2o.dir/g2o/core/parameter_container.cpp.o[0m
[49.559s] [ 24%] [32mBuilding CXX object Thirdparty/g2o/CMakeFiles/g2o.dir/g2o/stuff/string_tools.cpp.o[0m
[50.867s] [ 26%] [32mBuilding CXX object Thirdparty/g2o/CMakeFiles/g2o.dir/g2o/stuff/timeutil.cpp.o[0m
[50.868s] [ 26%] [32mBuilding C object Thirdparty/g2o/CMakeFiles/g2o.dir/g2o/stuff/os_specific.c.o[0m
[50.868s] [ 27%] [32mBuilding CXX object Thirdparty/g2o/CMakeFiles/g2o.dir/g2o/stuff/property.cpp.o[0m
[50.907s] [ 28%] [32mBuilding CXX object Thirdparty/g2o/CMakeFiles/g2o.dir/g2o/core/robust_kernel_impl.cpp.o[0m
[51.645s] [ 29%] [32mBuilding CXX object Thirdparty/g2o/CMakeFiles/g2o.dir/g2o/core/robust_kernel_factory.cpp.o[0m
[51.650s] [ 30%] [32mBuilding CXX object Thirdparty/g2o/CMakeFiles/g2o.dir/g2o/core/robust_kernel.cpp.o[0m
[52.181s] [ 31%] [32mBuilding CXX object Thirdparty/g2o/CMakeFiles/g2o.dir/g2o/core/jacobian_workspace.cpp.o[0m
[52.183s] [ 32%] [32mBuilding CXX object Thirdparty/g2o/CMakeFiles/g2o.dir/g2o/core/optimization_algorithm_gauss_newton.cpp.o[0m
[55.266s] [ 33%] [32mBuilding CXX object Thirdparty/g2o/CMakeFiles/g2o.dir/g2o/core/optimization_algorithm_levenberg.cpp.o[0m
[55.266s] [ 34%] [32mBuilding CXX object Thirdparty/g2o/CMakeFiles/g2o.dir/g2o/core/optimization_algorithm_with_hessian.cpp.o[0m
[55.601s] [ 35%] [32mBuilding CXX object Thirdparty/g2o/CMakeFiles/g2o.dir/g2o/core/optimization_algorithm.cpp.o[0m
[60.845s] [ 36%] [32m[1mLinking CXX shared library /cc_ws/tros_ws/src/box/orb_slam3/ORB_SLAM3/Thirdparty/g2o/lib/libg2o.so[0m
[61.081s] [ 36%] Built target g2o
[61.128s] [ 37%] [32mBuilding CXX object CMakeFiles/orb_slam3.dir/src/System.cc.o[0m
[61.128s] [ 38%] [32mBuilding CXX object CMakeFiles/orb_slam3.dir/src/LoopClosing.cc.o[0m
[61.129s] [ 39%] [32mBuilding CXX object CMakeFiles/orb_slam3.dir/src/LocalMapping.cc.o[0m
[61.130s] [ 40%] [32mBuilding CXX object CMakeFiles/orb_slam3.dir/src/Tracking.cc.o[0m
[62.151s] [ 41%] [32mBuilding CXX object CMakeFiles/orb_slam3.dir/src/Atlas.cc.o[0m
[62.151s] [ 42%] [32mBuilding CXX object CMakeFiles/orb_slam3.dir/src/KeyFrame.cc.o[0m
[63.178s] [ 45%] [32mBuilding CXX object CMakeFiles/orb_slam3.dir/src/MapPoint.cc.o[0m
[63.178s] [ 45%] [32mBuilding CXX object CMakeFiles/orb_slam3.dir/src/Converter.cc.o[0m
[63.181s] [ 45%] [32mBuilding CXX object CMakeFiles/orb_slam3.dir/src/FrameDrawer.cc.o[0m
[64.251s] [ 46%] [32mBuilding CXX object CMakeFiles/orb_slam3.dir/src/SuperPointExtractor.cc.o[0m
[64.267s] [ 46%] [32mBuilding CXX object CMakeFiles/orb_slam3.dir/src/ORBmatcher.cc.o[0m
[65.364s] [ 47%] [32mBuilding CXX object CMakeFiles/orb_slam3.dir/src/ORBextractor.cc.o[0m
[185.923s] [ 48%] [32mBuilding CXX object CMakeFiles/orb_slam3.dir/src/CameraModels/Pinhole.cpp.o[0m
[187.937s] [ 49%] [32mBuilding CXX object CMakeFiles/orb_slam3.dir/src/G2oTypes.cc.o[0m
[189.953s] [ 50%] [32mBuilding CXX object CMakeFiles/orb_slam3.dir/src/ImuTypes.cc.o[0m
[190.975s] [ 51%] [32mBuilding CXX object CMakeFiles/orb_slam3.dir/src/Viewer.cc.o[0m
[191.999s] [ 52%] [32mBuilding CXX object CMakeFiles/orb_slam3.dir/src/Sim3Solver.cc.o[0m
[192.025s] [ 53%] [32mBuilding CXX object CMakeFiles/orb_slam3.dir/src/KeyFrameDatabase.cc.o[0m
[193.054s] [ 54%] [32mBuilding CXX object CMakeFiles/orb_slam3.dir/src/Frame.cc.o[0m
[194.083s] [ 55%] [32mBuilding CXX object CMakeFiles/orb_slam3.dir/src/Optimizer.cc.o[0m
[195.144s] [ 56%] [32mBuilding CXX object CMakeFiles/orb_slam3.dir/src/MapDrawer.cc.o[0m
