[33mCMake Warning (dev) at /opt/ros/humble/share/ament_cmake_test/cmake/ament_cmake_test-extras.cmake:19 (option):
  Policy CMP0077 is not set: option() honors normal variables.  Run "cmake
  --help-policy CMP0077" for policy details.  Use the cmake_policy command to
  set the policy and suppress this warning.

  For compatibility with older versions of CMake, option is clearing the
  normal variable 'BUILD_TESTING'.
Call Stack (most recent call first):
  /opt/ros/humble/share/ament_cmake_test/cmake/ament_cmake_testConfig.cmake:41 (include)
  /opt/ros/humble/share/ament_cmake/cmake/ament_cmake_export_dependencies-extras.cmake:21 (find_package)
  /opt/ros/humble/share/ament_cmake/cmake/ament_cmakeConfig.cmake:41 (include)
  CMakeLists.txt:36 (find_package)
This warning is for project developers.  Use -Wno-dev to suppress it.
[0m
[0mbuild platform X5[0m
[0mPREFIX_PATH is x5[0m
[0mSYS_ROOT is /cc_ws/tros_ws/robot_dev_config/../../sysroot_docker[0m
[0mPROJECT_SOURCE_DIR /cc_ws/tros_ws/src/box/hobot_cv[0m
[0mOpenCV_LIBS: opencv_calib3d;opencv_core;opencv_dnn;opencv_features2d;opencv_flann;opencv_highgui;opencv_imgcodecs;opencv_imgproc;opencv_ml;opencv_objdetect;opencv_photo;opencv_stitching;opencv_video;opencv_videoio;opencv_alphamat;opencv_aruco;opencv_barcode;opencv_bgsegm;opencv_bioinspired;opencv_ccalib;opencv_datasets;opencv_dnn_objdetect;opencv_dnn_superres;opencv_dpm;opencv_face;opencv_freetype;opencv_fuzzy;opencv_hdf;opencv_hfs;opencv_img_hash;opencv_intensity_transform;opencv_line_descriptor;opencv_mcc;opencv_optflow;opencv_phase_unwrapping;opencv_plot;opencv_quality;opencv_rapid;opencv_reg;opencv_rgbd;opencv_saliency;opencv_shape;opencv_stereo;opencv_structured_light;opencv_superres;opencv_surface_matching;opencv_text;opencv_tracking;opencv_videostab;opencv_viz;opencv_wechat_qrcode;opencv_ximgproc;opencv_xobjdetect;opencv_xphoto[0m
[0mcompile to x5 platform[0m
[01m[K/cc_ws/tros_ws/src/box/hobot_cv/src/x5/hobotcv_imgproc/hobotcv_imgproc.cpp:[m[K In function ‘[01m[Kvoid hobot_cv::nv12_to_bgr24_neon(uint8_t*, uint8_t*, int, int)[m[K’:
[01m[K/cc_ws/tros_ws/src/box/hobot_cv/src/x5/hobotcv_imgproc/hobotcv_imgproc.cpp:52:13:[m[K [01;35m[Kwarning: [m[Kunused variable ‘[01m[K_vu64[m[K’ [[01;35m[K-Wunused-variable[m[K]
   52 |   uint8x8_t [01;35m[K_vu64[m[K = vdup_n_u8(64);
      |             [01;35m[K^~~~~[m[K
[01m[K/cc_ws/tros_ws/src/box/hobot_cv/src/x5/hobotcv_imgproc/hobotcv_imgproc.cpp:[m[K In function ‘[01m[Kvoid hobot_cv::bgr24_to_nv12_neon(uint8_t*, uint8_t*, int, int)[m[K’:
[01m[K/cc_ws/tros_ws/src/box/hobot_cv/src/x5/hobotcv_imgproc/hobotcv_imgproc.cpp:118:42:[m[K [01;35m[Kwarning: [m[Koverflow in conversion from ‘[01m[Kint[m[K’ to ‘[01m[Kint8_t[m[K’ {aka ‘[01m[Ksigned char[m[K’} changes value from ‘[01m[K128[m[K’ to ‘[01m[K-128[m[K’ [[01;35m[K-Woverflow[m[K]
  118 |   const int8x8_t s8_rounding = vdup_n_s8([01;35m[K128[m[K);
      |                                          [01;35m[K^~~[m[K
In file included from [01m[K/opt/ros/humble/include/rclcpp/rclcpp/logging.hpp:24[m[K,
                 from [01m[K/opt/ros/humble/include/rclcpp/rclcpp/client.hpp:40[m[K,
                 from [01m[K/opt/ros/humble/include/rclcpp/rclcpp/callback_group.hpp:24[m[K,
                 from [01m[K/opt/ros/humble/include/rclcpp/rclcpp/any_executable.hpp:20[m[K,
                 from [01m[K/opt/ros/humble/include/rclcpp/rclcpp/memory_strategy.hpp:25[m[K,
                 from [01m[K/opt/ros/humble/include/rclcpp/rclcpp/memory_strategies.hpp:18[m[K,
                 from [01m[K/opt/ros/humble/include/rclcpp/rclcpp/executor_options.hpp:20[m[K,
                 from [01m[K/opt/ros/humble/include/rclcpp/rclcpp/executor.hpp:37[m[K,
                 from [01m[K/opt/ros/humble/include/rclcpp/rclcpp/executors/multi_threaded_executor.hpp:25[m[K,
                 from [01m[K/opt/ros/humble/include/rclcpp/rclcpp/executors.hpp:21[m[K,
                 from [01m[K/opt/ros/humble/include/rclcpp/rclcpp/rclcpp.hpp:155[m[K,
                 from [01m[K/cc_ws/tros_ws/src/box/hobot_cv/src/x5/hobotcv_imgproc/hobotcv_imgproc.cpp:19[m[K:
[01m[K/cc_ws/tros_ws/src/box/hobot_cv/src/x5/hobotcv_imgproc/hobotcv_imgproc.cpp:[m[K In function ‘[01m[Kint hobot_cv::hobotcv_resize(const cv::Mat&, int, int, cv::Mat&, int, int)[m[K’:
[01m[K/cc_ws/tros_ws/src/box/hobot_cv/src/x5/hobotcv_imgproc/hobotcv_imgproc.cpp:237:13:[m[K [01;35m[Kwarning: [m[Kformat ‘[01m[K%d[m[K’ expects argument of type ‘[01m[Kint[m[K’, but argument 5 has type ‘[01m[Kint64_t[m[K’ {aka ‘[01m[Klong int[m[K’} [[01;35m[K-Wformat=[m[K]
  237 |             [01;35m[K"hobotcv_resize vps laps ms= %d"[m[K, [32m[K(msEnd - msStart)[m[K);
      |             [01;35m[K^~~~~~~~~~~~~~~~~~~~~~~~~~~~~~~~[m[K  [32m[K~~~~~~~~~~~~~~~~~[m[K
      |                                                      [32m[K|[m[K
      |                                                      [32m[Kint64_t {aka long int}[m[K
[01m[K/cc_ws/tros_ws/src/box/hobot_cv/src/x5/hobotcv_imgproc/hobotcv_imgproc.cpp:237:43:[m[K [01;36m[Knote: [m[Kformat string is defined here
  237 |             "hobotcv_resize vps laps ms= [01;36m[K%d[m[K", (msEnd - msStart));
      |                                          [01;36m[K~^[m[K
      |                                           [01;36m[K|[m[K
      |                                           [01;36m[Kint[m[K
      |                                          [32m[K%ld[m[K
In file included from [01m[K/opt/ros/humble/include/rclcpp/rclcpp/logging.hpp:24[m[K,
                 from [01m[K/opt/ros/humble/include/rclcpp/rclcpp/client.hpp:40[m[K,
                 from [01m[K/opt/ros/humble/include/rclcpp/rclcpp/callback_group.hpp:24[m[K,
                 from [01m[K/opt/ros/humble/include/rclcpp/rclcpp/any_executable.hpp:20[m[K,
                 from [01m[K/opt/ros/humble/include/rclcpp/rclcpp/memory_strategy.hpp:25[m[K,
                 from [01m[K/opt/ros/humble/include/rclcpp/rclcpp/memory_strategies.hpp:18[m[K,
                 from [01m[K/opt/ros/humble/include/rclcpp/rclcpp/executor_options.hpp:20[m[K,
                 from [01m[K/opt/ros/humble/include/rclcpp/rclcpp/executor.hpp:37[m[K,
                 from [01m[K/opt/ros/humble/include/rclcpp/rclcpp/executors/multi_threaded_executor.hpp:25[m[K,
                 from [01m[K/opt/ros/humble/include/rclcpp/rclcpp/executors.hpp:21[m[K,
                 from [01m[K/opt/ros/humble/include/rclcpp/rclcpp/rclcpp.hpp:155[m[K,
                 from [01m[K/cc_ws/tros_ws/src/box/hobot_cv/src/x5/hobotcv_imgproc/hobotcv_imgproc.cpp:19[m[K:
[01m[K/cc_ws/tros_ws/src/box/hobot_cv/src/x5/hobotcv_imgproc/hobotcv_imgproc.cpp:[m[K In function ‘[01m[Kcv::Mat hobot_cv::hobotcv_crop(const cv::Mat&, int, int, int, int, const cv::Range&, const cv::Range&, hobot_cv::HobotcvSpeedUpType)[m[K’:
[01m[K/cc_ws/tros_ws/src/box/hobot_cv/src/x5/hobotcv_imgproc/hobotcv_imgproc.cpp:371:13:[m[K [01;35m[Kwarning: [m[Kformat ‘[01m[K%d[m[K’ expects argument of type ‘[01m[Kint[m[K’, but argument 5 has type ‘[01m[Kint64_t[m[K’ {aka ‘[01m[Klong int[m[K’} [[01;35m[K-Wformat=[m[K]
  371 |             [01;35m[K"hobotcv_resize vps laps ms= %d"[m[K, [32m[K(msEnd - msStart)[m[K);
      |             [01;35m[K^~~~~~~~~~~~~~~~~~~~~~~~~~~~~~~~[m[K  [32m[K~~~~~~~~~~~~~~~~~[m[K
      |                                                      [32m[K|[m[K
      |                                                      [32m[Kint64_t {aka long int}[m[K
[01m[K/cc_ws/tros_ws/src/box/hobot_cv/src/x5/hobotcv_imgproc/hobotcv_imgproc.cpp:371:43:[m[K [01;36m[Knote: [m[Kformat string is defined here
  371 |             "hobotcv_resize vps laps ms= [01;36m[K%d[m[K", (msEnd - msStart));
      |                                          [01;36m[K~^[m[K
      |                                           [01;36m[K|[m[K
      |                                           [01;36m[Kint[m[K
      |                                          [32m[K%ld[m[K
[01m[K/cc_ws/tros_ws/src/box/hobot_cv/src/x5/hobotcv_imgproc/hobotcv_imgproc.cpp:341:41:[m[K [01;35m[Kwarning: [m[Kunused parameter ‘[01m[Ktype[m[K’ [[01;35m[K-Wunused-parameter[m[K]
  341 |                      [01;35m[KHobotcvSpeedUpType type[m[K) {
      |                      [01;35m[K~~~~~~~~~~~~~~~~~~~^~~~[m[K
[01m[K/cc_ws/tros_ws/src/box/hobot_cv/src/x5/hobotcv_imgproc/hobotcv_imgproc.cpp:[m[K In function ‘[01m[Kint hobot_cv::hobotcv_rotate(const cv::Mat&, cv::Mat&, hobot_cv::ROTATION_E)[m[K’:
[01m[K/cc_ws/tros_ws/src/box/hobot_cv/src/x5/hobotcv_imgproc/hobotcv_imgproc.cpp:492:35:[m[K [01;35m[Kwarning: [m[Kunused parameter ‘[01m[Ksrc[m[K’ [[01;35m[K-Wunused-parameter[m[K]
  492 | int hobotcv_rotate([01;35m[Kconst cv::Mat &src[m[K, cv::Mat &dst, ROTATION_E rotation) {
      |                    [01;35m[K~~~~~~~~~~~~~~~^~~[m[K
[01m[K/cc_ws/tros_ws/src/box/hobot_cv/src/x5/hobotcv_imgproc/hobotcv_imgproc.cpp:492:49:[m[K [01;35m[Kwarning: [m[Kunused parameter ‘[01m[Kdst[m[K’ [[01;35m[K-Wunused-parameter[m[K]
  492 | int hobotcv_rotate(const cv::Mat &src, [01;35m[Kcv::Mat &dst[m[K, ROTATION_E rotation) {
      |                                        [01;35m[K~~~~~~~~~^~~[m[K
[01m[K/cc_ws/tros_ws/src/box/hobot_cv/src/x5/hobotcv_imgproc/hobotcv_imgproc.cpp:492:65:[m[K [01;35m[Kwarning: [m[Kunused parameter ‘[01m[Krotation[m[K’ [[01;35m[K-Wunused-parameter[m[K]
  492 | int hobotcv_rotate(const cv::Mat &src, cv::Mat &dst, [01;35m[KROTATION_E rotation[m[K) {
      |                                                      [01;35m[K~~~~~~~~~~~^~~~~~~~[m[K
[01m[K/cc_ws/tros_ws/src/box/hobot_cv/src/x5/hobotcv_imgproc/hobotcv_imgproc.cpp:[m[K In function ‘[01m[Kint hobot_cv::hobotcv_imgproc(const cv::Mat&, cv::Mat&, int, int, hobot_cv::ROTATION_E, const cv::Range&, const cv::Range&)[m[K’:
[01m[K/cc_ws/tros_ws/src/box/hobot_cv/src/x5/hobotcv_imgproc/hobotcv_imgproc.cpp:496:36:[m[K [01;35m[Kwarning: [m[Kunused parameter ‘[01m[Ksrc[m[K’ [[01;35m[K-Wunused-parameter[m[K]
  496 | int hobotcv_imgproc([01;35m[Kconst cv::Mat &src[m[K,
      |                     [01;35m[K~~~~~~~~~~~~~~~^~~[m[K
[01m[K/cc_ws/tros_ws/src/box/hobot_cv/src/x5/hobotcv_imgproc/hobotcv_imgproc.cpp:497:30:[m[K [01;35m[Kwarning: [m[Kunused parameter ‘[01m[Kdst[m[K’ [[01;35m[K-Wunused-parameter[m[K]
  497 |                     [01;35m[Kcv::Mat &dst[m[K,
      |                     [01;35m[K~~~~~~~~~^~~[m[K
[01m[K/cc_ws/tros_ws/src/box/hobot_cv/src/x5/hobotcv_imgproc/hobotcv_imgproc.cpp:498:25:[m[K [01;35m[Kwarning: [m[Kunused parameter ‘[01m[Kdst_h[m[K’ [[01;35m[K-Wunused-parameter[m[K]
  498 |                     [01;35m[Kint dst_h[m[K,
      |                     [01;35m[K~~~~^~~~~[m[K
[01m[K/cc_ws/tros_ws/src/box/hobot_cv/src/x5/hobotcv_imgproc/hobotcv_imgproc.cpp:499:25:[m[K [01;35m[Kwarning: [m[Kunused parameter ‘[01m[Kdst_w[m[K’ [[01;35m[K-Wunused-parameter[m[K]
  499 |                     [01;35m[Kint dst_w[m[K,
      |                     [01;35m[K~~~~^~~~~[m[K
[01m[K/cc_ws/tros_ws/src/box/hobot_cv/src/x5/hobotcv_imgproc/hobotcv_imgproc.cpp:500:32:[m[K [01;35m[Kwarning: [m[Kunused parameter ‘[01m[Krotate[m[K’ [[01;35m[K-Wunused-parameter[m[K]
  500 |                     [01;35m[KROTATION_E rotate[m[K,
      |                     [01;35m[K~~~~~~~~~~~^~~~~~[m[K
[01m[K/cc_ws/tros_ws/src/box/hobot_cv/src/x5/hobotcv_imgproc/hobotcv_imgproc.cpp:501:38:[m[K [01;35m[Kwarning: [m[Kunused parameter ‘[01m[KrowRange[m[K’ [[01;35m[K-Wunused-parameter[m[K]
  501 |                     [01;35m[Kconst cv::Range &rowRange[m[K,
      |                     [01;35m[K~~~~~~~~~~~~~~~~~^~~~~~~~[m[K
[01m[K/cc_ws/tros_ws/src/box/hobot_cv/src/x5/hobotcv_imgproc/hobotcv_imgproc.cpp:502:38:[m[K [01;35m[Kwarning: [m[Kunused parameter ‘[01m[KcolRange[m[K’ [[01;35m[K-Wunused-parameter[m[K]
  502 |                     [01;35m[Kconst cv::Range &colRange[m[K) {
      |                     [01;35m[K~~~~~~~~~~~~~~~~~^~~~~~~~[m[K
In file included from [01m[K/opt/ros/humble/include/rclcpp/rclcpp/logging.hpp:24[m[K,
                 from [01m[K/opt/ros/humble/include/rclcpp/rclcpp/client.hpp:40[m[K,
                 from [01m[K/opt/ros/humble/include/rclcpp/rclcpp/callback_group.hpp:24[m[K,
                 from [01m[K/opt/ros/humble/include/rclcpp/rclcpp/any_executable.hpp:20[m[K,
                 from [01m[K/opt/ros/humble/include/rclcpp/rclcpp/memory_strategy.hpp:25[m[K,
                 from [01m[K/opt/ros/humble/include/rclcpp/rclcpp/memory_strategies.hpp:18[m[K,
                 from [01m[K/opt/ros/humble/include/rclcpp/rclcpp/executor_options.hpp:20[m[K,
                 from [01m[K/opt/ros/humble/include/rclcpp/rclcpp/executor.hpp:37[m[K,
                 from [01m[K/opt/ros/humble/include/rclcpp/rclcpp/executors/multi_threaded_executor.hpp:25[m[K,
                 from [01m[K/opt/ros/humble/include/rclcpp/rclcpp/executors.hpp:21[m[K,
                 from [01m[K/opt/ros/humble/include/rclcpp/rclcpp/rclcpp.hpp:155[m[K,
                 from [01m[K/cc_ws/tros_ws/src/box/hobot_cv/src/x5/hobotcv_imgproc/hobotcv_imgproc.cpp:19[m[K:
[01m[K/cc_ws/tros_ws/src/box/hobot_cv/src/x5/hobotcv_imgproc/hobotcv_imgproc.cpp:[m[K In function ‘[01m[Kstd::shared_ptr<hobot_cv::HOBOT_CV_IMAGE_INFO> hobot_cv::hobotcv_resize(const char*, int, int, int, int)[m[K’:
[01m[K/cc_ws/tros_ws/src/box/hobot_cv/src/x5/hobotcv_imgproc/hobotcv_imgproc.cpp:586:13:[m[K [01;35m[Kwarning: [m[Kformat ‘[01m[K%d[m[K’ expects argument of type ‘[01m[Kint[m[K’, but argument 5 has type ‘[01m[Kint64_t[m[K’ {aka ‘[01m[Klong int[m[K’} [[01;35m[K-Wformat=[m[K]
  586 |             [01;35m[K"hobotcv_resize vps laps ms= %d"[m[K, [32m[K(msEnd - msStart)[m[K);
      |             [01;35m[K^~~~~~~~~~~~~~~~~~~~~~~~~~~~~~~~[m[K  [32m[K~~~~~~~~~~~~~~~~~[m[K
      |                                                      [32m[K|[m[K
      |                                                      [32m[Kint64_t {aka long int}[m[K
[01m[K/cc_ws/tros_ws/src/box/hobot_cv/src/x5/hobotcv_imgproc/hobotcv_imgproc.cpp:586:43:[m[K [01;36m[Knote: [m[Kformat string is defined here
  586 |             "hobotcv_resize vps laps ms= [01;36m[K%d[m[K", (msEnd - msStart));
      |                                          [01;36m[K~^[m[K
      |                                           [01;36m[K|[m[K
      |                                           [01;36m[Kint[m[K
      |                                          [32m[K%ld[m[K
In file included from [01m[K/opt/ros/humble/include/rclcpp/rclcpp/logging.hpp:24[m[K,
                 from [01m[K/opt/ros/humble/include/rclcpp/rclcpp/client.hpp:40[m[K,
                 from [01m[K/opt/ros/humble/include/rclcpp/rclcpp/callback_group.hpp:24[m[K,
                 from [01m[K/opt/ros/humble/include/rclcpp/rclcpp/any_executable.hpp:20[m[K,
                 from [01m[K/opt/ros/humble/include/rclcpp/rclcpp/memory_strategy.hpp:25[m[K,
                 from [01m[K/opt/ros/humble/include/rclcpp/rclcpp/memory_strategies.hpp:18[m[K,
                 from [01m[K/opt/ros/humble/include/rclcpp/rclcpp/executor_options.hpp:20[m[K,
                 from [01m[K/opt/ros/humble/include/rclcpp/rclcpp/executor.hpp:37[m[K,
                 from [01m[K/opt/ros/humble/include/rclcpp/rclcpp/executors/multi_threaded_executor.hpp:25[m[K,
                 from [01m[K/opt/ros/humble/include/rclcpp/rclcpp/executors.hpp:21[m[K,
                 from [01m[K/opt/ros/humble/include/rclcpp/rclcpp/rclcpp.hpp:155[m[K,
                 from [01m[K/cc_ws/tros_ws/src/box/hobot_cv/src/x5/hobotcv_imgproc/hobotcv_imgproc.cpp:19[m[K:
[01m[K/cc_ws/tros_ws/src/box/hobot_cv/src/x5/hobotcv_imgproc/hobotcv_imgproc.cpp:[m[K In function ‘[01m[Kstd::shared_ptr<hobot_cv::HOBOT_CV_IMAGE_INFO> hobot_cv::hobotcv_crop(const char*, int, int, int, int, const cv::Range&, const cv::Range&, hobot_cv::HobotcvSpeedUpType)[m[K’:
[01m[K/cc_ws/tros_ws/src/box/hobot_cv/src/x5/hobotcv_imgproc/hobotcv_imgproc.cpp:724:13:[m[K [01;35m[Kwarning: [m[Kformat ‘[01m[K%d[m[K’ expects argument of type ‘[01m[Kint[m[K’, but argument 5 has type ‘[01m[Kint64_t[m[K’ {aka ‘[01m[Klong int[m[K’} [[01;35m[K-Wformat=[m[K]
  724 |             [01;35m[K"hobotcv_resize vps laps ms= %d"[m[K, [32m[K(msEnd - msStart)[m[K);
      |             [01;35m[K^~~~~~~~~~~~~~~~~~~~~~~~~~~~~~~~[m[K  [32m[K~~~~~~~~~~~~~~~~~[m[K
      |                                                      [32m[K|[m[K
      |                                                      [32m[Kint64_t {aka long int}[m[K
[01m[K/cc_ws/tros_ws/src/box/hobot_cv/src/x5/hobotcv_imgproc/hobotcv_imgproc.cpp:724:43:[m[K [01;36m[Knote: [m[Kformat string is defined here
  724 |             "hobotcv_resize vps laps ms= [01;36m[K%d[m[K", (msEnd - msStart));
      |                                          [01;36m[K~^[m[K
      |                                           [01;36m[K|[m[K
      |                                           [01;36m[Kint[m[K
      |                                          [32m[K%ld[m[K
[01m[K/cc_ws/tros_ws/src/box/hobot_cv/src/x5/hobotcv_imgproc/hobotcv_imgproc.cpp:697:60:[m[K [01;35m[Kwarning: [m[Kunused parameter ‘[01m[Ktype[m[K’ [[01;35m[K-Wunused-parameter[m[K]
  697 |                                         [01;35m[KHobotcvSpeedUpType type[m[K) {
      |                                         [01;35m[K~~~~~~~~~~~~~~~~~~~^~~~[m[K
[01m[K/cc_ws/tros_ws/src/box/hobot_cv/src/x5/hobotcv_imgproc/hobotcv_imgproc.cpp:[m[K In function ‘[01m[Kstd::shared_ptr<hobot_cv::HOBOT_CV_IMAGE_INFO> hobot_cv::hobotcv_rotate(const char*, int, int, hobot_cv::ROTATION_E)[m[K’:
[01m[K/cc_ws/tros_ws/src/box/hobot_cv/src/x5/hobotcv_imgproc/hobotcv_imgproc.cpp:855:55:[m[K [01;35m[Kwarning: [m[Kunused parameter ‘[01m[Ksrc[m[K’ [[01;35m[K-Wunused-parameter[m[K]
  855 | std::shared_ptr<ImageInfo> hobotcv_rotate([01;35m[Kconst char *src[m[K,
      |                                           [01;35m[K~~~~~~~~~~~~^~~[m[K
[01m[K/cc_ws/tros_ws/src/box/hobot_cv/src/x5/hobotcv_imgproc/hobotcv_imgproc.cpp:856:47:[m[K [01;35m[Kwarning: [m[Kunused parameter ‘[01m[Ksrc_h[m[K’ [[01;35m[K-Wunused-parameter[m[K]
  856 |                                           [01;35m[Kint src_h[m[K,
      |                                           [01;35m[K~~~~^~~~~[m[K
[01m[K/cc_ws/tros_ws/src/box/hobot_cv/src/x5/hobotcv_imgproc/hobotcv_imgproc.cpp:857:47:[m[K [01;35m[Kwarning: [m[Kunused parameter ‘[01m[Ksrc_w[m[K’ [[01;35m[K-Wunused-parameter[m[K]
  857 |                                           [01;35m[Kint src_w[m[K,
      |                                           [01;35m[K~~~~^~~~~[m[K
[01m[K/cc_ws/tros_ws/src/box/hobot_cv/src/x5/hobotcv_imgproc/hobotcv_imgproc.cpp:858:54:[m[K [01;35m[Kwarning: [m[Kunused parameter ‘[01m[Krotate[m[K’ [[01;35m[K-Wunused-parameter[m[K]
  858 |                                           [01;35m[KROTATION_E rotate[m[K) {
      |                                           [01;35m[K~~~~~~~~~~~^~~~~~[m[K
[01m[K/cc_ws/tros_ws/src/box/hobot_cv/src/x5/hobotcv_imgproc/hobotcv_imgproc.cpp:[m[K In function ‘[01m[Kstd::shared_ptr<hobot_cv::HOBOT_CV_IMAGE_INFO> hobot_cv::hobotcv_imgproc(const char*, int, int, int, int, hobot_cv::ROTATION_E, const cv::Range&, const cv::Range&)[m[K’:
[01m[K/cc_ws/tros_ws/src/box/hobot_cv/src/x5/hobotcv_imgproc/hobotcv_imgproc.cpp:863:56:[m[K [01;35m[Kwarning: [m[Kunused parameter ‘[01m[Ksrc[m[K’ [[01;35m[K-Wunused-parameter[m[K]
  863 | std::shared_ptr<ImageInfo> hobotcv_imgproc([01;35m[Kconst char *src[m[K,
      |                                            [01;35m[K~~~~~~~~~~~~^~~[m[K
[01m[K/cc_ws/tros_ws/src/box/hobot_cv/src/x5/hobotcv_imgproc/hobotcv_imgproc.cpp:864:48:[m[K [01;35m[Kwarning: [m[Kunused parameter ‘[01m[Ksrc_h[m[K’ [[01;35m[K-Wunused-parameter[m[K]
  864 |                                            [01;35m[Kint src_h[m[K,
      |                                            [01;35m[K~~~~^~~~~[m[K
[01m[K/cc_ws/tros_ws/src/box/hobot_cv/src/x5/hobotcv_imgproc/hobotcv_imgproc.cpp:865:48:[m[K [01;35m[Kwarning: [m[Kunused parameter ‘[01m[Ksrc_w[m[K’ [[01;35m[K-Wunused-parameter[m[K]
  865 |                                            [01;35m[Kint src_w[m[K,
      |                                            [01;35m[K~~~~^~~~~[m[K
[01m[K/cc_ws/tros_ws/src/box/hobot_cv/src/x5/hobotcv_imgproc/hobotcv_imgproc.cpp:866:48:[m[K [01;35m[Kwarning: [m[Kunused parameter ‘[01m[Kdst_h[m[K’ [[01;35m[K-Wunused-parameter[m[K]
  866 |                                            [01;35m[Kint dst_h[m[K,
      |                                            [01;35m[K~~~~^~~~~[m[K
[01m[K/cc_ws/tros_ws/src/box/hobot_cv/src/x5/hobotcv_imgproc/hobotcv_imgproc.cpp:867:48:[m[K [01;35m[Kwarning: [m[Kunused parameter ‘[01m[Kdst_w[m[K’ [[01;35m[K-Wunused-parameter[m[K]
  867 |                                            [01;35m[Kint dst_w[m[K,
      |                                            [01;35m[K~~~~^~~~~[m[K
[01m[K/cc_ws/tros_ws/src/box/hobot_cv/src/x5/hobotcv_imgproc/hobotcv_imgproc.cpp:868:55:[m[K [01;35m[Kwarning: [m[Kunused parameter ‘[01m[Krotate[m[K’ [[01;35m[K-Wunused-parameter[m[K]
  868 |                                            [01;35m[KROTATION_E rotate[m[K,
      |                                            [01;35m[K~~~~~~~~~~~^~~~~~[m[K
[01m[K/cc_ws/tros_ws/src/box/hobot_cv/src/x5/hobotcv_imgproc/hobotcv_imgproc.cpp:869:61:[m[K [01;35m[Kwarning: [m[Kunused parameter ‘[01m[KrowRange[m[K’ [[01;35m[K-Wunused-parameter[m[K]
  869 |                                            [01;35m[Kconst cv::Range &rowRange[m[K,
      |                                            [01;35m[K~~~~~~~~~~~~~~~~~^~~~~~~~[m[K
[01m[K/cc_ws/tros_ws/src/box/hobot_cv/src/x5/hobotcv_imgproc/hobotcv_imgproc.cpp:870:61:[m[K [01;35m[Kwarning: [m[Kunused parameter ‘[01m[KcolRange[m[K’ [[01;35m[K-Wunused-parameter[m[K]
  870 |                                            [01;35m[Kconst cv::Range &colRange[m[K) {
      |                                            [01;35m[K~~~~~~~~~~~~~~~~~^~~~~~~~[m[K
[01m[K/cc_ws/tros_ws/src/box/hobot_cv/src/x5/hobotcv_imgproc/hobotcv_front.cpp:[m[K In member function ‘[01m[Kint hobot_cv::hobotcv_front::processFrame(const char*, int, int, char*, int)[m[K’:
[01m[K/cc_ws/tros_ws/src/box/hobot_cv/src/x5/hobotcv_imgproc/hobotcv_front.cpp:512:16:[m[K [01;35m[Kwarning: [m[Kcomparison of integer expressions of different signedness: ‘[01m[Kint[m[K’ and ‘[01m[Kuint64_t[m[K’ {aka ‘[01m[Klong unsigned int[m[K’} [[01;35m[K-Wsign-compare[m[K]
  512 |   if ([01;35m[Kdst_size < (out_img.buffer.size[0] + out_img.buffer.size[1])[m[K) {
      |       [01;35m[K~~~~~~~~~^~~~~~~~~~~~~~~~~~~~~~~~~~~~~~~~~~~~~~~~~~~~~~~~~~~[m[K
[01m[K/cc_ws/tros_ws/src/box/hobot_cv/src/x5/hobotcv_imgproc/hobotcv_front.cpp:507:7:[m[K [01;35m[Kwarning: [m[Kunused variable ‘[01m[Kstride[m[K’ [[01;35m[K-Wunused-variable[m[K]
  507 |   int [01;35m[Kstride[m[K = out_img.buffer.stride;
      |       [01;35m[K^~~~~~[m[K
[01m[K/cc_ws/tros_ws/src/box/hobot_cv/src/x5/hobotcv_imgproc/hobotcv_front.cpp:508:7:[m[K [01;35m[Kwarning: [m[Kunused variable ‘[01m[Kwidth[m[K’ [[01;35m[K-Wunused-variable[m[K]
  508 |   int [01;35m[Kwidth[m[K = out_img.buffer.width;
      |       [01;35m[K^~~~~[m[K
[01m[K/cc_ws/tros_ws/src/box/hobot_cv/src/x5/hobotcv_imgproc/hobotcv_front.cpp:509:7:[m[K [01;35m[Kwarning: [m[Kunused variable ‘[01m[Kheight[m[K’ [[01;35m[K-Wunused-variable[m[K]
  509 |   int [01;35m[Kheight[m[K = out_img.buffer.height;
      |       [01;35m[K^~~~~~[m[K
[01m[K/cc_ws/tros_ws/src/box/hobot_cv/src/x5/hobotcv_imgproc/hobotcv_front.cpp:[m[K In member function ‘[01m[Kint hobot_cv::hobotcv_front::creat_vflow_node()[m[K’:
[01m[K/cc_ws/tros_ws/src/box/hobot_cv/src/x5/hobotcv_imgproc/hobotcv_front.cpp:527:7:[m[K [01;35m[Kwarning: [m[Kunused variable ‘[01m[Khw_id[m[K’ [[01;35m[K-Wunused-variable[m[K]
  527 |   int [01;35m[Khw_id[m[K = 0;
      |       [01;35m[K^~~~~[m[K
[01m[K/cc_ws/tros_ws/src/box/hobot_cv/src/x5/hobotcv_imgproc/hobotcv_front.cpp:[m[K In member function ‘[01m[Kint hobot_cv::hobotcv_front::destroy_vse_node()[m[K’:
[01m[K/cc_ws/tros_ws/src/box/hobot_cv/src/x5/hobotcv_imgproc/hobotcv_front.cpp:570:7:[m[K [01;35m[Kwarning: [m[Kunused variable ‘[01m[Ki[m[K’ [[01;35m[K-Wunused-variable[m[K]
  570 |   int [01;35m[Ki[m[K = 0;
      |       [01;35m[K^[m[K
[01m[K/cc_ws/tros_ws/src/box/hobot_cv/src/x5/hobotcv_imgproc/hobotcv_front.cpp:[m[K In member function ‘[01m[Kint hobot_cv::hobotcv_front::set_vse_attr()[m[K’:
[01m[K/cc_ws/tros_ws/src/box/hobot_cv/src/x5/hobotcv_imgproc/hobotcv_front.cpp:597:41:[m[K [01;35m[Kwarning: [m[Kmissing initializer for member ‘[01m[Khbn_buf_alloc_attr_s::buffers_num[m[K’ [[01;35m[K-Wmissing-field-initializers[m[K]
  597 |     hbn_buf_alloc_attr_t alloc_attr = {0[01;35m[K}[m[K;
      |                                         [01;35m[K^[m[K
[01m[K/cc_ws/tros_ws/src/box/hobot_cv/src/x5/hobotcv_imgproc/hobotcv_front.cpp:597:41:[m[K [01;35m[Kwarning: [m[Kmissing initializer for member ‘[01m[Khbn_buf_alloc_attr_s::is_contig[m[K’ [[01;35m[K-Wmissing-field-initializers[m[K]
[01m[K/cc_ws/tros_ws/src/box/hobot_cv/src/x5/hobotcv_imgproc/hobotcv_front.cpp:598:29:[m[K [01;35m[Kwarning: [m[Kmissing initializer for member ‘[01m[Kframe_fps_ctrl_s::dst[m[K’ [[01;35m[K-Wmissing-field-initializers[m[K]
  598 |     vse_attr_t vse_attr = {0[01;35m[K}[m[K;
      |                             [01;35m[K^[m[K
[01m[K/cc_ws/tros_ws/src/box/hobot_cv/src/x5/hobotcv_imgproc/hobotcv_front.cpp:596:14:[m[K [01;35m[Kwarning: [m[Kunused variable ‘[01m[Khw_id[m[K’ [[01;35m[K-Wunused-variable[m[K]
  596 |     uint32_t [01;35m[Khw_id[m[K = 0;
      |              [01;35m[K^~~~~[m[K
lto-wrapper: warning: using serial compilation of 2 LTRANS jobs
