Not searching for unused variables given on the command line.
-- The C compiler identification is GNU 11.4.0
-- The CXX compiler identification is GNU 11.4.0
-- Detecting C compiler ABI info
-- Detecting C compiler ABI info - done
-- Check for working C compiler: /usr/bin/aarch64-linux-gnu-gcc - skipped
-- Detecting C compile features
-- Detecting C compile features - done
-- Detecting CXX compiler ABI info
-- Detecting CXX compiler ABI info - done
-- Check for working CXX compiler: /usr/bin/aarch64-linux-gnu-g++ - skipped
-- Detecting CXX compile features
-- Detecting CXX compile features - done
-- Found ament_cmake: 1.3.8 (/opt/ros/humble/share/ament_cmake/cmake)
-- Found Python3: /usr/bin/python3 (found version "3.10.12") found components: Interpreter 
-- Found rclcpp: 16.0.8 (/opt/ros/humble/share/rclcpp/cmake)
-- Found rosidl_generator_c: 3.1.5 (/opt/ros/humble/share/rosidl_generator_c/cmake)
-- Found rosidl_adapter: 3.1.5 (/opt/ros/humble/share/rosidl_adapter/cmake)
-- Found rosidl_generator_cpp: 3.1.5 (/opt/ros/humble/share/rosidl_generator_cpp/cmake)
-- Using all available rosidl_typesupport_c: rosidl_typesupport_fastrtps_c;rosidl_typesupport_introspection_c
-- Using all available rosidl_typesupport_cpp: rosidl_typesupport_fastrtps_cpp;rosidl_typesupport_introspection_cpp
-- Found rmw_implementation_cmake: 6.1.1 (/opt/ros/humble/share/rmw_implementation_cmake/cmake)
-- Found rmw_fastrtps_cpp: 6.2.6 (/opt/ros/humble/share/rmw_fastrtps_cpp/cmake)
-- Found OpenSSL: /cc_ws/tros_ws/robot_dev_config/../../sysroot_docker/usr/lib/aarch64-linux-gnu/libcrypto.so (found version "3.0.2")  
-- Found FastRTPS: /opt/ros/humble/include  
-- Using RMW implementation 'rmw_fastrtps_cpp' as default
-- Looking for pthread.h
-- Looking for pthread.h - found
-- Performing Test CMAKE_HAVE_LIBC_PTHREAD
-- Performing Test CMAKE_HAVE_LIBC_PTHREAD - Success
-- Found Threads: TRUE  
-- Found OpenCV: /cc_ws/sysroot_docker/usr_x5 (found version "4.5.4") 
-- Configuring done
-- Generating done
-- Build files have been written to: /cc_ws/tros_ws/build/hobot_cv
[  4%] [32mBuilding CXX object CMakeFiles/hobot_cv.dir/src/x5/hobotcv_imgproc/hobotcv_imgproc.cpp.o[0m
[  9%] [32mBuilding CXX object CMakeFiles/hobot_cv.dir/src/utils.cpp.o[0m
[ 13%] [32mBuilding CXX object CMakeFiles/hobot_cv.dir/src/x5/hobotcv_imgproc/hobotcv_front.cpp.o[0m
[ 18%] [32mBuilding CXX object CMakeFiles/hobot_cv.dir/src/x5/hobotcv_gaussian_blur.cpp.o[0m
[ 22%] [32mBuilding CXX object CMakeFiles/hobot_cv.dir/src/x5/hobotcv_gaussian_blur_imp.cpp.o[0m
[ 27%] [32m[1mLinking CXX shared library libhobot_cv.so[0m
[ 27%] Built target hobot_cv
[ 31%] [32mBuilding CXX object CMakeFiles/resize_example.dir/test/test_resize.cpp.o[0m
[ 36%] [32m[1mLinking CXX executable resize_example[0m
[ 36%] Built target resize_example
[ 40%] [32mBuilding CXX object CMakeFiles/test_conersion.dir/test/test_conersion.cpp.o[0m
[ 45%] [32m[1mLinking CXX executable test_conersion[0m
[ 45%] Built target test_conersion
[ 50%] [32mBuilding CXX object CMakeFiles/test_gaussian_blur.dir/test/test_gaussian_blur.cpp.o[0m
[ 54%] [32m[1mLinking CXX executable test_gaussian_blur[0m
[ 54%] Built target test_gaussian_blur
[ 59%] [32mBuilding CXX object CMakeFiles/neon_example.dir/test/test_neon_blur.cpp.o[0m
[ 63%] [32m[1mLinking CXX executable neon_example[0m
[ 63%] Built target neon_example
[ 68%] [32mBuilding CXX object CMakeFiles/padding_example.dir/test/test_padding.cpp.o[0m
[ 72%] [32m[1mLinking CXX executable padding_example[0m
[ 72%] Built target padding_example
[ 77%] [32mBuilding CXX object CMakeFiles/imgproc_example.dir/test/test_imgproc.cpp.o[0m
[ 81%] [32m[1mLinking CXX executable imgproc_example[0m
[ 81%] Built target imgproc_example
[ 86%] [32mBuilding CXX object CMakeFiles/rotate_example.dir/test/test_rotate.cpp.o[0m
[ 90%] [32m[1mLinking CXX executable rotate_example[0m
[ 90%] Built target rotate_example
[ 95%] [32mBuilding CXX object CMakeFiles/crop_example.dir/test/test_crop.cpp.o[0m
[100%] [32m[1mLinking CXX executable crop_example[0m
[100%] Built target crop_example
-- Install configuration: "Release"
-- Installing: /cc_ws/tros_ws/install/lib/libhobot_cv.so
-- Set runtime path of "/cc_ws/tros_ws/install/lib/libhobot_cv.so" to ""
-- Installing: /cc_ws/tros_ws/install/include/hobot_cv/hobotcv_imgproc.h
-- Installing: /cc_ws/tros_ws/install/include/hobot_cv/hobotcv_gaussian_blur.h
-- Installing: /cc_ws/tros_ws/install/include/hobot_cv/hobotcv_gaussian_blur_imp.hpp
-- Installing: /cc_ws/tros_ws/install/include/hobot_cv/hobotcv_neon_blur.h
-- Installing: /cc_ws/tros_ws/install/lib/libhobotcv_neon_blur.so
-- Installing: /cc_ws/tros_ws/install/lib/hobot_cv/padding_example
-- Set runtime path of "/cc_ws/tros_ws/install/lib/hobot_cv/padding_example" to ""
-- Installing: /cc_ws/tros_ws/install/lib/hobot_cv/test_gaussian_blur
-- Set runtime path of "/cc_ws/tros_ws/install/lib/hobot_cv/test_gaussian_blur" to ""
-- Installing: /cc_ws/tros_ws/install/lib/hobot_cv/test_conersion
-- Set runtime path of "/cc_ws/tros_ws/install/lib/hobot_cv/test_conersion" to ""
-- Installing: /cc_ws/tros_ws/install/lib/hobot_cv/resize_example
-- Set runtime path of "/cc_ws/tros_ws/install/lib/hobot_cv/resize_example" to ""
-- Installing: /cc_ws/tros_ws/install/lib/hobot_cv/crop_example
-- Set runtime path of "/cc_ws/tros_ws/install/lib/hobot_cv/crop_example" to ""
-- Installing: /cc_ws/tros_ws/install/lib/hobot_cv/rotate_example
-- Set runtime path of "/cc_ws/tros_ws/install/lib/hobot_cv/rotate_example" to ""
-- Installing: /cc_ws/tros_ws/install/lib/hobot_cv/imgproc_example
-- Set runtime path of "/cc_ws/tros_ws/install/lib/hobot_cv/imgproc_example" to ""
-- Installing: /cc_ws/tros_ws/install/lib/hobot_cv/neon_example
-- Set runtime path of "/cc_ws/tros_ws/install/lib/hobot_cv/neon_example" to ""
-- Installing: /cc_ws/tros_ws/install/lib/hobot_cv/config/
-- Installing: /cc_ws/tros_ws/install/lib/hobot_cv/config//models
-- Installing: /cc_ws/tros_ws/install/lib/hobot_cv/config//models/gaussian_blur_640x480_3_3_0.000000_0.000000.hbm
-- Installing: /cc_ws/tros_ws/install/lib/hobot_cv/config//models/gaussian_blur_320_240_3_3_0.000000_0.000000.hbm
-- Installing: /cc_ws/tros_ws/install/lib/hobot_cv/config//test.jpg
-- Installing: /cc_ws/tros_ws/install/lib/hobot_cv/config//480x270.jpg
-- Installing: /cc_ws/tros_ws/install/lib/hobot_cv/config//tof_images
-- Installing: /cc_ws/tros_ws/install/lib/hobot_cv/config//tof_images/frame1_5.png
-- Installing: /cc_ws/tros_ws/install/lib/hobot_cv/config//tof_images/frame1_0.png
-- Installing: /cc_ws/tros_ws/install/lib/hobot_cv/config//tof_images/frame1_2.png
-- Installing: /cc_ws/tros_ws/install/lib/hobot_cv/config//tof_images/frame1_4.png
-- Installing: /cc_ws/tros_ws/install/lib/hobot_cv/config//tof_images/frame1_3.png
-- Installing: /cc_ws/tros_ws/install/lib/hobot_cv/config//tof_images/frame1_1.png
-- Installing: /cc_ws/tros_ws/install/share/hobot_cv/launch
-- Installing: /cc_ws/tros_ws/install/share/hobot_cv/launch/hobot_cv_conversion.launch.py
-- Installing: /cc_ws/tros_ws/install/share/hobot_cv/launch/hobot_cv_pyramid.launch.py
-- Installing: /cc_ws/tros_ws/install/share/hobot_cv/launch/hobot_cv_benchmark.launch.py
-- Installing: /cc_ws/tros_ws/install/share/hobot_cv/launch/hobot_cv_gaussian_blur.launch.py
-- Installing: /cc_ws/tros_ws/install/share/hobot_cv/launch/hobot_cv_rotate.launch.py
-- Installing: /cc_ws/tros_ws/install/share/hobot_cv/launch/hobot_cv_crop.launch.py
-- Installing: /cc_ws/tros_ws/install/share/hobot_cv/launch/hobot_cv_neon_blur.launch.py
-- Installing: /cc_ws/tros_ws/install/share/hobot_cv/launch/hobot_cv_resize.launch.py
-- Installing: /cc_ws/tros_ws/install/share/hobot_cv/launch/hobot_cv_padding.launch.py
-- Installing: /cc_ws/tros_ws/install/share/hobot_cv/launch/hobot_cv_imgproc.launch.py
-- Installing: /cc_ws/tros_ws/install/share/hobot_cv/launch/hobot_cv_crop_resize_rotate_pyramid.launch.py
-- Up-to-date: /cc_ws/tros_ws/install/lib/libhobot_cv.so
-- Installing: /cc_ws/tros_ws/install/share/hobot_cv/environment/library_path.sh
-- Installing: /cc_ws/tros_ws/install/share/hobot_cv/environment/library_path.dsv
-- Installing: /cc_ws/tros_ws/install/share/ament_index/resource_index/package_run_dependencies/hobot_cv
-- Installing: /cc_ws/tros_ws/install/share/ament_index/resource_index/parent_prefix_path/hobot_cv
-- Installing: /cc_ws/tros_ws/install/share/hobot_cv/environment/ament_prefix_path.sh
-- Installing: /cc_ws/tros_ws/install/share/hobot_cv/environment/ament_prefix_path.dsv
-- Installing: /cc_ws/tros_ws/install/share/hobot_cv/environment/path.sh
-- Installing: /cc_ws/tros_ws/install/share/hobot_cv/environment/path.dsv
-- Installing: /cc_ws/tros_ws/install/share/hobot_cv/local_setup.bash
-- Installing: /cc_ws/tros_ws/install/share/hobot_cv/local_setup.sh
-- Installing: /cc_ws/tros_ws/install/share/hobot_cv/local_setup.zsh
-- Installing: /cc_ws/tros_ws/install/share/hobot_cv/local_setup.dsv
-- Installing: /cc_ws/tros_ws/install/share/hobot_cv/package.dsv
-- Installing: /cc_ws/tros_ws/install/share/ament_index/resource_index/packages/hobot_cv
-- Installing: /cc_ws/tros_ws/install/share/hobot_cv/cmake/hobot_cvExport.cmake
-- Installing: /cc_ws/tros_ws/install/share/hobot_cv/cmake/hobot_cvExport-release.cmake
-- Installing: /cc_ws/tros_ws/install/share/hobot_cv/cmake/ament_cmake_export_include_directories-extras.cmake
-- Installing: /cc_ws/tros_ws/install/share/hobot_cv/cmake/ament_cmake_export_libraries-extras.cmake
-- Installing: /cc_ws/tros_ws/install/share/hobot_cv/cmake/ament_cmake_export_targets-extras.cmake
-- Installing: /cc_ws/tros_ws/install/share/hobot_cv/cmake/hobot_cvConfig.cmake
-- Installing: /cc_ws/tros_ws/install/share/hobot_cv/cmake/hobot_cvConfig-version.cmake
-- Installing: /cc_ws/tros_ws/install/share/hobot_cv/package.xml
