Not searching for unused variables given on the command line.
-- The C compiler identification is GNU 11.4.0
-- The CXX compiler identification is GNU 11.4.0
-- Detecting C compiler ABI info
-- Detecting C compiler ABI info - done
-- Check for working C compiler: /usr/bin/aarch64-linux-gnu-gcc - skipped
-- Detecting C compile features
-- Detecting C compile features - done
-- Detecting CXX compiler ABI info
-- Detecting CXX compiler ABI info - done
-- Check for working CXX compiler: /usr/bin/aarch64-linux-gnu-g++ - skipped
-- Detecting CXX compile features
-- Detecting CXX compile features - done
-- Found ament_cmake: 1.3.8 (/opt/ros/humble/share/ament_cmake/cmake)
-- Found Python3: /usr/bin/python3 (found version "3.10.12") found components: Interpreter 
-- Found builtin_interfaces: 1.2.1 (/opt/ros/humble/share/builtin_interfaces/cmake)
-- Found rosidl_generator_c: 3.1.5 (/opt/ros/humble/share/rosidl_generator_c/cmake)
-- Found rosidl_adapter: 3.1.5 (/opt/ros/humble/share/rosidl_adapter/cmake)
-- Found rosidl_generator_cpp: 3.1.5 (/opt/ros/humble/share/rosidl_generator_cpp/cmake)
-- Using all available rosidl_typesupport_c: rosidl_typesupport_fastrtps_c;rosidl_typesupport_introspection_c
-- Using all available rosidl_typesupport_cpp: rosidl_typesupport_fastrtps_cpp;rosidl_typesupport_introspection_cpp
-- Found rosidl_default_generators: 1.2.0 (/opt/ros/humble/share/rosidl_default_generators/cmake)
-- Found ament_cmake_ros: 0.10.0 (/opt/ros/humble/share/ament_cmake_ros/cmake)
-- Using all available rosidl_typesupport_c: rosidl_typesupport_fastrtps_c;rosidl_typesupport_introspection_c
-- Using all available rosidl_typesupport_cpp: rosidl_typesupport_fastrtps_cpp;rosidl_typesupport_introspection_cpp
-- Found PythonInterp: /usr/bin/python3 (found suitable version "3.10.12", minimum required is "3.6") 
-- Found python_cmake_module: 0.10.0 (/opt/ros/humble/share/python_cmake_module/cmake)
-- Found PythonLibs: /cc_ws/tros_ws/robot_dev_config/../../sysroot_docker/usr/lib/aarch64-linux-gnu/libpython3.10.so (found suitable version "3.10.12", minimum required is "3.5") 
-- Using PYTHON_EXECUTABLE: /usr/bin/python3
-- Using PYTHON_INCLUDE_DIRS: /cc_ws/tros_ws/robot_dev_config/../../sysroot_docker/usr/include/python3.10
-- Using PYTHON_LIBRARIES: /cc_ws/tros_ws/robot_dev_config/../../sysroot_docker/usr/lib/aarch64-linux-gnu/libpython3.10.so
-- Found PythonExtra: .so  
-- Using numpy include directory: /usr/local/lib/python3.10/dist-packages/numpy/core/include
-- Configuring done
-- Generating done
-- Build files have been written to: /cc_ws/tros_ws/build/hbm_img_msgs
[  1%] [34m[1mGenerating C code for ROS interfaces[0m
[  3%] [34m[1mGenerating C++ code for ROS interfaces[0m
[  3%] Built target ament_cmake_python_copy_hbm_img_msgs
running egg_info
creating hbm_img_msgs.egg-info
writing hbm_img_msgs.egg-info/PKG-INFO
writing dependency_links to hbm_img_msgs.egg-info/dependency_links.txt
writing top-level names to hbm_img_msgs.egg-info/top_level.txt
writing manifest file 'hbm_img_msgs.egg-info/SOURCES.txt'
reading manifest file 'hbm_img_msgs.egg-info/SOURCES.txt'
writing manifest file 'hbm_img_msgs.egg-info/SOURCES.txt'
[  3%] Built target ament_cmake_python_build_hbm_img_msgs_egg
[  5%] [32mBuilding C object CMakeFiles/hbm_img_msgs__rosidl_generator_c.dir/rosidl_generator_c/hbm_img_msgs/msg/detail/hbm_msg1080_p__functions.c.o[0m
[  7%] [32mBuilding C object CMakeFiles/hbm_img_msgs__rosidl_generator_c.dir/rosidl_generator_c/hbm_img_msgs/msg/detail/hbm_h26_x_frame__functions.c.o[0m
[  9%] [32mBuilding C object CMakeFiles/hbm_img_msgs__rosidl_generator_c.dir/rosidl_generator_c/hbm_img_msgs/msg/detail/hbm_msg480_p__functions.c.o[0m
[ 10%] [32mBuilding C object CMakeFiles/hbm_img_msgs__rosidl_generator_c.dir/rosidl_generator_c/hbm_img_msgs/msg/detail/hbm_msg540_p__functions.c.o[0m
[ 12%] [32m[1mLinking C shared library libhbm_img_msgs__rosidl_generator_c.so[0m
[ 12%] Built target hbm_img_msgs__cpp
[ 12%] Built target hbm_img_msgs__rosidl_generator_c
[ 14%] [34m[1mGenerating C++ type support dispatch for ROS interfaces[0m
[ 16%] [34m[1mGenerating C++ type support for eProsima Fast-RTPS[0m
[ 18%] [34m[1mGenerating C++ introspection for ROS interfaces[0m
[ 20%] [34m[1mGenerating C type support for eProsima Fast-RTPS[0m
[ 21%] [34m[1mGenerating C introspection for ROS interfaces[0m
[ 23%] [34m[1mGenerating C type support dispatch for ROS interfaces[0m
[ 25%] [32mBuilding CXX object CMakeFiles/hbm_img_msgs__rosidl_typesupport_c.dir/rosidl_typesupport_c/hbm_img_msgs/msg/hbm_msg1080_p__type_support.cpp.o[0m
[ 27%] [32mBuilding CXX object CMakeFiles/hbm_img_msgs__rosidl_typesupport_c.dir/rosidl_typesupport_c/hbm_img_msgs/msg/hbm_msg480_p__type_support.cpp.o[0m
[ 29%] [32mBuilding CXX object CMakeFiles/hbm_img_msgs__rosidl_typesupport_c.dir/rosidl_typesupport_c/hbm_img_msgs/msg/hbm_msg540_p__type_support.cpp.o[0m
[ 30%] [32mBuilding CXX object CMakeFiles/hbm_img_msgs__rosidl_typesupport_c.dir/rosidl_typesupport_c/hbm_img_msgs/msg/hbm_h26_x_frame__type_support.cpp.o[0m
[ 32%] [32m[1mLinking CXX shared library libhbm_img_msgs__rosidl_typesupport_c.so[0m
[ 32%] Built target hbm_img_msgs__rosidl_typesupport_c
[ 34%] [32mBuilding CXX object CMakeFiles/hbm_img_msgs__rosidl_typesupport_cpp.dir/rosidl_typesupport_cpp/hbm_img_msgs/msg/hbm_msg1080_p__type_support.cpp.o[0m
[ 36%] [32mBuilding CXX object CMakeFiles/hbm_img_msgs__rosidl_typesupport_introspection_cpp.dir/rosidl_typesupport_introspection_cpp/hbm_img_msgs/msg/detail/hbm_msg1080_p__type_support.cpp.o[0m
[ 38%] [32mBuilding C object CMakeFiles/hbm_img_msgs__rosidl_typesupport_introspection_c.dir/rosidl_typesupport_introspection_c/hbm_img_msgs/msg/detail/hbm_msg1080_p__type_support.c.o[0m
[ 40%] [32mBuilding CXX object CMakeFiles/hbm_img_msgs__rosidl_typesupport_fastrtps_cpp.dir/rosidl_typesupport_fastrtps_cpp/hbm_img_msgs/msg/detail/dds_fastrtps/hbm_msg1080_p__type_support.cpp.o[0m
[ 41%] [32mBuilding CXX object CMakeFiles/hbm_img_msgs__rosidl_typesupport_cpp.dir/rosidl_typesupport_cpp/hbm_img_msgs/msg/hbm_msg480_p__type_support.cpp.o[0m
[ 43%] [32mBuilding C object CMakeFiles/hbm_img_msgs__rosidl_typesupport_introspection_c.dir/rosidl_typesupport_introspection_c/hbm_img_msgs/msg/detail/hbm_msg540_p__type_support.c.o[0m
[ 45%] [32mBuilding CXX object CMakeFiles/hbm_img_msgs__rosidl_typesupport_fastrtps_c.dir/rosidl_typesupport_fastrtps_c/hbm_img_msgs/msg/detail/hbm_msg1080_p__type_support_c.cpp.o[0m
[ 47%] [32mBuilding C object CMakeFiles/hbm_img_msgs__rosidl_typesupport_introspection_c.dir/rosidl_typesupport_introspection_c/hbm_img_msgs/msg/detail/hbm_h26_x_frame__type_support.c.o[0m
[ 49%] [32mBuilding C object CMakeFiles/hbm_img_msgs__rosidl_typesupport_introspection_c.dir/rosidl_typesupport_introspection_c/hbm_img_msgs/msg/detail/hbm_msg480_p__type_support.c.o[0m
[ 50%] [32m[1mLinking C shared library libhbm_img_msgs__rosidl_typesupport_introspection_c.so[0m
[ 50%] Built target hbm_img_msgs__rosidl_typesupport_introspection_c
[ 52%] [32mBuilding CXX object CMakeFiles/hbm_img_msgs__rosidl_typesupport_cpp.dir/rosidl_typesupport_cpp/hbm_img_msgs/msg/hbm_msg540_p__type_support.cpp.o[0m
[ 54%] [32mBuilding CXX object CMakeFiles/hbm_img_msgs__rosidl_typesupport_introspection_cpp.dir/rosidl_typesupport_introspection_cpp/hbm_img_msgs/msg/detail/hbm_msg480_p__type_support.cpp.o[0m
[ 56%] [32mBuilding CXX object CMakeFiles/hbm_img_msgs__rosidl_typesupport_cpp.dir/rosidl_typesupport_cpp/hbm_img_msgs/msg/hbm_h26_x_frame__type_support.cpp.o[0m
[ 58%] [32mBuilding CXX object CMakeFiles/hbm_img_msgs__rosidl_typesupport_fastrtps_c.dir/rosidl_typesupport_fastrtps_c/hbm_img_msgs/msg/detail/hbm_msg480_p__type_support_c.cpp.o[0m
[ 60%] [32mBuilding CXX object CMakeFiles/hbm_img_msgs__rosidl_typesupport_fastrtps_cpp.dir/rosidl_typesupport_fastrtps_cpp/hbm_img_msgs/msg/detail/dds_fastrtps/hbm_msg480_p__type_support.cpp.o[0m
[ 61%] [32m[1mLinking CXX shared library libhbm_img_msgs__rosidl_typesupport_cpp.so[0m
[ 61%] Built target hbm_img_msgs__rosidl_typesupport_cpp
[ 63%] [32mBuilding CXX object CMakeFiles/hbm_img_msgs__rosidl_typesupport_introspection_cpp.dir/rosidl_typesupport_introspection_cpp/hbm_img_msgs/msg/detail/hbm_msg540_p__type_support.cpp.o[0m
[ 65%] [32mBuilding CXX object CMakeFiles/hbm_img_msgs__rosidl_typesupport_fastrtps_c.dir/rosidl_typesupport_fastrtps_c/hbm_img_msgs/msg/detail/hbm_msg540_p__type_support_c.cpp.o[0m
[ 67%] [32mBuilding CXX object CMakeFiles/hbm_img_msgs__rosidl_typesupport_fastrtps_cpp.dir/rosidl_typesupport_fastrtps_cpp/hbm_img_msgs/msg/detail/dds_fastrtps/hbm_msg540_p__type_support.cpp.o[0m
[ 69%] [32mBuilding CXX object CMakeFiles/hbm_img_msgs__rosidl_typesupport_introspection_cpp.dir/rosidl_typesupport_introspection_cpp/hbm_img_msgs/msg/detail/hbm_h26_x_frame__type_support.cpp.o[0m
[ 70%] [32mBuilding CXX object CMakeFiles/hbm_img_msgs__rosidl_typesupport_fastrtps_c.dir/rosidl_typesupport_fastrtps_c/hbm_img_msgs/msg/detail/hbm_h26_x_frame__type_support_c.cpp.o[0m
[ 72%] [32mBuilding CXX object CMakeFiles/hbm_img_msgs__rosidl_typesupport_fastrtps_cpp.dir/rosidl_typesupport_fastrtps_cpp/hbm_img_msgs/msg/detail/dds_fastrtps/hbm_h26_x_frame__type_support.cpp.o[0m
[ 74%] [32m[1mLinking CXX shared library libhbm_img_msgs__rosidl_typesupport_introspection_cpp.so[0m
[ 76%] [32m[1mLinking CXX shared library libhbm_img_msgs__rosidl_typesupport_fastrtps_c.so[0m
[ 76%] Built target hbm_img_msgs__rosidl_typesupport_introspection_cpp
[ 76%] Built target hbm_img_msgs__rosidl_typesupport_fastrtps_c
[ 78%] [32m[1mLinking CXX shared library libhbm_img_msgs__rosidl_typesupport_fastrtps_cpp.so[0m
[ 78%] Built target hbm_img_msgs__rosidl_typesupport_fastrtps_cpp
[ 78%] Built target hbm_img_msgs
[ 80%] [34m[1mGenerating Python code for ROS interfaces[0m
[ 80%] Built target hbm_img_msgs__py
[ 81%] [32mBuilding C object CMakeFiles/hbm_img_msgs__rosidl_generator_py.dir/rosidl_generator_py/hbm_img_msgs/msg/_hbm_msg1080_p_s.c.o[0m
[ 83%] [32mBuilding C object CMakeFiles/hbm_img_msgs__rosidl_generator_py.dir/rosidl_generator_py/hbm_img_msgs/msg/_hbm_msg480_p_s.c.o[0m
[ 85%] [32mBuilding C object CMakeFiles/hbm_img_msgs__rosidl_generator_py.dir/rosidl_generator_py/hbm_img_msgs/msg/_hbm_msg540_p_s.c.o[0m
[ 87%] [32mBuilding C object CMakeFiles/hbm_img_msgs__rosidl_generator_py.dir/rosidl_generator_py/hbm_img_msgs/msg/_hbm_h26_x_frame_s.c.o[0m
[ 89%] [32m[1mLinking C shared library rosidl_generator_py/hbm_img_msgs/libhbm_img_msgs__rosidl_generator_py.so[0m
[ 89%] Built target hbm_img_msgs__rosidl_generator_py
[ 90%] [32mBuilding C object CMakeFiles/hbm_img_msgs__rosidl_typesupport_fastrtps_c__pyext.dir/rosidl_generator_py/hbm_img_msgs/_hbm_img_msgs_s.ep.rosidl_typesupport_fastrtps_c.c.o[0m
[ 92%] [32m[1mLinking C shared library rosidl_generator_py/hbm_img_msgs/hbm_img_msgs_s__rosidl_typesupport_fastrtps_c.cpython-310-aarch64-linux-gnu.so[0m
[ 92%] Built target hbm_img_msgs__rosidl_typesupport_fastrtps_c__pyext
[ 94%] [32mBuilding C object CMakeFiles/hbm_img_msgs__rosidl_typesupport_c__pyext.dir/rosidl_generator_py/hbm_img_msgs/_hbm_img_msgs_s.ep.rosidl_typesupport_c.c.o[0m
[ 96%] [32m[1mLinking C shared library rosidl_generator_py/hbm_img_msgs/hbm_img_msgs_s__rosidl_typesupport_c.cpython-310-aarch64-linux-gnu.so[0m
[ 96%] Built target hbm_img_msgs__rosidl_typesupport_c__pyext
[ 98%] [32mBuilding C object CMakeFiles/hbm_img_msgs__rosidl_typesupport_introspection_c__pyext.dir/rosidl_generator_py/hbm_img_msgs/_hbm_img_msgs_s.ep.rosidl_typesupport_introspection_c.c.o[0m
[100%] [32m[1mLinking C shared library rosidl_generator_py/hbm_img_msgs/hbm_img_msgs_s__rosidl_typesupport_introspection_c.cpython-310-aarch64-linux-gnu.so[0m
[100%] Built target hbm_img_msgs__rosidl_typesupport_introspection_c__pyext
-- Install configuration: ""
-- Installing: /cc_ws/tros_ws/install/share/ament_index/resource_index/rosidl_interfaces/hbm_img_msgs
-- Installing: /cc_ws/tros_ws/install/include/hbm_img_msgs/hbm_img_msgs
-- Installing: /cc_ws/tros_ws/install/include/hbm_img_msgs/hbm_img_msgs/msg
-- Installing: /cc_ws/tros_ws/install/include/hbm_img_msgs/hbm_img_msgs/msg/hbm_msg1080_p.h
-- Installing: /cc_ws/tros_ws/install/include/hbm_img_msgs/hbm_img_msgs/msg/rosidl_generator_c__visibility_control.h
-- Installing: /cc_ws/tros_ws/install/include/hbm_img_msgs/hbm_img_msgs/msg/hbm_msg480_p.h
-- Installing: /cc_ws/tros_ws/install/include/hbm_img_msgs/hbm_img_msgs/msg/hbm_msg540_p.h
-- Installing: /cc_ws/tros_ws/install/include/hbm_img_msgs/hbm_img_msgs/msg/detail
-- Installing: /cc_ws/tros_ws/install/include/hbm_img_msgs/hbm_img_msgs/msg/detail/hbm_msg480_p__type_support.h
-- Installing: /cc_ws/tros_ws/install/include/hbm_img_msgs/hbm_img_msgs/msg/detail/hbm_h26_x_frame__functions.c
-- Installing: /cc_ws/tros_ws/install/include/hbm_img_msgs/hbm_img_msgs/msg/detail/hbm_msg1080_p__functions.h
-- Installing: /cc_ws/tros_ws/install/include/hbm_img_msgs/hbm_img_msgs/msg/detail/hbm_msg480_p__struct.h
-- Installing: /cc_ws/tros_ws/install/include/hbm_img_msgs/hbm_img_msgs/msg/detail/hbm_h26_x_frame__type_support.h
-- Installing: /cc_ws/tros_ws/install/include/hbm_img_msgs/hbm_img_msgs/msg/detail/hbm_msg1080_p__functions.c
-- Installing: /cc_ws/tros_ws/install/include/hbm_img_msgs/hbm_img_msgs/msg/detail/hbm_msg540_p__type_support.h
-- Installing: /cc_ws/tros_ws/install/include/hbm_img_msgs/hbm_img_msgs/msg/detail/hbm_msg540_p__struct.h
-- Installing: /cc_ws/tros_ws/install/include/hbm_img_msgs/hbm_img_msgs/msg/detail/hbm_h26_x_frame__functions.h
-- Installing: /cc_ws/tros_ws/install/include/hbm_img_msgs/hbm_img_msgs/msg/detail/hbm_h26_x_frame__struct.h
-- Installing: /cc_ws/tros_ws/install/include/hbm_img_msgs/hbm_img_msgs/msg/detail/hbm_msg1080_p__type_support.h
-- Installing: /cc_ws/tros_ws/install/include/hbm_img_msgs/hbm_img_msgs/msg/detail/hbm_msg540_p__functions.c
-- Installing: /cc_ws/tros_ws/install/include/hbm_img_msgs/hbm_img_msgs/msg/detail/hbm_msg1080_p__struct.h
-- Installing: /cc_ws/tros_ws/install/include/hbm_img_msgs/hbm_img_msgs/msg/detail/hbm_msg480_p__functions.h
-- Installing: /cc_ws/tros_ws/install/include/hbm_img_msgs/hbm_img_msgs/msg/detail/hbm_msg480_p__functions.c
-- Installing: /cc_ws/tros_ws/install/include/hbm_img_msgs/hbm_img_msgs/msg/detail/hbm_msg540_p__functions.h
-- Installing: /cc_ws/tros_ws/install/include/hbm_img_msgs/hbm_img_msgs/msg/hbm_h26_x_frame.h
-- Installing: /cc_ws/tros_ws/install/share/hbm_img_msgs/environment/library_path.sh
-- Installing: /cc_ws/tros_ws/install/share/hbm_img_msgs/environment/library_path.dsv
-- Installing: /cc_ws/tros_ws/install/lib/libhbm_img_msgs__rosidl_generator_c.so
-- Set runtime path of "/cc_ws/tros_ws/install/lib/libhbm_img_msgs__rosidl_generator_c.so" to ""
-- Up-to-date: /cc_ws/tros_ws/install/include/hbm_img_msgs/hbm_img_msgs
-- Up-to-date: /cc_ws/tros_ws/install/include/hbm_img_msgs/hbm_img_msgs/msg
-- Installing: /cc_ws/tros_ws/install/include/hbm_img_msgs/hbm_img_msgs/msg/rosidl_typesupport_fastrtps_c__visibility_control.h
-- Up-to-date: /cc_ws/tros_ws/install/include/hbm_img_msgs/hbm_img_msgs/msg/detail
-- Installing: /cc_ws/tros_ws/install/include/hbm_img_msgs/hbm_img_msgs/msg/detail/hbm_msg540_p__rosidl_typesupport_fastrtps_c.h
-- Installing: /cc_ws/tros_ws/install/include/hbm_img_msgs/hbm_img_msgs/msg/detail/hbm_h26_x_frame__rosidl_typesupport_fastrtps_c.h
-- Installing: /cc_ws/tros_ws/install/include/hbm_img_msgs/hbm_img_msgs/msg/detail/hbm_msg480_p__rosidl_typesupport_fastrtps_c.h
-- Installing: /cc_ws/tros_ws/install/include/hbm_img_msgs/hbm_img_msgs/msg/detail/hbm_msg1080_p__rosidl_typesupport_fastrtps_c.h
-- Installing: /cc_ws/tros_ws/install/lib/libhbm_img_msgs__rosidl_typesupport_fastrtps_c.so
-- Set runtime path of "/cc_ws/tros_ws/install/lib/libhbm_img_msgs__rosidl_typesupport_fastrtps_c.so" to ""
-- Up-to-date: /cc_ws/tros_ws/install/include/hbm_img_msgs/hbm_img_msgs
-- Up-to-date: /cc_ws/tros_ws/install/include/hbm_img_msgs/hbm_img_msgs/msg
-- Installing: /cc_ws/tros_ws/install/include/hbm_img_msgs/hbm_img_msgs/msg/hbm_msg540_p.hpp
-- Installing: /cc_ws/tros_ws/install/include/hbm_img_msgs/hbm_img_msgs/msg/hbm_msg1080_p.hpp
-- Up-to-date: /cc_ws/tros_ws/install/include/hbm_img_msgs/hbm_img_msgs/msg/detail
-- Installing: /cc_ws/tros_ws/install/include/hbm_img_msgs/hbm_img_msgs/msg/detail/hbm_msg480_p__traits.hpp
-- Installing: /cc_ws/tros_ws/install/include/hbm_img_msgs/hbm_img_msgs/msg/detail/hbm_msg480_p__struct.hpp
-- Installing: /cc_ws/tros_ws/install/include/hbm_img_msgs/hbm_img_msgs/msg/detail/hbm_h26_x_frame__struct.hpp
-- Installing: /cc_ws/tros_ws/install/include/hbm_img_msgs/hbm_img_msgs/msg/detail/hbm_h26_x_frame__builder.hpp
-- Installing: /cc_ws/tros_ws/install/include/hbm_img_msgs/hbm_img_msgs/msg/detail/hbm_msg1080_p__traits.hpp
-- Installing: /cc_ws/tros_ws/install/include/hbm_img_msgs/hbm_img_msgs/msg/detail/hbm_msg540_p__traits.hpp
-- Installing: /cc_ws/tros_ws/install/include/hbm_img_msgs/hbm_img_msgs/msg/detail/hbm_h26_x_frame__traits.hpp
-- Installing: /cc_ws/tros_ws/install/include/hbm_img_msgs/hbm_img_msgs/msg/detail/hbm_msg1080_p__struct.hpp
-- Installing: /cc_ws/tros_ws/install/include/hbm_img_msgs/hbm_img_msgs/msg/detail/hbm_msg1080_p__builder.hpp
-- Installing: /cc_ws/tros_ws/install/include/hbm_img_msgs/hbm_img_msgs/msg/detail/hbm_msg480_p__builder.hpp
-- Installing: /cc_ws/tros_ws/install/include/hbm_img_msgs/hbm_img_msgs/msg/detail/hbm_msg540_p__struct.hpp
-- Installing: /cc_ws/tros_ws/install/include/hbm_img_msgs/hbm_img_msgs/msg/detail/hbm_msg540_p__builder.hpp
-- Installing: /cc_ws/tros_ws/install/include/hbm_img_msgs/hbm_img_msgs/msg/hbm_h26_x_frame.hpp
-- Installing: /cc_ws/tros_ws/install/include/hbm_img_msgs/hbm_img_msgs/msg/hbm_msg480_p.hpp
-- Up-to-date: /cc_ws/tros_ws/install/include/hbm_img_msgs/hbm_img_msgs
-- Up-to-date: /cc_ws/tros_ws/install/include/hbm_img_msgs/hbm_img_msgs/msg
-- Up-to-date: /cc_ws/tros_ws/install/include/hbm_img_msgs/hbm_img_msgs/msg/detail
-- Installing: /cc_ws/tros_ws/install/include/hbm_img_msgs/hbm_img_msgs/msg/detail/hbm_msg480_p__rosidl_typesupport_fastrtps_cpp.hpp
-- Installing: /cc_ws/tros_ws/install/include/hbm_img_msgs/hbm_img_msgs/msg/detail/hbm_msg1080_p__rosidl_typesupport_fastrtps_cpp.hpp
-- Installing: /cc_ws/tros_ws/install/include/hbm_img_msgs/hbm_img_msgs/msg/detail/hbm_msg540_p__rosidl_typesupport_fastrtps_cpp.hpp
-- Installing: /cc_ws/tros_ws/install/include/hbm_img_msgs/hbm_img_msgs/msg/detail/hbm_h26_x_frame__rosidl_typesupport_fastrtps_cpp.hpp
-- Installing: /cc_ws/tros_ws/install/include/hbm_img_msgs/hbm_img_msgs/msg/detail/dds_fastrtps
-- Installing: /cc_ws/tros_ws/install/include/hbm_img_msgs/hbm_img_msgs/msg/rosidl_typesupport_fastrtps_cpp__visibility_control.h
-- Installing: /cc_ws/tros_ws/install/lib/libhbm_img_msgs__rosidl_typesupport_fastrtps_cpp.so
-- Set runtime path of "/cc_ws/tros_ws/install/lib/libhbm_img_msgs__rosidl_typesupport_fastrtps_cpp.so" to ""
-- Up-to-date: /cc_ws/tros_ws/install/include/hbm_img_msgs/hbm_img_msgs
-- Up-to-date: /cc_ws/tros_ws/install/include/hbm_img_msgs/hbm_img_msgs/msg
-- Installing: /cc_ws/tros_ws/install/include/hbm_img_msgs/hbm_img_msgs/msg/rosidl_typesupport_introspection_c__visibility_control.h
-- Up-to-date: /cc_ws/tros_ws/install/include/hbm_img_msgs/hbm_img_msgs/msg/detail
-- Installing: /cc_ws/tros_ws/install/include/hbm_img_msgs/hbm_img_msgs/msg/detail/hbm_h26_x_frame__type_support.c
-- Installing: /cc_ws/tros_ws/install/include/hbm_img_msgs/hbm_img_msgs/msg/detail/hbm_msg480_p__type_support.c
-- Installing: /cc_ws/tros_ws/install/include/hbm_img_msgs/hbm_img_msgs/msg/detail/hbm_msg480_p__rosidl_typesupport_introspection_c.h
-- Installing: /cc_ws/tros_ws/install/include/hbm_img_msgs/hbm_img_msgs/msg/detail/hbm_msg1080_p__type_support.c
-- Installing: /cc_ws/tros_ws/install/include/hbm_img_msgs/hbm_img_msgs/msg/detail/hbm_msg540_p__type_support.c
-- Installing: /cc_ws/tros_ws/install/include/hbm_img_msgs/hbm_img_msgs/msg/detail/hbm_msg1080_p__rosidl_typesupport_introspection_c.h
-- Installing: /cc_ws/tros_ws/install/include/hbm_img_msgs/hbm_img_msgs/msg/detail/hbm_msg540_p__rosidl_typesupport_introspection_c.h
-- Installing: /cc_ws/tros_ws/install/include/hbm_img_msgs/hbm_img_msgs/msg/detail/hbm_h26_x_frame__rosidl_typesupport_introspection_c.h
-- Installing: /cc_ws/tros_ws/install/lib/libhbm_img_msgs__rosidl_typesupport_introspection_c.so
-- Set runtime path of "/cc_ws/tros_ws/install/lib/libhbm_img_msgs__rosidl_typesupport_introspection_c.so" to ""
-- Installing: /cc_ws/tros_ws/install/lib/libhbm_img_msgs__rosidl_typesupport_c.so
-- Set runtime path of "/cc_ws/tros_ws/install/lib/libhbm_img_msgs__rosidl_typesupport_c.so" to ""
-- Up-to-date: /cc_ws/tros_ws/install/include/hbm_img_msgs/hbm_img_msgs
-- Up-to-date: /cc_ws/tros_ws/install/include/hbm_img_msgs/hbm_img_msgs/msg
-- Up-to-date: /cc_ws/tros_ws/install/include/hbm_img_msgs/hbm_img_msgs/msg/detail
-- Installing: /cc_ws/tros_ws/install/include/hbm_img_msgs/hbm_img_msgs/msg/detail/hbm_msg540_p__rosidl_typesupport_introspection_cpp.hpp
-- Installing: /cc_ws/tros_ws/install/include/hbm_img_msgs/hbm_img_msgs/msg/detail/hbm_msg1080_p__type_support.cpp
-- Installing: /cc_ws/tros_ws/install/include/hbm_img_msgs/hbm_img_msgs/msg/detail/hbm_msg1080_p__rosidl_typesupport_introspection_cpp.hpp
-- Installing: /cc_ws/tros_ws/install/include/hbm_img_msgs/hbm_img_msgs/msg/detail/hbm_h26_x_frame__type_support.cpp
-- Installing: /cc_ws/tros_ws/install/include/hbm_img_msgs/hbm_img_msgs/msg/detail/hbm_msg540_p__type_support.cpp
-- Installing: /cc_ws/tros_ws/install/include/hbm_img_msgs/hbm_img_msgs/msg/detail/hbm_msg480_p__type_support.cpp
-- Installing: /cc_ws/tros_ws/install/include/hbm_img_msgs/hbm_img_msgs/msg/detail/hbm_h26_x_frame__rosidl_typesupport_introspection_cpp.hpp
-- Installing: /cc_ws/tros_ws/install/include/hbm_img_msgs/hbm_img_msgs/msg/detail/hbm_msg480_p__rosidl_typesupport_introspection_cpp.hpp
-- Installing: /cc_ws/tros_ws/install/lib/libhbm_img_msgs__rosidl_typesupport_introspection_cpp.so
-- Set runtime path of "/cc_ws/tros_ws/install/lib/libhbm_img_msgs__rosidl_typesupport_introspection_cpp.so" to ""
-- Installing: /cc_ws/tros_ws/install/lib/libhbm_img_msgs__rosidl_typesupport_cpp.so
-- Set runtime path of "/cc_ws/tros_ws/install/lib/libhbm_img_msgs__rosidl_typesupport_cpp.so" to ""
-- Installing: /cc_ws/tros_ws/install/share/hbm_img_msgs/environment/pythonpath.sh
-- Installing: /cc_ws/tros_ws/install/share/hbm_img_msgs/environment/pythonpath.dsv
-- Installing: /cc_ws/tros_ws/install/local/lib/python3.10/dist-packages/hbm_img_msgs-2.0.0-py3.10.egg-info
-- Installing: /cc_ws/tros_ws/install/local/lib/python3.10/dist-packages/hbm_img_msgs-2.0.0-py3.10.egg-info/SOURCES.txt
-- Installing: /cc_ws/tros_ws/install/local/lib/python3.10/dist-packages/hbm_img_msgs-2.0.0-py3.10.egg-info/PKG-INFO
-- Installing: /cc_ws/tros_ws/install/local/lib/python3.10/dist-packages/hbm_img_msgs-2.0.0-py3.10.egg-info/dependency_links.txt
-- Installing: /cc_ws/tros_ws/install/local/lib/python3.10/dist-packages/hbm_img_msgs-2.0.0-py3.10.egg-info/top_level.txt
-- Installing: /cc_ws/tros_ws/install/local/lib/python3.10/dist-packages/hbm_img_msgs
-- Installing: /cc_ws/tros_ws/install/local/lib/python3.10/dist-packages/hbm_img_msgs/hbm_img_msgs_s__rosidl_typesupport_c.cpython-310-aarch64-linux-gnu.so
-- Installing: /cc_ws/tros_ws/install/local/lib/python3.10/dist-packages/hbm_img_msgs/_hbm_img_msgs_s.ep.rosidl_typesupport_introspection_c.c
-- Installing: /cc_ws/tros_ws/install/local/lib/python3.10/dist-packages/hbm_img_msgs/msg
-- Installing: /cc_ws/tros_ws/install/local/lib/python3.10/dist-packages/hbm_img_msgs/msg/_hbm_msg480_p_s.c
-- Installing: /cc_ws/tros_ws/install/local/lib/python3.10/dist-packages/hbm_img_msgs/msg/_hbm_msg1080_p.py
-- Installing: /cc_ws/tros_ws/install/local/lib/python3.10/dist-packages/hbm_img_msgs/msg/_hbm_msg540_p.py
-- Installing: /cc_ws/tros_ws/install/local/lib/python3.10/dist-packages/hbm_img_msgs/msg/_hbm_msg480_p.py
-- Installing: /cc_ws/tros_ws/install/local/lib/python3.10/dist-packages/hbm_img_msgs/msg/__init__.py
-- Installing: /cc_ws/tros_ws/install/local/lib/python3.10/dist-packages/hbm_img_msgs/msg/_hbm_h26_x_frame.py
-- Installing: /cc_ws/tros_ws/install/local/lib/python3.10/dist-packages/hbm_img_msgs/msg/_hbm_h26_x_frame_s.c
-- Installing: /cc_ws/tros_ws/install/local/lib/python3.10/dist-packages/hbm_img_msgs/msg/_hbm_msg1080_p_s.c
-- Installing: /cc_ws/tros_ws/install/local/lib/python3.10/dist-packages/hbm_img_msgs/msg/_hbm_msg540_p_s.c
-- Installing: /cc_ws/tros_ws/install/local/lib/python3.10/dist-packages/hbm_img_msgs/hbm_img_msgs_s__rosidl_typesupport_introspection_c.cpython-310-aarch64-linux-gnu.so
-- Installing: /cc_ws/tros_ws/install/local/lib/python3.10/dist-packages/hbm_img_msgs/__init__.py
-- Installing: /cc_ws/tros_ws/install/local/lib/python3.10/dist-packages/hbm_img_msgs/hbm_img_msgs_s__rosidl_typesupport_fastrtps_c.cpython-310-aarch64-linux-gnu.so
-- Installing: /cc_ws/tros_ws/install/local/lib/python3.10/dist-packages/hbm_img_msgs/_hbm_img_msgs_s.ep.rosidl_typesupport_c.c
-- Installing: /cc_ws/tros_ws/install/local/lib/python3.10/dist-packages/hbm_img_msgs/_hbm_img_msgs_s.ep.rosidl_typesupport_fastrtps_c.c
-- Installing: /cc_ws/tros_ws/install/local/lib/python3.10/dist-packages/hbm_img_msgs/libhbm_img_msgs__rosidl_generator_py.so
Listing '/cc_ws/tros_ws/install/local/lib/python3.10/dist-packages/hbm_img_msgs'...
Compiling '/cc_ws/tros_ws/install/local/lib/python3.10/dist-packages/hbm_img_msgs/__init__.py'...
Listing '/cc_ws/tros_ws/install/local/lib/python3.10/dist-packages/hbm_img_msgs/msg'...
Compiling '/cc_ws/tros_ws/install/local/lib/python3.10/dist-packages/hbm_img_msgs/msg/__init__.py'...
Compiling '/cc_ws/tros_ws/install/local/lib/python3.10/dist-packages/hbm_img_msgs/msg/_hbm_h26_x_frame.py'...
Compiling '/cc_ws/tros_ws/install/local/lib/python3.10/dist-packages/hbm_img_msgs/msg/_hbm_msg1080_p.py'...
Compiling '/cc_ws/tros_ws/install/local/lib/python3.10/dist-packages/hbm_img_msgs/msg/_hbm_msg480_p.py'...
Compiling '/cc_ws/tros_ws/install/local/lib/python3.10/dist-packages/hbm_img_msgs/msg/_hbm_msg540_p.py'...
-- Installing: /cc_ws/tros_ws/install/local/lib/python3.10/dist-packages/hbm_img_msgs/hbm_img_msgs_s__rosidl_typesupport_fastrtps_c.cpython-310-aarch64-linux-gnu.so
-- Set runtime path of "/cc_ws/tros_ws/install/local/lib/python3.10/dist-packages/hbm_img_msgs/hbm_img_msgs_s__rosidl_typesupport_fastrtps_c.cpython-310-aarch64-linux-gnu.so" to ""
-- Installing: /cc_ws/tros_ws/install/local/lib/python3.10/dist-packages/hbm_img_msgs/hbm_img_msgs_s__rosidl_typesupport_introspection_c.cpython-310-aarch64-linux-gnu.so
-- Set runtime path of "/cc_ws/tros_ws/install/local/lib/python3.10/dist-packages/hbm_img_msgs/hbm_img_msgs_s__rosidl_typesupport_introspection_c.cpython-310-aarch64-linux-gnu.so" to ""
-- Installing: /cc_ws/tros_ws/install/local/lib/python3.10/dist-packages/hbm_img_msgs/hbm_img_msgs_s__rosidl_typesupport_c.cpython-310-aarch64-linux-gnu.so
-- Set runtime path of "/cc_ws/tros_ws/install/local/lib/python3.10/dist-packages/hbm_img_msgs/hbm_img_msgs_s__rosidl_typesupport_c.cpython-310-aarch64-linux-gnu.so" to ""
-- Installing: /cc_ws/tros_ws/install/lib/libhbm_img_msgs__rosidl_generator_py.so
-- Set runtime path of "/cc_ws/tros_ws/install/lib/libhbm_img_msgs__rosidl_generator_py.so" to ""
-- Installing: /cc_ws/tros_ws/install/share/hbm_img_msgs/msg/HbmMsg1080P.idl
-- Installing: /cc_ws/tros_ws/install/share/hbm_img_msgs/msg/HbmH26XFrame.idl
-- Installing: /cc_ws/tros_ws/install/share/hbm_img_msgs/msg/HbmMsg540P.idl
-- Installing: /cc_ws/tros_ws/install/share/hbm_img_msgs/msg/HbmMsg480P.idl
-- Installing: /cc_ws/tros_ws/install/share/hbm_img_msgs/msg/HbmMsg1080P.msg
-- Installing: /cc_ws/tros_ws/install/share/hbm_img_msgs/msg/HbmH26XFrame.msg
-- Installing: /cc_ws/tros_ws/install/share/hbm_img_msgs/msg/HbmMsg540P.msg
-- Installing: /cc_ws/tros_ws/install/share/hbm_img_msgs/msg/HbmMsg480P.msg
-- Installing: /cc_ws/tros_ws/install/share/ament_index/resource_index/package_run_dependencies/hbm_img_msgs
-- Installing: /cc_ws/tros_ws/install/share/ament_index/resource_index/parent_prefix_path/hbm_img_msgs
-- Installing: /cc_ws/tros_ws/install/share/hbm_img_msgs/environment/ament_prefix_path.sh
-- Installing: /cc_ws/tros_ws/install/share/hbm_img_msgs/environment/ament_prefix_path.dsv
-- Installing: /cc_ws/tros_ws/install/share/hbm_img_msgs/environment/path.sh
-- Installing: /cc_ws/tros_ws/install/share/hbm_img_msgs/environment/path.dsv
-- Installing: /cc_ws/tros_ws/install/share/hbm_img_msgs/local_setup.bash
-- Installing: /cc_ws/tros_ws/install/share/hbm_img_msgs/local_setup.sh
-- Installing: /cc_ws/tros_ws/install/share/hbm_img_msgs/local_setup.zsh
-- Installing: /cc_ws/tros_ws/install/share/hbm_img_msgs/local_setup.dsv
-- Installing: /cc_ws/tros_ws/install/share/hbm_img_msgs/package.dsv
-- Installing: /cc_ws/tros_ws/install/share/ament_index/resource_index/packages/hbm_img_msgs
-- Installing: /cc_ws/tros_ws/install/share/hbm_img_msgs/cmake/export_hbm_img_msgs__rosidl_generator_cExport.cmake
-- Installing: /cc_ws/tros_ws/install/share/hbm_img_msgs/cmake/export_hbm_img_msgs__rosidl_generator_cExport-noconfig.cmake
-- Installing: /cc_ws/tros_ws/install/share/hbm_img_msgs/cmake/export_hbm_img_msgs__rosidl_typesupport_fastrtps_cExport.cmake
-- Installing: /cc_ws/tros_ws/install/share/hbm_img_msgs/cmake/export_hbm_img_msgs__rosidl_typesupport_fastrtps_cExport-noconfig.cmake
-- Installing: /cc_ws/tros_ws/install/share/hbm_img_msgs/cmake/export_hbm_img_msgs__rosidl_generator_cppExport.cmake
-- Installing: /cc_ws/tros_ws/install/share/hbm_img_msgs/cmake/export_hbm_img_msgs__rosidl_typesupport_fastrtps_cppExport.cmake
-- Installing: /cc_ws/tros_ws/install/share/hbm_img_msgs/cmake/export_hbm_img_msgs__rosidl_typesupport_fastrtps_cppExport-noconfig.cmake
-- Installing: /cc_ws/tros_ws/install/share/hbm_img_msgs/cmake/hbm_img_msgs__rosidl_typesupport_introspection_cExport.cmake
-- Installing: /cc_ws/tros_ws/install/share/hbm_img_msgs/cmake/hbm_img_msgs__rosidl_typesupport_introspection_cExport-noconfig.cmake
-- Installing: /cc_ws/tros_ws/install/share/hbm_img_msgs/cmake/hbm_img_msgs__rosidl_typesupport_cExport.cmake
-- Installing: /cc_ws/tros_ws/install/share/hbm_img_msgs/cmake/hbm_img_msgs__rosidl_typesupport_cExport-noconfig.cmake
-- Installing: /cc_ws/tros_ws/install/share/hbm_img_msgs/cmake/hbm_img_msgs__rosidl_typesupport_introspection_cppExport.cmake
-- Installing: /cc_ws/tros_ws/install/share/hbm_img_msgs/cmake/hbm_img_msgs__rosidl_typesupport_introspection_cppExport-noconfig.cmake
-- Installing: /cc_ws/tros_ws/install/share/hbm_img_msgs/cmake/hbm_img_msgs__rosidl_typesupport_cppExport.cmake
-- Installing: /cc_ws/tros_ws/install/share/hbm_img_msgs/cmake/hbm_img_msgs__rosidl_typesupport_cppExport-noconfig.cmake
-- Installing: /cc_ws/tros_ws/install/share/hbm_img_msgs/cmake/export_hbm_img_msgs__rosidl_generator_pyExport.cmake
-- Installing: /cc_ws/tros_ws/install/share/hbm_img_msgs/cmake/export_hbm_img_msgs__rosidl_generator_pyExport-noconfig.cmake
-- Installing: /cc_ws/tros_ws/install/share/hbm_img_msgs/cmake/rosidl_cmake-extras.cmake
-- Installing: /cc_ws/tros_ws/install/share/hbm_img_msgs/cmake/ament_cmake_export_dependencies-extras.cmake
-- Installing: /cc_ws/tros_ws/install/share/hbm_img_msgs/cmake/ament_cmake_export_include_directories-extras.cmake
-- Installing: /cc_ws/tros_ws/install/share/hbm_img_msgs/cmake/ament_cmake_export_libraries-extras.cmake
-- Installing: /cc_ws/tros_ws/install/share/hbm_img_msgs/cmake/ament_cmake_export_targets-extras.cmake
-- Installing: /cc_ws/tros_ws/install/share/hbm_img_msgs/cmake/rosidl_cmake_export_typesupport_targets-extras.cmake
-- Installing: /cc_ws/tros_ws/install/share/hbm_img_msgs/cmake/rosidl_cmake_export_typesupport_libraries-extras.cmake
-- Installing: /cc_ws/tros_ws/install/share/hbm_img_msgs/cmake/hbm_img_msgsConfig.cmake
-- Installing: /cc_ws/tros_ws/install/share/hbm_img_msgs/cmake/hbm_img_msgsConfig-version.cmake
-- Installing: /cc_ws/tros_ws/install/share/hbm_img_msgs/package.xml
