[0.044s] Invoking command in '/cc_ws/tros_ws/build/hobot_cv': CMAKE_PREFIX_PATH=/opt/ros/humble /usr/bin/cmake /cc_ws/tros_ws/src/box/hobot_cv -DCMAKE_EXPORT_COMPILE_COMMANDS=ON --no-warn-unused-cli -DCMAKE_TOOLCHAIN_FILE=/cc_ws/tros_ws/robot_dev_config/aarch64_toolchainfile.cmake -DPLATFORM_X5=ON -DTHIRDPARTY=ON -DBUILD_TESTING=OFF -DCMAKE_BUILD_RPATH=/cc_ws/tros_ws/build/poco_vendor/poco_external_project_install/lib/;/cc_ws/tros_ws/build/libyaml_vendor/libyaml_install/lib/ -DCMAKE_INSTALL_PREFIX=/cc_ws/tros_ws/install
[0.122s] Not searching for unused variables given on the command line.
[0.123s] -- Found ament_cmake: 1.3.8 (/opt/ros/humble/share/ament_cmake/cmake)
[0.278s] [33mCMake Warning (dev) at /opt/ros/humble/share/ament_cmake_test/cmake/ament_cmake_test-extras.cmake:19 (option):
[0.278s]   Policy CMP0077 is not set: option() honors normal variables.  Run "cmake
[0.278s]   --help-policy CMP0077" for policy details.  Use the cmake_policy command to
[0.278s]   set the policy and suppress this warning.
[0.278s] 
[0.278s]   For compatibility with older versions of CMake, option is clearing the
[0.279s]   normal variable 'BUILD_TESTING'.
[0.279s] Call Stack (most recent call first):
[0.279s]   /opt/ros/humble/share/ament_cmake_test/cmake/ament_cmake_testConfig.cmake:41 (include)
[0.279s]   /opt/ros/humble/share/ament_cmake/cmake/ament_cmake_export_dependencies-extras.cmake:21 (find_package)
[0.279s]   /opt/ros/humble/share/ament_cmake/cmake/ament_cmakeConfig.cmake:41 (include)
[0.279s]   CMakeLists.txt:36 (find_package)
[0.279s] This warning is for project developers.  Use -Wno-dev to suppress it.
[0.279s] [0m
[0.280s] -- Found rclcpp: 16.0.8 (/opt/ros/humble/share/rclcpp/cmake)
[0.328s] -- Found rosidl_generator_c: 3.1.5 (/opt/ros/humble/share/rosidl_generator_c/cmake)
[0.342s] -- Found rosidl_adapter: 3.1.5 (/opt/ros/humble/share/rosidl_adapter/cmake)
[0.348s] -- Found rosidl_generator_cpp: 3.1.5 (/opt/ros/humble/share/rosidl_generator_cpp/cmake)
[0.369s] -- Using all available rosidl_typesupport_c: rosidl_typesupport_fastrtps_c;rosidl_typesupport_introspection_c
[0.403s] -- Using all available rosidl_typesupport_cpp: rosidl_typesupport_fastrtps_cpp;rosidl_typesupport_introspection_cpp
[0.538s] -- Found rmw_implementation_cmake: 6.1.1 (/opt/ros/humble/share/rmw_implementation_cmake/cmake)
[0.543s] -- Found rmw_fastrtps_cpp: 6.2.6 (/opt/ros/humble/share/rmw_fastrtps_cpp/cmake)
[0.720s] -- Using RMW implementation 'rmw_fastrtps_cpp' as default
[1.083s] [0mbuild platform X5[0m
[1.084s] [0mPREFIX_PATH is x5[0m
[1.084s] [0mSYS_ROOT is /cc_ws/tros_ws/robot_dev_config/../../sysroot_docker[0m
[1.084s] [0mPROJECT_SOURCE_DIR /cc_ws/tros_ws/src/box/hobot_cv[0m
[1.087s] [0mOpenCV_LIBS: opencv_calib3d;opencv_core;opencv_dnn;opencv_features2d;opencv_flann;opencv_highgui;opencv_imgcodecs;opencv_imgproc;opencv_ml;opencv_objdetect;opencv_photo;opencv_stitching;opencv_video;opencv_videoio;opencv_alphamat;opencv_aruco;opencv_barcode;opencv_bgsegm;opencv_bioinspired;opencv_ccalib;opencv_datasets;opencv_dnn_objdetect;opencv_dnn_superres;opencv_dpm;opencv_face;opencv_freetype;opencv_fuzzy;opencv_hdf;opencv_hfs;opencv_img_hash;opencv_intensity_transform;opencv_line_descriptor;opencv_mcc;opencv_optflow;opencv_phase_unwrapping;opencv_plot;opencv_quality;opencv_rapid;opencv_reg;opencv_rgbd;opencv_saliency;opencv_shape;opencv_stereo;opencv_structured_light;opencv_superres;opencv_surface_matching;opencv_text;opencv_tracking;opencv_videostab;opencv_viz;opencv_wechat_qrcode;opencv_ximgproc;opencv_xobjdetect;opencv_xphoto[0m
[1.087s] [0mcompile to x5 platform[0m
[1.252s] -- Configuring done
[1.435s] -- Generating done
[1.436s] -- Build files have been written to: /cc_ws/tros_ws/build/hobot_cv
[1.450s] Invoked command in '/cc_ws/tros_ws/build/hobot_cv' returned '0': CMAKE_PREFIX_PATH=/opt/ros/humble /usr/bin/cmake /cc_ws/tros_ws/src/box/hobot_cv -DCMAKE_EXPORT_COMPILE_COMMANDS=ON --no-warn-unused-cli -DCMAKE_TOOLCHAIN_FILE=/cc_ws/tros_ws/robot_dev_config/aarch64_toolchainfile.cmake -DPLATFORM_X5=ON -DTHIRDPARTY=ON -DBUILD_TESTING=OFF -DCMAKE_BUILD_RPATH=/cc_ws/tros_ws/build/poco_vendor/poco_external_project_install/lib/;/cc_ws/tros_ws/build/libyaml_vendor/libyaml_install/lib/ -DCMAKE_INSTALL_PREFIX=/cc_ws/tros_ws/install
[1.453s] Invoking command in '/cc_ws/tros_ws/build/hobot_cv': CMAKE_PREFIX_PATH=/opt/ros/humble /usr/bin/cmake --build /cc_ws/tros_ws/build/hobot_cv -- -j12 -l12
[1.536s] [35m[1mConsolidate compiler generated dependencies of target hobot_cv[0m
[1.564s] [ 27%] Built target hobot_cv
[1.581s] [35m[1mConsolidate compiler generated dependencies of target resize_example[0m
[1.582s] [35m[1mConsolidate compiler generated dependencies of target crop_example[0m
[1.596s] [35m[1mConsolidate compiler generated dependencies of target imgproc_example[0m
[1.606s] [35m[1mConsolidate compiler generated dependencies of target test_gaussian_blur[0m
[1.606s] [35m[1mConsolidate compiler generated dependencies of target rotate_example[0m
[1.612s] [35m[1mConsolidate compiler generated dependencies of target neon_example[0m
[1.614s] [ 31%] [32m[1mLinking CXX executable resize_example[0m
[1.615s] [35m[1mConsolidate compiler generated dependencies of target padding_example[0m
[1.618s] [35m[1mConsolidate compiler generated dependencies of target test_conersion[0m
[1.627s] [ 36%] [32m[1mLinking CXX executable crop_example[0m
[1.638s] [ 40%] [32m[1mLinking CXX executable imgproc_example[0m
[1.646s] [ 45%] [32m[1mLinking CXX executable rotate_example[0m
[1.650s] [ 50%] [32m[1mLinking CXX executable test_gaussian_blur[0m
[1.652s] [ 54%] [32m[1mLinking CXX executable neon_example[0m
[1.660s] [ 59%] [32m[1mLinking CXX executable padding_example[0m
[1.668s] [ 63%] [32m[1mLinking CXX executable test_conersion[0m
[4.101s] [ 68%] Built target rotate_example
[4.157s] [ 72%] Built target crop_example
[4.182s] [ 77%] Built target resize_example
[4.185s] [ 81%] Built target test_conersion
[4.299s] [ 86%] Built target imgproc_example
[4.467s] [ 90%] Built target test_gaussian_blur
[4.492s] [ 95%] Built target neon_example
[4.529s] [100%] Built target padding_example
[4.601s] Invoked command in '/cc_ws/tros_ws/build/hobot_cv' returned '0': CMAKE_PREFIX_PATH=/opt/ros/humble /usr/bin/cmake --build /cc_ws/tros_ws/build/hobot_cv -- -j12 -l12
[4.933s] Invoking command in '/cc_ws/tros_ws/build/hobot_cv': CMAKE_PREFIX_PATH=/opt/ros/humble /usr/bin/cmake --install /cc_ws/tros_ws/build/hobot_cv
[4.994s] -- Install configuration: "Release"
[4.994s] -- Up-to-date: /cc_ws/tros_ws/install/lib/libhobot_cv.so
[4.995s] -- Up-to-date: /cc_ws/tros_ws/install/include/hobot_cv/hobotcv_imgproc.h
[4.995s] -- Up-to-date: /cc_ws/tros_ws/install/include/hobot_cv/hobotcv_gaussian_blur.h
[4.995s] -- Up-to-date: /cc_ws/tros_ws/install/include/hobot_cv/hobotcv_gaussian_blur_imp.hpp
[4.995s] -- Up-to-date: /cc_ws/tros_ws/install/include/hobot_cv/hobotcv_neon_blur.h
[4.995s] -- Up-to-date: /cc_ws/tros_ws/install/lib/libhobotcv_neon_blur.so
[4.995s] -- Installing: /cc_ws/tros_ws/install/lib/hobot_cv/padding_example
[4.995s] -- Set runtime path of "/cc_ws/tros_ws/install/lib/hobot_cv/padding_example" to ""
[4.995s] -- Installing: /cc_ws/tros_ws/install/lib/hobot_cv/test_gaussian_blur
[4.996s] -- Set runtime path of "/cc_ws/tros_ws/install/lib/hobot_cv/test_gaussian_blur" to ""
[4.996s] -- Installing: /cc_ws/tros_ws/install/lib/hobot_cv/test_conersion
[4.996s] -- Set runtime path of "/cc_ws/tros_ws/install/lib/hobot_cv/test_conersion" to ""
[4.996s] -- Installing: /cc_ws/tros_ws/install/lib/hobot_cv/resize_example
[4.996s] -- Set runtime path of "/cc_ws/tros_ws/install/lib/hobot_cv/resize_example" to ""
[4.996s] -- Installing: /cc_ws/tros_ws/install/lib/hobot_cv/crop_example
[4.996s] -- Set runtime path of "/cc_ws/tros_ws/install/lib/hobot_cv/crop_example" to ""
[4.996s] -- Installing: /cc_ws/tros_ws/install/lib/hobot_cv/rotate_example
[4.997s] -- Set runtime path of "/cc_ws/tros_ws/install/lib/hobot_cv/rotate_example" to ""
[4.997s] -- Installing: /cc_ws/tros_ws/install/lib/hobot_cv/imgproc_example
[4.997s] -- Set runtime path of "/cc_ws/tros_ws/install/lib/hobot_cv/imgproc_example" to ""
[4.997s] -- Installing: /cc_ws/tros_ws/install/lib/hobot_cv/neon_example
[4.997s] -- Set runtime path of "/cc_ws/tros_ws/install/lib/hobot_cv/neon_example" to ""
[4.997s] -- Up-to-date: /cc_ws/tros_ws/install/lib/hobot_cv/config/
[4.998s] -- Up-to-date: /cc_ws/tros_ws/install/lib/hobot_cv/config//models
[4.998s] -- Up-to-date: /cc_ws/tros_ws/install/lib/hobot_cv/config//models/gaussian_blur_640x480_3_3_0.000000_0.000000.hbm
[4.998s] -- Up-to-date: /cc_ws/tros_ws/install/lib/hobot_cv/config//models/gaussian_blur_320_240_3_3_0.000000_0.000000.hbm
[4.998s] -- Up-to-date: /cc_ws/tros_ws/install/lib/hobot_cv/config//test.jpg
[4.998s] -- Up-to-date: /cc_ws/tros_ws/install/lib/hobot_cv/config//480x270.jpg
[4.998s] -- Up-to-date: /cc_ws/tros_ws/install/lib/hobot_cv/config//tof_images
[4.998s] -- Up-to-date: /cc_ws/tros_ws/install/lib/hobot_cv/config//tof_images/frame1_5.png
[4.998s] -- Up-to-date: /cc_ws/tros_ws/install/lib/hobot_cv/config//tof_images/frame1_0.png
[4.999s] -- Up-to-date: /cc_ws/tros_ws/install/lib/hobot_cv/config//tof_images/frame1_2.png
[4.999s] -- Up-to-date: /cc_ws/tros_ws/install/lib/hobot_cv/config//tof_images/frame1_4.png
[4.999s] -- Up-to-date: /cc_ws/tros_ws/install/lib/hobot_cv/config//tof_images/frame1_3.png
[5.004s] -- Up-to-date: /cc_ws/tros_ws/install/lib/hobot_cv/config//tof_images/frame1_1.png
[5.004s] -- Up-to-date: /cc_ws/tros_ws/install/share/hobot_cv/launch
[5.004s] -- Up-to-date: /cc_ws/tros_ws/install/share/hobot_cv/launch/hobot_cv_conversion.launch.py
[5.004s] -- Up-to-date: /cc_ws/tros_ws/install/share/hobot_cv/launch/hobot_cv_pyramid.launch.py
[5.004s] -- Up-to-date: /cc_ws/tros_ws/install/share/hobot_cv/launch/hobot_cv_benchmark.launch.py
[5.004s] -- Up-to-date: /cc_ws/tros_ws/install/share/hobot_cv/launch/hobot_cv_gaussian_blur.launch.py
[5.004s] -- Up-to-date: /cc_ws/tros_ws/install/share/hobot_cv/launch/hobot_cv_rotate.launch.py
[5.005s] -- Up-to-date: /cc_ws/tros_ws/install/share/hobot_cv/launch/hobot_cv_crop.launch.py
[5.005s] -- Up-to-date: /cc_ws/tros_ws/install/share/hobot_cv/launch/hobot_cv_neon_blur.launch.py
[5.005s] -- Up-to-date: /cc_ws/tros_ws/install/share/hobot_cv/launch/hobot_cv_resize.launch.py
[5.005s] -- Up-to-date: /cc_ws/tros_ws/install/share/hobot_cv/launch/hobot_cv_padding.launch.py
[5.005s] -- Up-to-date: /cc_ws/tros_ws/install/share/hobot_cv/launch/hobot_cv_imgproc.launch.py
[5.005s] -- Up-to-date: /cc_ws/tros_ws/install/share/hobot_cv/launch/hobot_cv_crop_resize_rotate_pyramid.launch.py
[5.005s] -- Up-to-date: /cc_ws/tros_ws/install/lib/libhobot_cv.so
[5.005s] -- Up-to-date: /cc_ws/tros_ws/install/share/hobot_cv/environment/library_path.sh
[5.005s] -- Installing: /cc_ws/tros_ws/install/share/hobot_cv/environment/library_path.dsv
[5.018s] -- Up-to-date: /cc_ws/tros_ws/install/share/ament_index/resource_index/package_run_dependencies/hobot_cv
[5.019s] -- Up-to-date: /cc_ws/tros_ws/install/share/ament_index/resource_index/parent_prefix_path/hobot_cv
[5.019s] -- Up-to-date: /cc_ws/tros_ws/install/share/hobot_cv/environment/ament_prefix_path.sh
[5.019s] -- Installing: /cc_ws/tros_ws/install/share/hobot_cv/environment/ament_prefix_path.dsv
[5.019s] -- Up-to-date: /cc_ws/tros_ws/install/share/hobot_cv/environment/path.sh
[5.019s] -- Installing: /cc_ws/tros_ws/install/share/hobot_cv/environment/path.dsv
[5.019s] -- Up-to-date: /cc_ws/tros_ws/install/share/hobot_cv/local_setup.bash
[5.019s] -- Up-to-date: /cc_ws/tros_ws/install/share/hobot_cv/local_setup.sh
[5.019s] -- Up-to-date: /cc_ws/tros_ws/install/share/hobot_cv/local_setup.zsh
[5.019s] -- Installing: /cc_ws/tros_ws/install/share/hobot_cv/local_setup.dsv
[5.020s] -- Installing: /cc_ws/tros_ws/install/share/hobot_cv/package.dsv
[5.020s] -- Up-to-date: /cc_ws/tros_ws/install/share/ament_index/resource_index/packages/hobot_cv
[5.020s] -- Up-to-date: /cc_ws/tros_ws/install/share/hobot_cv/cmake/hobot_cvExport.cmake
[5.020s] -- Up-to-date: /cc_ws/tros_ws/install/share/hobot_cv/cmake/hobot_cvExport-release.cmake
[5.020s] -- Up-to-date: /cc_ws/tros_ws/install/share/hobot_cv/cmake/ament_cmake_export_include_directories-extras.cmake
[5.020s] -- Up-to-date: /cc_ws/tros_ws/install/share/hobot_cv/cmake/ament_cmake_export_libraries-extras.cmake
[5.020s] -- Up-to-date: /cc_ws/tros_ws/install/share/hobot_cv/cmake/ament_cmake_export_targets-extras.cmake
[5.020s] -- Up-to-date: /cc_ws/tros_ws/install/share/hobot_cv/cmake/hobot_cvConfig.cmake
[5.021s] -- Up-to-date: /cc_ws/tros_ws/install/share/hobot_cv/cmake/hobot_cvConfig-version.cmake
[5.021s] -- Up-to-date: /cc_ws/tros_ws/install/share/hobot_cv/package.xml
[5.055s] Invoked command in '/cc_ws/tros_ws/build/hobot_cv' returned '0': CMAKE_PREFIX_PATH=/opt/ros/humble /usr/bin/cmake --install /cc_ws/tros_ws/build/hobot_cv
