[0.214s] Invoking command in '/cc_ws/tros_ws/build/hobot_falldown_detection': AMENT_PREFIX_PATH=/cc_ws/tros_ws/install:${AMENT_PREFIX_PATH} CMAKE_PREFIX_PATH=/cc_ws/tros_ws/install:/opt/ros/humble LD_LIBRARY_PATH=/cc_ws/tros_ws/install/lib:/opt/ros/humble/opt/rviz_ogre_vendor/lib:/opt/ros/humble/lib/aarch64-linux-gnu:/opt/ros/humble/lib:/cc_ws/userdata/hobot/opt/hobot/deps PYTHONPATH=/cc_ws/tros_ws/install/lib/python3.10/site-packages:/cc_ws/tros_ws/install/local/lib/python3.10/dist-packages:${PYTHONPATH} /usr/bin/cmake /cc_ws/tros_ws/src/box/hobot_perception/hobot_falldown_detection -DCMAKE_EXPORT_COMPILE_COMMANDS=ON --no-warn-unused-cli -DCMAKE_TOOLCHAIN_FILE=/cc_ws/tros_ws/robot_dev_config/aarch64_toolchainfile.cmake -DPLATFORM_X5=ON -DTHIRDPARTY=ON -DBUILD_TESTING=OFF -DCMAKE_BUILD_RPATH=/cc_ws/tros_ws/build/poco_vendor/poco_external_project_install/lib/;/cc_ws/tros_ws/build/libyaml_vendor/libyaml_install/lib/ -DCMAKE_INSTALL_PREFIX=/cc_ws/tros_ws/install
[0.266s] Not searching for unused variables given on the command line.
[0.271s] -- Found ament_cmake: 1.3.8 (/opt/ros/humble/share/ament_cmake/cmake)
[0.718s] [33mCMake Warning (dev) at /opt/ros/humble/share/ament_cmake_test/cmake/ament_cmake_test-extras.cmake:19 (option):
[0.718s]   Policy CMP0077 is not set: option() honors normal variables.  Run "cmake
[0.718s]   --help-policy CMP0077" for policy details.  Use the cmake_policy command to
[0.719s]   set the policy and suppress this warning.
[0.719s] 
[0.719s]   For compatibility with older versions of CMake, option is clearing the
[0.719s]   normal variable 'BUILD_TESTING'.
[0.719s] Call Stack (most recent call first):
[0.720s]   /opt/ros/humble/share/ament_cmake_test/cmake/ament_cmake_testConfig.cmake:41 (include)
[0.720s]   /opt/ros/humble/share/ament_cmake/cmake/ament_cmake_export_dependencies-extras.cmake:21 (find_package)
[0.720s]   /opt/ros/humble/share/ament_cmake/cmake/ament_cmakeConfig.cmake:41 (include)
[0.720s]   CMakeLists.txt:33 (find_package)
[0.721s] This warning is for project developers.  Use -Wno-dev to suppress it.
[0.721s] [0m
[0.723s] -- Found rclcpp: 16.0.8 (/opt/ros/humble/share/rclcpp/cmake)
[0.840s] -- Found rosidl_generator_c: 3.1.5 (/opt/ros/humble/share/rosidl_generator_c/cmake)
[0.851s] -- Found rosidl_adapter: 3.1.5 (/opt/ros/humble/share/rosidl_adapter/cmake)
[0.876s] -- Found rosidl_generator_cpp: 3.1.5 (/opt/ros/humble/share/rosidl_generator_cpp/cmake)
[0.994s] -- Using all available rosidl_typesupport_c: rosidl_typesupport_fastrtps_c;rosidl_typesupport_introspection_c
[1.037s] -- Using all available rosidl_typesupport_cpp: rosidl_typesupport_fastrtps_cpp;rosidl_typesupport_introspection_cpp
[1.258s] -- Found rmw_implementation_cmake: 6.1.1 (/opt/ros/humble/share/rmw_implementation_cmake/cmake)
[1.264s] -- Found rmw_fastrtps_cpp: 6.2.6 (/opt/ros/humble/share/rmw_fastrtps_cpp/cmake)
[1.662s] -- Using RMW implementation 'rmw_fastrtps_cpp' as default
[2.266s] -- Found ai_msgs: 2.0.1 (/cc_ws/tros_ws/robot_dev_config/../install/share/ai_msgs/cmake)
[3.523s] -- Configuring done
[3.570s] -- Generating done
[3.585s] -- Build files have been written to: /cc_ws/tros_ws/build/hobot_falldown_detection
[3.676s] Invoked command in '/cc_ws/tros_ws/build/hobot_falldown_detection' returned '0': AMENT_PREFIX_PATH=/cc_ws/tros_ws/install:${AMENT_PREFIX_PATH} CMAKE_PREFIX_PATH=/cc_ws/tros_ws/install:/opt/ros/humble LD_LIBRARY_PATH=/cc_ws/tros_ws/install/lib:/opt/ros/humble/opt/rviz_ogre_vendor/lib:/opt/ros/humble/lib/aarch64-linux-gnu:/opt/ros/humble/lib:/cc_ws/userdata/hobot/opt/hobot/deps PYTHONPATH=/cc_ws/tros_ws/install/lib/python3.10/site-packages:/cc_ws/tros_ws/install/local/lib/python3.10/dist-packages:${PYTHONPATH} /usr/bin/cmake /cc_ws/tros_ws/src/box/hobot_perception/hobot_falldown_detection -DCMAKE_EXPORT_COMPILE_COMMANDS=ON --no-warn-unused-cli -DCMAKE_TOOLCHAIN_FILE=/cc_ws/tros_ws/robot_dev_config/aarch64_toolchainfile.cmake -DPLATFORM_X5=ON -DTHIRDPARTY=ON -DBUILD_TESTING=OFF -DCMAKE_BUILD_RPATH=/cc_ws/tros_ws/build/poco_vendor/poco_external_project_install/lib/;/cc_ws/tros_ws/build/libyaml_vendor/libyaml_install/lib/ -DCMAKE_INSTALL_PREFIX=/cc_ws/tros_ws/install
[3.677s] Invoking command in '/cc_ws/tros_ws/build/hobot_falldown_detection': AMENT_PREFIX_PATH=/cc_ws/tros_ws/install:${AMENT_PREFIX_PATH} CMAKE_PREFIX_PATH=/cc_ws/tros_ws/install:/opt/ros/humble LD_LIBRARY_PATH=/cc_ws/tros_ws/install/lib:/opt/ros/humble/opt/rviz_ogre_vendor/lib:/opt/ros/humble/lib/aarch64-linux-gnu:/opt/ros/humble/lib:/cc_ws/userdata/hobot/opt/hobot/deps PYTHONPATH=/cc_ws/tros_ws/install/lib/python3.10/site-packages:/cc_ws/tros_ws/install/local/lib/python3.10/dist-packages:${PYTHONPATH} /usr/bin/cmake --build /cc_ws/tros_ws/build/hobot_falldown_detection -- -j12 -l12
[3.764s] [35m[1mConsolidate compiler generated dependencies of target hobot_falldown_detection[0m
[3.809s] [ 33%] [32m[1mLinking CXX executable hobot_falldown_detection[0m
[4.998s] [100%] Built target hobot_falldown_detection
[5.024s] Invoked command in '/cc_ws/tros_ws/build/hobot_falldown_detection' returned '0': AMENT_PREFIX_PATH=/cc_ws/tros_ws/install:${AMENT_PREFIX_PATH} CMAKE_PREFIX_PATH=/cc_ws/tros_ws/install:/opt/ros/humble LD_LIBRARY_PATH=/cc_ws/tros_ws/install/lib:/opt/ros/humble/opt/rviz_ogre_vendor/lib:/opt/ros/humble/lib/aarch64-linux-gnu:/opt/ros/humble/lib:/cc_ws/userdata/hobot/opt/hobot/deps PYTHONPATH=/cc_ws/tros_ws/install/lib/python3.10/site-packages:/cc_ws/tros_ws/install/local/lib/python3.10/dist-packages:${PYTHONPATH} /usr/bin/cmake --build /cc_ws/tros_ws/build/hobot_falldown_detection -- -j12 -l12
[5.080s] Invoking command in '/cc_ws/tros_ws/build/hobot_falldown_detection': AMENT_PREFIX_PATH=/cc_ws/tros_ws/install:${AMENT_PREFIX_PATH} CMAKE_PREFIX_PATH=/cc_ws/tros_ws/install:/opt/ros/humble LD_LIBRARY_PATH=/cc_ws/tros_ws/install/lib:/opt/ros/humble/opt/rviz_ogre_vendor/lib:/opt/ros/humble/lib/aarch64-linux-gnu:/opt/ros/humble/lib:/cc_ws/userdata/hobot/opt/hobot/deps PYTHONPATH=/cc_ws/tros_ws/install/lib/python3.10/site-packages:/cc_ws/tros_ws/install/local/lib/python3.10/dist-packages:${PYTHONPATH} /usr/bin/cmake --install /cc_ws/tros_ws/build/hobot_falldown_detection
[5.102s] -- Install configuration: ""
[5.103s] -- Installing: /cc_ws/tros_ws/install/lib/hobot_falldown_detection/hobot_falldown_detection
[5.109s] -- Set runtime path of "/cc_ws/tros_ws/install/lib/hobot_falldown_detection/hobot_falldown_detection" to ""
[5.111s] -- Up-to-date: /cc_ws/tros_ws/install/lib/hobot_falldown_detection
[5.114s] -- Up-to-date: /cc_ws/tros_ws/install/share/hobot_falldown_detection/launch
[5.114s] -- Up-to-date: /cc_ws/tros_ws/install/share/hobot_falldown_detection/launch/hobot_falldown_detection.launch.py
[5.114s] -- Up-to-date: /cc_ws/tros_ws/install/share/ament_index/resource_index/package_run_dependencies/hobot_falldown_detection
[5.115s] -- Up-to-date: /cc_ws/tros_ws/install/share/ament_index/resource_index/parent_prefix_path/hobot_falldown_detection
[5.115s] -- Up-to-date: /cc_ws/tros_ws/install/share/hobot_falldown_detection/environment/ament_prefix_path.sh
[5.115s] -- Installing: /cc_ws/tros_ws/install/share/hobot_falldown_detection/environment/ament_prefix_path.dsv
[5.115s] -- Up-to-date: /cc_ws/tros_ws/install/share/hobot_falldown_detection/environment/path.sh
[5.115s] -- Installing: /cc_ws/tros_ws/install/share/hobot_falldown_detection/environment/path.dsv
[5.116s] -- Up-to-date: /cc_ws/tros_ws/install/share/hobot_falldown_detection/local_setup.bash
[5.116s] -- Up-to-date: /cc_ws/tros_ws/install/share/hobot_falldown_detection/local_setup.sh
[5.117s] -- Up-to-date: /cc_ws/tros_ws/install/share/hobot_falldown_detection/local_setup.zsh
[5.117s] -- Installing: /cc_ws/tros_ws/install/share/hobot_falldown_detection/local_setup.dsv
[5.117s] -- Installing: /cc_ws/tros_ws/install/share/hobot_falldown_detection/package.dsv
[5.117s] -- Up-to-date: /cc_ws/tros_ws/install/share/ament_index/resource_index/packages/hobot_falldown_detection
[5.117s] -- Up-to-date: /cc_ws/tros_ws/install/share/hobot_falldown_detection/cmake/hobot_falldown_detectionConfig.cmake
[5.118s] -- Up-to-date: /cc_ws/tros_ws/install/share/hobot_falldown_detection/cmake/hobot_falldown_detectionConfig-version.cmake
[5.118s] -- Up-to-date: /cc_ws/tros_ws/install/share/hobot_falldown_detection/package.xml
[5.118s] Invoked command in '/cc_ws/tros_ws/build/hobot_falldown_detection' returned '0': AMENT_PREFIX_PATH=/cc_ws/tros_ws/install:${AMENT_PREFIX_PATH} CMAKE_PREFIX_PATH=/cc_ws/tros_ws/install:/opt/ros/humble LD_LIBRARY_PATH=/cc_ws/tros_ws/install/lib:/opt/ros/humble/opt/rviz_ogre_vendor/lib:/opt/ros/humble/lib/aarch64-linux-gnu:/opt/ros/humble/lib:/cc_ws/userdata/hobot/opt/hobot/deps PYTHONPATH=/cc_ws/tros_ws/install/lib/python3.10/site-packages:/cc_ws/tros_ws/install/local/lib/python3.10/dist-packages:${PYTHONPATH} /usr/bin/cmake --install /cc_ws/tros_ws/build/hobot_falldown_detection
