[0.043s] Invoking command in '/cc_ws/tros_ws/build/trigger_node': CMAKE_PREFIX_PATH=/opt/ros/humble /usr/bin/cmake /cc_ws/tros_ws/src/box/hobot_trigger/trigger_node -DCMAKE_EXPORT_COMPILE_COMMANDS=ON --no-warn-unused-cli -DCMAKE_TOOLCHAIN_FILE=/cc_ws/tros_ws/robot_dev_config/aarch64_toolchainfile.cmake -DPLATFORM_X5=ON -DTHIRDPARTY=ON -DBUILD_TESTING=OFF -DCMAKE_BUILD_RPATH=/cc_ws/tros_ws/build/poco_vendor/poco_external_project_install/lib/;/cc_ws/tros_ws/build/libyaml_vendor/libyaml_install/lib/ -DCMAKE_INSTALL_PREFIX=/cc_ws/tros_ws/install
[2.361s] Not searching for unused variables given on the command line.
[2.361s] -- The C compiler identification is GNU 11.4.0
[2.361s] -- The CXX compiler identification is GNU 11.4.0
[2.362s] -- Detecting C compiler ABI info
[2.362s] -- Detecting C compiler ABI info - done
[2.362s] -- Check for working C compiler: /usr/bin/aarch64-linux-gnu-gcc - skipped
[2.362s] -- Detecting C compile features
[2.362s] -- Detecting C compile features - done
[2.362s] -- Detecting CXX compiler ABI info
[2.362s] -- Detecting CXX compiler ABI info - done
[2.362s] -- Check for working CXX compiler: /usr/bin/aarch64-linux-gnu-g++ - skipped
[2.362s] -- Detecting CXX compile features
[2.363s] -- Detecting CXX compile features - done
[2.363s] -- Found ament_cmake: 1.3.8 (/opt/ros/humble/share/ament_cmake/cmake)
[2.363s] -- Found Python3: /usr/bin/python3 (found version "3.10.12") found components: Interpreter 
[2.363s] -- Found rclcpp: 16.0.8 (/opt/ros/humble/share/rclcpp/cmake)
[2.363s] -- Found rosidl_generator_c: 3.1.5 (/opt/ros/humble/share/rosidl_generator_c/cmake)
[2.363s] -- Found rosidl_adapter: 3.1.5 (/opt/ros/humble/share/rosidl_adapter/cmake)
[2.363s] -- Found rosidl_generator_cpp: 3.1.5 (/opt/ros/humble/share/rosidl_generator_cpp/cmake)
[2.363s] -- Using all available rosidl_typesupport_c: rosidl_typesupport_fastrtps_c;rosidl_typesupport_introspection_c
[2.364s] -- Using all available rosidl_typesupport_cpp: rosidl_typesupport_fastrtps_cpp;rosidl_typesupport_introspection_cpp
[2.364s] -- Found rmw_implementation_cmake: 6.1.1 (/opt/ros/humble/share/rmw_implementation_cmake/cmake)
[2.364s] -- Found rmw_fastrtps_cpp: 6.2.6 (/opt/ros/humble/share/rmw_fastrtps_cpp/cmake)
[2.364s] -- Found OpenSSL: /cc_ws/tros_ws/robot_dev_config/../../sysroot_docker/usr/lib/aarch64-linux-gnu/libcrypto.so (found version "3.0.2")  
[2.364s] -- Found FastRTPS: /opt/ros/humble/include  
[2.364s] -- Using RMW implementation 'rmw_fastrtps_cpp' as default
[2.364s] -- Looking for pthread.h
[2.364s] -- Looking for pthread.h - found
[2.364s] -- Performing Test CMAKE_HAVE_LIBC_PTHREAD
[2.365s] -- Performing Test CMAKE_HAVE_LIBC_PTHREAD - Success
[2.365s] -- Found Threads: TRUE  
[2.365s] -- Found rosbag2_cpp: 0.15.9 (/opt/ros/humble/share/rosbag2_cpp/cmake)
[2.373s] [33mCMake Warning (dev) at /opt/ros/humble/share/ament_cmake_test/cmake/ament_cmake_test-extras.cmake:19 (option):
[2.373s]   Policy CMP0077 is not set: option() honors normal variables.  Run "cmake
[2.373s]   --help-policy CMP0077" for policy details.  Use the cmake_policy command to
[2.373s]   set the policy and suppress this warning.
[2.373s] 
[2.373s]   For compatibility with older versions of CMake, option is clearing the
[2.374s]   normal variable 'BUILD_TESTING'.
[2.374s] Call Stack (most recent call first):
[2.374s]   /opt/ros/humble/share/ament_cmake_test/cmake/ament_cmake_testConfig.cmake:41 (include)
[2.374s]   /opt/ros/humble/share/ament_cmake/cmake/ament_cmake_export_dependencies-extras.cmake:21 (find_package)
[2.374s]   /opt/ros/humble/share/ament_cmake/cmake/ament_cmakeConfig.cmake:41 (include)
[2.374s]   CMakeLists.txt:33 (find_package)
[2.374s] This warning is for project developers.  Use -Wno-dev to suppress it.
[2.374s] [0m
[2.374s] [0minvalid platform, build platform X3 default[0m
[2.375s] [0mPREFIX_PATH is x3[0m
[2.375s] [0mSYS_ROOT is /cc_ws/tros_ws/robot_dev_config/../../sysroot_docker[0m
[2.455s] -- Configuring done
[2.496s] -- Generating done
[2.502s] -- Build files have been written to: /cc_ws/tros_ws/build/trigger_node
[2.557s] Invoked command in '/cc_ws/tros_ws/build/trigger_node' returned '0': CMAKE_PREFIX_PATH=/opt/ros/humble /usr/bin/cmake /cc_ws/tros_ws/src/box/hobot_trigger/trigger_node -DCMAKE_EXPORT_COMPILE_COMMANDS=ON --no-warn-unused-cli -DCMAKE_TOOLCHAIN_FILE=/cc_ws/tros_ws/robot_dev_config/aarch64_toolchainfile.cmake -DPLATFORM_X5=ON -DTHIRDPARTY=ON -DBUILD_TESTING=OFF -DCMAKE_BUILD_RPATH=/cc_ws/tros_ws/build/poco_vendor/poco_external_project_install/lib/;/cc_ws/tros_ws/build/libyaml_vendor/libyaml_install/lib/ -DCMAKE_INSTALL_PREFIX=/cc_ws/tros_ws/install
[2.558s] Invoking command in '/cc_ws/tros_ws/build/trigger_node': CMAKE_PREFIX_PATH=/opt/ros/humble /usr/bin/cmake --build /cc_ws/tros_ws/build/trigger_node -- -j12 -l12
[2.838s] [ 50%] [32mBuilding CXX object CMakeFiles/trigger_node.dir/src/trigger_node.cpp.o[0m
[31.492s] [01m[K/cc_ws/tros_ws/src/box/hobot_trigger/trigger_node/src/trigger_node.cpp:[m[K In constructor ‘[01m[Khobot::trigger_node::TriggerNode::TriggerNode(const string&, const rclcpp::NodeOptions&)[m[K’:
[31.492s] [01m[K/cc_ws/tros_ws/src/box/hobot_trigger/trigger_node/src/trigger_node.cpp:103:7:[m[K [01;35m[Kwarning: [m[Kunused variable ‘[01m[Kret[m[K’ [[01;35m[K-Wunused-variable[m[K]
[31.493s]   103 |   int [01;35m[Kret[m[K = LoadConfig();
[31.493s]       |       [01;35m[K^~~[m[K
[61.384s] [100%] [32m[1mLinking CXX shared library libtrigger_node.so[0m
[62.452s] [100%] Built target trigger_node
[62.479s] Invoked command in '/cc_ws/tros_ws/build/trigger_node' returned '0': CMAKE_PREFIX_PATH=/opt/ros/humble /usr/bin/cmake --build /cc_ws/tros_ws/build/trigger_node -- -j12 -l12
[62.627s] Invoking command in '/cc_ws/tros_ws/build/trigger_node': CMAKE_PREFIX_PATH=/opt/ros/humble /usr/bin/cmake --install /cc_ws/tros_ws/build/trigger_node
[64.262s] -- Install configuration: ""
[64.262s] -- Installing: /cc_ws/tros_ws/install/lib/libtrigger_node.so
[64.263s] -- Set runtime path of "/cc_ws/tros_ws/install/lib/libtrigger_node.so" to ""
[64.263s] -- Installing: /cc_ws/tros_ws/install/include/trigger_node/trigger_node.h
[64.263s] -- Up-to-date: /cc_ws/tros_ws/install/lib/libtrigger_node.so
[64.264s] -- Installing: /cc_ws/tros_ws/install/share/trigger_node/environment/library_path.sh
[64.264s] -- Installing: /cc_ws/tros_ws/install/share/trigger_node/environment/library_path.dsv
[64.265s] -- Installing: /cc_ws/tros_ws/install/share/ament_index/resource_index/package_run_dependencies/trigger_node
[64.265s] -- Installing: /cc_ws/tros_ws/install/share/ament_index/resource_index/parent_prefix_path/trigger_node
[64.265s] -- Installing: /cc_ws/tros_ws/install/share/trigger_node/environment/ament_prefix_path.sh
[64.265s] -- Installing: /cc_ws/tros_ws/install/share/trigger_node/environment/ament_prefix_path.dsv
[64.266s] -- Installing: /cc_ws/tros_ws/install/share/trigger_node/environment/path.sh
[64.266s] -- Installing: /cc_ws/tros_ws/install/share/trigger_node/environment/path.dsv
[64.266s] -- Installing: /cc_ws/tros_ws/install/share/trigger_node/local_setup.bash
[64.266s] -- Installing: /cc_ws/tros_ws/install/share/trigger_node/local_setup.sh
[64.267s] -- Installing: /cc_ws/tros_ws/install/share/trigger_node/local_setup.zsh
[64.267s] -- Installing: /cc_ws/tros_ws/install/share/trigger_node/local_setup.dsv
[64.267s] -- Installing: /cc_ws/tros_ws/install/share/trigger_node/package.dsv
[64.267s] -- Installing: /cc_ws/tros_ws/install/share/ament_index/resource_index/packages/trigger_node
[64.268s] -- Installing: /cc_ws/tros_ws/install/share/trigger_node/cmake/trigger_nodeExport.cmake
[64.268s] -- Installing: /cc_ws/tros_ws/install/share/trigger_node/cmake/trigger_nodeExport-noconfig.cmake
[64.268s] -- Installing: /cc_ws/tros_ws/install/share/trigger_node/cmake/ament_cmake_export_include_directories-extras.cmake
[64.268s] -- Installing: /cc_ws/tros_ws/install/share/trigger_node/cmake/ament_cmake_export_libraries-extras.cmake
[64.269s] -- Installing: /cc_ws/tros_ws/install/share/trigger_node/cmake/ament_cmake_export_targets-extras.cmake
[64.269s] -- Installing: /cc_ws/tros_ws/install/share/trigger_node/cmake/trigger_nodeConfig.cmake
[64.269s] -- Installing: /cc_ws/tros_ws/install/share/trigger_node/cmake/trigger_nodeConfig-version.cmake
[64.269s] -- Installing: /cc_ws/tros_ws/install/share/trigger_node/package.xml
[64.308s] Invoked command in '/cc_ws/tros_ws/build/trigger_node' returned '0': CMAKE_PREFIX_PATH=/opt/ros/humble /usr/bin/cmake --install /cc_ws/tros_ws/build/trigger_node
