[0.061s] Invoking command in '/cc_ws/tros_ws/build/mipi_cam': AMENT_PREFIX_PATH=/cc_ws/tros_ws/install:${AMENT_PREFIX_PATH} CMAKE_PREFIX_PATH=/cc_ws/tros_ws/install:/opt/ros/humble LD_LIBRARY_PATH=/cc_ws/tros_ws/install/lib:/opt/ros/humble/opt/rviz_ogre_vendor/lib:/opt/ros/humble/lib/aarch64-linux-gnu:/opt/ros/humble/lib:/cc_ws/userdata/hobot/opt/hobot/deps PYTHONPATH=/cc_ws/tros_ws/install/local/lib/python3.10/dist-packages:${PYTHONPATH} /usr/bin/cmake /cc_ws/tros_ws/src/box/hobot_sensor/hobot_mipi_cam -DCMAKE_EXPORT_COMPILE_COMMANDS=ON --no-warn-unused-cli -DCMAKE_TOOLCHAIN_FILE=/cc_ws/tros_ws/robot_dev_config/aarch64_toolchainfile.cmake -DPLATFORM_X5=ON -DTHIRDPARTY=ON -DBUILD_TESTING=OFF -DCMAKE_BUILD_RPATH=/cc_ws/tros_ws/build/poco_vendor/poco_external_project_install/lib/;/cc_ws/tros_ws/build/libyaml_vendor/libyaml_install/lib/ -DCMAKE_INSTALL_PREFIX=/cc_ws/tros_ws/install
[6.913s] Not searching for unused variables given on the command line.
[6.913s] -- The C compiler identification is GNU 11.4.0
[6.914s] -- The CXX compiler identification is GNU 11.4.0
[6.914s] -- Detecting C compiler ABI info
[6.914s] -- Detecting C compiler ABI info - done
[6.914s] -- Check for working C compiler: /usr/bin/aarch64-linux-gnu-gcc - skipped
[6.914s] -- Detecting C compile features
[6.915s] -- Detecting C compile features - done
[6.915s] -- Detecting CXX compiler ABI info
[6.915s] -- Detecting CXX compiler ABI info - done
[6.915s] -- Check for working CXX compiler: /usr/bin/aarch64-linux-gnu-g++ - skipped
[6.915s] -- Detecting CXX compile features
[6.915s] -- Detecting CXX compile features - done
[6.916s] -- Found OpenCV: /cc_ws/sysroot_docker/usr_x5 (found version "4.5.4") 
[6.916s] -- Found ament_cmake_auto: 1.3.8 (/opt/ros/humble/share/ament_cmake_auto/cmake)
[6.916s] -- Found Python3: /usr/bin/python3 (found version "3.10.12") found components: Interpreter 
[6.916s] -- Found rosidl_generator_c: 3.1.5 (/opt/ros/humble/share/rosidl_generator_c/cmake)
[6.916s] -- Found rosidl_adapter: 3.1.5 (/opt/ros/humble/share/rosidl_adapter/cmake)
[6.919s] -- Found rosidl_generator_cpp: 3.1.5 (/opt/ros/humble/share/rosidl_generator_cpp/cmake)
[6.919s] -- Using all available rosidl_typesupport_c: rosidl_typesupport_fastrtps_c;rosidl_typesupport_introspection_c
[6.919s] -- Using all available rosidl_typesupport_cpp: rosidl_typesupport_fastrtps_cpp;rosidl_typesupport_introspection_cpp
[6.919s] -- Found rmw_implementation_cmake: 6.1.1 (/opt/ros/humble/share/rmw_implementation_cmake/cmake)
[6.919s] -- Found rmw_fastrtps_cpp: 6.2.6 (/opt/ros/humble/share/rmw_fastrtps_cpp/cmake)
[6.920s] -- Found OpenSSL: /cc_ws/tros_ws/robot_dev_config/../../sysroot_docker/usr/lib/aarch64-linux-gnu/libcrypto.so (found version "3.0.2")  
[6.924s] -- Found FastRTPS: /opt/ros/humble/include  
[6.924s] -- Using RMW implementation 'rmw_fastrtps_cpp' as default
[6.924s] -- Looking for pthread.h
[6.924s] -- Looking for pthread.h - found
[6.924s] -- Performing Test CMAKE_HAVE_LIBC_PTHREAD
[6.925s] -- Performing Test CMAKE_HAVE_LIBC_PTHREAD - Success
[6.925s] -- Found Threads: TRUE  
[6.925s] -- Found OpenCV: /cc_ws/sysroot_docker/usr_x5 (found suitable version "4.5.4", minimum required is "4") 
[6.925s] -- Configuring done
[6.925s] -- Generating done
[6.926s] -- Build files have been written to: /cc_ws/tros_ws/build/mipi_cam
[6.926s] [0mbuild platform X5[0m
[6.926s] [0mPREFIX_PATH: x5[0m
[6.991s] Invoked command in '/cc_ws/tros_ws/build/mipi_cam' returned '0': AMENT_PREFIX_PATH=/cc_ws/tros_ws/install:${AMENT_PREFIX_PATH} CMAKE_PREFIX_PATH=/cc_ws/tros_ws/install:/opt/ros/humble LD_LIBRARY_PATH=/cc_ws/tros_ws/install/lib:/opt/ros/humble/opt/rviz_ogre_vendor/lib:/opt/ros/humble/lib/aarch64-linux-gnu:/opt/ros/humble/lib:/cc_ws/userdata/hobot/opt/hobot/deps PYTHONPATH=/cc_ws/tros_ws/install/local/lib/python3.10/dist-packages:${PYTHONPATH} /usr/bin/cmake /cc_ws/tros_ws/src/box/hobot_sensor/hobot_mipi_cam -DCMAKE_EXPORT_COMPILE_COMMANDS=ON --no-warn-unused-cli -DCMAKE_TOOLCHAIN_FILE=/cc_ws/tros_ws/robot_dev_config/aarch64_toolchainfile.cmake -DPLATFORM_X5=ON -DTHIRDPARTY=ON -DBUILD_TESTING=OFF -DCMAKE_BUILD_RPATH=/cc_ws/tros_ws/build/poco_vendor/poco_external_project_install/lib/;/cc_ws/tros_ws/build/libyaml_vendor/libyaml_install/lib/ -DCMAKE_INSTALL_PREFIX=/cc_ws/tros_ws/install
[6.992s] Invoking command in '/cc_ws/tros_ws/build/mipi_cam': AMENT_PREFIX_PATH=/cc_ws/tros_ws/install:${AMENT_PREFIX_PATH} CMAKE_PREFIX_PATH=/cc_ws/tros_ws/install:/opt/ros/humble LD_LIBRARY_PATH=/cc_ws/tros_ws/install/lib:/opt/ros/humble/opt/rviz_ogre_vendor/lib:/opt/ros/humble/lib/aarch64-linux-gnu:/opt/ros/humble/lib:/cc_ws/userdata/hobot/opt/hobot/deps PYTHONPATH=/cc_ws/tros_ws/install/local/lib/python3.10/dist-packages:${PYTHONPATH} /usr/bin/cmake --build /cc_ws/tros_ws/build/mipi_cam -- -j12 -l12
[80.034s] [  6%] [32mBuilding CXX object CMakeFiles/mipi_cam_plugin.dir/src/camera.cpp.o[0m
[80.034s] [ 13%] [32mBuilding C object CMakeFiles/mipi_cam_plugin.dir/src/x5/sensor/vp_sensors.c.o[0m
[80.035s] [ 20%] [32mBuilding C object CMakeFiles/mipi_cam_plugin.dir/src/x5/sensor/imx415_linear_3840x2160_raw10_30fps_2lane.c.o[0m
[80.035s] [ 26%] [32mBuilding C object CMakeFiles/mipi_cam_plugin.dir/src/x5/sensor/imx477_linear_1920x1080_raw12_50fps_2lane.c.o[0m
[80.035s] [ 33%] [32mBuilding C object CMakeFiles/mipi_cam_plugin.dir/src/x5/sensor/imx219_linear_1920x1080_raw10_30fps_2lane.c.o[0m
[80.035s] [ 40%] [32mBuilding C object CMakeFiles/mipi_cam_plugin.dir/src/x5/sensor/sc230ai_linear_1920x1080_raw10_30fps_1lane.c.o[0m
[80.035s] [ 46%] [32mBuilding C object CMakeFiles/mipi_cam_plugin.dir/src/x5/sensor/sc132gs_linear_1088x1280_raw10_30fps_1lane.c.o[0m
[80.036s] [ 53%] [32mBuilding C object CMakeFiles/mipi_cam_plugin.dir/src/x5/sensor/ov5647_linear_1920x1080_raw10_30fps_2lane.c.o[0m
[80.036s] [ 60%] [32mBuilding CXX object CMakeFiles/mipi_cam_plugin.dir/src/x5/hobot_mipi_factory.cpp.o[0m
[80.036s] [ 66%] [32mBuilding CXX object CMakeFiles/mipi_cam_plugin.dir/src/x5/hobot_mipi_cap_iml.cpp.o[0m
[96.531s] [ 73%] [32mBuilding CXX object CMakeFiles/mipi_cam_plugin.dir/src/hobot_mipi_cam.cpp.o[0m
[126.431s] [ 80%] [32mBuilding CXX object CMakeFiles/mipi_cam_plugin.dir/src/hobot_mipi_node.cpp.o[0m
[162.557s] [ 86%] [32m[1mLinking CXX shared library libmipi_cam_plugin.so[0m
[163.228s] [ 86%] Built target mipi_cam_plugin
[163.274s] [ 93%] [32mBuilding CXX object CMakeFiles/mipi_cam.dir/rclcpp_components/node_main_mipi_cam.cpp.o[0m
[176.173s] [100%] [32m[1mLinking CXX executable mipi_cam[0m
[176.523s] [100%] Built target mipi_cam
[176.540s] Invoked command in '/cc_ws/tros_ws/build/mipi_cam' returned '0': AMENT_PREFIX_PATH=/cc_ws/tros_ws/install:${AMENT_PREFIX_PATH} CMAKE_PREFIX_PATH=/cc_ws/tros_ws/install:/opt/ros/humble LD_LIBRARY_PATH=/cc_ws/tros_ws/install/lib:/opt/ros/humble/opt/rviz_ogre_vendor/lib:/opt/ros/humble/lib/aarch64-linux-gnu:/opt/ros/humble/lib:/cc_ws/userdata/hobot/opt/hobot/deps PYTHONPATH=/cc_ws/tros_ws/install/local/lib/python3.10/dist-packages:${PYTHONPATH} /usr/bin/cmake --build /cc_ws/tros_ws/build/mipi_cam -- -j12 -l12
[176.728s] Invoking command in '/cc_ws/tros_ws/build/mipi_cam': AMENT_PREFIX_PATH=/cc_ws/tros_ws/install:${AMENT_PREFIX_PATH} CMAKE_PREFIX_PATH=/cc_ws/tros_ws/install:/opt/ros/humble LD_LIBRARY_PATH=/cc_ws/tros_ws/install/lib:/opt/ros/humble/opt/rviz_ogre_vendor/lib:/opt/ros/humble/lib/aarch64-linux-gnu:/opt/ros/humble/lib:/cc_ws/userdata/hobot/opt/hobot/deps PYTHONPATH=/cc_ws/tros_ws/install/local/lib/python3.10/dist-packages:${PYTHONPATH} /usr/bin/cmake --install /cc_ws/tros_ws/build/mipi_cam
[252.693s] -- Install configuration: "Release"
[252.694s] -- Installing: /cc_ws/tros_ws/install/lib/mipi_cam/mipi_cam
[252.696s] -- Set runtime path of "/cc_ws/tros_ws/install/lib/mipi_cam/mipi_cam" to ""
[252.696s] -- Up-to-date: /cc_ws/tros_ws/install/lib/mipi_cam/mipi_cam
[252.696s] -- Installing: /cc_ws/tros_ws/install/lib/libmipi_cam_plugin.so
[252.697s] -- Set runtime path of "/cc_ws/tros_ws/install/lib/libmipi_cam_plugin.so" to ""
[252.697s] -- Installing: /cc_ws/tros_ws/install/lib/mipi_cam/config/
[252.697s] -- Installing: /cc_ws/tros_ws/install/lib/mipi_cam/config//SC230ai_dual_calibration.yaml
[252.697s] -- Installing: /cc_ws/tros_ws/install/lib/mipi_cam/config//sc132gs_calibration.yaml
[252.698s] -- Installing: /cc_ws/tros_ws/install/lib/mipi_cam/config//GC4663_calibration.yaml
[252.699s] -- Installing: /cc_ws/tros_ws/install/lib/mipi_cam/config//sc132gs_calibration_90.yaml
[252.704s] -- Installing: /cc_ws/tros_ws/install/lib/mipi_cam/config//SC132gs_dual_calibration.yaml
[252.704s] -- Installing: /cc_ws/tros_ws/install/lib/mipi_cam/config//F37_calibration.yaml
[252.704s] -- Installing: /cc_ws/tros_ws/install/share/mipi_cam//launch
[252.705s] -- Installing: /cc_ws/tros_ws/install/share/mipi_cam//launch/mipi_cam.launch.py
[252.705s] -- Installing: /cc_ws/tros_ws/install/share/mipi_cam//launch/mipi_cam_topic_remap.launch.py
[252.705s] -- Installing: /cc_ws/tros_ws/install/share/mipi_cam//launch/mipi_cam_websocket.launch.py
[252.705s] -- Installing: /cc_ws/tros_ws/install/share/mipi_cam//launch/mipi_cam_dual_channel.launch.py
[252.706s] -- Installing: /cc_ws/tros_ws/install/share/mipi_cam//launch/mipi_cam_1920x1080_bgr8.launch.py
[252.706s] -- Installing: /cc_ws/tros_ws/install/share/mipi_cam//launch/mipi_cam_dual_channel_websocket.launch.py
[252.706s] -- Installing: /cc_ws/tros_ws/install/share/mipi_cam//launch/mipi_cam_640x480_bgr8_hbmem.launch.py
[252.706s] -- Installing: /cc_ws/tros_ws/install/share/mipi_cam//launch/mipi_cam_640x480_bgr8.launch.py
[252.707s] -- Installing: /cc_ws/tros_ws/install/share/mipi_cam//launch/mipi_cam_640x480_nv12_hbmem.launch.py
[252.707s] -- Installing: /cc_ws/tros_ws/install/share/mipi_cam//launch/mipi_cam_1920x1080_nv12_hbmem.launch.py
[252.708s] -- Installing: /cc_ws/tros_ws/install/share/mipi_cam//launch/mipi_cam_1920x1080_bgr8_hbmem.launch.py
[252.711s] -- Installing: /cc_ws/tros_ws/install/share/ament_index/resource_index/package_run_dependencies/mipi_cam
[252.712s] -- Installing: /cc_ws/tros_ws/install/share/ament_index/resource_index/parent_prefix_path/mipi_cam
[252.715s] -- Installing: /cc_ws/tros_ws/install/share/mipi_cam/environment/ament_prefix_path.sh
[252.715s] -- Installing: /cc_ws/tros_ws/install/share/mipi_cam/environment/ament_prefix_path.dsv
[252.720s] -- Installing: /cc_ws/tros_ws/install/share/mipi_cam/environment/path.sh
[252.720s] -- Installing: /cc_ws/tros_ws/install/share/mipi_cam/environment/path.dsv
[252.721s] -- Installing: /cc_ws/tros_ws/install/share/mipi_cam/local_setup.bash
[252.721s] -- Installing: /cc_ws/tros_ws/install/share/mipi_cam/local_setup.sh
[252.721s] -- Installing: /cc_ws/tros_ws/install/share/mipi_cam/local_setup.zsh
[252.721s] -- Installing: /cc_ws/tros_ws/install/share/mipi_cam/local_setup.dsv
[252.722s] -- Installing: /cc_ws/tros_ws/install/share/mipi_cam/package.dsv
[252.722s] -- Installing: /cc_ws/tros_ws/install/share/ament_index/resource_index/packages/mipi_cam
[252.722s] -- Installing: /cc_ws/tros_ws/install/share/ament_index/resource_index/rclcpp_components/mipi_cam
[252.722s] -- Installing: /cc_ws/tros_ws/install/share/mipi_cam/cmake/mipi_camConfig.cmake
[252.722s] -- Installing: /cc_ws/tros_ws/install/share/mipi_cam/cmake/mipi_camConfig-version.cmake
[252.723s] -- Installing: /cc_ws/tros_ws/install/share/mipi_cam/package.xml
[252.835s] Invoked command in '/cc_ws/tros_ws/build/mipi_cam' returned '0': AMENT_PREFIX_PATH=/cc_ws/tros_ws/install:${AMENT_PREFIX_PATH} CMAKE_PREFIX_PATH=/cc_ws/tros_ws/install:/opt/ros/humble LD_LIBRARY_PATH=/cc_ws/tros_ws/install/lib:/opt/ros/humble/opt/rviz_ogre_vendor/lib:/opt/ros/humble/lib/aarch64-linux-gnu:/opt/ros/humble/lib:/cc_ws/userdata/hobot/opt/hobot/deps PYTHONPATH=/cc_ws/tros_ws/install/local/lib/python3.10/dist-packages:${PYTHONPATH} /usr/bin/cmake --install /cc_ws/tros_ws/build/mipi_cam
