[0.048s] Invoking command in '/cc_ws/tros_ws/build/tros': AMENT_PREFIX_PATH=/cc_ws/tros_ws/install:${AMENT_PREFIX_PATH} CMAKE_PREFIX_PATH=/cc_ws/tros_ws/install:/opt/ros/humble /usr/bin/cmake /cc_ws/tros_ws/tros_arm_build/packages/tros -DCMAKE_EXPORT_COMPILE_COMMANDS=ON --no-warn-unused-cli -DCMAKE_TOOLCHAIN_FILE=/cc_ws/tros_ws/robot_dev_config/aarch64_toolchainfile.cmake -DPLATFORM_X5=ON -DTHIRDPARTY=ON -DBUILD_TESTING=OFF -DCMAKE_BUILD_RPATH=/cc_ws/tros_ws/build/poco_vendor/poco_external_project_install/lib/;/cc_ws/tros_ws/build/libyaml_vendor/libyaml_install/lib/ -DCMAKE_INSTALL_PREFIX=/cc_ws/tros_ws/install
[70.381s] Not searching for unused variables given on the command line.
[70.382s] -- The C compiler identification is GNU 11.4.0
[70.382s] -- The CXX compiler identification is GNU 11.4.0
[70.382s] -- Detecting C compiler ABI info
[70.382s] -- Detecting C compiler ABI info - done
[70.382s] -- Check for working C compiler: /usr/bin/aarch64-linux-gnu-gcc - skipped
[70.383s] -- Detecting C compile features
[70.383s] -- Detecting C compile features - done
[70.383s] -- Detecting CXX compiler ABI info
[70.383s] -- Detecting CXX compiler ABI info - done
[70.384s] -- Check for working CXX compiler: /usr/bin/aarch64-linux-gnu-g++ - skipped
[70.384s] -- Detecting CXX compile features
[70.384s] -- Detecting CXX compile features - done
[70.384s] -- Found ament_cmake: 1.3.8 (/opt/ros/humble/share/ament_cmake/cmake)
[70.384s] -- Found Python3: /usr/bin/python3 (found version "3.10.12") found components: Interpreter 
[70.385s] -- Configuring done
[70.388s] -- Generating done
[70.388s] -- Build files have been written to: /cc_ws/tros_ws/build/tros
[70.388s] [33mCMake Warning (dev) at /opt/ros/humble/share/ament_cmake_test/cmake/ament_cmake_test-extras.cmake:19 (option):
[70.388s]   Policy CMP0077 is not set: option() honors normal variables.  Run "cmake
[70.388s]   --help-policy CMP0077" for policy details.  Use the cmake_policy command to
[70.389s]   set the policy and suppress this warning.
[70.389s] 
[70.389s]   For compatibility with older versions of CMake, option is clearing the
[70.389s]   normal variable 'BUILD_TESTING'.
[70.390s] Call Stack (most recent call first):
[70.390s]   /opt/ros/humble/share/ament_cmake_test/cmake/ament_cmake_testConfig.cmake:41 (include)
[70.390s]   /opt/ros/humble/share/ament_cmake/cmake/ament_cmake_export_dependencies-extras.cmake:21 (find_package)
[70.390s]   /opt/ros/humble/share/ament_cmake/cmake/ament_cmakeConfig.cmake:41 (include)
[70.390s]   CMakeLists.txt:4 (find_package)
[70.391s] This warning is for project developers.  Use -Wno-dev to suppress it.
[70.391s] [0m
[70.431s] Invoked command in '/cc_ws/tros_ws/build/tros' returned '0': AMENT_PREFIX_PATH=/cc_ws/tros_ws/install:${AMENT_PREFIX_PATH} CMAKE_PREFIX_PATH=/cc_ws/tros_ws/install:/opt/ros/humble /usr/bin/cmake /cc_ws/tros_ws/tros_arm_build/packages/tros -DCMAKE_EXPORT_COMPILE_COMMANDS=ON --no-warn-unused-cli -DCMAKE_TOOLCHAIN_FILE=/cc_ws/tros_ws/robot_dev_config/aarch64_toolchainfile.cmake -DPLATFORM_X5=ON -DTHIRDPARTY=ON -DBUILD_TESTING=OFF -DCMAKE_BUILD_RPATH=/cc_ws/tros_ws/build/poco_vendor/poco_external_project_install/lib/;/cc_ws/tros_ws/build/libyaml_vendor/libyaml_install/lib/ -DCMAKE_INSTALL_PREFIX=/cc_ws/tros_ws/install
[70.432s] Invoking command in '/cc_ws/tros_ws/build/tros': AMENT_PREFIX_PATH=/cc_ws/tros_ws/install:${AMENT_PREFIX_PATH} CMAKE_PREFIX_PATH=/cc_ws/tros_ws/install:/opt/ros/humble /usr/bin/cmake --build /cc_ws/tros_ws/build/tros -- -j12 -l12
[70.524s] Invoked command in '/cc_ws/tros_ws/build/tros' returned '0': AMENT_PREFIX_PATH=/cc_ws/tros_ws/install:${AMENT_PREFIX_PATH} CMAKE_PREFIX_PATH=/cc_ws/tros_ws/install:/opt/ros/humble /usr/bin/cmake --build /cc_ws/tros_ws/build/tros -- -j12 -l12
[70.619s] Invoking command in '/cc_ws/tros_ws/build/tros': AMENT_PREFIX_PATH=/cc_ws/tros_ws/install:${AMENT_PREFIX_PATH} CMAKE_PREFIX_PATH=/cc_ws/tros_ws/install:/opt/ros/humble /usr/bin/cmake --install /cc_ws/tros_ws/build/tros
[70.676s] -- Install configuration: ""
[70.677s] -- Installing: /cc_ws/tros_ws/install/share/ament_index/resource_index/package_run_dependencies/tros
[70.677s] -- Installing: /cc_ws/tros_ws/install/share/ament_index/resource_index/parent_prefix_path/tros
[70.677s] -- Installing: /cc_ws/tros_ws/install/share/tros/environment/ament_prefix_path.sh
[70.677s] -- Installing: /cc_ws/tros_ws/install/share/tros/environment/ament_prefix_path.dsv
[70.678s] -- Installing: /cc_ws/tros_ws/install/share/tros/environment/path.sh
[70.678s] -- Installing: /cc_ws/tros_ws/install/share/tros/environment/path.dsv
[70.678s] -- Installing: /cc_ws/tros_ws/install/share/tros/local_setup.bash
[70.678s] -- Installing: /cc_ws/tros_ws/install/share/tros/local_setup.sh
[70.679s] -- Installing: /cc_ws/tros_ws/install/share/tros/local_setup.zsh
[70.679s] -- Installing: /cc_ws/tros_ws/install/share/tros/local_setup.dsv
[70.679s] -- Installing: /cc_ws/tros_ws/install/share/tros/package.dsv
[70.679s] -- Installing: /cc_ws/tros_ws/install/share/ament_index/resource_index/packages/tros
[70.680s] -- Installing: /cc_ws/tros_ws/install/share/tros/cmake/trosConfig.cmake
[70.680s] -- Installing: /cc_ws/tros_ws/install/share/tros/cmake/trosConfig-version.cmake
[70.680s] -- Installing: /cc_ws/tros_ws/install/share/tros/package.xml
[70.873s] Invoked command in '/cc_ws/tros_ws/build/tros' returned '0': AMENT_PREFIX_PATH=/cc_ws/tros_ws/install:${AMENT_PREFIX_PATH} CMAKE_PREFIX_PATH=/cc_ws/tros_ws/install:/opt/ros/humble /usr/bin/cmake --install /cc_ws/tros_ws/build/tros
