[2.148s] Invoking command in '/cc_ws/tros_ws/src/box/hobot_clip/clip_encode_text': AMENT_PREFIX_PATH=/cc_ws/tros_ws/install:${AMENT_PREFIX_PATH} CMAKE_PREFIX_PATH=/cc_ws/tros_ws/install LD_LIBRARY_PATH=/cc_ws/tros_ws/install/lib:/opt/ros/humble/opt/rviz_ogre_vendor/lib:/opt/ros/humble/lib/aarch64-linux-gnu:/opt/ros/humble/lib:/cc_ws/userdata/hobot/opt/hobot/deps PYTHONPATH=/cc_ws/tros_ws/build/clip_encode_text/prefix_override:/cc_ws/tros_ws/install/lib/python3.10/site-packages:/cc_ws/tros_ws/install/local/lib/python3.10/dist-packages:/cc_ws/tros_ws/install/lib/python3.10/site-packages:${PYTHONPATH} /usr/bin/python3 -W ignore:setup.py install is deprecated setup.py egg_info --egg-base ../../../../build/clip_encode_text build --build-base /cc_ws/tros_ws/build/clip_encode_text/build install --record /cc_ws/tros_ws/build/clip_encode_text/install.log --single-version-externally-managed install_data
[2.782s] running egg_info
[2.788s] writing ../../../../build/clip_encode_text/clip_encode_text.egg-info/PKG-INFO
[2.789s] writing dependency_links to ../../../../build/clip_encode_text/clip_encode_text.egg-info/dependency_links.txt
[2.789s] writing entry points to ../../../../build/clip_encode_text/clip_encode_text.egg-info/entry_points.txt
[2.789s] writing requirements to ../../../../build/clip_encode_text/clip_encode_text.egg-info/requires.txt
[2.789s] writing top-level names to ../../../../build/clip_encode_text/clip_encode_text.egg-info/top_level.txt
[2.789s] reading manifest file '../../../../build/clip_encode_text/clip_encode_text.egg-info/SOURCES.txt'
[2.791s] writing manifest file '../../../../build/clip_encode_text/clip_encode_text.egg-info/SOURCES.txt'
[2.791s] running build
[2.792s] running build_py
[2.792s] running install
[2.793s] running install_lib
[2.796s] running install_data
[2.796s] running install_egg_info
[2.801s] removing '/cc_ws/tros_ws/install/lib/python3.10/site-packages/clip_encode_text-0.0.0-py3.10.egg-info' (and everything under it)
[2.802s] Copying ../../../../build/clip_encode_text/clip_encode_text.egg-info to /cc_ws/tros_ws/install/lib/python3.10/site-packages/clip_encode_text-0.0.0-py3.10.egg-info
[2.804s] running install_scripts
[2.850s] Installing clip_encode_text_node script to /cc_ws/tros_ws/install/lib/clip_encode_text
[2.852s] writing list of installed files to '/cc_ws/tros_ws/build/clip_encode_text/install.log'
[2.947s] Invoked command in '/cc_ws/tros_ws/src/box/hobot_clip/clip_encode_text' returned '0': AMENT_PREFIX_PATH=/cc_ws/tros_ws/install:${AMENT_PREFIX_PATH} CMAKE_PREFIX_PATH=/cc_ws/tros_ws/install LD_LIBRARY_PATH=/cc_ws/tros_ws/install/lib:/opt/ros/humble/opt/rviz_ogre_vendor/lib:/opt/ros/humble/lib/aarch64-linux-gnu:/opt/ros/humble/lib:/cc_ws/userdata/hobot/opt/hobot/deps PYTHONPATH=/cc_ws/tros_ws/build/clip_encode_text/prefix_override:/cc_ws/tros_ws/install/lib/python3.10/site-packages:/cc_ws/tros_ws/install/local/lib/python3.10/dist-packages:/cc_ws/tros_ws/install/lib/python3.10/site-packages:${PYTHONPATH} /usr/bin/python3 -W ignore:setup.py install is deprecated setup.py egg_info --egg-base ../../../../build/clip_encode_text build --build-base /cc_ws/tros_ws/build/clip_encode_text/build install --record /cc_ws/tros_ws/build/clip_encode_text/install.log --single-version-externally-managed install_data
