[0.065s] Invoking command in '/cc_ws/tros_ws/build/audio_msg': CMAKE_PREFIX_PATH=/opt/ros/humble /usr/bin/cmake /cc_ws/tros_ws/src/box/hobot_msgs/audio_msg -DCMAKE_EXPORT_COMPILE_COMMANDS=ON --no-warn-unused-cli -DCMAKE_TOOLCHAIN_FILE=/cc_ws/tros_ws/robot_dev_config/aarch64_toolchainfile.cmake -DPLATFORM_X5=ON -DTHIRDPARTY=ON -DBUILD_TESTING=OFF -DCMAKE_BUILD_RPATH=/cc_ws/tros_ws/build/poco_vendor/poco_external_project_install/lib/;/cc_ws/tros_ws/build/libyaml_vendor/libyaml_install/lib/ -DCMAKE_INSTALL_PREFIX=/cc_ws/tros_ws/install
[1.221s] Not searching for unused variables given on the command line.
[1.222s] -- Found ament_cmake: 1.3.8 (/opt/ros/humble/share/ament_cmake/cmake)
[1.222s] -- Found std_msgs: 4.2.3 (/opt/ros/humble/share/std_msgs/cmake)
[1.222s] -- Found rosidl_generator_c: 3.1.5 (/opt/ros/humble/share/rosidl_generator_c/cmake)
[1.222s] -- Found rosidl_adapter: 3.1.5 (/opt/ros/humble/share/rosidl_adapter/cmake)
[1.222s] -- Found rosidl_generator_cpp: 3.1.5 (/opt/ros/humble/share/rosidl_generator_cpp/cmake)
[1.222s] -- Using all available rosidl_typesupport_c: rosidl_typesupport_fastrtps_c;rosidl_typesupport_introspection_c
[1.222s] -- Using all available rosidl_typesupport_cpp: rosidl_typesupport_fastrtps_cpp;rosidl_typesupport_introspection_cpp
[1.222s] -- Found geometry_msgs: 4.2.3 (/opt/ros/humble/share/geometry_msgs/cmake)
[1.222s] -- Found rosidl_default_generators: 1.2.0 (/opt/ros/humble/share/rosidl_default_generators/cmake)
[1.223s] -- Found ament_cmake_ros: 0.10.0 (/opt/ros/humble/share/ament_cmake_ros/cmake)
[1.225s] [33mCMake Warning (dev) at /opt/ros/humble/share/ament_cmake_test/cmake/ament_cmake_test-extras.cmake:19 (option):
[1.225s]   Policy CMP0077 is not set: option() honors normal variables.  Run "cmake
[1.225s]   --help-policy CMP0077" for policy details.  Use the cmake_policy command to
[1.225s]   set the policy and suppress this warning.
[1.225s] 
[1.226s]   For compatibility with older versions of CMake, option is clearing the
[1.226s]   normal variable 'BUILD_TESTING'.
[1.226s] Call Stack (most recent call first):
[1.226s]   /opt/ros/humble/share/ament_cmake_test/cmake/ament_cmake_testConfig.cmake:41 (include)
[1.226s]   /opt/ros/humble/share/ament_cmake/cmake/ament_cmake_export_dependencies-extras.cmake:21 (find_package)
[1.226s]   /opt/ros/humble/share/ament_cmake/cmake/ament_cmakeConfig.cmake:41 (include)
[1.226s]   CMakeLists.txt:33 (find_package)
[1.226s] This warning is for project developers.  Use -Wno-dev to suppress it.
[1.226s] [0m
[1.888s] -- Using all available rosidl_typesupport_c: rosidl_typesupport_fastrtps_c;rosidl_typesupport_introspection_c
[2.365s] -- Using all available rosidl_typesupport_cpp: rosidl_typesupport_fastrtps_cpp;rosidl_typesupport_introspection_cpp
[2.387s] -- Found python_cmake_module: 0.10.0 (/opt/ros/humble/share/python_cmake_module/cmake)
[2.420s] -- Using PYTHON_EXECUTABLE: /usr/bin/python3
[2.421s] -- Using PYTHON_INCLUDE_DIRS: /cc_ws/tros_ws/robot_dev_config/../../sysroot_docker/usr/include/python3.10
[2.421s] -- Using PYTHON_LIBRARIES: /cc_ws/tros_ws/robot_dev_config/../../sysroot_docker/usr/lib/aarch64-linux-gnu/libpython3.10.so
[2.811s] -- Using numpy include directory: /usr/local/lib/python3.10/dist-packages/numpy/core/include
[2.844s] -- Configuring done
[2.936s] -- Generating done
[2.937s] -- Build files have been written to: /cc_ws/tros_ws/build/audio_msg
[3.050s] Invoked command in '/cc_ws/tros_ws/build/audio_msg' returned '0': CMAKE_PREFIX_PATH=/opt/ros/humble /usr/bin/cmake /cc_ws/tros_ws/src/box/hobot_msgs/audio_msg -DCMAKE_EXPORT_COMPILE_COMMANDS=ON --no-warn-unused-cli -DCMAKE_TOOLCHAIN_FILE=/cc_ws/tros_ws/robot_dev_config/aarch64_toolchainfile.cmake -DPLATFORM_X5=ON -DTHIRDPARTY=ON -DBUILD_TESTING=OFF -DCMAKE_BUILD_RPATH=/cc_ws/tros_ws/build/poco_vendor/poco_external_project_install/lib/;/cc_ws/tros_ws/build/libyaml_vendor/libyaml_install/lib/ -DCMAKE_INSTALL_PREFIX=/cc_ws/tros_ws/install
[3.051s] Invoking command in '/cc_ws/tros_ws/build/audio_msg': CMAKE_PREFIX_PATH=/opt/ros/humble /usr/bin/cmake --build /cc_ws/tros_ws/build/audio_msg -- -j12 -l12
[3.151s] [35m[1mConsolidate compiler generated dependencies of target audio_msg__rosidl_generator_c[0m
[3.189s] [  0%] Built target ament_cmake_python_copy_audio_msg
[3.190s] [  1%] Built target audio_msg__cpp
[3.191s] [ 12%] Built target audio_msg__rosidl_generator_c
[3.212s] [35m[1mConsolidate compiler generated dependencies of target audio_msg__rosidl_typesupport_introspection_cpp[0m
[3.218s] [35m[1mConsolidate compiler generated dependencies of target audio_msg__rosidl_typesupport_cpp[0m
[3.241s] [ 23%] Built target audio_msg__rosidl_typesupport_cpp
[3.266s] [ 34%] Built target audio_msg__rosidl_typesupport_introspection_cpp
[3.277s] [35m[1mConsolidate compiler generated dependencies of target audio_msg__rosidl_typesupport_fastrtps_c[0m
[3.281s] [35m[1mConsolidate compiler generated dependencies of target audio_msg__rosidl_typesupport_c[0m
[3.284s] [35m[1mConsolidate compiler generated dependencies of target audio_msg__rosidl_typesupport_fastrtps_cpp[0m
[3.309s] [35m[1mConsolidate compiler generated dependencies of target audio_msg__rosidl_typesupport_introspection_c[0m
[3.325s] [ 46%] Built target audio_msg__rosidl_typesupport_c
[3.337s] [ 57%] Built target audio_msg__rosidl_typesupport_fastrtps_cpp
[3.337s] [ 68%] Built target audio_msg__rosidl_typesupport_fastrtps_c
[3.351s] [ 79%] Built target audio_msg__rosidl_typesupport_introspection_c
[3.391s] [ 79%] Built target audio_msg
[3.474s] [ 80%] Built target audio_msg__py
[3.494s] [35m[1mConsolidate compiler generated dependencies of target audio_msg__rosidl_generator_py[0m
[3.517s] [ 90%] Built target audio_msg__rosidl_generator_py
[3.561s] [35m[1mConsolidate compiler generated dependencies of target audio_msg__rosidl_typesupport_c__pyext[0m
[3.565s] [35m[1mConsolidate compiler generated dependencies of target audio_msg__rosidl_typesupport_fastrtps_c__pyext[0m
[3.568s] [35m[1mConsolidate compiler generated dependencies of target audio_msg__rosidl_typesupport_introspection_c__pyext[0m
[3.578s] running egg_info
[3.580s] writing audio_msg.egg-info/PKG-INFO
[3.580s] writing dependency_links to audio_msg.egg-info/dependency_links.txt
[3.581s] writing top-level names to audio_msg.egg-info/top_level.txt
[3.594s] reading manifest file 'audio_msg.egg-info/SOURCES.txt'
[3.594s] writing manifest file 'audio_msg.egg-info/SOURCES.txt'
[3.594s] [ 93%] Built target audio_msg__rosidl_typesupport_c__pyext
[3.627s] [ 96%] Built target audio_msg__rosidl_typesupport_fastrtps_c__pyext
[3.673s] [100%] Built target audio_msg__rosidl_typesupport_introspection_c__pyext
[3.674s] [100%] Built target ament_cmake_python_build_audio_msg_egg
[3.707s] Invoked command in '/cc_ws/tros_ws/build/audio_msg' returned '0': CMAKE_PREFIX_PATH=/opt/ros/humble /usr/bin/cmake --build /cc_ws/tros_ws/build/audio_msg -- -j12 -l12
[4.453s] Invoking command in '/cc_ws/tros_ws/build/audio_msg': CMAKE_PREFIX_PATH=/opt/ros/humble /usr/bin/cmake --install /cc_ws/tros_ws/build/audio_msg
[4.682s] -- Install configuration: ""
[4.682s] -- Up-to-date: /cc_ws/tros_ws/install/share/ament_index/resource_index/rosidl_interfaces/audio_msg
[4.682s] -- Up-to-date: /cc_ws/tros_ws/install/include/audio_msg/audio_msg
[4.682s] -- Up-to-date: /cc_ws/tros_ws/install/include/audio_msg/audio_msg/msg
[4.682s] -- Up-to-date: /cc_ws/tros_ws/install/include/audio_msg/audio_msg/msg/audio_frame.h
[4.683s] -- Up-to-date: /cc_ws/tros_ws/install/include/audio_msg/audio_msg/msg/audio_frame_type.h
[4.683s] -- Up-to-date: /cc_ws/tros_ws/install/include/audio_msg/audio_msg/msg/smart_audio_frame_type.h
[4.683s] -- Up-to-date: /cc_ws/tros_ws/install/include/audio_msg/audio_msg/msg/rosidl_generator_c__visibility_control.h
[4.684s] -- Up-to-date: /cc_ws/tros_ws/install/include/audio_msg/audio_msg/msg/smart_audio_data.h
[4.684s] -- Up-to-date: /cc_ws/tros_ws/install/include/audio_msg/audio_msg/msg/detail
[4.684s] -- Up-to-date: /cc_ws/tros_ws/install/include/audio_msg/audio_msg/msg/detail/audio_frame__struct.h
[4.684s] -- Up-to-date: /cc_ws/tros_ws/install/include/audio_msg/audio_msg/msg/detail/audio_event_type__struct.h
[4.684s] -- Up-to-date: /cc_ws/tros_ws/install/include/audio_msg/audio_msg/msg/detail/audio_frame__functions.h
[4.684s] -- Up-to-date: /cc_ws/tros_ws/install/include/audio_msg/audio_msg/msg/detail/audio_event_type__type_support.h
[4.685s] -- Up-to-date: /cc_ws/tros_ws/install/include/audio_msg/audio_msg/msg/detail/audio_event_type__functions.c
[4.685s] -- Up-to-date: /cc_ws/tros_ws/install/include/audio_msg/audio_msg/msg/detail/smart_audio_data__functions.h
[4.685s] -- Up-to-date: /cc_ws/tros_ws/install/include/audio_msg/audio_msg/msg/detail/audio_frame__type_support.h
[4.685s] -- Up-to-date: /cc_ws/tros_ws/install/include/audio_msg/audio_msg/msg/detail/smart_audio_frame_type__struct.h
[4.685s] -- Up-to-date: /cc_ws/tros_ws/install/include/audio_msg/audio_msg/msg/detail/smart_audio_data__type_support.h
[4.685s] -- Up-to-date: /cc_ws/tros_ws/install/include/audio_msg/audio_msg/msg/detail/audio_event_type__functions.h
[4.685s] -- Up-to-date: /cc_ws/tros_ws/install/include/audio_msg/audio_msg/msg/detail/smart_audio_frame_type__functions.c
[4.685s] -- Up-to-date: /cc_ws/tros_ws/install/include/audio_msg/audio_msg/msg/detail/audio_frame_type__functions.c
[4.685s] -- Up-to-date: /cc_ws/tros_ws/install/include/audio_msg/audio_msg/msg/detail/audio_frame_type__functions.h
[4.686s] -- Up-to-date: /cc_ws/tros_ws/install/include/audio_msg/audio_msg/msg/detail/smart_audio_data__functions.c
[4.686s] -- Up-to-date: /cc_ws/tros_ws/install/include/audio_msg/audio_msg/msg/detail/smart_audio_frame_type__type_support.h
[4.686s] -- Up-to-date: /cc_ws/tros_ws/install/include/audio_msg/audio_msg/msg/detail/audio_frame_type__type_support.h
[4.686s] -- Up-to-date: /cc_ws/tros_ws/install/include/audio_msg/audio_msg/msg/detail/smart_audio_data__struct.h
[4.686s] -- Up-to-date: /cc_ws/tros_ws/install/include/audio_msg/audio_msg/msg/detail/smart_audio_frame_type__functions.h
[4.686s] -- Up-to-date: /cc_ws/tros_ws/install/include/audio_msg/audio_msg/msg/detail/audio_frame_type__struct.h
[4.686s] -- Up-to-date: /cc_ws/tros_ws/install/include/audio_msg/audio_msg/msg/detail/audio_frame__functions.c
[4.686s] -- Up-to-date: /cc_ws/tros_ws/install/include/audio_msg/audio_msg/msg/audio_event_type.h
[4.686s] -- Up-to-date: /cc_ws/tros_ws/install/share/audio_msg/environment/library_path.sh
[4.687s] -- Installing: /cc_ws/tros_ws/install/share/audio_msg/environment/library_path.dsv
[4.687s] -- Up-to-date: /cc_ws/tros_ws/install/lib/libaudio_msg__rosidl_generator_c.so
[4.687s] -- Up-to-date: /cc_ws/tros_ws/install/include/audio_msg/audio_msg
[4.687s] -- Up-to-date: /cc_ws/tros_ws/install/include/audio_msg/audio_msg/msg
[4.687s] -- Up-to-date: /cc_ws/tros_ws/install/include/audio_msg/audio_msg/msg/rosidl_typesupport_fastrtps_c__visibility_control.h
[4.687s] -- Up-to-date: /cc_ws/tros_ws/install/include/audio_msg/audio_msg/msg/detail
[4.687s] -- Up-to-date: /cc_ws/tros_ws/install/include/audio_msg/audio_msg/msg/detail/audio_frame_type__rosidl_typesupport_fastrtps_c.h
[4.687s] -- Up-to-date: /cc_ws/tros_ws/install/include/audio_msg/audio_msg/msg/detail/smart_audio_frame_type__rosidl_typesupport_fastrtps_c.h
[4.687s] -- Up-to-date: /cc_ws/tros_ws/install/include/audio_msg/audio_msg/msg/detail/audio_event_type__rosidl_typesupport_fastrtps_c.h
[4.694s] -- Up-to-date: /cc_ws/tros_ws/install/include/audio_msg/audio_msg/msg/detail/audio_frame__rosidl_typesupport_fastrtps_c.h
[4.694s] -- Up-to-date: /cc_ws/tros_ws/install/include/audio_msg/audio_msg/msg/detail/smart_audio_data__rosidl_typesupport_fastrtps_c.h
[4.694s] -- Up-to-date: /cc_ws/tros_ws/install/lib/libaudio_msg__rosidl_typesupport_fastrtps_c.so
[4.694s] -- Up-to-date: /cc_ws/tros_ws/install/include/audio_msg/audio_msg
[4.694s] -- Up-to-date: /cc_ws/tros_ws/install/include/audio_msg/audio_msg/msg
[4.694s] -- Up-to-date: /cc_ws/tros_ws/install/include/audio_msg/audio_msg/msg/audio_event_type.hpp
[4.694s] -- Up-to-date: /cc_ws/tros_ws/install/include/audio_msg/audio_msg/msg/audio_frame.hpp
[4.695s] -- Up-to-date: /cc_ws/tros_ws/install/include/audio_msg/audio_msg/msg/audio_frame_type.hpp
[4.695s] -- Up-to-date: /cc_ws/tros_ws/install/include/audio_msg/audio_msg/msg/detail
[4.695s] -- Up-to-date: /cc_ws/tros_ws/install/include/audio_msg/audio_msg/msg/detail/audio_event_type__traits.hpp
[4.695s] -- Up-to-date: /cc_ws/tros_ws/install/include/audio_msg/audio_msg/msg/detail/smart_audio_frame_type__traits.hpp
[4.695s] -- Up-to-date: /cc_ws/tros_ws/install/include/audio_msg/audio_msg/msg/detail/smart_audio_frame_type__struct.hpp
[4.695s] -- Up-to-date: /cc_ws/tros_ws/install/include/audio_msg/audio_msg/msg/detail/audio_frame_type__struct.hpp
[4.695s] -- Up-to-date: /cc_ws/tros_ws/install/include/audio_msg/audio_msg/msg/detail/audio_frame_type__traits.hpp
[4.695s] -- Up-to-date: /cc_ws/tros_ws/install/include/audio_msg/audio_msg/msg/detail/audio_frame__struct.hpp
[4.695s] -- Up-to-date: /cc_ws/tros_ws/install/include/audio_msg/audio_msg/msg/detail/audio_event_type__builder.hpp
[4.695s] -- Up-to-date: /cc_ws/tros_ws/install/include/audio_msg/audio_msg/msg/detail/smart_audio_frame_type__builder.hpp
[4.696s] -- Up-to-date: /cc_ws/tros_ws/install/include/audio_msg/audio_msg/msg/detail/audio_event_type__struct.hpp
[4.696s] -- Up-to-date: /cc_ws/tros_ws/install/include/audio_msg/audio_msg/msg/detail/smart_audio_data__struct.hpp
[4.696s] -- Up-to-date: /cc_ws/tros_ws/install/include/audio_msg/audio_msg/msg/detail/audio_frame_type__builder.hpp
[4.696s] -- Up-to-date: /cc_ws/tros_ws/install/include/audio_msg/audio_msg/msg/detail/smart_audio_data__builder.hpp
[4.696s] -- Up-to-date: /cc_ws/tros_ws/install/include/audio_msg/audio_msg/msg/detail/audio_frame__traits.hpp
[4.696s] -- Up-to-date: /cc_ws/tros_ws/install/include/audio_msg/audio_msg/msg/detail/smart_audio_data__traits.hpp
[4.696s] -- Up-to-date: /cc_ws/tros_ws/install/include/audio_msg/audio_msg/msg/detail/audio_frame__builder.hpp
[4.696s] -- Up-to-date: /cc_ws/tros_ws/install/include/audio_msg/audio_msg/msg/smart_audio_frame_type.hpp
[4.696s] -- Up-to-date: /cc_ws/tros_ws/install/include/audio_msg/audio_msg/msg/smart_audio_data.hpp
[4.696s] -- Up-to-date: /cc_ws/tros_ws/install/include/audio_msg/audio_msg
[4.697s] -- Up-to-date: /cc_ws/tros_ws/install/include/audio_msg/audio_msg/msg
[4.697s] -- Up-to-date: /cc_ws/tros_ws/install/include/audio_msg/audio_msg/msg/detail
[4.697s] -- Up-to-date: /cc_ws/tros_ws/install/include/audio_msg/audio_msg/msg/detail/audio_frame__rosidl_typesupport_fastrtps_cpp.hpp
[4.697s] -- Up-to-date: /cc_ws/tros_ws/install/include/audio_msg/audio_msg/msg/detail/audio_frame_type__rosidl_typesupport_fastrtps_cpp.hpp
[4.697s] -- Up-to-date: /cc_ws/tros_ws/install/include/audio_msg/audio_msg/msg/detail/smart_audio_frame_type__rosidl_typesupport_fastrtps_cpp.hpp
[4.697s] -- Up-to-date: /cc_ws/tros_ws/install/include/audio_msg/audio_msg/msg/detail/audio_event_type__rosidl_typesupport_fastrtps_cpp.hpp
[4.697s] -- Up-to-date: /cc_ws/tros_ws/install/include/audio_msg/audio_msg/msg/detail/smart_audio_data__rosidl_typesupport_fastrtps_cpp.hpp
[4.697s] -- Up-to-date: /cc_ws/tros_ws/install/include/audio_msg/audio_msg/msg/detail/dds_fastrtps
[4.698s] -- Up-to-date: /cc_ws/tros_ws/install/include/audio_msg/audio_msg/msg/rosidl_typesupport_fastrtps_cpp__visibility_control.h
[4.698s] -- Up-to-date: /cc_ws/tros_ws/install/lib/libaudio_msg__rosidl_typesupport_fastrtps_cpp.so
[4.698s] -- Up-to-date: /cc_ws/tros_ws/install/include/audio_msg/audio_msg
[4.699s] -- Up-to-date: /cc_ws/tros_ws/install/include/audio_msg/audio_msg/msg
[4.699s] -- Up-to-date: /cc_ws/tros_ws/install/include/audio_msg/audio_msg/msg/rosidl_typesupport_introspection_c__visibility_control.h
[4.701s] -- Up-to-date: /cc_ws/tros_ws/install/include/audio_msg/audio_msg/msg/detail
[4.701s] -- Up-to-date: /cc_ws/tros_ws/install/include/audio_msg/audio_msg/msg/detail/smart_audio_data__type_support.c
[4.701s] -- Up-to-date: /cc_ws/tros_ws/install/include/audio_msg/audio_msg/msg/detail/audio_event_type__rosidl_typesupport_introspection_c.h
[4.701s] -- Up-to-date: /cc_ws/tros_ws/install/include/audio_msg/audio_msg/msg/detail/smart_audio_frame_type__type_support.c
[4.702s] -- Up-to-date: /cc_ws/tros_ws/install/include/audio_msg/audio_msg/msg/detail/audio_frame__rosidl_typesupport_introspection_c.h
[4.702s] -- Up-to-date: /cc_ws/tros_ws/install/include/audio_msg/audio_msg/msg/detail/audio_frame_type__rosidl_typesupport_introspection_c.h
[4.702s] -- Up-to-date: /cc_ws/tros_ws/install/include/audio_msg/audio_msg/msg/detail/audio_frame__type_support.c
[4.702s] -- Up-to-date: /cc_ws/tros_ws/install/include/audio_msg/audio_msg/msg/detail/smart_audio_frame_type__rosidl_typesupport_introspection_c.h
[4.702s] -- Up-to-date: /cc_ws/tros_ws/install/include/audio_msg/audio_msg/msg/detail/smart_audio_data__rosidl_typesupport_introspection_c.h
[4.702s] -- Up-to-date: /cc_ws/tros_ws/install/include/audio_msg/audio_msg/msg/detail/audio_frame_type__type_support.c
[4.702s] -- Up-to-date: /cc_ws/tros_ws/install/include/audio_msg/audio_msg/msg/detail/audio_event_type__type_support.c
[4.702s] -- Up-to-date: /cc_ws/tros_ws/install/lib/libaudio_msg__rosidl_typesupport_introspection_c.so
[4.702s] -- Up-to-date: /cc_ws/tros_ws/install/lib/libaudio_msg__rosidl_typesupport_c.so
[4.703s] -- Up-to-date: /cc_ws/tros_ws/install/include/audio_msg/audio_msg
[4.703s] -- Up-to-date: /cc_ws/tros_ws/install/include/audio_msg/audio_msg/msg
[4.703s] -- Up-to-date: /cc_ws/tros_ws/install/include/audio_msg/audio_msg/msg/detail
[4.703s] -- Up-to-date: /cc_ws/tros_ws/install/include/audio_msg/audio_msg/msg/detail/audio_frame__rosidl_typesupport_introspection_cpp.hpp
[4.703s] -- Up-to-date: /cc_ws/tros_ws/install/include/audio_msg/audio_msg/msg/detail/smart_audio_frame_type__rosidl_typesupport_introspection_cpp.hpp
[4.703s] -- Up-to-date: /cc_ws/tros_ws/install/include/audio_msg/audio_msg/msg/detail/audio_event_type__rosidl_typesupport_introspection_cpp.hpp
[4.703s] -- Up-to-date: /cc_ws/tros_ws/install/include/audio_msg/audio_msg/msg/detail/audio_frame__type_support.cpp
[4.703s] -- Up-to-date: /cc_ws/tros_ws/install/include/audio_msg/audio_msg/msg/detail/audio_event_type__type_support.cpp
[4.703s] -- Up-to-date: /cc_ws/tros_ws/install/include/audio_msg/audio_msg/msg/detail/smart_audio_data__rosidl_typesupport_introspection_cpp.hpp
[4.703s] -- Up-to-date: /cc_ws/tros_ws/install/include/audio_msg/audio_msg/msg/detail/audio_frame_type__rosidl_typesupport_introspection_cpp.hpp
[4.703s] -- Up-to-date: /cc_ws/tros_ws/install/include/audio_msg/audio_msg/msg/detail/audio_frame_type__type_support.cpp
[4.704s] -- Up-to-date: /cc_ws/tros_ws/install/include/audio_msg/audio_msg/msg/detail/smart_audio_frame_type__type_support.cpp
[4.704s] -- Up-to-date: /cc_ws/tros_ws/install/include/audio_msg/audio_msg/msg/detail/smart_audio_data__type_support.cpp
[4.704s] -- Up-to-date: /cc_ws/tros_ws/install/lib/libaudio_msg__rosidl_typesupport_introspection_cpp.so
[4.704s] -- Up-to-date: /cc_ws/tros_ws/install/lib/libaudio_msg__rosidl_typesupport_cpp.so
[4.704s] -- Up-to-date: /cc_ws/tros_ws/install/share/audio_msg/environment/pythonpath.sh
[4.704s] -- Installing: /cc_ws/tros_ws/install/share/audio_msg/environment/pythonpath.dsv
[4.704s] -- Up-to-date: /cc_ws/tros_ws/install/local/lib/python3.10/dist-packages/audio_msg-2.0.1-py3.10.egg-info
[4.704s] -- Installing: /cc_ws/tros_ws/install/local/lib/python3.10/dist-packages/audio_msg-2.0.1-py3.10.egg-info/SOURCES.txt
[4.704s] -- Installing: /cc_ws/tros_ws/install/local/lib/python3.10/dist-packages/audio_msg-2.0.1-py3.10.egg-info/PKG-INFO
[4.705s] -- Installing: /cc_ws/tros_ws/install/local/lib/python3.10/dist-packages/audio_msg-2.0.1-py3.10.egg-info/dependency_links.txt
[4.705s] -- Installing: /cc_ws/tros_ws/install/local/lib/python3.10/dist-packages/audio_msg-2.0.1-py3.10.egg-info/top_level.txt
[4.705s] -- Up-to-date: /cc_ws/tros_ws/install/local/lib/python3.10/dist-packages/audio_msg
[4.705s] -- Up-to-date: /cc_ws/tros_ws/install/local/lib/python3.10/dist-packages/audio_msg/audio_msg_s__rosidl_typesupport_fastrtps_c.cpython-310-aarch64-linux-gnu.so
[4.705s] -- Up-to-date: /cc_ws/tros_ws/install/local/lib/python3.10/dist-packages/audio_msg/audio_msg_s__rosidl_typesupport_c.cpython-310-aarch64-linux-gnu.so
[4.705s] -- Up-to-date: /cc_ws/tros_ws/install/local/lib/python3.10/dist-packages/audio_msg/msg
[4.705s] -- Up-to-date: /cc_ws/tros_ws/install/local/lib/python3.10/dist-packages/audio_msg/msg/_smart_audio_data_s.c
[4.705s] -- Up-to-date: /cc_ws/tros_ws/install/local/lib/python3.10/dist-packages/audio_msg/msg/_smart_audio_frame_type_s.c
[4.705s] -- Up-to-date: /cc_ws/tros_ws/install/local/lib/python3.10/dist-packages/audio_msg/msg/_audio_frame_s.c
[4.706s] -- Up-to-date: /cc_ws/tros_ws/install/local/lib/python3.10/dist-packages/audio_msg/msg/_audio_event_type.py
[4.706s] -- Up-to-date: /cc_ws/tros_ws/install/local/lib/python3.10/dist-packages/audio_msg/msg/__init__.py
[4.706s] -- Up-to-date: /cc_ws/tros_ws/install/local/lib/python3.10/dist-packages/audio_msg/msg/_audio_frame_type.py
[4.706s] -- Up-to-date: /cc_ws/tros_ws/install/local/lib/python3.10/dist-packages/audio_msg/msg/_smart_audio_data.py
[4.706s] -- Up-to-date: /cc_ws/tros_ws/install/local/lib/python3.10/dist-packages/audio_msg/msg/_audio_frame_type_s.c
[4.706s] -- Up-to-date: /cc_ws/tros_ws/install/local/lib/python3.10/dist-packages/audio_msg/msg/_audio_event_type_s.c
[4.706s] -- Up-to-date: /cc_ws/tros_ws/install/local/lib/python3.10/dist-packages/audio_msg/msg/_smart_audio_frame_type.py
[4.706s] -- Up-to-date: /cc_ws/tros_ws/install/local/lib/python3.10/dist-packages/audio_msg/msg/_audio_frame.py
[4.706s] -- Up-to-date: /cc_ws/tros_ws/install/local/lib/python3.10/dist-packages/audio_msg/_audio_msg_s.ep.rosidl_typesupport_introspection_c.c
[4.706s] -- Installing: /cc_ws/tros_ws/install/local/lib/python3.10/dist-packages/audio_msg/__init__.py
[4.707s] -- Up-to-date: /cc_ws/tros_ws/install/local/lib/python3.10/dist-packages/audio_msg/_audio_msg_s.ep.rosidl_typesupport_fastrtps_c.c
[4.707s] -- Up-to-date: /cc_ws/tros_ws/install/local/lib/python3.10/dist-packages/audio_msg/audio_msg_s__rosidl_typesupport_introspection_c.cpython-310-aarch64-linux-gnu.so
[4.707s] -- Up-to-date: /cc_ws/tros_ws/install/local/lib/python3.10/dist-packages/audio_msg/_audio_msg_s.ep.rosidl_typesupport_c.c
[4.707s] -- Up-to-date: /cc_ws/tros_ws/install/local/lib/python3.10/dist-packages/audio_msg/libaudio_msg__rosidl_generator_py.so
[4.707s] Listing '/cc_ws/tros_ws/install/local/lib/python3.10/dist-packages/audio_msg'...
[4.707s] Compiling '/cc_ws/tros_ws/install/local/lib/python3.10/dist-packages/audio_msg/__init__.py'...
[4.707s] Listing '/cc_ws/tros_ws/install/local/lib/python3.10/dist-packages/audio_msg/msg'...
[4.707s] -- Up-to-date: /cc_ws/tros_ws/install/local/lib/python3.10/dist-packages/audio_msg/audio_msg_s__rosidl_typesupport_fastrtps_c.cpython-310-aarch64-linux-gnu.so
[4.707s] -- Up-to-date: /cc_ws/tros_ws/install/local/lib/python3.10/dist-packages/audio_msg/audio_msg_s__rosidl_typesupport_introspection_c.cpython-310-aarch64-linux-gnu.so
[4.708s] -- Up-to-date: /cc_ws/tros_ws/install/local/lib/python3.10/dist-packages/audio_msg/audio_msg_s__rosidl_typesupport_c.cpython-310-aarch64-linux-gnu.so
[4.708s] -- Up-to-date: /cc_ws/tros_ws/install/lib/libaudio_msg__rosidl_generator_py.so
[4.708s] -- Up-to-date: /cc_ws/tros_ws/install/share/audio_msg/msg/AudioFrameType.idl
[4.708s] -- Up-to-date: /cc_ws/tros_ws/install/share/audio_msg/msg/SmartAudioData.idl
[4.708s] -- Up-to-date: /cc_ws/tros_ws/install/share/audio_msg/msg/AudioEventType.idl
[4.708s] -- Up-to-date: /cc_ws/tros_ws/install/share/audio_msg/msg/SmartAudioFrameType.idl
[4.708s] -- Up-to-date: /cc_ws/tros_ws/install/share/audio_msg/msg/AudioFrame.idl
[4.708s] -- Up-to-date: /cc_ws/tros_ws/install/share/audio_msg/msg/AudioFrameType.msg
[4.708s] -- Up-to-date: /cc_ws/tros_ws/install/share/audio_msg/msg/SmartAudioData.msg
[4.708s] -- Up-to-date: /cc_ws/tros_ws/install/share/audio_msg/msg/AudioEventType.msg
[4.709s] -- Up-to-date: /cc_ws/tros_ws/install/share/audio_msg/msg/SmartAudioFrameType.msg
[4.709s] -- Up-to-date: /cc_ws/tros_ws/install/share/audio_msg/msg/AudioFrame.msg
[4.709s] -- Up-to-date: /cc_ws/tros_ws/install/share/ament_index/resource_index/package_run_dependencies/audio_msg
[4.709s] -- Up-to-date: /cc_ws/tros_ws/install/share/ament_index/resource_index/parent_prefix_path/audio_msg
[4.709s] -- Up-to-date: /cc_ws/tros_ws/install/share/audio_msg/environment/ament_prefix_path.sh
[4.709s] -- Installing: /cc_ws/tros_ws/install/share/audio_msg/environment/ament_prefix_path.dsv
[4.709s] -- Up-to-date: /cc_ws/tros_ws/install/share/audio_msg/environment/path.sh
[4.709s] -- Installing: /cc_ws/tros_ws/install/share/audio_msg/environment/path.dsv
[4.709s] -- Up-to-date: /cc_ws/tros_ws/install/share/audio_msg/local_setup.bash
[4.709s] -- Up-to-date: /cc_ws/tros_ws/install/share/audio_msg/local_setup.sh
[4.738s] -- Up-to-date: /cc_ws/tros_ws/install/share/audio_msg/local_setup.zsh
[4.739s] -- Installing: /cc_ws/tros_ws/install/share/audio_msg/local_setup.dsv
[4.739s] -- Installing: /cc_ws/tros_ws/install/share/audio_msg/package.dsv
[4.739s] -- Up-to-date: /cc_ws/tros_ws/install/share/ament_index/resource_index/packages/audio_msg
[4.739s] -- Up-to-date: /cc_ws/tros_ws/install/share/audio_msg/cmake/export_audio_msg__rosidl_generator_cExport.cmake
[4.739s] -- Up-to-date: /cc_ws/tros_ws/install/share/audio_msg/cmake/export_audio_msg__rosidl_generator_cExport-noconfig.cmake
[4.739s] -- Up-to-date: /cc_ws/tros_ws/install/share/audio_msg/cmake/export_audio_msg__rosidl_typesupport_fastrtps_cExport.cmake
[4.739s] -- Up-to-date: /cc_ws/tros_ws/install/share/audio_msg/cmake/export_audio_msg__rosidl_typesupport_fastrtps_cExport-noconfig.cmake
[4.740s] -- Up-to-date: /cc_ws/tros_ws/install/share/audio_msg/cmake/export_audio_msg__rosidl_generator_cppExport.cmake
[4.740s] -- Up-to-date: /cc_ws/tros_ws/install/share/audio_msg/cmake/export_audio_msg__rosidl_typesupport_fastrtps_cppExport.cmake
[4.740s] -- Up-to-date: /cc_ws/tros_ws/install/share/audio_msg/cmake/export_audio_msg__rosidl_typesupport_fastrtps_cppExport-noconfig.cmake
[4.740s] -- Up-to-date: /cc_ws/tros_ws/install/share/audio_msg/cmake/audio_msg__rosidl_typesupport_introspection_cExport.cmake
[4.740s] -- Up-to-date: /cc_ws/tros_ws/install/share/audio_msg/cmake/audio_msg__rosidl_typesupport_introspection_cExport-noconfig.cmake
[4.740s] -- Up-to-date: /cc_ws/tros_ws/install/share/audio_msg/cmake/audio_msg__rosidl_typesupport_cExport.cmake
[4.741s] -- Up-to-date: /cc_ws/tros_ws/install/share/audio_msg/cmake/audio_msg__rosidl_typesupport_cExport-noconfig.cmake
[4.741s] -- Up-to-date: /cc_ws/tros_ws/install/share/audio_msg/cmake/audio_msg__rosidl_typesupport_introspection_cppExport.cmake
[4.741s] -- Up-to-date: /cc_ws/tros_ws/install/share/audio_msg/cmake/audio_msg__rosidl_typesupport_introspection_cppExport-noconfig.cmake
[4.741s] -- Up-to-date: /cc_ws/tros_ws/install/share/audio_msg/cmake/audio_msg__rosidl_typesupport_cppExport.cmake
[4.741s] -- Up-to-date: /cc_ws/tros_ws/install/share/audio_msg/cmake/audio_msg__rosidl_typesupport_cppExport-noconfig.cmake
[4.742s] -- Up-to-date: /cc_ws/tros_ws/install/share/audio_msg/cmake/export_audio_msg__rosidl_generator_pyExport.cmake
[4.742s] -- Up-to-date: /cc_ws/tros_ws/install/share/audio_msg/cmake/export_audio_msg__rosidl_generator_pyExport-noconfig.cmake
[4.742s] -- Up-to-date: /cc_ws/tros_ws/install/share/audio_msg/cmake/rosidl_cmake-extras.cmake
[4.742s] -- Up-to-date: /cc_ws/tros_ws/install/share/audio_msg/cmake/ament_cmake_export_dependencies-extras.cmake
[4.742s] -- Up-to-date: /cc_ws/tros_ws/install/share/audio_msg/cmake/ament_cmake_export_include_directories-extras.cmake
[4.742s] -- Up-to-date: /cc_ws/tros_ws/install/share/audio_msg/cmake/ament_cmake_export_libraries-extras.cmake
[4.742s] -- Up-to-date: /cc_ws/tros_ws/install/share/audio_msg/cmake/ament_cmake_export_targets-extras.cmake
[4.742s] -- Up-to-date: /cc_ws/tros_ws/install/share/audio_msg/cmake/rosidl_cmake_export_typesupport_targets-extras.cmake
[4.742s] -- Up-to-date: /cc_ws/tros_ws/install/share/audio_msg/cmake/rosidl_cmake_export_typesupport_libraries-extras.cmake
[4.742s] -- Up-to-date: /cc_ws/tros_ws/install/share/audio_msg/cmake/audio_msgConfig.cmake
[4.743s] -- Up-to-date: /cc_ws/tros_ws/install/share/audio_msg/cmake/audio_msgConfig-version.cmake
[4.743s] -- Up-to-date: /cc_ws/tros_ws/install/share/audio_msg/package.xml
[4.744s] Invoked command in '/cc_ws/tros_ws/build/audio_msg' returned '0': CMAKE_PREFIX_PATH=/opt/ros/humble /usr/bin/cmake --install /cc_ws/tros_ws/build/audio_msg
