[0.029s] Invoking command in '/cc_ws/tros_ws/build/hobot_stereonet_utils': CMAKE_PREFIX_PATH=/opt/ros/humble /usr/bin/cmake /cc_ws/tros_ws/src/box/hobot_perception/hobot_stereonet_utils -DCMAKE_EXPORT_COMPILE_COMMANDS=ON --no-warn-unused-cli -DCMAKE_TOOLCHAIN_FILE=/cc_ws/tros_ws/robot_dev_config/aarch64_toolchainfile.cmake -DPLATFORM_X5=ON -DTHIRDPARTY=ON -DBUILD_TESTING=OFF -DCMAKE_BUILD_RPATH=/cc_ws/tros_ws/build/poco_vendor/poco_external_project_install/lib/;/cc_ws/tros_ws/build/libyaml_vendor/libyaml_install/lib/ -DCMAKE_INSTALL_PREFIX=/cc_ws/tros_ws/install
[0.047s] Not searching for unused variables given on the command line.
[0.054s] -- Found ament_cmake: 1.3.8 (/opt/ros/humble/share/ament_cmake/cmake)
[0.274s] [33mCMake Warning (dev) at /opt/ros/humble/share/ament_cmake_test/cmake/ament_cmake_test-extras.cmake:19 (option):
[0.275s]   Policy CMP0077 is not set: option() honors normal variables.  Run "cmake
[0.275s]   --help-policy CMP0077" for policy details.  Use the cmake_policy command to
[0.275s]   set the policy and suppress this warning.
[0.275s] 
[0.276s]   For compatibility with older versions of CMake, option is clearing the
[0.276s]   normal variable 'BUILD_TESTING'.
[0.276s] Call Stack (most recent call first):
[0.276s]   /opt/ros/humble/share/ament_cmake_test/cmake/ament_cmake_testConfig.cmake:41 (include)
[0.280s] -- Found rclcpp: 16.0.8 (/opt/ros/humble/share/rclcpp/cmake)
[0.281s]   /opt/ros/humble/share/ament_cmake/cmake/ament_cmake_export_dependencies-extras.cmake:21 (find_package)
[0.281s]   /opt/ros/humble/share/ament_cmake/cmake/ament_cmakeConfig.cmake:41 (include)
[0.281s]   CMakeLists.txt:23 (find_package)
[0.281s] This warning is for project developers.  Use -Wno-dev to suppress it.
[0.281s] [0m
[0.349s] -- Found rosidl_generator_c: 3.1.5 (/opt/ros/humble/share/rosidl_generator_c/cmake)
[0.384s] -- Found rosidl_adapter: 3.1.5 (/opt/ros/humble/share/rosidl_adapter/cmake)
[0.385s] -- Found rosidl_generator_cpp: 3.1.5 (/opt/ros/humble/share/rosidl_generator_cpp/cmake)
[0.392s] -- Using all available rosidl_typesupport_c: rosidl_typesupport_fastrtps_c;rosidl_typesupport_introspection_c
[0.425s] -- Using all available rosidl_typesupport_cpp: rosidl_typesupport_fastrtps_cpp;rosidl_typesupport_introspection_cpp
[0.554s] -- Found rmw_implementation_cmake: 6.1.1 (/opt/ros/humble/share/rmw_implementation_cmake/cmake)
[0.556s] -- Found rmw_fastrtps_cpp: 6.2.6 (/opt/ros/humble/share/rmw_fastrtps_cpp/cmake)
[0.755s] -- Using RMW implementation 'rmw_fastrtps_cpp' as default
[1.144s] -- Found sensor_msgs: 4.2.3 (/opt/ros/humble/share/sensor_msgs/cmake)
[1.434s] -- Found cv_bridge: 3.2.1 (/opt/ros/humble/share/cv_bridge/cmake)
[1.667s] -- Configuring done
[1.722s] -- Generating done
[1.726s] -- Build files have been written to: /cc_ws/tros_ws/build/hobot_stereonet_utils
[1.747s] Invoked command in '/cc_ws/tros_ws/build/hobot_stereonet_utils' returned '0': CMAKE_PREFIX_PATH=/opt/ros/humble /usr/bin/cmake /cc_ws/tros_ws/src/box/hobot_perception/hobot_stereonet_utils -DCMAKE_EXPORT_COMPILE_COMMANDS=ON --no-warn-unused-cli -DCMAKE_TOOLCHAIN_FILE=/cc_ws/tros_ws/robot_dev_config/aarch64_toolchainfile.cmake -DPLATFORM_X5=ON -DTHIRDPARTY=ON -DBUILD_TESTING=OFF -DCMAKE_BUILD_RPATH=/cc_ws/tros_ws/build/poco_vendor/poco_external_project_install/lib/;/cc_ws/tros_ws/build/libyaml_vendor/libyaml_install/lib/ -DCMAKE_INSTALL_PREFIX=/cc_ws/tros_ws/install
[1.748s] Invoking command in '/cc_ws/tros_ws/build/hobot_stereonet_utils': CMAKE_PREFIX_PATH=/opt/ros/humble /usr/bin/cmake --build /cc_ws/tros_ws/build/hobot_stereonet_utils -- -j12 -l12
[1.967s] [35m[1mConsolidate compiler generated dependencies of target save_stereo_img[0m
[1.972s] [35m[1mConsolidate compiler generated dependencies of target pub_rectify_img[0m
[1.972s] [35m[1mConsolidate compiler generated dependencies of target save_depth_img[0m
[1.973s] [ 33%] Built target save_stereo_img
[1.973s] [ 66%] Built target pub_rectify_img
[1.973s] [100%] Built target save_depth_img
[2.015s] Invoked command in '/cc_ws/tros_ws/build/hobot_stereonet_utils' returned '0': CMAKE_PREFIX_PATH=/opt/ros/humble /usr/bin/cmake --build /cc_ws/tros_ws/build/hobot_stereonet_utils -- -j12 -l12
[2.063s] Invoking command in '/cc_ws/tros_ws/build/hobot_stereonet_utils': CMAKE_PREFIX_PATH=/opt/ros/humble /usr/bin/cmake --install /cc_ws/tros_ws/build/hobot_stereonet_utils
[2.121s] -- Install configuration: ""
[2.121s] -- Up-to-date: /cc_ws/tros_ws/install/lib/hobot_stereonet_utils/save_stereo_img
[2.121s] -- Up-to-date: /cc_ws/tros_ws/install/lib/hobot_stereonet_utils/save_depth_img
[2.121s] -- Up-to-date: /cc_ws/tros_ws/install/lib/hobot_stereonet_utils/pub_rectify_img
[2.122s] -- Up-to-date: /cc_ws/tros_ws/install/share/hobot_stereonet_utils/launch
[2.122s] -- Up-to-date: /cc_ws/tros_ws/install/share/hobot_stereonet_utils/launch/test_rectify_mipi_cam.launch.py
[2.122s] -- Up-to-date: /cc_ws/tros_ws/install/share/hobot_stereonet_utils/launch/test_mipi_cam.launch.py
[2.122s] -- Up-to-date: /cc_ws/tros_ws/install/share/hobot_stereonet_utils/launch/test_rectify_mipi_cam_1280_960.launch.py
[2.122s] -- Up-to-date: /cc_ws/tros_ws/install/share/hobot_stereonet_utils/config
[2.122s] -- Up-to-date: /cc_ws/tros_ws/install/share/hobot_stereonet_utils/config/stereo_8_1_zzk.yaml
[2.122s] -- Up-to-date: /cc_ws/tros_ws/install/share/ament_index/resource_index/package_run_dependencies/hobot_stereonet_utils
[2.123s] -- Up-to-date: /cc_ws/tros_ws/install/share/ament_index/resource_index/parent_prefix_path/hobot_stereonet_utils
[2.123s] -- Up-to-date: /cc_ws/tros_ws/install/share/hobot_stereonet_utils/environment/ament_prefix_path.sh
[2.123s] -- Installing: /cc_ws/tros_ws/install/share/hobot_stereonet_utils/environment/ament_prefix_path.dsv
[2.123s] -- Up-to-date: /cc_ws/tros_ws/install/share/hobot_stereonet_utils/environment/path.sh
[2.123s] -- Installing: /cc_ws/tros_ws/install/share/hobot_stereonet_utils/environment/path.dsv
[2.123s] -- Up-to-date: /cc_ws/tros_ws/install/share/hobot_stereonet_utils/local_setup.bash
[2.123s] -- Up-to-date: /cc_ws/tros_ws/install/share/hobot_stereonet_utils/local_setup.sh
[2.123s] -- Up-to-date: /cc_ws/tros_ws/install/share/hobot_stereonet_utils/local_setup.zsh
[2.124s] -- Installing: /cc_ws/tros_ws/install/share/hobot_stereonet_utils/local_setup.dsv
[2.124s] -- Installing: /cc_ws/tros_ws/install/share/hobot_stereonet_utils/package.dsv
[2.124s] -- Up-to-date: /cc_ws/tros_ws/install/share/ament_index/resource_index/packages/hobot_stereonet_utils
[2.124s] -- Up-to-date: /cc_ws/tros_ws/install/share/hobot_stereonet_utils/cmake/hobot_stereonet_utilsConfig.cmake
[2.124s] -- Up-to-date: /cc_ws/tros_ws/install/share/hobot_stereonet_utils/cmake/hobot_stereonet_utilsConfig-version.cmake
[2.124s] -- Up-to-date: /cc_ws/tros_ws/install/share/hobot_stereonet_utils/package.xml
[2.168s] Invoked command in '/cc_ws/tros_ws/build/hobot_stereonet_utils' returned '0': CMAKE_PREFIX_PATH=/opt/ros/humble /usr/bin/cmake --install /cc_ws/tros_ws/build/hobot_stereonet_utils
