[0.052s] Invoking command in '/cc_ws/tros_ws/build/hbm_img_msgs': CMAKE_PREFIX_PATH=/opt/ros/humble /usr/bin/cmake /cc_ws/tros_ws/src/box/hobot_msgs/hbm_img_msgs -DCMAKE_EXPORT_COMPILE_COMMANDS=ON --no-warn-unused-cli -DCMAKE_TOOLCHAIN_FILE=/cc_ws/tros_ws/robot_dev_config/aarch64_toolchainfile.cmake -DPLATFORM_X5=ON -DTHIRDPARTY=ON -DBUILD_TESTING=OFF -DCMAKE_BUILD_RPATH=/cc_ws/tros_ws/build/poco_vendor/poco_external_project_install/lib/;/cc_ws/tros_ws/build/libyaml_vendor/libyaml_install/lib/ -DCMAKE_INSTALL_PREFIX=/cc_ws/tros_ws/install
[0.103s] Not searching for unused variables given on the command line.
[0.103s] -- Found ament_cmake: 1.3.8 (/opt/ros/humble/share/ament_cmake/cmake)
[0.261s] [33mCMake Warning (dev) at /opt/ros/humble/share/ament_cmake_test/cmake/ament_cmake_test-extras.cmake:19 (option):
[0.261s]   Policy CMP0077 is not set: option() honors normal variables.  Run "cmake
[0.262s]   --help-policy CMP0077" for policy details.  Use the cmake_policy command to
[0.262s]   set the policy and suppress this warning.
[0.262s] 
[0.262s]   For compatibility with older versions of CMake, option is clearing the
[0.262s]   normal variable 'BUILD_TESTING'.
[0.262s] Call Stack (most recent call first):
[0.262s]   /opt/ros/humble/share/ament_cmake_test/cmake/ament_cmake_testConfig.cmake:41 (include)
[0.263s]   /opt/ros/humble/share/ament_cmake/cmake/ament_cmake_export_dependencies-extras.cmake:21 (find_package)
[0.263s]   /opt/ros/humble/share/ament_cmake/cmake/ament_cmakeConfig.cmake:41 (include)
[0.263s]   CMakeLists.txt:36 (find_package)
[0.263s] This warning is for project developers.  Use -Wno-dev to suppress it.
[0.263s] [0m
[0.271s] -- Found builtin_interfaces: 1.2.1 (/opt/ros/humble/share/builtin_interfaces/cmake)
[0.340s] -- Found rosidl_generator_c: 3.1.5 (/opt/ros/humble/share/rosidl_generator_c/cmake)
[0.344s] -- Found rosidl_adapter: 3.1.5 (/opt/ros/humble/share/rosidl_adapter/cmake)
[0.358s] -- Found rosidl_generator_cpp: 3.1.5 (/opt/ros/humble/share/rosidl_generator_cpp/cmake)
[0.372s] -- Using all available rosidl_typesupport_c: rosidl_typesupport_fastrtps_c;rosidl_typesupport_introspection_c
[0.401s] -- Using all available rosidl_typesupport_cpp: rosidl_typesupport_fastrtps_cpp;rosidl_typesupport_introspection_cpp
[0.442s] -- Found rosidl_default_generators: 1.2.0 (/opt/ros/humble/share/rosidl_default_generators/cmake)
[0.961s] -- Found ament_cmake_ros: 0.10.0 (/opt/ros/humble/share/ament_cmake_ros/cmake)
[1.464s] -- Using all available rosidl_typesupport_c: rosidl_typesupport_fastrtps_c;rosidl_typesupport_introspection_c
[1.650s] -- Using all available rosidl_typesupport_cpp: rosidl_typesupport_fastrtps_cpp;rosidl_typesupport_introspection_cpp
[1.683s] -- Found python_cmake_module: 0.10.0 (/opt/ros/humble/share/python_cmake_module/cmake)
[1.721s] -- Using PYTHON_EXECUTABLE: /usr/bin/python3
[1.721s] -- Using PYTHON_INCLUDE_DIRS: /cc_ws/tros_ws/robot_dev_config/../../sysroot_docker/usr/include/python3.10
[1.721s] -- Using PYTHON_LIBRARIES: /cc_ws/tros_ws/robot_dev_config/../../sysroot_docker/usr/lib/aarch64-linux-gnu/libpython3.10.so
[2.106s] -- Using numpy include directory: /usr/local/lib/python3.10/dist-packages/numpy/core/include
[2.147s] -- Configuring done
[2.284s] -- Generating done
[2.329s] -- Build files have been written to: /cc_ws/tros_ws/build/hbm_img_msgs
[2.386s] Invoked command in '/cc_ws/tros_ws/build/hbm_img_msgs' returned '0': CMAKE_PREFIX_PATH=/opt/ros/humble /usr/bin/cmake /cc_ws/tros_ws/src/box/hobot_msgs/hbm_img_msgs -DCMAKE_EXPORT_COMPILE_COMMANDS=ON --no-warn-unused-cli -DCMAKE_TOOLCHAIN_FILE=/cc_ws/tros_ws/robot_dev_config/aarch64_toolchainfile.cmake -DPLATFORM_X5=ON -DTHIRDPARTY=ON -DBUILD_TESTING=OFF -DCMAKE_BUILD_RPATH=/cc_ws/tros_ws/build/poco_vendor/poco_external_project_install/lib/;/cc_ws/tros_ws/build/libyaml_vendor/libyaml_install/lib/ -DCMAKE_INSTALL_PREFIX=/cc_ws/tros_ws/install
[2.387s] Invoking command in '/cc_ws/tros_ws/build/hbm_img_msgs': CMAKE_PREFIX_PATH=/opt/ros/humble /usr/bin/cmake --build /cc_ws/tros_ws/build/hbm_img_msgs -- -j12 -l12
[2.794s] [35m[1mConsolidate compiler generated dependencies of target hbm_img_msgs__rosidl_generator_c[0m
[2.794s] [  1%] Built target hbm_img_msgs__cpp
[2.794s] [ 12%] Built target hbm_img_msgs__rosidl_generator_c
[2.795s] [35m[1mConsolidate compiler generated dependencies of target hbm_img_msgs__rosidl_typesupport_introspection_cpp[0m
[2.795s] [ 12%] Built target ament_cmake_python_copy_hbm_img_msgs
[2.796s] [35m[1mConsolidate compiler generated dependencies of target hbm_img_msgs__rosidl_typesupport_fastrtps_c[0m
[2.800s] [35m[1mConsolidate compiler generated dependencies of target hbm_img_msgs__rosidl_typesupport_cpp[0m
[2.805s] [35m[1mConsolidate compiler generated dependencies of target hbm_img_msgs__rosidl_typesupport_fastrtps_cpp[0m
[2.817s] [35m[1mConsolidate compiler generated dependencies of target hbm_img_msgs__rosidl_typesupport_introspection_c[0m
[2.832s] [35m[1mConsolidate compiler generated dependencies of target hbm_img_msgs__rosidl_typesupport_c[0m
[2.866s] [ 23%] Built target hbm_img_msgs__rosidl_typesupport_introspection_cpp
[2.933s] [ 34%] Built target hbm_img_msgs__rosidl_typesupport_cpp
[2.951s] [ 45%] Built target hbm_img_msgs__rosidl_typesupport_fastrtps_c
[2.965s] [ 56%] Built target hbm_img_msgs__rosidl_typesupport_fastrtps_cpp
[2.976s] [ 67%] Built target hbm_img_msgs__rosidl_typesupport_introspection_c
[2.981s] [ 78%] Built target hbm_img_msgs__rosidl_typesupport_c
[3.204s] [ 78%] Built target hbm_img_msgs
[3.350s] [ 80%] Built target hbm_img_msgs__py
[3.439s] [35m[1mConsolidate compiler generated dependencies of target hbm_img_msgs__rosidl_generator_py[0m
[3.522s] [ 89%] Built target hbm_img_msgs__rosidl_generator_py
[3.614s] [35m[1mConsolidate compiler generated dependencies of target hbm_img_msgs__rosidl_typesupport_fastrtps_c__pyext[0m
[3.632s] [35m[1mConsolidate compiler generated dependencies of target hbm_img_msgs__rosidl_typesupport_introspection_c__pyext[0m
[3.647s] [35m[1mConsolidate compiler generated dependencies of target hbm_img_msgs__rosidl_typesupport_c__pyext[0m
[3.706s] [ 92%] Built target hbm_img_msgs__rosidl_typesupport_fastrtps_c__pyext
[3.748s] [ 96%] Built target hbm_img_msgs__rosidl_typesupport_introspection_c__pyext
[3.749s] [100%] Built target hbm_img_msgs__rosidl_typesupport_c__pyext
[3.897s] running egg_info
[3.902s] writing hbm_img_msgs.egg-info/PKG-INFO
[3.904s] writing dependency_links to hbm_img_msgs.egg-info/dependency_links.txt
[3.906s] writing top-level names to hbm_img_msgs.egg-info/top_level.txt
[3.915s] reading manifest file 'hbm_img_msgs.egg-info/SOURCES.txt'
[3.918s] writing manifest file 'hbm_img_msgs.egg-info/SOURCES.txt'
[4.008s] [100%] Built target ament_cmake_python_build_hbm_img_msgs_egg
[4.078s] Invoked command in '/cc_ws/tros_ws/build/hbm_img_msgs' returned '0': CMAKE_PREFIX_PATH=/opt/ros/humble /usr/bin/cmake --build /cc_ws/tros_ws/build/hbm_img_msgs -- -j12 -l12
[4.745s] Invoking command in '/cc_ws/tros_ws/build/hbm_img_msgs': CMAKE_PREFIX_PATH=/opt/ros/humble /usr/bin/cmake --install /cc_ws/tros_ws/build/hbm_img_msgs
[4.781s] -- Install configuration: ""
[4.781s] -- Up-to-date: /cc_ws/tros_ws/install/share/ament_index/resource_index/rosidl_interfaces/hbm_img_msgs
[4.781s] -- Up-to-date: /cc_ws/tros_ws/install/include/hbm_img_msgs/hbm_img_msgs
[4.781s] -- Up-to-date: /cc_ws/tros_ws/install/include/hbm_img_msgs/hbm_img_msgs/msg
[4.782s] -- Up-to-date: /cc_ws/tros_ws/install/include/hbm_img_msgs/hbm_img_msgs/msg/hbm_msg1080_p.h
[4.782s] -- Up-to-date: /cc_ws/tros_ws/install/include/hbm_img_msgs/hbm_img_msgs/msg/rosidl_generator_c__visibility_control.h
[4.782s] -- Up-to-date: /cc_ws/tros_ws/install/include/hbm_img_msgs/hbm_img_msgs/msg/hbm_msg480_p.h
[4.782s] -- Up-to-date: /cc_ws/tros_ws/install/include/hbm_img_msgs/hbm_img_msgs/msg/hbm_msg540_p.h
[4.783s] -- Up-to-date: /cc_ws/tros_ws/install/include/hbm_img_msgs/hbm_img_msgs/msg/detail
[4.783s] -- Up-to-date: /cc_ws/tros_ws/install/include/hbm_img_msgs/hbm_img_msgs/msg/detail/hbm_msg480_p__type_support.h
[4.784s] -- Up-to-date: /cc_ws/tros_ws/install/include/hbm_img_msgs/hbm_img_msgs/msg/detail/hbm_h26_x_frame__functions.c
[4.784s] -- Up-to-date: /cc_ws/tros_ws/install/include/hbm_img_msgs/hbm_img_msgs/msg/detail/hbm_msg1080_p__functions.h
[4.784s] -- Up-to-date: /cc_ws/tros_ws/install/include/hbm_img_msgs/hbm_img_msgs/msg/detail/hbm_msg480_p__struct.h
[4.784s] -- Up-to-date: /cc_ws/tros_ws/install/include/hbm_img_msgs/hbm_img_msgs/msg/detail/hbm_h26_x_frame__type_support.h
[4.785s] -- Up-to-date: /cc_ws/tros_ws/install/include/hbm_img_msgs/hbm_img_msgs/msg/detail/hbm_msg1080_p__functions.c
[4.785s] -- Up-to-date: /cc_ws/tros_ws/install/include/hbm_img_msgs/hbm_img_msgs/msg/detail/hbm_msg540_p__type_support.h
[4.785s] -- Up-to-date: /cc_ws/tros_ws/install/include/hbm_img_msgs/hbm_img_msgs/msg/detail/hbm_msg540_p__struct.h
[4.786s] -- Up-to-date: /cc_ws/tros_ws/install/include/hbm_img_msgs/hbm_img_msgs/msg/detail/hbm_h26_x_frame__functions.h
[4.786s] -- Up-to-date: /cc_ws/tros_ws/install/include/hbm_img_msgs/hbm_img_msgs/msg/detail/hbm_h26_x_frame__struct.h
[4.786s] -- Up-to-date: /cc_ws/tros_ws/install/include/hbm_img_msgs/hbm_img_msgs/msg/detail/hbm_msg1080_p__type_support.h
[4.786s] -- Up-to-date: /cc_ws/tros_ws/install/include/hbm_img_msgs/hbm_img_msgs/msg/detail/hbm_msg540_p__functions.c
[4.786s] -- Up-to-date: /cc_ws/tros_ws/install/include/hbm_img_msgs/hbm_img_msgs/msg/detail/hbm_msg1080_p__struct.h
[4.787s] -- Up-to-date: /cc_ws/tros_ws/install/include/hbm_img_msgs/hbm_img_msgs/msg/detail/hbm_msg480_p__functions.h
[4.787s] -- Up-to-date: /cc_ws/tros_ws/install/include/hbm_img_msgs/hbm_img_msgs/msg/detail/hbm_msg480_p__functions.c
[4.787s] -- Up-to-date: /cc_ws/tros_ws/install/include/hbm_img_msgs/hbm_img_msgs/msg/detail/hbm_msg540_p__functions.h
[4.787s] -- Up-to-date: /cc_ws/tros_ws/install/include/hbm_img_msgs/hbm_img_msgs/msg/hbm_h26_x_frame.h
[4.788s] -- Up-to-date: /cc_ws/tros_ws/install/share/hbm_img_msgs/environment/library_path.sh
[4.788s] -- Installing: /cc_ws/tros_ws/install/share/hbm_img_msgs/environment/library_path.dsv
[4.789s] -- Up-to-date: /cc_ws/tros_ws/install/lib/libhbm_img_msgs__rosidl_generator_c.so
[4.790s] -- Up-to-date: /cc_ws/tros_ws/install/include/hbm_img_msgs/hbm_img_msgs
[4.791s] -- Up-to-date: /cc_ws/tros_ws/install/include/hbm_img_msgs/hbm_img_msgs/msg
[4.791s] -- Up-to-date: /cc_ws/tros_ws/install/include/hbm_img_msgs/hbm_img_msgs/msg/rosidl_typesupport_fastrtps_c__visibility_control.h
[4.792s] -- Up-to-date: /cc_ws/tros_ws/install/include/hbm_img_msgs/hbm_img_msgs/msg/detail
[4.792s] -- Up-to-date: /cc_ws/tros_ws/install/include/hbm_img_msgs/hbm_img_msgs/msg/detail/hbm_msg540_p__rosidl_typesupport_fastrtps_c.h
[4.796s] -- Up-to-date: /cc_ws/tros_ws/install/include/hbm_img_msgs/hbm_img_msgs/msg/detail/hbm_h26_x_frame__rosidl_typesupport_fastrtps_c.h
[4.797s] -- Up-to-date: /cc_ws/tros_ws/install/include/hbm_img_msgs/hbm_img_msgs/msg/detail/hbm_msg480_p__rosidl_typesupport_fastrtps_c.h
[4.797s] -- Up-to-date: /cc_ws/tros_ws/install/include/hbm_img_msgs/hbm_img_msgs/msg/detail/hbm_msg1080_p__rosidl_typesupport_fastrtps_c.h
[4.797s] -- Up-to-date: /cc_ws/tros_ws/install/lib/libhbm_img_msgs__rosidl_typesupport_fastrtps_c.so
[4.797s] -- Up-to-date: /cc_ws/tros_ws/install/include/hbm_img_msgs/hbm_img_msgs
[4.797s] -- Up-to-date: /cc_ws/tros_ws/install/include/hbm_img_msgs/hbm_img_msgs/msg
[4.798s] -- Up-to-date: /cc_ws/tros_ws/install/include/hbm_img_msgs/hbm_img_msgs/msg/hbm_msg540_p.hpp
[4.798s] -- Up-to-date: /cc_ws/tros_ws/install/include/hbm_img_msgs/hbm_img_msgs/msg/hbm_msg1080_p.hpp
[4.798s] -- Up-to-date: /cc_ws/tros_ws/install/include/hbm_img_msgs/hbm_img_msgs/msg/detail
[4.798s] -- Up-to-date: /cc_ws/tros_ws/install/include/hbm_img_msgs/hbm_img_msgs/msg/detail/hbm_msg480_p__traits.hpp
[4.798s] -- Up-to-date: /cc_ws/tros_ws/install/include/hbm_img_msgs/hbm_img_msgs/msg/detail/hbm_msg480_p__struct.hpp
[4.798s] -- Up-to-date: /cc_ws/tros_ws/install/include/hbm_img_msgs/hbm_img_msgs/msg/detail/hbm_h26_x_frame__struct.hpp
[4.798s] -- Up-to-date: /cc_ws/tros_ws/install/include/hbm_img_msgs/hbm_img_msgs/msg/detail/hbm_h26_x_frame__builder.hpp
[4.799s] -- Up-to-date: /cc_ws/tros_ws/install/include/hbm_img_msgs/hbm_img_msgs/msg/detail/hbm_msg1080_p__traits.hpp
[4.799s] -- Up-to-date: /cc_ws/tros_ws/install/include/hbm_img_msgs/hbm_img_msgs/msg/detail/hbm_msg540_p__traits.hpp
[4.799s] -- Up-to-date: /cc_ws/tros_ws/install/include/hbm_img_msgs/hbm_img_msgs/msg/detail/hbm_h26_x_frame__traits.hpp
[4.800s] -- Up-to-date: /cc_ws/tros_ws/install/include/hbm_img_msgs/hbm_img_msgs/msg/detail/hbm_msg1080_p__struct.hpp
[4.800s] -- Up-to-date: /cc_ws/tros_ws/install/include/hbm_img_msgs/hbm_img_msgs/msg/detail/hbm_msg1080_p__builder.hpp
[4.800s] -- Up-to-date: /cc_ws/tros_ws/install/include/hbm_img_msgs/hbm_img_msgs/msg/detail/hbm_msg480_p__builder.hpp
[4.800s] -- Up-to-date: /cc_ws/tros_ws/install/include/hbm_img_msgs/hbm_img_msgs/msg/detail/hbm_msg540_p__struct.hpp
[4.800s] -- Up-to-date: /cc_ws/tros_ws/install/include/hbm_img_msgs/hbm_img_msgs/msg/detail/hbm_msg540_p__builder.hpp
[4.800s] -- Up-to-date: /cc_ws/tros_ws/install/include/hbm_img_msgs/hbm_img_msgs/msg/hbm_h26_x_frame.hpp
[4.801s] -- Up-to-date: /cc_ws/tros_ws/install/include/hbm_img_msgs/hbm_img_msgs/msg/hbm_msg480_p.hpp
[4.801s] -- Up-to-date: /cc_ws/tros_ws/install/include/hbm_img_msgs/hbm_img_msgs
[4.801s] -- Up-to-date: /cc_ws/tros_ws/install/include/hbm_img_msgs/hbm_img_msgs/msg
[4.801s] -- Up-to-date: /cc_ws/tros_ws/install/include/hbm_img_msgs/hbm_img_msgs/msg/detail
[4.801s] -- Up-to-date: /cc_ws/tros_ws/install/include/hbm_img_msgs/hbm_img_msgs/msg/detail/hbm_msg480_p__rosidl_typesupport_fastrtps_cpp.hpp
[4.801s] -- Up-to-date: /cc_ws/tros_ws/install/include/hbm_img_msgs/hbm_img_msgs/msg/detail/hbm_msg1080_p__rosidl_typesupport_fastrtps_cpp.hpp
[4.801s] -- Up-to-date: /cc_ws/tros_ws/install/include/hbm_img_msgs/hbm_img_msgs/msg/detail/hbm_msg540_p__rosidl_typesupport_fastrtps_cpp.hpp
[4.802s] -- Up-to-date: /cc_ws/tros_ws/install/include/hbm_img_msgs/hbm_img_msgs/msg/detail/hbm_h26_x_frame__rosidl_typesupport_fastrtps_cpp.hpp
[4.802s] -- Up-to-date: /cc_ws/tros_ws/install/include/hbm_img_msgs/hbm_img_msgs/msg/detail/dds_fastrtps
[4.802s] -- Up-to-date: /cc_ws/tros_ws/install/include/hbm_img_msgs/hbm_img_msgs/msg/rosidl_typesupport_fastrtps_cpp__visibility_control.h
[4.802s] -- Up-to-date: /cc_ws/tros_ws/install/lib/libhbm_img_msgs__rosidl_typesupport_fastrtps_cpp.so
[4.802s] -- Up-to-date: /cc_ws/tros_ws/install/include/hbm_img_msgs/hbm_img_msgs
[4.802s] -- Up-to-date: /cc_ws/tros_ws/install/include/hbm_img_msgs/hbm_img_msgs/msg
[4.803s] -- Up-to-date: /cc_ws/tros_ws/install/include/hbm_img_msgs/hbm_img_msgs/msg/rosidl_typesupport_introspection_c__visibility_control.h
[4.803s] -- Up-to-date: /cc_ws/tros_ws/install/include/hbm_img_msgs/hbm_img_msgs/msg/detail
[4.803s] -- Up-to-date: /cc_ws/tros_ws/install/include/hbm_img_msgs/hbm_img_msgs/msg/detail/hbm_h26_x_frame__type_support.c
[4.803s] -- Up-to-date: /cc_ws/tros_ws/install/include/hbm_img_msgs/hbm_img_msgs/msg/detail/hbm_msg480_p__type_support.c
[4.803s] -- Up-to-date: /cc_ws/tros_ws/install/include/hbm_img_msgs/hbm_img_msgs/msg/detail/hbm_msg480_p__rosidl_typesupport_introspection_c.h
[4.803s] -- Up-to-date: /cc_ws/tros_ws/install/include/hbm_img_msgs/hbm_img_msgs/msg/detail/hbm_msg1080_p__type_support.c
[4.803s] -- Up-to-date: /cc_ws/tros_ws/install/include/hbm_img_msgs/hbm_img_msgs/msg/detail/hbm_msg540_p__type_support.c
[4.803s] -- Up-to-date: /cc_ws/tros_ws/install/include/hbm_img_msgs/hbm_img_msgs/msg/detail/hbm_msg1080_p__rosidl_typesupport_introspection_c.h
[4.803s] -- Up-to-date: /cc_ws/tros_ws/install/include/hbm_img_msgs/hbm_img_msgs/msg/detail/hbm_msg540_p__rosidl_typesupport_introspection_c.h
[4.804s] -- Up-to-date: /cc_ws/tros_ws/install/include/hbm_img_msgs/hbm_img_msgs/msg/detail/hbm_h26_x_frame__rosidl_typesupport_introspection_c.h
[4.804s] -- Up-to-date: /cc_ws/tros_ws/install/lib/libhbm_img_msgs__rosidl_typesupport_introspection_c.so
[4.804s] -- Up-to-date: /cc_ws/tros_ws/install/lib/libhbm_img_msgs__rosidl_typesupport_c.so
[4.804s] -- Up-to-date: /cc_ws/tros_ws/install/include/hbm_img_msgs/hbm_img_msgs
[4.804s] -- Up-to-date: /cc_ws/tros_ws/install/include/hbm_img_msgs/hbm_img_msgs/msg
[4.804s] -- Up-to-date: /cc_ws/tros_ws/install/include/hbm_img_msgs/hbm_img_msgs/msg/detail
[4.804s] -- Up-to-date: /cc_ws/tros_ws/install/include/hbm_img_msgs/hbm_img_msgs/msg/detail/hbm_msg540_p__rosidl_typesupport_introspection_cpp.hpp
[4.804s] -- Up-to-date: /cc_ws/tros_ws/install/include/hbm_img_msgs/hbm_img_msgs/msg/detail/hbm_msg1080_p__type_support.cpp
[4.805s] -- Up-to-date: /cc_ws/tros_ws/install/include/hbm_img_msgs/hbm_img_msgs/msg/detail/hbm_msg1080_p__rosidl_typesupport_introspection_cpp.hpp
[4.805s] -- Up-to-date: /cc_ws/tros_ws/install/include/hbm_img_msgs/hbm_img_msgs/msg/detail/hbm_h26_x_frame__type_support.cpp
[4.805s] -- Up-to-date: /cc_ws/tros_ws/install/include/hbm_img_msgs/hbm_img_msgs/msg/detail/hbm_msg540_p__type_support.cpp
[4.805s] -- Up-to-date: /cc_ws/tros_ws/install/include/hbm_img_msgs/hbm_img_msgs/msg/detail/hbm_msg480_p__type_support.cpp
[4.805s] -- Up-to-date: /cc_ws/tros_ws/install/include/hbm_img_msgs/hbm_img_msgs/msg/detail/hbm_h26_x_frame__rosidl_typesupport_introspection_cpp.hpp
[4.806s] -- Up-to-date: /cc_ws/tros_ws/install/include/hbm_img_msgs/hbm_img_msgs/msg/detail/hbm_msg480_p__rosidl_typesupport_introspection_cpp.hpp
[4.806s] -- Up-to-date: /cc_ws/tros_ws/install/lib/libhbm_img_msgs__rosidl_typesupport_introspection_cpp.so
[4.806s] -- Up-to-date: /cc_ws/tros_ws/install/lib/libhbm_img_msgs__rosidl_typesupport_cpp.so
[4.807s] -- Up-to-date: /cc_ws/tros_ws/install/share/hbm_img_msgs/environment/pythonpath.sh
[4.807s] -- Installing: /cc_ws/tros_ws/install/share/hbm_img_msgs/environment/pythonpath.dsv
[4.808s] -- Up-to-date: /cc_ws/tros_ws/install/local/lib/python3.10/dist-packages/hbm_img_msgs-2.0.0-py3.10.egg-info
[4.808s] -- Installing: /cc_ws/tros_ws/install/local/lib/python3.10/dist-packages/hbm_img_msgs-2.0.0-py3.10.egg-info/SOURCES.txt
[4.808s] -- Installing: /cc_ws/tros_ws/install/local/lib/python3.10/dist-packages/hbm_img_msgs-2.0.0-py3.10.egg-info/PKG-INFO
[4.808s] -- Installing: /cc_ws/tros_ws/install/local/lib/python3.10/dist-packages/hbm_img_msgs-2.0.0-py3.10.egg-info/dependency_links.txt
[4.808s] -- Installing: /cc_ws/tros_ws/install/local/lib/python3.10/dist-packages/hbm_img_msgs-2.0.0-py3.10.egg-info/top_level.txt
[4.808s] -- Up-to-date: /cc_ws/tros_ws/install/local/lib/python3.10/dist-packages/hbm_img_msgs
[4.809s] -- Up-to-date: /cc_ws/tros_ws/install/local/lib/python3.10/dist-packages/hbm_img_msgs/hbm_img_msgs_s__rosidl_typesupport_c.cpython-310-aarch64-linux-gnu.so
[4.813s] -- Up-to-date: /cc_ws/tros_ws/install/local/lib/python3.10/dist-packages/hbm_img_msgs/_hbm_img_msgs_s.ep.rosidl_typesupport_introspection_c.c
[4.813s] -- Up-to-date: /cc_ws/tros_ws/install/local/lib/python3.10/dist-packages/hbm_img_msgs/msg
[4.813s] -- Up-to-date: /cc_ws/tros_ws/install/local/lib/python3.10/dist-packages/hbm_img_msgs/msg/_hbm_msg480_p_s.c
[4.813s] -- Up-to-date: /cc_ws/tros_ws/install/local/lib/python3.10/dist-packages/hbm_img_msgs/msg/_hbm_msg1080_p.py
[4.814s] -- Up-to-date: /cc_ws/tros_ws/install/local/lib/python3.10/dist-packages/hbm_img_msgs/msg/_hbm_msg540_p.py
[4.814s] -- Up-to-date: /cc_ws/tros_ws/install/local/lib/python3.10/dist-packages/hbm_img_msgs/msg/_hbm_msg480_p.py
[4.814s] -- Up-to-date: /cc_ws/tros_ws/install/local/lib/python3.10/dist-packages/hbm_img_msgs/msg/__init__.py
[4.814s] -- Up-to-date: /cc_ws/tros_ws/install/local/lib/python3.10/dist-packages/hbm_img_msgs/msg/_hbm_h26_x_frame.py
[4.814s] -- Up-to-date: /cc_ws/tros_ws/install/local/lib/python3.10/dist-packages/hbm_img_msgs/msg/_hbm_h26_x_frame_s.c
[4.814s] -- Up-to-date: /cc_ws/tros_ws/install/local/lib/python3.10/dist-packages/hbm_img_msgs/msg/_hbm_msg1080_p_s.c
[4.815s] -- Up-to-date: /cc_ws/tros_ws/install/local/lib/python3.10/dist-packages/hbm_img_msgs/msg/_hbm_msg540_p_s.c
[4.815s] -- Up-to-date: /cc_ws/tros_ws/install/local/lib/python3.10/dist-packages/hbm_img_msgs/hbm_img_msgs_s__rosidl_typesupport_introspection_c.cpython-310-aarch64-linux-gnu.so
[4.815s] -- Installing: /cc_ws/tros_ws/install/local/lib/python3.10/dist-packages/hbm_img_msgs/__init__.py
[4.815s] -- Up-to-date: /cc_ws/tros_ws/install/local/lib/python3.10/dist-packages/hbm_img_msgs/hbm_img_msgs_s__rosidl_typesupport_fastrtps_c.cpython-310-aarch64-linux-gnu.so
[4.815s] -- Up-to-date: /cc_ws/tros_ws/install/local/lib/python3.10/dist-packages/hbm_img_msgs/_hbm_img_msgs_s.ep.rosidl_typesupport_c.c
[4.815s] -- Up-to-date: /cc_ws/tros_ws/install/local/lib/python3.10/dist-packages/hbm_img_msgs/_hbm_img_msgs_s.ep.rosidl_typesupport_fastrtps_c.c
[4.815s] -- Up-to-date: /cc_ws/tros_ws/install/local/lib/python3.10/dist-packages/hbm_img_msgs/libhbm_img_msgs__rosidl_generator_py.so
[4.859s] Listing '/cc_ws/tros_ws/install/local/lib/python3.10/dist-packages/hbm_img_msgs'...
[4.859s] Compiling '/cc_ws/tros_ws/install/local/lib/python3.10/dist-packages/hbm_img_msgs/__init__.py'...
[4.859s] Listing '/cc_ws/tros_ws/install/local/lib/python3.10/dist-packages/hbm_img_msgs/msg'...
[4.869s] -- Up-to-date: /cc_ws/tros_ws/install/local/lib/python3.10/dist-packages/hbm_img_msgs/hbm_img_msgs_s__rosidl_typesupport_fastrtps_c.cpython-310-aarch64-linux-gnu.so
[4.869s] -- Up-to-date: /cc_ws/tros_ws/install/local/lib/python3.10/dist-packages/hbm_img_msgs/hbm_img_msgs_s__rosidl_typesupport_introspection_c.cpython-310-aarch64-linux-gnu.so
[4.869s] -- Up-to-date: /cc_ws/tros_ws/install/local/lib/python3.10/dist-packages/hbm_img_msgs/hbm_img_msgs_s__rosidl_typesupport_c.cpython-310-aarch64-linux-gnu.so
[4.870s] -- Up-to-date: /cc_ws/tros_ws/install/lib/libhbm_img_msgs__rosidl_generator_py.so
[4.871s] -- Up-to-date: /cc_ws/tros_ws/install/share/hbm_img_msgs/msg/HbmMsg1080P.idl
[4.871s] -- Up-to-date: /cc_ws/tros_ws/install/share/hbm_img_msgs/msg/HbmH26XFrame.idl
[4.871s] -- Up-to-date: /cc_ws/tros_ws/install/share/hbm_img_msgs/msg/HbmMsg540P.idl
[4.871s] -- Up-to-date: /cc_ws/tros_ws/install/share/hbm_img_msgs/msg/HbmMsg480P.idl
[4.871s] -- Up-to-date: /cc_ws/tros_ws/install/share/hbm_img_msgs/msg/HbmMsg1080P.msg
[4.871s] -- Up-to-date: /cc_ws/tros_ws/install/share/hbm_img_msgs/msg/HbmH26XFrame.msg
[4.878s] -- Up-to-date: /cc_ws/tros_ws/install/share/hbm_img_msgs/msg/HbmMsg540P.msg
[4.878s] -- Up-to-date: /cc_ws/tros_ws/install/share/hbm_img_msgs/msg/HbmMsg480P.msg
[4.878s] -- Up-to-date: /cc_ws/tros_ws/install/share/ament_index/resource_index/package_run_dependencies/hbm_img_msgs
[4.878s] -- Up-to-date: /cc_ws/tros_ws/install/share/ament_index/resource_index/parent_prefix_path/hbm_img_msgs
[4.878s] -- Up-to-date: /cc_ws/tros_ws/install/share/hbm_img_msgs/environment/ament_prefix_path.sh
[4.878s] -- Installing: /cc_ws/tros_ws/install/share/hbm_img_msgs/environment/ament_prefix_path.dsv
[4.879s] -- Up-to-date: /cc_ws/tros_ws/install/share/hbm_img_msgs/environment/path.sh
[4.879s] -- Installing: /cc_ws/tros_ws/install/share/hbm_img_msgs/environment/path.dsv
[4.879s] -- Up-to-date: /cc_ws/tros_ws/install/share/hbm_img_msgs/local_setup.bash
[4.879s] -- Up-to-date: /cc_ws/tros_ws/install/share/hbm_img_msgs/local_setup.sh
[4.879s] -- Up-to-date: /cc_ws/tros_ws/install/share/hbm_img_msgs/local_setup.zsh
[4.880s] -- Installing: /cc_ws/tros_ws/install/share/hbm_img_msgs/local_setup.dsv
[4.880s] -- Installing: /cc_ws/tros_ws/install/share/hbm_img_msgs/package.dsv
[4.880s] -- Up-to-date: /cc_ws/tros_ws/install/share/ament_index/resource_index/packages/hbm_img_msgs
[4.880s] -- Up-to-date: /cc_ws/tros_ws/install/share/hbm_img_msgs/cmake/export_hbm_img_msgs__rosidl_generator_cExport.cmake
[4.880s] -- Up-to-date: /cc_ws/tros_ws/install/share/hbm_img_msgs/cmake/export_hbm_img_msgs__rosidl_generator_cExport-noconfig.cmake
[4.880s] -- Up-to-date: /cc_ws/tros_ws/install/share/hbm_img_msgs/cmake/export_hbm_img_msgs__rosidl_typesupport_fastrtps_cExport.cmake
[4.880s] -- Up-to-date: /cc_ws/tros_ws/install/share/hbm_img_msgs/cmake/export_hbm_img_msgs__rosidl_typesupport_fastrtps_cExport-noconfig.cmake
[4.880s] -- Up-to-date: /cc_ws/tros_ws/install/share/hbm_img_msgs/cmake/export_hbm_img_msgs__rosidl_generator_cppExport.cmake
[4.881s] -- Up-to-date: /cc_ws/tros_ws/install/share/hbm_img_msgs/cmake/export_hbm_img_msgs__rosidl_typesupport_fastrtps_cppExport.cmake
[4.881s] -- Up-to-date: /cc_ws/tros_ws/install/share/hbm_img_msgs/cmake/export_hbm_img_msgs__rosidl_typesupport_fastrtps_cppExport-noconfig.cmake
[4.881s] -- Up-to-date: /cc_ws/tros_ws/install/share/hbm_img_msgs/cmake/hbm_img_msgs__rosidl_typesupport_introspection_cExport.cmake
[4.881s] -- Up-to-date: /cc_ws/tros_ws/install/share/hbm_img_msgs/cmake/hbm_img_msgs__rosidl_typesupport_introspection_cExport-noconfig.cmake
[4.884s] -- Up-to-date: /cc_ws/tros_ws/install/share/hbm_img_msgs/cmake/hbm_img_msgs__rosidl_typesupport_cExport.cmake
[4.884s] -- Up-to-date: /cc_ws/tros_ws/install/share/hbm_img_msgs/cmake/hbm_img_msgs__rosidl_typesupport_cExport-noconfig.cmake
[4.884s] -- Up-to-date: /cc_ws/tros_ws/install/share/hbm_img_msgs/cmake/hbm_img_msgs__rosidl_typesupport_introspection_cppExport.cmake
[4.884s] -- Up-to-date: /cc_ws/tros_ws/install/share/hbm_img_msgs/cmake/hbm_img_msgs__rosidl_typesupport_introspection_cppExport-noconfig.cmake
[4.884s] -- Up-to-date: /cc_ws/tros_ws/install/share/hbm_img_msgs/cmake/hbm_img_msgs__rosidl_typesupport_cppExport.cmake
[4.884s] -- Up-to-date: /cc_ws/tros_ws/install/share/hbm_img_msgs/cmake/hbm_img_msgs__rosidl_typesupport_cppExport-noconfig.cmake
[4.884s] -- Up-to-date: /cc_ws/tros_ws/install/share/hbm_img_msgs/cmake/export_hbm_img_msgs__rosidl_generator_pyExport.cmake
[4.885s] -- Up-to-date: /cc_ws/tros_ws/install/share/hbm_img_msgs/cmake/export_hbm_img_msgs__rosidl_generator_pyExport-noconfig.cmake
[4.886s] -- Up-to-date: /cc_ws/tros_ws/install/share/hbm_img_msgs/cmake/rosidl_cmake-extras.cmake
[4.886s] -- Up-to-date: /cc_ws/tros_ws/install/share/hbm_img_msgs/cmake/ament_cmake_export_dependencies-extras.cmake
[4.886s] -- Up-to-date: /cc_ws/tros_ws/install/share/hbm_img_msgs/cmake/ament_cmake_export_include_directories-extras.cmake
[4.886s] -- Up-to-date: /cc_ws/tros_ws/install/share/hbm_img_msgs/cmake/ament_cmake_export_libraries-extras.cmake
[4.886s] -- Up-to-date: /cc_ws/tros_ws/install/share/hbm_img_msgs/cmake/ament_cmake_export_targets-extras.cmake
[4.886s] -- Up-to-date: /cc_ws/tros_ws/install/share/hbm_img_msgs/cmake/rosidl_cmake_export_typesupport_targets-extras.cmake
[4.886s] -- Up-to-date: /cc_ws/tros_ws/install/share/hbm_img_msgs/cmake/rosidl_cmake_export_typesupport_libraries-extras.cmake
[4.887s] -- Up-to-date: /cc_ws/tros_ws/install/share/hbm_img_msgs/cmake/hbm_img_msgsConfig.cmake
[4.887s] -- Up-to-date: /cc_ws/tros_ws/install/share/hbm_img_msgs/cmake/hbm_img_msgsConfig-version.cmake
[4.887s] -- Up-to-date: /cc_ws/tros_ws/install/share/hbm_img_msgs/package.xml
[4.929s] Invoked command in '/cc_ws/tros_ws/build/hbm_img_msgs' returned '0': CMAKE_PREFIX_PATH=/opt/ros/humble /usr/bin/cmake --install /cc_ws/tros_ws/build/hbm_img_msgs
