[0.045s] Invoking command in '/cc_ws/tros_ws/build/recorder_node': CMAKE_PREFIX_PATH=/opt/ros/humble /usr/bin/cmake /cc_ws/tros_ws/src/box/hobot_trigger/recorder_node -DCMAKE_EXPORT_COMPILE_COMMANDS=ON --no-warn-unused-cli -DCMAKE_TOOLCHAIN_FILE=/cc_ws/tros_ws/robot_dev_config/aarch64_toolchainfile.cmake -DPLATFORM_X5=ON -DTHIRDPARTY=ON -DBUILD_TESTING=OFF -DCMAKE_BUILD_RPATH=/cc_ws/tros_ws/build/poco_vendor/poco_external_project_install/lib/;/cc_ws/tros_ws/build/libyaml_vendor/libyaml_install/lib/ -DCMAKE_INSTALL_PREFIX=/cc_ws/tros_ws/install
[0.542s] Not searching for unused variables given on the command line.
[0.542s] -- Found ament_cmake: 1.3.8 (/opt/ros/humble/share/ament_cmake/cmake)
[0.542s] -- Found rclcpp: 16.0.8 (/opt/ros/humble/share/rclcpp/cmake)
[0.542s] -- Found rosidl_generator_c: 3.1.5 (/opt/ros/humble/share/rosidl_generator_c/cmake)
[0.542s] -- Found rosidl_adapter: 3.1.5 (/opt/ros/humble/share/rosidl_adapter/cmake)
[0.542s] -- Found rosidl_generator_cpp: 3.1.5 (/opt/ros/humble/share/rosidl_generator_cpp/cmake)
[0.542s] -- Using all available rosidl_typesupport_c: rosidl_typesupport_fastrtps_c;rosidl_typesupport_introspection_c
[0.542s] -- Using all available rosidl_typesupport_cpp: rosidl_typesupport_fastrtps_cpp;rosidl_typesupport_introspection_cpp
[0.550s] [33mCMake Warning (dev) at /opt/ros/humble/share/ament_cmake_test/cmake/ament_cmake_test-extras.cmake:19 (option):
[0.550s]   Policy CMP0077 is not set: option() honors normal variables.  Run "cmake
[0.550s]   --help-policy CMP0077" for policy details.  Use the cmake_policy command to
[0.550s]   set the policy and suppress this warning.
[0.550s] 
[0.551s]   For compatibility with older versions of CMake, option is clearing the
[0.551s]   normal variable 'BUILD_TESTING'.
[0.551s] Call Stack (most recent call first):
[0.551s]   /opt/ros/humble/share/ament_cmake_test/cmake/ament_cmake_testConfig.cmake:41 (include)
[0.551s]   /opt/ros/humble/share/ament_cmake/cmake/ament_cmake_export_dependencies-extras.cmake:21 (find_package)
[0.551s]   /opt/ros/humble/share/ament_cmake/cmake/ament_cmakeConfig.cmake:41 (include)
[0.551s]   CMakeLists.txt:19 (find_package)
[0.551s] This warning is for project developers.  Use -Wno-dev to suppress it.
[0.551s] [0m
[0.623s] -- Found rmw_implementation_cmake: 6.1.1 (/opt/ros/humble/share/rmw_implementation_cmake/cmake)
[0.628s] -- Found rmw_fastrtps_cpp: 6.2.6 (/opt/ros/humble/share/rmw_fastrtps_cpp/cmake)
[0.896s] -- Using RMW implementation 'rmw_fastrtps_cpp' as default
[1.235s] -- Found rosbag2_cpp: 0.15.9 (/opt/ros/humble/share/rosbag2_cpp/cmake)
[1.502s] -- Configuring done
[1.533s] -- Generating done
[1.536s] -- Build files have been written to: /cc_ws/tros_ws/build/recorder_node
[1.551s] Invoked command in '/cc_ws/tros_ws/build/recorder_node' returned '0': CMAKE_PREFIX_PATH=/opt/ros/humble /usr/bin/cmake /cc_ws/tros_ws/src/box/hobot_trigger/recorder_node -DCMAKE_EXPORT_COMPILE_COMMANDS=ON --no-warn-unused-cli -DCMAKE_TOOLCHAIN_FILE=/cc_ws/tros_ws/robot_dev_config/aarch64_toolchainfile.cmake -DPLATFORM_X5=ON -DTHIRDPARTY=ON -DBUILD_TESTING=OFF -DCMAKE_BUILD_RPATH=/cc_ws/tros_ws/build/poco_vendor/poco_external_project_install/lib/;/cc_ws/tros_ws/build/libyaml_vendor/libyaml_install/lib/ -DCMAKE_INSTALL_PREFIX=/cc_ws/tros_ws/install
[1.551s] Invoking command in '/cc_ws/tros_ws/build/recorder_node': CMAKE_PREFIX_PATH=/opt/ros/humble /usr/bin/cmake --build /cc_ws/tros_ws/build/recorder_node -- -j12 -l12
[1.643s] [35m[1mConsolidate compiler generated dependencies of target recorder_node[0m
[1.679s] [100%] Built target recorder_node
[1.698s] Invoked command in '/cc_ws/tros_ws/build/recorder_node' returned '0': CMAKE_PREFIX_PATH=/opt/ros/humble /usr/bin/cmake --build /cc_ws/tros_ws/build/recorder_node -- -j12 -l12
[1.747s] Invoking command in '/cc_ws/tros_ws/build/recorder_node': CMAKE_PREFIX_PATH=/opt/ros/humble /usr/bin/cmake --install /cc_ws/tros_ws/build/recorder_node
[1.806s] -- Install configuration: ""
[1.806s] -- Up-to-date: /cc_ws/tros_ws/install/lib/recorder_node/recorder_node
[1.806s] -- Up-to-date: /cc_ws/tros_ws/install/share/recorder_node/launch
[1.806s] -- Up-to-date: /cc_ws/tros_ws/install/share/recorder_node/launch/hobot_recorder.launch.py
[1.806s] -- Up-to-date: /cc_ws/tros_ws/install/share/ament_index/resource_index/package_run_dependencies/recorder_node
[1.806s] -- Up-to-date: /cc_ws/tros_ws/install/share/ament_index/resource_index/parent_prefix_path/recorder_node
[1.807s] -- Up-to-date: /cc_ws/tros_ws/install/share/recorder_node/environment/ament_prefix_path.sh
[1.807s] -- Installing: /cc_ws/tros_ws/install/share/recorder_node/environment/ament_prefix_path.dsv
[1.807s] -- Up-to-date: /cc_ws/tros_ws/install/share/recorder_node/environment/path.sh
[1.807s] -- Installing: /cc_ws/tros_ws/install/share/recorder_node/environment/path.dsv
[1.807s] -- Up-to-date: /cc_ws/tros_ws/install/share/recorder_node/local_setup.bash
[1.807s] -- Up-to-date: /cc_ws/tros_ws/install/share/recorder_node/local_setup.sh
[1.807s] -- Up-to-date: /cc_ws/tros_ws/install/share/recorder_node/local_setup.zsh
[1.807s] -- Installing: /cc_ws/tros_ws/install/share/recorder_node/local_setup.dsv
[1.808s] -- Installing: /cc_ws/tros_ws/install/share/recorder_node/package.dsv
[1.808s] -- Up-to-date: /cc_ws/tros_ws/install/share/ament_index/resource_index/packages/recorder_node
[1.808s] -- Up-to-date: /cc_ws/tros_ws/install/share/recorder_node/cmake/recorder_nodeConfig.cmake
[1.808s] -- Up-to-date: /cc_ws/tros_ws/install/share/recorder_node/cmake/recorder_nodeConfig-version.cmake
[1.808s] -- Up-to-date: /cc_ws/tros_ws/install/share/recorder_node/package.xml
[1.889s] Invoked command in '/cc_ws/tros_ws/build/recorder_node' returned '0': CMAKE_PREFIX_PATH=/opt/ros/humble /usr/bin/cmake --install /cc_ws/tros_ws/build/recorder_node
