[0m=> build platform X5[0m
[33mCMake Warning (dev) at /opt/ros/humble/share/ament_cmake_test/cmake/ament_cmake_test-extras.cmake:19 (option):
  Policy CMP0077 is not set: option() honors normal variables.  Run "cmake
  --help-policy CMP0077" for policy details.  Use the cmake_policy command to
  set the policy and suppress this warning.

  For compatibility with older versions of CMake, option is clearing the
  normal variable 'BUILD_TESTING'.
Call Stack (most recent call first):
  /opt/ros/humble/share/ament_cmake_test/cmake/ament_cmake_testConfig.cmake:41 (include)
  /opt/ros/humble/share/ament_cmake/cmake/ament_cmake_export_dependencies-extras.cmake:21 (find_package)
  /opt/ros/humble/share/ament_cmake/cmake/ament_cmakeConfig.cmake:41 (include)
  CMakeLists.txt:50 (find_package)
This warning is for project developers.  Use -Wno-dev to suppress it.
[0m
[0mSYS_ROOT is /cc_ws/tros_ws/robot_dev_config/../../sysroot_docker[0m
In file included from [01m[K/cc_ws/tros_ws/src/box/hobot_perception/dstereo_occnet/include/dstereo_occnet/dstereo_occnet_infer.h:14[m[K,
                 from [01m[K/cc_ws/tros_ws/src/box/hobot_perception/dstereo_occnet/include/dstereo_occnet/dstereo_occnet_node.h:9[m[K,
                 from [01m[K/cc_ws/tros_ws/src/box/hobot_perception/dstereo_occnet/src/dstereo_occnet_node.cpp:1[m[K:
[01m[K/cc_ws/tros_ws/src/box/hobot_perception/dstereo_occnet/include/dstereo_occnet/dnn_platform.h:96:13:[m[K [01;35m[Kwarning: [m[K‘[01m[Kvoid hbGetInputTensorHW(const hbDNNTensorProperties&, int32_t&, int32_t&)[m[K’ defined but not used [[01;35m[K-Wunused-function[m[K]
   96 | static void [01;35m[KhbGetInputTensorHW[m[K(const hbDNNTensorProperties &properties, int32_t &height, int32_t &width) {
      |             [01;35m[K^~~~~~~~~~~~~~~~~~[m[K
[01m[K/cc_ws/tros_ws/src/box/hobot_perception/dstereo_occnet/src/img_convert_utils.cpp:[m[K In static member function ‘[01m[Kstatic void ImgConvertUtils::nv12_to_bgr24_neon(uint8_t*, uint8_t*, int, int)[m[K’:
[01m[K/cc_ws/tros_ws/src/box/hobot_perception/dstereo_occnet/src/img_convert_utils.cpp:10:13:[m[K [01;35m[Kwarning: [m[Kunused variable ‘[01m[K_vu64[m[K’ [[01;35m[K-Wunused-variable[m[K]
   10 |   uint8x8_t [01;35m[K_vu64[m[K = vdup_n_u8(64);
      |             [01;35m[K^~~~~[m[K
[01m[K/cc_ws/tros_ws/src/box/hobot_perception/dstereo_occnet/src/img_convert_utils.cpp:[m[K In static member function ‘[01m[Kstatic void ImgConvertUtils::bgr24_to_nv12_neon(uint8_t*, uint8_t*, int, int)[m[K’:
[01m[K/cc_ws/tros_ws/src/box/hobot_perception/dstereo_occnet/src/img_convert_utils.cpp:73:42:[m[K [01;35m[Kwarning: [m[Koverflow in conversion from ‘[01m[Kint[m[K’ to ‘[01m[Kint8_t[m[K’ {aka ‘[01m[Ksigned char[m[K’} changes value from ‘[01m[K128[m[K’ to ‘[01m[K-128[m[K’ [[01;35m[K-Woverflow[m[K]
   73 |   const int8x8_t s8_rounding = vdup_n_s8([01;35m[K128[m[K);
      |                                          [01;35m[K^~~[m[K
