Not searching for unused variables given on the command line.
-- The C compiler identification is GNU 11.4.0
-- The CXX compiler identification is GNU 11.4.0
-- Detecting C compiler ABI info
-- Detecting C compiler ABI info - done
-- Check for working C compiler: /usr/bin/aarch64-linux-gnu-gcc - skipped
-- Detecting C compile features
-- Detecting C compile features - done
-- Detecting CXX compiler ABI info
-- Detecting CXX compiler ABI info - done
-- Check for working CXX compiler: /usr/bin/aarch64-linux-gnu-g++ - skipped
-- Detecting CXX compile features
-- Detecting CXX compile features - done
-- Found ament_cmake: 1.3.8 (/opt/ros/humble/share/ament_cmake/cmake)
-- Found Python3: /usr/bin/python3 (found version "3.10.12") found components: Interpreter 
-- Found OpenCV: /cc_ws/sysroot_docker/usr_x5 (found version "4.5.4") 
-- Found rclcpp: 16.0.8 (/opt/ros/humble/share/rclcpp/cmake)
-- Found rosidl_generator_c: 3.1.5 (/opt/ros/humble/share/rosidl_generator_c/cmake)
-- Found rosidl_adapter: 3.1.5 (/opt/ros/humble/share/rosidl_adapter/cmake)
-- Found rosidl_generator_cpp: 3.1.5 (/opt/ros/humble/share/rosidl_generator_cpp/cmake)
-- Using all available rosidl_typesupport_c: rosidl_typesupport_fastrtps_c;rosidl_typesupport_introspection_c
-- Using all available rosidl_typesupport_cpp: rosidl_typesupport_fastrtps_cpp;rosidl_typesupport_introspection_cpp
-- Found rmw_implementation_cmake: 6.1.1 (/opt/ros/humble/share/rmw_implementation_cmake/cmake)
-- Found rmw_fastrtps_cpp: 6.2.6 (/opt/ros/humble/share/rmw_fastrtps_cpp/cmake)
-- Found OpenSSL: /cc_ws/tros_ws/robot_dev_config/../../sysroot_docker/usr/lib/aarch64-linux-gnu/libcrypto.so (found version "3.0.2")  
-- Found FastRTPS: /opt/ros/humble/include  
-- Using RMW implementation 'rmw_fastrtps_cpp' as default
-- Looking for pthread.h
-- Looking for pthread.h - found
-- Performing Test CMAKE_HAVE_LIBC_PTHREAD
-- Performing Test CMAKE_HAVE_LIBC_PTHREAD - Success
-- Found Threads: TRUE  
-- Found sensor_msgs: 4.2.3 (/opt/ros/humble/share/sensor_msgs/cmake)
-- Found rclcpp_components: 16.0.8 (/opt/ros/humble/share/rclcpp_components/cmake)
-- Configuring done
-- Generating done
-- Build files have been written to: /cc_ws/tros_ws/build/dstereo_occnet
[  9%] [32mBuilding CXX object CMakeFiles/dstereo_occnet_component.dir/src/dstereo_occnet_node.cpp.o[0m
[ 18%] [32mBuilding CXX object CMakeFiles/dstereo_occnet_component.dir/src/file_utils.cpp.o[0m
[ 27%] [32mBuilding CXX object CMakeFiles/dstereo_occnet_component.dir/src/thread_pool.cpp.o[0m
[ 36%] [32mBuilding CXX object CMakeFiles/dstereo_occnet_component.dir/src/timer_utils.cpp.o[0m
[ 45%] [32mBuilding CXX object CMakeFiles/dstereo_occnet_component.dir/src/pc_utils.cpp.o[0m
[ 54%] [32mBuilding CXX object CMakeFiles/dstereo_occnet_component.dir/src/img_convert_utils.cpp.o[0m
[ 63%] [32mBuilding CXX object CMakeFiles/dstereo_occnet_component.dir/src/bpu_utils.cpp.o[0m
[ 72%] [32mBuilding CXX object CMakeFiles/dstereo_occnet_component.dir/src/dstereo_occnet_infer.cpp.o[0m
[ 81%] [32m[1mLinking CXX shared library libdstereo_occnet_component.so[0m
[ 81%] Built target dstereo_occnet_component
[ 90%] [32mBuilding CXX object CMakeFiles/dstereo_occnet_node.dir/rclcpp_components/node_main_dstereo_occnet_node.cpp.o[0m
[100%] [32m[1mLinking CXX executable dstereo_occnet_node[0m
[100%] Built target dstereo_occnet_node
-- Install configuration: "Release"
-- Installing: /cc_ws/tros_ws/install/lib/dstereo_occnet/dstereo_occnet_node
-- Set runtime path of "/cc_ws/tros_ws/install/lib/dstereo_occnet/dstereo_occnet_node" to ""
-- Installing: /cc_ws/tros_ws/install/lib/libdstereo_occnet_component.so
-- Set runtime path of "/cc_ws/tros_ws/install/lib/libdstereo_occnet_component.so" to ""
-- Up-to-date: /cc_ws/tros_ws/install/lib/dstereo_occnet/dstereo_occnet_node
-- Installing: /cc_ws/tros_ws/install/share/dstereo_occnet/launch/dstereo_occnet_node.launch.py
-- Installing: /cc_ws/tros_ws/install/share/dstereo_occnet/launch/offline_infer_web_visual.launch.py
-- Installing: /cc_ws/tros_ws/install/share/dstereo_occnet/launch/zed2i_occ_node.launch.py
-- Installing: /cc_ws/tros_ws/install/share/dstereo_occnet/config
-- Installing: /cc_ws/tros_ws/install/share/dstereo_occnet/config/946694496_313445510_right.png
-- Installing: /cc_ws/tros_ws/install/share/dstereo_occnet/config/S100-OCC-32x64x96.hbm
-- Installing: /cc_ws/tros_ws/install/share/dstereo_occnet/config/946694496_313445510_occgrid.txt
-- Installing: /cc_ws/tros_ws/install/share/dstereo_occnet/config/X5-OCC-32x64x96x2_constinput_modified.bin
-- Installing: /cc_ws/tros_ws/install/share/dstereo_occnet/config/946694496_313445510_left.png
-- Installing: /cc_ws/tros_ws/install/share/ament_index/resource_index/package_run_dependencies/dstereo_occnet
-- Installing: /cc_ws/tros_ws/install/share/ament_index/resource_index/parent_prefix_path/dstereo_occnet
-- Installing: /cc_ws/tros_ws/install/share/dstereo_occnet/environment/ament_prefix_path.sh
-- Installing: /cc_ws/tros_ws/install/share/dstereo_occnet/environment/ament_prefix_path.dsv
-- Installing: /cc_ws/tros_ws/install/share/dstereo_occnet/environment/path.sh
-- Installing: /cc_ws/tros_ws/install/share/dstereo_occnet/environment/path.dsv
-- Installing: /cc_ws/tros_ws/install/share/dstereo_occnet/local_setup.bash
-- Installing: /cc_ws/tros_ws/install/share/dstereo_occnet/local_setup.sh
-- Installing: /cc_ws/tros_ws/install/share/dstereo_occnet/local_setup.zsh
-- Installing: /cc_ws/tros_ws/install/share/dstereo_occnet/local_setup.dsv
-- Installing: /cc_ws/tros_ws/install/share/dstereo_occnet/package.dsv
-- Installing: /cc_ws/tros_ws/install/share/ament_index/resource_index/packages/dstereo_occnet
-- Installing: /cc_ws/tros_ws/install/share/ament_index/resource_index/rclcpp_components/dstereo_occnet
-- Installing: /cc_ws/tros_ws/install/share/dstereo_occnet/cmake/dstereo_occnetConfig.cmake
-- Installing: /cc_ws/tros_ws/install/share/dstereo_occnet/cmake/dstereo_occnetConfig-version.cmake
-- Installing: /cc_ws/tros_ws/install/share/dstereo_occnet/package.xml
